[2021-10-14 13:49:15,666] {taskinstance.py:1035} INFO - Dependencies all met for <TaskInstance: tutorial_etl_dag.load manual__2021-10-14T13:49:11.713323+00:00 [queued]>
[2021-10-14 13:49:15,683] {taskinstance.py:1035} INFO - Dependencies all met for <TaskInstance: tutorial_etl_dag.load manual__2021-10-14T13:49:11.713323+00:00 [queued]>
[2021-10-14 13:49:15,684] {taskinstance.py:1241} INFO - 
--------------------------------------------------------------------------------
[2021-10-14 13:49:15,685] {taskinstance.py:1242} INFO - Starting attempt 1 of 1
[2021-10-14 13:49:15,686] {taskinstance.py:1243} INFO - 
--------------------------------------------------------------------------------
[2021-10-14 13:49:15,707] {taskinstance.py:1262} INFO - Executing <Task(PythonOperator): load> on 2021-10-14 13:49:11.713323+00:00
[2021-10-14 13:49:15,718] {standard_task_runner.py:76} INFO - Running: ['***', 'tasks', 'run', 'tutorial_etl_dag', 'load', 'manual__2021-10-14T13:49:11.713323+00:00', '--job-id', '13', '--raw', '--subdir', '/home/***/.local/lib/python3.6/site-packages/***/example_dags/tutorial_etl_dag.py', '--cfg-path', '/tmp/tmpna_pr8yl', '--error-file', '/tmp/tmpigu35cmk']
[2021-10-14 13:49:15,720] {standard_task_runner.py:77} INFO - Job 13: Subtask load
[2021-10-14 13:49:15,713] {standard_task_runner.py:52} INFO - Started process 1048 to run task
[2021-10-14 13:49:15,772] {logging_mixin.py:109} INFO - Running <TaskInstance: tutorial_etl_dag.load manual__2021-10-14T13:49:11.713323+00:00 [running]> on host 522ccbfd6863
[2021-10-14 13:49:15,822] {taskinstance.py:1414} INFO - Exporting the following env vars:
AIRFLOW_CTX_DAG_OWNER=***
AIRFLOW_CTX_DAG_ID=tutorial_etl_dag
AIRFLOW_CTX_TASK_ID=load
AIRFLOW_CTX_EXECUTION_DATE=2021-10-14T13:49:11.713323+00:00
AIRFLOW_CTX_DAG_RUN_ID=manual__2021-10-14T13:49:11.713323+00:00
[2021-10-14 13:49:15,832] {logging_mixin.py:109} INFO - {'total_order_value': 1236.7}
[2021-10-14 13:49:15,834] {python.py:152} INFO - Done. Returned value was: None
[2021-10-14 13:49:15,848] {taskinstance.py:1280} INFO - Marking task as SUCCESS. dag_id=tutorial_etl_dag, task_id=load, execution_date=20211014T134911, start_date=20211014T134915, end_date=20211014T134915
[2021-10-14 13:49:15,903] {local_task_job.py:154} INFO - Task exited with return code 0
[2021-10-14 13:49:15,938] {local_task_job.py:264} INFO - 0 downstream tasks scheduled from follow-on schedule check
