[2021-10-14 14:15:49,095] {taskinstance.py:1035} INFO - Dependencies all met for <TaskInstance: example_trigger_target_dag.run_this manual__2021-10-14T14:14:36.926316+00:00 [queued]>
[2021-10-14 14:15:49,115] {taskinstance.py:1035} INFO - Dependencies all met for <TaskInstance: example_trigger_target_dag.run_this manual__2021-10-14T14:14:36.926316+00:00 [queued]>
[2021-10-14 14:15:49,117] {taskinstance.py:1241} INFO - 
--------------------------------------------------------------------------------
[2021-10-14 14:15:49,117] {taskinstance.py:1242} INFO - Starting attempt 1 of 1
[2021-10-14 14:15:49,118] {taskinstance.py:1243} INFO - 
--------------------------------------------------------------------------------
[2021-10-14 14:15:49,159] {taskinstance.py:1262} INFO - Executing <Task(PythonOperator): run_this> on 2021-10-14 14:14:36.962054+00:00
[2021-10-14 14:15:49,169] {standard_task_runner.py:52} INFO - Started process 998 to run task
[2021-10-14 14:15:49,181] {standard_task_runner.py:76} INFO - Running: ['***', 'tasks', 'run', 'example_trigger_target_dag', 'run_this', 'manual__2021-10-14T14:14:36.926316+00:00', '--job-id', '35', '--raw', '--subdir', '/home/***/.local/lib/python3.6/site-packages/***/example_dags/example_trigger_target_dag.py', '--cfg-path', '/tmp/tmpid9fg99d', '--error-file', '/tmp/tmpo6r_5qae']
[2021-10-14 14:15:49,184] {standard_task_runner.py:77} INFO - Job 35: Subtask run_this
[2021-10-14 14:15:49,323] {logging_mixin.py:109} INFO - Running <TaskInstance: example_trigger_target_dag.run_this manual__2021-10-14T14:14:36.926316+00:00 [running]> on host 522ccbfd6863
[2021-10-14 14:15:49,435] {taskinstance.py:1414} INFO - Exporting the following env vars:
AIRFLOW_CTX_DAG_OWNER=***
AIRFLOW_CTX_DAG_ID=example_trigger_target_dag
AIRFLOW_CTX_TASK_ID=run_this
AIRFLOW_CTX_EXECUTION_DATE=2021-10-14T14:14:36.962054+00:00
AIRFLOW_CTX_DAG_RUN_ID=manual__2021-10-14T14:14:36.926316+00:00
[2021-10-14 14:15:49,439] {logging_mixin.py:109} INFO - Remotely received value of Hello World for key=message
[2021-10-14 14:15:49,440] {python.py:152} INFO - Done. Returned value was: None
[2021-10-14 14:15:49,482] {taskinstance.py:1280} INFO - Marking task as SUCCESS. dag_id=example_trigger_target_dag, task_id=run_this, execution_date=20211014T141436, start_date=20211014T141549, end_date=20211014T141549
[2021-10-14 14:15:49,524] {local_task_job.py:154} INFO - Task exited with return code 0
[2021-10-14 14:15:49,596] {local_task_job.py:264} INFO - 0 downstream tasks scheduled from follow-on schedule check
