[2021-10-16 00:53:59,596] {processor.py:163} INFO - Started process (PID=81) to work on /home/airflow/.local/lib/python3.6/site-packages/airflow/example_dags/example_short_circuit_operator.py
[2021-10-16 00:53:59,608] {processor.py:620} INFO - Processing file /home/airflow/.local/lib/python3.6/site-packages/airflow/example_dags/example_short_circuit_operator.py for tasks to queue
[2021-10-16 00:53:59,612] {logging_mixin.py:109} INFO - [2021-10-16 00:53:59,611] {dagbag.py:500} INFO - Filling up the DagBag from /home/airflow/.local/lib/python3.6/site-packages/airflow/example_dags/example_short_circuit_operator.py
[2021-10-16 00:54:00,145] {processor.py:632} INFO - DAG(s) dict_keys(['example_short_circuit_operator']) retrieved from /home/airflow/.local/lib/python3.6/site-packages/airflow/example_dags/example_short_circuit_operator.py
[2021-10-16 00:54:00,232] {logging_mixin.py:109} INFO - [2021-10-16 00:54:00,232] {dag.py:2389} INFO - Sync 1 DAGs
[2021-10-16 00:54:00,390] {logging_mixin.py:109} INFO - [2021-10-16 00:54:00,390] {dag.py:2914} INFO - Setting next_dagrun for example_short_circuit_operator to 2021-10-15T00:54:00.389051+00:00
[2021-10-16 00:54:00,458] {processor.py:171} INFO - Processing /home/airflow/.local/lib/python3.6/site-packages/airflow/example_dags/example_short_circuit_operator.py took 0.874 seconds
[2021-10-16 00:54:30,753] {processor.py:163} INFO - Started process (PID=124) to work on /home/airflow/.local/lib/python3.6/site-packages/airflow/example_dags/example_short_circuit_operator.py
[2021-10-16 00:54:30,755] {processor.py:620} INFO - Processing file /home/airflow/.local/lib/python3.6/site-packages/airflow/example_dags/example_short_circuit_operator.py for tasks to queue
[2021-10-16 00:54:30,758] {logging_mixin.py:109} INFO - [2021-10-16 00:54:30,757] {dagbag.py:500} INFO - Filling up the DagBag from /home/airflow/.local/lib/python3.6/site-packages/airflow/example_dags/example_short_circuit_operator.py
[2021-10-16 00:54:30,828] {processor.py:632} INFO - DAG(s) dict_keys(['example_short_circuit_operator']) retrieved from /home/airflow/.local/lib/python3.6/site-packages/airflow/example_dags/example_short_circuit_operator.py
[2021-10-16 00:54:30,843] {logging_mixin.py:109} INFO - [2021-10-16 00:54:30,843] {dag.py:2389} INFO - Sync 1 DAGs
[2021-10-16 00:54:30,870] {logging_mixin.py:109} INFO - [2021-10-16 00:54:30,870] {dag.py:2914} INFO - Setting next_dagrun for example_short_circuit_operator to 2021-10-15T00:54:30.869699+00:00
[2021-10-16 00:54:30,918] {processor.py:171} INFO - Processing /home/airflow/.local/lib/python3.6/site-packages/airflow/example_dags/example_short_circuit_operator.py took 0.171 seconds
[2021-10-16 00:55:01,321] {processor.py:163} INFO - Started process (PID=177) to work on /home/airflow/.local/lib/python3.6/site-packages/airflow/example_dags/example_short_circuit_operator.py
[2021-10-16 00:55:01,330] {processor.py:620} INFO - Processing file /home/airflow/.local/lib/python3.6/site-packages/airflow/example_dags/example_short_circuit_operator.py for tasks to queue
[2021-10-16 00:55:01,334] {logging_mixin.py:109} INFO - [2021-10-16 00:55:01,333] {dagbag.py:500} INFO - Filling up the DagBag from /home/airflow/.local/lib/python3.6/site-packages/airflow/example_dags/example_short_circuit_operator.py
[2021-10-16 00:55:01,429] {processor.py:632} INFO - DAG(s) dict_keys(['example_short_circuit_operator']) retrieved from /home/airflow/.local/lib/python3.6/site-packages/airflow/example_dags/example_short_circuit_operator.py
[2021-10-16 00:55:01,471] {logging_mixin.py:109} INFO - [2021-10-16 00:55:01,471] {dag.py:2389} INFO - Sync 1 DAGs
[2021-10-16 00:55:01,602] {logging_mixin.py:109} INFO - [2021-10-16 00:55:01,602] {dag.py:2914} INFO - Setting next_dagrun for example_short_circuit_operator to 2021-10-15T00:55:01.556798+00:00
[2021-10-16 00:55:01,669] {processor.py:171} INFO - Processing /home/airflow/.local/lib/python3.6/site-packages/airflow/example_dags/example_short_circuit_operator.py took 0.360 seconds
[2021-10-16 00:55:32,451] {processor.py:163} INFO - Started process (PID=232) to work on /home/airflow/.local/lib/python3.6/site-packages/airflow/example_dags/example_short_circuit_operator.py
[2021-10-16 00:55:32,456] {processor.py:620} INFO - Processing file /home/airflow/.local/lib/python3.6/site-packages/airflow/example_dags/example_short_circuit_operator.py for tasks to queue
[2021-10-16 00:55:32,466] {logging_mixin.py:109} INFO - [2021-10-16 00:55:32,466] {dagbag.py:500} INFO - Filling up the DagBag from /home/airflow/.local/lib/python3.6/site-packages/airflow/example_dags/example_short_circuit_operator.py
[2021-10-16 00:55:32,531] {processor.py:632} INFO - DAG(s) dict_keys(['example_short_circuit_operator']) retrieved from /home/airflow/.local/lib/python3.6/site-packages/airflow/example_dags/example_short_circuit_operator.py
[2021-10-16 00:55:32,570] {logging_mixin.py:109} INFO - [2021-10-16 00:55:32,569] {dag.py:2389} INFO - Sync 1 DAGs
[2021-10-16 00:55:32,606] {logging_mixin.py:109} INFO - [2021-10-16 00:55:32,606] {dag.py:2914} INFO - Setting next_dagrun for example_short_circuit_operator to 2021-10-15T00:55:32.605892+00:00
[2021-10-16 00:55:32,633] {processor.py:171} INFO - Processing /home/airflow/.local/lib/python3.6/site-packages/airflow/example_dags/example_short_circuit_operator.py took 0.191 seconds
[2021-10-16 00:56:03,046] {processor.py:163} INFO - Started process (PID=298) to work on /home/airflow/.local/lib/python3.6/site-packages/airflow/example_dags/example_short_circuit_operator.py
[2021-10-16 00:56:03,049] {processor.py:620} INFO - Processing file /home/airflow/.local/lib/python3.6/site-packages/airflow/example_dags/example_short_circuit_operator.py for tasks to queue
[2021-10-16 00:56:03,051] {logging_mixin.py:109} INFO - [2021-10-16 00:56:03,051] {dagbag.py:500} INFO - Filling up the DagBag from /home/airflow/.local/lib/python3.6/site-packages/airflow/example_dags/example_short_circuit_operator.py
[2021-10-16 00:56:03,106] {processor.py:632} INFO - DAG(s) dict_keys(['example_short_circuit_operator']) retrieved from /home/airflow/.local/lib/python3.6/site-packages/airflow/example_dags/example_short_circuit_operator.py
[2021-10-16 00:56:03,121] {logging_mixin.py:109} INFO - [2021-10-16 00:56:03,121] {dag.py:2389} INFO - Sync 1 DAGs
[2021-10-16 00:56:03,148] {logging_mixin.py:109} INFO - [2021-10-16 00:56:03,147] {dag.py:2914} INFO - Setting next_dagrun for example_short_circuit_operator to 2021-10-15T00:56:03.147652+00:00
[2021-10-16 00:56:03,162] {processor.py:171} INFO - Processing /home/airflow/.local/lib/python3.6/site-packages/airflow/example_dags/example_short_circuit_operator.py took 0.122 seconds
[2021-10-16 00:56:33,936] {processor.py:163} INFO - Started process (PID=352) to work on /home/airflow/.local/lib/python3.6/site-packages/airflow/example_dags/example_short_circuit_operator.py
[2021-10-16 00:56:33,940] {processor.py:620} INFO - Processing file /home/airflow/.local/lib/python3.6/site-packages/airflow/example_dags/example_short_circuit_operator.py for tasks to queue
[2021-10-16 00:56:33,942] {logging_mixin.py:109} INFO - [2021-10-16 00:56:33,942] {dagbag.py:500} INFO - Filling up the DagBag from /home/airflow/.local/lib/python3.6/site-packages/airflow/example_dags/example_short_circuit_operator.py
[2021-10-16 00:56:33,995] {processor.py:632} INFO - DAG(s) dict_keys(['example_short_circuit_operator']) retrieved from /home/airflow/.local/lib/python3.6/site-packages/airflow/example_dags/example_short_circuit_operator.py
[2021-10-16 00:56:34,010] {logging_mixin.py:109} INFO - [2021-10-16 00:56:34,010] {dag.py:2389} INFO - Sync 1 DAGs
[2021-10-16 00:56:34,042] {logging_mixin.py:109} INFO - [2021-10-16 00:56:34,042] {dag.py:2914} INFO - Setting next_dagrun for example_short_circuit_operator to 2021-10-15T00:56:34.041700+00:00
[2021-10-16 00:56:34,060] {processor.py:171} INFO - Processing /home/airflow/.local/lib/python3.6/site-packages/airflow/example_dags/example_short_circuit_operator.py took 0.130 seconds
[2021-10-16 00:57:04,363] {processor.py:163} INFO - Started process (PID=407) to work on /home/airflow/.local/lib/python3.6/site-packages/airflow/example_dags/example_short_circuit_operator.py
[2021-10-16 00:57:04,366] {processor.py:620} INFO - Processing file /home/airflow/.local/lib/python3.6/site-packages/airflow/example_dags/example_short_circuit_operator.py for tasks to queue
[2021-10-16 00:57:04,367] {logging_mixin.py:109} INFO - [2021-10-16 00:57:04,367] {dagbag.py:500} INFO - Filling up the DagBag from /home/airflow/.local/lib/python3.6/site-packages/airflow/example_dags/example_short_circuit_operator.py
[2021-10-16 00:57:04,404] {processor.py:632} INFO - DAG(s) dict_keys(['example_short_circuit_operator']) retrieved from /home/airflow/.local/lib/python3.6/site-packages/airflow/example_dags/example_short_circuit_operator.py
[2021-10-16 00:57:04,423] {logging_mixin.py:109} INFO - [2021-10-16 00:57:04,422] {dag.py:2389} INFO - Sync 1 DAGs
[2021-10-16 00:57:04,444] {logging_mixin.py:109} INFO - [2021-10-16 00:57:04,443] {dag.py:2914} INFO - Setting next_dagrun for example_short_circuit_operator to 2021-10-15T00:57:04.443734+00:00
[2021-10-16 00:57:04,453] {processor.py:171} INFO - Processing /home/airflow/.local/lib/python3.6/site-packages/airflow/example_dags/example_short_circuit_operator.py took 0.096 seconds
[2021-10-16 00:57:35,266] {processor.py:163} INFO - Started process (PID=474) to work on /home/airflow/.local/lib/python3.6/site-packages/airflow/example_dags/example_short_circuit_operator.py
[2021-10-16 00:57:35,272] {processor.py:620} INFO - Processing file /home/airflow/.local/lib/python3.6/site-packages/airflow/example_dags/example_short_circuit_operator.py for tasks to queue
[2021-10-16 00:57:35,280] {logging_mixin.py:109} INFO - [2021-10-16 00:57:35,280] {dagbag.py:500} INFO - Filling up the DagBag from /home/airflow/.local/lib/python3.6/site-packages/airflow/example_dags/example_short_circuit_operator.py
[2021-10-16 00:57:35,410] {processor.py:632} INFO - DAG(s) dict_keys(['example_short_circuit_operator']) retrieved from /home/airflow/.local/lib/python3.6/site-packages/airflow/example_dags/example_short_circuit_operator.py
[2021-10-16 00:57:35,448] {logging_mixin.py:109} INFO - [2021-10-16 00:57:35,448] {dag.py:2389} INFO - Sync 1 DAGs
[2021-10-16 00:57:35,556] {logging_mixin.py:109} INFO - [2021-10-16 00:57:35,555] {dag.py:2914} INFO - Setting next_dagrun for example_short_circuit_operator to 2021-10-15T00:57:35.555574+00:00
[2021-10-16 00:57:35,631] {processor.py:171} INFO - Processing /home/airflow/.local/lib/python3.6/site-packages/airflow/example_dags/example_short_circuit_operator.py took 0.384 seconds
[2021-10-16 00:58:06,615] {processor.py:163} INFO - Started process (PID=526) to work on /home/airflow/.local/lib/python3.6/site-packages/airflow/example_dags/example_short_circuit_operator.py
[2021-10-16 00:58:06,620] {processor.py:620} INFO - Processing file /home/airflow/.local/lib/python3.6/site-packages/airflow/example_dags/example_short_circuit_operator.py for tasks to queue
[2021-10-16 00:58:06,621] {logging_mixin.py:109} INFO - [2021-10-16 00:58:06,621] {dagbag.py:500} INFO - Filling up the DagBag from /home/airflow/.local/lib/python3.6/site-packages/airflow/example_dags/example_short_circuit_operator.py
[2021-10-16 00:58:06,657] {processor.py:632} INFO - DAG(s) dict_keys(['example_short_circuit_operator']) retrieved from /home/airflow/.local/lib/python3.6/site-packages/airflow/example_dags/example_short_circuit_operator.py
[2021-10-16 00:58:06,671] {logging_mixin.py:109} INFO - [2021-10-16 00:58:06,671] {dag.py:2389} INFO - Sync 1 DAGs
[2021-10-16 00:58:06,690] {logging_mixin.py:109} INFO - [2021-10-16 00:58:06,690] {dag.py:2914} INFO - Setting next_dagrun for example_short_circuit_operator to 2021-10-15T00:58:06.690340+00:00
[2021-10-16 00:58:06,702] {processor.py:171} INFO - Processing /home/airflow/.local/lib/python3.6/site-packages/airflow/example_dags/example_short_circuit_operator.py took 0.092 seconds
[2021-10-16 00:58:37,599] {processor.py:163} INFO - Started process (PID=580) to work on /home/airflow/.local/lib/python3.6/site-packages/airflow/example_dags/example_short_circuit_operator.py
[2021-10-16 00:58:37,601] {processor.py:620} INFO - Processing file /home/airflow/.local/lib/python3.6/site-packages/airflow/example_dags/example_short_circuit_operator.py for tasks to queue
[2021-10-16 00:58:37,605] {logging_mixin.py:109} INFO - [2021-10-16 00:58:37,605] {dagbag.py:500} INFO - Filling up the DagBag from /home/airflow/.local/lib/python3.6/site-packages/airflow/example_dags/example_short_circuit_operator.py
[2021-10-16 00:58:37,687] {processor.py:632} INFO - DAG(s) dict_keys(['example_short_circuit_operator']) retrieved from /home/airflow/.local/lib/python3.6/site-packages/airflow/example_dags/example_short_circuit_operator.py
[2021-10-16 00:58:37,718] {logging_mixin.py:109} INFO - [2021-10-16 00:58:37,718] {dag.py:2389} INFO - Sync 1 DAGs
[2021-10-16 00:58:37,811] {logging_mixin.py:109} INFO - [2021-10-16 00:58:37,810] {dag.py:2914} INFO - Setting next_dagrun for example_short_circuit_operator to 2021-10-15T00:58:37.808554+00:00
[2021-10-16 00:58:37,876] {processor.py:171} INFO - Processing /home/airflow/.local/lib/python3.6/site-packages/airflow/example_dags/example_short_circuit_operator.py took 0.288 seconds
[2021-10-16 00:59:08,328] {processor.py:163} INFO - Started process (PID=634) to work on /home/airflow/.local/lib/python3.6/site-packages/airflow/example_dags/example_short_circuit_operator.py
[2021-10-16 00:59:08,335] {processor.py:620} INFO - Processing file /home/airflow/.local/lib/python3.6/site-packages/airflow/example_dags/example_short_circuit_operator.py for tasks to queue
[2021-10-16 00:59:08,337] {logging_mixin.py:109} INFO - [2021-10-16 00:59:08,337] {dagbag.py:500} INFO - Filling up the DagBag from /home/airflow/.local/lib/python3.6/site-packages/airflow/example_dags/example_short_circuit_operator.py
[2021-10-16 00:59:08,371] {processor.py:632} INFO - DAG(s) dict_keys(['example_short_circuit_operator']) retrieved from /home/airflow/.local/lib/python3.6/site-packages/airflow/example_dags/example_short_circuit_operator.py
[2021-10-16 00:59:08,394] {logging_mixin.py:109} INFO - [2021-10-16 00:59:08,394] {dag.py:2389} INFO - Sync 1 DAGs
[2021-10-16 00:59:08,420] {logging_mixin.py:109} INFO - [2021-10-16 00:59:08,419] {dag.py:2914} INFO - Setting next_dagrun for example_short_circuit_operator to 2021-10-15T00:59:08.419592+00:00
[2021-10-16 00:59:08,441] {processor.py:171} INFO - Processing /home/airflow/.local/lib/python3.6/site-packages/airflow/example_dags/example_short_circuit_operator.py took 0.117 seconds
[2021-10-16 00:59:39,323] {processor.py:163} INFO - Started process (PID=704) to work on /home/airflow/.local/lib/python3.6/site-packages/airflow/example_dags/example_short_circuit_operator.py
[2021-10-16 00:59:39,332] {processor.py:620} INFO - Processing file /home/airflow/.local/lib/python3.6/site-packages/airflow/example_dags/example_short_circuit_operator.py for tasks to queue
[2021-10-16 00:59:39,335] {logging_mixin.py:109} INFO - [2021-10-16 00:59:39,335] {dagbag.py:500} INFO - Filling up the DagBag from /home/airflow/.local/lib/python3.6/site-packages/airflow/example_dags/example_short_circuit_operator.py
[2021-10-16 00:59:39,460] {processor.py:632} INFO - DAG(s) dict_keys(['example_short_circuit_operator']) retrieved from /home/airflow/.local/lib/python3.6/site-packages/airflow/example_dags/example_short_circuit_operator.py
[2021-10-16 00:59:39,516] {logging_mixin.py:109} INFO - [2021-10-16 00:59:39,516] {dag.py:2389} INFO - Sync 1 DAGs
[2021-10-16 00:59:39,550] {logging_mixin.py:109} INFO - [2021-10-16 00:59:39,550] {dag.py:2914} INFO - Setting next_dagrun for example_short_circuit_operator to 2021-10-15T00:59:39.550077+00:00
[2021-10-16 00:59:39,567] {processor.py:171} INFO - Processing /home/airflow/.local/lib/python3.6/site-packages/airflow/example_dags/example_short_circuit_operator.py took 0.250 seconds
[2021-10-16 01:00:09,959] {processor.py:163} INFO - Started process (PID=758) to work on /home/airflow/.local/lib/python3.6/site-packages/airflow/example_dags/example_short_circuit_operator.py
[2021-10-16 01:00:09,964] {processor.py:620} INFO - Processing file /home/airflow/.local/lib/python3.6/site-packages/airflow/example_dags/example_short_circuit_operator.py for tasks to queue
[2021-10-16 01:00:09,971] {logging_mixin.py:109} INFO - [2021-10-16 01:00:09,971] {dagbag.py:500} INFO - Filling up the DagBag from /home/airflow/.local/lib/python3.6/site-packages/airflow/example_dags/example_short_circuit_operator.py
[2021-10-16 01:00:10,034] {processor.py:632} INFO - DAG(s) dict_keys(['example_short_circuit_operator']) retrieved from /home/airflow/.local/lib/python3.6/site-packages/airflow/example_dags/example_short_circuit_operator.py
[2021-10-16 01:00:10,050] {logging_mixin.py:109} INFO - [2021-10-16 01:00:10,050] {dag.py:2389} INFO - Sync 1 DAGs
[2021-10-16 01:00:10,069] {logging_mixin.py:109} INFO - [2021-10-16 01:00:10,068] {dag.py:2914} INFO - Setting next_dagrun for example_short_circuit_operator to 2021-10-15T01:00:10.068547+00:00
[2021-10-16 01:00:10,087] {processor.py:171} INFO - Processing /home/airflow/.local/lib/python3.6/site-packages/airflow/example_dags/example_short_circuit_operator.py took 0.134 seconds
[2021-10-16 01:00:40,617] {processor.py:163} INFO - Started process (PID=813) to work on /home/airflow/.local/lib/python3.6/site-packages/airflow/example_dags/example_short_circuit_operator.py
[2021-10-16 01:00:40,619] {processor.py:620} INFO - Processing file /home/airflow/.local/lib/python3.6/site-packages/airflow/example_dags/example_short_circuit_operator.py for tasks to queue
[2021-10-16 01:00:40,622] {logging_mixin.py:109} INFO - [2021-10-16 01:00:40,622] {dagbag.py:500} INFO - Filling up the DagBag from /home/airflow/.local/lib/python3.6/site-packages/airflow/example_dags/example_short_circuit_operator.py
[2021-10-16 01:00:40,676] {processor.py:632} INFO - DAG(s) dict_keys(['example_short_circuit_operator']) retrieved from /home/airflow/.local/lib/python3.6/site-packages/airflow/example_dags/example_short_circuit_operator.py
[2021-10-16 01:00:40,697] {logging_mixin.py:109} INFO - [2021-10-16 01:00:40,696] {dag.py:2389} INFO - Sync 1 DAGs
[2021-10-16 01:00:40,725] {logging_mixin.py:109} INFO - [2021-10-16 01:00:40,724] {dag.py:2914} INFO - Setting next_dagrun for example_short_circuit_operator to 2021-10-15T01:00:40.724609+00:00
[2021-10-16 01:00:40,748] {processor.py:171} INFO - Processing /home/airflow/.local/lib/python3.6/site-packages/airflow/example_dags/example_short_circuit_operator.py took 0.138 seconds
[2021-10-16 01:01:11,052] {processor.py:163} INFO - Started process (PID=869) to work on /home/airflow/.local/lib/python3.6/site-packages/airflow/example_dags/example_short_circuit_operator.py
[2021-10-16 01:01:11,054] {processor.py:620} INFO - Processing file /home/airflow/.local/lib/python3.6/site-packages/airflow/example_dags/example_short_circuit_operator.py for tasks to queue
[2021-10-16 01:01:11,061] {logging_mixin.py:109} INFO - [2021-10-16 01:01:11,061] {dagbag.py:500} INFO - Filling up the DagBag from /home/airflow/.local/lib/python3.6/site-packages/airflow/example_dags/example_short_circuit_operator.py
[2021-10-16 01:01:11,105] {processor.py:632} INFO - DAG(s) dict_keys(['example_short_circuit_operator']) retrieved from /home/airflow/.local/lib/python3.6/site-packages/airflow/example_dags/example_short_circuit_operator.py
[2021-10-16 01:01:11,125] {logging_mixin.py:109} INFO - [2021-10-16 01:01:11,125] {dag.py:2389} INFO - Sync 1 DAGs
[2021-10-16 01:01:11,150] {logging_mixin.py:109} INFO - [2021-10-16 01:01:11,150] {dag.py:2914} INFO - Setting next_dagrun for example_short_circuit_operator to 2021-10-15T01:01:11.150217+00:00
[2021-10-16 01:01:11,165] {processor.py:171} INFO - Processing /home/airflow/.local/lib/python3.6/site-packages/airflow/example_dags/example_short_circuit_operator.py took 0.118 seconds
[2021-10-16 01:01:42,540] {processor.py:163} INFO - Started process (PID=935) to work on /home/airflow/.local/lib/python3.6/site-packages/airflow/example_dags/example_short_circuit_operator.py
[2021-10-16 01:01:42,543] {processor.py:620} INFO - Processing file /home/airflow/.local/lib/python3.6/site-packages/airflow/example_dags/example_short_circuit_operator.py for tasks to queue
[2021-10-16 01:01:42,545] {logging_mixin.py:109} INFO - [2021-10-16 01:01:42,545] {dagbag.py:500} INFO - Filling up the DagBag from /home/airflow/.local/lib/python3.6/site-packages/airflow/example_dags/example_short_circuit_operator.py
[2021-10-16 01:01:42,603] {processor.py:632} INFO - DAG(s) dict_keys(['example_short_circuit_operator']) retrieved from /home/airflow/.local/lib/python3.6/site-packages/airflow/example_dags/example_short_circuit_operator.py
[2021-10-16 01:01:42,621] {logging_mixin.py:109} INFO - [2021-10-16 01:01:42,621] {dag.py:2389} INFO - Sync 1 DAGs
[2021-10-16 01:01:42,644] {logging_mixin.py:109} INFO - [2021-10-16 01:01:42,644] {dag.py:2914} INFO - Setting next_dagrun for example_short_circuit_operator to 2021-10-15T01:01:42.644262+00:00
[2021-10-16 01:01:42,656] {processor.py:171} INFO - Processing /home/airflow/.local/lib/python3.6/site-packages/airflow/example_dags/example_short_circuit_operator.py took 0.131 seconds
[2021-10-16 01:02:12,944] {processor.py:163} INFO - Started process (PID=991) to work on /home/airflow/.local/lib/python3.6/site-packages/airflow/example_dags/example_short_circuit_operator.py
[2021-10-16 01:02:12,946] {processor.py:620} INFO - Processing file /home/airflow/.local/lib/python3.6/site-packages/airflow/example_dags/example_short_circuit_operator.py for tasks to queue
[2021-10-16 01:02:12,947] {logging_mixin.py:109} INFO - [2021-10-16 01:02:12,947] {dagbag.py:500} INFO - Filling up the DagBag from /home/airflow/.local/lib/python3.6/site-packages/airflow/example_dags/example_short_circuit_operator.py
[2021-10-16 01:02:12,990] {processor.py:632} INFO - DAG(s) dict_keys(['example_short_circuit_operator']) retrieved from /home/airflow/.local/lib/python3.6/site-packages/airflow/example_dags/example_short_circuit_operator.py
[2021-10-16 01:02:13,006] {logging_mixin.py:109} INFO - [2021-10-16 01:02:13,006] {dag.py:2389} INFO - Sync 1 DAGs
[2021-10-16 01:02:13,025] {logging_mixin.py:109} INFO - [2021-10-16 01:02:13,025] {dag.py:2914} INFO - Setting next_dagrun for example_short_circuit_operator to 2021-10-15T01:02:13.025133+00:00
[2021-10-16 01:02:13,042] {processor.py:171} INFO - Processing /home/airflow/.local/lib/python3.6/site-packages/airflow/example_dags/example_short_circuit_operator.py took 0.104 seconds
[2021-10-16 01:02:44,372] {processor.py:163} INFO - Started process (PID=1060) to work on /home/airflow/.local/lib/python3.6/site-packages/airflow/example_dags/example_short_circuit_operator.py
[2021-10-16 01:02:44,378] {processor.py:620} INFO - Processing file /home/airflow/.local/lib/python3.6/site-packages/airflow/example_dags/example_short_circuit_operator.py for tasks to queue
[2021-10-16 01:02:44,383] {logging_mixin.py:109} INFO - [2021-10-16 01:02:44,382] {dagbag.py:500} INFO - Filling up the DagBag from /home/airflow/.local/lib/python3.6/site-packages/airflow/example_dags/example_short_circuit_operator.py
[2021-10-16 01:02:44,479] {processor.py:632} INFO - DAG(s) dict_keys(['example_short_circuit_operator']) retrieved from /home/airflow/.local/lib/python3.6/site-packages/airflow/example_dags/example_short_circuit_operator.py
[2021-10-16 01:02:44,521] {logging_mixin.py:109} INFO - [2021-10-16 01:02:44,520] {dag.py:2389} INFO - Sync 1 DAGs
[2021-10-16 01:02:44,570] {logging_mixin.py:109} INFO - [2021-10-16 01:02:44,570] {dag.py:2914} INFO - Setting next_dagrun for example_short_circuit_operator to 2021-10-15T01:02:44.570114+00:00
[2021-10-16 01:02:44,599] {processor.py:171} INFO - Processing /home/airflow/.local/lib/python3.6/site-packages/airflow/example_dags/example_short_circuit_operator.py took 0.240 seconds
[2021-10-16 01:03:14,686] {processor.py:163} INFO - Started process (PID=1112) to work on /home/airflow/.local/lib/python3.6/site-packages/airflow/example_dags/example_short_circuit_operator.py
[2021-10-16 01:03:14,688] {processor.py:620} INFO - Processing file /home/airflow/.local/lib/python3.6/site-packages/airflow/example_dags/example_short_circuit_operator.py for tasks to queue
[2021-10-16 01:03:14,689] {logging_mixin.py:109} INFO - [2021-10-16 01:03:14,689] {dagbag.py:500} INFO - Filling up the DagBag from /home/airflow/.local/lib/python3.6/site-packages/airflow/example_dags/example_short_circuit_operator.py
[2021-10-16 01:03:14,735] {processor.py:632} INFO - DAG(s) dict_keys(['example_short_circuit_operator']) retrieved from /home/airflow/.local/lib/python3.6/site-packages/airflow/example_dags/example_short_circuit_operator.py
[2021-10-16 01:03:14,755] {logging_mixin.py:109} INFO - [2021-10-16 01:03:14,754] {dag.py:2389} INFO - Sync 1 DAGs
[2021-10-16 01:03:14,778] {logging_mixin.py:109} INFO - [2021-10-16 01:03:14,778] {dag.py:2914} INFO - Setting next_dagrun for example_short_circuit_operator to 2021-10-15T01:03:14.778146+00:00
[2021-10-16 01:03:14,813] {processor.py:171} INFO - Processing /home/airflow/.local/lib/python3.6/site-packages/airflow/example_dags/example_short_circuit_operator.py took 0.132 seconds
[2021-10-16 01:03:45,105] {processor.py:163} INFO - Started process (PID=1166) to work on /home/airflow/.local/lib/python3.6/site-packages/airflow/example_dags/example_short_circuit_operator.py
[2021-10-16 01:03:45,109] {processor.py:620} INFO - Processing file /home/airflow/.local/lib/python3.6/site-packages/airflow/example_dags/example_short_circuit_operator.py for tasks to queue
[2021-10-16 01:03:45,113] {logging_mixin.py:109} INFO - [2021-10-16 01:03:45,112] {dagbag.py:500} INFO - Filling up the DagBag from /home/airflow/.local/lib/python3.6/site-packages/airflow/example_dags/example_short_circuit_operator.py
[2021-10-16 01:03:45,164] {processor.py:632} INFO - DAG(s) dict_keys(['example_short_circuit_operator']) retrieved from /home/airflow/.local/lib/python3.6/site-packages/airflow/example_dags/example_short_circuit_operator.py
[2021-10-16 01:03:45,196] {logging_mixin.py:109} INFO - [2021-10-16 01:03:45,196] {dag.py:2389} INFO - Sync 1 DAGs
[2021-10-16 01:03:45,227] {logging_mixin.py:109} INFO - [2021-10-16 01:03:45,227] {dag.py:2914} INFO - Setting next_dagrun for example_short_circuit_operator to 2021-10-15T01:03:45.227232+00:00
[2021-10-16 01:03:45,262] {processor.py:171} INFO - Processing /home/airflow/.local/lib/python3.6/site-packages/airflow/example_dags/example_short_circuit_operator.py took 0.168 seconds
[2021-10-16 01:04:15,700] {processor.py:163} INFO - Started process (PID=1232) to work on /home/airflow/.local/lib/python3.6/site-packages/airflow/example_dags/example_short_circuit_operator.py
[2021-10-16 01:04:15,707] {processor.py:620} INFO - Processing file /home/airflow/.local/lib/python3.6/site-packages/airflow/example_dags/example_short_circuit_operator.py for tasks to queue
[2021-10-16 01:04:15,712] {logging_mixin.py:109} INFO - [2021-10-16 01:04:15,712] {dagbag.py:500} INFO - Filling up the DagBag from /home/airflow/.local/lib/python3.6/site-packages/airflow/example_dags/example_short_circuit_operator.py
[2021-10-16 01:04:15,792] {processor.py:632} INFO - DAG(s) dict_keys(['example_short_circuit_operator']) retrieved from /home/airflow/.local/lib/python3.6/site-packages/airflow/example_dags/example_short_circuit_operator.py
[2021-10-16 01:04:15,845] {logging_mixin.py:109} INFO - [2021-10-16 01:04:15,845] {dag.py:2389} INFO - Sync 1 DAGs
[2021-10-16 01:04:15,925] {logging_mixin.py:109} INFO - [2021-10-16 01:04:15,925] {dag.py:2914} INFO - Setting next_dagrun for example_short_circuit_operator to 2021-10-15T01:04:15.924808+00:00
[2021-10-16 01:04:15,948] {processor.py:171} INFO - Processing /home/airflow/.local/lib/python3.6/site-packages/airflow/example_dags/example_short_circuit_operator.py took 0.255 seconds
[2021-10-16 01:04:46,878] {processor.py:163} INFO - Started process (PID=1286) to work on /home/airflow/.local/lib/python3.6/site-packages/airflow/example_dags/example_short_circuit_operator.py
[2021-10-16 01:04:46,883] {processor.py:620} INFO - Processing file /home/airflow/.local/lib/python3.6/site-packages/airflow/example_dags/example_short_circuit_operator.py for tasks to queue
[2021-10-16 01:04:46,885] {logging_mixin.py:109} INFO - [2021-10-16 01:04:46,885] {dagbag.py:500} INFO - Filling up the DagBag from /home/airflow/.local/lib/python3.6/site-packages/airflow/example_dags/example_short_circuit_operator.py
[2021-10-16 01:04:46,972] {processor.py:632} INFO - DAG(s) dict_keys(['example_short_circuit_operator']) retrieved from /home/airflow/.local/lib/python3.6/site-packages/airflow/example_dags/example_short_circuit_operator.py
[2021-10-16 01:04:47,002] {logging_mixin.py:109} INFO - [2021-10-16 01:04:47,002] {dag.py:2389} INFO - Sync 1 DAGs
[2021-10-16 01:04:47,034] {logging_mixin.py:109} INFO - [2021-10-16 01:04:47,034] {dag.py:2914} INFO - Setting next_dagrun for example_short_circuit_operator to 2021-10-15T01:04:47.033867+00:00
[2021-10-16 01:04:47,045] {processor.py:171} INFO - Processing /home/airflow/.local/lib/python3.6/site-packages/airflow/example_dags/example_short_circuit_operator.py took 0.178 seconds
[2021-10-16 01:05:19,246] {processor.py:163} INFO - Started process (PID=1341) to work on /home/airflow/.local/lib/python3.6/site-packages/airflow/example_dags/example_short_circuit_operator.py
[2021-10-16 01:05:19,251] {processor.py:620} INFO - Processing file /home/airflow/.local/lib/python3.6/site-packages/airflow/example_dags/example_short_circuit_operator.py for tasks to queue
[2021-10-16 01:05:19,254] {logging_mixin.py:109} INFO - [2021-10-16 01:05:19,254] {dagbag.py:500} INFO - Filling up the DagBag from /home/airflow/.local/lib/python3.6/site-packages/airflow/example_dags/example_short_circuit_operator.py
[2021-10-16 01:05:19,292] {processor.py:632} INFO - DAG(s) dict_keys(['example_short_circuit_operator']) retrieved from /home/airflow/.local/lib/python3.6/site-packages/airflow/example_dags/example_short_circuit_operator.py
[2021-10-16 01:05:19,319] {logging_mixin.py:109} INFO - [2021-10-16 01:05:19,318] {dag.py:2389} INFO - Sync 1 DAGs
[2021-10-16 01:05:19,375] {logging_mixin.py:109} INFO - [2021-10-16 01:05:19,375] {dag.py:2914} INFO - Setting next_dagrun for example_short_circuit_operator to 2021-10-15T01:05:19.374792+00:00
[2021-10-16 01:05:19,392] {processor.py:171} INFO - Processing /home/airflow/.local/lib/python3.6/site-packages/airflow/example_dags/example_short_circuit_operator.py took 0.152 seconds
[2021-10-16 01:05:49,794] {processor.py:163} INFO - Started process (PID=1394) to work on /home/airflow/.local/lib/python3.6/site-packages/airflow/example_dags/example_short_circuit_operator.py
[2021-10-16 01:05:49,796] {processor.py:620} INFO - Processing file /home/airflow/.local/lib/python3.6/site-packages/airflow/example_dags/example_short_circuit_operator.py for tasks to queue
[2021-10-16 01:05:49,797] {logging_mixin.py:109} INFO - [2021-10-16 01:05:49,797] {dagbag.py:500} INFO - Filling up the DagBag from /home/airflow/.local/lib/python3.6/site-packages/airflow/example_dags/example_short_circuit_operator.py
[2021-10-16 01:05:49,830] {processor.py:632} INFO - DAG(s) dict_keys(['example_short_circuit_operator']) retrieved from /home/airflow/.local/lib/python3.6/site-packages/airflow/example_dags/example_short_circuit_operator.py
[2021-10-16 01:05:49,844] {logging_mixin.py:109} INFO - [2021-10-16 01:05:49,844] {dag.py:2389} INFO - Sync 1 DAGs
[2021-10-16 01:05:49,861] {logging_mixin.py:109} INFO - [2021-10-16 01:05:49,861] {dag.py:2914} INFO - Setting next_dagrun for example_short_circuit_operator to 2021-10-15T01:05:49.861253+00:00
[2021-10-16 01:05:49,872] {processor.py:171} INFO - Processing /home/airflow/.local/lib/python3.6/site-packages/airflow/example_dags/example_short_circuit_operator.py took 0.084 seconds
[2021-10-16 01:06:20,002] {processor.py:163} INFO - Started process (PID=1455) to work on /home/airflow/.local/lib/python3.6/site-packages/airflow/example_dags/example_short_circuit_operator.py
[2021-10-16 01:06:20,006] {processor.py:620} INFO - Processing file /home/airflow/.local/lib/python3.6/site-packages/airflow/example_dags/example_short_circuit_operator.py for tasks to queue
[2021-10-16 01:06:20,008] {logging_mixin.py:109} INFO - [2021-10-16 01:06:20,008] {dagbag.py:500} INFO - Filling up the DagBag from /home/airflow/.local/lib/python3.6/site-packages/airflow/example_dags/example_short_circuit_operator.py
[2021-10-16 01:06:20,083] {processor.py:632} INFO - DAG(s) dict_keys(['example_short_circuit_operator']) retrieved from /home/airflow/.local/lib/python3.6/site-packages/airflow/example_dags/example_short_circuit_operator.py
[2021-10-16 01:06:20,112] {logging_mixin.py:109} INFO - [2021-10-16 01:06:20,112] {dag.py:2389} INFO - Sync 1 DAGs
[2021-10-16 01:06:20,134] {logging_mixin.py:109} INFO - [2021-10-16 01:06:20,134] {dag.py:2914} INFO - Setting next_dagrun for example_short_circuit_operator to 2021-10-15T01:06:20.134189+00:00
[2021-10-16 01:06:20,149] {processor.py:171} INFO - Processing /home/airflow/.local/lib/python3.6/site-packages/airflow/example_dags/example_short_circuit_operator.py took 0.159 seconds
[2021-10-16 01:06:50,361] {processor.py:163} INFO - Started process (PID=1511) to work on /home/airflow/.local/lib/python3.6/site-packages/airflow/example_dags/example_short_circuit_operator.py
[2021-10-16 01:06:50,371] {processor.py:620} INFO - Processing file /home/airflow/.local/lib/python3.6/site-packages/airflow/example_dags/example_short_circuit_operator.py for tasks to queue
[2021-10-16 01:06:50,374] {logging_mixin.py:109} INFO - [2021-10-16 01:06:50,374] {dagbag.py:500} INFO - Filling up the DagBag from /home/airflow/.local/lib/python3.6/site-packages/airflow/example_dags/example_short_circuit_operator.py
[2021-10-16 01:06:50,463] {processor.py:632} INFO - DAG(s) dict_keys(['example_short_circuit_operator']) retrieved from /home/airflow/.local/lib/python3.6/site-packages/airflow/example_dags/example_short_circuit_operator.py
[2021-10-16 01:06:50,494] {logging_mixin.py:109} INFO - [2021-10-16 01:06:50,494] {dag.py:2389} INFO - Sync 1 DAGs
[2021-10-16 01:06:50,548] {logging_mixin.py:109} INFO - [2021-10-16 01:06:50,548] {dag.py:2914} INFO - Setting next_dagrun for example_short_circuit_operator to 2021-10-15T01:06:50.547876+00:00
[2021-10-16 01:06:50,564] {processor.py:171} INFO - Processing /home/airflow/.local/lib/python3.6/site-packages/airflow/example_dags/example_short_circuit_operator.py took 0.207 seconds
[2021-10-16 01:07:20,991] {processor.py:163} INFO - Started process (PID=1565) to work on /home/airflow/.local/lib/python3.6/site-packages/airflow/example_dags/example_short_circuit_operator.py
[2021-10-16 01:07:20,995] {processor.py:620} INFO - Processing file /home/airflow/.local/lib/python3.6/site-packages/airflow/example_dags/example_short_circuit_operator.py for tasks to queue
[2021-10-16 01:07:21,002] {logging_mixin.py:109} INFO - [2021-10-16 01:07:21,001] {dagbag.py:500} INFO - Filling up the DagBag from /home/airflow/.local/lib/python3.6/site-packages/airflow/example_dags/example_short_circuit_operator.py
[2021-10-16 01:07:21,042] {processor.py:632} INFO - DAG(s) dict_keys(['example_short_circuit_operator']) retrieved from /home/airflow/.local/lib/python3.6/site-packages/airflow/example_dags/example_short_circuit_operator.py
[2021-10-16 01:07:21,060] {logging_mixin.py:109} INFO - [2021-10-16 01:07:21,060] {dag.py:2389} INFO - Sync 1 DAGs
[2021-10-16 01:07:21,085] {logging_mixin.py:109} INFO - [2021-10-16 01:07:21,084] {dag.py:2914} INFO - Setting next_dagrun for example_short_circuit_operator to 2021-10-15T01:07:21.084644+00:00
[2021-10-16 01:07:21,101] {processor.py:171} INFO - Processing /home/airflow/.local/lib/python3.6/site-packages/airflow/example_dags/example_short_circuit_operator.py took 0.116 seconds
[2021-10-16 01:07:51,496] {processor.py:163} INFO - Started process (PID=1620) to work on /home/airflow/.local/lib/python3.6/site-packages/airflow/example_dags/example_short_circuit_operator.py
[2021-10-16 01:07:51,498] {processor.py:620} INFO - Processing file /home/airflow/.local/lib/python3.6/site-packages/airflow/example_dags/example_short_circuit_operator.py for tasks to queue
[2021-10-16 01:07:51,499] {logging_mixin.py:109} INFO - [2021-10-16 01:07:51,499] {dagbag.py:500} INFO - Filling up the DagBag from /home/airflow/.local/lib/python3.6/site-packages/airflow/example_dags/example_short_circuit_operator.py
[2021-10-16 01:07:51,534] {processor.py:632} INFO - DAG(s) dict_keys(['example_short_circuit_operator']) retrieved from /home/airflow/.local/lib/python3.6/site-packages/airflow/example_dags/example_short_circuit_operator.py
[2021-10-16 01:07:51,548] {logging_mixin.py:109} INFO - [2021-10-16 01:07:51,548] {dag.py:2389} INFO - Sync 1 DAGs
[2021-10-16 01:07:51,567] {logging_mixin.py:109} INFO - [2021-10-16 01:07:51,566] {dag.py:2914} INFO - Setting next_dagrun for example_short_circuit_operator to 2021-10-15T01:07:51.566446+00:00
[2021-10-16 01:07:51,579] {processor.py:171} INFO - Processing /home/airflow/.local/lib/python3.6/site-packages/airflow/example_dags/example_short_circuit_operator.py took 0.089 seconds
[2021-10-16 01:08:21,701] {processor.py:163} INFO - Started process (PID=1687) to work on /home/airflow/.local/lib/python3.6/site-packages/airflow/example_dags/example_short_circuit_operator.py
[2021-10-16 01:08:21,708] {processor.py:620} INFO - Processing file /home/airflow/.local/lib/python3.6/site-packages/airflow/example_dags/example_short_circuit_operator.py for tasks to queue
[2021-10-16 01:08:21,712] {logging_mixin.py:109} INFO - [2021-10-16 01:08:21,711] {dagbag.py:500} INFO - Filling up the DagBag from /home/airflow/.local/lib/python3.6/site-packages/airflow/example_dags/example_short_circuit_operator.py
[2021-10-16 01:08:21,785] {processor.py:632} INFO - DAG(s) dict_keys(['example_short_circuit_operator']) retrieved from /home/airflow/.local/lib/python3.6/site-packages/airflow/example_dags/example_short_circuit_operator.py
[2021-10-16 01:08:21,811] {logging_mixin.py:109} INFO - [2021-10-16 01:08:21,811] {dag.py:2389} INFO - Sync 1 DAGs
[2021-10-16 01:08:21,839] {logging_mixin.py:109} INFO - [2021-10-16 01:08:21,839] {dag.py:2914} INFO - Setting next_dagrun for example_short_circuit_operator to 2021-10-15T01:08:21.839170+00:00
[2021-10-16 01:08:21,853] {processor.py:171} INFO - Processing /home/airflow/.local/lib/python3.6/site-packages/airflow/example_dags/example_short_circuit_operator.py took 0.156 seconds
[2021-10-16 01:08:52,506] {processor.py:163} INFO - Started process (PID=1741) to work on /home/airflow/.local/lib/python3.6/site-packages/airflow/example_dags/example_short_circuit_operator.py
[2021-10-16 01:08:52,508] {processor.py:620} INFO - Processing file /home/airflow/.local/lib/python3.6/site-packages/airflow/example_dags/example_short_circuit_operator.py for tasks to queue
[2021-10-16 01:08:52,509] {logging_mixin.py:109} INFO - [2021-10-16 01:08:52,509] {dagbag.py:500} INFO - Filling up the DagBag from /home/airflow/.local/lib/python3.6/site-packages/airflow/example_dags/example_short_circuit_operator.py
[2021-10-16 01:08:52,539] {processor.py:632} INFO - DAG(s) dict_keys(['example_short_circuit_operator']) retrieved from /home/airflow/.local/lib/python3.6/site-packages/airflow/example_dags/example_short_circuit_operator.py
[2021-10-16 01:08:52,552] {logging_mixin.py:109} INFO - [2021-10-16 01:08:52,552] {dag.py:2389} INFO - Sync 1 DAGs
[2021-10-16 01:08:52,570] {logging_mixin.py:109} INFO - [2021-10-16 01:08:52,570] {dag.py:2914} INFO - Setting next_dagrun for example_short_circuit_operator to 2021-10-15T01:08:52.569869+00:00
[2021-10-16 01:08:52,588] {processor.py:171} INFO - Processing /home/airflow/.local/lib/python3.6/site-packages/airflow/example_dags/example_short_circuit_operator.py took 0.087 seconds
[2021-10-16 01:09:22,818] {processor.py:163} INFO - Started process (PID=1807) to work on /home/airflow/.local/lib/python3.6/site-packages/airflow/example_dags/example_short_circuit_operator.py
[2021-10-16 01:09:22,820] {processor.py:620} INFO - Processing file /home/airflow/.local/lib/python3.6/site-packages/airflow/example_dags/example_short_circuit_operator.py for tasks to queue
[2021-10-16 01:09:22,822] {logging_mixin.py:109} INFO - [2021-10-16 01:09:22,821] {dagbag.py:500} INFO - Filling up the DagBag from /home/airflow/.local/lib/python3.6/site-packages/airflow/example_dags/example_short_circuit_operator.py
[2021-10-16 01:09:22,864] {processor.py:632} INFO - DAG(s) dict_keys(['example_short_circuit_operator']) retrieved from /home/airflow/.local/lib/python3.6/site-packages/airflow/example_dags/example_short_circuit_operator.py
[2021-10-16 01:09:22,882] {logging_mixin.py:109} INFO - [2021-10-16 01:09:22,882] {dag.py:2389} INFO - Sync 1 DAGs
[2021-10-16 01:09:22,907] {logging_mixin.py:109} INFO - [2021-10-16 01:09:22,907] {dag.py:2914} INFO - Setting next_dagrun for example_short_circuit_operator to 2021-10-15T01:09:22.906998+00:00
[2021-10-16 01:09:22,924] {processor.py:171} INFO - Processing /home/airflow/.local/lib/python3.6/site-packages/airflow/example_dags/example_short_circuit_operator.py took 0.113 seconds
[2021-10-16 01:09:53,191] {processor.py:163} INFO - Started process (PID=1864) to work on /home/airflow/.local/lib/python3.6/site-packages/airflow/example_dags/example_short_circuit_operator.py
[2021-10-16 01:09:53,193] {processor.py:620} INFO - Processing file /home/airflow/.local/lib/python3.6/site-packages/airflow/example_dags/example_short_circuit_operator.py for tasks to queue
[2021-10-16 01:09:53,194] {logging_mixin.py:109} INFO - [2021-10-16 01:09:53,194] {dagbag.py:500} INFO - Filling up the DagBag from /home/airflow/.local/lib/python3.6/site-packages/airflow/example_dags/example_short_circuit_operator.py
[2021-10-16 01:09:53,236] {processor.py:632} INFO - DAG(s) dict_keys(['example_short_circuit_operator']) retrieved from /home/airflow/.local/lib/python3.6/site-packages/airflow/example_dags/example_short_circuit_operator.py
[2021-10-16 01:09:53,251] {logging_mixin.py:109} INFO - [2021-10-16 01:09:53,251] {dag.py:2389} INFO - Sync 1 DAGs
[2021-10-16 01:09:53,273] {logging_mixin.py:109} INFO - [2021-10-16 01:09:53,273] {dag.py:2914} INFO - Setting next_dagrun for example_short_circuit_operator to 2021-10-15T01:09:53.272591+00:00
[2021-10-16 01:09:53,288] {processor.py:171} INFO - Processing /home/airflow/.local/lib/python3.6/site-packages/airflow/example_dags/example_short_circuit_operator.py took 0.103 seconds
[2021-10-16 01:10:23,661] {processor.py:163} INFO - Started process (PID=1917) to work on /home/airflow/.local/lib/python3.6/site-packages/airflow/example_dags/example_short_circuit_operator.py
[2021-10-16 01:10:23,748] {processor.py:620} INFO - Processing file /home/airflow/.local/lib/python3.6/site-packages/airflow/example_dags/example_short_circuit_operator.py for tasks to queue
[2021-10-16 01:10:23,757] {logging_mixin.py:109} INFO - [2021-10-16 01:10:23,757] {dagbag.py:500} INFO - Filling up the DagBag from /home/airflow/.local/lib/python3.6/site-packages/airflow/example_dags/example_short_circuit_operator.py
[2021-10-16 01:10:24,074] {processor.py:632} INFO - DAG(s) dict_keys(['example_short_circuit_operator']) retrieved from /home/airflow/.local/lib/python3.6/site-packages/airflow/example_dags/example_short_circuit_operator.py
[2021-10-16 01:10:24,142] {logging_mixin.py:109} INFO - [2021-10-16 01:10:24,141] {dag.py:2389} INFO - Sync 1 DAGs
[2021-10-16 01:10:24,213] {logging_mixin.py:109} INFO - [2021-10-16 01:10:24,213] {dag.py:2914} INFO - Setting next_dagrun for example_short_circuit_operator to 2021-10-15T01:10:24.213059+00:00
[2021-10-16 01:10:24,252] {processor.py:171} INFO - Processing /home/airflow/.local/lib/python3.6/site-packages/airflow/example_dags/example_short_circuit_operator.py took 0.617 seconds
[2021-10-16 01:10:55,024] {processor.py:163} INFO - Started process (PID=1974) to work on /home/airflow/.local/lib/python3.6/site-packages/airflow/example_dags/example_short_circuit_operator.py
[2021-10-16 01:10:55,027] {processor.py:620} INFO - Processing file /home/airflow/.local/lib/python3.6/site-packages/airflow/example_dags/example_short_circuit_operator.py for tasks to queue
[2021-10-16 01:10:55,029] {logging_mixin.py:109} INFO - [2021-10-16 01:10:55,029] {dagbag.py:500} INFO - Filling up the DagBag from /home/airflow/.local/lib/python3.6/site-packages/airflow/example_dags/example_short_circuit_operator.py
[2021-10-16 01:10:55,080] {processor.py:632} INFO - DAG(s) dict_keys(['example_short_circuit_operator']) retrieved from /home/airflow/.local/lib/python3.6/site-packages/airflow/example_dags/example_short_circuit_operator.py
[2021-10-16 01:10:55,095] {logging_mixin.py:109} INFO - [2021-10-16 01:10:55,095] {dag.py:2389} INFO - Sync 1 DAGs
[2021-10-16 01:10:55,117] {logging_mixin.py:109} INFO - [2021-10-16 01:10:55,117] {dag.py:2914} INFO - Setting next_dagrun for example_short_circuit_operator to 2021-10-15T01:10:55.117039+00:00
[2021-10-16 01:10:55,133] {processor.py:171} INFO - Processing /home/airflow/.local/lib/python3.6/site-packages/airflow/example_dags/example_short_circuit_operator.py took 0.115 seconds
[2021-10-16 01:11:25,233] {processor.py:163} INFO - Started process (PID=2028) to work on /home/airflow/.local/lib/python3.6/site-packages/airflow/example_dags/example_short_circuit_operator.py
[2021-10-16 01:11:25,237] {processor.py:620} INFO - Processing file /home/airflow/.local/lib/python3.6/site-packages/airflow/example_dags/example_short_circuit_operator.py for tasks to queue
[2021-10-16 01:11:25,240] {logging_mixin.py:109} INFO - [2021-10-16 01:11:25,240] {dagbag.py:500} INFO - Filling up the DagBag from /home/airflow/.local/lib/python3.6/site-packages/airflow/example_dags/example_short_circuit_operator.py
[2021-10-16 01:11:25,280] {processor.py:632} INFO - DAG(s) dict_keys(['example_short_circuit_operator']) retrieved from /home/airflow/.local/lib/python3.6/site-packages/airflow/example_dags/example_short_circuit_operator.py
[2021-10-16 01:11:25,297] {logging_mixin.py:109} INFO - [2021-10-16 01:11:25,297] {dag.py:2389} INFO - Sync 1 DAGs
[2021-10-16 01:11:25,319] {logging_mixin.py:109} INFO - [2021-10-16 01:11:25,319] {dag.py:2914} INFO - Setting next_dagrun for example_short_circuit_operator to 2021-10-15T01:11:25.319294+00:00
[2021-10-16 01:11:25,332] {processor.py:171} INFO - Processing /home/airflow/.local/lib/python3.6/site-packages/airflow/example_dags/example_short_circuit_operator.py took 0.104 seconds
[2021-10-16 01:11:55,509] {processor.py:163} INFO - Started process (PID=2092) to work on /home/airflow/.local/lib/python3.6/site-packages/airflow/example_dags/example_short_circuit_operator.py
[2021-10-16 01:11:55,517] {processor.py:620} INFO - Processing file /home/airflow/.local/lib/python3.6/site-packages/airflow/example_dags/example_short_circuit_operator.py for tasks to queue
[2021-10-16 01:11:55,519] {logging_mixin.py:109} INFO - [2021-10-16 01:11:55,519] {dagbag.py:500} INFO - Filling up the DagBag from /home/airflow/.local/lib/python3.6/site-packages/airflow/example_dags/example_short_circuit_operator.py
[2021-10-16 01:11:55,600] {processor.py:632} INFO - DAG(s) dict_keys(['example_short_circuit_operator']) retrieved from /home/airflow/.local/lib/python3.6/site-packages/airflow/example_dags/example_short_circuit_operator.py
[2021-10-16 01:11:55,641] {logging_mixin.py:109} INFO - [2021-10-16 01:11:55,641] {dag.py:2389} INFO - Sync 1 DAGs
[2021-10-16 01:11:55,690] {logging_mixin.py:109} INFO - [2021-10-16 01:11:55,688] {dag.py:2914} INFO - Setting next_dagrun for example_short_circuit_operator to 2021-10-15T01:11:55.688095+00:00
[2021-10-16 01:11:55,721] {processor.py:171} INFO - Processing /home/airflow/.local/lib/python3.6/site-packages/airflow/example_dags/example_short_circuit_operator.py took 0.229 seconds
[2021-10-16 01:12:25,831] {processor.py:163} INFO - Started process (PID=2149) to work on /home/airflow/.local/lib/python3.6/site-packages/airflow/example_dags/example_short_circuit_operator.py
[2021-10-16 01:12:25,833] {processor.py:620} INFO - Processing file /home/airflow/.local/lib/python3.6/site-packages/airflow/example_dags/example_short_circuit_operator.py for tasks to queue
[2021-10-16 01:12:25,835] {logging_mixin.py:109} INFO - [2021-10-16 01:12:25,835] {dagbag.py:500} INFO - Filling up the DagBag from /home/airflow/.local/lib/python3.6/site-packages/airflow/example_dags/example_short_circuit_operator.py
[2021-10-16 01:12:25,885] {processor.py:632} INFO - DAG(s) dict_keys(['example_short_circuit_operator']) retrieved from /home/airflow/.local/lib/python3.6/site-packages/airflow/example_dags/example_short_circuit_operator.py
[2021-10-16 01:12:25,901] {logging_mixin.py:109} INFO - [2021-10-16 01:12:25,901] {dag.py:2389} INFO - Sync 1 DAGs
[2021-10-16 01:12:25,919] {logging_mixin.py:109} INFO - [2021-10-16 01:12:25,919] {dag.py:2914} INFO - Setting next_dagrun for example_short_circuit_operator to 2021-10-15T01:12:25.919607+00:00
[2021-10-16 01:12:25,937] {processor.py:171} INFO - Processing /home/airflow/.local/lib/python3.6/site-packages/airflow/example_dags/example_short_circuit_operator.py took 0.110 seconds
[2021-10-16 01:12:56,035] {processor.py:163} INFO - Started process (PID=2202) to work on /home/airflow/.local/lib/python3.6/site-packages/airflow/example_dags/example_short_circuit_operator.py
[2021-10-16 01:12:56,039] {processor.py:620} INFO - Processing file /home/airflow/.local/lib/python3.6/site-packages/airflow/example_dags/example_short_circuit_operator.py for tasks to queue
[2021-10-16 01:12:56,040] {logging_mixin.py:109} INFO - [2021-10-16 01:12:56,040] {dagbag.py:500} INFO - Filling up the DagBag from /home/airflow/.local/lib/python3.6/site-packages/airflow/example_dags/example_short_circuit_operator.py
[2021-10-16 01:12:56,074] {processor.py:632} INFO - DAG(s) dict_keys(['example_short_circuit_operator']) retrieved from /home/airflow/.local/lib/python3.6/site-packages/airflow/example_dags/example_short_circuit_operator.py
[2021-10-16 01:12:56,087] {logging_mixin.py:109} INFO - [2021-10-16 01:12:56,087] {dag.py:2389} INFO - Sync 1 DAGs
[2021-10-16 01:12:56,108] {logging_mixin.py:109} INFO - [2021-10-16 01:12:56,108] {dag.py:2914} INFO - Setting next_dagrun for example_short_circuit_operator to 2021-10-15T01:12:56.108008+00:00
[2021-10-16 01:12:56,123] {processor.py:171} INFO - Processing /home/airflow/.local/lib/python3.6/site-packages/airflow/example_dags/example_short_circuit_operator.py took 0.093 seconds
[2021-10-16 01:13:26,509] {processor.py:163} INFO - Started process (PID=2256) to work on /home/airflow/.local/lib/python3.6/site-packages/airflow/example_dags/example_short_circuit_operator.py
[2021-10-16 01:13:26,517] {processor.py:620} INFO - Processing file /home/airflow/.local/lib/python3.6/site-packages/airflow/example_dags/example_short_circuit_operator.py for tasks to queue
[2021-10-16 01:13:26,519] {logging_mixin.py:109} INFO - [2021-10-16 01:13:26,519] {dagbag.py:500} INFO - Filling up the DagBag from /home/airflow/.local/lib/python3.6/site-packages/airflow/example_dags/example_short_circuit_operator.py
[2021-10-16 01:13:26,563] {processor.py:632} INFO - DAG(s) dict_keys(['example_short_circuit_operator']) retrieved from /home/airflow/.local/lib/python3.6/site-packages/airflow/example_dags/example_short_circuit_operator.py
[2021-10-16 01:13:26,578] {logging_mixin.py:109} INFO - [2021-10-16 01:13:26,578] {dag.py:2389} INFO - Sync 1 DAGs
[2021-10-16 01:13:26,601] {logging_mixin.py:109} INFO - [2021-10-16 01:13:26,601] {dag.py:2914} INFO - Setting next_dagrun for example_short_circuit_operator to 2021-10-15T01:13:26.601062+00:00
[2021-10-16 01:13:26,620] {processor.py:171} INFO - Processing /home/airflow/.local/lib/python3.6/site-packages/airflow/example_dags/example_short_circuit_operator.py took 0.117 seconds
[2021-10-16 01:13:57,329] {processor.py:163} INFO - Started process (PID=2313) to work on /home/airflow/.local/lib/python3.6/site-packages/airflow/example_dags/example_short_circuit_operator.py
[2021-10-16 01:13:57,332] {processor.py:620} INFO - Processing file /home/airflow/.local/lib/python3.6/site-packages/airflow/example_dags/example_short_circuit_operator.py for tasks to queue
[2021-10-16 01:13:57,334] {logging_mixin.py:109} INFO - [2021-10-16 01:13:57,333] {dagbag.py:500} INFO - Filling up the DagBag from /home/airflow/.local/lib/python3.6/site-packages/airflow/example_dags/example_short_circuit_operator.py
[2021-10-16 01:13:57,376] {processor.py:632} INFO - DAG(s) dict_keys(['example_short_circuit_operator']) retrieved from /home/airflow/.local/lib/python3.6/site-packages/airflow/example_dags/example_short_circuit_operator.py
[2021-10-16 01:13:57,393] {logging_mixin.py:109} INFO - [2021-10-16 01:13:57,393] {dag.py:2389} INFO - Sync 1 DAGs
[2021-10-16 01:13:57,415] {logging_mixin.py:109} INFO - [2021-10-16 01:13:57,415] {dag.py:2914} INFO - Setting next_dagrun for example_short_circuit_operator to 2021-10-15T01:13:57.414930+00:00
[2021-10-16 01:13:57,431] {processor.py:171} INFO - Processing /home/airflow/.local/lib/python3.6/site-packages/airflow/example_dags/example_short_circuit_operator.py took 0.107 seconds
[2021-10-16 01:14:28,295] {processor.py:163} INFO - Started process (PID=2367) to work on /home/airflow/.local/lib/python3.6/site-packages/airflow/example_dags/example_short_circuit_operator.py
[2021-10-16 01:14:28,303] {processor.py:620} INFO - Processing file /home/airflow/.local/lib/python3.6/site-packages/airflow/example_dags/example_short_circuit_operator.py for tasks to queue
[2021-10-16 01:14:28,305] {logging_mixin.py:109} INFO - [2021-10-16 01:14:28,304] {dagbag.py:500} INFO - Filling up the DagBag from /home/airflow/.local/lib/python3.6/site-packages/airflow/example_dags/example_short_circuit_operator.py
[2021-10-16 01:14:28,347] {processor.py:632} INFO - DAG(s) dict_keys(['example_short_circuit_operator']) retrieved from /home/airflow/.local/lib/python3.6/site-packages/airflow/example_dags/example_short_circuit_operator.py
[2021-10-16 01:14:28,373] {logging_mixin.py:109} INFO - [2021-10-16 01:14:28,373] {dag.py:2389} INFO - Sync 1 DAGs
[2021-10-16 01:14:28,403] {logging_mixin.py:109} INFO - [2021-10-16 01:14:28,403] {dag.py:2914} INFO - Setting next_dagrun for example_short_circuit_operator to 2021-10-15T01:14:28.403260+00:00
[2021-10-16 01:14:28,420] {processor.py:171} INFO - Processing /home/airflow/.local/lib/python3.6/site-packages/airflow/example_dags/example_short_circuit_operator.py took 0.132 seconds
[2021-10-16 01:14:58,541] {processor.py:163} INFO - Started process (PID=2421) to work on /home/airflow/.local/lib/python3.6/site-packages/airflow/example_dags/example_short_circuit_operator.py
[2021-10-16 01:14:58,543] {processor.py:620} INFO - Processing file /home/airflow/.local/lib/python3.6/site-packages/airflow/example_dags/example_short_circuit_operator.py for tasks to queue
[2021-10-16 01:14:58,544] {logging_mixin.py:109} INFO - [2021-10-16 01:14:58,544] {dagbag.py:500} INFO - Filling up the DagBag from /home/airflow/.local/lib/python3.6/site-packages/airflow/example_dags/example_short_circuit_operator.py
[2021-10-16 01:14:58,577] {processor.py:632} INFO - DAG(s) dict_keys(['example_short_circuit_operator']) retrieved from /home/airflow/.local/lib/python3.6/site-packages/airflow/example_dags/example_short_circuit_operator.py
[2021-10-16 01:14:58,590] {logging_mixin.py:109} INFO - [2021-10-16 01:14:58,589] {dag.py:2389} INFO - Sync 1 DAGs
[2021-10-16 01:14:58,607] {logging_mixin.py:109} INFO - [2021-10-16 01:14:58,607] {dag.py:2914} INFO - Setting next_dagrun for example_short_circuit_operator to 2021-10-15T01:14:58.607152+00:00
[2021-10-16 01:14:58,620] {processor.py:171} INFO - Processing /home/airflow/.local/lib/python3.6/site-packages/airflow/example_dags/example_short_circuit_operator.py took 0.086 seconds
