[2021-10-16 00:54:03,088] {processor.py:163} INFO - Started process (PID=89) to work on /home/airflow/.local/lib/python3.6/site-packages/airflow/example_dags/example_skip_dag.py
[2021-10-16 00:54:03,096] {processor.py:620} INFO - Processing file /home/airflow/.local/lib/python3.6/site-packages/airflow/example_dags/example_skip_dag.py for tasks to queue
[2021-10-16 00:54:03,103] {logging_mixin.py:109} INFO - [2021-10-16 00:54:03,102] {dagbag.py:500} INFO - Filling up the DagBag from /home/airflow/.local/lib/python3.6/site-packages/airflow/example_dags/example_skip_dag.py
[2021-10-16 00:54:03,247] {processor.py:632} INFO - DAG(s) dict_keys(['example_skip_dag']) retrieved from /home/airflow/.local/lib/python3.6/site-packages/airflow/example_dags/example_skip_dag.py
[2021-10-16 00:54:03,311] {logging_mixin.py:109} INFO - [2021-10-16 00:54:03,311] {dag.py:2389} INFO - Sync 1 DAGs
[2021-10-16 00:54:03,398] {logging_mixin.py:109} INFO - [2021-10-16 00:54:03,398] {dag.py:2914} INFO - Setting next_dagrun for example_skip_dag to 2021-10-15T00:54:03.398127+00:00
[2021-10-16 00:54:03,427] {processor.py:171} INFO - Processing /home/airflow/.local/lib/python3.6/site-packages/airflow/example_dags/example_skip_dag.py took 0.388 seconds
[2021-10-16 00:54:33,735] {processor.py:163} INFO - Started process (PID=130) to work on /home/airflow/.local/lib/python3.6/site-packages/airflow/example_dags/example_skip_dag.py
[2021-10-16 00:54:33,737] {processor.py:620} INFO - Processing file /home/airflow/.local/lib/python3.6/site-packages/airflow/example_dags/example_skip_dag.py for tasks to queue
[2021-10-16 00:54:33,739] {logging_mixin.py:109} INFO - [2021-10-16 00:54:33,739] {dagbag.py:500} INFO - Filling up the DagBag from /home/airflow/.local/lib/python3.6/site-packages/airflow/example_dags/example_skip_dag.py
[2021-10-16 00:54:33,769] {processor.py:632} INFO - DAG(s) dict_keys(['example_skip_dag']) retrieved from /home/airflow/.local/lib/python3.6/site-packages/airflow/example_dags/example_skip_dag.py
[2021-10-16 00:54:33,785] {logging_mixin.py:109} INFO - [2021-10-16 00:54:33,784] {dag.py:2389} INFO - Sync 1 DAGs
[2021-10-16 00:54:33,805] {logging_mixin.py:109} INFO - [2021-10-16 00:54:33,805] {dag.py:2914} INFO - Setting next_dagrun for example_skip_dag to 2021-10-15T00:54:33.805587+00:00
[2021-10-16 00:54:33,814] {processor.py:171} INFO - Processing /home/airflow/.local/lib/python3.6/site-packages/airflow/example_dags/example_skip_dag.py took 0.084 seconds
[2021-10-16 00:55:04,339] {processor.py:163} INFO - Started process (PID=183) to work on /home/airflow/.local/lib/python3.6/site-packages/airflow/example_dags/example_skip_dag.py
[2021-10-16 00:55:04,343] {processor.py:620} INFO - Processing file /home/airflow/.local/lib/python3.6/site-packages/airflow/example_dags/example_skip_dag.py for tasks to queue
[2021-10-16 00:55:04,351] {logging_mixin.py:109} INFO - [2021-10-16 00:55:04,351] {dagbag.py:500} INFO - Filling up the DagBag from /home/airflow/.local/lib/python3.6/site-packages/airflow/example_dags/example_skip_dag.py
[2021-10-16 00:55:04,454] {processor.py:632} INFO - DAG(s) dict_keys(['example_skip_dag']) retrieved from /home/airflow/.local/lib/python3.6/site-packages/airflow/example_dags/example_skip_dag.py
[2021-10-16 00:55:04,506] {logging_mixin.py:109} INFO - [2021-10-16 00:55:04,506] {dag.py:2389} INFO - Sync 1 DAGs
[2021-10-16 00:55:04,533] {logging_mixin.py:109} INFO - [2021-10-16 00:55:04,533] {dag.py:2914} INFO - Setting next_dagrun for example_skip_dag to 2021-10-15T00:55:04.533233+00:00
[2021-10-16 00:55:04,547] {processor.py:171} INFO - Processing /home/airflow/.local/lib/python3.6/site-packages/airflow/example_dags/example_skip_dag.py took 0.212 seconds
[2021-10-16 00:55:35,051] {processor.py:163} INFO - Started process (PID=248) to work on /home/airflow/.local/lib/python3.6/site-packages/airflow/example_dags/example_skip_dag.py
[2021-10-16 00:55:35,055] {processor.py:620} INFO - Processing file /home/airflow/.local/lib/python3.6/site-packages/airflow/example_dags/example_skip_dag.py for tasks to queue
[2021-10-16 00:55:35,056] {logging_mixin.py:109} INFO - [2021-10-16 00:55:35,056] {dagbag.py:500} INFO - Filling up the DagBag from /home/airflow/.local/lib/python3.6/site-packages/airflow/example_dags/example_skip_dag.py
[2021-10-16 00:55:35,099] {processor.py:632} INFO - DAG(s) dict_keys(['example_skip_dag']) retrieved from /home/airflow/.local/lib/python3.6/site-packages/airflow/example_dags/example_skip_dag.py
[2021-10-16 00:55:35,120] {logging_mixin.py:109} INFO - [2021-10-16 00:55:35,119] {dag.py:2389} INFO - Sync 1 DAGs
[2021-10-16 00:55:35,153] {logging_mixin.py:109} INFO - [2021-10-16 00:55:35,153] {dag.py:2914} INFO - Setting next_dagrun for example_skip_dag to 2021-10-15T00:55:35.152732+00:00
[2021-10-16 00:55:35,227] {processor.py:171} INFO - Processing /home/airflow/.local/lib/python3.6/site-packages/airflow/example_dags/example_skip_dag.py took 0.183 seconds
[2021-10-16 00:56:05,547] {processor.py:163} INFO - Started process (PID=303) to work on /home/airflow/.local/lib/python3.6/site-packages/airflow/example_dags/example_skip_dag.py
[2021-10-16 00:56:05,556] {processor.py:620} INFO - Processing file /home/airflow/.local/lib/python3.6/site-packages/airflow/example_dags/example_skip_dag.py for tasks to queue
[2021-10-16 00:56:05,561] {logging_mixin.py:109} INFO - [2021-10-16 00:56:05,561] {dagbag.py:500} INFO - Filling up the DagBag from /home/airflow/.local/lib/python3.6/site-packages/airflow/example_dags/example_skip_dag.py
[2021-10-16 00:56:05,647] {processor.py:632} INFO - DAG(s) dict_keys(['example_skip_dag']) retrieved from /home/airflow/.local/lib/python3.6/site-packages/airflow/example_dags/example_skip_dag.py
[2021-10-16 00:56:05,930] {logging_mixin.py:109} INFO - [2021-10-16 00:56:05,930] {dag.py:2389} INFO - Sync 1 DAGs
[2021-10-16 00:56:06,010] {logging_mixin.py:109} INFO - [2021-10-16 00:56:06,010] {dag.py:2914} INFO - Setting next_dagrun for example_skip_dag to 2021-10-15T00:56:06.010040+00:00
[2021-10-16 00:56:06,048] {processor.py:171} INFO - Processing /home/airflow/.local/lib/python3.6/site-packages/airflow/example_dags/example_skip_dag.py took 0.509 seconds
[2021-10-16 00:56:36,515] {processor.py:163} INFO - Started process (PID=357) to work on /home/airflow/.local/lib/python3.6/site-packages/airflow/example_dags/example_skip_dag.py
[2021-10-16 00:56:36,525] {processor.py:620} INFO - Processing file /home/airflow/.local/lib/python3.6/site-packages/airflow/example_dags/example_skip_dag.py for tasks to queue
[2021-10-16 00:56:36,529] {logging_mixin.py:109} INFO - [2021-10-16 00:56:36,529] {dagbag.py:500} INFO - Filling up the DagBag from /home/airflow/.local/lib/python3.6/site-packages/airflow/example_dags/example_skip_dag.py
[2021-10-16 00:56:36,564] {processor.py:632} INFO - DAG(s) dict_keys(['example_skip_dag']) retrieved from /home/airflow/.local/lib/python3.6/site-packages/airflow/example_dags/example_skip_dag.py
[2021-10-16 00:56:36,576] {logging_mixin.py:109} INFO - [2021-10-16 00:56:36,576] {dag.py:2389} INFO - Sync 1 DAGs
[2021-10-16 00:56:36,593] {logging_mixin.py:109} INFO - [2021-10-16 00:56:36,592] {dag.py:2914} INFO - Setting next_dagrun for example_skip_dag to 2021-10-15T00:56:36.592682+00:00
[2021-10-16 00:56:36,610] {processor.py:171} INFO - Processing /home/airflow/.local/lib/python3.6/site-packages/airflow/example_dags/example_skip_dag.py took 0.099 seconds
[2021-10-16 00:57:06,804] {processor.py:163} INFO - Started process (PID=412) to work on /home/airflow/.local/lib/python3.6/site-packages/airflow/example_dags/example_skip_dag.py
[2021-10-16 00:57:06,808] {processor.py:620} INFO - Processing file /home/airflow/.local/lib/python3.6/site-packages/airflow/example_dags/example_skip_dag.py for tasks to queue
[2021-10-16 00:57:06,810] {logging_mixin.py:109} INFO - [2021-10-16 00:57:06,810] {dagbag.py:500} INFO - Filling up the DagBag from /home/airflow/.local/lib/python3.6/site-packages/airflow/example_dags/example_skip_dag.py
[2021-10-16 00:57:06,845] {processor.py:632} INFO - DAG(s) dict_keys(['example_skip_dag']) retrieved from /home/airflow/.local/lib/python3.6/site-packages/airflow/example_dags/example_skip_dag.py
[2021-10-16 00:57:06,873] {logging_mixin.py:109} INFO - [2021-10-16 00:57:06,873] {dag.py:2389} INFO - Sync 1 DAGs
[2021-10-16 00:57:06,899] {logging_mixin.py:109} INFO - [2021-10-16 00:57:06,898] {dag.py:2914} INFO - Setting next_dagrun for example_skip_dag to 2021-10-15T00:57:06.893309+00:00
[2021-10-16 00:57:06,914] {processor.py:171} INFO - Processing /home/airflow/.local/lib/python3.6/site-packages/airflow/example_dags/example_skip_dag.py took 0.119 seconds
[2021-10-16 00:57:37,409] {processor.py:163} INFO - Started process (PID=479) to work on /home/airflow/.local/lib/python3.6/site-packages/airflow/example_dags/example_skip_dag.py
[2021-10-16 00:57:37,416] {processor.py:620} INFO - Processing file /home/airflow/.local/lib/python3.6/site-packages/airflow/example_dags/example_skip_dag.py for tasks to queue
[2021-10-16 00:57:37,420] {logging_mixin.py:109} INFO - [2021-10-16 00:57:37,419] {dagbag.py:500} INFO - Filling up the DagBag from /home/airflow/.local/lib/python3.6/site-packages/airflow/example_dags/example_skip_dag.py
[2021-10-16 00:57:37,541] {processor.py:632} INFO - DAG(s) dict_keys(['example_skip_dag']) retrieved from /home/airflow/.local/lib/python3.6/site-packages/airflow/example_dags/example_skip_dag.py
[2021-10-16 00:57:37,589] {logging_mixin.py:109} INFO - [2021-10-16 00:57:37,589] {dag.py:2389} INFO - Sync 1 DAGs
[2021-10-16 00:57:37,632] {logging_mixin.py:109} INFO - [2021-10-16 00:57:37,632] {dag.py:2914} INFO - Setting next_dagrun for example_skip_dag to 2021-10-15T00:57:37.632193+00:00
[2021-10-16 00:57:37,654] {processor.py:171} INFO - Processing /home/airflow/.local/lib/python3.6/site-packages/airflow/example_dags/example_skip_dag.py took 0.255 seconds
[2021-10-16 00:58:08,123] {processor.py:163} INFO - Started process (PID=532) to work on /home/airflow/.local/lib/python3.6/site-packages/airflow/example_dags/example_skip_dag.py
[2021-10-16 00:58:08,126] {processor.py:620} INFO - Processing file /home/airflow/.local/lib/python3.6/site-packages/airflow/example_dags/example_skip_dag.py for tasks to queue
[2021-10-16 00:58:08,128] {logging_mixin.py:109} INFO - [2021-10-16 00:58:08,128] {dagbag.py:500} INFO - Filling up the DagBag from /home/airflow/.local/lib/python3.6/site-packages/airflow/example_dags/example_skip_dag.py
[2021-10-16 00:58:08,167] {processor.py:632} INFO - DAG(s) dict_keys(['example_skip_dag']) retrieved from /home/airflow/.local/lib/python3.6/site-packages/airflow/example_dags/example_skip_dag.py
[2021-10-16 00:58:08,184] {logging_mixin.py:109} INFO - [2021-10-16 00:58:08,183] {dag.py:2389} INFO - Sync 1 DAGs
[2021-10-16 00:58:08,207] {logging_mixin.py:109} INFO - [2021-10-16 00:58:08,207] {dag.py:2914} INFO - Setting next_dagrun for example_skip_dag to 2021-10-15T00:58:08.207539+00:00
[2021-10-16 00:58:08,223] {processor.py:171} INFO - Processing /home/airflow/.local/lib/python3.6/site-packages/airflow/example_dags/example_skip_dag.py took 0.118 seconds
[2021-10-16 00:58:38,735] {processor.py:163} INFO - Started process (PID=585) to work on /home/airflow/.local/lib/python3.6/site-packages/airflow/example_dags/example_skip_dag.py
[2021-10-16 00:58:38,739] {processor.py:620} INFO - Processing file /home/airflow/.local/lib/python3.6/site-packages/airflow/example_dags/example_skip_dag.py for tasks to queue
[2021-10-16 00:58:38,743] {logging_mixin.py:109} INFO - [2021-10-16 00:58:38,742] {dagbag.py:500} INFO - Filling up the DagBag from /home/airflow/.local/lib/python3.6/site-packages/airflow/example_dags/example_skip_dag.py
[2021-10-16 00:58:38,781] {processor.py:632} INFO - DAG(s) dict_keys(['example_skip_dag']) retrieved from /home/airflow/.local/lib/python3.6/site-packages/airflow/example_dags/example_skip_dag.py
[2021-10-16 00:58:38,799] {logging_mixin.py:109} INFO - [2021-10-16 00:58:38,799] {dag.py:2389} INFO - Sync 1 DAGs
[2021-10-16 00:58:38,823] {logging_mixin.py:109} INFO - [2021-10-16 00:58:38,823] {dag.py:2914} INFO - Setting next_dagrun for example_skip_dag to 2021-10-15T00:58:38.823209+00:00
[2021-10-16 00:58:38,838] {processor.py:171} INFO - Processing /home/airflow/.local/lib/python3.6/site-packages/airflow/example_dags/example_skip_dag.py took 0.109 seconds
[2021-10-16 00:59:09,645] {processor.py:163} INFO - Started process (PID=640) to work on /home/airflow/.local/lib/python3.6/site-packages/airflow/example_dags/example_skip_dag.py
[2021-10-16 00:59:09,648] {processor.py:620} INFO - Processing file /home/airflow/.local/lib/python3.6/site-packages/airflow/example_dags/example_skip_dag.py for tasks to queue
[2021-10-16 00:59:09,651] {logging_mixin.py:109} INFO - [2021-10-16 00:59:09,651] {dagbag.py:500} INFO - Filling up the DagBag from /home/airflow/.local/lib/python3.6/site-packages/airflow/example_dags/example_skip_dag.py
[2021-10-16 00:59:09,691] {processor.py:632} INFO - DAG(s) dict_keys(['example_skip_dag']) retrieved from /home/airflow/.local/lib/python3.6/site-packages/airflow/example_dags/example_skip_dag.py
[2021-10-16 00:59:09,710] {logging_mixin.py:109} INFO - [2021-10-16 00:59:09,710] {dag.py:2389} INFO - Sync 1 DAGs
[2021-10-16 00:59:09,736] {logging_mixin.py:109} INFO - [2021-10-16 00:59:09,736] {dag.py:2914} INFO - Setting next_dagrun for example_skip_dag to 2021-10-15T00:59:09.736616+00:00
[2021-10-16 00:59:09,747] {processor.py:171} INFO - Processing /home/airflow/.local/lib/python3.6/site-packages/airflow/example_dags/example_skip_dag.py took 0.108 seconds
[2021-10-16 00:59:40,228] {processor.py:163} INFO - Started process (PID=711) to work on /home/airflow/.local/lib/python3.6/site-packages/airflow/example_dags/example_skip_dag.py
[2021-10-16 00:59:40,231] {processor.py:620} INFO - Processing file /home/airflow/.local/lib/python3.6/site-packages/airflow/example_dags/example_skip_dag.py for tasks to queue
[2021-10-16 00:59:40,234] {logging_mixin.py:109} INFO - [2021-10-16 00:59:40,233] {dagbag.py:500} INFO - Filling up the DagBag from /home/airflow/.local/lib/python3.6/site-packages/airflow/example_dags/example_skip_dag.py
[2021-10-16 00:59:40,290] {processor.py:632} INFO - DAG(s) dict_keys(['example_skip_dag']) retrieved from /home/airflow/.local/lib/python3.6/site-packages/airflow/example_dags/example_skip_dag.py
[2021-10-16 00:59:40,317] {logging_mixin.py:109} INFO - [2021-10-16 00:59:40,316] {dag.py:2389} INFO - Sync 1 DAGs
[2021-10-16 00:59:40,344] {logging_mixin.py:109} INFO - [2021-10-16 00:59:40,344] {dag.py:2914} INFO - Setting next_dagrun for example_skip_dag to 2021-10-15T00:59:40.344153+00:00
[2021-10-16 00:59:40,354] {processor.py:171} INFO - Processing /home/airflow/.local/lib/python3.6/site-packages/airflow/example_dags/example_skip_dag.py took 0.135 seconds
[2021-10-16 01:00:10,554] {processor.py:163} INFO - Started process (PID=764) to work on /home/airflow/.local/lib/python3.6/site-packages/airflow/example_dags/example_skip_dag.py
[2021-10-16 01:00:10,558] {processor.py:620} INFO - Processing file /home/airflow/.local/lib/python3.6/site-packages/airflow/example_dags/example_skip_dag.py for tasks to queue
[2021-10-16 01:00:10,559] {logging_mixin.py:109} INFO - [2021-10-16 01:00:10,559] {dagbag.py:500} INFO - Filling up the DagBag from /home/airflow/.local/lib/python3.6/site-packages/airflow/example_dags/example_skip_dag.py
[2021-10-16 01:00:10,626] {processor.py:632} INFO - DAG(s) dict_keys(['example_skip_dag']) retrieved from /home/airflow/.local/lib/python3.6/site-packages/airflow/example_dags/example_skip_dag.py
[2021-10-16 01:00:10,654] {logging_mixin.py:109} INFO - [2021-10-16 01:00:10,653] {dag.py:2389} INFO - Sync 1 DAGs
[2021-10-16 01:00:10,678] {logging_mixin.py:109} INFO - [2021-10-16 01:00:10,678] {dag.py:2914} INFO - Setting next_dagrun for example_skip_dag to 2021-10-15T01:00:10.677542+00:00
[2021-10-16 01:00:10,691] {processor.py:171} INFO - Processing /home/airflow/.local/lib/python3.6/site-packages/airflow/example_dags/example_skip_dag.py took 0.143 seconds
[2021-10-16 01:00:41,186] {processor.py:163} INFO - Started process (PID=819) to work on /home/airflow/.local/lib/python3.6/site-packages/airflow/example_dags/example_skip_dag.py
[2021-10-16 01:00:41,188] {processor.py:620} INFO - Processing file /home/airflow/.local/lib/python3.6/site-packages/airflow/example_dags/example_skip_dag.py for tasks to queue
[2021-10-16 01:00:41,190] {logging_mixin.py:109} INFO - [2021-10-16 01:00:41,190] {dagbag.py:500} INFO - Filling up the DagBag from /home/airflow/.local/lib/python3.6/site-packages/airflow/example_dags/example_skip_dag.py
[2021-10-16 01:00:41,223] {processor.py:632} INFO - DAG(s) dict_keys(['example_skip_dag']) retrieved from /home/airflow/.local/lib/python3.6/site-packages/airflow/example_dags/example_skip_dag.py
[2021-10-16 01:00:41,236] {logging_mixin.py:109} INFO - [2021-10-16 01:00:41,236] {dag.py:2389} INFO - Sync 1 DAGs
[2021-10-16 01:00:41,255] {logging_mixin.py:109} INFO - [2021-10-16 01:00:41,255] {dag.py:2914} INFO - Setting next_dagrun for example_skip_dag to 2021-10-15T01:00:41.255092+00:00
[2021-10-16 01:00:41,273] {processor.py:171} INFO - Processing /home/airflow/.local/lib/python3.6/site-packages/airflow/example_dags/example_skip_dag.py took 0.091 seconds
[2021-10-16 01:01:11,493] {processor.py:163} INFO - Started process (PID=874) to work on /home/airflow/.local/lib/python3.6/site-packages/airflow/example_dags/example_skip_dag.py
[2021-10-16 01:01:11,495] {processor.py:620} INFO - Processing file /home/airflow/.local/lib/python3.6/site-packages/airflow/example_dags/example_skip_dag.py for tasks to queue
[2021-10-16 01:01:11,497] {logging_mixin.py:109} INFO - [2021-10-16 01:01:11,497] {dagbag.py:500} INFO - Filling up the DagBag from /home/airflow/.local/lib/python3.6/site-packages/airflow/example_dags/example_skip_dag.py
[2021-10-16 01:01:11,549] {processor.py:632} INFO - DAG(s) dict_keys(['example_skip_dag']) retrieved from /home/airflow/.local/lib/python3.6/site-packages/airflow/example_dags/example_skip_dag.py
[2021-10-16 01:01:11,569] {logging_mixin.py:109} INFO - [2021-10-16 01:01:11,569] {dag.py:2389} INFO - Sync 1 DAGs
[2021-10-16 01:01:11,588] {logging_mixin.py:109} INFO - [2021-10-16 01:01:11,588] {dag.py:2914} INFO - Setting next_dagrun for example_skip_dag to 2021-10-15T01:01:11.588042+00:00
[2021-10-16 01:01:11,598] {processor.py:171} INFO - Processing /home/airflow/.local/lib/python3.6/site-packages/airflow/example_dags/example_skip_dag.py took 0.112 seconds
[2021-10-16 01:01:43,394] {processor.py:163} INFO - Started process (PID=940) to work on /home/airflow/.local/lib/python3.6/site-packages/airflow/example_dags/example_skip_dag.py
[2021-10-16 01:01:43,403] {processor.py:620} INFO - Processing file /home/airflow/.local/lib/python3.6/site-packages/airflow/example_dags/example_skip_dag.py for tasks to queue
[2021-10-16 01:01:43,406] {logging_mixin.py:109} INFO - [2021-10-16 01:01:43,406] {dagbag.py:500} INFO - Filling up the DagBag from /home/airflow/.local/lib/python3.6/site-packages/airflow/example_dags/example_skip_dag.py
[2021-10-16 01:01:43,451] {processor.py:632} INFO - DAG(s) dict_keys(['example_skip_dag']) retrieved from /home/airflow/.local/lib/python3.6/site-packages/airflow/example_dags/example_skip_dag.py
[2021-10-16 01:01:43,472] {logging_mixin.py:109} INFO - [2021-10-16 01:01:43,472] {dag.py:2389} INFO - Sync 1 DAGs
[2021-10-16 01:01:43,491] {logging_mixin.py:109} INFO - [2021-10-16 01:01:43,491] {dag.py:2914} INFO - Setting next_dagrun for example_skip_dag to 2021-10-15T01:01:43.490813+00:00
[2021-10-16 01:01:43,505] {processor.py:171} INFO - Processing /home/airflow/.local/lib/python3.6/site-packages/airflow/example_dags/example_skip_dag.py took 0.114 seconds
[2021-10-16 01:02:14,440] {processor.py:163} INFO - Started process (PID=997) to work on /home/airflow/.local/lib/python3.6/site-packages/airflow/example_dags/example_skip_dag.py
[2021-10-16 01:02:14,442] {processor.py:620} INFO - Processing file /home/airflow/.local/lib/python3.6/site-packages/airflow/example_dags/example_skip_dag.py for tasks to queue
[2021-10-16 01:02:14,443] {logging_mixin.py:109} INFO - [2021-10-16 01:02:14,443] {dagbag.py:500} INFO - Filling up the DagBag from /home/airflow/.local/lib/python3.6/site-packages/airflow/example_dags/example_skip_dag.py
[2021-10-16 01:02:14,474] {processor.py:632} INFO - DAG(s) dict_keys(['example_skip_dag']) retrieved from /home/airflow/.local/lib/python3.6/site-packages/airflow/example_dags/example_skip_dag.py
[2021-10-16 01:02:14,488] {logging_mixin.py:109} INFO - [2021-10-16 01:02:14,488] {dag.py:2389} INFO - Sync 1 DAGs
[2021-10-16 01:02:14,506] {logging_mixin.py:109} INFO - [2021-10-16 01:02:14,506] {dag.py:2914} INFO - Setting next_dagrun for example_skip_dag to 2021-10-15T01:02:14.506046+00:00
[2021-10-16 01:02:14,517] {processor.py:171} INFO - Processing /home/airflow/.local/lib/python3.6/site-packages/airflow/example_dags/example_skip_dag.py took 0.081 seconds
[2021-10-16 01:02:45,812] {processor.py:163} INFO - Started process (PID=1066) to work on /home/airflow/.local/lib/python3.6/site-packages/airflow/example_dags/example_skip_dag.py
[2021-10-16 01:02:45,814] {processor.py:620} INFO - Processing file /home/airflow/.local/lib/python3.6/site-packages/airflow/example_dags/example_skip_dag.py for tasks to queue
[2021-10-16 01:02:45,816] {logging_mixin.py:109} INFO - [2021-10-16 01:02:45,816] {dagbag.py:500} INFO - Filling up the DagBag from /home/airflow/.local/lib/python3.6/site-packages/airflow/example_dags/example_skip_dag.py
[2021-10-16 01:02:45,845] {processor.py:632} INFO - DAG(s) dict_keys(['example_skip_dag']) retrieved from /home/airflow/.local/lib/python3.6/site-packages/airflow/example_dags/example_skip_dag.py
[2021-10-16 01:02:45,861] {logging_mixin.py:109} INFO - [2021-10-16 01:02:45,861] {dag.py:2389} INFO - Sync 1 DAGs
[2021-10-16 01:02:45,882] {logging_mixin.py:109} INFO - [2021-10-16 01:02:45,882] {dag.py:2914} INFO - Setting next_dagrun for example_skip_dag to 2021-10-15T01:02:45.881997+00:00
[2021-10-16 01:02:45,894] {processor.py:171} INFO - Processing /home/airflow/.local/lib/python3.6/site-packages/airflow/example_dags/example_skip_dag.py took 0.087 seconds
[2021-10-16 01:03:16,274] {processor.py:163} INFO - Started process (PID=1118) to work on /home/airflow/.local/lib/python3.6/site-packages/airflow/example_dags/example_skip_dag.py
[2021-10-16 01:03:16,275] {processor.py:620} INFO - Processing file /home/airflow/.local/lib/python3.6/site-packages/airflow/example_dags/example_skip_dag.py for tasks to queue
[2021-10-16 01:03:16,277] {logging_mixin.py:109} INFO - [2021-10-16 01:03:16,277] {dagbag.py:500} INFO - Filling up the DagBag from /home/airflow/.local/lib/python3.6/site-packages/airflow/example_dags/example_skip_dag.py
[2021-10-16 01:03:16,304] {processor.py:632} INFO - DAG(s) dict_keys(['example_skip_dag']) retrieved from /home/airflow/.local/lib/python3.6/site-packages/airflow/example_dags/example_skip_dag.py
[2021-10-16 01:03:16,316] {logging_mixin.py:109} INFO - [2021-10-16 01:03:16,316] {dag.py:2389} INFO - Sync 1 DAGs
[2021-10-16 01:03:16,332] {logging_mixin.py:109} INFO - [2021-10-16 01:03:16,332] {dag.py:2914} INFO - Setting next_dagrun for example_skip_dag to 2021-10-15T01:03:16.332033+00:00
[2021-10-16 01:03:16,343] {processor.py:171} INFO - Processing /home/airflow/.local/lib/python3.6/site-packages/airflow/example_dags/example_skip_dag.py took 0.073 seconds
[2021-10-16 01:03:46,709] {processor.py:163} INFO - Started process (PID=1173) to work on /home/airflow/.local/lib/python3.6/site-packages/airflow/example_dags/example_skip_dag.py
[2021-10-16 01:03:46,712] {processor.py:620} INFO - Processing file /home/airflow/.local/lib/python3.6/site-packages/airflow/example_dags/example_skip_dag.py for tasks to queue
[2021-10-16 01:03:46,713] {logging_mixin.py:109} INFO - [2021-10-16 01:03:46,713] {dagbag.py:500} INFO - Filling up the DagBag from /home/airflow/.local/lib/python3.6/site-packages/airflow/example_dags/example_skip_dag.py
[2021-10-16 01:03:46,755] {processor.py:632} INFO - DAG(s) dict_keys(['example_skip_dag']) retrieved from /home/airflow/.local/lib/python3.6/site-packages/airflow/example_dags/example_skip_dag.py
[2021-10-16 01:03:46,768] {logging_mixin.py:109} INFO - [2021-10-16 01:03:46,768] {dag.py:2389} INFO - Sync 1 DAGs
[2021-10-16 01:03:46,789] {logging_mixin.py:109} INFO - [2021-10-16 01:03:46,789] {dag.py:2914} INFO - Setting next_dagrun for example_skip_dag to 2021-10-15T01:03:46.788765+00:00
[2021-10-16 01:03:46,808] {processor.py:171} INFO - Processing /home/airflow/.local/lib/python3.6/site-packages/airflow/example_dags/example_skip_dag.py took 0.105 seconds
[2021-10-16 01:04:18,553] {processor.py:163} INFO - Started process (PID=1239) to work on /home/airflow/.local/lib/python3.6/site-packages/airflow/example_dags/example_skip_dag.py
[2021-10-16 01:04:18,555] {processor.py:620} INFO - Processing file /home/airflow/.local/lib/python3.6/site-packages/airflow/example_dags/example_skip_dag.py for tasks to queue
[2021-10-16 01:04:18,557] {logging_mixin.py:109} INFO - [2021-10-16 01:04:18,556] {dagbag.py:500} INFO - Filling up the DagBag from /home/airflow/.local/lib/python3.6/site-packages/airflow/example_dags/example_skip_dag.py
[2021-10-16 01:04:18,654] {processor.py:632} INFO - DAG(s) dict_keys(['example_skip_dag']) retrieved from /home/airflow/.local/lib/python3.6/site-packages/airflow/example_dags/example_skip_dag.py
[2021-10-16 01:04:18,685] {logging_mixin.py:109} INFO - [2021-10-16 01:04:18,685] {dag.py:2389} INFO - Sync 1 DAGs
[2021-10-16 01:04:18,718] {logging_mixin.py:109} INFO - [2021-10-16 01:04:18,718] {dag.py:2914} INFO - Setting next_dagrun for example_skip_dag to 2021-10-15T01:04:18.717767+00:00
[2021-10-16 01:04:18,735] {processor.py:171} INFO - Processing /home/airflow/.local/lib/python3.6/site-packages/airflow/example_dags/example_skip_dag.py took 0.186 seconds
[2021-10-16 01:04:49,044] {processor.py:163} INFO - Started process (PID=1293) to work on /home/airflow/.local/lib/python3.6/site-packages/airflow/example_dags/example_skip_dag.py
[2021-10-16 01:04:49,046] {processor.py:620} INFO - Processing file /home/airflow/.local/lib/python3.6/site-packages/airflow/example_dags/example_skip_dag.py for tasks to queue
[2021-10-16 01:04:49,047] {logging_mixin.py:109} INFO - [2021-10-16 01:04:49,047] {dagbag.py:500} INFO - Filling up the DagBag from /home/airflow/.local/lib/python3.6/site-packages/airflow/example_dags/example_skip_dag.py
[2021-10-16 01:04:49,082] {processor.py:632} INFO - DAG(s) dict_keys(['example_skip_dag']) retrieved from /home/airflow/.local/lib/python3.6/site-packages/airflow/example_dags/example_skip_dag.py
[2021-10-16 01:04:49,101] {logging_mixin.py:109} INFO - [2021-10-16 01:04:49,100] {dag.py:2389} INFO - Sync 1 DAGs
[2021-10-16 01:04:49,130] {logging_mixin.py:109} INFO - [2021-10-16 01:04:49,130] {dag.py:2914} INFO - Setting next_dagrun for example_skip_dag to 2021-10-15T01:04:49.130180+00:00
[2021-10-16 01:04:49,147] {processor.py:171} INFO - Processing /home/airflow/.local/lib/python3.6/site-packages/airflow/example_dags/example_skip_dag.py took 0.112 seconds
[2021-10-16 01:05:20,748] {processor.py:163} INFO - Started process (PID=1348) to work on /home/airflow/.local/lib/python3.6/site-packages/airflow/example_dags/example_skip_dag.py
[2021-10-16 01:05:20,755] {processor.py:620} INFO - Processing file /home/airflow/.local/lib/python3.6/site-packages/airflow/example_dags/example_skip_dag.py for tasks to queue
[2021-10-16 01:05:20,756] {logging_mixin.py:109} INFO - [2021-10-16 01:05:20,756] {dagbag.py:500} INFO - Filling up the DagBag from /home/airflow/.local/lib/python3.6/site-packages/airflow/example_dags/example_skip_dag.py
[2021-10-16 01:05:20,893] {processor.py:632} INFO - DAG(s) dict_keys(['example_skip_dag']) retrieved from /home/airflow/.local/lib/python3.6/site-packages/airflow/example_dags/example_skip_dag.py
[2021-10-16 01:05:21,023] {logging_mixin.py:109} INFO - [2021-10-16 01:05:20,999] {dag.py:2389} INFO - Sync 1 DAGs
[2021-10-16 01:05:21,152] {logging_mixin.py:109} INFO - [2021-10-16 01:05:21,152] {dag.py:2914} INFO - Setting next_dagrun for example_skip_dag to 2021-10-15T01:05:21.152517+00:00
[2021-10-16 01:05:21,194] {processor.py:171} INFO - Processing /home/airflow/.local/lib/python3.6/site-packages/airflow/example_dags/example_skip_dag.py took 0.460 seconds
[2021-10-16 01:05:51,702] {processor.py:163} INFO - Started process (PID=1401) to work on /home/airflow/.local/lib/python3.6/site-packages/airflow/example_dags/example_skip_dag.py
[2021-10-16 01:05:51,705] {processor.py:620} INFO - Processing file /home/airflow/.local/lib/python3.6/site-packages/airflow/example_dags/example_skip_dag.py for tasks to queue
[2021-10-16 01:05:51,708] {logging_mixin.py:109} INFO - [2021-10-16 01:05:51,707] {dagbag.py:500} INFO - Filling up the DagBag from /home/airflow/.local/lib/python3.6/site-packages/airflow/example_dags/example_skip_dag.py
[2021-10-16 01:05:51,742] {processor.py:632} INFO - DAG(s) dict_keys(['example_skip_dag']) retrieved from /home/airflow/.local/lib/python3.6/site-packages/airflow/example_dags/example_skip_dag.py
[2021-10-16 01:05:51,756] {logging_mixin.py:109} INFO - [2021-10-16 01:05:51,756] {dag.py:2389} INFO - Sync 1 DAGs
[2021-10-16 01:05:51,776] {logging_mixin.py:109} INFO - [2021-10-16 01:05:51,775] {dag.py:2914} INFO - Setting next_dagrun for example_skip_dag to 2021-10-15T01:05:51.775639+00:00
[2021-10-16 01:05:51,787] {processor.py:171} INFO - Processing /home/airflow/.local/lib/python3.6/site-packages/airflow/example_dags/example_skip_dag.py took 0.088 seconds
[2021-10-16 01:06:22,368] {processor.py:163} INFO - Started process (PID=1467) to work on /home/airflow/.local/lib/python3.6/site-packages/airflow/example_dags/example_skip_dag.py
[2021-10-16 01:06:22,370] {processor.py:620} INFO - Processing file /home/airflow/.local/lib/python3.6/site-packages/airflow/example_dags/example_skip_dag.py for tasks to queue
[2021-10-16 01:06:22,371] {logging_mixin.py:109} INFO - [2021-10-16 01:06:22,371] {dagbag.py:500} INFO - Filling up the DagBag from /home/airflow/.local/lib/python3.6/site-packages/airflow/example_dags/example_skip_dag.py
[2021-10-16 01:06:22,423] {processor.py:632} INFO - DAG(s) dict_keys(['example_skip_dag']) retrieved from /home/airflow/.local/lib/python3.6/site-packages/airflow/example_dags/example_skip_dag.py
[2021-10-16 01:06:22,446] {logging_mixin.py:109} INFO - [2021-10-16 01:06:22,446] {dag.py:2389} INFO - Sync 1 DAGs
[2021-10-16 01:06:22,479] {logging_mixin.py:109} INFO - [2021-10-16 01:06:22,478] {dag.py:2914} INFO - Setting next_dagrun for example_skip_dag to 2021-10-15T01:06:22.478597+00:00
[2021-10-16 01:06:22,493] {processor.py:171} INFO - Processing /home/airflow/.local/lib/python3.6/site-packages/airflow/example_dags/example_skip_dag.py took 0.129 seconds
[2021-10-16 01:06:52,780] {processor.py:163} INFO - Started process (PID=1520) to work on /home/airflow/.local/lib/python3.6/site-packages/airflow/example_dags/example_skip_dag.py
[2021-10-16 01:06:52,782] {processor.py:620} INFO - Processing file /home/airflow/.local/lib/python3.6/site-packages/airflow/example_dags/example_skip_dag.py for tasks to queue
[2021-10-16 01:06:52,789] {logging_mixin.py:109} INFO - [2021-10-16 01:06:52,789] {dagbag.py:500} INFO - Filling up the DagBag from /home/airflow/.local/lib/python3.6/site-packages/airflow/example_dags/example_skip_dag.py
[2021-10-16 01:06:52,848] {processor.py:632} INFO - DAG(s) dict_keys(['example_skip_dag']) retrieved from /home/airflow/.local/lib/python3.6/site-packages/airflow/example_dags/example_skip_dag.py
[2021-10-16 01:06:52,874] {logging_mixin.py:109} INFO - [2021-10-16 01:06:52,874] {dag.py:2389} INFO - Sync 1 DAGs
[2021-10-16 01:06:52,913] {logging_mixin.py:109} INFO - [2021-10-16 01:06:52,913] {dag.py:2914} INFO - Setting next_dagrun for example_skip_dag to 2021-10-15T01:06:52.912838+00:00
[2021-10-16 01:06:52,935] {processor.py:171} INFO - Processing /home/airflow/.local/lib/python3.6/site-packages/airflow/example_dags/example_skip_dag.py took 0.165 seconds
[2021-10-16 01:07:23,211] {processor.py:163} INFO - Started process (PID=1573) to work on /home/airflow/.local/lib/python3.6/site-packages/airflow/example_dags/example_skip_dag.py
[2021-10-16 01:07:23,214] {processor.py:620} INFO - Processing file /home/airflow/.local/lib/python3.6/site-packages/airflow/example_dags/example_skip_dag.py for tasks to queue
[2021-10-16 01:07:23,216] {logging_mixin.py:109} INFO - [2021-10-16 01:07:23,216] {dagbag.py:500} INFO - Filling up the DagBag from /home/airflow/.local/lib/python3.6/site-packages/airflow/example_dags/example_skip_dag.py
[2021-10-16 01:07:23,258] {processor.py:632} INFO - DAG(s) dict_keys(['example_skip_dag']) retrieved from /home/airflow/.local/lib/python3.6/site-packages/airflow/example_dags/example_skip_dag.py
[2021-10-16 01:07:23,274] {logging_mixin.py:109} INFO - [2021-10-16 01:07:23,274] {dag.py:2389} INFO - Sync 1 DAGs
[2021-10-16 01:07:23,314] {logging_mixin.py:109} INFO - [2021-10-16 01:07:23,314] {dag.py:2914} INFO - Setting next_dagrun for example_skip_dag to 2021-10-15T01:07:23.314176+00:00
[2021-10-16 01:07:23,329] {processor.py:171} INFO - Processing /home/airflow/.local/lib/python3.6/site-packages/airflow/example_dags/example_skip_dag.py took 0.123 seconds
[2021-10-16 01:07:54,318] {processor.py:163} INFO - Started process (PID=1628) to work on /home/airflow/.local/lib/python3.6/site-packages/airflow/example_dags/example_skip_dag.py
[2021-10-16 01:07:54,321] {processor.py:620} INFO - Processing file /home/airflow/.local/lib/python3.6/site-packages/airflow/example_dags/example_skip_dag.py for tasks to queue
[2021-10-16 01:07:54,324] {logging_mixin.py:109} INFO - [2021-10-16 01:07:54,324] {dagbag.py:500} INFO - Filling up the DagBag from /home/airflow/.local/lib/python3.6/site-packages/airflow/example_dags/example_skip_dag.py
[2021-10-16 01:07:54,378] {processor.py:632} INFO - DAG(s) dict_keys(['example_skip_dag']) retrieved from /home/airflow/.local/lib/python3.6/site-packages/airflow/example_dags/example_skip_dag.py
[2021-10-16 01:07:54,422] {logging_mixin.py:109} INFO - [2021-10-16 01:07:54,421] {dag.py:2389} INFO - Sync 1 DAGs
[2021-10-16 01:07:54,459] {logging_mixin.py:109} INFO - [2021-10-16 01:07:54,458] {dag.py:2914} INFO - Setting next_dagrun for example_skip_dag to 2021-10-15T01:07:54.458261+00:00
[2021-10-16 01:07:54,477] {processor.py:171} INFO - Processing /home/airflow/.local/lib/python3.6/site-packages/airflow/example_dags/example_skip_dag.py took 0.166 seconds
[2021-10-16 01:08:25,746] {processor.py:163} INFO - Started process (PID=1695) to work on /home/airflow/.local/lib/python3.6/site-packages/airflow/example_dags/example_skip_dag.py
[2021-10-16 01:08:25,748] {processor.py:620} INFO - Processing file /home/airflow/.local/lib/python3.6/site-packages/airflow/example_dags/example_skip_dag.py for tasks to queue
[2021-10-16 01:08:25,752] {logging_mixin.py:109} INFO - [2021-10-16 01:08:25,752] {dagbag.py:500} INFO - Filling up the DagBag from /home/airflow/.local/lib/python3.6/site-packages/airflow/example_dags/example_skip_dag.py
[2021-10-16 01:08:25,812] {processor.py:632} INFO - DAG(s) dict_keys(['example_skip_dag']) retrieved from /home/airflow/.local/lib/python3.6/site-packages/airflow/example_dags/example_skip_dag.py
[2021-10-16 01:08:25,833] {logging_mixin.py:109} INFO - [2021-10-16 01:08:25,833] {dag.py:2389} INFO - Sync 1 DAGs
[2021-10-16 01:08:25,873] {logging_mixin.py:109} INFO - [2021-10-16 01:08:25,873] {dag.py:2914} INFO - Setting next_dagrun for example_skip_dag to 2021-10-15T01:08:25.873153+00:00
[2021-10-16 01:08:25,887] {processor.py:171} INFO - Processing /home/airflow/.local/lib/python3.6/site-packages/airflow/example_dags/example_skip_dag.py took 0.145 seconds
[2021-10-16 01:08:56,511] {processor.py:163} INFO - Started process (PID=1749) to work on /home/airflow/.local/lib/python3.6/site-packages/airflow/example_dags/example_skip_dag.py
[2021-10-16 01:08:56,513] {processor.py:620} INFO - Processing file /home/airflow/.local/lib/python3.6/site-packages/airflow/example_dags/example_skip_dag.py for tasks to queue
[2021-10-16 01:08:56,514] {logging_mixin.py:109} INFO - [2021-10-16 01:08:56,514] {dagbag.py:500} INFO - Filling up the DagBag from /home/airflow/.local/lib/python3.6/site-packages/airflow/example_dags/example_skip_dag.py
[2021-10-16 01:08:56,546] {processor.py:632} INFO - DAG(s) dict_keys(['example_skip_dag']) retrieved from /home/airflow/.local/lib/python3.6/site-packages/airflow/example_dags/example_skip_dag.py
[2021-10-16 01:08:56,556] {logging_mixin.py:109} INFO - [2021-10-16 01:08:56,556] {dag.py:2389} INFO - Sync 1 DAGs
[2021-10-16 01:08:56,581] {logging_mixin.py:109} INFO - [2021-10-16 01:08:56,581] {dag.py:2914} INFO - Setting next_dagrun for example_skip_dag to 2021-10-15T01:08:56.580691+00:00
[2021-10-16 01:08:56,592] {processor.py:171} INFO - Processing /home/airflow/.local/lib/python3.6/site-packages/airflow/example_dags/example_skip_dag.py took 0.084 seconds
[2021-10-16 01:09:27,818] {processor.py:163} INFO - Started process (PID=1819) to work on /home/airflow/.local/lib/python3.6/site-packages/airflow/example_dags/example_skip_dag.py
[2021-10-16 01:09:27,820] {processor.py:620} INFO - Processing file /home/airflow/.local/lib/python3.6/site-packages/airflow/example_dags/example_skip_dag.py for tasks to queue
[2021-10-16 01:09:27,821] {logging_mixin.py:109} INFO - [2021-10-16 01:09:27,821] {dagbag.py:500} INFO - Filling up the DagBag from /home/airflow/.local/lib/python3.6/site-packages/airflow/example_dags/example_skip_dag.py
[2021-10-16 01:09:27,854] {processor.py:632} INFO - DAG(s) dict_keys(['example_skip_dag']) retrieved from /home/airflow/.local/lib/python3.6/site-packages/airflow/example_dags/example_skip_dag.py
[2021-10-16 01:09:27,868] {logging_mixin.py:109} INFO - [2021-10-16 01:09:27,868] {dag.py:2389} INFO - Sync 1 DAGs
[2021-10-16 01:09:27,886] {logging_mixin.py:109} INFO - [2021-10-16 01:09:27,885] {dag.py:2914} INFO - Setting next_dagrun for example_skip_dag to 2021-10-15T01:09:27.885728+00:00
[2021-10-16 01:09:27,896] {processor.py:171} INFO - Processing /home/airflow/.local/lib/python3.6/site-packages/airflow/example_dags/example_skip_dag.py took 0.082 seconds
[2021-10-16 01:09:58,974] {processor.py:163} INFO - Started process (PID=1872) to work on /home/airflow/.local/lib/python3.6/site-packages/airflow/example_dags/example_skip_dag.py
[2021-10-16 01:09:58,975] {processor.py:620} INFO - Processing file /home/airflow/.local/lib/python3.6/site-packages/airflow/example_dags/example_skip_dag.py for tasks to queue
[2021-10-16 01:09:58,977] {logging_mixin.py:109} INFO - [2021-10-16 01:09:58,976] {dagbag.py:500} INFO - Filling up the DagBag from /home/airflow/.local/lib/python3.6/site-packages/airflow/example_dags/example_skip_dag.py
[2021-10-16 01:09:59,034] {processor.py:632} INFO - DAG(s) dict_keys(['example_skip_dag']) retrieved from /home/airflow/.local/lib/python3.6/site-packages/airflow/example_dags/example_skip_dag.py
[2021-10-16 01:09:59,049] {logging_mixin.py:109} INFO - [2021-10-16 01:09:59,049] {dag.py:2389} INFO - Sync 1 DAGs
[2021-10-16 01:09:59,073] {logging_mixin.py:109} INFO - [2021-10-16 01:09:59,073] {dag.py:2914} INFO - Setting next_dagrun for example_skip_dag to 2021-10-15T01:09:59.072661+00:00
[2021-10-16 01:09:59,086] {processor.py:171} INFO - Processing /home/airflow/.local/lib/python3.6/site-packages/airflow/example_dags/example_skip_dag.py took 0.116 seconds
[2021-10-16 01:10:30,056] {processor.py:163} INFO - Started process (PID=1936) to work on /home/airflow/.local/lib/python3.6/site-packages/airflow/example_dags/example_skip_dag.py
[2021-10-16 01:10:30,061] {processor.py:620} INFO - Processing file /home/airflow/.local/lib/python3.6/site-packages/airflow/example_dags/example_skip_dag.py for tasks to queue
[2021-10-16 01:10:30,070] {logging_mixin.py:109} INFO - [2021-10-16 01:10:30,069] {dagbag.py:500} INFO - Filling up the DagBag from /home/airflow/.local/lib/python3.6/site-packages/airflow/example_dags/example_skip_dag.py
[2021-10-16 01:10:30,216] {processor.py:632} INFO - DAG(s) dict_keys(['example_skip_dag']) retrieved from /home/airflow/.local/lib/python3.6/site-packages/airflow/example_dags/example_skip_dag.py
[2021-10-16 01:10:30,256] {logging_mixin.py:109} INFO - [2021-10-16 01:10:30,255] {dag.py:2389} INFO - Sync 1 DAGs
[2021-10-16 01:10:30,311] {logging_mixin.py:109} INFO - [2021-10-16 01:10:30,311] {dag.py:2914} INFO - Setting next_dagrun for example_skip_dag to 2021-10-15T01:10:30.311472+00:00
[2021-10-16 01:10:30,337] {processor.py:171} INFO - Processing /home/airflow/.local/lib/python3.6/site-packages/airflow/example_dags/example_skip_dag.py took 0.319 seconds
[2021-10-16 01:11:02,742] {processor.py:163} INFO - Started process (PID=1994) to work on /home/airflow/.local/lib/python3.6/site-packages/airflow/example_dags/example_skip_dag.py
[2021-10-16 01:11:02,756] {processor.py:620} INFO - Processing file /home/airflow/.local/lib/python3.6/site-packages/airflow/example_dags/example_skip_dag.py for tasks to queue
[2021-10-16 01:11:02,763] {logging_mixin.py:109} INFO - [2021-10-16 01:11:02,762] {dagbag.py:500} INFO - Filling up the DagBag from /home/airflow/.local/lib/python3.6/site-packages/airflow/example_dags/example_skip_dag.py
[2021-10-16 01:11:02,858] {processor.py:632} INFO - DAG(s) dict_keys(['example_skip_dag']) retrieved from /home/airflow/.local/lib/python3.6/site-packages/airflow/example_dags/example_skip_dag.py
[2021-10-16 01:11:02,892] {logging_mixin.py:109} INFO - [2021-10-16 01:11:02,892] {dag.py:2389} INFO - Sync 1 DAGs
[2021-10-16 01:11:02,949] {logging_mixin.py:109} INFO - [2021-10-16 01:11:02,949] {dag.py:2914} INFO - Setting next_dagrun for example_skip_dag to 2021-10-15T01:11:02.949205+00:00
[2021-10-16 01:11:02,977] {processor.py:171} INFO - Processing /home/airflow/.local/lib/python3.6/site-packages/airflow/example_dags/example_skip_dag.py took 0.256 seconds
[2021-10-16 01:11:33,019] {processor.py:163} INFO - Started process (PID=2047) to work on /home/airflow/.local/lib/python3.6/site-packages/airflow/example_dags/example_skip_dag.py
[2021-10-16 01:11:33,023] {processor.py:620} INFO - Processing file /home/airflow/.local/lib/python3.6/site-packages/airflow/example_dags/example_skip_dag.py for tasks to queue
[2021-10-16 01:11:33,029] {logging_mixin.py:109} INFO - [2021-10-16 01:11:33,028] {dagbag.py:500} INFO - Filling up the DagBag from /home/airflow/.local/lib/python3.6/site-packages/airflow/example_dags/example_skip_dag.py
[2021-10-16 01:11:33,086] {processor.py:632} INFO - DAG(s) dict_keys(['example_skip_dag']) retrieved from /home/airflow/.local/lib/python3.6/site-packages/airflow/example_dags/example_skip_dag.py
[2021-10-16 01:11:33,099] {logging_mixin.py:109} INFO - [2021-10-16 01:11:33,099] {dag.py:2389} INFO - Sync 1 DAGs
[2021-10-16 01:11:33,116] {logging_mixin.py:109} INFO - [2021-10-16 01:11:33,116] {dag.py:2914} INFO - Setting next_dagrun for example_skip_dag to 2021-10-15T01:11:33.116579+00:00
[2021-10-16 01:11:33,128] {processor.py:171} INFO - Processing /home/airflow/.local/lib/python3.6/site-packages/airflow/example_dags/example_skip_dag.py took 0.120 seconds
[2021-10-16 01:12:03,490] {processor.py:163} INFO - Started process (PID=2101) to work on /home/airflow/.local/lib/python3.6/site-packages/airflow/example_dags/example_skip_dag.py
[2021-10-16 01:12:03,493] {processor.py:620} INFO - Processing file /home/airflow/.local/lib/python3.6/site-packages/airflow/example_dags/example_skip_dag.py for tasks to queue
[2021-10-16 01:12:03,495] {logging_mixin.py:109} INFO - [2021-10-16 01:12:03,495] {dagbag.py:500} INFO - Filling up the DagBag from /home/airflow/.local/lib/python3.6/site-packages/airflow/example_dags/example_skip_dag.py
[2021-10-16 01:12:03,535] {processor.py:632} INFO - DAG(s) dict_keys(['example_skip_dag']) retrieved from /home/airflow/.local/lib/python3.6/site-packages/airflow/example_dags/example_skip_dag.py
[2021-10-16 01:12:03,564] {logging_mixin.py:109} INFO - [2021-10-16 01:12:03,564] {dag.py:2389} INFO - Sync 1 DAGs
[2021-10-16 01:12:03,602] {logging_mixin.py:109} INFO - [2021-10-16 01:12:03,602] {dag.py:2914} INFO - Setting next_dagrun for example_skip_dag to 2021-10-15T01:12:03.601705+00:00
[2021-10-16 01:12:03,624] {processor.py:171} INFO - Processing /home/airflow/.local/lib/python3.6/site-packages/airflow/example_dags/example_skip_dag.py took 0.140 seconds
[2021-10-16 01:12:34,696] {processor.py:163} INFO - Started process (PID=2167) to work on /home/airflow/.local/lib/python3.6/site-packages/airflow/example_dags/example_skip_dag.py
[2021-10-16 01:12:34,709] {processor.py:620} INFO - Processing file /home/airflow/.local/lib/python3.6/site-packages/airflow/example_dags/example_skip_dag.py for tasks to queue
[2021-10-16 01:12:34,712] {logging_mixin.py:109} INFO - [2021-10-16 01:12:34,712] {dagbag.py:500} INFO - Filling up the DagBag from /home/airflow/.local/lib/python3.6/site-packages/airflow/example_dags/example_skip_dag.py
[2021-10-16 01:12:34,811] {processor.py:632} INFO - DAG(s) dict_keys(['example_skip_dag']) retrieved from /home/airflow/.local/lib/python3.6/site-packages/airflow/example_dags/example_skip_dag.py
[2021-10-16 01:12:34,890] {logging_mixin.py:109} INFO - [2021-10-16 01:12:34,890] {dag.py:2389} INFO - Sync 1 DAGs
[2021-10-16 01:12:34,952] {logging_mixin.py:109} INFO - [2021-10-16 01:12:34,951] {dag.py:2914} INFO - Setting next_dagrun for example_skip_dag to 2021-10-15T01:12:34.951591+00:00
[2021-10-16 01:12:34,982] {processor.py:171} INFO - Processing /home/airflow/.local/lib/python3.6/site-packages/airflow/example_dags/example_skip_dag.py took 0.289 seconds
[2021-10-16 01:13:05,247] {processor.py:163} INFO - Started process (PID=2220) to work on /home/airflow/.local/lib/python3.6/site-packages/airflow/example_dags/example_skip_dag.py
[2021-10-16 01:13:05,252] {processor.py:620} INFO - Processing file /home/airflow/.local/lib/python3.6/site-packages/airflow/example_dags/example_skip_dag.py for tasks to queue
[2021-10-16 01:13:05,265] {logging_mixin.py:109} INFO - [2021-10-16 01:13:05,265] {dagbag.py:500} INFO - Filling up the DagBag from /home/airflow/.local/lib/python3.6/site-packages/airflow/example_dags/example_skip_dag.py
[2021-10-16 01:13:05,336] {processor.py:632} INFO - DAG(s) dict_keys(['example_skip_dag']) retrieved from /home/airflow/.local/lib/python3.6/site-packages/airflow/example_dags/example_skip_dag.py
[2021-10-16 01:13:05,351] {logging_mixin.py:109} INFO - [2021-10-16 01:13:05,351] {dag.py:2389} INFO - Sync 1 DAGs
[2021-10-16 01:13:05,385] {logging_mixin.py:109} INFO - [2021-10-16 01:13:05,385] {dag.py:2914} INFO - Setting next_dagrun for example_skip_dag to 2021-10-15T01:13:05.385076+00:00
[2021-10-16 01:13:05,426] {processor.py:171} INFO - Processing /home/airflow/.local/lib/python3.6/site-packages/airflow/example_dags/example_skip_dag.py took 0.193 seconds
[2021-10-16 01:13:35,950] {processor.py:163} INFO - Started process (PID=2276) to work on /home/airflow/.local/lib/python3.6/site-packages/airflow/example_dags/example_skip_dag.py
[2021-10-16 01:13:35,961] {processor.py:620} INFO - Processing file /home/airflow/.local/lib/python3.6/site-packages/airflow/example_dags/example_skip_dag.py for tasks to queue
[2021-10-16 01:13:35,962] {logging_mixin.py:109} INFO - [2021-10-16 01:13:35,962] {dagbag.py:500} INFO - Filling up the DagBag from /home/airflow/.local/lib/python3.6/site-packages/airflow/example_dags/example_skip_dag.py
[2021-10-16 01:13:36,125] {processor.py:632} INFO - DAG(s) dict_keys(['example_skip_dag']) retrieved from /home/airflow/.local/lib/python3.6/site-packages/airflow/example_dags/example_skip_dag.py
[2021-10-16 01:13:36,161] {logging_mixin.py:109} INFO - [2021-10-16 01:13:36,161] {dag.py:2389} INFO - Sync 1 DAGs
[2021-10-16 01:13:36,224] {logging_mixin.py:109} INFO - [2021-10-16 01:13:36,224] {dag.py:2914} INFO - Setting next_dagrun for example_skip_dag to 2021-10-15T01:13:36.223459+00:00
[2021-10-16 01:13:36,274] {processor.py:171} INFO - Processing /home/airflow/.local/lib/python3.6/site-packages/airflow/example_dags/example_skip_dag.py took 0.349 seconds
[2021-10-16 01:14:08,293] {processor.py:163} INFO - Started process (PID=2331) to work on /home/airflow/.local/lib/python3.6/site-packages/airflow/example_dags/example_skip_dag.py
[2021-10-16 01:14:08,318] {processor.py:620} INFO - Processing file /home/airflow/.local/lib/python3.6/site-packages/airflow/example_dags/example_skip_dag.py for tasks to queue
[2021-10-16 01:14:08,332] {logging_mixin.py:109} INFO - [2021-10-16 01:14:08,332] {dagbag.py:500} INFO - Filling up the DagBag from /home/airflow/.local/lib/python3.6/site-packages/airflow/example_dags/example_skip_dag.py
[2021-10-16 01:14:08,611] {processor.py:632} INFO - DAG(s) dict_keys(['example_skip_dag']) retrieved from /home/airflow/.local/lib/python3.6/site-packages/airflow/example_dags/example_skip_dag.py
[2021-10-16 01:14:08,749] {logging_mixin.py:109} INFO - [2021-10-16 01:14:08,749] {dag.py:2389} INFO - Sync 1 DAGs
[2021-10-16 01:14:08,864] {logging_mixin.py:109} INFO - [2021-10-16 01:14:08,864] {dag.py:2914} INFO - Setting next_dagrun for example_skip_dag to 2021-10-15T01:14:08.857148+00:00
[2021-10-16 01:14:08,936] {processor.py:171} INFO - Processing /home/airflow/.local/lib/python3.6/site-packages/airflow/example_dags/example_skip_dag.py took 0.678 seconds
[2021-10-16 01:14:39,557] {processor.py:163} INFO - Started process (PID=2385) to work on /home/airflow/.local/lib/python3.6/site-packages/airflow/example_dags/example_skip_dag.py
[2021-10-16 01:14:39,573] {processor.py:620} INFO - Processing file /home/airflow/.local/lib/python3.6/site-packages/airflow/example_dags/example_skip_dag.py for tasks to queue
[2021-10-16 01:14:39,601] {logging_mixin.py:109} INFO - [2021-10-16 01:14:39,601] {dagbag.py:500} INFO - Filling up the DagBag from /home/airflow/.local/lib/python3.6/site-packages/airflow/example_dags/example_skip_dag.py
[2021-10-16 01:14:39,837] {processor.py:632} INFO - DAG(s) dict_keys(['example_skip_dag']) retrieved from /home/airflow/.local/lib/python3.6/site-packages/airflow/example_dags/example_skip_dag.py
[2021-10-16 01:14:39,973] {logging_mixin.py:109} INFO - [2021-10-16 01:14:39,972] {dag.py:2389} INFO - Sync 1 DAGs
[2021-10-16 01:14:40,071] {logging_mixin.py:109} INFO - [2021-10-16 01:14:40,071] {dag.py:2914} INFO - Setting next_dagrun for example_skip_dag to 2021-10-15T01:14:40.070754+00:00
[2021-10-16 01:14:40,107] {processor.py:171} INFO - Processing /home/airflow/.local/lib/python3.6/site-packages/airflow/example_dags/example_skip_dag.py took 0.598 seconds
[2021-10-16 01:15:10,277] {processor.py:163} INFO - Started process (PID=2440) to work on /home/airflow/.local/lib/python3.6/site-packages/airflow/example_dags/example_skip_dag.py
[2021-10-16 01:15:10,279] {processor.py:620} INFO - Processing file /home/airflow/.local/lib/python3.6/site-packages/airflow/example_dags/example_skip_dag.py for tasks to queue
[2021-10-16 01:15:10,281] {logging_mixin.py:109} INFO - [2021-10-16 01:15:10,281] {dagbag.py:500} INFO - Filling up the DagBag from /home/airflow/.local/lib/python3.6/site-packages/airflow/example_dags/example_skip_dag.py
[2021-10-16 01:15:10,319] {processor.py:632} INFO - DAG(s) dict_keys(['example_skip_dag']) retrieved from /home/airflow/.local/lib/python3.6/site-packages/airflow/example_dags/example_skip_dag.py
[2021-10-16 01:15:10,338] {logging_mixin.py:109} INFO - [2021-10-16 01:15:10,338] {dag.py:2389} INFO - Sync 1 DAGs
[2021-10-16 01:15:10,371] {logging_mixin.py:109} INFO - [2021-10-16 01:15:10,371] {dag.py:2914} INFO - Setting next_dagrun for example_skip_dag to 2021-10-15T01:15:10.371143+00:00
[2021-10-16 01:15:10,384] {processor.py:171} INFO - Processing /home/airflow/.local/lib/python3.6/site-packages/airflow/example_dags/example_skip_dag.py took 0.110 seconds
