[2021-10-16 00:53:51,266] {processor.py:163} INFO - Started process (PID=59) to work on /home/airflow/.local/lib/python3.6/site-packages/airflow/example_dags/example_kubernetes_executor.py
[2021-10-16 00:53:51,269] {processor.py:620} INFO - Processing file /home/airflow/.local/lib/python3.6/site-packages/airflow/example_dags/example_kubernetes_executor.py for tasks to queue
[2021-10-16 00:53:51,277] {logging_mixin.py:109} INFO - [2021-10-16 00:53:51,275] {dagbag.py:500} INFO - Filling up the DagBag from /home/airflow/.local/lib/python3.6/site-packages/airflow/example_dags/example_kubernetes_executor.py
[2021-10-16 00:53:51,741] {processor.py:632} INFO - DAG(s) dict_keys(['example_kubernetes_executor']) retrieved from /home/airflow/.local/lib/python3.6/site-packages/airflow/example_dags/example_kubernetes_executor.py
[2021-10-16 00:53:51,798] {logging_mixin.py:109} INFO - [2021-10-16 00:53:51,798] {dag.py:2389} INFO - Sync 1 DAGs
[2021-10-16 00:53:51,879] {logging_mixin.py:109} INFO - [2021-10-16 00:53:51,879] {dag.py:2914} INFO - Setting next_dagrun for example_kubernetes_executor to None
[2021-10-16 00:53:51,926] {processor.py:171} INFO - Processing /home/airflow/.local/lib/python3.6/site-packages/airflow/example_dags/example_kubernetes_executor.py took 0.686 seconds
[2021-10-16 00:54:22,745] {processor.py:163} INFO - Started process (PID=111) to work on /home/airflow/.local/lib/python3.6/site-packages/airflow/example_dags/example_kubernetes_executor.py
[2021-10-16 00:54:22,759] {processor.py:620} INFO - Processing file /home/airflow/.local/lib/python3.6/site-packages/airflow/example_dags/example_kubernetes_executor.py for tasks to queue
[2021-10-16 00:54:22,763] {logging_mixin.py:109} INFO - [2021-10-16 00:54:22,763] {dagbag.py:500} INFO - Filling up the DagBag from /home/airflow/.local/lib/python3.6/site-packages/airflow/example_dags/example_kubernetes_executor.py
[2021-10-16 00:54:22,964] {processor.py:632} INFO - DAG(s) dict_keys(['example_kubernetes_executor']) retrieved from /home/airflow/.local/lib/python3.6/site-packages/airflow/example_dags/example_kubernetes_executor.py
[2021-10-16 00:54:23,068] {logging_mixin.py:109} INFO - [2021-10-16 00:54:23,068] {dag.py:2389} INFO - Sync 1 DAGs
[2021-10-16 00:54:23,168] {logging_mixin.py:109} INFO - [2021-10-16 00:54:23,168] {dag.py:2914} INFO - Setting next_dagrun for example_kubernetes_executor to None
[2021-10-16 00:54:23,223] {processor.py:171} INFO - Processing /home/airflow/.local/lib/python3.6/site-packages/airflow/example_dags/example_kubernetes_executor.py took 0.503 seconds
[2021-10-16 00:54:53,756] {processor.py:163} INFO - Started process (PID=164) to work on /home/airflow/.local/lib/python3.6/site-packages/airflow/example_dags/example_kubernetes_executor.py
[2021-10-16 00:54:53,763] {processor.py:620} INFO - Processing file /home/airflow/.local/lib/python3.6/site-packages/airflow/example_dags/example_kubernetes_executor.py for tasks to queue
[2021-10-16 00:54:53,768] {logging_mixin.py:109} INFO - [2021-10-16 00:54:53,768] {dagbag.py:500} INFO - Filling up the DagBag from /home/airflow/.local/lib/python3.6/site-packages/airflow/example_dags/example_kubernetes_executor.py
[2021-10-16 00:54:53,840] {processor.py:632} INFO - DAG(s) dict_keys(['example_kubernetes_executor']) retrieved from /home/airflow/.local/lib/python3.6/site-packages/airflow/example_dags/example_kubernetes_executor.py
[2021-10-16 00:54:53,873] {logging_mixin.py:109} INFO - [2021-10-16 00:54:53,872] {dag.py:2389} INFO - Sync 1 DAGs
[2021-10-16 00:54:53,910] {logging_mixin.py:109} INFO - [2021-10-16 00:54:53,910] {dag.py:2914} INFO - Setting next_dagrun for example_kubernetes_executor to None
[2021-10-16 00:54:53,938] {processor.py:171} INFO - Processing /home/airflow/.local/lib/python3.6/site-packages/airflow/example_dags/example_kubernetes_executor.py took 0.197 seconds
[2021-10-16 00:55:24,097] {processor.py:163} INFO - Started process (PID=219) to work on /home/airflow/.local/lib/python3.6/site-packages/airflow/example_dags/example_kubernetes_executor.py
[2021-10-16 00:55:24,102] {processor.py:620} INFO - Processing file /home/airflow/.local/lib/python3.6/site-packages/airflow/example_dags/example_kubernetes_executor.py for tasks to queue
[2021-10-16 00:55:24,105] {logging_mixin.py:109} INFO - [2021-10-16 00:55:24,105] {dagbag.py:500} INFO - Filling up the DagBag from /home/airflow/.local/lib/python3.6/site-packages/airflow/example_dags/example_kubernetes_executor.py
[2021-10-16 00:55:24,172] {processor.py:632} INFO - DAG(s) dict_keys(['example_kubernetes_executor']) retrieved from /home/airflow/.local/lib/python3.6/site-packages/airflow/example_dags/example_kubernetes_executor.py
[2021-10-16 00:55:24,196] {logging_mixin.py:109} INFO - [2021-10-16 00:55:24,196] {dag.py:2389} INFO - Sync 1 DAGs
[2021-10-16 00:55:24,238] {logging_mixin.py:109} INFO - [2021-10-16 00:55:24,238] {dag.py:2914} INFO - Setting next_dagrun for example_kubernetes_executor to None
[2021-10-16 00:55:24,252] {processor.py:171} INFO - Processing /home/airflow/.local/lib/python3.6/site-packages/airflow/example_dags/example_kubernetes_executor.py took 0.163 seconds
[2021-10-16 00:55:54,673] {processor.py:163} INFO - Started process (PID=273) to work on /home/airflow/.local/lib/python3.6/site-packages/airflow/example_dags/example_kubernetes_executor.py
[2021-10-16 00:55:54,677] {processor.py:620} INFO - Processing file /home/airflow/.local/lib/python3.6/site-packages/airflow/example_dags/example_kubernetes_executor.py for tasks to queue
[2021-10-16 00:55:54,680] {logging_mixin.py:109} INFO - [2021-10-16 00:55:54,679] {dagbag.py:500} INFO - Filling up the DagBag from /home/airflow/.local/lib/python3.6/site-packages/airflow/example_dags/example_kubernetes_executor.py
[2021-10-16 00:55:54,758] {processor.py:632} INFO - DAG(s) dict_keys(['example_kubernetes_executor']) retrieved from /home/airflow/.local/lib/python3.6/site-packages/airflow/example_dags/example_kubernetes_executor.py
[2021-10-16 00:55:54,781] {logging_mixin.py:109} INFO - [2021-10-16 00:55:54,781] {dag.py:2389} INFO - Sync 1 DAGs
[2021-10-16 00:55:54,806] {logging_mixin.py:109} INFO - [2021-10-16 00:55:54,806] {dag.py:2914} INFO - Setting next_dagrun for example_kubernetes_executor to None
[2021-10-16 00:55:54,839] {processor.py:171} INFO - Processing /home/airflow/.local/lib/python3.6/site-packages/airflow/example_dags/example_kubernetes_executor.py took 0.180 seconds
[2021-10-16 00:56:25,297] {processor.py:163} INFO - Started process (PID=329) to work on /home/airflow/.local/lib/python3.6/site-packages/airflow/example_dags/example_kubernetes_executor.py
[2021-10-16 00:56:25,304] {processor.py:620} INFO - Processing file /home/airflow/.local/lib/python3.6/site-packages/airflow/example_dags/example_kubernetes_executor.py for tasks to queue
[2021-10-16 00:56:25,311] {logging_mixin.py:109} INFO - [2021-10-16 00:56:25,309] {dagbag.py:500} INFO - Filling up the DagBag from /home/airflow/.local/lib/python3.6/site-packages/airflow/example_dags/example_kubernetes_executor.py
[2021-10-16 00:56:25,429] {processor.py:632} INFO - DAG(s) dict_keys(['example_kubernetes_executor']) retrieved from /home/airflow/.local/lib/python3.6/site-packages/airflow/example_dags/example_kubernetes_executor.py
[2021-10-16 00:56:25,497] {logging_mixin.py:109} INFO - [2021-10-16 00:56:25,497] {dag.py:2389} INFO - Sync 1 DAGs
[2021-10-16 00:56:25,599] {logging_mixin.py:109} INFO - [2021-10-16 00:56:25,599] {dag.py:2914} INFO - Setting next_dagrun for example_kubernetes_executor to None
[2021-10-16 00:56:25,645] {processor.py:171} INFO - Processing /home/airflow/.local/lib/python3.6/site-packages/airflow/example_dags/example_kubernetes_executor.py took 0.368 seconds
[2021-10-16 00:56:55,915] {processor.py:163} INFO - Started process (PID=394) to work on /home/airflow/.local/lib/python3.6/site-packages/airflow/example_dags/example_kubernetes_executor.py
[2021-10-16 00:56:55,917] {processor.py:620} INFO - Processing file /home/airflow/.local/lib/python3.6/site-packages/airflow/example_dags/example_kubernetes_executor.py for tasks to queue
[2021-10-16 00:56:55,927] {logging_mixin.py:109} INFO - [2021-10-16 00:56:55,927] {dagbag.py:500} INFO - Filling up the DagBag from /home/airflow/.local/lib/python3.6/site-packages/airflow/example_dags/example_kubernetes_executor.py
[2021-10-16 00:56:56,007] {processor.py:632} INFO - DAG(s) dict_keys(['example_kubernetes_executor']) retrieved from /home/airflow/.local/lib/python3.6/site-packages/airflow/example_dags/example_kubernetes_executor.py
[2021-10-16 00:56:56,053] {logging_mixin.py:109} INFO - [2021-10-16 00:56:56,053] {dag.py:2389} INFO - Sync 1 DAGs
[2021-10-16 00:56:56,145] {logging_mixin.py:109} INFO - [2021-10-16 00:56:56,145] {dag.py:2914} INFO - Setting next_dagrun for example_kubernetes_executor to None
[2021-10-16 00:56:56,201] {processor.py:171} INFO - Processing /home/airflow/.local/lib/python3.6/site-packages/airflow/example_dags/example_kubernetes_executor.py took 0.290 seconds
[2021-10-16 00:57:26,809] {processor.py:163} INFO - Started process (PID=450) to work on /home/airflow/.local/lib/python3.6/site-packages/airflow/example_dags/example_kubernetes_executor.py
[2021-10-16 00:57:26,812] {processor.py:620} INFO - Processing file /home/airflow/.local/lib/python3.6/site-packages/airflow/example_dags/example_kubernetes_executor.py for tasks to queue
[2021-10-16 00:57:26,814] {logging_mixin.py:109} INFO - [2021-10-16 00:57:26,813] {dagbag.py:500} INFO - Filling up the DagBag from /home/airflow/.local/lib/python3.6/site-packages/airflow/example_dags/example_kubernetes_executor.py
[2021-10-16 00:57:26,850] {processor.py:632} INFO - DAG(s) dict_keys(['example_kubernetes_executor']) retrieved from /home/airflow/.local/lib/python3.6/site-packages/airflow/example_dags/example_kubernetes_executor.py
[2021-10-16 00:57:26,868] {logging_mixin.py:109} INFO - [2021-10-16 00:57:26,867] {dag.py:2389} INFO - Sync 1 DAGs
[2021-10-16 00:57:26,894] {logging_mixin.py:109} INFO - [2021-10-16 00:57:26,894] {dag.py:2914} INFO - Setting next_dagrun for example_kubernetes_executor to None
[2021-10-16 00:57:26,907] {processor.py:171} INFO - Processing /home/airflow/.local/lib/python3.6/site-packages/airflow/example_dags/example_kubernetes_executor.py took 0.102 seconds
[2021-10-16 00:57:57,517] {processor.py:163} INFO - Started process (PID=504) to work on /home/airflow/.local/lib/python3.6/site-packages/airflow/example_dags/example_kubernetes_executor.py
[2021-10-16 00:57:57,525] {processor.py:620} INFO - Processing file /home/airflow/.local/lib/python3.6/site-packages/airflow/example_dags/example_kubernetes_executor.py for tasks to queue
[2021-10-16 00:57:57,531] {logging_mixin.py:109} INFO - [2021-10-16 00:57:57,530] {dagbag.py:500} INFO - Filling up the DagBag from /home/airflow/.local/lib/python3.6/site-packages/airflow/example_dags/example_kubernetes_executor.py
[2021-10-16 00:57:57,579] {processor.py:632} INFO - DAG(s) dict_keys(['example_kubernetes_executor']) retrieved from /home/airflow/.local/lib/python3.6/site-packages/airflow/example_dags/example_kubernetes_executor.py
[2021-10-16 00:57:57,604] {logging_mixin.py:109} INFO - [2021-10-16 00:57:57,604] {dag.py:2389} INFO - Sync 1 DAGs
[2021-10-16 00:57:57,639] {logging_mixin.py:109} INFO - [2021-10-16 00:57:57,638] {dag.py:2914} INFO - Setting next_dagrun for example_kubernetes_executor to None
[2021-10-16 00:57:57,657] {processor.py:171} INFO - Processing /home/airflow/.local/lib/python3.6/site-packages/airflow/example_dags/example_kubernetes_executor.py took 0.158 seconds
[2021-10-16 00:58:28,483] {processor.py:163} INFO - Started process (PID=557) to work on /home/airflow/.local/lib/python3.6/site-packages/airflow/example_dags/example_kubernetes_executor.py
[2021-10-16 00:58:28,487] {processor.py:620} INFO - Processing file /home/airflow/.local/lib/python3.6/site-packages/airflow/example_dags/example_kubernetes_executor.py for tasks to queue
[2021-10-16 00:58:28,488] {logging_mixin.py:109} INFO - [2021-10-16 00:58:28,488] {dagbag.py:500} INFO - Filling up the DagBag from /home/airflow/.local/lib/python3.6/site-packages/airflow/example_dags/example_kubernetes_executor.py
[2021-10-16 00:58:28,540] {processor.py:632} INFO - DAG(s) dict_keys(['example_kubernetes_executor']) retrieved from /home/airflow/.local/lib/python3.6/site-packages/airflow/example_dags/example_kubernetes_executor.py
[2021-10-16 00:58:28,575] {logging_mixin.py:109} INFO - [2021-10-16 00:58:28,575] {dag.py:2389} INFO - Sync 1 DAGs
[2021-10-16 00:58:28,619] {logging_mixin.py:109} INFO - [2021-10-16 00:58:28,619] {dag.py:2914} INFO - Setting next_dagrun for example_kubernetes_executor to None
[2021-10-16 00:58:28,643] {processor.py:171} INFO - Processing /home/airflow/.local/lib/python3.6/site-packages/airflow/example_dags/example_kubernetes_executor.py took 0.166 seconds
[2021-10-16 00:58:59,111] {processor.py:163} INFO - Started process (PID=622) to work on /home/airflow/.local/lib/python3.6/site-packages/airflow/example_dags/example_kubernetes_executor.py
[2021-10-16 00:58:59,115] {processor.py:620} INFO - Processing file /home/airflow/.local/lib/python3.6/site-packages/airflow/example_dags/example_kubernetes_executor.py for tasks to queue
[2021-10-16 00:58:59,119] {logging_mixin.py:109} INFO - [2021-10-16 00:58:59,118] {dagbag.py:500} INFO - Filling up the DagBag from /home/airflow/.local/lib/python3.6/site-packages/airflow/example_dags/example_kubernetes_executor.py
[2021-10-16 00:58:59,177] {processor.py:632} INFO - DAG(s) dict_keys(['example_kubernetes_executor']) retrieved from /home/airflow/.local/lib/python3.6/site-packages/airflow/example_dags/example_kubernetes_executor.py
[2021-10-16 00:58:59,207] {logging_mixin.py:109} INFO - [2021-10-16 00:58:59,207] {dag.py:2389} INFO - Sync 1 DAGs
[2021-10-16 00:58:59,241] {logging_mixin.py:109} INFO - [2021-10-16 00:58:59,241] {dag.py:2914} INFO - Setting next_dagrun for example_kubernetes_executor to None
[2021-10-16 00:58:59,267] {processor.py:171} INFO - Processing /home/airflow/.local/lib/python3.6/site-packages/airflow/example_dags/example_kubernetes_executor.py took 0.162 seconds
[2021-10-16 00:59:29,907] {processor.py:163} INFO - Started process (PID=682) to work on /home/airflow/.local/lib/python3.6/site-packages/airflow/example_dags/example_kubernetes_executor.py
[2021-10-16 00:59:29,916] {processor.py:620} INFO - Processing file /home/airflow/.local/lib/python3.6/site-packages/airflow/example_dags/example_kubernetes_executor.py for tasks to queue
[2021-10-16 00:59:29,921] {logging_mixin.py:109} INFO - [2021-10-16 00:59:29,920] {dagbag.py:500} INFO - Filling up the DagBag from /home/airflow/.local/lib/python3.6/site-packages/airflow/example_dags/example_kubernetes_executor.py
[2021-10-16 00:59:30,062] {processor.py:632} INFO - DAG(s) dict_keys(['example_kubernetes_executor']) retrieved from /home/airflow/.local/lib/python3.6/site-packages/airflow/example_dags/example_kubernetes_executor.py
[2021-10-16 00:59:30,127] {logging_mixin.py:109} INFO - [2021-10-16 00:59:30,126] {dag.py:2389} INFO - Sync 1 DAGs
[2021-10-16 00:59:30,180] {logging_mixin.py:109} INFO - [2021-10-16 00:59:30,179] {dag.py:2914} INFO - Setting next_dagrun for example_kubernetes_executor to None
[2021-10-16 00:59:30,208] {processor.py:171} INFO - Processing /home/airflow/.local/lib/python3.6/site-packages/airflow/example_dags/example_kubernetes_executor.py took 0.313 seconds
[2021-10-16 01:00:00,790] {processor.py:163} INFO - Started process (PID=736) to work on /home/airflow/.local/lib/python3.6/site-packages/airflow/example_dags/example_kubernetes_executor.py
[2021-10-16 01:00:00,795] {processor.py:620} INFO - Processing file /home/airflow/.local/lib/python3.6/site-packages/airflow/example_dags/example_kubernetes_executor.py for tasks to queue
[2021-10-16 01:00:00,800] {logging_mixin.py:109} INFO - [2021-10-16 01:00:00,799] {dagbag.py:500} INFO - Filling up the DagBag from /home/airflow/.local/lib/python3.6/site-packages/airflow/example_dags/example_kubernetes_executor.py
[2021-10-16 01:00:00,920] {processor.py:632} INFO - DAG(s) dict_keys(['example_kubernetes_executor']) retrieved from /home/airflow/.local/lib/python3.6/site-packages/airflow/example_dags/example_kubernetes_executor.py
[2021-10-16 01:00:00,954] {logging_mixin.py:109} INFO - [2021-10-16 01:00:00,954] {dag.py:2389} INFO - Sync 1 DAGs
[2021-10-16 01:00:00,980] {logging_mixin.py:109} INFO - [2021-10-16 01:00:00,980] {dag.py:2914} INFO - Setting next_dagrun for example_kubernetes_executor to None
[2021-10-16 01:00:00,989] {processor.py:171} INFO - Processing /home/airflow/.local/lib/python3.6/site-packages/airflow/example_dags/example_kubernetes_executor.py took 0.230 seconds
[2021-10-16 01:00:31,112] {processor.py:163} INFO - Started process (PID=790) to work on /home/airflow/.local/lib/python3.6/site-packages/airflow/example_dags/example_kubernetes_executor.py
[2021-10-16 01:00:31,115] {processor.py:620} INFO - Processing file /home/airflow/.local/lib/python3.6/site-packages/airflow/example_dags/example_kubernetes_executor.py for tasks to queue
[2021-10-16 01:00:31,116] {logging_mixin.py:109} INFO - [2021-10-16 01:00:31,116] {dagbag.py:500} INFO - Filling up the DagBag from /home/airflow/.local/lib/python3.6/site-packages/airflow/example_dags/example_kubernetes_executor.py
[2021-10-16 01:00:31,149] {processor.py:632} INFO - DAG(s) dict_keys(['example_kubernetes_executor']) retrieved from /home/airflow/.local/lib/python3.6/site-packages/airflow/example_dags/example_kubernetes_executor.py
[2021-10-16 01:00:31,163] {logging_mixin.py:109} INFO - [2021-10-16 01:00:31,163] {dag.py:2389} INFO - Sync 1 DAGs
[2021-10-16 01:00:31,184] {logging_mixin.py:109} INFO - [2021-10-16 01:00:31,184] {dag.py:2914} INFO - Setting next_dagrun for example_kubernetes_executor to None
[2021-10-16 01:00:31,201] {processor.py:171} INFO - Processing /home/airflow/.local/lib/python3.6/site-packages/airflow/example_dags/example_kubernetes_executor.py took 0.093 seconds
[2021-10-16 01:01:01,424] {processor.py:163} INFO - Started process (PID=857) to work on /home/airflow/.local/lib/python3.6/site-packages/airflow/example_dags/example_kubernetes_executor.py
[2021-10-16 01:01:01,432] {processor.py:620} INFO - Processing file /home/airflow/.local/lib/python3.6/site-packages/airflow/example_dags/example_kubernetes_executor.py for tasks to queue
[2021-10-16 01:01:01,435] {logging_mixin.py:109} INFO - [2021-10-16 01:01:01,435] {dagbag.py:500} INFO - Filling up the DagBag from /home/airflow/.local/lib/python3.6/site-packages/airflow/example_dags/example_kubernetes_executor.py
[2021-10-16 01:01:01,483] {processor.py:632} INFO - DAG(s) dict_keys(['example_kubernetes_executor']) retrieved from /home/airflow/.local/lib/python3.6/site-packages/airflow/example_dags/example_kubernetes_executor.py
[2021-10-16 01:01:01,512] {logging_mixin.py:109} INFO - [2021-10-16 01:01:01,511] {dag.py:2389} INFO - Sync 1 DAGs
[2021-10-16 01:01:01,545] {logging_mixin.py:109} INFO - [2021-10-16 01:01:01,545] {dag.py:2914} INFO - Setting next_dagrun for example_kubernetes_executor to None
[2021-10-16 01:01:01,567] {processor.py:171} INFO - Processing /home/airflow/.local/lib/python3.6/site-packages/airflow/example_dags/example_kubernetes_executor.py took 0.152 seconds
[2021-10-16 01:01:32,281] {processor.py:163} INFO - Started process (PID=913) to work on /home/airflow/.local/lib/python3.6/site-packages/airflow/example_dags/example_kubernetes_executor.py
[2021-10-16 01:01:32,293] {processor.py:620} INFO - Processing file /home/airflow/.local/lib/python3.6/site-packages/airflow/example_dags/example_kubernetes_executor.py for tasks to queue
[2021-10-16 01:01:32,305] {logging_mixin.py:109} INFO - [2021-10-16 01:01:32,305] {dagbag.py:500} INFO - Filling up the DagBag from /home/airflow/.local/lib/python3.6/site-packages/airflow/example_dags/example_kubernetes_executor.py
[2021-10-16 01:01:32,485] {processor.py:632} INFO - DAG(s) dict_keys(['example_kubernetes_executor']) retrieved from /home/airflow/.local/lib/python3.6/site-packages/airflow/example_dags/example_kubernetes_executor.py
[2021-10-16 01:01:32,508] {logging_mixin.py:109} INFO - [2021-10-16 01:01:32,508] {dag.py:2389} INFO - Sync 1 DAGs
[2021-10-16 01:01:32,669] {logging_mixin.py:109} INFO - [2021-10-16 01:01:32,668] {dag.py:2914} INFO - Setting next_dagrun for example_kubernetes_executor to None
[2021-10-16 01:01:32,735] {processor.py:171} INFO - Processing /home/airflow/.local/lib/python3.6/site-packages/airflow/example_dags/example_kubernetes_executor.py took 0.467 seconds
[2021-10-16 01:02:02,863] {processor.py:163} INFO - Started process (PID=966) to work on /home/airflow/.local/lib/python3.6/site-packages/airflow/example_dags/example_kubernetes_executor.py
[2021-10-16 01:02:02,870] {processor.py:620} INFO - Processing file /home/airflow/.local/lib/python3.6/site-packages/airflow/example_dags/example_kubernetes_executor.py for tasks to queue
[2021-10-16 01:02:02,871] {logging_mixin.py:109} INFO - [2021-10-16 01:02:02,871] {dagbag.py:500} INFO - Filling up the DagBag from /home/airflow/.local/lib/python3.6/site-packages/airflow/example_dags/example_kubernetes_executor.py
[2021-10-16 01:02:02,902] {processor.py:632} INFO - DAG(s) dict_keys(['example_kubernetes_executor']) retrieved from /home/airflow/.local/lib/python3.6/site-packages/airflow/example_dags/example_kubernetes_executor.py
[2021-10-16 01:02:02,915] {logging_mixin.py:109} INFO - [2021-10-16 01:02:02,915] {dag.py:2389} INFO - Sync 1 DAGs
[2021-10-16 01:02:02,934] {logging_mixin.py:109} INFO - [2021-10-16 01:02:02,934] {dag.py:2914} INFO - Setting next_dagrun for example_kubernetes_executor to None
[2021-10-16 01:02:02,947] {processor.py:171} INFO - Processing /home/airflow/.local/lib/python3.6/site-packages/airflow/example_dags/example_kubernetes_executor.py took 0.088 seconds
[2021-10-16 01:02:33,585] {processor.py:163} INFO - Started process (PID=1037) to work on /home/airflow/.local/lib/python3.6/site-packages/airflow/example_dags/example_kubernetes_executor.py
[2021-10-16 01:02:33,596] {processor.py:620} INFO - Processing file /home/airflow/.local/lib/python3.6/site-packages/airflow/example_dags/example_kubernetes_executor.py for tasks to queue
[2021-10-16 01:02:33,597] {logging_mixin.py:109} INFO - [2021-10-16 01:02:33,597] {dagbag.py:500} INFO - Filling up the DagBag from /home/airflow/.local/lib/python3.6/site-packages/airflow/example_dags/example_kubernetes_executor.py
[2021-10-16 01:02:33,648] {processor.py:632} INFO - DAG(s) dict_keys(['example_kubernetes_executor']) retrieved from /home/airflow/.local/lib/python3.6/site-packages/airflow/example_dags/example_kubernetes_executor.py
[2021-10-16 01:02:33,674] {logging_mixin.py:109} INFO - [2021-10-16 01:02:33,674] {dag.py:2389} INFO - Sync 1 DAGs
[2021-10-16 01:02:33,706] {logging_mixin.py:109} INFO - [2021-10-16 01:02:33,706] {dag.py:2914} INFO - Setting next_dagrun for example_kubernetes_executor to None
[2021-10-16 01:02:33,727] {processor.py:171} INFO - Processing /home/airflow/.local/lib/python3.6/site-packages/airflow/example_dags/example_kubernetes_executor.py took 0.147 seconds
[2021-10-16 01:03:04,121] {processor.py:163} INFO - Started process (PID=1090) to work on /home/airflow/.local/lib/python3.6/site-packages/airflow/example_dags/example_kubernetes_executor.py
[2021-10-16 01:03:04,124] {processor.py:620} INFO - Processing file /home/airflow/.local/lib/python3.6/site-packages/airflow/example_dags/example_kubernetes_executor.py for tasks to queue
[2021-10-16 01:03:04,127] {logging_mixin.py:109} INFO - [2021-10-16 01:03:04,126] {dagbag.py:500} INFO - Filling up the DagBag from /home/airflow/.local/lib/python3.6/site-packages/airflow/example_dags/example_kubernetes_executor.py
[2021-10-16 01:03:04,213] {processor.py:632} INFO - DAG(s) dict_keys(['example_kubernetes_executor']) retrieved from /home/airflow/.local/lib/python3.6/site-packages/airflow/example_dags/example_kubernetes_executor.py
[2021-10-16 01:03:04,247] {logging_mixin.py:109} INFO - [2021-10-16 01:03:04,247] {dag.py:2389} INFO - Sync 1 DAGs
[2021-10-16 01:03:04,285] {logging_mixin.py:109} INFO - [2021-10-16 01:03:04,278] {dag.py:2914} INFO - Setting next_dagrun for example_kubernetes_executor to None
[2021-10-16 01:03:04,305] {processor.py:171} INFO - Processing /home/airflow/.local/lib/python3.6/site-packages/airflow/example_dags/example_kubernetes_executor.py took 0.192 seconds
[2021-10-16 01:03:34,454] {processor.py:163} INFO - Started process (PID=1143) to work on /home/airflow/.local/lib/python3.6/site-packages/airflow/example_dags/example_kubernetes_executor.py
[2021-10-16 01:03:34,457] {processor.py:620} INFO - Processing file /home/airflow/.local/lib/python3.6/site-packages/airflow/example_dags/example_kubernetes_executor.py for tasks to queue
[2021-10-16 01:03:34,459] {logging_mixin.py:109} INFO - [2021-10-16 01:03:34,459] {dagbag.py:500} INFO - Filling up the DagBag from /home/airflow/.local/lib/python3.6/site-packages/airflow/example_dags/example_kubernetes_executor.py
[2021-10-16 01:03:34,527] {processor.py:632} INFO - DAG(s) dict_keys(['example_kubernetes_executor']) retrieved from /home/airflow/.local/lib/python3.6/site-packages/airflow/example_dags/example_kubernetes_executor.py
[2021-10-16 01:03:34,551] {logging_mixin.py:109} INFO - [2021-10-16 01:03:34,550] {dag.py:2389} INFO - Sync 1 DAGs
[2021-10-16 01:03:34,571] {logging_mixin.py:109} INFO - [2021-10-16 01:03:34,571] {dag.py:2914} INFO - Setting next_dagrun for example_kubernetes_executor to None
[2021-10-16 01:03:34,585] {processor.py:171} INFO - Processing /home/airflow/.local/lib/python3.6/site-packages/airflow/example_dags/example_kubernetes_executor.py took 0.137 seconds
[2021-10-16 01:04:04,830] {processor.py:163} INFO - Started process (PID=1209) to work on /home/airflow/.local/lib/python3.6/site-packages/airflow/example_dags/example_kubernetes_executor.py
[2021-10-16 01:04:04,833] {processor.py:620} INFO - Processing file /home/airflow/.local/lib/python3.6/site-packages/airflow/example_dags/example_kubernetes_executor.py for tasks to queue
[2021-10-16 01:04:04,836] {logging_mixin.py:109} INFO - [2021-10-16 01:04:04,835] {dagbag.py:500} INFO - Filling up the DagBag from /home/airflow/.local/lib/python3.6/site-packages/airflow/example_dags/example_kubernetes_executor.py
[2021-10-16 01:04:04,869] {processor.py:632} INFO - DAG(s) dict_keys(['example_kubernetes_executor']) retrieved from /home/airflow/.local/lib/python3.6/site-packages/airflow/example_dags/example_kubernetes_executor.py
[2021-10-16 01:04:04,887] {logging_mixin.py:109} INFO - [2021-10-16 01:04:04,887] {dag.py:2389} INFO - Sync 1 DAGs
[2021-10-16 01:04:04,918] {logging_mixin.py:109} INFO - [2021-10-16 01:04:04,918] {dag.py:2914} INFO - Setting next_dagrun for example_kubernetes_executor to None
[2021-10-16 01:04:04,934] {processor.py:171} INFO - Processing /home/airflow/.local/lib/python3.6/site-packages/airflow/example_dags/example_kubernetes_executor.py took 0.111 seconds
[2021-10-16 01:04:35,088] {processor.py:163} INFO - Started process (PID=1263) to work on /home/airflow/.local/lib/python3.6/site-packages/airflow/example_dags/example_kubernetes_executor.py
[2021-10-16 01:04:35,091] {processor.py:620} INFO - Processing file /home/airflow/.local/lib/python3.6/site-packages/airflow/example_dags/example_kubernetes_executor.py for tasks to queue
[2021-10-16 01:04:35,093] {logging_mixin.py:109} INFO - [2021-10-16 01:04:35,093] {dagbag.py:500} INFO - Filling up the DagBag from /home/airflow/.local/lib/python3.6/site-packages/airflow/example_dags/example_kubernetes_executor.py
[2021-10-16 01:04:35,179] {processor.py:632} INFO - DAG(s) dict_keys(['example_kubernetes_executor']) retrieved from /home/airflow/.local/lib/python3.6/site-packages/airflow/example_dags/example_kubernetes_executor.py
[2021-10-16 01:04:35,195] {logging_mixin.py:109} INFO - [2021-10-16 01:04:35,195] {dag.py:2389} INFO - Sync 1 DAGs
[2021-10-16 01:04:35,246] {logging_mixin.py:109} INFO - [2021-10-16 01:04:35,246] {dag.py:2914} INFO - Setting next_dagrun for example_kubernetes_executor to None
[2021-10-16 01:04:35,261] {processor.py:171} INFO - Processing /home/airflow/.local/lib/python3.6/site-packages/airflow/example_dags/example_kubernetes_executor.py took 0.180 seconds
[2021-10-16 01:05:05,618] {processor.py:163} INFO - Started process (PID=1319) to work on /home/airflow/.local/lib/python3.6/site-packages/airflow/example_dags/example_kubernetes_executor.py
[2021-10-16 01:05:05,621] {processor.py:620} INFO - Processing file /home/airflow/.local/lib/python3.6/site-packages/airflow/example_dags/example_kubernetes_executor.py for tasks to queue
[2021-10-16 01:05:05,624] {logging_mixin.py:109} INFO - [2021-10-16 01:05:05,624] {dagbag.py:500} INFO - Filling up the DagBag from /home/airflow/.local/lib/python3.6/site-packages/airflow/example_dags/example_kubernetes_executor.py
[2021-10-16 01:05:05,673] {processor.py:632} INFO - DAG(s) dict_keys(['example_kubernetes_executor']) retrieved from /home/airflow/.local/lib/python3.6/site-packages/airflow/example_dags/example_kubernetes_executor.py
[2021-10-16 01:05:05,687] {logging_mixin.py:109} INFO - [2021-10-16 01:05:05,687] {dag.py:2389} INFO - Sync 1 DAGs
[2021-10-16 01:05:05,712] {logging_mixin.py:109} INFO - [2021-10-16 01:05:05,712] {dag.py:2914} INFO - Setting next_dagrun for example_kubernetes_executor to None
[2021-10-16 01:05:05,723] {processor.py:171} INFO - Processing /home/airflow/.local/lib/python3.6/site-packages/airflow/example_dags/example_kubernetes_executor.py took 0.112 seconds
[2021-10-16 01:05:36,154] {processor.py:163} INFO - Started process (PID=1372) to work on /home/airflow/.local/lib/python3.6/site-packages/airflow/example_dags/example_kubernetes_executor.py
[2021-10-16 01:05:36,158] {processor.py:620} INFO - Processing file /home/airflow/.local/lib/python3.6/site-packages/airflow/example_dags/example_kubernetes_executor.py for tasks to queue
[2021-10-16 01:05:36,159] {logging_mixin.py:109} INFO - [2021-10-16 01:05:36,159] {dagbag.py:500} INFO - Filling up the DagBag from /home/airflow/.local/lib/python3.6/site-packages/airflow/example_dags/example_kubernetes_executor.py
[2021-10-16 01:05:36,225] {processor.py:632} INFO - DAG(s) dict_keys(['example_kubernetes_executor']) retrieved from /home/airflow/.local/lib/python3.6/site-packages/airflow/example_dags/example_kubernetes_executor.py
[2021-10-16 01:05:36,250] {logging_mixin.py:109} INFO - [2021-10-16 01:05:36,250] {dag.py:2389} INFO - Sync 1 DAGs
[2021-10-16 01:05:36,285] {logging_mixin.py:109} INFO - [2021-10-16 01:05:36,285] {dag.py:2914} INFO - Setting next_dagrun for example_kubernetes_executor to None
[2021-10-16 01:05:36,300] {processor.py:171} INFO - Processing /home/airflow/.local/lib/python3.6/site-packages/airflow/example_dags/example_kubernetes_executor.py took 0.150 seconds
[2021-10-16 01:06:06,755] {processor.py:163} INFO - Started process (PID=1426) to work on /home/airflow/.local/lib/python3.6/site-packages/airflow/example_dags/example_kubernetes_executor.py
[2021-10-16 01:06:06,758] {processor.py:620} INFO - Processing file /home/airflow/.local/lib/python3.6/site-packages/airflow/example_dags/example_kubernetes_executor.py for tasks to queue
[2021-10-16 01:06:06,760] {logging_mixin.py:109} INFO - [2021-10-16 01:06:06,760] {dagbag.py:500} INFO - Filling up the DagBag from /home/airflow/.local/lib/python3.6/site-packages/airflow/example_dags/example_kubernetes_executor.py
[2021-10-16 01:06:06,793] {processor.py:632} INFO - DAG(s) dict_keys(['example_kubernetes_executor']) retrieved from /home/airflow/.local/lib/python3.6/site-packages/airflow/example_dags/example_kubernetes_executor.py
[2021-10-16 01:06:06,807] {logging_mixin.py:109} INFO - [2021-10-16 01:06:06,806] {dag.py:2389} INFO - Sync 1 DAGs
[2021-10-16 01:06:06,825] {logging_mixin.py:109} INFO - [2021-10-16 01:06:06,825] {dag.py:2914} INFO - Setting next_dagrun for example_kubernetes_executor to None
[2021-10-16 01:06:06,845] {processor.py:171} INFO - Processing /home/airflow/.local/lib/python3.6/site-packages/airflow/example_dags/example_kubernetes_executor.py took 0.094 seconds
[2021-10-16 01:06:37,197] {processor.py:163} INFO - Started process (PID=1491) to work on /home/airflow/.local/lib/python3.6/site-packages/airflow/example_dags/example_kubernetes_executor.py
[2021-10-16 01:06:37,209] {processor.py:620} INFO - Processing file /home/airflow/.local/lib/python3.6/site-packages/airflow/example_dags/example_kubernetes_executor.py for tasks to queue
[2021-10-16 01:06:37,211] {logging_mixin.py:109} INFO - [2021-10-16 01:06:37,211] {dagbag.py:500} INFO - Filling up the DagBag from /home/airflow/.local/lib/python3.6/site-packages/airflow/example_dags/example_kubernetes_executor.py
[2021-10-16 01:06:37,292] {processor.py:632} INFO - DAG(s) dict_keys(['example_kubernetes_executor']) retrieved from /home/airflow/.local/lib/python3.6/site-packages/airflow/example_dags/example_kubernetes_executor.py
[2021-10-16 01:06:37,333] {logging_mixin.py:109} INFO - [2021-10-16 01:06:37,333] {dag.py:2389} INFO - Sync 1 DAGs
[2021-10-16 01:06:37,412] {logging_mixin.py:109} INFO - [2021-10-16 01:06:37,412] {dag.py:2914} INFO - Setting next_dagrun for example_kubernetes_executor to None
[2021-10-16 01:06:37,456] {processor.py:171} INFO - Processing /home/airflow/.local/lib/python3.6/site-packages/airflow/example_dags/example_kubernetes_executor.py took 0.274 seconds
[2021-10-16 01:07:07,634] {processor.py:163} INFO - Started process (PID=1544) to work on /home/airflow/.local/lib/python3.6/site-packages/airflow/example_dags/example_kubernetes_executor.py
[2021-10-16 01:07:07,636] {processor.py:620} INFO - Processing file /home/airflow/.local/lib/python3.6/site-packages/airflow/example_dags/example_kubernetes_executor.py for tasks to queue
[2021-10-16 01:07:07,638] {logging_mixin.py:109} INFO - [2021-10-16 01:07:07,637] {dagbag.py:500} INFO - Filling up the DagBag from /home/airflow/.local/lib/python3.6/site-packages/airflow/example_dags/example_kubernetes_executor.py
[2021-10-16 01:07:07,685] {processor.py:632} INFO - DAG(s) dict_keys(['example_kubernetes_executor']) retrieved from /home/airflow/.local/lib/python3.6/site-packages/airflow/example_dags/example_kubernetes_executor.py
[2021-10-16 01:07:07,714] {logging_mixin.py:109} INFO - [2021-10-16 01:07:07,714] {dag.py:2389} INFO - Sync 1 DAGs
[2021-10-16 01:07:07,750] {logging_mixin.py:109} INFO - [2021-10-16 01:07:07,749] {dag.py:2914} INFO - Setting next_dagrun for example_kubernetes_executor to None
[2021-10-16 01:07:07,765] {processor.py:171} INFO - Processing /home/airflow/.local/lib/python3.6/site-packages/airflow/example_dags/example_kubernetes_executor.py took 0.147 seconds
[2021-10-16 01:07:38,493] {processor.py:163} INFO - Started process (PID=1598) to work on /home/airflow/.local/lib/python3.6/site-packages/airflow/example_dags/example_kubernetes_executor.py
[2021-10-16 01:07:38,498] {processor.py:620} INFO - Processing file /home/airflow/.local/lib/python3.6/site-packages/airflow/example_dags/example_kubernetes_executor.py for tasks to queue
[2021-10-16 01:07:38,499] {logging_mixin.py:109} INFO - [2021-10-16 01:07:38,499] {dagbag.py:500} INFO - Filling up the DagBag from /home/airflow/.local/lib/python3.6/site-packages/airflow/example_dags/example_kubernetes_executor.py
[2021-10-16 01:07:38,540] {processor.py:632} INFO - DAG(s) dict_keys(['example_kubernetes_executor']) retrieved from /home/airflow/.local/lib/python3.6/site-packages/airflow/example_dags/example_kubernetes_executor.py
[2021-10-16 01:07:38,557] {logging_mixin.py:109} INFO - [2021-10-16 01:07:38,557] {dag.py:2389} INFO - Sync 1 DAGs
[2021-10-16 01:07:38,576] {logging_mixin.py:109} INFO - [2021-10-16 01:07:38,576] {dag.py:2914} INFO - Setting next_dagrun for example_kubernetes_executor to None
[2021-10-16 01:07:38,589] {processor.py:171} INFO - Processing /home/airflow/.local/lib/python3.6/site-packages/airflow/example_dags/example_kubernetes_executor.py took 0.101 seconds
[2021-10-16 01:08:08,667] {processor.py:163} INFO - Started process (PID=1666) to work on /home/airflow/.local/lib/python3.6/site-packages/airflow/example_dags/example_kubernetes_executor.py
[2021-10-16 01:08:08,669] {processor.py:620} INFO - Processing file /home/airflow/.local/lib/python3.6/site-packages/airflow/example_dags/example_kubernetes_executor.py for tasks to queue
[2021-10-16 01:08:08,670] {logging_mixin.py:109} INFO - [2021-10-16 01:08:08,670] {dagbag.py:500} INFO - Filling up the DagBag from /home/airflow/.local/lib/python3.6/site-packages/airflow/example_dags/example_kubernetes_executor.py
[2021-10-16 01:08:08,707] {processor.py:632} INFO - DAG(s) dict_keys(['example_kubernetes_executor']) retrieved from /home/airflow/.local/lib/python3.6/site-packages/airflow/example_dags/example_kubernetes_executor.py
[2021-10-16 01:08:08,720] {logging_mixin.py:109} INFO - [2021-10-16 01:08:08,720] {dag.py:2389} INFO - Sync 1 DAGs
[2021-10-16 01:08:08,737] {logging_mixin.py:109} INFO - [2021-10-16 01:08:08,737] {dag.py:2914} INFO - Setting next_dagrun for example_kubernetes_executor to None
[2021-10-16 01:08:08,750] {processor.py:171} INFO - Processing /home/airflow/.local/lib/python3.6/site-packages/airflow/example_dags/example_kubernetes_executor.py took 0.087 seconds
[2021-10-16 01:08:39,482] {processor.py:163} INFO - Started process (PID=1721) to work on /home/airflow/.local/lib/python3.6/site-packages/airflow/example_dags/example_kubernetes_executor.py
[2021-10-16 01:08:39,484] {processor.py:620} INFO - Processing file /home/airflow/.local/lib/python3.6/site-packages/airflow/example_dags/example_kubernetes_executor.py for tasks to queue
[2021-10-16 01:08:39,488] {logging_mixin.py:109} INFO - [2021-10-16 01:08:39,487] {dagbag.py:500} INFO - Filling up the DagBag from /home/airflow/.local/lib/python3.6/site-packages/airflow/example_dags/example_kubernetes_executor.py
[2021-10-16 01:08:39,527] {processor.py:632} INFO - DAG(s) dict_keys(['example_kubernetes_executor']) retrieved from /home/airflow/.local/lib/python3.6/site-packages/airflow/example_dags/example_kubernetes_executor.py
[2021-10-16 01:08:39,545] {logging_mixin.py:109} INFO - [2021-10-16 01:08:39,545] {dag.py:2389} INFO - Sync 1 DAGs
[2021-10-16 01:08:39,588] {logging_mixin.py:109} INFO - [2021-10-16 01:08:39,588] {dag.py:2914} INFO - Setting next_dagrun for example_kubernetes_executor to None
[2021-10-16 01:08:39,619] {processor.py:171} INFO - Processing /home/airflow/.local/lib/python3.6/site-packages/airflow/example_dags/example_kubernetes_executor.py took 0.143 seconds
[2021-10-16 01:09:10,511] {processor.py:163} INFO - Started process (PID=1788) to work on /home/airflow/.local/lib/python3.6/site-packages/airflow/example_dags/example_kubernetes_executor.py
[2021-10-16 01:09:10,520] {processor.py:620} INFO - Processing file /home/airflow/.local/lib/python3.6/site-packages/airflow/example_dags/example_kubernetes_executor.py for tasks to queue
[2021-10-16 01:09:10,528] {logging_mixin.py:109} INFO - [2021-10-16 01:09:10,528] {dagbag.py:500} INFO - Filling up the DagBag from /home/airflow/.local/lib/python3.6/site-packages/airflow/example_dags/example_kubernetes_executor.py
[2021-10-16 01:09:10,582] {processor.py:632} INFO - DAG(s) dict_keys(['example_kubernetes_executor']) retrieved from /home/airflow/.local/lib/python3.6/site-packages/airflow/example_dags/example_kubernetes_executor.py
[2021-10-16 01:09:10,613] {logging_mixin.py:109} INFO - [2021-10-16 01:09:10,613] {dag.py:2389} INFO - Sync 1 DAGs
[2021-10-16 01:09:10,650] {logging_mixin.py:109} INFO - [2021-10-16 01:09:10,650] {dag.py:2914} INFO - Setting next_dagrun for example_kubernetes_executor to None
[2021-10-16 01:09:10,668] {processor.py:171} INFO - Processing /home/airflow/.local/lib/python3.6/site-packages/airflow/example_dags/example_kubernetes_executor.py took 0.163 seconds
[2021-10-16 01:09:41,057] {processor.py:163} INFO - Started process (PID=1844) to work on /home/airflow/.local/lib/python3.6/site-packages/airflow/example_dags/example_kubernetes_executor.py
[2021-10-16 01:09:41,060] {processor.py:620} INFO - Processing file /home/airflow/.local/lib/python3.6/site-packages/airflow/example_dags/example_kubernetes_executor.py for tasks to queue
[2021-10-16 01:09:41,062] {logging_mixin.py:109} INFO - [2021-10-16 01:09:41,062] {dagbag.py:500} INFO - Filling up the DagBag from /home/airflow/.local/lib/python3.6/site-packages/airflow/example_dags/example_kubernetes_executor.py
[2021-10-16 01:09:41,098] {processor.py:632} INFO - DAG(s) dict_keys(['example_kubernetes_executor']) retrieved from /home/airflow/.local/lib/python3.6/site-packages/airflow/example_dags/example_kubernetes_executor.py
[2021-10-16 01:09:41,115] {logging_mixin.py:109} INFO - [2021-10-16 01:09:41,115] {dag.py:2389} INFO - Sync 1 DAGs
[2021-10-16 01:09:41,134] {logging_mixin.py:109} INFO - [2021-10-16 01:09:41,134] {dag.py:2914} INFO - Setting next_dagrun for example_kubernetes_executor to None
[2021-10-16 01:09:41,149] {processor.py:171} INFO - Processing /home/airflow/.local/lib/python3.6/site-packages/airflow/example_dags/example_kubernetes_executor.py took 0.098 seconds
[2021-10-16 01:10:11,531] {processor.py:163} INFO - Started process (PID=1897) to work on /home/airflow/.local/lib/python3.6/site-packages/airflow/example_dags/example_kubernetes_executor.py
[2021-10-16 01:10:11,545] {processor.py:620} INFO - Processing file /home/airflow/.local/lib/python3.6/site-packages/airflow/example_dags/example_kubernetes_executor.py for tasks to queue
[2021-10-16 01:10:11,549] {logging_mixin.py:109} INFO - [2021-10-16 01:10:11,548] {dagbag.py:500} INFO - Filling up the DagBag from /home/airflow/.local/lib/python3.6/site-packages/airflow/example_dags/example_kubernetes_executor.py
[2021-10-16 01:10:11,628] {processor.py:632} INFO - DAG(s) dict_keys(['example_kubernetes_executor']) retrieved from /home/airflow/.local/lib/python3.6/site-packages/airflow/example_dags/example_kubernetes_executor.py
[2021-10-16 01:10:11,645] {logging_mixin.py:109} INFO - [2021-10-16 01:10:11,645] {dag.py:2389} INFO - Sync 1 DAGs
[2021-10-16 01:10:11,675] {logging_mixin.py:109} INFO - [2021-10-16 01:10:11,675] {dag.py:2914} INFO - Setting next_dagrun for example_kubernetes_executor to None
[2021-10-16 01:10:11,686] {processor.py:171} INFO - Processing /home/airflow/.local/lib/python3.6/site-packages/airflow/example_dags/example_kubernetes_executor.py took 0.164 seconds
[2021-10-16 01:10:41,984] {processor.py:163} INFO - Started process (PID=1952) to work on /home/airflow/.local/lib/python3.6/site-packages/airflow/example_dags/example_kubernetes_executor.py
[2021-10-16 01:10:41,987] {processor.py:620} INFO - Processing file /home/airflow/.local/lib/python3.6/site-packages/airflow/example_dags/example_kubernetes_executor.py for tasks to queue
[2021-10-16 01:10:41,989] {logging_mixin.py:109} INFO - [2021-10-16 01:10:41,989] {dagbag.py:500} INFO - Filling up the DagBag from /home/airflow/.local/lib/python3.6/site-packages/airflow/example_dags/example_kubernetes_executor.py
[2021-10-16 01:10:42,033] {processor.py:632} INFO - DAG(s) dict_keys(['example_kubernetes_executor']) retrieved from /home/airflow/.local/lib/python3.6/site-packages/airflow/example_dags/example_kubernetes_executor.py
[2021-10-16 01:10:42,049] {logging_mixin.py:109} INFO - [2021-10-16 01:10:42,049] {dag.py:2389} INFO - Sync 1 DAGs
[2021-10-16 01:10:42,084] {logging_mixin.py:109} INFO - [2021-10-16 01:10:42,080] {dag.py:2914} INFO - Setting next_dagrun for example_kubernetes_executor to None
[2021-10-16 01:10:42,098] {processor.py:171} INFO - Processing /home/airflow/.local/lib/python3.6/site-packages/airflow/example_dags/example_kubernetes_executor.py took 0.121 seconds
[2021-10-16 01:11:12,426] {processor.py:163} INFO - Started process (PID=2008) to work on /home/airflow/.local/lib/python3.6/site-packages/airflow/example_dags/example_kubernetes_executor.py
[2021-10-16 01:11:12,429] {processor.py:620} INFO - Processing file /home/airflow/.local/lib/python3.6/site-packages/airflow/example_dags/example_kubernetes_executor.py for tasks to queue
[2021-10-16 01:11:12,431] {logging_mixin.py:109} INFO - [2021-10-16 01:11:12,431] {dagbag.py:500} INFO - Filling up the DagBag from /home/airflow/.local/lib/python3.6/site-packages/airflow/example_dags/example_kubernetes_executor.py
[2021-10-16 01:11:12,471] {processor.py:632} INFO - DAG(s) dict_keys(['example_kubernetes_executor']) retrieved from /home/airflow/.local/lib/python3.6/site-packages/airflow/example_dags/example_kubernetes_executor.py
[2021-10-16 01:11:12,487] {logging_mixin.py:109} INFO - [2021-10-16 01:11:12,487] {dag.py:2389} INFO - Sync 1 DAGs
[2021-10-16 01:11:12,523] {logging_mixin.py:109} INFO - [2021-10-16 01:11:12,523] {dag.py:2914} INFO - Setting next_dagrun for example_kubernetes_executor to None
[2021-10-16 01:11:12,538] {processor.py:171} INFO - Processing /home/airflow/.local/lib/python3.6/site-packages/airflow/example_dags/example_kubernetes_executor.py took 0.120 seconds
[2021-10-16 01:11:42,600] {processor.py:163} INFO - Started process (PID=2071) to work on /home/airflow/.local/lib/python3.6/site-packages/airflow/example_dags/example_kubernetes_executor.py
[2021-10-16 01:11:42,603] {processor.py:620} INFO - Processing file /home/airflow/.local/lib/python3.6/site-packages/airflow/example_dags/example_kubernetes_executor.py for tasks to queue
[2021-10-16 01:11:42,605] {logging_mixin.py:109} INFO - [2021-10-16 01:11:42,605] {dagbag.py:500} INFO - Filling up the DagBag from /home/airflow/.local/lib/python3.6/site-packages/airflow/example_dags/example_kubernetes_executor.py
[2021-10-16 01:11:42,640] {processor.py:632} INFO - DAG(s) dict_keys(['example_kubernetes_executor']) retrieved from /home/airflow/.local/lib/python3.6/site-packages/airflow/example_dags/example_kubernetes_executor.py
[2021-10-16 01:11:42,656] {logging_mixin.py:109} INFO - [2021-10-16 01:11:42,656] {dag.py:2389} INFO - Sync 1 DAGs
[2021-10-16 01:11:42,676] {logging_mixin.py:109} INFO - [2021-10-16 01:11:42,676] {dag.py:2914} INFO - Setting next_dagrun for example_kubernetes_executor to None
[2021-10-16 01:11:42,696] {processor.py:171} INFO - Processing /home/airflow/.local/lib/python3.6/site-packages/airflow/example_dags/example_kubernetes_executor.py took 0.102 seconds
[2021-10-16 01:12:13,395] {processor.py:163} INFO - Started process (PID=2127) to work on /home/airflow/.local/lib/python3.6/site-packages/airflow/example_dags/example_kubernetes_executor.py
[2021-10-16 01:12:13,397] {processor.py:620} INFO - Processing file /home/airflow/.local/lib/python3.6/site-packages/airflow/example_dags/example_kubernetes_executor.py for tasks to queue
[2021-10-16 01:12:13,398] {logging_mixin.py:109} INFO - [2021-10-16 01:12:13,398] {dagbag.py:500} INFO - Filling up the DagBag from /home/airflow/.local/lib/python3.6/site-packages/airflow/example_dags/example_kubernetes_executor.py
[2021-10-16 01:12:13,461] {processor.py:632} INFO - DAG(s) dict_keys(['example_kubernetes_executor']) retrieved from /home/airflow/.local/lib/python3.6/site-packages/airflow/example_dags/example_kubernetes_executor.py
[2021-10-16 01:12:13,474] {logging_mixin.py:109} INFO - [2021-10-16 01:12:13,474] {dag.py:2389} INFO - Sync 1 DAGs
[2021-10-16 01:12:13,493] {logging_mixin.py:109} INFO - [2021-10-16 01:12:13,493] {dag.py:2914} INFO - Setting next_dagrun for example_kubernetes_executor to None
[2021-10-16 01:12:13,501] {processor.py:171} INFO - Processing /home/airflow/.local/lib/python3.6/site-packages/airflow/example_dags/example_kubernetes_executor.py took 0.114 seconds
[2021-10-16 01:12:43,685] {processor.py:163} INFO - Started process (PID=2183) to work on /home/airflow/.local/lib/python3.6/site-packages/airflow/example_dags/example_kubernetes_executor.py
[2021-10-16 01:12:43,691] {processor.py:620} INFO - Processing file /home/airflow/.local/lib/python3.6/site-packages/airflow/example_dags/example_kubernetes_executor.py for tasks to queue
[2021-10-16 01:12:43,693] {logging_mixin.py:109} INFO - [2021-10-16 01:12:43,693] {dagbag.py:500} INFO - Filling up the DagBag from /home/airflow/.local/lib/python3.6/site-packages/airflow/example_dags/example_kubernetes_executor.py
[2021-10-16 01:12:43,726] {processor.py:632} INFO - DAG(s) dict_keys(['example_kubernetes_executor']) retrieved from /home/airflow/.local/lib/python3.6/site-packages/airflow/example_dags/example_kubernetes_executor.py
[2021-10-16 01:12:43,740] {logging_mixin.py:109} INFO - [2021-10-16 01:12:43,740] {dag.py:2389} INFO - Sync 1 DAGs
[2021-10-16 01:12:43,764] {logging_mixin.py:109} INFO - [2021-10-16 01:12:43,763] {dag.py:2914} INFO - Setting next_dagrun for example_kubernetes_executor to None
[2021-10-16 01:12:43,784] {processor.py:171} INFO - Processing /home/airflow/.local/lib/python3.6/site-packages/airflow/example_dags/example_kubernetes_executor.py took 0.103 seconds
[2021-10-16 01:13:14,200] {processor.py:163} INFO - Started process (PID=2236) to work on /home/airflow/.local/lib/python3.6/site-packages/airflow/example_dags/example_kubernetes_executor.py
[2021-10-16 01:13:14,203] {processor.py:620} INFO - Processing file /home/airflow/.local/lib/python3.6/site-packages/airflow/example_dags/example_kubernetes_executor.py for tasks to queue
[2021-10-16 01:13:14,206] {logging_mixin.py:109} INFO - [2021-10-16 01:13:14,205] {dagbag.py:500} INFO - Filling up the DagBag from /home/airflow/.local/lib/python3.6/site-packages/airflow/example_dags/example_kubernetes_executor.py
[2021-10-16 01:13:14,247] {processor.py:632} INFO - DAG(s) dict_keys(['example_kubernetes_executor']) retrieved from /home/airflow/.local/lib/python3.6/site-packages/airflow/example_dags/example_kubernetes_executor.py
[2021-10-16 01:13:14,262] {logging_mixin.py:109} INFO - [2021-10-16 01:13:14,262] {dag.py:2389} INFO - Sync 1 DAGs
[2021-10-16 01:13:14,281] {logging_mixin.py:109} INFO - [2021-10-16 01:13:14,281] {dag.py:2914} INFO - Setting next_dagrun for example_kubernetes_executor to None
[2021-10-16 01:13:14,294] {processor.py:171} INFO - Processing /home/airflow/.local/lib/python3.6/site-packages/airflow/example_dags/example_kubernetes_executor.py took 0.101 seconds
[2021-10-16 01:13:44,877] {processor.py:163} INFO - Started process (PID=2292) to work on /home/airflow/.local/lib/python3.6/site-packages/airflow/example_dags/example_kubernetes_executor.py
[2021-10-16 01:13:44,879] {processor.py:620} INFO - Processing file /home/airflow/.local/lib/python3.6/site-packages/airflow/example_dags/example_kubernetes_executor.py for tasks to queue
[2021-10-16 01:13:44,881] {logging_mixin.py:109} INFO - [2021-10-16 01:13:44,881] {dagbag.py:500} INFO - Filling up the DagBag from /home/airflow/.local/lib/python3.6/site-packages/airflow/example_dags/example_kubernetes_executor.py
[2021-10-16 01:13:44,925] {processor.py:632} INFO - DAG(s) dict_keys(['example_kubernetes_executor']) retrieved from /home/airflow/.local/lib/python3.6/site-packages/airflow/example_dags/example_kubernetes_executor.py
[2021-10-16 01:13:44,955] {logging_mixin.py:109} INFO - [2021-10-16 01:13:44,955] {dag.py:2389} INFO - Sync 1 DAGs
[2021-10-16 01:13:44,979] {logging_mixin.py:109} INFO - [2021-10-16 01:13:44,979] {dag.py:2914} INFO - Setting next_dagrun for example_kubernetes_executor to None
[2021-10-16 01:13:44,996] {processor.py:171} INFO - Processing /home/airflow/.local/lib/python3.6/site-packages/airflow/example_dags/example_kubernetes_executor.py took 0.127 seconds
[2021-10-16 01:14:15,815] {processor.py:163} INFO - Started process (PID=2347) to work on /home/airflow/.local/lib/python3.6/site-packages/airflow/example_dags/example_kubernetes_executor.py
[2021-10-16 01:14:15,817] {processor.py:620} INFO - Processing file /home/airflow/.local/lib/python3.6/site-packages/airflow/example_dags/example_kubernetes_executor.py for tasks to queue
[2021-10-16 01:14:15,821] {logging_mixin.py:109} INFO - [2021-10-16 01:14:15,821] {dagbag.py:500} INFO - Filling up the DagBag from /home/airflow/.local/lib/python3.6/site-packages/airflow/example_dags/example_kubernetes_executor.py
[2021-10-16 01:14:15,855] {processor.py:632} INFO - DAG(s) dict_keys(['example_kubernetes_executor']) retrieved from /home/airflow/.local/lib/python3.6/site-packages/airflow/example_dags/example_kubernetes_executor.py
[2021-10-16 01:14:15,882] {logging_mixin.py:109} INFO - [2021-10-16 01:14:15,882] {dag.py:2389} INFO - Sync 1 DAGs
[2021-10-16 01:14:15,901] {logging_mixin.py:109} INFO - [2021-10-16 01:14:15,901] {dag.py:2914} INFO - Setting next_dagrun for example_kubernetes_executor to None
[2021-10-16 01:14:15,915] {processor.py:171} INFO - Processing /home/airflow/.local/lib/python3.6/site-packages/airflow/example_dags/example_kubernetes_executor.py took 0.104 seconds
[2021-10-16 01:14:46,678] {processor.py:163} INFO - Started process (PID=2401) to work on /home/airflow/.local/lib/python3.6/site-packages/airflow/example_dags/example_kubernetes_executor.py
[2021-10-16 01:14:46,680] {processor.py:620} INFO - Processing file /home/airflow/.local/lib/python3.6/site-packages/airflow/example_dags/example_kubernetes_executor.py for tasks to queue
[2021-10-16 01:14:46,683] {logging_mixin.py:109} INFO - [2021-10-16 01:14:46,683] {dagbag.py:500} INFO - Filling up the DagBag from /home/airflow/.local/lib/python3.6/site-packages/airflow/example_dags/example_kubernetes_executor.py
[2021-10-16 01:14:46,722] {processor.py:632} INFO - DAG(s) dict_keys(['example_kubernetes_executor']) retrieved from /home/airflow/.local/lib/python3.6/site-packages/airflow/example_dags/example_kubernetes_executor.py
[2021-10-16 01:14:46,743] {logging_mixin.py:109} INFO - [2021-10-16 01:14:46,743] {dag.py:2389} INFO - Sync 1 DAGs
[2021-10-16 01:14:46,771] {logging_mixin.py:109} INFO - [2021-10-16 01:14:46,771] {dag.py:2914} INFO - Setting next_dagrun for example_kubernetes_executor to None
[2021-10-16 01:14:46,791] {processor.py:171} INFO - Processing /home/airflow/.local/lib/python3.6/site-packages/airflow/example_dags/example_kubernetes_executor.py took 0.121 seconds
