[2021-10-16 00:53:55,144] {processor.py:163} INFO - Started process (PID=64) to work on /home/airflow/.local/lib/python3.6/site-packages/airflow/example_dags/example_bash_operator.py
[2021-10-16 00:53:55,168] {processor.py:620} INFO - Processing file /home/airflow/.local/lib/python3.6/site-packages/airflow/example_dags/example_bash_operator.py for tasks to queue
[2021-10-16 00:53:55,172] {logging_mixin.py:109} INFO - [2021-10-16 00:53:55,171] {dagbag.py:500} INFO - Filling up the DagBag from /home/airflow/.local/lib/python3.6/site-packages/airflow/example_dags/example_bash_operator.py
[2021-10-16 00:53:55,781] {processor.py:632} INFO - DAG(s) dict_keys(['example_bash_operator']) retrieved from /home/airflow/.local/lib/python3.6/site-packages/airflow/example_dags/example_bash_operator.py
[2021-10-16 00:53:55,850] {logging_mixin.py:109} INFO - [2021-10-16 00:53:55,850] {dag.py:2389} INFO - Sync 1 DAGs
[2021-10-16 00:53:55,931] {logging_mixin.py:109} INFO - [2021-10-16 00:53:55,931] {dag.py:2914} INFO - Setting next_dagrun for example_bash_operator to 2021-10-15 00:00:00+00:00
[2021-10-16 00:53:55,979] {processor.py:171} INFO - Processing /home/airflow/.local/lib/python3.6/site-packages/airflow/example_dags/example_bash_operator.py took 0.849 seconds
[2021-10-16 00:54:27,789] {processor.py:163} INFO - Started process (PID=116) to work on /home/airflow/.local/lib/python3.6/site-packages/airflow/example_dags/example_bash_operator.py
[2021-10-16 00:54:27,808] {processor.py:620} INFO - Processing file /home/airflow/.local/lib/python3.6/site-packages/airflow/example_dags/example_bash_operator.py for tasks to queue
[2021-10-16 00:54:27,811] {logging_mixin.py:109} INFO - [2021-10-16 00:54:27,811] {dagbag.py:500} INFO - Filling up the DagBag from /home/airflow/.local/lib/python3.6/site-packages/airflow/example_dags/example_bash_operator.py
[2021-10-16 00:54:28,041] {processor.py:632} INFO - DAG(s) dict_keys(['example_bash_operator']) retrieved from /home/airflow/.local/lib/python3.6/site-packages/airflow/example_dags/example_bash_operator.py
[2021-10-16 00:54:28,117] {logging_mixin.py:109} INFO - [2021-10-16 00:54:28,116] {dag.py:2389} INFO - Sync 1 DAGs
[2021-10-16 00:54:28,226] {logging_mixin.py:109} INFO - [2021-10-16 00:54:28,210] {dag.py:2914} INFO - Setting next_dagrun for example_bash_operator to 2021-10-15 00:00:00+00:00
[2021-10-16 00:54:28,330] {processor.py:171} INFO - Processing /home/airflow/.local/lib/python3.6/site-packages/airflow/example_dags/example_bash_operator.py took 0.590 seconds
[2021-10-16 00:54:58,778] {processor.py:163} INFO - Started process (PID=168) to work on /home/airflow/.local/lib/python3.6/site-packages/airflow/example_dags/example_bash_operator.py
[2021-10-16 00:54:58,780] {processor.py:620} INFO - Processing file /home/airflow/.local/lib/python3.6/site-packages/airflow/example_dags/example_bash_operator.py for tasks to queue
[2021-10-16 00:54:58,781] {logging_mixin.py:109} INFO - [2021-10-16 00:54:58,781] {dagbag.py:500} INFO - Filling up the DagBag from /home/airflow/.local/lib/python3.6/site-packages/airflow/example_dags/example_bash_operator.py
[2021-10-16 00:54:58,823] {processor.py:632} INFO - DAG(s) dict_keys(['example_bash_operator']) retrieved from /home/airflow/.local/lib/python3.6/site-packages/airflow/example_dags/example_bash_operator.py
[2021-10-16 00:54:58,839] {logging_mixin.py:109} INFO - [2021-10-16 00:54:58,839] {dag.py:2389} INFO - Sync 1 DAGs
[2021-10-16 00:54:58,861] {logging_mixin.py:109} INFO - [2021-10-16 00:54:58,861] {dag.py:2914} INFO - Setting next_dagrun for example_bash_operator to 2021-10-15 00:00:00+00:00
[2021-10-16 00:54:58,873] {processor.py:171} INFO - Processing /home/airflow/.local/lib/python3.6/site-packages/airflow/example_dags/example_bash_operator.py took 0.102 seconds
[2021-10-16 00:55:29,464] {processor.py:163} INFO - Started process (PID=223) to work on /home/airflow/.local/lib/python3.6/site-packages/airflow/example_dags/example_bash_operator.py
[2021-10-16 00:55:29,467] {processor.py:620} INFO - Processing file /home/airflow/.local/lib/python3.6/site-packages/airflow/example_dags/example_bash_operator.py for tasks to queue
[2021-10-16 00:55:29,469] {logging_mixin.py:109} INFO - [2021-10-16 00:55:29,469] {dagbag.py:500} INFO - Filling up the DagBag from /home/airflow/.local/lib/python3.6/site-packages/airflow/example_dags/example_bash_operator.py
[2021-10-16 00:55:29,522] {processor.py:632} INFO - DAG(s) dict_keys(['example_bash_operator']) retrieved from /home/airflow/.local/lib/python3.6/site-packages/airflow/example_dags/example_bash_operator.py
[2021-10-16 00:55:29,536] {logging_mixin.py:109} INFO - [2021-10-16 00:55:29,536] {dag.py:2389} INFO - Sync 1 DAGs
[2021-10-16 00:55:29,565] {logging_mixin.py:109} INFO - [2021-10-16 00:55:29,564] {dag.py:2914} INFO - Setting next_dagrun for example_bash_operator to 2021-10-15 00:00:00+00:00
[2021-10-16 00:55:29,579] {processor.py:171} INFO - Processing /home/airflow/.local/lib/python3.6/site-packages/airflow/example_dags/example_bash_operator.py took 0.120 seconds
[2021-10-16 00:55:59,706] {processor.py:163} INFO - Started process (PID=288) to work on /home/airflow/.local/lib/python3.6/site-packages/airflow/example_dags/example_bash_operator.py
[2021-10-16 00:55:59,709] {processor.py:620} INFO - Processing file /home/airflow/.local/lib/python3.6/site-packages/airflow/example_dags/example_bash_operator.py for tasks to queue
[2021-10-16 00:55:59,712] {logging_mixin.py:109} INFO - [2021-10-16 00:55:59,711] {dagbag.py:500} INFO - Filling up the DagBag from /home/airflow/.local/lib/python3.6/site-packages/airflow/example_dags/example_bash_operator.py
[2021-10-16 00:55:59,762] {processor.py:632} INFO - DAG(s) dict_keys(['example_bash_operator']) retrieved from /home/airflow/.local/lib/python3.6/site-packages/airflow/example_dags/example_bash_operator.py
[2021-10-16 00:55:59,778] {logging_mixin.py:109} INFO - [2021-10-16 00:55:59,778] {dag.py:2389} INFO - Sync 1 DAGs
[2021-10-16 00:55:59,797] {logging_mixin.py:109} INFO - [2021-10-16 00:55:59,797] {dag.py:2914} INFO - Setting next_dagrun for example_bash_operator to 2021-10-15 00:00:00+00:00
[2021-10-16 00:55:59,819] {processor.py:171} INFO - Processing /home/airflow/.local/lib/python3.6/site-packages/airflow/example_dags/example_bash_operator.py took 0.119 seconds
[2021-10-16 00:56:29,906] {processor.py:163} INFO - Started process (PID=342) to work on /home/airflow/.local/lib/python3.6/site-packages/airflow/example_dags/example_bash_operator.py
[2021-10-16 00:56:29,908] {processor.py:620} INFO - Processing file /home/airflow/.local/lib/python3.6/site-packages/airflow/example_dags/example_bash_operator.py for tasks to queue
[2021-10-16 00:56:29,910] {logging_mixin.py:109} INFO - [2021-10-16 00:56:29,909] {dagbag.py:500} INFO - Filling up the DagBag from /home/airflow/.local/lib/python3.6/site-packages/airflow/example_dags/example_bash_operator.py
[2021-10-16 00:56:29,946] {processor.py:632} INFO - DAG(s) dict_keys(['example_bash_operator']) retrieved from /home/airflow/.local/lib/python3.6/site-packages/airflow/example_dags/example_bash_operator.py
[2021-10-16 00:56:29,958] {logging_mixin.py:109} INFO - [2021-10-16 00:56:29,957] {dag.py:2389} INFO - Sync 1 DAGs
[2021-10-16 00:56:29,978] {logging_mixin.py:109} INFO - [2021-10-16 00:56:29,978] {dag.py:2914} INFO - Setting next_dagrun for example_bash_operator to 2021-10-15 00:00:00+00:00
[2021-10-16 00:56:29,990] {processor.py:171} INFO - Processing /home/airflow/.local/lib/python3.6/site-packages/airflow/example_dags/example_bash_operator.py took 0.089 seconds
[2021-10-16 00:57:00,433] {processor.py:163} INFO - Started process (PID=397) to work on /home/airflow/.local/lib/python3.6/site-packages/airflow/example_dags/example_bash_operator.py
[2021-10-16 00:57:00,437] {processor.py:620} INFO - Processing file /home/airflow/.local/lib/python3.6/site-packages/airflow/example_dags/example_bash_operator.py for tasks to queue
[2021-10-16 00:57:00,448] {logging_mixin.py:109} INFO - [2021-10-16 00:57:00,447] {dagbag.py:500} INFO - Filling up the DagBag from /home/airflow/.local/lib/python3.6/site-packages/airflow/example_dags/example_bash_operator.py
[2021-10-16 00:57:00,563] {processor.py:632} INFO - DAG(s) dict_keys(['example_bash_operator']) retrieved from /home/airflow/.local/lib/python3.6/site-packages/airflow/example_dags/example_bash_operator.py
[2021-10-16 00:57:00,661] {logging_mixin.py:109} INFO - [2021-10-16 00:57:00,660] {dag.py:2389} INFO - Sync 1 DAGs
[2021-10-16 00:57:00,710] {logging_mixin.py:109} INFO - [2021-10-16 00:57:00,710] {dag.py:2914} INFO - Setting next_dagrun for example_bash_operator to 2021-10-15 00:00:00+00:00
[2021-10-16 00:57:00,756] {processor.py:171} INFO - Processing /home/airflow/.local/lib/python3.6/site-packages/airflow/example_dags/example_bash_operator.py took 0.334 seconds
[2021-10-16 00:57:31,094] {processor.py:163} INFO - Started process (PID=453) to work on /home/airflow/.local/lib/python3.6/site-packages/airflow/example_dags/example_bash_operator.py
[2021-10-16 00:57:31,100] {processor.py:620} INFO - Processing file /home/airflow/.local/lib/python3.6/site-packages/airflow/example_dags/example_bash_operator.py for tasks to queue
[2021-10-16 00:57:31,103] {logging_mixin.py:109} INFO - [2021-10-16 00:57:31,102] {dagbag.py:500} INFO - Filling up the DagBag from /home/airflow/.local/lib/python3.6/site-packages/airflow/example_dags/example_bash_operator.py
[2021-10-16 00:57:31,147] {processor.py:632} INFO - DAG(s) dict_keys(['example_bash_operator']) retrieved from /home/airflow/.local/lib/python3.6/site-packages/airflow/example_dags/example_bash_operator.py
[2021-10-16 00:57:31,162] {logging_mixin.py:109} INFO - [2021-10-16 00:57:31,162] {dag.py:2389} INFO - Sync 1 DAGs
[2021-10-16 00:57:31,197] {logging_mixin.py:109} INFO - [2021-10-16 00:57:31,197] {dag.py:2914} INFO - Setting next_dagrun for example_bash_operator to 2021-10-15 00:00:00+00:00
[2021-10-16 00:57:31,211] {processor.py:171} INFO - Processing /home/airflow/.local/lib/python3.6/site-packages/airflow/example_dags/example_bash_operator.py took 0.123 seconds
[2021-10-16 00:58:01,881] {processor.py:163} INFO - Started process (PID=516) to work on /home/airflow/.local/lib/python3.6/site-packages/airflow/example_dags/example_bash_operator.py
[2021-10-16 00:58:01,891] {processor.py:620} INFO - Processing file /home/airflow/.local/lib/python3.6/site-packages/airflow/example_dags/example_bash_operator.py for tasks to queue
[2021-10-16 00:58:01,892] {logging_mixin.py:109} INFO - [2021-10-16 00:58:01,892] {dagbag.py:500} INFO - Filling up the DagBag from /home/airflow/.local/lib/python3.6/site-packages/airflow/example_dags/example_bash_operator.py
[2021-10-16 00:58:02,073] {processor.py:632} INFO - DAG(s) dict_keys(['example_bash_operator']) retrieved from /home/airflow/.local/lib/python3.6/site-packages/airflow/example_dags/example_bash_operator.py
[2021-10-16 00:58:02,115] {logging_mixin.py:109} INFO - [2021-10-16 00:58:02,115] {dag.py:2389} INFO - Sync 1 DAGs
[2021-10-16 00:58:02,159] {logging_mixin.py:109} INFO - [2021-10-16 00:58:02,159] {dag.py:2914} INFO - Setting next_dagrun for example_bash_operator to 2021-10-15 00:00:00+00:00
[2021-10-16 00:58:02,191] {processor.py:171} INFO - Processing /home/airflow/.local/lib/python3.6/site-packages/airflow/example_dags/example_bash_operator.py took 0.326 seconds
[2021-10-16 00:58:32,912] {processor.py:163} INFO - Started process (PID=570) to work on /home/airflow/.local/lib/python3.6/site-packages/airflow/example_dags/example_bash_operator.py
[2021-10-16 00:58:32,916] {processor.py:620} INFO - Processing file /home/airflow/.local/lib/python3.6/site-packages/airflow/example_dags/example_bash_operator.py for tasks to queue
[2021-10-16 00:58:32,922] {logging_mixin.py:109} INFO - [2021-10-16 00:58:32,922] {dagbag.py:500} INFO - Filling up the DagBag from /home/airflow/.local/lib/python3.6/site-packages/airflow/example_dags/example_bash_operator.py
[2021-10-16 00:58:33,153] {processor.py:632} INFO - DAG(s) dict_keys(['example_bash_operator']) retrieved from /home/airflow/.local/lib/python3.6/site-packages/airflow/example_dags/example_bash_operator.py
[2021-10-16 00:58:33,182] {logging_mixin.py:109} INFO - [2021-10-16 00:58:33,182] {dag.py:2389} INFO - Sync 1 DAGs
[2021-10-16 00:58:33,263] {logging_mixin.py:109} INFO - [2021-10-16 00:58:33,263] {dag.py:2914} INFO - Setting next_dagrun for example_bash_operator to 2021-10-15 00:00:00+00:00
[2021-10-16 00:58:33,324] {processor.py:171} INFO - Processing /home/airflow/.local/lib/python3.6/site-packages/airflow/example_dags/example_bash_operator.py took 0.465 seconds
[2021-10-16 00:59:03,405] {processor.py:163} INFO - Started process (PID=625) to work on /home/airflow/.local/lib/python3.6/site-packages/airflow/example_dags/example_bash_operator.py
[2021-10-16 00:59:03,412] {processor.py:620} INFO - Processing file /home/airflow/.local/lib/python3.6/site-packages/airflow/example_dags/example_bash_operator.py for tasks to queue
[2021-10-16 00:59:03,415] {logging_mixin.py:109} INFO - [2021-10-16 00:59:03,415] {dagbag.py:500} INFO - Filling up the DagBag from /home/airflow/.local/lib/python3.6/site-packages/airflow/example_dags/example_bash_operator.py
[2021-10-16 00:59:03,516] {processor.py:632} INFO - DAG(s) dict_keys(['example_bash_operator']) retrieved from /home/airflow/.local/lib/python3.6/site-packages/airflow/example_dags/example_bash_operator.py
[2021-10-16 00:59:03,531] {logging_mixin.py:109} INFO - [2021-10-16 00:59:03,531] {dag.py:2389} INFO - Sync 1 DAGs
[2021-10-16 00:59:03,560] {logging_mixin.py:109} INFO - [2021-10-16 00:59:03,559] {dag.py:2914} INFO - Setting next_dagrun for example_bash_operator to 2021-10-15 00:00:00+00:00
[2021-10-16 00:59:03,599] {processor.py:171} INFO - Processing /home/airflow/.local/lib/python3.6/site-packages/airflow/example_dags/example_bash_operator.py took 0.198 seconds
[2021-10-16 00:59:34,373] {processor.py:163} INFO - Started process (PID=685) to work on /home/airflow/.local/lib/python3.6/site-packages/airflow/example_dags/example_bash_operator.py
[2021-10-16 00:59:34,379] {processor.py:620} INFO - Processing file /home/airflow/.local/lib/python3.6/site-packages/airflow/example_dags/example_bash_operator.py for tasks to queue
[2021-10-16 00:59:34,382] {logging_mixin.py:109} INFO - [2021-10-16 00:59:34,381] {dagbag.py:500} INFO - Filling up the DagBag from /home/airflow/.local/lib/python3.6/site-packages/airflow/example_dags/example_bash_operator.py
[2021-10-16 00:59:34,433] {processor.py:632} INFO - DAG(s) dict_keys(['example_bash_operator']) retrieved from /home/airflow/.local/lib/python3.6/site-packages/airflow/example_dags/example_bash_operator.py
[2021-10-16 00:59:34,446] {logging_mixin.py:109} INFO - [2021-10-16 00:59:34,446] {dag.py:2389} INFO - Sync 1 DAGs
[2021-10-16 00:59:34,470] {logging_mixin.py:109} INFO - [2021-10-16 00:59:34,470] {dag.py:2914} INFO - Setting next_dagrun for example_bash_operator to 2021-10-15 00:00:00+00:00
[2021-10-16 00:59:34,488] {processor.py:171} INFO - Processing /home/airflow/.local/lib/python3.6/site-packages/airflow/example_dags/example_bash_operator.py took 0.123 seconds
[2021-10-16 01:00:05,143] {processor.py:163} INFO - Started process (PID=739) to work on /home/airflow/.local/lib/python3.6/site-packages/airflow/example_dags/example_bash_operator.py
[2021-10-16 01:00:05,146] {processor.py:620} INFO - Processing file /home/airflow/.local/lib/python3.6/site-packages/airflow/example_dags/example_bash_operator.py for tasks to queue
[2021-10-16 01:00:05,148] {logging_mixin.py:109} INFO - [2021-10-16 01:00:05,148] {dagbag.py:500} INFO - Filling up the DagBag from /home/airflow/.local/lib/python3.6/site-packages/airflow/example_dags/example_bash_operator.py
[2021-10-16 01:00:05,200] {processor.py:632} INFO - DAG(s) dict_keys(['example_bash_operator']) retrieved from /home/airflow/.local/lib/python3.6/site-packages/airflow/example_dags/example_bash_operator.py
[2021-10-16 01:00:05,216] {logging_mixin.py:109} INFO - [2021-10-16 01:00:05,216] {dag.py:2389} INFO - Sync 1 DAGs
[2021-10-16 01:00:05,236] {logging_mixin.py:109} INFO - [2021-10-16 01:00:05,236] {dag.py:2914} INFO - Setting next_dagrun for example_bash_operator to 2021-10-15 00:00:00+00:00
[2021-10-16 01:00:05,249] {processor.py:171} INFO - Processing /home/airflow/.local/lib/python3.6/site-packages/airflow/example_dags/example_bash_operator.py took 0.109 seconds
[2021-10-16 01:00:35,347] {processor.py:163} INFO - Started process (PID=793) to work on /home/airflow/.local/lib/python3.6/site-packages/airflow/example_dags/example_bash_operator.py
[2021-10-16 01:00:35,351] {processor.py:620} INFO - Processing file /home/airflow/.local/lib/python3.6/site-packages/airflow/example_dags/example_bash_operator.py for tasks to queue
[2021-10-16 01:00:35,354] {logging_mixin.py:109} INFO - [2021-10-16 01:00:35,354] {dagbag.py:500} INFO - Filling up the DagBag from /home/airflow/.local/lib/python3.6/site-packages/airflow/example_dags/example_bash_operator.py
[2021-10-16 01:00:35,398] {processor.py:632} INFO - DAG(s) dict_keys(['example_bash_operator']) retrieved from /home/airflow/.local/lib/python3.6/site-packages/airflow/example_dags/example_bash_operator.py
[2021-10-16 01:00:35,410] {logging_mixin.py:109} INFO - [2021-10-16 01:00:35,410] {dag.py:2389} INFO - Sync 1 DAGs
[2021-10-16 01:00:35,427] {logging_mixin.py:109} INFO - [2021-10-16 01:00:35,427] {dag.py:2914} INFO - Setting next_dagrun for example_bash_operator to 2021-10-15 00:00:00+00:00
[2021-10-16 01:00:35,439] {processor.py:171} INFO - Processing /home/airflow/.local/lib/python3.6/site-packages/airflow/example_dags/example_bash_operator.py took 0.097 seconds
[2021-10-16 01:01:05,730] {processor.py:163} INFO - Started process (PID=860) to work on /home/airflow/.local/lib/python3.6/site-packages/airflow/example_dags/example_bash_operator.py
[2021-10-16 01:01:05,739] {processor.py:620} INFO - Processing file /home/airflow/.local/lib/python3.6/site-packages/airflow/example_dags/example_bash_operator.py for tasks to queue
[2021-10-16 01:01:05,741] {logging_mixin.py:109} INFO - [2021-10-16 01:01:05,741] {dagbag.py:500} INFO - Filling up the DagBag from /home/airflow/.local/lib/python3.6/site-packages/airflow/example_dags/example_bash_operator.py
[2021-10-16 01:01:05,794] {processor.py:632} INFO - DAG(s) dict_keys(['example_bash_operator']) retrieved from /home/airflow/.local/lib/python3.6/site-packages/airflow/example_dags/example_bash_operator.py
[2021-10-16 01:01:05,809] {logging_mixin.py:109} INFO - [2021-10-16 01:01:05,809] {dag.py:2389} INFO - Sync 1 DAGs
[2021-10-16 01:01:05,833] {logging_mixin.py:109} INFO - [2021-10-16 01:01:05,833] {dag.py:2914} INFO - Setting next_dagrun for example_bash_operator to 2021-10-15 00:00:00+00:00
[2021-10-16 01:01:05,846] {processor.py:171} INFO - Processing /home/airflow/.local/lib/python3.6/site-packages/airflow/example_dags/example_bash_operator.py took 0.121 seconds
[2021-10-16 01:01:35,995] {processor.py:163} INFO - Started process (PID=916) to work on /home/airflow/.local/lib/python3.6/site-packages/airflow/example_dags/example_bash_operator.py
[2021-10-16 01:01:36,007] {processor.py:620} INFO - Processing file /home/airflow/.local/lib/python3.6/site-packages/airflow/example_dags/example_bash_operator.py for tasks to queue
[2021-10-16 01:01:36,032] {logging_mixin.py:109} INFO - [2021-10-16 01:01:36,012] {dagbag.py:500} INFO - Filling up the DagBag from /home/airflow/.local/lib/python3.6/site-packages/airflow/example_dags/example_bash_operator.py
[2021-10-16 01:01:36,231] {processor.py:632} INFO - DAG(s) dict_keys(['example_bash_operator']) retrieved from /home/airflow/.local/lib/python3.6/site-packages/airflow/example_dags/example_bash_operator.py
[2021-10-16 01:01:36,247] {logging_mixin.py:109} INFO - [2021-10-16 01:01:36,247] {dag.py:2389} INFO - Sync 1 DAGs
[2021-10-16 01:01:36,268] {logging_mixin.py:109} INFO - [2021-10-16 01:01:36,268] {dag.py:2914} INFO - Setting next_dagrun for example_bash_operator to 2021-10-15 00:00:00+00:00
[2021-10-16 01:01:36,282] {processor.py:171} INFO - Processing /home/airflow/.local/lib/python3.6/site-packages/airflow/example_dags/example_bash_operator.py took 0.328 seconds
[2021-10-16 01:02:06,990] {processor.py:163} INFO - Started process (PID=982) to work on /home/airflow/.local/lib/python3.6/site-packages/airflow/example_dags/example_bash_operator.py
[2021-10-16 01:02:06,997] {processor.py:620} INFO - Processing file /home/airflow/.local/lib/python3.6/site-packages/airflow/example_dags/example_bash_operator.py for tasks to queue
[2021-10-16 01:02:06,998] {logging_mixin.py:109} INFO - [2021-10-16 01:02:06,998] {dagbag.py:500} INFO - Filling up the DagBag from /home/airflow/.local/lib/python3.6/site-packages/airflow/example_dags/example_bash_operator.py
[2021-10-16 01:02:07,062] {processor.py:632} INFO - DAG(s) dict_keys(['example_bash_operator']) retrieved from /home/airflow/.local/lib/python3.6/site-packages/airflow/example_dags/example_bash_operator.py
[2021-10-16 01:02:07,089] {logging_mixin.py:109} INFO - [2021-10-16 01:02:07,089] {dag.py:2389} INFO - Sync 1 DAGs
[2021-10-16 01:02:07,111] {logging_mixin.py:109} INFO - [2021-10-16 01:02:07,111] {dag.py:2914} INFO - Setting next_dagrun for example_bash_operator to 2021-10-15 00:00:00+00:00
[2021-10-16 01:02:07,128] {processor.py:171} INFO - Processing /home/airflow/.local/lib/python3.6/site-packages/airflow/example_dags/example_bash_operator.py took 0.146 seconds
[2021-10-16 01:02:37,803] {processor.py:163} INFO - Started process (PID=1040) to work on /home/airflow/.local/lib/python3.6/site-packages/airflow/example_dags/example_bash_operator.py
[2021-10-16 01:02:37,806] {processor.py:620} INFO - Processing file /home/airflow/.local/lib/python3.6/site-packages/airflow/example_dags/example_bash_operator.py for tasks to queue
[2021-10-16 01:02:37,808] {logging_mixin.py:109} INFO - [2021-10-16 01:02:37,808] {dagbag.py:500} INFO - Filling up the DagBag from /home/airflow/.local/lib/python3.6/site-packages/airflow/example_dags/example_bash_operator.py
[2021-10-16 01:02:37,865] {processor.py:632} INFO - DAG(s) dict_keys(['example_bash_operator']) retrieved from /home/airflow/.local/lib/python3.6/site-packages/airflow/example_dags/example_bash_operator.py
[2021-10-16 01:02:37,884] {logging_mixin.py:109} INFO - [2021-10-16 01:02:37,884] {dag.py:2389} INFO - Sync 1 DAGs
[2021-10-16 01:02:37,919] {logging_mixin.py:109} INFO - [2021-10-16 01:02:37,919] {dag.py:2914} INFO - Setting next_dagrun for example_bash_operator to 2021-10-15 00:00:00+00:00
[2021-10-16 01:02:37,932] {processor.py:171} INFO - Processing /home/airflow/.local/lib/python3.6/site-packages/airflow/example_dags/example_bash_operator.py took 0.135 seconds
[2021-10-16 01:03:08,449] {processor.py:163} INFO - Started process (PID=1093) to work on /home/airflow/.local/lib/python3.6/site-packages/airflow/example_dags/example_bash_operator.py
[2021-10-16 01:03:08,453] {processor.py:620} INFO - Processing file /home/airflow/.local/lib/python3.6/site-packages/airflow/example_dags/example_bash_operator.py for tasks to queue
[2021-10-16 01:03:08,456] {logging_mixin.py:109} INFO - [2021-10-16 01:03:08,456] {dagbag.py:500} INFO - Filling up the DagBag from /home/airflow/.local/lib/python3.6/site-packages/airflow/example_dags/example_bash_operator.py
[2021-10-16 01:03:08,535] {processor.py:632} INFO - DAG(s) dict_keys(['example_bash_operator']) retrieved from /home/airflow/.local/lib/python3.6/site-packages/airflow/example_dags/example_bash_operator.py
[2021-10-16 01:03:08,564] {logging_mixin.py:109} INFO - [2021-10-16 01:03:08,564] {dag.py:2389} INFO - Sync 1 DAGs
[2021-10-16 01:03:08,601] {logging_mixin.py:109} INFO - [2021-10-16 01:03:08,601] {dag.py:2914} INFO - Setting next_dagrun for example_bash_operator to 2021-10-15 00:00:00+00:00
[2021-10-16 01:03:08,627] {processor.py:171} INFO - Processing /home/airflow/.local/lib/python3.6/site-packages/airflow/example_dags/example_bash_operator.py took 0.192 seconds
[2021-10-16 01:03:38,836] {processor.py:163} INFO - Started process (PID=1157) to work on /home/airflow/.local/lib/python3.6/site-packages/airflow/example_dags/example_bash_operator.py
[2021-10-16 01:03:38,838] {processor.py:620} INFO - Processing file /home/airflow/.local/lib/python3.6/site-packages/airflow/example_dags/example_bash_operator.py for tasks to queue
[2021-10-16 01:03:38,840] {logging_mixin.py:109} INFO - [2021-10-16 01:03:38,839] {dagbag.py:500} INFO - Filling up the DagBag from /home/airflow/.local/lib/python3.6/site-packages/airflow/example_dags/example_bash_operator.py
[2021-10-16 01:03:38,880] {processor.py:632} INFO - DAG(s) dict_keys(['example_bash_operator']) retrieved from /home/airflow/.local/lib/python3.6/site-packages/airflow/example_dags/example_bash_operator.py
[2021-10-16 01:03:38,898] {logging_mixin.py:109} INFO - [2021-10-16 01:03:38,898] {dag.py:2389} INFO - Sync 1 DAGs
[2021-10-16 01:03:38,919] {logging_mixin.py:109} INFO - [2021-10-16 01:03:38,918] {dag.py:2914} INFO - Setting next_dagrun for example_bash_operator to 2021-10-15 00:00:00+00:00
[2021-10-16 01:03:38,935] {processor.py:171} INFO - Processing /home/airflow/.local/lib/python3.6/site-packages/airflow/example_dags/example_bash_operator.py took 0.104 seconds
[2021-10-16 01:04:09,143] {processor.py:163} INFO - Started process (PID=1212) to work on /home/airflow/.local/lib/python3.6/site-packages/airflow/example_dags/example_bash_operator.py
[2021-10-16 01:04:09,145] {processor.py:620} INFO - Processing file /home/airflow/.local/lib/python3.6/site-packages/airflow/example_dags/example_bash_operator.py for tasks to queue
[2021-10-16 01:04:09,148] {logging_mixin.py:109} INFO - [2021-10-16 01:04:09,148] {dagbag.py:500} INFO - Filling up the DagBag from /home/airflow/.local/lib/python3.6/site-packages/airflow/example_dags/example_bash_operator.py
[2021-10-16 01:04:09,205] {processor.py:632} INFO - DAG(s) dict_keys(['example_bash_operator']) retrieved from /home/airflow/.local/lib/python3.6/site-packages/airflow/example_dags/example_bash_operator.py
[2021-10-16 01:04:09,224] {logging_mixin.py:109} INFO - [2021-10-16 01:04:09,223] {dag.py:2389} INFO - Sync 1 DAGs
[2021-10-16 01:04:09,250] {logging_mixin.py:109} INFO - [2021-10-16 01:04:09,250] {dag.py:2914} INFO - Setting next_dagrun for example_bash_operator to 2021-10-15 00:00:00+00:00
[2021-10-16 01:04:09,266] {processor.py:171} INFO - Processing /home/airflow/.local/lib/python3.6/site-packages/airflow/example_dags/example_bash_operator.py took 0.147 seconds
[2021-10-16 01:04:39,296] {processor.py:163} INFO - Started process (PID=1266) to work on /home/airflow/.local/lib/python3.6/site-packages/airflow/example_dags/example_bash_operator.py
[2021-10-16 01:04:39,306] {processor.py:620} INFO - Processing file /home/airflow/.local/lib/python3.6/site-packages/airflow/example_dags/example_bash_operator.py for tasks to queue
[2021-10-16 01:04:39,308] {logging_mixin.py:109} INFO - [2021-10-16 01:04:39,308] {dagbag.py:500} INFO - Filling up the DagBag from /home/airflow/.local/lib/python3.6/site-packages/airflow/example_dags/example_bash_operator.py
[2021-10-16 01:04:39,352] {processor.py:632} INFO - DAG(s) dict_keys(['example_bash_operator']) retrieved from /home/airflow/.local/lib/python3.6/site-packages/airflow/example_dags/example_bash_operator.py
[2021-10-16 01:04:39,365] {logging_mixin.py:109} INFO - [2021-10-16 01:04:39,364] {dag.py:2389} INFO - Sync 1 DAGs
[2021-10-16 01:04:39,383] {logging_mixin.py:109} INFO - [2021-10-16 01:04:39,383] {dag.py:2914} INFO - Setting next_dagrun for example_bash_operator to 2021-10-15 00:00:00+00:00
[2021-10-16 01:04:39,396] {processor.py:171} INFO - Processing /home/airflow/.local/lib/python3.6/site-packages/airflow/example_dags/example_bash_operator.py took 0.104 seconds
[2021-10-16 01:05:09,933] {processor.py:163} INFO - Started process (PID=1322) to work on /home/airflow/.local/lib/python3.6/site-packages/airflow/example_dags/example_bash_operator.py
[2021-10-16 01:05:09,942] {processor.py:620} INFO - Processing file /home/airflow/.local/lib/python3.6/site-packages/airflow/example_dags/example_bash_operator.py for tasks to queue
[2021-10-16 01:05:09,945] {logging_mixin.py:109} INFO - [2021-10-16 01:05:09,944] {dagbag.py:500} INFO - Filling up the DagBag from /home/airflow/.local/lib/python3.6/site-packages/airflow/example_dags/example_bash_operator.py
[2021-10-16 01:05:09,997] {processor.py:632} INFO - DAG(s) dict_keys(['example_bash_operator']) retrieved from /home/airflow/.local/lib/python3.6/site-packages/airflow/example_dags/example_bash_operator.py
[2021-10-16 01:05:10,016] {logging_mixin.py:109} INFO - [2021-10-16 01:05:10,016] {dag.py:2389} INFO - Sync 1 DAGs
[2021-10-16 01:05:10,048] {logging_mixin.py:109} INFO - [2021-10-16 01:05:10,048] {dag.py:2914} INFO - Setting next_dagrun for example_bash_operator to 2021-10-15 00:00:00+00:00
[2021-10-16 01:05:10,062] {processor.py:171} INFO - Processing /home/airflow/.local/lib/python3.6/site-packages/airflow/example_dags/example_bash_operator.py took 0.140 seconds
[2021-10-16 01:05:40,403] {processor.py:163} INFO - Started process (PID=1375) to work on /home/airflow/.local/lib/python3.6/site-packages/airflow/example_dags/example_bash_operator.py
[2021-10-16 01:05:40,413] {processor.py:620} INFO - Processing file /home/airflow/.local/lib/python3.6/site-packages/airflow/example_dags/example_bash_operator.py for tasks to queue
[2021-10-16 01:05:40,415] {logging_mixin.py:109} INFO - [2021-10-16 01:05:40,415] {dagbag.py:500} INFO - Filling up the DagBag from /home/airflow/.local/lib/python3.6/site-packages/airflow/example_dags/example_bash_operator.py
[2021-10-16 01:05:40,468] {processor.py:632} INFO - DAG(s) dict_keys(['example_bash_operator']) retrieved from /home/airflow/.local/lib/python3.6/site-packages/airflow/example_dags/example_bash_operator.py
[2021-10-16 01:05:40,486] {logging_mixin.py:109} INFO - [2021-10-16 01:05:40,486] {dag.py:2389} INFO - Sync 1 DAGs
[2021-10-16 01:05:40,522] {logging_mixin.py:109} INFO - [2021-10-16 01:05:40,522] {dag.py:2914} INFO - Setting next_dagrun for example_bash_operator to 2021-10-15 00:00:00+00:00
[2021-10-16 01:05:40,547] {processor.py:171} INFO - Processing /home/airflow/.local/lib/python3.6/site-packages/airflow/example_dags/example_bash_operator.py took 0.153 seconds
[2021-10-16 01:06:11,003] {processor.py:163} INFO - Started process (PID=1440) to work on /home/airflow/.local/lib/python3.6/site-packages/airflow/example_dags/example_bash_operator.py
[2021-10-16 01:06:11,013] {processor.py:620} INFO - Processing file /home/airflow/.local/lib/python3.6/site-packages/airflow/example_dags/example_bash_operator.py for tasks to queue
[2021-10-16 01:06:11,015] {logging_mixin.py:109} INFO - [2021-10-16 01:06:11,015] {dagbag.py:500} INFO - Filling up the DagBag from /home/airflow/.local/lib/python3.6/site-packages/airflow/example_dags/example_bash_operator.py
[2021-10-16 01:06:11,143] {processor.py:632} INFO - DAG(s) dict_keys(['example_bash_operator']) retrieved from /home/airflow/.local/lib/python3.6/site-packages/airflow/example_dags/example_bash_operator.py
[2021-10-16 01:06:11,177] {logging_mixin.py:109} INFO - [2021-10-16 01:06:11,176] {dag.py:2389} INFO - Sync 1 DAGs
[2021-10-16 01:06:11,219] {logging_mixin.py:109} INFO - [2021-10-16 01:06:11,210] {dag.py:2914} INFO - Setting next_dagrun for example_bash_operator to 2021-10-15 00:00:00+00:00
[2021-10-16 01:06:11,248] {processor.py:171} INFO - Processing /home/airflow/.local/lib/python3.6/site-packages/airflow/example_dags/example_bash_operator.py took 0.249 seconds
[2021-10-16 01:06:41,526] {processor.py:163} INFO - Started process (PID=1494) to work on /home/airflow/.local/lib/python3.6/site-packages/airflow/example_dags/example_bash_operator.py
[2021-10-16 01:06:41,534] {processor.py:620} INFO - Processing file /home/airflow/.local/lib/python3.6/site-packages/airflow/example_dags/example_bash_operator.py for tasks to queue
[2021-10-16 01:06:41,537] {logging_mixin.py:109} INFO - [2021-10-16 01:06:41,536] {dagbag.py:500} INFO - Filling up the DagBag from /home/airflow/.local/lib/python3.6/site-packages/airflow/example_dags/example_bash_operator.py
[2021-10-16 01:06:41,596] {processor.py:632} INFO - DAG(s) dict_keys(['example_bash_operator']) retrieved from /home/airflow/.local/lib/python3.6/site-packages/airflow/example_dags/example_bash_operator.py
[2021-10-16 01:06:41,611] {logging_mixin.py:109} INFO - [2021-10-16 01:06:41,611] {dag.py:2389} INFO - Sync 1 DAGs
[2021-10-16 01:06:41,632] {logging_mixin.py:109} INFO - [2021-10-16 01:06:41,632] {dag.py:2914} INFO - Setting next_dagrun for example_bash_operator to 2021-10-15 00:00:00+00:00
[2021-10-16 01:06:41,646] {processor.py:171} INFO - Processing /home/airflow/.local/lib/python3.6/site-packages/airflow/example_dags/example_bash_operator.py took 0.128 seconds
[2021-10-16 01:07:12,055] {processor.py:163} INFO - Started process (PID=1547) to work on /home/airflow/.local/lib/python3.6/site-packages/airflow/example_dags/example_bash_operator.py
[2021-10-16 01:07:12,064] {processor.py:620} INFO - Processing file /home/airflow/.local/lib/python3.6/site-packages/airflow/example_dags/example_bash_operator.py for tasks to queue
[2021-10-16 01:07:12,067] {logging_mixin.py:109} INFO - [2021-10-16 01:07:12,067] {dagbag.py:500} INFO - Filling up the DagBag from /home/airflow/.local/lib/python3.6/site-packages/airflow/example_dags/example_bash_operator.py
[2021-10-16 01:07:12,115] {processor.py:632} INFO - DAG(s) dict_keys(['example_bash_operator']) retrieved from /home/airflow/.local/lib/python3.6/site-packages/airflow/example_dags/example_bash_operator.py
[2021-10-16 01:07:12,131] {logging_mixin.py:109} INFO - [2021-10-16 01:07:12,131] {dag.py:2389} INFO - Sync 1 DAGs
[2021-10-16 01:07:12,159] {logging_mixin.py:109} INFO - [2021-10-16 01:07:12,158] {dag.py:2914} INFO - Setting next_dagrun for example_bash_operator to 2021-10-15 00:00:00+00:00
[2021-10-16 01:07:12,171] {processor.py:171} INFO - Processing /home/airflow/.local/lib/python3.6/site-packages/airflow/example_dags/example_bash_operator.py took 0.123 seconds
[2021-10-16 01:07:42,813] {processor.py:163} INFO - Started process (PID=1601) to work on /home/airflow/.local/lib/python3.6/site-packages/airflow/example_dags/example_bash_operator.py
[2021-10-16 01:07:42,817] {processor.py:620} INFO - Processing file /home/airflow/.local/lib/python3.6/site-packages/airflow/example_dags/example_bash_operator.py for tasks to queue
[2021-10-16 01:07:42,819] {logging_mixin.py:109} INFO - [2021-10-16 01:07:42,819] {dagbag.py:500} INFO - Filling up the DagBag from /home/airflow/.local/lib/python3.6/site-packages/airflow/example_dags/example_bash_operator.py
[2021-10-16 01:07:42,885] {processor.py:632} INFO - DAG(s) dict_keys(['example_bash_operator']) retrieved from /home/airflow/.local/lib/python3.6/site-packages/airflow/example_dags/example_bash_operator.py
[2021-10-16 01:07:42,912] {logging_mixin.py:109} INFO - [2021-10-16 01:07:42,912] {dag.py:2389} INFO - Sync 1 DAGs
[2021-10-16 01:07:42,967] {logging_mixin.py:109} INFO - [2021-10-16 01:07:42,967] {dag.py:2914} INFO - Setting next_dagrun for example_bash_operator to 2021-10-15 00:00:00+00:00
[2021-10-16 01:07:42,993] {processor.py:171} INFO - Processing /home/airflow/.local/lib/python3.6/site-packages/airflow/example_dags/example_bash_operator.py took 0.184 seconds
[2021-10-16 01:08:13,977] {processor.py:163} INFO - Started process (PID=1670) to work on /home/airflow/.local/lib/python3.6/site-packages/airflow/example_dags/example_bash_operator.py
[2021-10-16 01:08:13,983] {processor.py:620} INFO - Processing file /home/airflow/.local/lib/python3.6/site-packages/airflow/example_dags/example_bash_operator.py for tasks to queue
[2021-10-16 01:08:13,990] {logging_mixin.py:109} INFO - [2021-10-16 01:08:13,989] {dagbag.py:500} INFO - Filling up the DagBag from /home/airflow/.local/lib/python3.6/site-packages/airflow/example_dags/example_bash_operator.py
[2021-10-16 01:08:14,110] {processor.py:632} INFO - DAG(s) dict_keys(['example_bash_operator']) retrieved from /home/airflow/.local/lib/python3.6/site-packages/airflow/example_dags/example_bash_operator.py
[2021-10-16 01:08:14,138] {logging_mixin.py:109} INFO - [2021-10-16 01:08:14,138] {dag.py:2389} INFO - Sync 1 DAGs
[2021-10-16 01:08:14,192] {logging_mixin.py:109} INFO - [2021-10-16 01:08:14,192] {dag.py:2914} INFO - Setting next_dagrun for example_bash_operator to 2021-10-15 00:00:00+00:00
[2021-10-16 01:08:14,227] {processor.py:171} INFO - Processing /home/airflow/.local/lib/python3.6/site-packages/airflow/example_dags/example_bash_operator.py took 0.262 seconds
[2021-10-16 01:08:44,909] {processor.py:163} INFO - Started process (PID=1724) to work on /home/airflow/.local/lib/python3.6/site-packages/airflow/example_dags/example_bash_operator.py
[2021-10-16 01:08:44,913] {processor.py:620} INFO - Processing file /home/airflow/.local/lib/python3.6/site-packages/airflow/example_dags/example_bash_operator.py for tasks to queue
[2021-10-16 01:08:44,915] {logging_mixin.py:109} INFO - [2021-10-16 01:08:44,914] {dagbag.py:500} INFO - Filling up the DagBag from /home/airflow/.local/lib/python3.6/site-packages/airflow/example_dags/example_bash_operator.py
[2021-10-16 01:08:44,959] {processor.py:632} INFO - DAG(s) dict_keys(['example_bash_operator']) retrieved from /home/airflow/.local/lib/python3.6/site-packages/airflow/example_dags/example_bash_operator.py
[2021-10-16 01:08:44,975] {logging_mixin.py:109} INFO - [2021-10-16 01:08:44,975] {dag.py:2389} INFO - Sync 1 DAGs
[2021-10-16 01:08:45,003] {logging_mixin.py:109} INFO - [2021-10-16 01:08:45,003] {dag.py:2914} INFO - Setting next_dagrun for example_bash_operator to 2021-10-15 00:00:00+00:00
[2021-10-16 01:08:45,019] {processor.py:171} INFO - Processing /home/airflow/.local/lib/python3.6/site-packages/airflow/example_dags/example_bash_operator.py took 0.116 seconds
[2021-10-16 01:09:15,878] {processor.py:163} INFO - Started process (PID=1792) to work on /home/airflow/.local/lib/python3.6/site-packages/airflow/example_dags/example_bash_operator.py
[2021-10-16 01:09:15,880] {processor.py:620} INFO - Processing file /home/airflow/.local/lib/python3.6/site-packages/airflow/example_dags/example_bash_operator.py for tasks to queue
[2021-10-16 01:09:15,887] {logging_mixin.py:109} INFO - [2021-10-16 01:09:15,885] {dagbag.py:500} INFO - Filling up the DagBag from /home/airflow/.local/lib/python3.6/site-packages/airflow/example_dags/example_bash_operator.py
[2021-10-16 01:09:15,981] {processor.py:632} INFO - DAG(s) dict_keys(['example_bash_operator']) retrieved from /home/airflow/.local/lib/python3.6/site-packages/airflow/example_dags/example_bash_operator.py
[2021-10-16 01:09:15,999] {logging_mixin.py:109} INFO - [2021-10-16 01:09:15,999] {dag.py:2389} INFO - Sync 1 DAGs
[2021-10-16 01:09:16,029] {logging_mixin.py:109} INFO - [2021-10-16 01:09:16,029] {dag.py:2914} INFO - Setting next_dagrun for example_bash_operator to 2021-10-15 00:00:00+00:00
[2021-10-16 01:09:16,042] {processor.py:171} INFO - Processing /home/airflow/.local/lib/python3.6/site-packages/airflow/example_dags/example_bash_operator.py took 0.168 seconds
[2021-10-16 01:09:46,354] {processor.py:163} INFO - Started process (PID=1847) to work on /home/airflow/.local/lib/python3.6/site-packages/airflow/example_dags/example_bash_operator.py
[2021-10-16 01:09:46,357] {processor.py:620} INFO - Processing file /home/airflow/.local/lib/python3.6/site-packages/airflow/example_dags/example_bash_operator.py for tasks to queue
[2021-10-16 01:09:46,363] {logging_mixin.py:109} INFO - [2021-10-16 01:09:46,362] {dagbag.py:500} INFO - Filling up the DagBag from /home/airflow/.local/lib/python3.6/site-packages/airflow/example_dags/example_bash_operator.py
[2021-10-16 01:09:46,468] {processor.py:632} INFO - DAG(s) dict_keys(['example_bash_operator']) retrieved from /home/airflow/.local/lib/python3.6/site-packages/airflow/example_dags/example_bash_operator.py
[2021-10-16 01:09:46,513] {logging_mixin.py:109} INFO - [2021-10-16 01:09:46,509] {dag.py:2389} INFO - Sync 1 DAGs
[2021-10-16 01:09:46,557] {logging_mixin.py:109} INFO - [2021-10-16 01:09:46,557] {dag.py:2914} INFO - Setting next_dagrun for example_bash_operator to 2021-10-15 00:00:00+00:00
[2021-10-16 01:09:46,586] {processor.py:171} INFO - Processing /home/airflow/.local/lib/python3.6/site-packages/airflow/example_dags/example_bash_operator.py took 0.240 seconds
[2021-10-16 01:10:16,760] {processor.py:163} INFO - Started process (PID=1910) to work on /home/airflow/.local/lib/python3.6/site-packages/airflow/example_dags/example_bash_operator.py
[2021-10-16 01:10:16,773] {processor.py:620} INFO - Processing file /home/airflow/.local/lib/python3.6/site-packages/airflow/example_dags/example_bash_operator.py for tasks to queue
[2021-10-16 01:10:16,775] {logging_mixin.py:109} INFO - [2021-10-16 01:10:16,774] {dagbag.py:500} INFO - Filling up the DagBag from /home/airflow/.local/lib/python3.6/site-packages/airflow/example_dags/example_bash_operator.py
[2021-10-16 01:10:16,967] {processor.py:632} INFO - DAG(s) dict_keys(['example_bash_operator']) retrieved from /home/airflow/.local/lib/python3.6/site-packages/airflow/example_dags/example_bash_operator.py
[2021-10-16 01:10:17,011] {logging_mixin.py:109} INFO - [2021-10-16 01:10:17,010] {dag.py:2389} INFO - Sync 1 DAGs
[2021-10-16 01:10:17,100] {logging_mixin.py:109} INFO - [2021-10-16 01:10:17,099] {dag.py:2914} INFO - Setting next_dagrun for example_bash_operator to 2021-10-15 00:00:00+00:00
[2021-10-16 01:10:17,131] {processor.py:171} INFO - Processing /home/airflow/.local/lib/python3.6/site-packages/airflow/example_dags/example_bash_operator.py took 0.391 seconds
[2021-10-16 01:10:47,492] {processor.py:163} INFO - Started process (PID=1967) to work on /home/airflow/.local/lib/python3.6/site-packages/airflow/example_dags/example_bash_operator.py
[2021-10-16 01:10:47,496] {processor.py:620} INFO - Processing file /home/airflow/.local/lib/python3.6/site-packages/airflow/example_dags/example_bash_operator.py for tasks to queue
[2021-10-16 01:10:47,499] {logging_mixin.py:109} INFO - [2021-10-16 01:10:47,499] {dagbag.py:500} INFO - Filling up the DagBag from /home/airflow/.local/lib/python3.6/site-packages/airflow/example_dags/example_bash_operator.py
[2021-10-16 01:10:47,592] {processor.py:632} INFO - DAG(s) dict_keys(['example_bash_operator']) retrieved from /home/airflow/.local/lib/python3.6/site-packages/airflow/example_dags/example_bash_operator.py
[2021-10-16 01:10:47,607] {logging_mixin.py:109} INFO - [2021-10-16 01:10:47,607] {dag.py:2389} INFO - Sync 1 DAGs
[2021-10-16 01:10:47,639] {logging_mixin.py:109} INFO - [2021-10-16 01:10:47,638] {dag.py:2914} INFO - Setting next_dagrun for example_bash_operator to 2021-10-15 00:00:00+00:00
[2021-10-16 01:10:47,649] {processor.py:171} INFO - Processing /home/airflow/.local/lib/python3.6/site-packages/airflow/example_dags/example_bash_operator.py took 0.162 seconds
[2021-10-16 01:11:17,879] {processor.py:163} INFO - Started process (PID=2022) to work on /home/airflow/.local/lib/python3.6/site-packages/airflow/example_dags/example_bash_operator.py
[2021-10-16 01:11:17,883] {processor.py:620} INFO - Processing file /home/airflow/.local/lib/python3.6/site-packages/airflow/example_dags/example_bash_operator.py for tasks to queue
[2021-10-16 01:11:17,886] {logging_mixin.py:109} INFO - [2021-10-16 01:11:17,886] {dagbag.py:500} INFO - Filling up the DagBag from /home/airflow/.local/lib/python3.6/site-packages/airflow/example_dags/example_bash_operator.py
[2021-10-16 01:11:17,992] {processor.py:632} INFO - DAG(s) dict_keys(['example_bash_operator']) retrieved from /home/airflow/.local/lib/python3.6/site-packages/airflow/example_dags/example_bash_operator.py
[2021-10-16 01:11:18,034] {logging_mixin.py:109} INFO - [2021-10-16 01:11:18,034] {dag.py:2389} INFO - Sync 1 DAGs
[2021-10-16 01:11:18,078] {logging_mixin.py:109} INFO - [2021-10-16 01:11:18,078] {dag.py:2914} INFO - Setting next_dagrun for example_bash_operator to 2021-10-15 00:00:00+00:00
[2021-10-16 01:11:18,107] {processor.py:171} INFO - Processing /home/airflow/.local/lib/python3.6/site-packages/airflow/example_dags/example_bash_operator.py took 0.236 seconds
[2021-10-16 01:11:48,915] {processor.py:163} INFO - Started process (PID=2075) to work on /home/airflow/.local/lib/python3.6/site-packages/airflow/example_dags/example_bash_operator.py
[2021-10-16 01:11:48,921] {processor.py:620} INFO - Processing file /home/airflow/.local/lib/python3.6/site-packages/airflow/example_dags/example_bash_operator.py for tasks to queue
[2021-10-16 01:11:48,924] {logging_mixin.py:109} INFO - [2021-10-16 01:11:48,924] {dagbag.py:500} INFO - Filling up the DagBag from /home/airflow/.local/lib/python3.6/site-packages/airflow/example_dags/example_bash_operator.py
[2021-10-16 01:11:48,980] {processor.py:632} INFO - DAG(s) dict_keys(['example_bash_operator']) retrieved from /home/airflow/.local/lib/python3.6/site-packages/airflow/example_dags/example_bash_operator.py
[2021-10-16 01:11:49,022] {logging_mixin.py:109} INFO - [2021-10-16 01:11:49,022] {dag.py:2389} INFO - Sync 1 DAGs
[2021-10-16 01:11:49,060] {logging_mixin.py:109} INFO - [2021-10-16 01:11:49,060] {dag.py:2914} INFO - Setting next_dagrun for example_bash_operator to 2021-10-15 00:00:00+00:00
[2021-10-16 01:11:49,071] {processor.py:171} INFO - Processing /home/airflow/.local/lib/python3.6/site-packages/airflow/example_dags/example_bash_operator.py took 0.162 seconds
[2021-10-16 01:12:19,222] {processor.py:163} INFO - Started process (PID=2130) to work on /home/airflow/.local/lib/python3.6/site-packages/airflow/example_dags/example_bash_operator.py
[2021-10-16 01:12:19,233] {processor.py:620} INFO - Processing file /home/airflow/.local/lib/python3.6/site-packages/airflow/example_dags/example_bash_operator.py for tasks to queue
[2021-10-16 01:12:19,237] {logging_mixin.py:109} INFO - [2021-10-16 01:12:19,236] {dagbag.py:500} INFO - Filling up the DagBag from /home/airflow/.local/lib/python3.6/site-packages/airflow/example_dags/example_bash_operator.py
[2021-10-16 01:12:19,306] {processor.py:632} INFO - DAG(s) dict_keys(['example_bash_operator']) retrieved from /home/airflow/.local/lib/python3.6/site-packages/airflow/example_dags/example_bash_operator.py
[2021-10-16 01:12:19,334] {logging_mixin.py:109} INFO - [2021-10-16 01:12:19,334] {dag.py:2389} INFO - Sync 1 DAGs
[2021-10-16 01:12:19,374] {logging_mixin.py:109} INFO - [2021-10-16 01:12:19,374] {dag.py:2914} INFO - Setting next_dagrun for example_bash_operator to 2021-10-15 00:00:00+00:00
[2021-10-16 01:12:19,403] {processor.py:171} INFO - Processing /home/airflow/.local/lib/python3.6/site-packages/airflow/example_dags/example_bash_operator.py took 0.190 seconds
[2021-10-16 01:12:50,144] {processor.py:163} INFO - Started process (PID=2196) to work on /home/airflow/.local/lib/python3.6/site-packages/airflow/example_dags/example_bash_operator.py
[2021-10-16 01:12:50,160] {processor.py:620} INFO - Processing file /home/airflow/.local/lib/python3.6/site-packages/airflow/example_dags/example_bash_operator.py for tasks to queue
[2021-10-16 01:12:50,165] {logging_mixin.py:109} INFO - [2021-10-16 01:12:50,165] {dagbag.py:500} INFO - Filling up the DagBag from /home/airflow/.local/lib/python3.6/site-packages/airflow/example_dags/example_bash_operator.py
[2021-10-16 01:12:50,288] {processor.py:632} INFO - DAG(s) dict_keys(['example_bash_operator']) retrieved from /home/airflow/.local/lib/python3.6/site-packages/airflow/example_dags/example_bash_operator.py
[2021-10-16 01:12:50,356] {logging_mixin.py:109} INFO - [2021-10-16 01:12:50,355] {dag.py:2389} INFO - Sync 1 DAGs
[2021-10-16 01:12:50,437] {logging_mixin.py:109} INFO - [2021-10-16 01:12:50,437] {dag.py:2914} INFO - Setting next_dagrun for example_bash_operator to 2021-10-15 00:00:00+00:00
[2021-10-16 01:12:50,500] {processor.py:171} INFO - Processing /home/airflow/.local/lib/python3.6/site-packages/airflow/example_dags/example_bash_operator.py took 0.414 seconds
[2021-10-16 01:13:20,837] {processor.py:163} INFO - Started process (PID=2250) to work on /home/airflow/.local/lib/python3.6/site-packages/airflow/example_dags/example_bash_operator.py
[2021-10-16 01:13:20,844] {processor.py:620} INFO - Processing file /home/airflow/.local/lib/python3.6/site-packages/airflow/example_dags/example_bash_operator.py for tasks to queue
[2021-10-16 01:13:20,851] {logging_mixin.py:109} INFO - [2021-10-16 01:13:20,851] {dagbag.py:500} INFO - Filling up the DagBag from /home/airflow/.local/lib/python3.6/site-packages/airflow/example_dags/example_bash_operator.py
[2021-10-16 01:13:20,954] {processor.py:632} INFO - DAG(s) dict_keys(['example_bash_operator']) retrieved from /home/airflow/.local/lib/python3.6/site-packages/airflow/example_dags/example_bash_operator.py
[2021-10-16 01:13:20,993] {logging_mixin.py:109} INFO - [2021-10-16 01:13:20,993] {dag.py:2389} INFO - Sync 1 DAGs
[2021-10-16 01:13:21,044] {logging_mixin.py:109} INFO - [2021-10-16 01:13:21,044] {dag.py:2914} INFO - Setting next_dagrun for example_bash_operator to 2021-10-15 00:00:00+00:00
[2021-10-16 01:13:21,077] {processor.py:171} INFO - Processing /home/airflow/.local/lib/python3.6/site-packages/airflow/example_dags/example_bash_operator.py took 0.246 seconds
[2021-10-16 01:13:51,681] {processor.py:163} INFO - Started process (PID=2307) to work on /home/airflow/.local/lib/python3.6/site-packages/airflow/example_dags/example_bash_operator.py
[2021-10-16 01:13:51,689] {processor.py:620} INFO - Processing file /home/airflow/.local/lib/python3.6/site-packages/airflow/example_dags/example_bash_operator.py for tasks to queue
[2021-10-16 01:13:51,692] {logging_mixin.py:109} INFO - [2021-10-16 01:13:51,692] {dagbag.py:500} INFO - Filling up the DagBag from /home/airflow/.local/lib/python3.6/site-packages/airflow/example_dags/example_bash_operator.py
[2021-10-16 01:13:51,787] {processor.py:632} INFO - DAG(s) dict_keys(['example_bash_operator']) retrieved from /home/airflow/.local/lib/python3.6/site-packages/airflow/example_dags/example_bash_operator.py
[2021-10-16 01:13:51,813] {logging_mixin.py:109} INFO - [2021-10-16 01:13:51,813] {dag.py:2389} INFO - Sync 1 DAGs
[2021-10-16 01:13:51,846] {logging_mixin.py:109} INFO - [2021-10-16 01:13:51,846] {dag.py:2914} INFO - Setting next_dagrun for example_bash_operator to 2021-10-15 00:00:00+00:00
[2021-10-16 01:13:51,874] {processor.py:171} INFO - Processing /home/airflow/.local/lib/python3.6/site-packages/airflow/example_dags/example_bash_operator.py took 0.198 seconds
[2021-10-16 01:14:22,214] {processor.py:163} INFO - Started process (PID=2361) to work on /home/airflow/.local/lib/python3.6/site-packages/airflow/example_dags/example_bash_operator.py
[2021-10-16 01:14:22,222] {processor.py:620} INFO - Processing file /home/airflow/.local/lib/python3.6/site-packages/airflow/example_dags/example_bash_operator.py for tasks to queue
[2021-10-16 01:14:22,224] {logging_mixin.py:109} INFO - [2021-10-16 01:14:22,224] {dagbag.py:500} INFO - Filling up the DagBag from /home/airflow/.local/lib/python3.6/site-packages/airflow/example_dags/example_bash_operator.py
[2021-10-16 01:14:22,335] {processor.py:632} INFO - DAG(s) dict_keys(['example_bash_operator']) retrieved from /home/airflow/.local/lib/python3.6/site-packages/airflow/example_dags/example_bash_operator.py
[2021-10-16 01:14:22,370] {logging_mixin.py:109} INFO - [2021-10-16 01:14:22,370] {dag.py:2389} INFO - Sync 1 DAGs
[2021-10-16 01:14:22,437] {logging_mixin.py:109} INFO - [2021-10-16 01:14:22,437] {dag.py:2914} INFO - Setting next_dagrun for example_bash_operator to 2021-10-15 00:00:00+00:00
[2021-10-16 01:14:22,466] {processor.py:171} INFO - Processing /home/airflow/.local/lib/python3.6/site-packages/airflow/example_dags/example_bash_operator.py took 0.258 seconds
[2021-10-16 01:14:52,918] {processor.py:163} INFO - Started process (PID=2415) to work on /home/airflow/.local/lib/python3.6/site-packages/airflow/example_dags/example_bash_operator.py
[2021-10-16 01:14:52,930] {processor.py:620} INFO - Processing file /home/airflow/.local/lib/python3.6/site-packages/airflow/example_dags/example_bash_operator.py for tasks to queue
[2021-10-16 01:14:52,936] {logging_mixin.py:109} INFO - [2021-10-16 01:14:52,936] {dagbag.py:500} INFO - Filling up the DagBag from /home/airflow/.local/lib/python3.6/site-packages/airflow/example_dags/example_bash_operator.py
[2021-10-16 01:14:53,028] {processor.py:632} INFO - DAG(s) dict_keys(['example_bash_operator']) retrieved from /home/airflow/.local/lib/python3.6/site-packages/airflow/example_dags/example_bash_operator.py
[2021-10-16 01:14:53,064] {logging_mixin.py:109} INFO - [2021-10-16 01:14:53,064] {dag.py:2389} INFO - Sync 1 DAGs
[2021-10-16 01:14:53,115] {logging_mixin.py:109} INFO - [2021-10-16 01:14:53,115] {dag.py:2914} INFO - Setting next_dagrun for example_bash_operator to 2021-10-15 00:00:00+00:00
[2021-10-16 01:14:53,150] {processor.py:171} INFO - Processing /home/airflow/.local/lib/python3.6/site-packages/airflow/example_dags/example_bash_operator.py took 0.238 seconds
