[2021-10-16 00:53:53,518] {processor.py:163} INFO - Started process (PID=62) to work on /home/airflow/.local/lib/python3.6/site-packages/airflow/example_dags/example_dag_decorator.py
[2021-10-16 00:53:53,531] {processor.py:620} INFO - Processing file /home/airflow/.local/lib/python3.6/site-packages/airflow/example_dags/example_dag_decorator.py for tasks to queue
[2021-10-16 00:53:53,536] {logging_mixin.py:109} INFO - [2021-10-16 00:53:53,535] {dagbag.py:500} INFO - Filling up the DagBag from /home/airflow/.local/lib/python3.6/site-packages/airflow/example_dags/example_dag_decorator.py
[2021-10-16 00:53:54,296] {processor.py:632} INFO - DAG(s) dict_keys(['example_dag_decorator']) retrieved from /home/airflow/.local/lib/python3.6/site-packages/airflow/example_dags/example_dag_decorator.py
[2021-10-16 00:53:55,510] {logging_mixin.py:109} INFO - [2021-10-16 00:53:55,496] {dag.py:2389} INFO - Sync 1 DAGs
[2021-10-16 00:53:55,595] {logging_mixin.py:109} INFO - [2021-10-16 00:53:55,595] {dag.py:2914} INFO - Setting next_dagrun for example_dag_decorator to None
[2021-10-16 00:53:55,634] {processor.py:171} INFO - Processing /home/airflow/.local/lib/python3.6/site-packages/airflow/example_dags/example_dag_decorator.py took 2.134 seconds
[2021-10-16 00:54:26,908] {processor.py:163} INFO - Started process (PID=115) to work on /home/airflow/.local/lib/python3.6/site-packages/airflow/example_dags/example_dag_decorator.py
[2021-10-16 00:54:26,911] {processor.py:620} INFO - Processing file /home/airflow/.local/lib/python3.6/site-packages/airflow/example_dags/example_dag_decorator.py for tasks to queue
[2021-10-16 00:54:26,913] {logging_mixin.py:109} INFO - [2021-10-16 00:54:26,913] {dagbag.py:500} INFO - Filling up the DagBag from /home/airflow/.local/lib/python3.6/site-packages/airflow/example_dags/example_dag_decorator.py
[2021-10-16 00:54:27,357] {processor.py:632} INFO - DAG(s) dict_keys(['example_dag_decorator']) retrieved from /home/airflow/.local/lib/python3.6/site-packages/airflow/example_dags/example_dag_decorator.py
[2021-10-16 00:54:29,091] {logging_mixin.py:109} INFO - [2021-10-16 00:54:29,091] {dag.py:2389} INFO - Sync 1 DAGs
[2021-10-16 00:54:29,126] {logging_mixin.py:109} INFO - [2021-10-16 00:54:29,126] {dag.py:2914} INFO - Setting next_dagrun for example_dag_decorator to None
[2021-10-16 00:54:29,171] {processor.py:171} INFO - Processing /home/airflow/.local/lib/python3.6/site-packages/airflow/example_dags/example_dag_decorator.py took 2.271 seconds
[2021-10-16 00:54:59,910] {processor.py:163} INFO - Started process (PID=170) to work on /home/airflow/.local/lib/python3.6/site-packages/airflow/example_dags/example_dag_decorator.py
[2021-10-16 00:54:59,913] {processor.py:620} INFO - Processing file /home/airflow/.local/lib/python3.6/site-packages/airflow/example_dags/example_dag_decorator.py for tasks to queue
[2021-10-16 00:54:59,914] {logging_mixin.py:109} INFO - [2021-10-16 00:54:59,914] {dagbag.py:500} INFO - Filling up the DagBag from /home/airflow/.local/lib/python3.6/site-packages/airflow/example_dags/example_dag_decorator.py
[2021-10-16 00:55:00,009] {processor.py:632} INFO - DAG(s) dict_keys(['example_dag_decorator']) retrieved from /home/airflow/.local/lib/python3.6/site-packages/airflow/example_dags/example_dag_decorator.py
[2021-10-16 00:55:00,607] {logging_mixin.py:109} INFO - [2021-10-16 00:55:00,607] {dag.py:2389} INFO - Sync 1 DAGs
[2021-10-16 00:55:00,631] {logging_mixin.py:109} INFO - [2021-10-16 00:55:00,631] {dag.py:2914} INFO - Setting next_dagrun for example_dag_decorator to None
[2021-10-16 00:55:00,673] {processor.py:171} INFO - Processing /home/airflow/.local/lib/python3.6/site-packages/airflow/example_dags/example_dag_decorator.py took 0.766 seconds
[2021-10-16 00:55:30,756] {processor.py:163} INFO - Started process (PID=225) to work on /home/airflow/.local/lib/python3.6/site-packages/airflow/example_dags/example_dag_decorator.py
[2021-10-16 00:55:30,759] {processor.py:620} INFO - Processing file /home/airflow/.local/lib/python3.6/site-packages/airflow/example_dags/example_dag_decorator.py for tasks to queue
[2021-10-16 00:55:30,761] {logging_mixin.py:109} INFO - [2021-10-16 00:55:30,761] {dagbag.py:500} INFO - Filling up the DagBag from /home/airflow/.local/lib/python3.6/site-packages/airflow/example_dags/example_dag_decorator.py
[2021-10-16 00:55:30,823] {processor.py:632} INFO - DAG(s) dict_keys(['example_dag_decorator']) retrieved from /home/airflow/.local/lib/python3.6/site-packages/airflow/example_dags/example_dag_decorator.py
[2021-10-16 00:55:31,071] {logging_mixin.py:109} INFO - [2021-10-16 00:55:31,071] {dag.py:2389} INFO - Sync 1 DAGs
[2021-10-16 00:55:31,087] {logging_mixin.py:109} INFO - [2021-10-16 00:55:31,086] {dag.py:2914} INFO - Setting next_dagrun for example_dag_decorator to None
[2021-10-16 00:55:31,101] {processor.py:171} INFO - Processing /home/airflow/.local/lib/python3.6/site-packages/airflow/example_dags/example_dag_decorator.py took 0.352 seconds
[2021-10-16 00:56:01,352] {processor.py:163} INFO - Started process (PID=292) to work on /home/airflow/.local/lib/python3.6/site-packages/airflow/example_dags/example_dag_decorator.py
[2021-10-16 00:56:01,355] {processor.py:620} INFO - Processing file /home/airflow/.local/lib/python3.6/site-packages/airflow/example_dags/example_dag_decorator.py for tasks to queue
[2021-10-16 00:56:01,357] {logging_mixin.py:109} INFO - [2021-10-16 00:56:01,357] {dagbag.py:500} INFO - Filling up the DagBag from /home/airflow/.local/lib/python3.6/site-packages/airflow/example_dags/example_dag_decorator.py
[2021-10-16 00:56:01,467] {processor.py:632} INFO - DAG(s) dict_keys(['example_dag_decorator']) retrieved from /home/airflow/.local/lib/python3.6/site-packages/airflow/example_dags/example_dag_decorator.py
[2021-10-16 00:56:01,815] {logging_mixin.py:109} INFO - [2021-10-16 00:56:01,815] {dag.py:2389} INFO - Sync 1 DAGs
[2021-10-16 00:56:01,839] {logging_mixin.py:109} INFO - [2021-10-16 00:56:01,839] {dag.py:2914} INFO - Setting next_dagrun for example_dag_decorator to None
[2021-10-16 00:56:01,857] {processor.py:171} INFO - Processing /home/airflow/.local/lib/python3.6/site-packages/airflow/example_dags/example_dag_decorator.py took 0.511 seconds
[2021-10-16 00:56:32,166] {processor.py:163} INFO - Started process (PID=345) to work on /home/airflow/.local/lib/python3.6/site-packages/airflow/example_dags/example_dag_decorator.py
[2021-10-16 00:56:32,170] {processor.py:620} INFO - Processing file /home/airflow/.local/lib/python3.6/site-packages/airflow/example_dags/example_dag_decorator.py for tasks to queue
[2021-10-16 00:56:32,172] {logging_mixin.py:109} INFO - [2021-10-16 00:56:32,172] {dagbag.py:500} INFO - Filling up the DagBag from /home/airflow/.local/lib/python3.6/site-packages/airflow/example_dags/example_dag_decorator.py
[2021-10-16 00:56:32,232] {processor.py:632} INFO - DAG(s) dict_keys(['example_dag_decorator']) retrieved from /home/airflow/.local/lib/python3.6/site-packages/airflow/example_dags/example_dag_decorator.py
[2021-10-16 00:56:32,527] {logging_mixin.py:109} INFO - [2021-10-16 00:56:32,527] {dag.py:2389} INFO - Sync 1 DAGs
[2021-10-16 00:56:32,564] {logging_mixin.py:109} INFO - [2021-10-16 00:56:32,564] {dag.py:2914} INFO - Setting next_dagrun for example_dag_decorator to None
[2021-10-16 00:56:32,580] {processor.py:171} INFO - Processing /home/airflow/.local/lib/python3.6/site-packages/airflow/example_dags/example_dag_decorator.py took 0.420 seconds
[2021-10-16 00:57:02,812] {processor.py:163} INFO - Started process (PID=400) to work on /home/airflow/.local/lib/python3.6/site-packages/airflow/example_dags/example_dag_decorator.py
[2021-10-16 00:57:02,815] {processor.py:620} INFO - Processing file /home/airflow/.local/lib/python3.6/site-packages/airflow/example_dags/example_dag_decorator.py for tasks to queue
[2021-10-16 00:57:02,817] {logging_mixin.py:109} INFO - [2021-10-16 00:57:02,817] {dagbag.py:500} INFO - Filling up the DagBag from /home/airflow/.local/lib/python3.6/site-packages/airflow/example_dags/example_dag_decorator.py
[2021-10-16 00:57:02,865] {processor.py:632} INFO - DAG(s) dict_keys(['example_dag_decorator']) retrieved from /home/airflow/.local/lib/python3.6/site-packages/airflow/example_dags/example_dag_decorator.py
[2021-10-16 00:57:03,155] {logging_mixin.py:109} INFO - [2021-10-16 00:57:03,155] {dag.py:2389} INFO - Sync 1 DAGs
[2021-10-16 00:57:03,175] {logging_mixin.py:109} INFO - [2021-10-16 00:57:03,175] {dag.py:2914} INFO - Setting next_dagrun for example_dag_decorator to None
[2021-10-16 00:57:03,188] {processor.py:171} INFO - Processing /home/airflow/.local/lib/python3.6/site-packages/airflow/example_dags/example_dag_decorator.py took 0.382 seconds
[2021-10-16 00:57:33,245] {processor.py:163} INFO - Started process (PID=456) to work on /home/airflow/.local/lib/python3.6/site-packages/airflow/example_dags/example_dag_decorator.py
[2021-10-16 00:57:33,248] {processor.py:620} INFO - Processing file /home/airflow/.local/lib/python3.6/site-packages/airflow/example_dags/example_dag_decorator.py for tasks to queue
[2021-10-16 00:57:33,250] {logging_mixin.py:109} INFO - [2021-10-16 00:57:33,249] {dagbag.py:500} INFO - Filling up the DagBag from /home/airflow/.local/lib/python3.6/site-packages/airflow/example_dags/example_dag_decorator.py
[2021-10-16 00:57:33,315] {processor.py:632} INFO - DAG(s) dict_keys(['example_dag_decorator']) retrieved from /home/airflow/.local/lib/python3.6/site-packages/airflow/example_dags/example_dag_decorator.py
[2021-10-16 00:57:33,900] {logging_mixin.py:109} INFO - [2021-10-16 00:57:33,900] {dag.py:2389} INFO - Sync 1 DAGs
[2021-10-16 00:57:33,934] {logging_mixin.py:109} INFO - [2021-10-16 00:57:33,934] {dag.py:2914} INFO - Setting next_dagrun for example_dag_decorator to None
[2021-10-16 00:57:33,973] {processor.py:171} INFO - Processing /home/airflow/.local/lib/python3.6/site-packages/airflow/example_dags/example_dag_decorator.py took 0.754 seconds
[2021-10-16 00:58:04,170] {processor.py:163} INFO - Started process (PID=523) to work on /home/airflow/.local/lib/python3.6/site-packages/airflow/example_dags/example_dag_decorator.py
[2021-10-16 00:58:04,176] {processor.py:620} INFO - Processing file /home/airflow/.local/lib/python3.6/site-packages/airflow/example_dags/example_dag_decorator.py for tasks to queue
[2021-10-16 00:58:04,178] {logging_mixin.py:109} INFO - [2021-10-16 00:58:04,178] {dagbag.py:500} INFO - Filling up the DagBag from /home/airflow/.local/lib/python3.6/site-packages/airflow/example_dags/example_dag_decorator.py
[2021-10-16 00:58:04,442] {processor.py:632} INFO - DAG(s) dict_keys(['example_dag_decorator']) retrieved from /home/airflow/.local/lib/python3.6/site-packages/airflow/example_dags/example_dag_decorator.py
[2021-10-16 00:58:05,111] {logging_mixin.py:109} INFO - [2021-10-16 00:58:05,111] {dag.py:2389} INFO - Sync 1 DAGs
[2021-10-16 00:58:05,146] {logging_mixin.py:109} INFO - [2021-10-16 00:58:05,146] {dag.py:2914} INFO - Setting next_dagrun for example_dag_decorator to None
[2021-10-16 00:58:05,187] {processor.py:171} INFO - Processing /home/airflow/.local/lib/python3.6/site-packages/airflow/example_dags/example_dag_decorator.py took 1.026 seconds
[2021-10-16 00:58:36,130] {processor.py:163} INFO - Started process (PID=576) to work on /home/airflow/.local/lib/python3.6/site-packages/airflow/example_dags/example_dag_decorator.py
[2021-10-16 00:58:36,138] {processor.py:620} INFO - Processing file /home/airflow/.local/lib/python3.6/site-packages/airflow/example_dags/example_dag_decorator.py for tasks to queue
[2021-10-16 00:58:36,141] {logging_mixin.py:109} INFO - [2021-10-16 00:58:36,140] {dagbag.py:500} INFO - Filling up the DagBag from /home/airflow/.local/lib/python3.6/site-packages/airflow/example_dags/example_dag_decorator.py
[2021-10-16 00:58:36,207] {processor.py:632} INFO - DAG(s) dict_keys(['example_dag_decorator']) retrieved from /home/airflow/.local/lib/python3.6/site-packages/airflow/example_dags/example_dag_decorator.py
[2021-10-16 00:58:36,468] {logging_mixin.py:109} INFO - [2021-10-16 00:58:36,468] {dag.py:2389} INFO - Sync 1 DAGs
[2021-10-16 00:58:36,487] {logging_mixin.py:109} INFO - [2021-10-16 00:58:36,487] {dag.py:2914} INFO - Setting next_dagrun for example_dag_decorator to None
[2021-10-16 00:58:36,503] {processor.py:171} INFO - Processing /home/airflow/.local/lib/python3.6/site-packages/airflow/example_dags/example_dag_decorator.py took 0.377 seconds
[2021-10-16 00:59:06,938] {processor.py:163} INFO - Started process (PID=631) to work on /home/airflow/.local/lib/python3.6/site-packages/airflow/example_dags/example_dag_decorator.py
[2021-10-16 00:59:06,946] {processor.py:620} INFO - Processing file /home/airflow/.local/lib/python3.6/site-packages/airflow/example_dags/example_dag_decorator.py for tasks to queue
[2021-10-16 00:59:06,947] {logging_mixin.py:109} INFO - [2021-10-16 00:59:06,947] {dagbag.py:500} INFO - Filling up the DagBag from /home/airflow/.local/lib/python3.6/site-packages/airflow/example_dags/example_dag_decorator.py
[2021-10-16 00:59:07,000] {processor.py:632} INFO - DAG(s) dict_keys(['example_dag_decorator']) retrieved from /home/airflow/.local/lib/python3.6/site-packages/airflow/example_dags/example_dag_decorator.py
[2021-10-16 00:59:07,240] {logging_mixin.py:109} INFO - [2021-10-16 00:59:07,240] {dag.py:2389} INFO - Sync 1 DAGs
[2021-10-16 00:59:07,270] {logging_mixin.py:109} INFO - [2021-10-16 00:59:07,270] {dag.py:2914} INFO - Setting next_dagrun for example_dag_decorator to None
[2021-10-16 00:59:07,286] {processor.py:171} INFO - Processing /home/airflow/.local/lib/python3.6/site-packages/airflow/example_dags/example_dag_decorator.py took 0.352 seconds
[2021-10-16 00:59:37,936] {processor.py:163} INFO - Started process (PID=691) to work on /home/airflow/.local/lib/python3.6/site-packages/airflow/example_dags/example_dag_decorator.py
[2021-10-16 00:59:37,945] {processor.py:620} INFO - Processing file /home/airflow/.local/lib/python3.6/site-packages/airflow/example_dags/example_dag_decorator.py for tasks to queue
[2021-10-16 00:59:37,958] {logging_mixin.py:109} INFO - [2021-10-16 00:59:37,957] {dagbag.py:500} INFO - Filling up the DagBag from /home/airflow/.local/lib/python3.6/site-packages/airflow/example_dags/example_dag_decorator.py
[2021-10-16 00:59:38,026] {processor.py:632} INFO - DAG(s) dict_keys(['example_dag_decorator']) retrieved from /home/airflow/.local/lib/python3.6/site-packages/airflow/example_dags/example_dag_decorator.py
[2021-10-16 00:59:38,241] {logging_mixin.py:109} INFO - [2021-10-16 00:59:38,241] {dag.py:2389} INFO - Sync 1 DAGs
[2021-10-16 00:59:38,265] {logging_mixin.py:109} INFO - [2021-10-16 00:59:38,264] {dag.py:2914} INFO - Setting next_dagrun for example_dag_decorator to None
[2021-10-16 00:59:38,279] {processor.py:171} INFO - Processing /home/airflow/.local/lib/python3.6/site-packages/airflow/example_dags/example_dag_decorator.py took 0.347 seconds
[2021-10-16 01:00:08,970] {processor.py:163} INFO - Started process (PID=755) to work on /home/airflow/.local/lib/python3.6/site-packages/airflow/example_dags/example_dag_decorator.py
[2021-10-16 01:00:08,978] {processor.py:620} INFO - Processing file /home/airflow/.local/lib/python3.6/site-packages/airflow/example_dags/example_dag_decorator.py for tasks to queue
[2021-10-16 01:00:08,980] {logging_mixin.py:109} INFO - [2021-10-16 01:00:08,980] {dagbag.py:500} INFO - Filling up the DagBag from /home/airflow/.local/lib/python3.6/site-packages/airflow/example_dags/example_dag_decorator.py
[2021-10-16 01:00:09,172] {processor.py:632} INFO - DAG(s) dict_keys(['example_dag_decorator']) retrieved from /home/airflow/.local/lib/python3.6/site-packages/airflow/example_dags/example_dag_decorator.py
[2021-10-16 01:00:09,808] {logging_mixin.py:109} INFO - [2021-10-16 01:00:09,808] {dag.py:2389} INFO - Sync 1 DAGs
[2021-10-16 01:00:09,868] {logging_mixin.py:109} INFO - [2021-10-16 01:00:09,868] {dag.py:2914} INFO - Setting next_dagrun for example_dag_decorator to None
[2021-10-16 01:00:09,908] {processor.py:171} INFO - Processing /home/airflow/.local/lib/python3.6/site-packages/airflow/example_dags/example_dag_decorator.py took 0.943 seconds
[2021-10-16 01:00:39,981] {processor.py:163} INFO - Started process (PID=810) to work on /home/airflow/.local/lib/python3.6/site-packages/airflow/example_dags/example_dag_decorator.py
[2021-10-16 01:00:39,989] {processor.py:620} INFO - Processing file /home/airflow/.local/lib/python3.6/site-packages/airflow/example_dags/example_dag_decorator.py for tasks to queue
[2021-10-16 01:00:39,991] {logging_mixin.py:109} INFO - [2021-10-16 01:00:39,991] {dagbag.py:500} INFO - Filling up the DagBag from /home/airflow/.local/lib/python3.6/site-packages/airflow/example_dags/example_dag_decorator.py
[2021-10-16 01:00:40,070] {processor.py:632} INFO - DAG(s) dict_keys(['example_dag_decorator']) retrieved from /home/airflow/.local/lib/python3.6/site-packages/airflow/example_dags/example_dag_decorator.py
[2021-10-16 01:00:40,506] {logging_mixin.py:109} INFO - [2021-10-16 01:00:40,505] {dag.py:2389} INFO - Sync 1 DAGs
[2021-10-16 01:00:40,533] {logging_mixin.py:109} INFO - [2021-10-16 01:00:40,533] {dag.py:2914} INFO - Setting next_dagrun for example_dag_decorator to None
[2021-10-16 01:00:40,556] {processor.py:171} INFO - Processing /home/airflow/.local/lib/python3.6/site-packages/airflow/example_dags/example_dag_decorator.py took 0.582 seconds
[2021-10-16 01:01:10,674] {processor.py:163} INFO - Started process (PID=866) to work on /home/airflow/.local/lib/python3.6/site-packages/airflow/example_dags/example_dag_decorator.py
[2021-10-16 01:01:10,679] {processor.py:620} INFO - Processing file /home/airflow/.local/lib/python3.6/site-packages/airflow/example_dags/example_dag_decorator.py for tasks to queue
[2021-10-16 01:01:10,684] {logging_mixin.py:109} INFO - [2021-10-16 01:01:10,683] {dagbag.py:500} INFO - Filling up the DagBag from /home/airflow/.local/lib/python3.6/site-packages/airflow/example_dags/example_dag_decorator.py
[2021-10-16 01:01:10,746] {processor.py:632} INFO - DAG(s) dict_keys(['example_dag_decorator']) retrieved from /home/airflow/.local/lib/python3.6/site-packages/airflow/example_dags/example_dag_decorator.py
[2021-10-16 01:01:10,968] {logging_mixin.py:109} INFO - [2021-10-16 01:01:10,968] {dag.py:2389} INFO - Sync 1 DAGs
[2021-10-16 01:01:10,984] {logging_mixin.py:109} INFO - [2021-10-16 01:01:10,984] {dag.py:2914} INFO - Setting next_dagrun for example_dag_decorator to None
[2021-10-16 01:01:10,998] {processor.py:171} INFO - Processing /home/airflow/.local/lib/python3.6/site-packages/airflow/example_dags/example_dag_decorator.py took 0.330 seconds
[2021-10-16 01:01:41,107] {processor.py:163} INFO - Started process (PID=932) to work on /home/airflow/.local/lib/python3.6/site-packages/airflow/example_dags/example_dag_decorator.py
[2021-10-16 01:01:41,113] {processor.py:620} INFO - Processing file /home/airflow/.local/lib/python3.6/site-packages/airflow/example_dags/example_dag_decorator.py for tasks to queue
[2021-10-16 01:01:41,118] {logging_mixin.py:109} INFO - [2021-10-16 01:01:41,118] {dagbag.py:500} INFO - Filling up the DagBag from /home/airflow/.local/lib/python3.6/site-packages/airflow/example_dags/example_dag_decorator.py
[2021-10-16 01:01:41,198] {processor.py:632} INFO - DAG(s) dict_keys(['example_dag_decorator']) retrieved from /home/airflow/.local/lib/python3.6/site-packages/airflow/example_dags/example_dag_decorator.py
[2021-10-16 01:01:42,150] {logging_mixin.py:109} INFO - [2021-10-16 01:01:42,150] {dag.py:2389} INFO - Sync 1 DAGs
[2021-10-16 01:01:42,448] {logging_mixin.py:109} INFO - [2021-10-16 01:01:42,448] {dag.py:2914} INFO - Setting next_dagrun for example_dag_decorator to None
[2021-10-16 01:01:42,468] {processor.py:171} INFO - Processing /home/airflow/.local/lib/python3.6/site-packages/airflow/example_dags/example_dag_decorator.py took 1.375 seconds
[2021-10-16 01:02:12,740] {processor.py:163} INFO - Started process (PID=989) to work on /home/airflow/.local/lib/python3.6/site-packages/airflow/example_dags/example_dag_decorator.py
[2021-10-16 01:02:12,742] {processor.py:620} INFO - Processing file /home/airflow/.local/lib/python3.6/site-packages/airflow/example_dags/example_dag_decorator.py for tasks to queue
[2021-10-16 01:02:12,744] {logging_mixin.py:109} INFO - [2021-10-16 01:02:12,744] {dagbag.py:500} INFO - Filling up the DagBag from /home/airflow/.local/lib/python3.6/site-packages/airflow/example_dags/example_dag_decorator.py
[2021-10-16 01:02:12,795] {processor.py:632} INFO - DAG(s) dict_keys(['example_dag_decorator']) retrieved from /home/airflow/.local/lib/python3.6/site-packages/airflow/example_dags/example_dag_decorator.py
[2021-10-16 01:02:13,094] {logging_mixin.py:109} INFO - [2021-10-16 01:02:13,094] {dag.py:2389} INFO - Sync 1 DAGs
[2021-10-16 01:02:13,116] {logging_mixin.py:109} INFO - [2021-10-16 01:02:13,116] {dag.py:2914} INFO - Setting next_dagrun for example_dag_decorator to None
[2021-10-16 01:02:13,140] {processor.py:171} INFO - Processing /home/airflow/.local/lib/python3.6/site-packages/airflow/example_dags/example_dag_decorator.py took 0.405 seconds
[2021-10-16 01:02:43,258] {processor.py:163} INFO - Started process (PID=1056) to work on /home/airflow/.local/lib/python3.6/site-packages/airflow/example_dags/example_dag_decorator.py
[2021-10-16 01:02:43,263] {processor.py:620} INFO - Processing file /home/airflow/.local/lib/python3.6/site-packages/airflow/example_dags/example_dag_decorator.py for tasks to queue
[2021-10-16 01:02:43,265] {logging_mixin.py:109} INFO - [2021-10-16 01:02:43,265] {dagbag.py:500} INFO - Filling up the DagBag from /home/airflow/.local/lib/python3.6/site-packages/airflow/example_dags/example_dag_decorator.py
[2021-10-16 01:02:43,458] {processor.py:632} INFO - DAG(s) dict_keys(['example_dag_decorator']) retrieved from /home/airflow/.local/lib/python3.6/site-packages/airflow/example_dags/example_dag_decorator.py
[2021-10-16 01:02:44,092] {logging_mixin.py:109} INFO - [2021-10-16 01:02:44,092] {dag.py:2389} INFO - Sync 1 DAGs
[2021-10-16 01:02:44,245] {logging_mixin.py:109} INFO - [2021-10-16 01:02:44,245] {dag.py:2914} INFO - Setting next_dagrun for example_dag_decorator to None
[2021-10-16 01:02:44,286] {processor.py:171} INFO - Processing /home/airflow/.local/lib/python3.6/site-packages/airflow/example_dags/example_dag_decorator.py took 1.046 seconds
[2021-10-16 01:03:14,365] {processor.py:163} INFO - Started process (PID=1110) to work on /home/airflow/.local/lib/python3.6/site-packages/airflow/example_dags/example_dag_decorator.py
[2021-10-16 01:03:14,373] {processor.py:620} INFO - Processing file /home/airflow/.local/lib/python3.6/site-packages/airflow/example_dags/example_dag_decorator.py for tasks to queue
[2021-10-16 01:03:14,375] {logging_mixin.py:109} INFO - [2021-10-16 01:03:14,375] {dagbag.py:500} INFO - Filling up the DagBag from /home/airflow/.local/lib/python3.6/site-packages/airflow/example_dags/example_dag_decorator.py
[2021-10-16 01:03:14,429] {processor.py:632} INFO - DAG(s) dict_keys(['example_dag_decorator']) retrieved from /home/airflow/.local/lib/python3.6/site-packages/airflow/example_dags/example_dag_decorator.py
[2021-10-16 01:03:14,619] {logging_mixin.py:109} INFO - [2021-10-16 01:03:14,619] {dag.py:2389} INFO - Sync 1 DAGs
[2021-10-16 01:03:14,633] {logging_mixin.py:109} INFO - [2021-10-16 01:03:14,633] {dag.py:2914} INFO - Setting next_dagrun for example_dag_decorator to None
[2021-10-16 01:03:14,651] {processor.py:171} INFO - Processing /home/airflow/.local/lib/python3.6/site-packages/airflow/example_dags/example_dag_decorator.py took 0.291 seconds
[2021-10-16 01:03:44,766] {processor.py:163} INFO - Started process (PID=1164) to work on /home/airflow/.local/lib/python3.6/site-packages/airflow/example_dags/example_dag_decorator.py
[2021-10-16 01:03:44,769] {processor.py:620} INFO - Processing file /home/airflow/.local/lib/python3.6/site-packages/airflow/example_dags/example_dag_decorator.py for tasks to queue
[2021-10-16 01:03:44,772] {logging_mixin.py:109} INFO - [2021-10-16 01:03:44,772] {dagbag.py:500} INFO - Filling up the DagBag from /home/airflow/.local/lib/python3.6/site-packages/airflow/example_dags/example_dag_decorator.py
[2021-10-16 01:03:44,823] {processor.py:632} INFO - DAG(s) dict_keys(['example_dag_decorator']) retrieved from /home/airflow/.local/lib/python3.6/site-packages/airflow/example_dags/example_dag_decorator.py
[2021-10-16 01:03:45,020] {logging_mixin.py:109} INFO - [2021-10-16 01:03:45,019] {dag.py:2389} INFO - Sync 1 DAGs
[2021-10-16 01:03:45,036] {logging_mixin.py:109} INFO - [2021-10-16 01:03:45,036] {dag.py:2914} INFO - Setting next_dagrun for example_dag_decorator to None
[2021-10-16 01:03:45,054] {processor.py:171} INFO - Processing /home/airflow/.local/lib/python3.6/site-packages/airflow/example_dags/example_dag_decorator.py took 0.296 seconds
[2021-10-16 01:04:15,448] {processor.py:163} INFO - Started process (PID=1230) to work on /home/airflow/.local/lib/python3.6/site-packages/airflow/example_dags/example_dag_decorator.py
[2021-10-16 01:04:15,451] {processor.py:620} INFO - Processing file /home/airflow/.local/lib/python3.6/site-packages/airflow/example_dags/example_dag_decorator.py for tasks to queue
[2021-10-16 01:04:15,452] {logging_mixin.py:109} INFO - [2021-10-16 01:04:15,452] {dagbag.py:500} INFO - Filling up the DagBag from /home/airflow/.local/lib/python3.6/site-packages/airflow/example_dags/example_dag_decorator.py
[2021-10-16 01:04:15,559] {processor.py:632} INFO - DAG(s) dict_keys(['example_dag_decorator']) retrieved from /home/airflow/.local/lib/python3.6/site-packages/airflow/example_dags/example_dag_decorator.py
[2021-10-16 01:04:16,191] {logging_mixin.py:109} INFO - [2021-10-16 01:04:16,191] {dag.py:2389} INFO - Sync 1 DAGs
[2021-10-16 01:04:16,208] {logging_mixin.py:109} INFO - [2021-10-16 01:04:16,208] {dag.py:2914} INFO - Setting next_dagrun for example_dag_decorator to None
[2021-10-16 01:04:16,224] {processor.py:171} INFO - Processing /home/airflow/.local/lib/python3.6/site-packages/airflow/example_dags/example_dag_decorator.py took 0.780 seconds
[2021-10-16 01:04:46,360] {processor.py:163} INFO - Started process (PID=1285) to work on /home/airflow/.local/lib/python3.6/site-packages/airflow/example_dags/example_dag_decorator.py
[2021-10-16 01:04:46,364] {processor.py:620} INFO - Processing file /home/airflow/.local/lib/python3.6/site-packages/airflow/example_dags/example_dag_decorator.py for tasks to queue
[2021-10-16 01:04:46,366] {logging_mixin.py:109} INFO - [2021-10-16 01:04:46,366] {dagbag.py:500} INFO - Filling up the DagBag from /home/airflow/.local/lib/python3.6/site-packages/airflow/example_dags/example_dag_decorator.py
[2021-10-16 01:04:46,499] {processor.py:632} INFO - DAG(s) dict_keys(['example_dag_decorator']) retrieved from /home/airflow/.local/lib/python3.6/site-packages/airflow/example_dags/example_dag_decorator.py
[2021-10-16 01:04:47,122] {logging_mixin.py:109} INFO - [2021-10-16 01:04:47,122] {dag.py:2389} INFO - Sync 1 DAGs
[2021-10-16 01:04:47,170] {logging_mixin.py:109} INFO - [2021-10-16 01:04:47,170] {dag.py:2914} INFO - Setting next_dagrun for example_dag_decorator to None
[2021-10-16 01:04:47,217] {processor.py:171} INFO - Processing /home/airflow/.local/lib/python3.6/site-packages/airflow/example_dags/example_dag_decorator.py took 0.865 seconds
[2021-10-16 01:05:17,736] {processor.py:163} INFO - Started process (PID=1339) to work on /home/airflow/.local/lib/python3.6/site-packages/airflow/example_dags/example_dag_decorator.py
[2021-10-16 01:05:17,746] {processor.py:620} INFO - Processing file /home/airflow/.local/lib/python3.6/site-packages/airflow/example_dags/example_dag_decorator.py for tasks to queue
[2021-10-16 01:05:17,750] {logging_mixin.py:109} INFO - [2021-10-16 01:05:17,750] {dagbag.py:500} INFO - Filling up the DagBag from /home/airflow/.local/lib/python3.6/site-packages/airflow/example_dags/example_dag_decorator.py
[2021-10-16 01:05:18,065] {processor.py:632} INFO - DAG(s) dict_keys(['example_dag_decorator']) retrieved from /home/airflow/.local/lib/python3.6/site-packages/airflow/example_dags/example_dag_decorator.py
[2021-10-16 01:05:19,154] {logging_mixin.py:109} INFO - [2021-10-16 01:05:19,154] {dag.py:2389} INFO - Sync 1 DAGs
[2021-10-16 01:05:19,184] {logging_mixin.py:109} INFO - [2021-10-16 01:05:19,184] {dag.py:2914} INFO - Setting next_dagrun for example_dag_decorator to None
[2021-10-16 01:05:19,209] {processor.py:171} INFO - Processing /home/airflow/.local/lib/python3.6/site-packages/airflow/example_dags/example_dag_decorator.py took 1.485 seconds
[2021-10-16 01:05:49,443] {processor.py:163} INFO - Started process (PID=1392) to work on /home/airflow/.local/lib/python3.6/site-packages/airflow/example_dags/example_dag_decorator.py
[2021-10-16 01:05:49,447] {processor.py:620} INFO - Processing file /home/airflow/.local/lib/python3.6/site-packages/airflow/example_dags/example_dag_decorator.py for tasks to queue
[2021-10-16 01:05:49,449] {logging_mixin.py:109} INFO - [2021-10-16 01:05:49,449] {dagbag.py:500} INFO - Filling up the DagBag from /home/airflow/.local/lib/python3.6/site-packages/airflow/example_dags/example_dag_decorator.py
[2021-10-16 01:05:49,509] {processor.py:632} INFO - DAG(s) dict_keys(['example_dag_decorator']) retrieved from /home/airflow/.local/lib/python3.6/site-packages/airflow/example_dags/example_dag_decorator.py
[2021-10-16 01:05:49,728] {logging_mixin.py:109} INFO - [2021-10-16 01:05:49,728] {dag.py:2389} INFO - Sync 1 DAGs
[2021-10-16 01:05:49,743] {logging_mixin.py:109} INFO - [2021-10-16 01:05:49,743] {dag.py:2914} INFO - Setting next_dagrun for example_dag_decorator to None
[2021-10-16 01:05:49,755] {processor.py:171} INFO - Processing /home/airflow/.local/lib/python3.6/site-packages/airflow/example_dags/example_dag_decorator.py took 0.317 seconds
[2021-10-16 01:06:19,980] {processor.py:163} INFO - Started process (PID=1454) to work on /home/airflow/.local/lib/python3.6/site-packages/airflow/example_dags/example_dag_decorator.py
[2021-10-16 01:06:19,984] {processor.py:620} INFO - Processing file /home/airflow/.local/lib/python3.6/site-packages/airflow/example_dags/example_dag_decorator.py for tasks to queue
[2021-10-16 01:06:19,987] {logging_mixin.py:109} INFO - [2021-10-16 01:06:19,987] {dagbag.py:500} INFO - Filling up the DagBag from /home/airflow/.local/lib/python3.6/site-packages/airflow/example_dags/example_dag_decorator.py
[2021-10-16 01:06:20,093] {processor.py:632} INFO - DAG(s) dict_keys(['example_dag_decorator']) retrieved from /home/airflow/.local/lib/python3.6/site-packages/airflow/example_dags/example_dag_decorator.py
[2021-10-16 01:06:20,452] {logging_mixin.py:109} INFO - [2021-10-16 01:06:20,452] {dag.py:2389} INFO - Sync 1 DAGs
[2021-10-16 01:06:20,482] {logging_mixin.py:109} INFO - [2021-10-16 01:06:20,482] {dag.py:2914} INFO - Setting next_dagrun for example_dag_decorator to None
[2021-10-16 01:06:20,501] {processor.py:171} INFO - Processing /home/airflow/.local/lib/python3.6/site-packages/airflow/example_dags/example_dag_decorator.py took 0.524 seconds
[2021-10-16 01:06:50,622] {processor.py:163} INFO - Started process (PID=1512) to work on /home/airflow/.local/lib/python3.6/site-packages/airflow/example_dags/example_dag_decorator.py
[2021-10-16 01:06:50,641] {processor.py:620} INFO - Processing file /home/airflow/.local/lib/python3.6/site-packages/airflow/example_dags/example_dag_decorator.py for tasks to queue
[2021-10-16 01:06:50,644] {logging_mixin.py:109} INFO - [2021-10-16 01:06:50,643] {dagbag.py:500} INFO - Filling up the DagBag from /home/airflow/.local/lib/python3.6/site-packages/airflow/example_dags/example_dag_decorator.py
[2021-10-16 01:06:50,776] {processor.py:632} INFO - DAG(s) dict_keys(['example_dag_decorator']) retrieved from /home/airflow/.local/lib/python3.6/site-packages/airflow/example_dags/example_dag_decorator.py
[2021-10-16 01:06:51,107] {logging_mixin.py:109} INFO - [2021-10-16 01:06:51,107] {dag.py:2389} INFO - Sync 1 DAGs
[2021-10-16 01:06:51,129] {logging_mixin.py:109} INFO - [2021-10-16 01:06:51,129] {dag.py:2914} INFO - Setting next_dagrun for example_dag_decorator to None
[2021-10-16 01:06:51,148] {processor.py:171} INFO - Processing /home/airflow/.local/lib/python3.6/site-packages/airflow/example_dags/example_dag_decorator.py took 0.539 seconds
[2021-10-16 01:07:22,005] {processor.py:163} INFO - Started process (PID=1566) to work on /home/airflow/.local/lib/python3.6/site-packages/airflow/example_dags/example_dag_decorator.py
[2021-10-16 01:07:22,014] {processor.py:620} INFO - Processing file /home/airflow/.local/lib/python3.6/site-packages/airflow/example_dags/example_dag_decorator.py for tasks to queue
[2021-10-16 01:07:22,018] {logging_mixin.py:109} INFO - [2021-10-16 01:07:22,017] {dagbag.py:500} INFO - Filling up the DagBag from /home/airflow/.local/lib/python3.6/site-packages/airflow/example_dags/example_dag_decorator.py
[2021-10-16 01:07:22,115] {processor.py:632} INFO - DAG(s) dict_keys(['example_dag_decorator']) retrieved from /home/airflow/.local/lib/python3.6/site-packages/airflow/example_dags/example_dag_decorator.py
[2021-10-16 01:07:22,634] {logging_mixin.py:109} INFO - [2021-10-16 01:07:22,633] {dag.py:2389} INFO - Sync 1 DAGs
[2021-10-16 01:07:22,675] {logging_mixin.py:109} INFO - [2021-10-16 01:07:22,674] {dag.py:2914} INFO - Setting next_dagrun for example_dag_decorator to None
[2021-10-16 01:07:22,705] {processor.py:171} INFO - Processing /home/airflow/.local/lib/python3.6/site-packages/airflow/example_dags/example_dag_decorator.py took 0.713 seconds
[2021-10-16 01:07:53,668] {processor.py:163} INFO - Started process (PID=1623) to work on /home/airflow/.local/lib/python3.6/site-packages/airflow/example_dags/example_dag_decorator.py
[2021-10-16 01:07:53,674] {processor.py:620} INFO - Processing file /home/airflow/.local/lib/python3.6/site-packages/airflow/example_dags/example_dag_decorator.py for tasks to queue
[2021-10-16 01:07:53,676] {logging_mixin.py:109} INFO - [2021-10-16 01:07:53,676] {dagbag.py:500} INFO - Filling up the DagBag from /home/airflow/.local/lib/python3.6/site-packages/airflow/example_dags/example_dag_decorator.py
[2021-10-16 01:07:53,730] {processor.py:632} INFO - DAG(s) dict_keys(['example_dag_decorator']) retrieved from /home/airflow/.local/lib/python3.6/site-packages/airflow/example_dags/example_dag_decorator.py
[2021-10-16 01:07:53,988] {logging_mixin.py:109} INFO - [2021-10-16 01:07:53,988] {dag.py:2389} INFO - Sync 1 DAGs
[2021-10-16 01:07:54,012] {logging_mixin.py:109} INFO - [2021-10-16 01:07:54,012] {dag.py:2914} INFO - Setting next_dagrun for example_dag_decorator to None
[2021-10-16 01:07:54,032] {processor.py:171} INFO - Processing /home/airflow/.local/lib/python3.6/site-packages/airflow/example_dags/example_dag_decorator.py took 0.368 seconds
[2021-10-16 01:08:24,893] {processor.py:163} INFO - Started process (PID=1690) to work on /home/airflow/.local/lib/python3.6/site-packages/airflow/example_dags/example_dag_decorator.py
[2021-10-16 01:08:24,896] {processor.py:620} INFO - Processing file /home/airflow/.local/lib/python3.6/site-packages/airflow/example_dags/example_dag_decorator.py for tasks to queue
[2021-10-16 01:08:24,899] {logging_mixin.py:109} INFO - [2021-10-16 01:08:24,899] {dagbag.py:500} INFO - Filling up the DagBag from /home/airflow/.local/lib/python3.6/site-packages/airflow/example_dags/example_dag_decorator.py
[2021-10-16 01:08:24,969] {processor.py:632} INFO - DAG(s) dict_keys(['example_dag_decorator']) retrieved from /home/airflow/.local/lib/python3.6/site-packages/airflow/example_dags/example_dag_decorator.py
[2021-10-16 01:08:25,260] {logging_mixin.py:109} INFO - [2021-10-16 01:08:25,260] {dag.py:2389} INFO - Sync 1 DAGs
[2021-10-16 01:08:25,275] {logging_mixin.py:109} INFO - [2021-10-16 01:08:25,275] {dag.py:2914} INFO - Setting next_dagrun for example_dag_decorator to None
[2021-10-16 01:08:25,316] {processor.py:171} INFO - Processing /home/airflow/.local/lib/python3.6/site-packages/airflow/example_dags/example_dag_decorator.py took 0.427 seconds
[2021-10-16 01:08:55,789] {processor.py:163} INFO - Started process (PID=1744) to work on /home/airflow/.local/lib/python3.6/site-packages/airflow/example_dags/example_dag_decorator.py
[2021-10-16 01:08:55,794] {processor.py:620} INFO - Processing file /home/airflow/.local/lib/python3.6/site-packages/airflow/example_dags/example_dag_decorator.py for tasks to queue
[2021-10-16 01:08:55,800] {logging_mixin.py:109} INFO - [2021-10-16 01:08:55,800] {dagbag.py:500} INFO - Filling up the DagBag from /home/airflow/.local/lib/python3.6/site-packages/airflow/example_dags/example_dag_decorator.py
[2021-10-16 01:08:55,902] {processor.py:632} INFO - DAG(s) dict_keys(['example_dag_decorator']) retrieved from /home/airflow/.local/lib/python3.6/site-packages/airflow/example_dags/example_dag_decorator.py
[2021-10-16 01:08:56,207] {logging_mixin.py:109} INFO - [2021-10-16 01:08:56,206] {dag.py:2389} INFO - Sync 1 DAGs
[2021-10-16 01:08:56,221] {logging_mixin.py:109} INFO - [2021-10-16 01:08:56,221] {dag.py:2914} INFO - Setting next_dagrun for example_dag_decorator to None
[2021-10-16 01:08:56,237] {processor.py:171} INFO - Processing /home/airflow/.local/lib/python3.6/site-packages/airflow/example_dags/example_dag_decorator.py took 0.452 seconds
[2021-10-16 01:09:27,062] {processor.py:163} INFO - Started process (PID=1814) to work on /home/airflow/.local/lib/python3.6/site-packages/airflow/example_dags/example_dag_decorator.py
[2021-10-16 01:09:27,064] {processor.py:620} INFO - Processing file /home/airflow/.local/lib/python3.6/site-packages/airflow/example_dags/example_dag_decorator.py for tasks to queue
[2021-10-16 01:09:27,077] {logging_mixin.py:109} INFO - [2021-10-16 01:09:27,077] {dagbag.py:500} INFO - Filling up the DagBag from /home/airflow/.local/lib/python3.6/site-packages/airflow/example_dags/example_dag_decorator.py
[2021-10-16 01:09:27,179] {processor.py:632} INFO - DAG(s) dict_keys(['example_dag_decorator']) retrieved from /home/airflow/.local/lib/python3.6/site-packages/airflow/example_dags/example_dag_decorator.py
[2021-10-16 01:09:27,454] {logging_mixin.py:109} INFO - [2021-10-16 01:09:27,454] {dag.py:2389} INFO - Sync 1 DAGs
[2021-10-16 01:09:27,474] {logging_mixin.py:109} INFO - [2021-10-16 01:09:27,474] {dag.py:2914} INFO - Setting next_dagrun for example_dag_decorator to None
[2021-10-16 01:09:27,493] {processor.py:171} INFO - Processing /home/airflow/.local/lib/python3.6/site-packages/airflow/example_dags/example_dag_decorator.py took 0.450 seconds
[2021-10-16 01:09:58,360] {processor.py:163} INFO - Started process (PID=1867) to work on /home/airflow/.local/lib/python3.6/site-packages/airflow/example_dags/example_dag_decorator.py
[2021-10-16 01:09:58,367] {processor.py:620} INFO - Processing file /home/airflow/.local/lib/python3.6/site-packages/airflow/example_dags/example_dag_decorator.py for tasks to queue
[2021-10-16 01:09:58,368] {logging_mixin.py:109} INFO - [2021-10-16 01:09:58,368] {dagbag.py:500} INFO - Filling up the DagBag from /home/airflow/.local/lib/python3.6/site-packages/airflow/example_dags/example_dag_decorator.py
[2021-10-16 01:09:58,414] {processor.py:632} INFO - DAG(s) dict_keys(['example_dag_decorator']) retrieved from /home/airflow/.local/lib/python3.6/site-packages/airflow/example_dags/example_dag_decorator.py
[2021-10-16 01:09:58,426] {logging_mixin.py:109} INFO - [2021-10-16 01:09:58,426] {dag.py:2389} INFO - Sync 1 DAGs
[2021-10-16 01:09:58,442] {logging_mixin.py:109} INFO - [2021-10-16 01:09:58,442] {dag.py:2914} INFO - Setting next_dagrun for example_dag_decorator to None
[2021-10-16 01:09:58,453] {processor.py:171} INFO - Processing /home/airflow/.local/lib/python3.6/site-packages/airflow/example_dags/example_dag_decorator.py took 0.098 seconds
[2021-10-16 01:10:28,668] {processor.py:163} INFO - Started process (PID=1920) to work on /home/airflow/.local/lib/python3.6/site-packages/airflow/example_dags/example_dag_decorator.py
[2021-10-16 01:10:28,673] {processor.py:620} INFO - Processing file /home/airflow/.local/lib/python3.6/site-packages/airflow/example_dags/example_dag_decorator.py for tasks to queue
[2021-10-16 01:10:28,675] {logging_mixin.py:109} INFO - [2021-10-16 01:10:28,674] {dagbag.py:500} INFO - Filling up the DagBag from /home/airflow/.local/lib/python3.6/site-packages/airflow/example_dags/example_dag_decorator.py
[2021-10-16 01:10:28,727] {processor.py:632} INFO - DAG(s) dict_keys(['example_dag_decorator']) retrieved from /home/airflow/.local/lib/python3.6/site-packages/airflow/example_dags/example_dag_decorator.py
[2021-10-16 01:10:29,099] {logging_mixin.py:109} INFO - [2021-10-16 01:10:29,098] {dag.py:2389} INFO - Sync 1 DAGs
[2021-10-16 01:10:29,123] {logging_mixin.py:109} INFO - [2021-10-16 01:10:29,123] {dag.py:2914} INFO - Setting next_dagrun for example_dag_decorator to None
[2021-10-16 01:10:29,189] {processor.py:171} INFO - Processing /home/airflow/.local/lib/python3.6/site-packages/airflow/example_dags/example_dag_decorator.py took 0.534 seconds
[2021-10-16 01:10:59,464] {processor.py:163} INFO - Started process (PID=1988) to work on /home/airflow/.local/lib/python3.6/site-packages/airflow/example_dags/example_dag_decorator.py
[2021-10-16 01:10:59,470] {processor.py:620} INFO - Processing file /home/airflow/.local/lib/python3.6/site-packages/airflow/example_dags/example_dag_decorator.py for tasks to queue
[2021-10-16 01:10:59,471] {logging_mixin.py:109} INFO - [2021-10-16 01:10:59,471] {dagbag.py:500} INFO - Filling up the DagBag from /home/airflow/.local/lib/python3.6/site-packages/airflow/example_dags/example_dag_decorator.py
[2021-10-16 01:10:59,698] {processor.py:632} INFO - DAG(s) dict_keys(['example_dag_decorator']) retrieved from /home/airflow/.local/lib/python3.6/site-packages/airflow/example_dags/example_dag_decorator.py
[2021-10-16 01:11:00,233] {logging_mixin.py:109} INFO - [2021-10-16 01:11:00,233] {dag.py:2389} INFO - Sync 1 DAGs
[2021-10-16 01:11:00,256] {logging_mixin.py:109} INFO - [2021-10-16 01:11:00,256] {dag.py:2914} INFO - Setting next_dagrun for example_dag_decorator to None
[2021-10-16 01:11:00,283] {processor.py:171} INFO - Processing /home/airflow/.local/lib/python3.6/site-packages/airflow/example_dags/example_dag_decorator.py took 0.823 seconds
[2021-10-16 01:11:30,629] {processor.py:163} INFO - Started process (PID=2042) to work on /home/airflow/.local/lib/python3.6/site-packages/airflow/example_dags/example_dag_decorator.py
[2021-10-16 01:11:30,631] {processor.py:620} INFO - Processing file /home/airflow/.local/lib/python3.6/site-packages/airflow/example_dags/example_dag_decorator.py for tasks to queue
[2021-10-16 01:11:30,633] {logging_mixin.py:109} INFO - [2021-10-16 01:11:30,633] {dagbag.py:500} INFO - Filling up the DagBag from /home/airflow/.local/lib/python3.6/site-packages/airflow/example_dags/example_dag_decorator.py
[2021-10-16 01:11:30,674] {processor.py:632} INFO - DAG(s) dict_keys(['example_dag_decorator']) retrieved from /home/airflow/.local/lib/python3.6/site-packages/airflow/example_dags/example_dag_decorator.py
[2021-10-16 01:11:30,690] {logging_mixin.py:109} INFO - [2021-10-16 01:11:30,690] {dag.py:2389} INFO - Sync 1 DAGs
[2021-10-16 01:11:30,705] {logging_mixin.py:109} INFO - [2021-10-16 01:11:30,705] {dag.py:2914} INFO - Setting next_dagrun for example_dag_decorator to None
[2021-10-16 01:11:30,721] {processor.py:171} INFO - Processing /home/airflow/.local/lib/python3.6/site-packages/airflow/example_dags/example_dag_decorator.py took 0.098 seconds
[2021-10-16 01:12:00,841] {processor.py:163} INFO - Started process (PID=2096) to work on /home/airflow/.local/lib/python3.6/site-packages/airflow/example_dags/example_dag_decorator.py
[2021-10-16 01:12:00,844] {processor.py:620} INFO - Processing file /home/airflow/.local/lib/python3.6/site-packages/airflow/example_dags/example_dag_decorator.py for tasks to queue
[2021-10-16 01:12:00,846] {logging_mixin.py:109} INFO - [2021-10-16 01:12:00,846] {dagbag.py:500} INFO - Filling up the DagBag from /home/airflow/.local/lib/python3.6/site-packages/airflow/example_dags/example_dag_decorator.py
[2021-10-16 01:12:00,898] {processor.py:632} INFO - DAG(s) dict_keys(['example_dag_decorator']) retrieved from /home/airflow/.local/lib/python3.6/site-packages/airflow/example_dags/example_dag_decorator.py
[2021-10-16 01:12:01,113] {logging_mixin.py:109} INFO - [2021-10-16 01:12:01,113] {dag.py:2389} INFO - Sync 1 DAGs
[2021-10-16 01:12:01,134] {logging_mixin.py:109} INFO - [2021-10-16 01:12:01,133] {dag.py:2914} INFO - Setting next_dagrun for example_dag_decorator to None
[2021-10-16 01:12:01,146] {processor.py:171} INFO - Processing /home/airflow/.local/lib/python3.6/site-packages/airflow/example_dags/example_dag_decorator.py took 0.313 seconds
[2021-10-16 01:12:31,216] {processor.py:163} INFO - Started process (PID=2153) to work on /home/airflow/.local/lib/python3.6/site-packages/airflow/example_dags/example_dag_decorator.py
[2021-10-16 01:12:31,219] {processor.py:620} INFO - Processing file /home/airflow/.local/lib/python3.6/site-packages/airflow/example_dags/example_dag_decorator.py for tasks to queue
[2021-10-16 01:12:31,221] {logging_mixin.py:109} INFO - [2021-10-16 01:12:31,221] {dagbag.py:500} INFO - Filling up the DagBag from /home/airflow/.local/lib/python3.6/site-packages/airflow/example_dags/example_dag_decorator.py
[2021-10-16 01:12:31,266] {processor.py:632} INFO - DAG(s) dict_keys(['example_dag_decorator']) retrieved from /home/airflow/.local/lib/python3.6/site-packages/airflow/example_dags/example_dag_decorator.py
[2021-10-16 01:12:31,534] {logging_mixin.py:109} INFO - [2021-10-16 01:12:31,534] {dag.py:2389} INFO - Sync 1 DAGs
[2021-10-16 01:12:31,550] {logging_mixin.py:109} INFO - [2021-10-16 01:12:31,550] {dag.py:2914} INFO - Setting next_dagrun for example_dag_decorator to None
[2021-10-16 01:12:31,561] {processor.py:171} INFO - Processing /home/airflow/.local/lib/python3.6/site-packages/airflow/example_dags/example_dag_decorator.py took 0.350 seconds
[2021-10-16 01:13:01,729] {processor.py:163} INFO - Started process (PID=2206) to work on /home/airflow/.local/lib/python3.6/site-packages/airflow/example_dags/example_dag_decorator.py
[2021-10-16 01:13:01,732] {processor.py:620} INFO - Processing file /home/airflow/.local/lib/python3.6/site-packages/airflow/example_dags/example_dag_decorator.py for tasks to queue
[2021-10-16 01:13:01,741] {logging_mixin.py:109} INFO - [2021-10-16 01:13:01,741] {dagbag.py:500} INFO - Filling up the DagBag from /home/airflow/.local/lib/python3.6/site-packages/airflow/example_dags/example_dag_decorator.py
[2021-10-16 01:13:01,806] {processor.py:632} INFO - DAG(s) dict_keys(['example_dag_decorator']) retrieved from /home/airflow/.local/lib/python3.6/site-packages/airflow/example_dags/example_dag_decorator.py
[2021-10-16 01:13:03,549] {logging_mixin.py:109} INFO - [2021-10-16 01:13:03,549] {dag.py:2389} INFO - Sync 1 DAGs
[2021-10-16 01:13:03,718] {logging_mixin.py:109} INFO - [2021-10-16 01:13:03,718] {dag.py:2914} INFO - Setting next_dagrun for example_dag_decorator to None
[2021-10-16 01:13:03,847] {processor.py:171} INFO - Processing /home/airflow/.local/lib/python3.6/site-packages/airflow/example_dags/example_dag_decorator.py took 2.145 seconds
[2021-10-16 01:13:34,139] {processor.py:163} INFO - Started process (PID=2273) to work on /home/airflow/.local/lib/python3.6/site-packages/airflow/example_dags/example_dag_decorator.py
[2021-10-16 01:13:34,142] {processor.py:620} INFO - Processing file /home/airflow/.local/lib/python3.6/site-packages/airflow/example_dags/example_dag_decorator.py for tasks to queue
[2021-10-16 01:13:34,144] {logging_mixin.py:109} INFO - [2021-10-16 01:13:34,143] {dagbag.py:500} INFO - Filling up the DagBag from /home/airflow/.local/lib/python3.6/site-packages/airflow/example_dags/example_dag_decorator.py
[2021-10-16 01:13:34,227] {processor.py:632} INFO - DAG(s) dict_keys(['example_dag_decorator']) retrieved from /home/airflow/.local/lib/python3.6/site-packages/airflow/example_dags/example_dag_decorator.py
[2021-10-16 01:13:34,661] {logging_mixin.py:109} INFO - [2021-10-16 01:13:34,661] {dag.py:2389} INFO - Sync 1 DAGs
[2021-10-16 01:13:34,726] {logging_mixin.py:109} INFO - [2021-10-16 01:13:34,726] {dag.py:2914} INFO - Setting next_dagrun for example_dag_decorator to None
[2021-10-16 01:13:34,771] {processor.py:171} INFO - Processing /home/airflow/.local/lib/python3.6/site-packages/airflow/example_dags/example_dag_decorator.py took 0.653 seconds
[2021-10-16 01:14:05,703] {processor.py:163} INFO - Started process (PID=2328) to work on /home/airflow/.local/lib/python3.6/site-packages/airflow/example_dags/example_dag_decorator.py
[2021-10-16 01:14:05,762] {processor.py:620} INFO - Processing file /home/airflow/.local/lib/python3.6/site-packages/airflow/example_dags/example_dag_decorator.py for tasks to queue
[2021-10-16 01:14:05,774] {logging_mixin.py:109} INFO - [2021-10-16 01:14:05,774] {dagbag.py:500} INFO - Filling up the DagBag from /home/airflow/.local/lib/python3.6/site-packages/airflow/example_dags/example_dag_decorator.py
[2021-10-16 01:14:06,476] {processor.py:632} INFO - DAG(s) dict_keys(['example_dag_decorator']) retrieved from /home/airflow/.local/lib/python3.6/site-packages/airflow/example_dags/example_dag_decorator.py
[2021-10-16 01:14:08,851] {logging_mixin.py:109} INFO - [2021-10-16 01:14:08,851] {dag.py:2389} INFO - Sync 1 DAGs
[2021-10-16 01:14:09,024] {logging_mixin.py:109} INFO - [2021-10-16 01:14:09,024] {dag.py:2914} INFO - Setting next_dagrun for example_dag_decorator to None
[2021-10-16 01:14:09,092] {processor.py:171} INFO - Processing /home/airflow/.local/lib/python3.6/site-packages/airflow/example_dags/example_dag_decorator.py took 3.483 seconds
[2021-10-16 01:14:39,451] {processor.py:163} INFO - Started process (PID=2384) to work on /home/airflow/.local/lib/python3.6/site-packages/airflow/example_dags/example_dag_decorator.py
[2021-10-16 01:14:39,476] {processor.py:620} INFO - Processing file /home/airflow/.local/lib/python3.6/site-packages/airflow/example_dags/example_dag_decorator.py for tasks to queue
[2021-10-16 01:14:39,480] {logging_mixin.py:109} INFO - [2021-10-16 01:14:39,479] {dagbag.py:500} INFO - Filling up the DagBag from /home/airflow/.local/lib/python3.6/site-packages/airflow/example_dags/example_dag_decorator.py
[2021-10-16 01:14:39,966] {processor.py:632} INFO - DAG(s) dict_keys(['example_dag_decorator']) retrieved from /home/airflow/.local/lib/python3.6/site-packages/airflow/example_dags/example_dag_decorator.py
[2021-10-16 01:14:40,678] {logging_mixin.py:109} INFO - [2021-10-16 01:14:40,677] {dag.py:2389} INFO - Sync 1 DAGs
[2021-10-16 01:14:40,701] {logging_mixin.py:109} INFO - [2021-10-16 01:14:40,700] {dag.py:2914} INFO - Setting next_dagrun for example_dag_decorator to None
[2021-10-16 01:14:40,721] {processor.py:171} INFO - Processing /home/airflow/.local/lib/python3.6/site-packages/airflow/example_dags/example_dag_decorator.py took 1.294 seconds
[2021-10-16 01:15:11,431] {processor.py:163} INFO - Started process (PID=2442) to work on /home/airflow/.local/lib/python3.6/site-packages/airflow/example_dags/example_dag_decorator.py
[2021-10-16 01:15:11,436] {processor.py:620} INFO - Processing file /home/airflow/.local/lib/python3.6/site-packages/airflow/example_dags/example_dag_decorator.py for tasks to queue
[2021-10-16 01:15:11,439] {logging_mixin.py:109} INFO - [2021-10-16 01:15:11,439] {dagbag.py:500} INFO - Filling up the DagBag from /home/airflow/.local/lib/python3.6/site-packages/airflow/example_dags/example_dag_decorator.py
[2021-10-16 01:15:11,538] {processor.py:632} INFO - DAG(s) dict_keys(['example_dag_decorator']) retrieved from /home/airflow/.local/lib/python3.6/site-packages/airflow/example_dags/example_dag_decorator.py
[2021-10-16 01:15:12,637] {logging_mixin.py:109} INFO - [2021-10-16 01:15:12,637] {dag.py:2389} INFO - Sync 1 DAGs
[2021-10-16 01:15:12,726] {logging_mixin.py:109} INFO - [2021-10-16 01:15:12,719] {dag.py:2914} INFO - Setting next_dagrun for example_dag_decorator to None
