[2021-10-16 00:53:56,704] {processor.py:163} INFO - Started process (PID=67) to work on /home/airflow/.local/lib/python3.6/site-packages/airflow/example_dags/example_latest_only_with_trigger.py
[2021-10-16 00:53:56,714] {processor.py:620} INFO - Processing file /home/airflow/.local/lib/python3.6/site-packages/airflow/example_dags/example_latest_only_with_trigger.py for tasks to queue
[2021-10-16 00:53:56,724] {logging_mixin.py:109} INFO - [2021-10-16 00:53:56,724] {dagbag.py:500} INFO - Filling up the DagBag from /home/airflow/.local/lib/python3.6/site-packages/airflow/example_dags/example_latest_only_with_trigger.py
[2021-10-16 00:53:57,257] {processor.py:632} INFO - DAG(s) dict_keys(['latest_only_with_trigger']) retrieved from /home/airflow/.local/lib/python3.6/site-packages/airflow/example_dags/example_latest_only_with_trigger.py
[2021-10-16 00:53:57,309] {logging_mixin.py:109} INFO - [2021-10-16 00:53:57,309] {dag.py:2389} INFO - Sync 1 DAGs
[2021-10-16 00:53:57,380] {logging_mixin.py:109} INFO - [2021-10-16 00:53:57,380] {dag.py:2914} INFO - Setting next_dagrun for latest_only_with_trigger to 2021-10-15T20:53:57.380105+00:00
[2021-10-16 00:53:57,425] {processor.py:171} INFO - Processing /home/airflow/.local/lib/python3.6/site-packages/airflow/example_dags/example_latest_only_with_trigger.py took 0.748 seconds
[2021-10-16 00:54:29,160] {processor.py:163} INFO - Started process (PID=119) to work on /home/airflow/.local/lib/python3.6/site-packages/airflow/example_dags/example_latest_only_with_trigger.py
[2021-10-16 00:54:29,166] {processor.py:620} INFO - Processing file /home/airflow/.local/lib/python3.6/site-packages/airflow/example_dags/example_latest_only_with_trigger.py for tasks to queue
[2021-10-16 00:54:29,170] {logging_mixin.py:109} INFO - [2021-10-16 00:54:29,170] {dagbag.py:500} INFO - Filling up the DagBag from /home/airflow/.local/lib/python3.6/site-packages/airflow/example_dags/example_latest_only_with_trigger.py
[2021-10-16 00:54:29,260] {processor.py:632} INFO - DAG(s) dict_keys(['latest_only_with_trigger']) retrieved from /home/airflow/.local/lib/python3.6/site-packages/airflow/example_dags/example_latest_only_with_trigger.py
[2021-10-16 00:54:29,282] {logging_mixin.py:109} INFO - [2021-10-16 00:54:29,282] {dag.py:2389} INFO - Sync 1 DAGs
[2021-10-16 00:54:29,323] {logging_mixin.py:109} INFO - [2021-10-16 00:54:29,320] {dag.py:2914} INFO - Setting next_dagrun for latest_only_with_trigger to 2021-10-15T20:54:29.320650+00:00
[2021-10-16 00:54:29,340] {processor.py:171} INFO - Processing /home/airflow/.local/lib/python3.6/site-packages/airflow/example_dags/example_latest_only_with_trigger.py took 0.195 seconds
[2021-10-16 00:55:00,161] {processor.py:163} INFO - Started process (PID=172) to work on /home/airflow/.local/lib/python3.6/site-packages/airflow/example_dags/example_latest_only_with_trigger.py
[2021-10-16 00:55:00,163] {processor.py:620} INFO - Processing file /home/airflow/.local/lib/python3.6/site-packages/airflow/example_dags/example_latest_only_with_trigger.py for tasks to queue
[2021-10-16 00:55:00,166] {logging_mixin.py:109} INFO - [2021-10-16 00:55:00,166] {dagbag.py:500} INFO - Filling up the DagBag from /home/airflow/.local/lib/python3.6/site-packages/airflow/example_dags/example_latest_only_with_trigger.py
[2021-10-16 00:55:00,233] {processor.py:632} INFO - DAG(s) dict_keys(['latest_only_with_trigger']) retrieved from /home/airflow/.local/lib/python3.6/site-packages/airflow/example_dags/example_latest_only_with_trigger.py
[2021-10-16 00:55:00,267] {logging_mixin.py:109} INFO - [2021-10-16 00:55:00,266] {dag.py:2389} INFO - Sync 1 DAGs
[2021-10-16 00:55:00,315] {logging_mixin.py:109} INFO - [2021-10-16 00:55:00,315] {dag.py:2914} INFO - Setting next_dagrun for latest_only_with_trigger to 2021-10-15T20:55:00.315120+00:00
[2021-10-16 00:55:00,332] {processor.py:171} INFO - Processing /home/airflow/.local/lib/python3.6/site-packages/airflow/example_dags/example_latest_only_with_trigger.py took 0.178 seconds
[2021-10-16 00:55:30,925] {processor.py:163} INFO - Started process (PID=227) to work on /home/airflow/.local/lib/python3.6/site-packages/airflow/example_dags/example_latest_only_with_trigger.py
[2021-10-16 00:55:30,928] {processor.py:620} INFO - Processing file /home/airflow/.local/lib/python3.6/site-packages/airflow/example_dags/example_latest_only_with_trigger.py for tasks to queue
[2021-10-16 00:55:30,932] {logging_mixin.py:109} INFO - [2021-10-16 00:55:30,931] {dagbag.py:500} INFO - Filling up the DagBag from /home/airflow/.local/lib/python3.6/site-packages/airflow/example_dags/example_latest_only_with_trigger.py
[2021-10-16 00:55:30,964] {processor.py:632} INFO - DAG(s) dict_keys(['latest_only_with_trigger']) retrieved from /home/airflow/.local/lib/python3.6/site-packages/airflow/example_dags/example_latest_only_with_trigger.py
[2021-10-16 00:55:30,981] {logging_mixin.py:109} INFO - [2021-10-16 00:55:30,981] {dag.py:2389} INFO - Sync 1 DAGs
[2021-10-16 00:55:30,998] {logging_mixin.py:109} INFO - [2021-10-16 00:55:30,998] {dag.py:2914} INFO - Setting next_dagrun for latest_only_with_trigger to 2021-10-15T20:55:30.998036+00:00
[2021-10-16 00:55:31,008] {processor.py:171} INFO - Processing /home/airflow/.local/lib/python3.6/site-packages/airflow/example_dags/example_latest_only_with_trigger.py took 0.095 seconds
[2021-10-16 00:56:01,366] {processor.py:163} INFO - Started process (PID=293) to work on /home/airflow/.local/lib/python3.6/site-packages/airflow/example_dags/example_latest_only_with_trigger.py
[2021-10-16 00:56:01,375] {processor.py:620} INFO - Processing file /home/airflow/.local/lib/python3.6/site-packages/airflow/example_dags/example_latest_only_with_trigger.py for tasks to queue
[2021-10-16 00:56:01,377] {logging_mixin.py:109} INFO - [2021-10-16 00:56:01,376] {dagbag.py:500} INFO - Filling up the DagBag from /home/airflow/.local/lib/python3.6/site-packages/airflow/example_dags/example_latest_only_with_trigger.py
[2021-10-16 00:56:01,432] {processor.py:632} INFO - DAG(s) dict_keys(['latest_only_with_trigger']) retrieved from /home/airflow/.local/lib/python3.6/site-packages/airflow/example_dags/example_latest_only_with_trigger.py
[2021-10-16 00:56:01,449] {logging_mixin.py:109} INFO - [2021-10-16 00:56:01,449] {dag.py:2389} INFO - Sync 1 DAGs
[2021-10-16 00:56:01,475] {logging_mixin.py:109} INFO - [2021-10-16 00:56:01,475] {dag.py:2914} INFO - Setting next_dagrun for latest_only_with_trigger to 2021-10-15T20:56:01.474876+00:00
[2021-10-16 00:56:01,485] {processor.py:171} INFO - Processing /home/airflow/.local/lib/python3.6/site-packages/airflow/example_dags/example_latest_only_with_trigger.py took 0.124 seconds
[2021-10-16 00:56:32,326] {processor.py:163} INFO - Started process (PID=347) to work on /home/airflow/.local/lib/python3.6/site-packages/airflow/example_dags/example_latest_only_with_trigger.py
[2021-10-16 00:56:32,328] {processor.py:620} INFO - Processing file /home/airflow/.local/lib/python3.6/site-packages/airflow/example_dags/example_latest_only_with_trigger.py for tasks to queue
[2021-10-16 00:56:32,330] {logging_mixin.py:109} INFO - [2021-10-16 00:56:32,330] {dagbag.py:500} INFO - Filling up the DagBag from /home/airflow/.local/lib/python3.6/site-packages/airflow/example_dags/example_latest_only_with_trigger.py
[2021-10-16 00:56:32,367] {processor.py:632} INFO - DAG(s) dict_keys(['latest_only_with_trigger']) retrieved from /home/airflow/.local/lib/python3.6/site-packages/airflow/example_dags/example_latest_only_with_trigger.py
[2021-10-16 00:56:32,385] {logging_mixin.py:109} INFO - [2021-10-16 00:56:32,385] {dag.py:2389} INFO - Sync 1 DAGs
[2021-10-16 00:56:32,407] {logging_mixin.py:109} INFO - [2021-10-16 00:56:32,406] {dag.py:2914} INFO - Setting next_dagrun for latest_only_with_trigger to 2021-10-15T20:56:32.406606+00:00
[2021-10-16 00:56:32,419] {processor.py:171} INFO - Processing /home/airflow/.local/lib/python3.6/site-packages/airflow/example_dags/example_latest_only_with_trigger.py took 0.100 seconds
[2021-10-16 00:57:02,949] {processor.py:163} INFO - Started process (PID=402) to work on /home/airflow/.local/lib/python3.6/site-packages/airflow/example_dags/example_latest_only_with_trigger.py
[2021-10-16 00:57:02,952] {processor.py:620} INFO - Processing file /home/airflow/.local/lib/python3.6/site-packages/airflow/example_dags/example_latest_only_with_trigger.py for tasks to queue
[2021-10-16 00:57:02,954] {logging_mixin.py:109} INFO - [2021-10-16 00:57:02,954] {dagbag.py:500} INFO - Filling up the DagBag from /home/airflow/.local/lib/python3.6/site-packages/airflow/example_dags/example_latest_only_with_trigger.py
[2021-10-16 00:57:02,995] {processor.py:632} INFO - DAG(s) dict_keys(['latest_only_with_trigger']) retrieved from /home/airflow/.local/lib/python3.6/site-packages/airflow/example_dags/example_latest_only_with_trigger.py
[2021-10-16 00:57:03,010] {logging_mixin.py:109} INFO - [2021-10-16 00:57:03,010] {dag.py:2389} INFO - Sync 1 DAGs
[2021-10-16 00:57:03,030] {logging_mixin.py:109} INFO - [2021-10-16 00:57:03,030] {dag.py:2914} INFO - Setting next_dagrun for latest_only_with_trigger to 2021-10-15T20:57:03.029902+00:00
[2021-10-16 00:57:03,048] {processor.py:171} INFO - Processing /home/airflow/.local/lib/python3.6/site-packages/airflow/example_dags/example_latest_only_with_trigger.py took 0.104 seconds
[2021-10-16 00:57:33,465] {processor.py:163} INFO - Started process (PID=465) to work on /home/airflow/.local/lib/python3.6/site-packages/airflow/example_dags/example_latest_only_with_trigger.py
[2021-10-16 00:57:33,468] {processor.py:620} INFO - Processing file /home/airflow/.local/lib/python3.6/site-packages/airflow/example_dags/example_latest_only_with_trigger.py for tasks to queue
[2021-10-16 00:57:33,472] {logging_mixin.py:109} INFO - [2021-10-16 00:57:33,472] {dagbag.py:500} INFO - Filling up the DagBag from /home/airflow/.local/lib/python3.6/site-packages/airflow/example_dags/example_latest_only_with_trigger.py
[2021-10-16 00:57:33,525] {processor.py:632} INFO - DAG(s) dict_keys(['latest_only_with_trigger']) retrieved from /home/airflow/.local/lib/python3.6/site-packages/airflow/example_dags/example_latest_only_with_trigger.py
[2021-10-16 00:57:33,547] {logging_mixin.py:109} INFO - [2021-10-16 00:57:33,547] {dag.py:2389} INFO - Sync 1 DAGs
[2021-10-16 00:57:33,582] {logging_mixin.py:109} INFO - [2021-10-16 00:57:33,582] {dag.py:2914} INFO - Setting next_dagrun for latest_only_with_trigger to 2021-10-15T20:57:33.582162+00:00
[2021-10-16 00:57:33,598] {processor.py:171} INFO - Processing /home/airflow/.local/lib/python3.6/site-packages/airflow/example_dags/example_latest_only_with_trigger.py took 0.137 seconds
[2021-10-16 00:58:03,891] {processor.py:163} INFO - Started process (PID=521) to work on /home/airflow/.local/lib/python3.6/site-packages/airflow/example_dags/example_latest_only_with_trigger.py
[2021-10-16 00:58:03,894] {processor.py:620} INFO - Processing file /home/airflow/.local/lib/python3.6/site-packages/airflow/example_dags/example_latest_only_with_trigger.py for tasks to queue
[2021-10-16 00:58:03,897] {logging_mixin.py:109} INFO - [2021-10-16 00:58:03,897] {dagbag.py:500} INFO - Filling up the DagBag from /home/airflow/.local/lib/python3.6/site-packages/airflow/example_dags/example_latest_only_with_trigger.py
[2021-10-16 00:58:03,985] {processor.py:632} INFO - DAG(s) dict_keys(['latest_only_with_trigger']) retrieved from /home/airflow/.local/lib/python3.6/site-packages/airflow/example_dags/example_latest_only_with_trigger.py
[2021-10-16 00:58:04,016] {logging_mixin.py:109} INFO - [2021-10-16 00:58:04,016] {dag.py:2389} INFO - Sync 1 DAGs
[2021-10-16 00:58:04,072] {logging_mixin.py:109} INFO - [2021-10-16 00:58:04,072] {dag.py:2914} INFO - Setting next_dagrun for latest_only_with_trigger to 2021-10-15T20:58:04.071590+00:00
[2021-10-16 00:58:04,101] {processor.py:171} INFO - Processing /home/airflow/.local/lib/python3.6/site-packages/airflow/example_dags/example_latest_only_with_trigger.py took 0.221 seconds
[2021-10-16 00:58:34,529] {processor.py:163} INFO - Started process (PID=574) to work on /home/airflow/.local/lib/python3.6/site-packages/airflow/example_dags/example_latest_only_with_trigger.py
[2021-10-16 00:58:34,538] {processor.py:620} INFO - Processing file /home/airflow/.local/lib/python3.6/site-packages/airflow/example_dags/example_latest_only_with_trigger.py for tasks to queue
[2021-10-16 00:58:34,550] {logging_mixin.py:109} INFO - [2021-10-16 00:58:34,550] {dagbag.py:500} INFO - Filling up the DagBag from /home/airflow/.local/lib/python3.6/site-packages/airflow/example_dags/example_latest_only_with_trigger.py
[2021-10-16 00:58:34,676] {processor.py:632} INFO - DAG(s) dict_keys(['latest_only_with_trigger']) retrieved from /home/airflow/.local/lib/python3.6/site-packages/airflow/example_dags/example_latest_only_with_trigger.py
[2021-10-16 00:58:34,725] {logging_mixin.py:109} INFO - [2021-10-16 00:58:34,725] {dag.py:2389} INFO - Sync 1 DAGs
[2021-10-16 00:58:34,775] {logging_mixin.py:109} INFO - [2021-10-16 00:58:34,775] {dag.py:2914} INFO - Setting next_dagrun for latest_only_with_trigger to 2021-10-15T20:58:34.775563+00:00
[2021-10-16 00:58:34,802] {processor.py:171} INFO - Processing /home/airflow/.local/lib/python3.6/site-packages/airflow/example_dags/example_latest_only_with_trigger.py took 0.303 seconds
[2021-10-16 00:59:05,651] {processor.py:163} INFO - Started process (PID=629) to work on /home/airflow/.local/lib/python3.6/site-packages/airflow/example_dags/example_latest_only_with_trigger.py
[2021-10-16 00:59:05,657] {processor.py:620} INFO - Processing file /home/airflow/.local/lib/python3.6/site-packages/airflow/example_dags/example_latest_only_with_trigger.py for tasks to queue
[2021-10-16 00:59:05,659] {logging_mixin.py:109} INFO - [2021-10-16 00:59:05,659] {dagbag.py:500} INFO - Filling up the DagBag from /home/airflow/.local/lib/python3.6/site-packages/airflow/example_dags/example_latest_only_with_trigger.py
[2021-10-16 00:59:05,691] {processor.py:632} INFO - DAG(s) dict_keys(['latest_only_with_trigger']) retrieved from /home/airflow/.local/lib/python3.6/site-packages/airflow/example_dags/example_latest_only_with_trigger.py
[2021-10-16 00:59:05,708] {logging_mixin.py:109} INFO - [2021-10-16 00:59:05,707] {dag.py:2389} INFO - Sync 1 DAGs
[2021-10-16 00:59:05,738] {logging_mixin.py:109} INFO - [2021-10-16 00:59:05,738] {dag.py:2914} INFO - Setting next_dagrun for latest_only_with_trigger to 2021-10-15T20:59:05.738337+00:00
[2021-10-16 00:59:05,753] {processor.py:171} INFO - Processing /home/airflow/.local/lib/python3.6/site-packages/airflow/example_dags/example_latest_only_with_trigger.py took 0.106 seconds
[2021-10-16 00:59:36,550] {processor.py:163} INFO - Started process (PID=689) to work on /home/airflow/.local/lib/python3.6/site-packages/airflow/example_dags/example_latest_only_with_trigger.py
[2021-10-16 00:59:36,571] {processor.py:620} INFO - Processing file /home/airflow/.local/lib/python3.6/site-packages/airflow/example_dags/example_latest_only_with_trigger.py for tasks to queue
[2021-10-16 00:59:36,574] {logging_mixin.py:109} INFO - [2021-10-16 00:59:36,574] {dagbag.py:500} INFO - Filling up the DagBag from /home/airflow/.local/lib/python3.6/site-packages/airflow/example_dags/example_latest_only_with_trigger.py
[2021-10-16 00:59:36,633] {processor.py:632} INFO - DAG(s) dict_keys(['latest_only_with_trigger']) retrieved from /home/airflow/.local/lib/python3.6/site-packages/airflow/example_dags/example_latest_only_with_trigger.py
[2021-10-16 00:59:36,683] {logging_mixin.py:109} INFO - [2021-10-16 00:59:36,683] {dag.py:2389} INFO - Sync 1 DAGs
[2021-10-16 00:59:36,744] {logging_mixin.py:109} INFO - [2021-10-16 00:59:36,742] {dag.py:2914} INFO - Setting next_dagrun for latest_only_with_trigger to 2021-10-15T20:59:36.742039+00:00
[2021-10-16 00:59:36,768] {processor.py:171} INFO - Processing /home/airflow/.local/lib/python3.6/site-packages/airflow/example_dags/example_latest_only_with_trigger.py took 0.234 seconds
[2021-10-16 01:00:07,322] {processor.py:163} INFO - Started process (PID=743) to work on /home/airflow/.local/lib/python3.6/site-packages/airflow/example_dags/example_latest_only_with_trigger.py
[2021-10-16 01:00:07,329] {processor.py:620} INFO - Processing file /home/airflow/.local/lib/python3.6/site-packages/airflow/example_dags/example_latest_only_with_trigger.py for tasks to queue
[2021-10-16 01:00:07,333] {logging_mixin.py:109} INFO - [2021-10-16 01:00:07,332] {dagbag.py:500} INFO - Filling up the DagBag from /home/airflow/.local/lib/python3.6/site-packages/airflow/example_dags/example_latest_only_with_trigger.py
[2021-10-16 01:00:07,372] {processor.py:632} INFO - DAG(s) dict_keys(['latest_only_with_trigger']) retrieved from /home/airflow/.local/lib/python3.6/site-packages/airflow/example_dags/example_latest_only_with_trigger.py
[2021-10-16 01:00:07,434] {logging_mixin.py:109} INFO - [2021-10-16 01:00:07,434] {dag.py:2389} INFO - Sync 1 DAGs
[2021-10-16 01:00:07,468] {logging_mixin.py:109} INFO - [2021-10-16 01:00:07,468] {dag.py:2914} INFO - Setting next_dagrun for latest_only_with_trigger to 2021-10-15T21:00:07.467902+00:00
[2021-10-16 01:00:07,486] {processor.py:171} INFO - Processing /home/airflow/.local/lib/python3.6/site-packages/airflow/example_dags/example_latest_only_with_trigger.py took 0.168 seconds
[2021-10-16 01:00:37,600] {processor.py:163} INFO - Started process (PID=807) to work on /home/airflow/.local/lib/python3.6/site-packages/airflow/example_dags/example_latest_only_with_trigger.py
[2021-10-16 01:00:37,603] {processor.py:620} INFO - Processing file /home/airflow/.local/lib/python3.6/site-packages/airflow/example_dags/example_latest_only_with_trigger.py for tasks to queue
[2021-10-16 01:00:37,606] {logging_mixin.py:109} INFO - [2021-10-16 01:00:37,605] {dagbag.py:500} INFO - Filling up the DagBag from /home/airflow/.local/lib/python3.6/site-packages/airflow/example_dags/example_latest_only_with_trigger.py
[2021-10-16 01:00:37,648] {processor.py:632} INFO - DAG(s) dict_keys(['latest_only_with_trigger']) retrieved from /home/airflow/.local/lib/python3.6/site-packages/airflow/example_dags/example_latest_only_with_trigger.py
[2021-10-16 01:00:37,676] {logging_mixin.py:109} INFO - [2021-10-16 01:00:37,676] {dag.py:2389} INFO - Sync 1 DAGs
[2021-10-16 01:00:37,701] {logging_mixin.py:109} INFO - [2021-10-16 01:00:37,700] {dag.py:2914} INFO - Setting next_dagrun for latest_only_with_trigger to 2021-10-15T21:00:37.700533+00:00
[2021-10-16 01:00:37,722] {processor.py:171} INFO - Processing /home/airflow/.local/lib/python3.6/site-packages/airflow/example_dags/example_latest_only_with_trigger.py took 0.131 seconds
[2021-10-16 01:01:07,923] {processor.py:163} INFO - Started process (PID=863) to work on /home/airflow/.local/lib/python3.6/site-packages/airflow/example_dags/example_latest_only_with_trigger.py
[2021-10-16 01:01:07,926] {processor.py:620} INFO - Processing file /home/airflow/.local/lib/python3.6/site-packages/airflow/example_dags/example_latest_only_with_trigger.py for tasks to queue
[2021-10-16 01:01:07,931] {logging_mixin.py:109} INFO - [2021-10-16 01:01:07,931] {dagbag.py:500} INFO - Filling up the DagBag from /home/airflow/.local/lib/python3.6/site-packages/airflow/example_dags/example_latest_only_with_trigger.py
[2021-10-16 01:01:08,043] {processor.py:632} INFO - DAG(s) dict_keys(['latest_only_with_trigger']) retrieved from /home/airflow/.local/lib/python3.6/site-packages/airflow/example_dags/example_latest_only_with_trigger.py
[2021-10-16 01:01:08,069] {logging_mixin.py:109} INFO - [2021-10-16 01:01:08,069] {dag.py:2389} INFO - Sync 1 DAGs
[2021-10-16 01:01:08,124] {logging_mixin.py:109} INFO - [2021-10-16 01:01:08,124] {dag.py:2914} INFO - Setting next_dagrun for latest_only_with_trigger to 2021-10-15T21:01:08.124315+00:00
[2021-10-16 01:01:08,157] {processor.py:171} INFO - Processing /home/airflow/.local/lib/python3.6/site-packages/airflow/example_dags/example_latest_only_with_trigger.py took 0.244 seconds
[2021-10-16 01:01:38,342] {processor.py:163} INFO - Started process (PID=919) to work on /home/airflow/.local/lib/python3.6/site-packages/airflow/example_dags/example_latest_only_with_trigger.py
[2021-10-16 01:01:38,347] {processor.py:620} INFO - Processing file /home/airflow/.local/lib/python3.6/site-packages/airflow/example_dags/example_latest_only_with_trigger.py for tasks to queue
[2021-10-16 01:01:38,350] {logging_mixin.py:109} INFO - [2021-10-16 01:01:38,350] {dagbag.py:500} INFO - Filling up the DagBag from /home/airflow/.local/lib/python3.6/site-packages/airflow/example_dags/example_latest_only_with_trigger.py
[2021-10-16 01:01:38,410] {processor.py:632} INFO - DAG(s) dict_keys(['latest_only_with_trigger']) retrieved from /home/airflow/.local/lib/python3.6/site-packages/airflow/example_dags/example_latest_only_with_trigger.py
[2021-10-16 01:01:38,436] {logging_mixin.py:109} INFO - [2021-10-16 01:01:38,436] {dag.py:2389} INFO - Sync 1 DAGs
[2021-10-16 01:01:38,479] {logging_mixin.py:109} INFO - [2021-10-16 01:01:38,478] {dag.py:2914} INFO - Setting next_dagrun for latest_only_with_trigger to 2021-10-15T21:01:38.477418+00:00
[2021-10-16 01:01:38,505] {processor.py:171} INFO - Processing /home/airflow/.local/lib/python3.6/site-packages/airflow/example_dags/example_latest_only_with_trigger.py took 0.170 seconds
[2021-10-16 01:02:09,189] {processor.py:163} INFO - Started process (PID=985) to work on /home/airflow/.local/lib/python3.6/site-packages/airflow/example_dags/example_latest_only_with_trigger.py
[2021-10-16 01:02:09,192] {processor.py:620} INFO - Processing file /home/airflow/.local/lib/python3.6/site-packages/airflow/example_dags/example_latest_only_with_trigger.py for tasks to queue
[2021-10-16 01:02:09,193] {logging_mixin.py:109} INFO - [2021-10-16 01:02:09,193] {dagbag.py:500} INFO - Filling up the DagBag from /home/airflow/.local/lib/python3.6/site-packages/airflow/example_dags/example_latest_only_with_trigger.py
[2021-10-16 01:02:09,233] {processor.py:632} INFO - DAG(s) dict_keys(['latest_only_with_trigger']) retrieved from /home/airflow/.local/lib/python3.6/site-packages/airflow/example_dags/example_latest_only_with_trigger.py
[2021-10-16 01:02:09,251] {logging_mixin.py:109} INFO - [2021-10-16 01:02:09,250] {dag.py:2389} INFO - Sync 1 DAGs
[2021-10-16 01:02:09,276] {logging_mixin.py:109} INFO - [2021-10-16 01:02:09,275] {dag.py:2914} INFO - Setting next_dagrun for latest_only_with_trigger to 2021-10-15T21:02:09.275713+00:00
[2021-10-16 01:02:09,287] {processor.py:171} INFO - Processing /home/airflow/.local/lib/python3.6/site-packages/airflow/example_dags/example_latest_only_with_trigger.py took 0.103 seconds
[2021-10-16 01:02:39,951] {processor.py:163} INFO - Started process (PID=1043) to work on /home/airflow/.local/lib/python3.6/site-packages/airflow/example_dags/example_latest_only_with_trigger.py
[2021-10-16 01:02:39,953] {processor.py:620} INFO - Processing file /home/airflow/.local/lib/python3.6/site-packages/airflow/example_dags/example_latest_only_with_trigger.py for tasks to queue
[2021-10-16 01:02:39,954] {logging_mixin.py:109} INFO - [2021-10-16 01:02:39,954] {dagbag.py:500} INFO - Filling up the DagBag from /home/airflow/.local/lib/python3.6/site-packages/airflow/example_dags/example_latest_only_with_trigger.py
[2021-10-16 01:02:40,002] {processor.py:632} INFO - DAG(s) dict_keys(['latest_only_with_trigger']) retrieved from /home/airflow/.local/lib/python3.6/site-packages/airflow/example_dags/example_latest_only_with_trigger.py
[2021-10-16 01:02:40,016] {logging_mixin.py:109} INFO - [2021-10-16 01:02:40,015] {dag.py:2389} INFO - Sync 1 DAGs
[2021-10-16 01:02:40,035] {logging_mixin.py:109} INFO - [2021-10-16 01:02:40,034] {dag.py:2914} INFO - Setting next_dagrun for latest_only_with_trigger to 2021-10-15T21:02:40.034691+00:00
[2021-10-16 01:02:40,047] {processor.py:171} INFO - Processing /home/airflow/.local/lib/python3.6/site-packages/airflow/example_dags/example_latest_only_with_trigger.py took 0.104 seconds
[2021-10-16 01:03:10,670] {processor.py:163} INFO - Started process (PID=1103) to work on /home/airflow/.local/lib/python3.6/site-packages/airflow/example_dags/example_latest_only_with_trigger.py
[2021-10-16 01:03:10,678] {processor.py:620} INFO - Processing file /home/airflow/.local/lib/python3.6/site-packages/airflow/example_dags/example_latest_only_with_trigger.py for tasks to queue
[2021-10-16 01:03:10,681] {logging_mixin.py:109} INFO - [2021-10-16 01:03:10,680] {dagbag.py:500} INFO - Filling up the DagBag from /home/airflow/.local/lib/python3.6/site-packages/airflow/example_dags/example_latest_only_with_trigger.py
[2021-10-16 01:03:10,737] {processor.py:632} INFO - DAG(s) dict_keys(['latest_only_with_trigger']) retrieved from /home/airflow/.local/lib/python3.6/site-packages/airflow/example_dags/example_latest_only_with_trigger.py
[2021-10-16 01:03:10,763] {logging_mixin.py:109} INFO - [2021-10-16 01:03:10,763] {dag.py:2389} INFO - Sync 1 DAGs
[2021-10-16 01:03:10,790] {logging_mixin.py:109} INFO - [2021-10-16 01:03:10,790] {dag.py:2914} INFO - Setting next_dagrun for latest_only_with_trigger to 2021-10-15T21:03:10.790408+00:00
[2021-10-16 01:03:10,817] {processor.py:171} INFO - Processing /home/airflow/.local/lib/python3.6/site-packages/airflow/example_dags/example_latest_only_with_trigger.py took 0.154 seconds
[2021-10-16 01:03:40,994] {processor.py:163} INFO - Started process (PID=1160) to work on /home/airflow/.local/lib/python3.6/site-packages/airflow/example_dags/example_latest_only_with_trigger.py
[2021-10-16 01:03:40,997] {processor.py:620} INFO - Processing file /home/airflow/.local/lib/python3.6/site-packages/airflow/example_dags/example_latest_only_with_trigger.py for tasks to queue
[2021-10-16 01:03:40,998] {logging_mixin.py:109} INFO - [2021-10-16 01:03:40,998] {dagbag.py:500} INFO - Filling up the DagBag from /home/airflow/.local/lib/python3.6/site-packages/airflow/example_dags/example_latest_only_with_trigger.py
[2021-10-16 01:03:41,054] {processor.py:632} INFO - DAG(s) dict_keys(['latest_only_with_trigger']) retrieved from /home/airflow/.local/lib/python3.6/site-packages/airflow/example_dags/example_latest_only_with_trigger.py
[2021-10-16 01:03:41,066] {logging_mixin.py:109} INFO - [2021-10-16 01:03:41,066] {dag.py:2389} INFO - Sync 1 DAGs
[2021-10-16 01:03:41,084] {logging_mixin.py:109} INFO - [2021-10-16 01:03:41,084] {dag.py:2914} INFO - Setting next_dagrun for latest_only_with_trigger to 2021-10-15T21:03:41.084470+00:00
[2021-10-16 01:03:41,095] {processor.py:171} INFO - Processing /home/airflow/.local/lib/python3.6/site-packages/airflow/example_dags/example_latest_only_with_trigger.py took 0.106 seconds
[2021-10-16 01:04:11,301] {processor.py:163} INFO - Started process (PID=1215) to work on /home/airflow/.local/lib/python3.6/site-packages/airflow/example_dags/example_latest_only_with_trigger.py
[2021-10-16 01:04:11,303] {processor.py:620} INFO - Processing file /home/airflow/.local/lib/python3.6/site-packages/airflow/example_dags/example_latest_only_with_trigger.py for tasks to queue
[2021-10-16 01:04:11,305] {logging_mixin.py:109} INFO - [2021-10-16 01:04:11,305] {dagbag.py:500} INFO - Filling up the DagBag from /home/airflow/.local/lib/python3.6/site-packages/airflow/example_dags/example_latest_only_with_trigger.py
[2021-10-16 01:04:11,357] {processor.py:632} INFO - DAG(s) dict_keys(['latest_only_with_trigger']) retrieved from /home/airflow/.local/lib/python3.6/site-packages/airflow/example_dags/example_latest_only_with_trigger.py
[2021-10-16 01:04:11,376] {logging_mixin.py:109} INFO - [2021-10-16 01:04:11,376] {dag.py:2389} INFO - Sync 1 DAGs
[2021-10-16 01:04:11,399] {logging_mixin.py:109} INFO - [2021-10-16 01:04:11,398] {dag.py:2914} INFO - Setting next_dagrun for latest_only_with_trigger to 2021-10-15T21:04:11.398669+00:00
[2021-10-16 01:04:11,414] {processor.py:171} INFO - Processing /home/airflow/.local/lib/python3.6/site-packages/airflow/example_dags/example_latest_only_with_trigger.py took 0.117 seconds
[2021-10-16 01:04:42,467] {processor.py:163} INFO - Started process (PID=1279) to work on /home/airflow/.local/lib/python3.6/site-packages/airflow/example_dags/example_latest_only_with_trigger.py
[2021-10-16 01:04:42,473] {processor.py:620} INFO - Processing file /home/airflow/.local/lib/python3.6/site-packages/airflow/example_dags/example_latest_only_with_trigger.py for tasks to queue
[2021-10-16 01:04:42,478] {logging_mixin.py:109} INFO - [2021-10-16 01:04:42,477] {dagbag.py:500} INFO - Filling up the DagBag from /home/airflow/.local/lib/python3.6/site-packages/airflow/example_dags/example_latest_only_with_trigger.py
[2021-10-16 01:04:42,566] {processor.py:632} INFO - DAG(s) dict_keys(['latest_only_with_trigger']) retrieved from /home/airflow/.local/lib/python3.6/site-packages/airflow/example_dags/example_latest_only_with_trigger.py
[2021-10-16 01:04:42,615] {logging_mixin.py:109} INFO - [2021-10-16 01:04:42,615] {dag.py:2389} INFO - Sync 1 DAGs
[2021-10-16 01:04:42,717] {logging_mixin.py:109} INFO - [2021-10-16 01:04:42,716] {dag.py:2914} INFO - Setting next_dagrun for latest_only_with_trigger to 2021-10-15T21:04:42.712858+00:00
[2021-10-16 01:04:42,786] {processor.py:171} INFO - Processing /home/airflow/.local/lib/python3.6/site-packages/airflow/example_dags/example_latest_only_with_trigger.py took 0.336 seconds
[2021-10-16 01:05:13,109] {processor.py:163} INFO - Started process (PID=1325) to work on /home/airflow/.local/lib/python3.6/site-packages/airflow/example_dags/example_latest_only_with_trigger.py
[2021-10-16 01:05:13,113] {processor.py:620} INFO - Processing file /home/airflow/.local/lib/python3.6/site-packages/airflow/example_dags/example_latest_only_with_trigger.py for tasks to queue
[2021-10-16 01:05:13,115] {logging_mixin.py:109} INFO - [2021-10-16 01:05:13,115] {dagbag.py:500} INFO - Filling up the DagBag from /home/airflow/.local/lib/python3.6/site-packages/airflow/example_dags/example_latest_only_with_trigger.py
[2021-10-16 01:05:13,154] {processor.py:632} INFO - DAG(s) dict_keys(['latest_only_with_trigger']) retrieved from /home/airflow/.local/lib/python3.6/site-packages/airflow/example_dags/example_latest_only_with_trigger.py
[2021-10-16 01:05:13,172] {logging_mixin.py:109} INFO - [2021-10-16 01:05:13,172] {dag.py:2389} INFO - Sync 1 DAGs
[2021-10-16 01:05:13,196] {logging_mixin.py:109} INFO - [2021-10-16 01:05:13,196] {dag.py:2914} INFO - Setting next_dagrun for latest_only_with_trigger to 2021-10-15T21:05:13.195747+00:00
[2021-10-16 01:05:13,212] {processor.py:171} INFO - Processing /home/airflow/.local/lib/python3.6/site-packages/airflow/example_dags/example_latest_only_with_trigger.py took 0.108 seconds
[2021-10-16 01:05:43,607] {processor.py:163} INFO - Started process (PID=1388) to work on /home/airflow/.local/lib/python3.6/site-packages/airflow/example_dags/example_latest_only_with_trigger.py
[2021-10-16 01:05:43,612] {processor.py:620} INFO - Processing file /home/airflow/.local/lib/python3.6/site-packages/airflow/example_dags/example_latest_only_with_trigger.py for tasks to queue
[2021-10-16 01:05:43,614] {logging_mixin.py:109} INFO - [2021-10-16 01:05:43,614] {dagbag.py:500} INFO - Filling up the DagBag from /home/airflow/.local/lib/python3.6/site-packages/airflow/example_dags/example_latest_only_with_trigger.py
[2021-10-16 01:05:43,698] {processor.py:632} INFO - DAG(s) dict_keys(['latest_only_with_trigger']) retrieved from /home/airflow/.local/lib/python3.6/site-packages/airflow/example_dags/example_latest_only_with_trigger.py
[2021-10-16 01:05:43,738] {logging_mixin.py:109} INFO - [2021-10-16 01:05:43,738] {dag.py:2389} INFO - Sync 1 DAGs
[2021-10-16 01:05:43,778] {logging_mixin.py:109} INFO - [2021-10-16 01:05:43,778] {dag.py:2914} INFO - Setting next_dagrun for latest_only_with_trigger to 2021-10-15T21:05:43.778400+00:00
[2021-10-16 01:05:43,800] {processor.py:171} INFO - Processing /home/airflow/.local/lib/python3.6/site-packages/airflow/example_dags/example_latest_only_with_trigger.py took 0.197 seconds
[2021-10-16 01:06:14,321] {processor.py:163} INFO - Started process (PID=1443) to work on /home/airflow/.local/lib/python3.6/site-packages/airflow/example_dags/example_latest_only_with_trigger.py
[2021-10-16 01:06:14,325] {processor.py:620} INFO - Processing file /home/airflow/.local/lib/python3.6/site-packages/airflow/example_dags/example_latest_only_with_trigger.py for tasks to queue
[2021-10-16 01:06:14,328] {logging_mixin.py:109} INFO - [2021-10-16 01:06:14,328] {dagbag.py:500} INFO - Filling up the DagBag from /home/airflow/.local/lib/python3.6/site-packages/airflow/example_dags/example_latest_only_with_trigger.py
[2021-10-16 01:06:14,375] {processor.py:632} INFO - DAG(s) dict_keys(['latest_only_with_trigger']) retrieved from /home/airflow/.local/lib/python3.6/site-packages/airflow/example_dags/example_latest_only_with_trigger.py
[2021-10-16 01:06:14,395] {logging_mixin.py:109} INFO - [2021-10-16 01:06:14,394] {dag.py:2389} INFO - Sync 1 DAGs
[2021-10-16 01:06:14,426] {logging_mixin.py:109} INFO - [2021-10-16 01:06:14,426] {dag.py:2914} INFO - Setting next_dagrun for latest_only_with_trigger to 2021-10-15T21:06:14.426276+00:00
[2021-10-16 01:06:14,447] {processor.py:171} INFO - Processing /home/airflow/.local/lib/python3.6/site-packages/airflow/example_dags/example_latest_only_with_trigger.py took 0.130 seconds
[2021-10-16 01:06:44,702] {processor.py:163} INFO - Started process (PID=1497) to work on /home/airflow/.local/lib/python3.6/site-packages/airflow/example_dags/example_latest_only_with_trigger.py
[2021-10-16 01:06:44,704] {processor.py:620} INFO - Processing file /home/airflow/.local/lib/python3.6/site-packages/airflow/example_dags/example_latest_only_with_trigger.py for tasks to queue
[2021-10-16 01:06:44,706] {logging_mixin.py:109} INFO - [2021-10-16 01:06:44,706] {dagbag.py:500} INFO - Filling up the DagBag from /home/airflow/.local/lib/python3.6/site-packages/airflow/example_dags/example_latest_only_with_trigger.py
[2021-10-16 01:06:44,758] {processor.py:632} INFO - DAG(s) dict_keys(['latest_only_with_trigger']) retrieved from /home/airflow/.local/lib/python3.6/site-packages/airflow/example_dags/example_latest_only_with_trigger.py
[2021-10-16 01:06:44,781] {logging_mixin.py:109} INFO - [2021-10-16 01:06:44,781] {dag.py:2389} INFO - Sync 1 DAGs
[2021-10-16 01:06:44,812] {logging_mixin.py:109} INFO - [2021-10-16 01:06:44,811] {dag.py:2914} INFO - Setting next_dagrun for latest_only_with_trigger to 2021-10-15T21:06:44.811573+00:00
[2021-10-16 01:06:44,826] {processor.py:171} INFO - Processing /home/airflow/.local/lib/python3.6/site-packages/airflow/example_dags/example_latest_only_with_trigger.py took 0.129 seconds
[2021-10-16 01:07:15,208] {processor.py:163} INFO - Started process (PID=1550) to work on /home/airflow/.local/lib/python3.6/site-packages/airflow/example_dags/example_latest_only_with_trigger.py
[2021-10-16 01:07:15,210] {processor.py:620} INFO - Processing file /home/airflow/.local/lib/python3.6/site-packages/airflow/example_dags/example_latest_only_with_trigger.py for tasks to queue
[2021-10-16 01:07:15,212] {logging_mixin.py:109} INFO - [2021-10-16 01:07:15,212] {dagbag.py:500} INFO - Filling up the DagBag from /home/airflow/.local/lib/python3.6/site-packages/airflow/example_dags/example_latest_only_with_trigger.py
[2021-10-16 01:07:15,252] {processor.py:632} INFO - DAG(s) dict_keys(['latest_only_with_trigger']) retrieved from /home/airflow/.local/lib/python3.6/site-packages/airflow/example_dags/example_latest_only_with_trigger.py
[2021-10-16 01:07:15,270] {logging_mixin.py:109} INFO - [2021-10-16 01:07:15,269] {dag.py:2389} INFO - Sync 1 DAGs
[2021-10-16 01:07:15,296] {logging_mixin.py:109} INFO - [2021-10-16 01:07:15,296] {dag.py:2914} INFO - Setting next_dagrun for latest_only_with_trigger to 2021-10-15T21:07:15.296544+00:00
[2021-10-16 01:07:15,309] {processor.py:171} INFO - Processing /home/airflow/.local/lib/python3.6/site-packages/airflow/example_dags/example_latest_only_with_trigger.py took 0.107 seconds
[2021-10-16 01:07:46,060] {processor.py:163} INFO - Started process (PID=1616) to work on /home/airflow/.local/lib/python3.6/site-packages/airflow/example_dags/example_latest_only_with_trigger.py
[2021-10-16 01:07:46,064] {processor.py:620} INFO - Processing file /home/airflow/.local/lib/python3.6/site-packages/airflow/example_dags/example_latest_only_with_trigger.py for tasks to queue
[2021-10-16 01:07:46,066] {logging_mixin.py:109} INFO - [2021-10-16 01:07:46,065] {dagbag.py:500} INFO - Filling up the DagBag from /home/airflow/.local/lib/python3.6/site-packages/airflow/example_dags/example_latest_only_with_trigger.py
[2021-10-16 01:07:46,108] {processor.py:632} INFO - DAG(s) dict_keys(['latest_only_with_trigger']) retrieved from /home/airflow/.local/lib/python3.6/site-packages/airflow/example_dags/example_latest_only_with_trigger.py
[2021-10-16 01:07:46,131] {logging_mixin.py:109} INFO - [2021-10-16 01:07:46,130] {dag.py:2389} INFO - Sync 1 DAGs
[2021-10-16 01:07:46,161] {logging_mixin.py:109} INFO - [2021-10-16 01:07:46,161] {dag.py:2914} INFO - Setting next_dagrun for latest_only_with_trigger to 2021-10-15T21:07:46.161166+00:00
[2021-10-16 01:07:46,184] {processor.py:171} INFO - Processing /home/airflow/.local/lib/python3.6/site-packages/airflow/example_dags/example_latest_only_with_trigger.py took 0.131 seconds
[2021-10-16 01:08:16,296] {processor.py:163} INFO - Started process (PID=1673) to work on /home/airflow/.local/lib/python3.6/site-packages/airflow/example_dags/example_latest_only_with_trigger.py
[2021-10-16 01:08:16,303] {processor.py:620} INFO - Processing file /home/airflow/.local/lib/python3.6/site-packages/airflow/example_dags/example_latest_only_with_trigger.py for tasks to queue
[2021-10-16 01:08:16,306] {logging_mixin.py:109} INFO - [2021-10-16 01:08:16,306] {dagbag.py:500} INFO - Filling up the DagBag from /home/airflow/.local/lib/python3.6/site-packages/airflow/example_dags/example_latest_only_with_trigger.py
[2021-10-16 01:08:16,393] {processor.py:632} INFO - DAG(s) dict_keys(['latest_only_with_trigger']) retrieved from /home/airflow/.local/lib/python3.6/site-packages/airflow/example_dags/example_latest_only_with_trigger.py
[2021-10-16 01:08:16,413] {logging_mixin.py:109} INFO - [2021-10-16 01:08:16,413] {dag.py:2389} INFO - Sync 1 DAGs
[2021-10-16 01:08:16,469] {logging_mixin.py:109} INFO - [2021-10-16 01:08:16,469] {dag.py:2914} INFO - Setting next_dagrun for latest_only_with_trigger to 2021-10-15T21:08:16.469238+00:00
[2021-10-16 01:08:16,528] {processor.py:171} INFO - Processing /home/airflow/.local/lib/python3.6/site-packages/airflow/example_dags/example_latest_only_with_trigger.py took 0.246 seconds
[2021-10-16 01:08:47,062] {processor.py:163} INFO - Started process (PID=1737) to work on /home/airflow/.local/lib/python3.6/site-packages/airflow/example_dags/example_latest_only_with_trigger.py
[2021-10-16 01:08:47,068] {processor.py:620} INFO - Processing file /home/airflow/.local/lib/python3.6/site-packages/airflow/example_dags/example_latest_only_with_trigger.py for tasks to queue
[2021-10-16 01:08:47,069] {logging_mixin.py:109} INFO - [2021-10-16 01:08:47,069] {dagbag.py:500} INFO - Filling up the DagBag from /home/airflow/.local/lib/python3.6/site-packages/airflow/example_dags/example_latest_only_with_trigger.py
[2021-10-16 01:08:47,138] {processor.py:632} INFO - DAG(s) dict_keys(['latest_only_with_trigger']) retrieved from /home/airflow/.local/lib/python3.6/site-packages/airflow/example_dags/example_latest_only_with_trigger.py
[2021-10-16 01:08:47,174] {logging_mixin.py:109} INFO - [2021-10-16 01:08:47,174] {dag.py:2389} INFO - Sync 1 DAGs
[2021-10-16 01:08:47,235] {logging_mixin.py:109} INFO - [2021-10-16 01:08:47,235] {dag.py:2914} INFO - Setting next_dagrun for latest_only_with_trigger to 2021-10-15T21:08:47.235018+00:00
[2021-10-16 01:08:47,271] {processor.py:171} INFO - Processing /home/airflow/.local/lib/python3.6/site-packages/airflow/example_dags/example_latest_only_with_trigger.py took 0.215 seconds
[2021-10-16 01:09:18,077] {processor.py:163} INFO - Started process (PID=1795) to work on /home/airflow/.local/lib/python3.6/site-packages/airflow/example_dags/example_latest_only_with_trigger.py
[2021-10-16 01:09:18,084] {processor.py:620} INFO - Processing file /home/airflow/.local/lib/python3.6/site-packages/airflow/example_dags/example_latest_only_with_trigger.py for tasks to queue
[2021-10-16 01:09:18,087] {logging_mixin.py:109} INFO - [2021-10-16 01:09:18,087] {dagbag.py:500} INFO - Filling up the DagBag from /home/airflow/.local/lib/python3.6/site-packages/airflow/example_dags/example_latest_only_with_trigger.py
[2021-10-16 01:09:18,132] {processor.py:632} INFO - DAG(s) dict_keys(['latest_only_with_trigger']) retrieved from /home/airflow/.local/lib/python3.6/site-packages/airflow/example_dags/example_latest_only_with_trigger.py
[2021-10-16 01:09:18,151] {logging_mixin.py:109} INFO - [2021-10-16 01:09:18,150] {dag.py:2389} INFO - Sync 1 DAGs
[2021-10-16 01:09:18,189] {logging_mixin.py:109} INFO - [2021-10-16 01:09:18,189] {dag.py:2914} INFO - Setting next_dagrun for latest_only_with_trigger to 2021-10-15T21:09:18.188905+00:00
[2021-10-16 01:09:18,223] {processor.py:171} INFO - Processing /home/airflow/.local/lib/python3.6/site-packages/airflow/example_dags/example_latest_only_with_trigger.py took 0.155 seconds
[2021-10-16 01:09:48,425] {processor.py:163} INFO - Started process (PID=1850) to work on /home/airflow/.local/lib/python3.6/site-packages/airflow/example_dags/example_latest_only_with_trigger.py
[2021-10-16 01:09:48,430] {processor.py:620} INFO - Processing file /home/airflow/.local/lib/python3.6/site-packages/airflow/example_dags/example_latest_only_with_trigger.py for tasks to queue
[2021-10-16 01:09:48,439] {logging_mixin.py:109} INFO - [2021-10-16 01:09:48,439] {dagbag.py:500} INFO - Filling up the DagBag from /home/airflow/.local/lib/python3.6/site-packages/airflow/example_dags/example_latest_only_with_trigger.py
[2021-10-16 01:09:48,527] {processor.py:632} INFO - DAG(s) dict_keys(['latest_only_with_trigger']) retrieved from /home/airflow/.local/lib/python3.6/site-packages/airflow/example_dags/example_latest_only_with_trigger.py
[2021-10-16 01:09:48,565] {logging_mixin.py:109} INFO - [2021-10-16 01:09:48,565] {dag.py:2389} INFO - Sync 1 DAGs
[2021-10-16 01:09:48,630] {logging_mixin.py:109} INFO - [2021-10-16 01:09:48,630] {dag.py:2914} INFO - Setting next_dagrun for latest_only_with_trigger to 2021-10-15T21:09:48.629719+00:00
[2021-10-16 01:09:48,685] {processor.py:171} INFO - Processing /home/airflow/.local/lib/python3.6/site-packages/airflow/example_dags/example_latest_only_with_trigger.py took 0.275 seconds
[2021-10-16 01:10:19,230] {processor.py:163} INFO - Started process (PID=1913) to work on /home/airflow/.local/lib/python3.6/site-packages/airflow/example_dags/example_latest_only_with_trigger.py
[2021-10-16 01:10:19,238] {processor.py:620} INFO - Processing file /home/airflow/.local/lib/python3.6/site-packages/airflow/example_dags/example_latest_only_with_trigger.py for tasks to queue
[2021-10-16 01:10:19,241] {logging_mixin.py:109} INFO - [2021-10-16 01:10:19,240] {dagbag.py:500} INFO - Filling up the DagBag from /home/airflow/.local/lib/python3.6/site-packages/airflow/example_dags/example_latest_only_with_trigger.py
[2021-10-16 01:10:19,330] {processor.py:632} INFO - DAG(s) dict_keys(['latest_only_with_trigger']) retrieved from /home/airflow/.local/lib/python3.6/site-packages/airflow/example_dags/example_latest_only_with_trigger.py
[2021-10-16 01:10:19,358] {logging_mixin.py:109} INFO - [2021-10-16 01:10:19,358] {dag.py:2389} INFO - Sync 1 DAGs
[2021-10-16 01:10:19,385] {logging_mixin.py:109} INFO - [2021-10-16 01:10:19,385] {dag.py:2914} INFO - Setting next_dagrun for latest_only_with_trigger to 2021-10-15T21:10:19.384974+00:00
[2021-10-16 01:10:19,404] {processor.py:171} INFO - Processing /home/airflow/.local/lib/python3.6/site-packages/airflow/example_dags/example_latest_only_with_trigger.py took 0.179 seconds
[2021-10-16 01:10:49,690] {processor.py:163} INFO - Started process (PID=1970) to work on /home/airflow/.local/lib/python3.6/site-packages/airflow/example_dags/example_latest_only_with_trigger.py
[2021-10-16 01:10:49,693] {processor.py:620} INFO - Processing file /home/airflow/.local/lib/python3.6/site-packages/airflow/example_dags/example_latest_only_with_trigger.py for tasks to queue
[2021-10-16 01:10:49,695] {logging_mixin.py:109} INFO - [2021-10-16 01:10:49,694] {dagbag.py:500} INFO - Filling up the DagBag from /home/airflow/.local/lib/python3.6/site-packages/airflow/example_dags/example_latest_only_with_trigger.py
[2021-10-16 01:10:49,742] {processor.py:632} INFO - DAG(s) dict_keys(['latest_only_with_trigger']) retrieved from /home/airflow/.local/lib/python3.6/site-packages/airflow/example_dags/example_latest_only_with_trigger.py
[2021-10-16 01:10:49,760] {logging_mixin.py:109} INFO - [2021-10-16 01:10:49,759] {dag.py:2389} INFO - Sync 1 DAGs
[2021-10-16 01:10:49,784] {logging_mixin.py:109} INFO - [2021-10-16 01:10:49,784] {dag.py:2914} INFO - Setting next_dagrun for latest_only_with_trigger to 2021-10-15T21:10:49.784439+00:00
[2021-10-16 01:10:49,802] {processor.py:171} INFO - Processing /home/airflow/.local/lib/python3.6/site-packages/airflow/example_dags/example_latest_only_with_trigger.py took 0.118 seconds
[2021-10-16 01:11:19,937] {processor.py:163} INFO - Started process (PID=2025) to work on /home/airflow/.local/lib/python3.6/site-packages/airflow/example_dags/example_latest_only_with_trigger.py
[2021-10-16 01:11:19,940] {processor.py:620} INFO - Processing file /home/airflow/.local/lib/python3.6/site-packages/airflow/example_dags/example_latest_only_with_trigger.py for tasks to queue
[2021-10-16 01:11:19,941] {logging_mixin.py:109} INFO - [2021-10-16 01:11:19,941] {dagbag.py:500} INFO - Filling up the DagBag from /home/airflow/.local/lib/python3.6/site-packages/airflow/example_dags/example_latest_only_with_trigger.py
[2021-10-16 01:11:19,977] {processor.py:632} INFO - DAG(s) dict_keys(['latest_only_with_trigger']) retrieved from /home/airflow/.local/lib/python3.6/site-packages/airflow/example_dags/example_latest_only_with_trigger.py
[2021-10-16 01:11:19,990] {logging_mixin.py:109} INFO - [2021-10-16 01:11:19,990] {dag.py:2389} INFO - Sync 1 DAGs
[2021-10-16 01:11:20,021] {logging_mixin.py:109} INFO - [2021-10-16 01:11:20,021] {dag.py:2914} INFO - Setting next_dagrun for latest_only_with_trigger to 2021-10-15T21:11:20.020971+00:00
[2021-10-16 01:11:20,046] {processor.py:171} INFO - Processing /home/airflow/.local/lib/python3.6/site-packages/airflow/example_dags/example_latest_only_with_trigger.py took 0.117 seconds
[2021-10-16 01:11:50,104] {processor.py:163} INFO - Started process (PID=2078) to work on /home/airflow/.local/lib/python3.6/site-packages/airflow/example_dags/example_latest_only_with_trigger.py
[2021-10-16 01:11:50,106] {processor.py:620} INFO - Processing file /home/airflow/.local/lib/python3.6/site-packages/airflow/example_dags/example_latest_only_with_trigger.py for tasks to queue
[2021-10-16 01:11:50,108] {logging_mixin.py:109} INFO - [2021-10-16 01:11:50,108] {dagbag.py:500} INFO - Filling up the DagBag from /home/airflow/.local/lib/python3.6/site-packages/airflow/example_dags/example_latest_only_with_trigger.py
[2021-10-16 01:11:50,138] {processor.py:632} INFO - DAG(s) dict_keys(['latest_only_with_trigger']) retrieved from /home/airflow/.local/lib/python3.6/site-packages/airflow/example_dags/example_latest_only_with_trigger.py
[2021-10-16 01:11:50,153] {logging_mixin.py:109} INFO - [2021-10-16 01:11:50,153] {dag.py:2389} INFO - Sync 1 DAGs
[2021-10-16 01:11:50,182] {logging_mixin.py:109} INFO - [2021-10-16 01:11:50,182] {dag.py:2914} INFO - Setting next_dagrun for latest_only_with_trigger to 2021-10-15T21:11:50.181709+00:00
[2021-10-16 01:11:50,197] {processor.py:171} INFO - Processing /home/airflow/.local/lib/python3.6/site-packages/airflow/example_dags/example_latest_only_with_trigger.py took 0.098 seconds
[2021-10-16 01:12:20,456] {processor.py:163} INFO - Started process (PID=2133) to work on /home/airflow/.local/lib/python3.6/site-packages/airflow/example_dags/example_latest_only_with_trigger.py
[2021-10-16 01:12:20,458] {processor.py:620} INFO - Processing file /home/airflow/.local/lib/python3.6/site-packages/airflow/example_dags/example_latest_only_with_trigger.py for tasks to queue
[2021-10-16 01:12:20,466] {logging_mixin.py:109} INFO - [2021-10-16 01:12:20,466] {dagbag.py:500} INFO - Filling up the DagBag from /home/airflow/.local/lib/python3.6/site-packages/airflow/example_dags/example_latest_only_with_trigger.py
[2021-10-16 01:12:20,580] {processor.py:632} INFO - DAG(s) dict_keys(['latest_only_with_trigger']) retrieved from /home/airflow/.local/lib/python3.6/site-packages/airflow/example_dags/example_latest_only_with_trigger.py
[2021-10-16 01:12:20,615] {logging_mixin.py:109} INFO - [2021-10-16 01:12:20,615] {dag.py:2389} INFO - Sync 1 DAGs
[2021-10-16 01:12:20,673] {logging_mixin.py:109} INFO - [2021-10-16 01:12:20,673] {dag.py:2914} INFO - Setting next_dagrun for latest_only_with_trigger to 2021-10-15T21:12:20.673072+00:00
[2021-10-16 01:12:20,699] {processor.py:171} INFO - Processing /home/airflow/.local/lib/python3.6/site-packages/airflow/example_dags/example_latest_only_with_trigger.py took 0.250 seconds
[2021-10-16 01:12:51,580] {processor.py:163} INFO - Started process (PID=2199) to work on /home/airflow/.local/lib/python3.6/site-packages/airflow/example_dags/example_latest_only_with_trigger.py
[2021-10-16 01:12:51,585] {processor.py:620} INFO - Processing file /home/airflow/.local/lib/python3.6/site-packages/airflow/example_dags/example_latest_only_with_trigger.py for tasks to queue
[2021-10-16 01:12:51,591] {logging_mixin.py:109} INFO - [2021-10-16 01:12:51,590] {dagbag.py:500} INFO - Filling up the DagBag from /home/airflow/.local/lib/python3.6/site-packages/airflow/example_dags/example_latest_only_with_trigger.py
[2021-10-16 01:12:51,688] {processor.py:632} INFO - DAG(s) dict_keys(['latest_only_with_trigger']) retrieved from /home/airflow/.local/lib/python3.6/site-packages/airflow/example_dags/example_latest_only_with_trigger.py
[2021-10-16 01:12:51,735] {logging_mixin.py:109} INFO - [2021-10-16 01:12:51,735] {dag.py:2389} INFO - Sync 1 DAGs
[2021-10-16 01:12:51,776] {logging_mixin.py:109} INFO - [2021-10-16 01:12:51,776] {dag.py:2914} INFO - Setting next_dagrun for latest_only_with_trigger to 2021-10-15T21:12:51.775831+00:00
[2021-10-16 01:12:51,809] {processor.py:171} INFO - Processing /home/airflow/.local/lib/python3.6/site-packages/airflow/example_dags/example_latest_only_with_trigger.py took 0.246 seconds
[2021-10-16 01:13:22,131] {processor.py:163} INFO - Started process (PID=2253) to work on /home/airflow/.local/lib/python3.6/site-packages/airflow/example_dags/example_latest_only_with_trigger.py
[2021-10-16 01:13:22,134] {processor.py:620} INFO - Processing file /home/airflow/.local/lib/python3.6/site-packages/airflow/example_dags/example_latest_only_with_trigger.py for tasks to queue
[2021-10-16 01:13:22,138] {logging_mixin.py:109} INFO - [2021-10-16 01:13:22,138] {dagbag.py:500} INFO - Filling up the DagBag from /home/airflow/.local/lib/python3.6/site-packages/airflow/example_dags/example_latest_only_with_trigger.py
[2021-10-16 01:13:22,225] {processor.py:632} INFO - DAG(s) dict_keys(['latest_only_with_trigger']) retrieved from /home/airflow/.local/lib/python3.6/site-packages/airflow/example_dags/example_latest_only_with_trigger.py
[2021-10-16 01:13:22,259] {logging_mixin.py:109} INFO - [2021-10-16 01:13:22,258] {dag.py:2389} INFO - Sync 1 DAGs
[2021-10-16 01:13:22,304] {logging_mixin.py:109} INFO - [2021-10-16 01:13:22,304] {dag.py:2914} INFO - Setting next_dagrun for latest_only_with_trigger to 2021-10-15T21:13:22.304569+00:00
[2021-10-16 01:13:22,323] {processor.py:171} INFO - Processing /home/airflow/.local/lib/python3.6/site-packages/airflow/example_dags/example_latest_only_with_trigger.py took 0.201 seconds
[2021-10-16 01:13:52,947] {processor.py:163} INFO - Started process (PID=2310) to work on /home/airflow/.local/lib/python3.6/site-packages/airflow/example_dags/example_latest_only_with_trigger.py
[2021-10-16 01:13:52,949] {processor.py:620} INFO - Processing file /home/airflow/.local/lib/python3.6/site-packages/airflow/example_dags/example_latest_only_with_trigger.py for tasks to queue
[2021-10-16 01:13:52,951] {logging_mixin.py:109} INFO - [2021-10-16 01:13:52,951] {dagbag.py:500} INFO - Filling up the DagBag from /home/airflow/.local/lib/python3.6/site-packages/airflow/example_dags/example_latest_only_with_trigger.py
[2021-10-16 01:13:53,007] {processor.py:632} INFO - DAG(s) dict_keys(['latest_only_with_trigger']) retrieved from /home/airflow/.local/lib/python3.6/site-packages/airflow/example_dags/example_latest_only_with_trigger.py
[2021-10-16 01:13:53,023] {logging_mixin.py:109} INFO - [2021-10-16 01:13:53,023] {dag.py:2389} INFO - Sync 1 DAGs
[2021-10-16 01:13:53,048] {logging_mixin.py:109} INFO - [2021-10-16 01:13:53,048] {dag.py:2914} INFO - Setting next_dagrun for latest_only_with_trigger to 2021-10-15T21:13:53.047890+00:00
[2021-10-16 01:13:53,073] {processor.py:171} INFO - Processing /home/airflow/.local/lib/python3.6/site-packages/airflow/example_dags/example_latest_only_with_trigger.py took 0.131 seconds
[2021-10-16 01:14:23,592] {processor.py:163} INFO - Started process (PID=2364) to work on /home/airflow/.local/lib/python3.6/site-packages/airflow/example_dags/example_latest_only_with_trigger.py
[2021-10-16 01:14:23,603] {processor.py:620} INFO - Processing file /home/airflow/.local/lib/python3.6/site-packages/airflow/example_dags/example_latest_only_with_trigger.py for tasks to queue
[2021-10-16 01:14:23,617] {logging_mixin.py:109} INFO - [2021-10-16 01:14:23,617] {dagbag.py:500} INFO - Filling up the DagBag from /home/airflow/.local/lib/python3.6/site-packages/airflow/example_dags/example_latest_only_with_trigger.py
[2021-10-16 01:14:23,876] {processor.py:632} INFO - DAG(s) dict_keys(['latest_only_with_trigger']) retrieved from /home/airflow/.local/lib/python3.6/site-packages/airflow/example_dags/example_latest_only_with_trigger.py
[2021-10-16 01:14:23,944] {logging_mixin.py:109} INFO - [2021-10-16 01:14:23,944] {dag.py:2389} INFO - Sync 1 DAGs
[2021-10-16 01:14:24,045] {logging_mixin.py:109} INFO - [2021-10-16 01:14:24,045] {dag.py:2914} INFO - Setting next_dagrun for latest_only_with_trigger to 2021-10-15T21:14:24.044741+00:00
[2021-10-16 01:14:24,170] {processor.py:171} INFO - Processing /home/airflow/.local/lib/python3.6/site-packages/airflow/example_dags/example_latest_only_with_trigger.py took 0.610 seconds
[2021-10-16 01:14:55,253] {processor.py:163} INFO - Started process (PID=2418) to work on /home/airflow/.local/lib/python3.6/site-packages/airflow/example_dags/example_latest_only_with_trigger.py
[2021-10-16 01:14:55,256] {processor.py:620} INFO - Processing file /home/airflow/.local/lib/python3.6/site-packages/airflow/example_dags/example_latest_only_with_trigger.py for tasks to queue
[2021-10-16 01:14:55,259] {logging_mixin.py:109} INFO - [2021-10-16 01:14:55,258] {dagbag.py:500} INFO - Filling up the DagBag from /home/airflow/.local/lib/python3.6/site-packages/airflow/example_dags/example_latest_only_with_trigger.py
[2021-10-16 01:14:55,304] {processor.py:632} INFO - DAG(s) dict_keys(['latest_only_with_trigger']) retrieved from /home/airflow/.local/lib/python3.6/site-packages/airflow/example_dags/example_latest_only_with_trigger.py
[2021-10-16 01:14:55,320] {logging_mixin.py:109} INFO - [2021-10-16 01:14:55,320] {dag.py:2389} INFO - Sync 1 DAGs
[2021-10-16 01:14:55,349] {logging_mixin.py:109} INFO - [2021-10-16 01:14:55,349] {dag.py:2914} INFO - Setting next_dagrun for latest_only_with_trigger to 2021-10-15T21:14:55.348865+00:00
[2021-10-16 01:14:55,373] {processor.py:171} INFO - Processing /home/airflow/.local/lib/python3.6/site-packages/airflow/example_dags/example_latest_only_with_trigger.py took 0.126 seconds
