[2021-10-16 00:54:04,949] {processor.py:163} INFO - Started process (PID=94) to work on /home/airflow/.local/lib/python3.6/site-packages/airflow/example_dags/example_branch_python_dop_operator_3.py
[2021-10-16 00:54:04,957] {processor.py:620} INFO - Processing file /home/airflow/.local/lib/python3.6/site-packages/airflow/example_dags/example_branch_python_dop_operator_3.py for tasks to queue
[2021-10-16 00:54:04,963] {logging_mixin.py:109} INFO - [2021-10-16 00:54:04,961] {dagbag.py:500} INFO - Filling up the DagBag from /home/airflow/.local/lib/python3.6/site-packages/airflow/example_dags/example_branch_python_dop_operator_3.py
[2021-10-16 00:54:05,113] {processor.py:632} INFO - DAG(s) dict_keys(['example_branch_dop_operator_v3']) retrieved from /home/airflow/.local/lib/python3.6/site-packages/airflow/example_dags/example_branch_python_dop_operator_3.py
[2021-10-16 00:54:05,171] {logging_mixin.py:109} INFO - [2021-10-16 00:54:05,171] {dag.py:2389} INFO - Sync 1 DAGs
[2021-10-16 00:54:05,253] {logging_mixin.py:109} INFO - [2021-10-16 00:54:05,252] {dag.py:2914} INFO - Setting next_dagrun for example_branch_dop_operator_v3 to 2021-10-16T00:53:00+00:00
[2021-10-16 00:54:05,312] {processor.py:171} INFO - Processing /home/airflow/.local/lib/python3.6/site-packages/airflow/example_dags/example_branch_python_dop_operator_3.py took 0.380 seconds
[2021-10-16 00:54:36,020] {processor.py:163} INFO - Started process (PID=136) to work on /home/airflow/.local/lib/python3.6/site-packages/airflow/example_dags/example_branch_python_dop_operator_3.py
[2021-10-16 00:54:36,022] {processor.py:620} INFO - Processing file /home/airflow/.local/lib/python3.6/site-packages/airflow/example_dags/example_branch_python_dop_operator_3.py for tasks to queue
[2021-10-16 00:54:36,024] {logging_mixin.py:109} INFO - [2021-10-16 00:54:36,024] {dagbag.py:500} INFO - Filling up the DagBag from /home/airflow/.local/lib/python3.6/site-packages/airflow/example_dags/example_branch_python_dop_operator_3.py
[2021-10-16 00:54:36,068] {processor.py:632} INFO - DAG(s) dict_keys(['example_branch_dop_operator_v3']) retrieved from /home/airflow/.local/lib/python3.6/site-packages/airflow/example_dags/example_branch_python_dop_operator_3.py
[2021-10-16 00:54:36,089] {logging_mixin.py:109} INFO - [2021-10-16 00:54:36,089] {dag.py:2389} INFO - Sync 1 DAGs
[2021-10-16 00:54:36,130] {logging_mixin.py:109} INFO - [2021-10-16 00:54:36,130] {dag.py:2914} INFO - Setting next_dagrun for example_branch_dop_operator_v3 to 2021-10-16T00:53:00+00:00
[2021-10-16 00:54:36,142] {processor.py:171} INFO - Processing /home/airflow/.local/lib/python3.6/site-packages/airflow/example_dags/example_branch_python_dop_operator_3.py took 0.127 seconds
[2021-10-16 00:55:06,974] {processor.py:163} INFO - Started process (PID=200) to work on /home/airflow/.local/lib/python3.6/site-packages/airflow/example_dags/example_branch_python_dop_operator_3.py
[2021-10-16 00:55:06,982] {processor.py:620} INFO - Processing file /home/airflow/.local/lib/python3.6/site-packages/airflow/example_dags/example_branch_python_dop_operator_3.py for tasks to queue
[2021-10-16 00:55:06,990] {logging_mixin.py:109} INFO - [2021-10-16 00:55:06,989] {dagbag.py:500} INFO - Filling up the DagBag from /home/airflow/.local/lib/python3.6/site-packages/airflow/example_dags/example_branch_python_dop_operator_3.py
[2021-10-16 00:55:07,110] {processor.py:632} INFO - DAG(s) dict_keys(['example_branch_dop_operator_v3']) retrieved from /home/airflow/.local/lib/python3.6/site-packages/airflow/example_dags/example_branch_python_dop_operator_3.py
[2021-10-16 00:55:07,167] {logging_mixin.py:109} INFO - [2021-10-16 00:55:07,167] {dag.py:2389} INFO - Sync 1 DAGs
[2021-10-16 00:55:07,229] {logging_mixin.py:109} INFO - [2021-10-16 00:55:07,229] {dag.py:2914} INFO - Setting next_dagrun for example_branch_dop_operator_v3 to 2021-10-16T00:54:00+00:00
[2021-10-16 00:55:07,254] {processor.py:171} INFO - Processing /home/airflow/.local/lib/python3.6/site-packages/airflow/example_dags/example_branch_python_dop_operator_3.py took 0.291 seconds
[2021-10-16 00:55:37,883] {processor.py:163} INFO - Started process (PID=254) to work on /home/airflow/.local/lib/python3.6/site-packages/airflow/example_dags/example_branch_python_dop_operator_3.py
[2021-10-16 00:55:37,887] {processor.py:620} INFO - Processing file /home/airflow/.local/lib/python3.6/site-packages/airflow/example_dags/example_branch_python_dop_operator_3.py for tasks to queue
[2021-10-16 00:55:37,889] {logging_mixin.py:109} INFO - [2021-10-16 00:55:37,889] {dagbag.py:500} INFO - Filling up the DagBag from /home/airflow/.local/lib/python3.6/site-packages/airflow/example_dags/example_branch_python_dop_operator_3.py
[2021-10-16 00:55:37,938] {processor.py:632} INFO - DAG(s) dict_keys(['example_branch_dop_operator_v3']) retrieved from /home/airflow/.local/lib/python3.6/site-packages/airflow/example_dags/example_branch_python_dop_operator_3.py
[2021-10-16 00:55:37,958] {logging_mixin.py:109} INFO - [2021-10-16 00:55:37,957] {dag.py:2389} INFO - Sync 1 DAGs
[2021-10-16 00:55:37,992] {logging_mixin.py:109} INFO - [2021-10-16 00:55:37,991] {dag.py:2914} INFO - Setting next_dagrun for example_branch_dop_operator_v3 to 2021-10-16T00:54:00+00:00
[2021-10-16 00:55:38,002] {processor.py:171} INFO - Processing /home/airflow/.local/lib/python3.6/site-packages/airflow/example_dags/example_branch_python_dop_operator_3.py took 0.126 seconds
[2021-10-16 00:56:08,982] {processor.py:163} INFO - Started process (PID=310) to work on /home/airflow/.local/lib/python3.6/site-packages/airflow/example_dags/example_branch_python_dop_operator_3.py
[2021-10-16 00:56:08,988] {processor.py:620} INFO - Processing file /home/airflow/.local/lib/python3.6/site-packages/airflow/example_dags/example_branch_python_dop_operator_3.py for tasks to queue
[2021-10-16 00:56:08,996] {logging_mixin.py:109} INFO - [2021-10-16 00:56:08,995] {dagbag.py:500} INFO - Filling up the DagBag from /home/airflow/.local/lib/python3.6/site-packages/airflow/example_dags/example_branch_python_dop_operator_3.py
[2021-10-16 00:56:09,103] {processor.py:632} INFO - DAG(s) dict_keys(['example_branch_dop_operator_v3']) retrieved from /home/airflow/.local/lib/python3.6/site-packages/airflow/example_dags/example_branch_python_dop_operator_3.py
[2021-10-16 00:56:09,176] {logging_mixin.py:109} INFO - [2021-10-16 00:56:09,175] {dag.py:2389} INFO - Sync 1 DAGs
[2021-10-16 00:56:09,804] {logging_mixin.py:109} INFO - [2021-10-16 00:56:09,803] {dag.py:2914} INFO - Setting next_dagrun for example_branch_dop_operator_v3 to 2021-10-16T00:55:00+00:00
[2021-10-16 00:56:10,170] {processor.py:171} INFO - Processing /home/airflow/.local/lib/python3.6/site-packages/airflow/example_dags/example_branch_python_dop_operator_3.py took 1.209 seconds
[2021-10-16 00:56:40,284] {processor.py:163} INFO - Started process (PID=374) to work on /home/airflow/.local/lib/python3.6/site-packages/airflow/example_dags/example_branch_python_dop_operator_3.py
[2021-10-16 00:56:40,295] {processor.py:620} INFO - Processing file /home/airflow/.local/lib/python3.6/site-packages/airflow/example_dags/example_branch_python_dop_operator_3.py for tasks to queue
[2021-10-16 00:56:40,296] {logging_mixin.py:109} INFO - [2021-10-16 00:56:40,296] {dagbag.py:500} INFO - Filling up the DagBag from /home/airflow/.local/lib/python3.6/site-packages/airflow/example_dags/example_branch_python_dop_operator_3.py
[2021-10-16 00:56:40,375] {processor.py:632} INFO - DAG(s) dict_keys(['example_branch_dop_operator_v3']) retrieved from /home/airflow/.local/lib/python3.6/site-packages/airflow/example_dags/example_branch_python_dop_operator_3.py
[2021-10-16 00:56:40,401] {logging_mixin.py:109} INFO - [2021-10-16 00:56:40,400] {dag.py:2389} INFO - Sync 1 DAGs
[2021-10-16 00:56:40,456] {logging_mixin.py:109} INFO - [2021-10-16 00:56:40,456] {dag.py:2914} INFO - Setting next_dagrun for example_branch_dop_operator_v3 to 2021-10-16T00:55:00+00:00
[2021-10-16 00:56:40,475] {processor.py:171} INFO - Processing /home/airflow/.local/lib/python3.6/site-packages/airflow/example_dags/example_branch_python_dop_operator_3.py took 0.203 seconds
[2021-10-16 00:57:10,857] {processor.py:163} INFO - Started process (PID=428) to work on /home/airflow/.local/lib/python3.6/site-packages/airflow/example_dags/example_branch_python_dop_operator_3.py
[2021-10-16 00:57:10,860] {processor.py:620} INFO - Processing file /home/airflow/.local/lib/python3.6/site-packages/airflow/example_dags/example_branch_python_dop_operator_3.py for tasks to queue
[2021-10-16 00:57:10,862] {logging_mixin.py:109} INFO - [2021-10-16 00:57:10,862] {dagbag.py:500} INFO - Filling up the DagBag from /home/airflow/.local/lib/python3.6/site-packages/airflow/example_dags/example_branch_python_dop_operator_3.py
[2021-10-16 00:57:10,897] {processor.py:632} INFO - DAG(s) dict_keys(['example_branch_dop_operator_v3']) retrieved from /home/airflow/.local/lib/python3.6/site-packages/airflow/example_dags/example_branch_python_dop_operator_3.py
[2021-10-16 00:57:10,911] {logging_mixin.py:109} INFO - [2021-10-16 00:57:10,911] {dag.py:2389} INFO - Sync 1 DAGs
[2021-10-16 00:57:10,936] {logging_mixin.py:109} INFO - [2021-10-16 00:57:10,936] {dag.py:2914} INFO - Setting next_dagrun for example_branch_dop_operator_v3 to 2021-10-16T00:56:00+00:00
[2021-10-16 00:57:10,948] {processor.py:171} INFO - Processing /home/airflow/.local/lib/python3.6/site-packages/airflow/example_dags/example_branch_python_dop_operator_3.py took 0.097 seconds
[2021-10-16 00:57:41,838] {processor.py:163} INFO - Started process (PID=485) to work on /home/airflow/.local/lib/python3.6/site-packages/airflow/example_dags/example_branch_python_dop_operator_3.py
[2021-10-16 00:57:41,845] {processor.py:620} INFO - Processing file /home/airflow/.local/lib/python3.6/site-packages/airflow/example_dags/example_branch_python_dop_operator_3.py for tasks to queue
[2021-10-16 00:57:41,847] {logging_mixin.py:109} INFO - [2021-10-16 00:57:41,847] {dagbag.py:500} INFO - Filling up the DagBag from /home/airflow/.local/lib/python3.6/site-packages/airflow/example_dags/example_branch_python_dop_operator_3.py
[2021-10-16 00:57:41,880] {processor.py:632} INFO - DAG(s) dict_keys(['example_branch_dop_operator_v3']) retrieved from /home/airflow/.local/lib/python3.6/site-packages/airflow/example_dags/example_branch_python_dop_operator_3.py
[2021-10-16 00:57:41,892] {logging_mixin.py:109} INFO - [2021-10-16 00:57:41,891] {dag.py:2389} INFO - Sync 1 DAGs
[2021-10-16 00:57:41,915] {logging_mixin.py:109} INFO - [2021-10-16 00:57:41,915] {dag.py:2914} INFO - Setting next_dagrun for example_branch_dop_operator_v3 to 2021-10-16T00:56:00+00:00
[2021-10-16 00:57:41,928] {processor.py:171} INFO - Processing /home/airflow/.local/lib/python3.6/site-packages/airflow/example_dags/example_branch_python_dop_operator_3.py took 0.095 seconds
[2021-10-16 00:58:12,537] {processor.py:163} INFO - Started process (PID=538) to work on /home/airflow/.local/lib/python3.6/site-packages/airflow/example_dags/example_branch_python_dop_operator_3.py
[2021-10-16 00:58:12,541] {processor.py:620} INFO - Processing file /home/airflow/.local/lib/python3.6/site-packages/airflow/example_dags/example_branch_python_dop_operator_3.py for tasks to queue
[2021-10-16 00:58:12,543] {logging_mixin.py:109} INFO - [2021-10-16 00:58:12,543] {dagbag.py:500} INFO - Filling up the DagBag from /home/airflow/.local/lib/python3.6/site-packages/airflow/example_dags/example_branch_python_dop_operator_3.py
[2021-10-16 00:58:12,579] {processor.py:632} INFO - DAG(s) dict_keys(['example_branch_dop_operator_v3']) retrieved from /home/airflow/.local/lib/python3.6/site-packages/airflow/example_dags/example_branch_python_dop_operator_3.py
[2021-10-16 00:58:12,599] {logging_mixin.py:109} INFO - [2021-10-16 00:58:12,599] {dag.py:2389} INFO - Sync 1 DAGs
[2021-10-16 00:58:12,624] {logging_mixin.py:109} INFO - [2021-10-16 00:58:12,624] {dag.py:2914} INFO - Setting next_dagrun for example_branch_dop_operator_v3 to 2021-10-16T00:57:00+00:00
[2021-10-16 00:58:12,638] {processor.py:171} INFO - Processing /home/airflow/.local/lib/python3.6/site-packages/airflow/example_dags/example_branch_python_dop_operator_3.py took 0.106 seconds
[2021-10-16 00:58:43,318] {processor.py:163} INFO - Started process (PID=591) to work on /home/airflow/.local/lib/python3.6/site-packages/airflow/example_dags/example_branch_python_dop_operator_3.py
[2021-10-16 00:58:43,320] {processor.py:620} INFO - Processing file /home/airflow/.local/lib/python3.6/site-packages/airflow/example_dags/example_branch_python_dop_operator_3.py for tasks to queue
[2021-10-16 00:58:43,321] {logging_mixin.py:109} INFO - [2021-10-16 00:58:43,321] {dagbag.py:500} INFO - Filling up the DagBag from /home/airflow/.local/lib/python3.6/site-packages/airflow/example_dags/example_branch_python_dop_operator_3.py
[2021-10-16 00:58:43,352] {processor.py:632} INFO - DAG(s) dict_keys(['example_branch_dop_operator_v3']) retrieved from /home/airflow/.local/lib/python3.6/site-packages/airflow/example_dags/example_branch_python_dop_operator_3.py
[2021-10-16 00:58:43,367] {logging_mixin.py:109} INFO - [2021-10-16 00:58:43,367] {dag.py:2389} INFO - Sync 1 DAGs
[2021-10-16 00:58:43,390] {logging_mixin.py:109} INFO - [2021-10-16 00:58:43,390] {dag.py:2914} INFO - Setting next_dagrun for example_branch_dop_operator_v3 to 2021-10-16T00:57:00+00:00
[2021-10-16 00:58:43,401] {processor.py:171} INFO - Processing /home/airflow/.local/lib/python3.6/site-packages/airflow/example_dags/example_branch_python_dop_operator_3.py took 0.087 seconds
[2021-10-16 00:59:14,836] {processor.py:163} INFO - Started process (PID=662) to work on /home/airflow/.local/lib/python3.6/site-packages/airflow/example_dags/example_branch_python_dop_operator_3.py
[2021-10-16 00:59:14,851] {processor.py:620} INFO - Processing file /home/airflow/.local/lib/python3.6/site-packages/airflow/example_dags/example_branch_python_dop_operator_3.py for tasks to queue
[2021-10-16 00:59:14,855] {logging_mixin.py:109} INFO - [2021-10-16 00:59:14,855] {dagbag.py:500} INFO - Filling up the DagBag from /home/airflow/.local/lib/python3.6/site-packages/airflow/example_dags/example_branch_python_dop_operator_3.py
[2021-10-16 00:59:15,004] {processor.py:632} INFO - DAG(s) dict_keys(['example_branch_dop_operator_v3']) retrieved from /home/airflow/.local/lib/python3.6/site-packages/airflow/example_dags/example_branch_python_dop_operator_3.py
[2021-10-16 00:59:15,114] {logging_mixin.py:109} INFO - [2021-10-16 00:59:15,114] {dag.py:2389} INFO - Sync 1 DAGs
[2021-10-16 00:59:15,322] {logging_mixin.py:109} INFO - [2021-10-16 00:59:15,322] {dag.py:2914} INFO - Setting next_dagrun for example_branch_dop_operator_v3 to 2021-10-16T00:58:00+00:00
[2021-10-16 00:59:15,375] {processor.py:171} INFO - Processing /home/airflow/.local/lib/python3.6/site-packages/airflow/example_dags/example_branch_python_dop_operator_3.py took 0.550 seconds
[2021-10-16 00:59:45,588] {processor.py:163} INFO - Started process (PID=716) to work on /home/airflow/.local/lib/python3.6/site-packages/airflow/example_dags/example_branch_python_dop_operator_3.py
[2021-10-16 00:59:45,598] {processor.py:620} INFO - Processing file /home/airflow/.local/lib/python3.6/site-packages/airflow/example_dags/example_branch_python_dop_operator_3.py for tasks to queue
[2021-10-16 00:59:45,599] {logging_mixin.py:109} INFO - [2021-10-16 00:59:45,599] {dagbag.py:500} INFO - Filling up the DagBag from /home/airflow/.local/lib/python3.6/site-packages/airflow/example_dags/example_branch_python_dop_operator_3.py
[2021-10-16 00:59:45,664] {processor.py:632} INFO - DAG(s) dict_keys(['example_branch_dop_operator_v3']) retrieved from /home/airflow/.local/lib/python3.6/site-packages/airflow/example_dags/example_branch_python_dop_operator_3.py
[2021-10-16 00:59:45,683] {logging_mixin.py:109} INFO - [2021-10-16 00:59:45,683] {dag.py:2389} INFO - Sync 1 DAGs
[2021-10-16 00:59:45,748] {logging_mixin.py:109} INFO - [2021-10-16 00:59:45,748] {dag.py:2914} INFO - Setting next_dagrun for example_branch_dop_operator_v3 to 2021-10-16T00:58:00+00:00
[2021-10-16 00:59:45,770] {processor.py:171} INFO - Processing /home/airflow/.local/lib/python3.6/site-packages/airflow/example_dags/example_branch_python_dop_operator_3.py took 0.186 seconds
[2021-10-16 01:00:16,147] {processor.py:163} INFO - Started process (PID=769) to work on /home/airflow/.local/lib/python3.6/site-packages/airflow/example_dags/example_branch_python_dop_operator_3.py
[2021-10-16 01:00:16,161] {processor.py:620} INFO - Processing file /home/airflow/.local/lib/python3.6/site-packages/airflow/example_dags/example_branch_python_dop_operator_3.py for tasks to queue
[2021-10-16 01:00:16,163] {logging_mixin.py:109} INFO - [2021-10-16 01:00:16,163] {dagbag.py:500} INFO - Filling up the DagBag from /home/airflow/.local/lib/python3.6/site-packages/airflow/example_dags/example_branch_python_dop_operator_3.py
[2021-10-16 01:00:16,251] {processor.py:632} INFO - DAG(s) dict_keys(['example_branch_dop_operator_v3']) retrieved from /home/airflow/.local/lib/python3.6/site-packages/airflow/example_dags/example_branch_python_dop_operator_3.py
[2021-10-16 01:00:16,274] {logging_mixin.py:109} INFO - [2021-10-16 01:00:16,274] {dag.py:2389} INFO - Sync 1 DAGs
[2021-10-16 01:00:16,311] {logging_mixin.py:109} INFO - [2021-10-16 01:00:16,311] {dag.py:2914} INFO - Setting next_dagrun for example_branch_dop_operator_v3 to 2021-10-16T00:59:00+00:00
[2021-10-16 01:00:16,326] {processor.py:171} INFO - Processing /home/airflow/.local/lib/python3.6/site-packages/airflow/example_dags/example_branch_python_dop_operator_3.py took 0.184 seconds
[2021-10-16 01:00:46,585] {processor.py:163} INFO - Started process (PID=824) to work on /home/airflow/.local/lib/python3.6/site-packages/airflow/example_dags/example_branch_python_dop_operator_3.py
[2021-10-16 01:00:46,588] {processor.py:620} INFO - Processing file /home/airflow/.local/lib/python3.6/site-packages/airflow/example_dags/example_branch_python_dop_operator_3.py for tasks to queue
[2021-10-16 01:00:46,589] {logging_mixin.py:109} INFO - [2021-10-16 01:00:46,589] {dagbag.py:500} INFO - Filling up the DagBag from /home/airflow/.local/lib/python3.6/site-packages/airflow/example_dags/example_branch_python_dop_operator_3.py
[2021-10-16 01:00:46,646] {processor.py:632} INFO - DAG(s) dict_keys(['example_branch_dop_operator_v3']) retrieved from /home/airflow/.local/lib/python3.6/site-packages/airflow/example_dags/example_branch_python_dop_operator_3.py
[2021-10-16 01:00:46,667] {logging_mixin.py:109} INFO - [2021-10-16 01:00:46,667] {dag.py:2389} INFO - Sync 1 DAGs
[2021-10-16 01:00:46,720] {logging_mixin.py:109} INFO - [2021-10-16 01:00:46,720] {dag.py:2914} INFO - Setting next_dagrun for example_branch_dop_operator_v3 to 2021-10-16T00:59:00+00:00
[2021-10-16 01:00:46,731] {processor.py:171} INFO - Processing /home/airflow/.local/lib/python3.6/site-packages/airflow/example_dags/example_branch_python_dop_operator_3.py took 0.153 seconds
[2021-10-16 01:01:16,916] {processor.py:163} INFO - Started process (PID=891) to work on /home/airflow/.local/lib/python3.6/site-packages/airflow/example_dags/example_branch_python_dop_operator_3.py
[2021-10-16 01:01:16,919] {processor.py:620} INFO - Processing file /home/airflow/.local/lib/python3.6/site-packages/airflow/example_dags/example_branch_python_dop_operator_3.py for tasks to queue
[2021-10-16 01:01:16,921] {logging_mixin.py:109} INFO - [2021-10-16 01:01:16,921] {dagbag.py:500} INFO - Filling up the DagBag from /home/airflow/.local/lib/python3.6/site-packages/airflow/example_dags/example_branch_python_dop_operator_3.py
[2021-10-16 01:01:16,981] {processor.py:632} INFO - DAG(s) dict_keys(['example_branch_dop_operator_v3']) retrieved from /home/airflow/.local/lib/python3.6/site-packages/airflow/example_dags/example_branch_python_dop_operator_3.py
[2021-10-16 01:01:17,002] {logging_mixin.py:109} INFO - [2021-10-16 01:01:17,002] {dag.py:2389} INFO - Sync 1 DAGs
[2021-10-16 01:01:17,042] {logging_mixin.py:109} INFO - [2021-10-16 01:01:17,042] {dag.py:2914} INFO - Setting next_dagrun for example_branch_dop_operator_v3 to 2021-10-16T01:00:00+00:00
[2021-10-16 01:01:17,054] {processor.py:171} INFO - Processing /home/airflow/.local/lib/python3.6/site-packages/airflow/example_dags/example_branch_python_dop_operator_3.py took 0.146 seconds
[2021-10-16 01:01:47,741] {processor.py:163} INFO - Started process (PID=946) to work on /home/airflow/.local/lib/python3.6/site-packages/airflow/example_dags/example_branch_python_dop_operator_3.py
[2021-10-16 01:01:47,744] {processor.py:620} INFO - Processing file /home/airflow/.local/lib/python3.6/site-packages/airflow/example_dags/example_branch_python_dop_operator_3.py for tasks to queue
[2021-10-16 01:01:47,746] {logging_mixin.py:109} INFO - [2021-10-16 01:01:47,745] {dagbag.py:500} INFO - Filling up the DagBag from /home/airflow/.local/lib/python3.6/site-packages/airflow/example_dags/example_branch_python_dop_operator_3.py
[2021-10-16 01:01:47,798] {processor.py:632} INFO - DAG(s) dict_keys(['example_branch_dop_operator_v3']) retrieved from /home/airflow/.local/lib/python3.6/site-packages/airflow/example_dags/example_branch_python_dop_operator_3.py
[2021-10-16 01:01:47,827] {logging_mixin.py:109} INFO - [2021-10-16 01:01:47,827] {dag.py:2389} INFO - Sync 1 DAGs
[2021-10-16 01:01:47,902] {logging_mixin.py:109} INFO - [2021-10-16 01:01:47,902] {dag.py:2914} INFO - Setting next_dagrun for example_branch_dop_operator_v3 to 2021-10-16T01:00:00+00:00
[2021-10-16 01:01:47,912] {processor.py:171} INFO - Processing /home/airflow/.local/lib/python3.6/site-packages/airflow/example_dags/example_branch_python_dop_operator_3.py took 0.176 seconds
[2021-10-16 01:02:18,744] {processor.py:163} INFO - Started process (PID=1013) to work on /home/airflow/.local/lib/python3.6/site-packages/airflow/example_dags/example_branch_python_dop_operator_3.py
[2021-10-16 01:02:18,746] {processor.py:620} INFO - Processing file /home/airflow/.local/lib/python3.6/site-packages/airflow/example_dags/example_branch_python_dop_operator_3.py for tasks to queue
[2021-10-16 01:02:18,751] {logging_mixin.py:109} INFO - [2021-10-16 01:02:18,751] {dagbag.py:500} INFO - Filling up the DagBag from /home/airflow/.local/lib/python3.6/site-packages/airflow/example_dags/example_branch_python_dop_operator_3.py
[2021-10-16 01:02:18,824] {processor.py:632} INFO - DAG(s) dict_keys(['example_branch_dop_operator_v3']) retrieved from /home/airflow/.local/lib/python3.6/site-packages/airflow/example_dags/example_branch_python_dop_operator_3.py
[2021-10-16 01:02:18,838] {logging_mixin.py:109} INFO - [2021-10-16 01:02:18,838] {dag.py:2389} INFO - Sync 1 DAGs
[2021-10-16 01:02:18,862] {logging_mixin.py:109} INFO - [2021-10-16 01:02:18,862] {dag.py:2914} INFO - Setting next_dagrun for example_branch_dop_operator_v3 to 2021-10-16T01:01:00+00:00
[2021-10-16 01:02:18,875] {processor.py:171} INFO - Processing /home/airflow/.local/lib/python3.6/site-packages/airflow/example_dags/example_branch_python_dop_operator_3.py took 0.148 seconds
[2021-10-16 01:02:49,251] {processor.py:163} INFO - Started process (PID=1071) to work on /home/airflow/.local/lib/python3.6/site-packages/airflow/example_dags/example_branch_python_dop_operator_3.py
[2021-10-16 01:02:49,253] {processor.py:620} INFO - Processing file /home/airflow/.local/lib/python3.6/site-packages/airflow/example_dags/example_branch_python_dop_operator_3.py for tasks to queue
[2021-10-16 01:02:49,255] {logging_mixin.py:109} INFO - [2021-10-16 01:02:49,255] {dagbag.py:500} INFO - Filling up the DagBag from /home/airflow/.local/lib/python3.6/site-packages/airflow/example_dags/example_branch_python_dop_operator_3.py
[2021-10-16 01:02:49,327] {processor.py:632} INFO - DAG(s) dict_keys(['example_branch_dop_operator_v3']) retrieved from /home/airflow/.local/lib/python3.6/site-packages/airflow/example_dags/example_branch_python_dop_operator_3.py
[2021-10-16 01:02:49,352] {logging_mixin.py:109} INFO - [2021-10-16 01:02:49,351] {dag.py:2389} INFO - Sync 1 DAGs
[2021-10-16 01:02:49,391] {logging_mixin.py:109} INFO - [2021-10-16 01:02:49,391] {dag.py:2914} INFO - Setting next_dagrun for example_branch_dop_operator_v3 to 2021-10-16T01:01:00+00:00
[2021-10-16 01:02:49,403] {processor.py:171} INFO - Processing /home/airflow/.local/lib/python3.6/site-packages/airflow/example_dags/example_branch_python_dop_operator_3.py took 0.156 seconds
[2021-10-16 01:03:19,552] {processor.py:163} INFO - Started process (PID=1123) to work on /home/airflow/.local/lib/python3.6/site-packages/airflow/example_dags/example_branch_python_dop_operator_3.py
[2021-10-16 01:03:19,555] {processor.py:620} INFO - Processing file /home/airflow/.local/lib/python3.6/site-packages/airflow/example_dags/example_branch_python_dop_operator_3.py for tasks to queue
[2021-10-16 01:03:19,557] {logging_mixin.py:109} INFO - [2021-10-16 01:03:19,556] {dagbag.py:500} INFO - Filling up the DagBag from /home/airflow/.local/lib/python3.6/site-packages/airflow/example_dags/example_branch_python_dop_operator_3.py
[2021-10-16 01:03:19,593] {processor.py:632} INFO - DAG(s) dict_keys(['example_branch_dop_operator_v3']) retrieved from /home/airflow/.local/lib/python3.6/site-packages/airflow/example_dags/example_branch_python_dop_operator_3.py
[2021-10-16 01:03:19,611] {logging_mixin.py:109} INFO - [2021-10-16 01:03:19,610] {dag.py:2389} INFO - Sync 1 DAGs
[2021-10-16 01:03:19,637] {logging_mixin.py:109} INFO - [2021-10-16 01:03:19,637] {dag.py:2914} INFO - Setting next_dagrun for example_branch_dop_operator_v3 to 2021-10-16T01:02:00+00:00
[2021-10-16 01:03:19,656] {processor.py:171} INFO - Processing /home/airflow/.local/lib/python3.6/site-packages/airflow/example_dags/example_branch_python_dop_operator_3.py took 0.107 seconds
[2021-10-16 01:03:49,881] {processor.py:163} INFO - Started process (PID=1188) to work on /home/airflow/.local/lib/python3.6/site-packages/airflow/example_dags/example_branch_python_dop_operator_3.py
[2021-10-16 01:03:49,883] {processor.py:620} INFO - Processing file /home/airflow/.local/lib/python3.6/site-packages/airflow/example_dags/example_branch_python_dop_operator_3.py for tasks to queue
[2021-10-16 01:03:49,885] {logging_mixin.py:109} INFO - [2021-10-16 01:03:49,885] {dagbag.py:500} INFO - Filling up the DagBag from /home/airflow/.local/lib/python3.6/site-packages/airflow/example_dags/example_branch_python_dop_operator_3.py
[2021-10-16 01:03:49,940] {processor.py:632} INFO - DAG(s) dict_keys(['example_branch_dop_operator_v3']) retrieved from /home/airflow/.local/lib/python3.6/site-packages/airflow/example_dags/example_branch_python_dop_operator_3.py
[2021-10-16 01:03:49,968] {logging_mixin.py:109} INFO - [2021-10-16 01:03:49,968] {dag.py:2389} INFO - Sync 1 DAGs
[2021-10-16 01:03:50,026] {logging_mixin.py:109} INFO - [2021-10-16 01:03:50,026] {dag.py:2914} INFO - Setting next_dagrun for example_branch_dop_operator_v3 to 2021-10-16T01:02:00+00:00
[2021-10-16 01:03:50,048] {processor.py:171} INFO - Processing /home/airflow/.local/lib/python3.6/site-packages/airflow/example_dags/example_branch_python_dop_operator_3.py took 0.172 seconds
[2021-10-16 01:04:20,913] {processor.py:163} INFO - Started process (PID=1243) to work on /home/airflow/.local/lib/python3.6/site-packages/airflow/example_dags/example_branch_python_dop_operator_3.py
[2021-10-16 01:04:20,919] {processor.py:620} INFO - Processing file /home/airflow/.local/lib/python3.6/site-packages/airflow/example_dags/example_branch_python_dop_operator_3.py for tasks to queue
[2021-10-16 01:04:20,928] {logging_mixin.py:109} INFO - [2021-10-16 01:04:20,928] {dagbag.py:500} INFO - Filling up the DagBag from /home/airflow/.local/lib/python3.6/site-packages/airflow/example_dags/example_branch_python_dop_operator_3.py
[2021-10-16 01:04:20,986] {processor.py:632} INFO - DAG(s) dict_keys(['example_branch_dop_operator_v3']) retrieved from /home/airflow/.local/lib/python3.6/site-packages/airflow/example_dags/example_branch_python_dop_operator_3.py
[2021-10-16 01:04:21,031] {logging_mixin.py:109} INFO - [2021-10-16 01:04:21,031] {dag.py:2389} INFO - Sync 1 DAGs
[2021-10-16 01:04:21,083] {logging_mixin.py:109} INFO - [2021-10-16 01:04:21,083] {dag.py:2914} INFO - Setting next_dagrun for example_branch_dop_operator_v3 to 2021-10-16T01:03:00+00:00
[2021-10-16 01:04:21,099] {processor.py:171} INFO - Processing /home/airflow/.local/lib/python3.6/site-packages/airflow/example_dags/example_branch_python_dop_operator_3.py took 0.198 seconds
[2021-10-16 01:04:51,295] {processor.py:163} INFO - Started process (PID=1297) to work on /home/airflow/.local/lib/python3.6/site-packages/airflow/example_dags/example_branch_python_dop_operator_3.py
[2021-10-16 01:04:51,299] {processor.py:620} INFO - Processing file /home/airflow/.local/lib/python3.6/site-packages/airflow/example_dags/example_branch_python_dop_operator_3.py for tasks to queue
[2021-10-16 01:04:51,301] {logging_mixin.py:109} INFO - [2021-10-16 01:04:51,301] {dagbag.py:500} INFO - Filling up the DagBag from /home/airflow/.local/lib/python3.6/site-packages/airflow/example_dags/example_branch_python_dop_operator_3.py
[2021-10-16 01:04:51,358] {processor.py:632} INFO - DAG(s) dict_keys(['example_branch_dop_operator_v3']) retrieved from /home/airflow/.local/lib/python3.6/site-packages/airflow/example_dags/example_branch_python_dop_operator_3.py
[2021-10-16 01:04:51,375] {logging_mixin.py:109} INFO - [2021-10-16 01:04:51,375] {dag.py:2389} INFO - Sync 1 DAGs
[2021-10-16 01:04:51,407] {logging_mixin.py:109} INFO - [2021-10-16 01:04:51,407] {dag.py:2914} INFO - Setting next_dagrun for example_branch_dop_operator_v3 to 2021-10-16T01:03:00+00:00
[2021-10-16 01:04:51,418] {processor.py:171} INFO - Processing /home/airflow/.local/lib/python3.6/site-packages/airflow/example_dags/example_branch_python_dop_operator_3.py took 0.130 seconds
[2021-10-16 01:05:21,820] {processor.py:163} INFO - Started process (PID=1352) to work on /home/airflow/.local/lib/python3.6/site-packages/airflow/example_dags/example_branch_python_dop_operator_3.py
[2021-10-16 01:05:21,871] {processor.py:620} INFO - Processing file /home/airflow/.local/lib/python3.6/site-packages/airflow/example_dags/example_branch_python_dop_operator_3.py for tasks to queue
[2021-10-16 01:05:21,878] {logging_mixin.py:109} INFO - [2021-10-16 01:05:21,878] {dagbag.py:500} INFO - Filling up the DagBag from /home/airflow/.local/lib/python3.6/site-packages/airflow/example_dags/example_branch_python_dop_operator_3.py
[2021-10-16 01:05:22,327] {processor.py:632} INFO - DAG(s) dict_keys(['example_branch_dop_operator_v3']) retrieved from /home/airflow/.local/lib/python3.6/site-packages/airflow/example_dags/example_branch_python_dop_operator_3.py
[2021-10-16 01:05:22,629] {logging_mixin.py:109} INFO - [2021-10-16 01:05:22,629] {dag.py:2389} INFO - Sync 1 DAGs
[2021-10-16 01:05:22,869] {logging_mixin.py:109} INFO - [2021-10-16 01:05:22,869] {dag.py:2914} INFO - Setting next_dagrun for example_branch_dop_operator_v3 to 2021-10-16T01:04:00+00:00
[2021-10-16 01:05:22,927] {processor.py:171} INFO - Processing /home/airflow/.local/lib/python3.6/site-packages/airflow/example_dags/example_branch_python_dop_operator_3.py took 1.255 seconds
[2021-10-16 01:05:53,948] {processor.py:163} INFO - Started process (PID=1405) to work on /home/airflow/.local/lib/python3.6/site-packages/airflow/example_dags/example_branch_python_dop_operator_3.py
[2021-10-16 01:05:53,957] {processor.py:620} INFO - Processing file /home/airflow/.local/lib/python3.6/site-packages/airflow/example_dags/example_branch_python_dop_operator_3.py for tasks to queue
[2021-10-16 01:05:53,959] {logging_mixin.py:109} INFO - [2021-10-16 01:05:53,959] {dagbag.py:500} INFO - Filling up the DagBag from /home/airflow/.local/lib/python3.6/site-packages/airflow/example_dags/example_branch_python_dop_operator_3.py
[2021-10-16 01:05:53,994] {processor.py:632} INFO - DAG(s) dict_keys(['example_branch_dop_operator_v3']) retrieved from /home/airflow/.local/lib/python3.6/site-packages/airflow/example_dags/example_branch_python_dop_operator_3.py
[2021-10-16 01:05:54,006] {logging_mixin.py:109} INFO - [2021-10-16 01:05:54,006] {dag.py:2389} INFO - Sync 1 DAGs
[2021-10-16 01:05:54,031] {logging_mixin.py:109} INFO - [2021-10-16 01:05:54,031] {dag.py:2914} INFO - Setting next_dagrun for example_branch_dop_operator_v3 to 2021-10-16T01:04:00+00:00
[2021-10-16 01:05:54,043] {processor.py:171} INFO - Processing /home/airflow/.local/lib/python3.6/site-packages/airflow/example_dags/example_branch_python_dop_operator_3.py took 0.102 seconds
[2021-10-16 01:06:24,728] {processor.py:163} INFO - Started process (PID=1471) to work on /home/airflow/.local/lib/python3.6/site-packages/airflow/example_dags/example_branch_python_dop_operator_3.py
[2021-10-16 01:06:24,738] {processor.py:620} INFO - Processing file /home/airflow/.local/lib/python3.6/site-packages/airflow/example_dags/example_branch_python_dop_operator_3.py for tasks to queue
[2021-10-16 01:06:24,740] {logging_mixin.py:109} INFO - [2021-10-16 01:06:24,740] {dagbag.py:500} INFO - Filling up the DagBag from /home/airflow/.local/lib/python3.6/site-packages/airflow/example_dags/example_branch_python_dop_operator_3.py
[2021-10-16 01:06:24,795] {processor.py:632} INFO - DAG(s) dict_keys(['example_branch_dop_operator_v3']) retrieved from /home/airflow/.local/lib/python3.6/site-packages/airflow/example_dags/example_branch_python_dop_operator_3.py
[2021-10-16 01:06:24,822] {logging_mixin.py:109} INFO - [2021-10-16 01:06:24,817] {dag.py:2389} INFO - Sync 1 DAGs
[2021-10-16 01:06:24,908] {logging_mixin.py:109} INFO - [2021-10-16 01:06:24,908] {dag.py:2914} INFO - Setting next_dagrun for example_branch_dop_operator_v3 to 2021-10-16T01:05:00+00:00
[2021-10-16 01:06:24,932] {processor.py:171} INFO - Processing /home/airflow/.local/lib/python3.6/site-packages/airflow/example_dags/example_branch_python_dop_operator_3.py took 0.208 seconds
[2021-10-16 01:06:55,636] {processor.py:163} INFO - Started process (PID=1524) to work on /home/airflow/.local/lib/python3.6/site-packages/airflow/example_dags/example_branch_python_dop_operator_3.py
[2021-10-16 01:06:55,643] {processor.py:620} INFO - Processing file /home/airflow/.local/lib/python3.6/site-packages/airflow/example_dags/example_branch_python_dop_operator_3.py for tasks to queue
[2021-10-16 01:06:55,645] {logging_mixin.py:109} INFO - [2021-10-16 01:06:55,645] {dagbag.py:500} INFO - Filling up the DagBag from /home/airflow/.local/lib/python3.6/site-packages/airflow/example_dags/example_branch_python_dop_operator_3.py
[2021-10-16 01:06:55,680] {processor.py:632} INFO - DAG(s) dict_keys(['example_branch_dop_operator_v3']) retrieved from /home/airflow/.local/lib/python3.6/site-packages/airflow/example_dags/example_branch_python_dop_operator_3.py
[2021-10-16 01:06:55,693] {logging_mixin.py:109} INFO - [2021-10-16 01:06:55,693] {dag.py:2389} INFO - Sync 1 DAGs
[2021-10-16 01:06:55,725] {logging_mixin.py:109} INFO - [2021-10-16 01:06:55,724] {dag.py:2914} INFO - Setting next_dagrun for example_branch_dop_operator_v3 to 2021-10-16T01:05:00+00:00
[2021-10-16 01:06:55,743] {processor.py:171} INFO - Processing /home/airflow/.local/lib/python3.6/site-packages/airflow/example_dags/example_branch_python_dop_operator_3.py took 0.111 seconds
[2021-10-16 01:07:25,808] {processor.py:163} INFO - Started process (PID=1578) to work on /home/airflow/.local/lib/python3.6/site-packages/airflow/example_dags/example_branch_python_dop_operator_3.py
[2021-10-16 01:07:25,811] {processor.py:620} INFO - Processing file /home/airflow/.local/lib/python3.6/site-packages/airflow/example_dags/example_branch_python_dop_operator_3.py for tasks to queue
[2021-10-16 01:07:25,813] {logging_mixin.py:109} INFO - [2021-10-16 01:07:25,813] {dagbag.py:500} INFO - Filling up the DagBag from /home/airflow/.local/lib/python3.6/site-packages/airflow/example_dags/example_branch_python_dop_operator_3.py
[2021-10-16 01:07:25,843] {processor.py:632} INFO - DAG(s) dict_keys(['example_branch_dop_operator_v3']) retrieved from /home/airflow/.local/lib/python3.6/site-packages/airflow/example_dags/example_branch_python_dop_operator_3.py
[2021-10-16 01:07:25,863] {logging_mixin.py:109} INFO - [2021-10-16 01:07:25,863] {dag.py:2389} INFO - Sync 1 DAGs
[2021-10-16 01:07:25,890] {logging_mixin.py:109} INFO - [2021-10-16 01:07:25,890] {dag.py:2914} INFO - Setting next_dagrun for example_branch_dop_operator_v3 to 2021-10-16T01:06:00+00:00
[2021-10-16 01:07:25,901] {processor.py:171} INFO - Processing /home/airflow/.local/lib/python3.6/site-packages/airflow/example_dags/example_branch_python_dop_operator_3.py took 0.098 seconds
[2021-10-16 01:07:56,222] {processor.py:163} INFO - Started process (PID=1644) to work on /home/airflow/.local/lib/python3.6/site-packages/airflow/example_dags/example_branch_python_dop_operator_3.py
[2021-10-16 01:07:56,230] {processor.py:620} INFO - Processing file /home/airflow/.local/lib/python3.6/site-packages/airflow/example_dags/example_branch_python_dop_operator_3.py for tasks to queue
[2021-10-16 01:07:56,232] {logging_mixin.py:109} INFO - [2021-10-16 01:07:56,231] {dagbag.py:500} INFO - Filling up the DagBag from /home/airflow/.local/lib/python3.6/site-packages/airflow/example_dags/example_branch_python_dop_operator_3.py
[2021-10-16 01:07:56,264] {processor.py:632} INFO - DAG(s) dict_keys(['example_branch_dop_operator_v3']) retrieved from /home/airflow/.local/lib/python3.6/site-packages/airflow/example_dags/example_branch_python_dop_operator_3.py
[2021-10-16 01:07:56,277] {logging_mixin.py:109} INFO - [2021-10-16 01:07:56,277] {dag.py:2389} INFO - Sync 1 DAGs
[2021-10-16 01:07:56,302] {logging_mixin.py:109} INFO - [2021-10-16 01:07:56,302] {dag.py:2914} INFO - Setting next_dagrun for example_branch_dop_operator_v3 to 2021-10-16T01:06:00+00:00
[2021-10-16 01:07:56,315] {processor.py:171} INFO - Processing /home/airflow/.local/lib/python3.6/site-packages/airflow/example_dags/example_branch_python_dop_operator_3.py took 0.099 seconds
[2021-10-16 01:08:26,425] {processor.py:163} INFO - Started process (PID=1700) to work on /home/airflow/.local/lib/python3.6/site-packages/airflow/example_dags/example_branch_python_dop_operator_3.py
[2021-10-16 01:08:26,427] {processor.py:620} INFO - Processing file /home/airflow/.local/lib/python3.6/site-packages/airflow/example_dags/example_branch_python_dop_operator_3.py for tasks to queue
[2021-10-16 01:08:26,430] {logging_mixin.py:109} INFO - [2021-10-16 01:08:26,429] {dagbag.py:500} INFO - Filling up the DagBag from /home/airflow/.local/lib/python3.6/site-packages/airflow/example_dags/example_branch_python_dop_operator_3.py
[2021-10-16 01:08:26,497] {processor.py:632} INFO - DAG(s) dict_keys(['example_branch_dop_operator_v3']) retrieved from /home/airflow/.local/lib/python3.6/site-packages/airflow/example_dags/example_branch_python_dop_operator_3.py
[2021-10-16 01:08:26,519] {logging_mixin.py:109} INFO - [2021-10-16 01:08:26,519] {dag.py:2389} INFO - Sync 1 DAGs
[2021-10-16 01:08:26,564] {logging_mixin.py:109} INFO - [2021-10-16 01:08:26,564] {dag.py:2914} INFO - Setting next_dagrun for example_branch_dop_operator_v3 to 2021-10-16T01:07:00+00:00
[2021-10-16 01:08:26,580] {processor.py:171} INFO - Processing /home/airflow/.local/lib/python3.6/site-packages/airflow/example_dags/example_branch_python_dop_operator_3.py took 0.170 seconds
[2021-10-16 01:08:56,806] {processor.py:163} INFO - Started process (PID=1754) to work on /home/airflow/.local/lib/python3.6/site-packages/airflow/example_dags/example_branch_python_dop_operator_3.py
[2021-10-16 01:08:56,809] {processor.py:620} INFO - Processing file /home/airflow/.local/lib/python3.6/site-packages/airflow/example_dags/example_branch_python_dop_operator_3.py for tasks to queue
[2021-10-16 01:08:56,810] {logging_mixin.py:109} INFO - [2021-10-16 01:08:56,810] {dagbag.py:500} INFO - Filling up the DagBag from /home/airflow/.local/lib/python3.6/site-packages/airflow/example_dags/example_branch_python_dop_operator_3.py
[2021-10-16 01:08:56,857] {processor.py:632} INFO - DAG(s) dict_keys(['example_branch_dop_operator_v3']) retrieved from /home/airflow/.local/lib/python3.6/site-packages/airflow/example_dags/example_branch_python_dop_operator_3.py
[2021-10-16 01:08:56,869] {logging_mixin.py:109} INFO - [2021-10-16 01:08:56,869] {dag.py:2389} INFO - Sync 1 DAGs
[2021-10-16 01:08:56,891] {logging_mixin.py:109} INFO - [2021-10-16 01:08:56,891] {dag.py:2914} INFO - Setting next_dagrun for example_branch_dop_operator_v3 to 2021-10-16T01:07:00+00:00
[2021-10-16 01:08:56,903] {processor.py:171} INFO - Processing /home/airflow/.local/lib/python3.6/site-packages/airflow/example_dags/example_branch_python_dop_operator_3.py took 0.102 seconds
[2021-10-16 01:09:28,110] {processor.py:163} INFO - Started process (PID=1823) to work on /home/airflow/.local/lib/python3.6/site-packages/airflow/example_dags/example_branch_python_dop_operator_3.py
[2021-10-16 01:09:28,113] {processor.py:620} INFO - Processing file /home/airflow/.local/lib/python3.6/site-packages/airflow/example_dags/example_branch_python_dop_operator_3.py for tasks to queue
[2021-10-16 01:09:28,115] {logging_mixin.py:109} INFO - [2021-10-16 01:09:28,114] {dagbag.py:500} INFO - Filling up the DagBag from /home/airflow/.local/lib/python3.6/site-packages/airflow/example_dags/example_branch_python_dop_operator_3.py
[2021-10-16 01:09:28,177] {processor.py:632} INFO - DAG(s) dict_keys(['example_branch_dop_operator_v3']) retrieved from /home/airflow/.local/lib/python3.6/site-packages/airflow/example_dags/example_branch_python_dop_operator_3.py
[2021-10-16 01:09:28,203] {logging_mixin.py:109} INFO - [2021-10-16 01:09:28,201] {dag.py:2389} INFO - Sync 1 DAGs
[2021-10-16 01:09:28,249] {logging_mixin.py:109} INFO - [2021-10-16 01:09:28,249] {dag.py:2914} INFO - Setting next_dagrun for example_branch_dop_operator_v3 to 2021-10-16T01:08:00+00:00
[2021-10-16 01:09:28,267] {processor.py:171} INFO - Processing /home/airflow/.local/lib/python3.6/site-packages/airflow/example_dags/example_branch_python_dop_operator_3.py took 0.161 seconds
[2021-10-16 01:09:59,317] {processor.py:163} INFO - Started process (PID=1876) to work on /home/airflow/.local/lib/python3.6/site-packages/airflow/example_dags/example_branch_python_dop_operator_3.py
[2021-10-16 01:09:59,319] {processor.py:620} INFO - Processing file /home/airflow/.local/lib/python3.6/site-packages/airflow/example_dags/example_branch_python_dop_operator_3.py for tasks to queue
[2021-10-16 01:09:59,322] {logging_mixin.py:109} INFO - [2021-10-16 01:09:59,322] {dagbag.py:500} INFO - Filling up the DagBag from /home/airflow/.local/lib/python3.6/site-packages/airflow/example_dags/example_branch_python_dop_operator_3.py
[2021-10-16 01:09:59,388] {processor.py:632} INFO - DAG(s) dict_keys(['example_branch_dop_operator_v3']) retrieved from /home/airflow/.local/lib/python3.6/site-packages/airflow/example_dags/example_branch_python_dop_operator_3.py
[2021-10-16 01:09:59,412] {logging_mixin.py:109} INFO - [2021-10-16 01:09:59,412] {dag.py:2389} INFO - Sync 1 DAGs
[2021-10-16 01:09:59,514] {logging_mixin.py:109} INFO - [2021-10-16 01:09:59,514] {dag.py:2914} INFO - Setting next_dagrun for example_branch_dop_operator_v3 to 2021-10-16T01:08:00+00:00
[2021-10-16 01:09:59,583] {processor.py:171} INFO - Processing /home/airflow/.local/lib/python3.6/site-packages/airflow/example_dags/example_branch_python_dop_operator_3.py took 0.275 seconds
[2021-10-16 01:10:31,381] {processor.py:163} INFO - Started process (PID=1942) to work on /home/airflow/.local/lib/python3.6/site-packages/airflow/example_dags/example_branch_python_dop_operator_3.py
[2021-10-16 01:10:31,388] {processor.py:620} INFO - Processing file /home/airflow/.local/lib/python3.6/site-packages/airflow/example_dags/example_branch_python_dop_operator_3.py for tasks to queue
[2021-10-16 01:10:31,390] {logging_mixin.py:109} INFO - [2021-10-16 01:10:31,390] {dagbag.py:500} INFO - Filling up the DagBag from /home/airflow/.local/lib/python3.6/site-packages/airflow/example_dags/example_branch_python_dop_operator_3.py
[2021-10-16 01:10:31,537] {processor.py:632} INFO - DAG(s) dict_keys(['example_branch_dop_operator_v3']) retrieved from /home/airflow/.local/lib/python3.6/site-packages/airflow/example_dags/example_branch_python_dop_operator_3.py
[2021-10-16 01:10:31,573] {logging_mixin.py:109} INFO - [2021-10-16 01:10:31,573] {dag.py:2389} INFO - Sync 1 DAGs
[2021-10-16 01:10:31,665] {logging_mixin.py:109} INFO - [2021-10-16 01:10:31,665] {dag.py:2914} INFO - Setting next_dagrun for example_branch_dop_operator_v3 to 2021-10-16T01:09:00+00:00
[2021-10-16 01:10:31,712] {processor.py:171} INFO - Processing /home/airflow/.local/lib/python3.6/site-packages/airflow/example_dags/example_branch_python_dop_operator_3.py took 0.351 seconds
[2021-10-16 01:11:03,892] {processor.py:163} INFO - Started process (PID=1998) to work on /home/airflow/.local/lib/python3.6/site-packages/airflow/example_dags/example_branch_python_dop_operator_3.py
[2021-10-16 01:11:03,912] {processor.py:620} INFO - Processing file /home/airflow/.local/lib/python3.6/site-packages/airflow/example_dags/example_branch_python_dop_operator_3.py for tasks to queue
[2021-10-16 01:11:03,921] {logging_mixin.py:109} INFO - [2021-10-16 01:11:03,920] {dagbag.py:500} INFO - Filling up the DagBag from /home/airflow/.local/lib/python3.6/site-packages/airflow/example_dags/example_branch_python_dop_operator_3.py
[2021-10-16 01:11:04,002] {processor.py:632} INFO - DAG(s) dict_keys(['example_branch_dop_operator_v3']) retrieved from /home/airflow/.local/lib/python3.6/site-packages/airflow/example_dags/example_branch_python_dop_operator_3.py
[2021-10-16 01:11:04,061] {logging_mixin.py:109} INFO - [2021-10-16 01:11:04,061] {dag.py:2389} INFO - Sync 1 DAGs
[2021-10-16 01:11:04,127] {logging_mixin.py:109} INFO - [2021-10-16 01:11:04,127] {dag.py:2914} INFO - Setting next_dagrun for example_branch_dop_operator_v3 to 2021-10-16T01:10:00+00:00
[2021-10-16 01:11:04,152] {processor.py:171} INFO - Processing /home/airflow/.local/lib/python3.6/site-packages/airflow/example_dags/example_branch_python_dop_operator_3.py took 0.279 seconds
[2021-10-16 01:11:34,568] {processor.py:163} INFO - Started process (PID=2052) to work on /home/airflow/.local/lib/python3.6/site-packages/airflow/example_dags/example_branch_python_dop_operator_3.py
[2021-10-16 01:11:34,572] {processor.py:620} INFO - Processing file /home/airflow/.local/lib/python3.6/site-packages/airflow/example_dags/example_branch_python_dop_operator_3.py for tasks to queue
[2021-10-16 01:11:34,576] {logging_mixin.py:109} INFO - [2021-10-16 01:11:34,576] {dagbag.py:500} INFO - Filling up the DagBag from /home/airflow/.local/lib/python3.6/site-packages/airflow/example_dags/example_branch_python_dop_operator_3.py
[2021-10-16 01:11:34,614] {processor.py:632} INFO - DAG(s) dict_keys(['example_branch_dop_operator_v3']) retrieved from /home/airflow/.local/lib/python3.6/site-packages/airflow/example_dags/example_branch_python_dop_operator_3.py
[2021-10-16 01:11:34,627] {logging_mixin.py:109} INFO - [2021-10-16 01:11:34,626] {dag.py:2389} INFO - Sync 1 DAGs
[2021-10-16 01:11:34,649] {logging_mixin.py:109} INFO - [2021-10-16 01:11:34,649] {dag.py:2914} INFO - Setting next_dagrun for example_branch_dop_operator_v3 to 2021-10-16T01:10:00+00:00
[2021-10-16 01:11:34,662] {processor.py:171} INFO - Processing /home/airflow/.local/lib/python3.6/site-packages/airflow/example_dags/example_branch_python_dop_operator_3.py took 0.097 seconds
[2021-10-16 01:12:05,320] {processor.py:163} INFO - Started process (PID=2106) to work on /home/airflow/.local/lib/python3.6/site-packages/airflow/example_dags/example_branch_python_dop_operator_3.py
[2021-10-16 01:12:05,337] {processor.py:620} INFO - Processing file /home/airflow/.local/lib/python3.6/site-packages/airflow/example_dags/example_branch_python_dop_operator_3.py for tasks to queue
[2021-10-16 01:12:05,339] {logging_mixin.py:109} INFO - [2021-10-16 01:12:05,339] {dagbag.py:500} INFO - Filling up the DagBag from /home/airflow/.local/lib/python3.6/site-packages/airflow/example_dags/example_branch_python_dop_operator_3.py
[2021-10-16 01:12:05,480] {processor.py:632} INFO - DAG(s) dict_keys(['example_branch_dop_operator_v3']) retrieved from /home/airflow/.local/lib/python3.6/site-packages/airflow/example_dags/example_branch_python_dop_operator_3.py
[2021-10-16 01:12:05,538] {logging_mixin.py:109} INFO - [2021-10-16 01:12:05,538] {dag.py:2389} INFO - Sync 1 DAGs
[2021-10-16 01:12:05,634] {logging_mixin.py:109} INFO - [2021-10-16 01:12:05,634] {dag.py:2914} INFO - Setting next_dagrun for example_branch_dop_operator_v3 to 2021-10-16T01:11:00+00:00
[2021-10-16 01:12:05,693] {processor.py:171} INFO - Processing /home/airflow/.local/lib/python3.6/site-packages/airflow/example_dags/example_branch_python_dop_operator_3.py took 0.393 seconds
[2021-10-16 01:12:36,206] {processor.py:163} INFO - Started process (PID=2173) to work on /home/airflow/.local/lib/python3.6/site-packages/airflow/example_dags/example_branch_python_dop_operator_3.py
[2021-10-16 01:12:36,210] {processor.py:620} INFO - Processing file /home/airflow/.local/lib/python3.6/site-packages/airflow/example_dags/example_branch_python_dop_operator_3.py for tasks to queue
[2021-10-16 01:12:36,211] {logging_mixin.py:109} INFO - [2021-10-16 01:12:36,211] {dagbag.py:500} INFO - Filling up the DagBag from /home/airflow/.local/lib/python3.6/site-packages/airflow/example_dags/example_branch_python_dop_operator_3.py
[2021-10-16 01:12:36,311] {processor.py:632} INFO - DAG(s) dict_keys(['example_branch_dop_operator_v3']) retrieved from /home/airflow/.local/lib/python3.6/site-packages/airflow/example_dags/example_branch_python_dop_operator_3.py
[2021-10-16 01:12:36,345] {logging_mixin.py:109} INFO - [2021-10-16 01:12:36,344] {dag.py:2389} INFO - Sync 1 DAGs
[2021-10-16 01:12:36,428] {logging_mixin.py:109} INFO - [2021-10-16 01:12:36,428] {dag.py:2914} INFO - Setting next_dagrun for example_branch_dop_operator_v3 to 2021-10-16T01:11:00+00:00
[2021-10-16 01:12:36,458] {processor.py:171} INFO - Processing /home/airflow/.local/lib/python3.6/site-packages/airflow/example_dags/example_branch_python_dop_operator_3.py took 0.276 seconds
[2021-10-16 01:13:07,812] {processor.py:163} INFO - Started process (PID=2226) to work on /home/airflow/.local/lib/python3.6/site-packages/airflow/example_dags/example_branch_python_dop_operator_3.py
[2021-10-16 01:13:07,815] {processor.py:620} INFO - Processing file /home/airflow/.local/lib/python3.6/site-packages/airflow/example_dags/example_branch_python_dop_operator_3.py for tasks to queue
[2021-10-16 01:13:07,817] {logging_mixin.py:109} INFO - [2021-10-16 01:13:07,817] {dagbag.py:500} INFO - Filling up the DagBag from /home/airflow/.local/lib/python3.6/site-packages/airflow/example_dags/example_branch_python_dop_operator_3.py
[2021-10-16 01:13:07,978] {processor.py:632} INFO - DAG(s) dict_keys(['example_branch_dop_operator_v3']) retrieved from /home/airflow/.local/lib/python3.6/site-packages/airflow/example_dags/example_branch_python_dop_operator_3.py
[2021-10-16 01:13:08,063] {logging_mixin.py:109} INFO - [2021-10-16 01:13:08,063] {dag.py:2389} INFO - Sync 1 DAGs
[2021-10-16 01:13:08,168] {logging_mixin.py:109} INFO - [2021-10-16 01:13:08,164] {dag.py:2914} INFO - Setting next_dagrun for example_branch_dop_operator_v3 to 2021-10-16T01:12:00+00:00
[2021-10-16 01:13:08,222] {processor.py:171} INFO - Processing /home/airflow/.local/lib/python3.6/site-packages/airflow/example_dags/example_branch_python_dop_operator_3.py took 0.424 seconds
[2021-10-16 01:13:38,602] {processor.py:163} INFO - Started process (PID=2281) to work on /home/airflow/.local/lib/python3.6/site-packages/airflow/example_dags/example_branch_python_dop_operator_3.py
[2021-10-16 01:13:38,604] {processor.py:620} INFO - Processing file /home/airflow/.local/lib/python3.6/site-packages/airflow/example_dags/example_branch_python_dop_operator_3.py for tasks to queue
[2021-10-16 01:13:38,606] {logging_mixin.py:109} INFO - [2021-10-16 01:13:38,605] {dagbag.py:500} INFO - Filling up the DagBag from /home/airflow/.local/lib/python3.6/site-packages/airflow/example_dags/example_branch_python_dop_operator_3.py
[2021-10-16 01:13:38,647] {processor.py:632} INFO - DAG(s) dict_keys(['example_branch_dop_operator_v3']) retrieved from /home/airflow/.local/lib/python3.6/site-packages/airflow/example_dags/example_branch_python_dop_operator_3.py
[2021-10-16 01:13:38,662] {logging_mixin.py:109} INFO - [2021-10-16 01:13:38,662] {dag.py:2389} INFO - Sync 1 DAGs
[2021-10-16 01:13:38,696] {logging_mixin.py:109} INFO - [2021-10-16 01:13:38,696] {dag.py:2914} INFO - Setting next_dagrun for example_branch_dop_operator_v3 to 2021-10-16T01:12:00+00:00
[2021-10-16 01:13:38,717] {processor.py:171} INFO - Processing /home/airflow/.local/lib/python3.6/site-packages/airflow/example_dags/example_branch_python_dop_operator_3.py took 0.121 seconds
[2021-10-16 01:14:10,069] {processor.py:163} INFO - Started process (PID=2336) to work on /home/airflow/.local/lib/python3.6/site-packages/airflow/example_dags/example_branch_python_dop_operator_3.py
[2021-10-16 01:14:10,073] {processor.py:620} INFO - Processing file /home/airflow/.local/lib/python3.6/site-packages/airflow/example_dags/example_branch_python_dop_operator_3.py for tasks to queue
[2021-10-16 01:14:10,075] {logging_mixin.py:109} INFO - [2021-10-16 01:14:10,075] {dagbag.py:500} INFO - Filling up the DagBag from /home/airflow/.local/lib/python3.6/site-packages/airflow/example_dags/example_branch_python_dop_operator_3.py
[2021-10-16 01:14:10,176] {processor.py:632} INFO - DAG(s) dict_keys(['example_branch_dop_operator_v3']) retrieved from /home/airflow/.local/lib/python3.6/site-packages/airflow/example_dags/example_branch_python_dop_operator_3.py
[2021-10-16 01:14:10,213] {logging_mixin.py:109} INFO - [2021-10-16 01:14:10,213] {dag.py:2389} INFO - Sync 1 DAGs
[2021-10-16 01:14:10,298] {logging_mixin.py:109} INFO - [2021-10-16 01:14:10,297] {dag.py:2914} INFO - Setting next_dagrun for example_branch_dop_operator_v3 to 2021-10-16T01:13:00+00:00
[2021-10-16 01:14:10,338] {processor.py:171} INFO - Processing /home/airflow/.local/lib/python3.6/site-packages/airflow/example_dags/example_branch_python_dop_operator_3.py took 0.289 seconds
[2021-10-16 01:14:40,755] {processor.py:163} INFO - Started process (PID=2389) to work on /home/airflow/.local/lib/python3.6/site-packages/airflow/example_dags/example_branch_python_dop_operator_3.py
[2021-10-16 01:14:40,758] {processor.py:620} INFO - Processing file /home/airflow/.local/lib/python3.6/site-packages/airflow/example_dags/example_branch_python_dop_operator_3.py for tasks to queue
[2021-10-16 01:14:40,759] {logging_mixin.py:109} INFO - [2021-10-16 01:14:40,759] {dagbag.py:500} INFO - Filling up the DagBag from /home/airflow/.local/lib/python3.6/site-packages/airflow/example_dags/example_branch_python_dop_operator_3.py
[2021-10-16 01:14:40,799] {processor.py:632} INFO - DAG(s) dict_keys(['example_branch_dop_operator_v3']) retrieved from /home/airflow/.local/lib/python3.6/site-packages/airflow/example_dags/example_branch_python_dop_operator_3.py
[2021-10-16 01:14:40,817] {logging_mixin.py:109} INFO - [2021-10-16 01:14:40,817] {dag.py:2389} INFO - Sync 1 DAGs
[2021-10-16 01:14:40,844] {logging_mixin.py:109} INFO - [2021-10-16 01:14:40,843] {dag.py:2914} INFO - Setting next_dagrun for example_branch_dop_operator_v3 to 2021-10-16T01:13:00+00:00
[2021-10-16 01:14:40,858] {processor.py:171} INFO - Processing /home/airflow/.local/lib/python3.6/site-packages/airflow/example_dags/example_branch_python_dop_operator_3.py took 0.107 seconds
[2021-10-16 01:15:12,148] {processor.py:163} INFO - Started process (PID=2445) to work on /home/airflow/.local/lib/python3.6/site-packages/airflow/example_dags/example_branch_python_dop_operator_3.py
[2021-10-16 01:15:12,156] {processor.py:620} INFO - Processing file /home/airflow/.local/lib/python3.6/site-packages/airflow/example_dags/example_branch_python_dop_operator_3.py for tasks to queue
[2021-10-16 01:15:12,161] {logging_mixin.py:109} INFO - [2021-10-16 01:15:12,158] {dagbag.py:500} INFO - Filling up the DagBag from /home/airflow/.local/lib/python3.6/site-packages/airflow/example_dags/example_branch_python_dop_operator_3.py
[2021-10-16 01:15:12,276] {processor.py:632} INFO - DAG(s) dict_keys(['example_branch_dop_operator_v3']) retrieved from /home/airflow/.local/lib/python3.6/site-packages/airflow/example_dags/example_branch_python_dop_operator_3.py
[2021-10-16 01:15:12,314] {logging_mixin.py:109} INFO - [2021-10-16 01:15:12,314] {dag.py:2389} INFO - Sync 1 DAGs
[2021-10-16 01:15:12,413] {logging_mixin.py:109} INFO - [2021-10-16 01:15:12,413] {dag.py:2914} INFO - Setting next_dagrun for example_branch_dop_operator_v3 to 2021-10-16T01:14:00+00:00
[2021-10-16 01:15:12,451] {processor.py:171} INFO - Processing /home/airflow/.local/lib/python3.6/site-packages/airflow/example_dags/example_branch_python_dop_operator_3.py took 0.324 seconds
