[2021-10-16 00:54:06,016] {processor.py:163} INFO - Started process (PID=97) to work on /home/airflow/.local/lib/python3.6/site-packages/airflow/example_dags/example_kubernetes_executor_config.py
[2021-10-16 00:54:06,031] {processor.py:620} INFO - Processing file /home/airflow/.local/lib/python3.6/site-packages/airflow/example_dags/example_kubernetes_executor_config.py for tasks to queue
[2021-10-16 00:54:06,034] {logging_mixin.py:109} INFO - [2021-10-16 00:54:06,034] {dagbag.py:500} INFO - Filling up the DagBag from /home/airflow/.local/lib/python3.6/site-packages/airflow/example_dags/example_kubernetes_executor_config.py
[2021-10-16 00:54:06,267] {processor.py:632} INFO - DAG(s) dict_keys(['example_kubernetes_executor_config']) retrieved from /home/airflow/.local/lib/python3.6/site-packages/airflow/example_dags/example_kubernetes_executor_config.py
[2021-10-16 00:54:06,396] {logging_mixin.py:109} INFO - [2021-10-16 00:54:06,396] {dag.py:2389} INFO - Sync 1 DAGs
[2021-10-16 00:54:06,506] {logging_mixin.py:109} INFO - [2021-10-16 00:54:06,506] {dag.py:2914} INFO - Setting next_dagrun for example_kubernetes_executor_config to None
[2021-10-16 00:54:06,556] {processor.py:171} INFO - Processing /home/airflow/.local/lib/python3.6/site-packages/airflow/example_dags/example_kubernetes_executor_config.py took 0.562 seconds
[2021-10-16 00:54:37,329] {processor.py:163} INFO - Started process (PID=138) to work on /home/airflow/.local/lib/python3.6/site-packages/airflow/example_dags/example_kubernetes_executor_config.py
[2021-10-16 00:54:37,333] {processor.py:620} INFO - Processing file /home/airflow/.local/lib/python3.6/site-packages/airflow/example_dags/example_kubernetes_executor_config.py for tasks to queue
[2021-10-16 00:54:37,337] {logging_mixin.py:109} INFO - [2021-10-16 00:54:37,336] {dagbag.py:500} INFO - Filling up the DagBag from /home/airflow/.local/lib/python3.6/site-packages/airflow/example_dags/example_kubernetes_executor_config.py
[2021-10-16 00:54:37,425] {processor.py:632} INFO - DAG(s) dict_keys(['example_kubernetes_executor_config']) retrieved from /home/airflow/.local/lib/python3.6/site-packages/airflow/example_dags/example_kubernetes_executor_config.py
[2021-10-16 00:54:37,450] {logging_mixin.py:109} INFO - [2021-10-16 00:54:37,450] {dag.py:2389} INFO - Sync 1 DAGs
[2021-10-16 00:54:37,476] {logging_mixin.py:109} INFO - [2021-10-16 00:54:37,476] {dag.py:2914} INFO - Setting next_dagrun for example_kubernetes_executor_config to None
[2021-10-16 00:54:37,506] {processor.py:171} INFO - Processing /home/airflow/.local/lib/python3.6/site-packages/airflow/example_dags/example_kubernetes_executor_config.py took 0.194 seconds
[2021-10-16 00:55:07,578] {processor.py:163} INFO - Started process (PID=203) to work on /home/airflow/.local/lib/python3.6/site-packages/airflow/example_dags/example_kubernetes_executor_config.py
[2021-10-16 00:55:07,580] {processor.py:620} INFO - Processing file /home/airflow/.local/lib/python3.6/site-packages/airflow/example_dags/example_kubernetes_executor_config.py for tasks to queue
[2021-10-16 00:55:07,582] {logging_mixin.py:109} INFO - [2021-10-16 00:55:07,582] {dagbag.py:500} INFO - Filling up the DagBag from /home/airflow/.local/lib/python3.6/site-packages/airflow/example_dags/example_kubernetes_executor_config.py
[2021-10-16 00:55:07,617] {processor.py:632} INFO - DAG(s) dict_keys(['example_kubernetes_executor_config']) retrieved from /home/airflow/.local/lib/python3.6/site-packages/airflow/example_dags/example_kubernetes_executor_config.py
[2021-10-16 00:55:07,634] {logging_mixin.py:109} INFO - [2021-10-16 00:55:07,634] {dag.py:2389} INFO - Sync 1 DAGs
[2021-10-16 00:55:07,670] {logging_mixin.py:109} INFO - [2021-10-16 00:55:07,670] {dag.py:2914} INFO - Setting next_dagrun for example_kubernetes_executor_config to None
[2021-10-16 00:55:07,688] {processor.py:171} INFO - Processing /home/airflow/.local/lib/python3.6/site-packages/airflow/example_dags/example_kubernetes_executor_config.py took 0.115 seconds
[2021-10-16 00:55:38,148] {processor.py:163} INFO - Started process (PID=256) to work on /home/airflow/.local/lib/python3.6/site-packages/airflow/example_dags/example_kubernetes_executor_config.py
[2021-10-16 00:55:38,151] {processor.py:620} INFO - Processing file /home/airflow/.local/lib/python3.6/site-packages/airflow/example_dags/example_kubernetes_executor_config.py for tasks to queue
[2021-10-16 00:55:38,152] {logging_mixin.py:109} INFO - [2021-10-16 00:55:38,152] {dagbag.py:500} INFO - Filling up the DagBag from /home/airflow/.local/lib/python3.6/site-packages/airflow/example_dags/example_kubernetes_executor_config.py
[2021-10-16 00:55:38,185] {processor.py:632} INFO - DAG(s) dict_keys(['example_kubernetes_executor_config']) retrieved from /home/airflow/.local/lib/python3.6/site-packages/airflow/example_dags/example_kubernetes_executor_config.py
[2021-10-16 00:55:38,198] {logging_mixin.py:109} INFO - [2021-10-16 00:55:38,198] {dag.py:2389} INFO - Sync 1 DAGs
[2021-10-16 00:55:38,215] {logging_mixin.py:109} INFO - [2021-10-16 00:55:38,215] {dag.py:2914} INFO - Setting next_dagrun for example_kubernetes_executor_config to None
[2021-10-16 00:55:38,225] {processor.py:171} INFO - Processing /home/airflow/.local/lib/python3.6/site-packages/airflow/example_dags/example_kubernetes_executor_config.py took 0.081 seconds
[2021-10-16 00:56:11,595] {processor.py:163} INFO - Started process (PID=313) to work on /home/airflow/.local/lib/python3.6/site-packages/airflow/example_dags/example_kubernetes_executor_config.py
[2021-10-16 00:56:11,598] {processor.py:620} INFO - Processing file /home/airflow/.local/lib/python3.6/site-packages/airflow/example_dags/example_kubernetes_executor_config.py for tasks to queue
[2021-10-16 00:56:11,600] {logging_mixin.py:109} INFO - [2021-10-16 00:56:11,599] {dagbag.py:500} INFO - Filling up the DagBag from /home/airflow/.local/lib/python3.6/site-packages/airflow/example_dags/example_kubernetes_executor_config.py
[2021-10-16 00:56:11,785] {processor.py:632} INFO - DAG(s) dict_keys(['example_kubernetes_executor_config']) retrieved from /home/airflow/.local/lib/python3.6/site-packages/airflow/example_dags/example_kubernetes_executor_config.py
[2021-10-16 00:56:11,801] {logging_mixin.py:109} INFO - [2021-10-16 00:56:11,801] {dag.py:2389} INFO - Sync 1 DAGs
[2021-10-16 00:56:11,841] {logging_mixin.py:109} INFO - [2021-10-16 00:56:11,841] {dag.py:2914} INFO - Setting next_dagrun for example_kubernetes_executor_config to None
[2021-10-16 00:56:11,870] {processor.py:171} INFO - Processing /home/airflow/.local/lib/python3.6/site-packages/airflow/example_dags/example_kubernetes_executor_config.py took 0.295 seconds
[2021-10-16 00:56:42,082] {processor.py:163} INFO - Started process (PID=378) to work on /home/airflow/.local/lib/python3.6/site-packages/airflow/example_dags/example_kubernetes_executor_config.py
[2021-10-16 00:56:42,085] {processor.py:620} INFO - Processing file /home/airflow/.local/lib/python3.6/site-packages/airflow/example_dags/example_kubernetes_executor_config.py for tasks to queue
[2021-10-16 00:56:42,095] {logging_mixin.py:109} INFO - [2021-10-16 00:56:42,095] {dagbag.py:500} INFO - Filling up the DagBag from /home/airflow/.local/lib/python3.6/site-packages/airflow/example_dags/example_kubernetes_executor_config.py
[2021-10-16 00:56:42,176] {processor.py:632} INFO - DAG(s) dict_keys(['example_kubernetes_executor_config']) retrieved from /home/airflow/.local/lib/python3.6/site-packages/airflow/example_dags/example_kubernetes_executor_config.py
[2021-10-16 00:56:42,230] {logging_mixin.py:109} INFO - [2021-10-16 00:56:42,230] {dag.py:2389} INFO - Sync 1 DAGs
[2021-10-16 00:56:42,288] {logging_mixin.py:109} INFO - [2021-10-16 00:56:42,288] {dag.py:2914} INFO - Setting next_dagrun for example_kubernetes_executor_config to None
[2021-10-16 00:56:42,320] {processor.py:171} INFO - Processing /home/airflow/.local/lib/python3.6/site-packages/airflow/example_dags/example_kubernetes_executor_config.py took 0.255 seconds
[2021-10-16 00:57:13,118] {processor.py:163} INFO - Started process (PID=432) to work on /home/airflow/.local/lib/python3.6/site-packages/airflow/example_dags/example_kubernetes_executor_config.py
[2021-10-16 00:57:13,122] {processor.py:620} INFO - Processing file /home/airflow/.local/lib/python3.6/site-packages/airflow/example_dags/example_kubernetes_executor_config.py for tasks to queue
[2021-10-16 00:57:13,125] {logging_mixin.py:109} INFO - [2021-10-16 00:57:13,125] {dagbag.py:500} INFO - Filling up the DagBag from /home/airflow/.local/lib/python3.6/site-packages/airflow/example_dags/example_kubernetes_executor_config.py
[2021-10-16 00:57:13,188] {processor.py:632} INFO - DAG(s) dict_keys(['example_kubernetes_executor_config']) retrieved from /home/airflow/.local/lib/python3.6/site-packages/airflow/example_dags/example_kubernetes_executor_config.py
[2021-10-16 00:57:13,227] {logging_mixin.py:109} INFO - [2021-10-16 00:57:13,226] {dag.py:2389} INFO - Sync 1 DAGs
[2021-10-16 00:57:13,282] {logging_mixin.py:109} INFO - [2021-10-16 00:57:13,281] {dag.py:2914} INFO - Setting next_dagrun for example_kubernetes_executor_config to None
[2021-10-16 00:57:13,303] {processor.py:171} INFO - Processing /home/airflow/.local/lib/python3.6/site-packages/airflow/example_dags/example_kubernetes_executor_config.py took 0.201 seconds
[2021-10-16 00:57:44,022] {processor.py:163} INFO - Started process (PID=489) to work on /home/airflow/.local/lib/python3.6/site-packages/airflow/example_dags/example_kubernetes_executor_config.py
[2021-10-16 00:57:44,028] {processor.py:620} INFO - Processing file /home/airflow/.local/lib/python3.6/site-packages/airflow/example_dags/example_kubernetes_executor_config.py for tasks to queue
[2021-10-16 00:57:44,034] {logging_mixin.py:109} INFO - [2021-10-16 00:57:44,034] {dagbag.py:500} INFO - Filling up the DagBag from /home/airflow/.local/lib/python3.6/site-packages/airflow/example_dags/example_kubernetes_executor_config.py
[2021-10-16 00:57:44,108] {processor.py:632} INFO - DAG(s) dict_keys(['example_kubernetes_executor_config']) retrieved from /home/airflow/.local/lib/python3.6/site-packages/airflow/example_dags/example_kubernetes_executor_config.py
[2021-10-16 00:57:44,132] {logging_mixin.py:109} INFO - [2021-10-16 00:57:44,132] {dag.py:2389} INFO - Sync 1 DAGs
[2021-10-16 00:57:44,170] {logging_mixin.py:109} INFO - [2021-10-16 00:57:44,170] {dag.py:2914} INFO - Setting next_dagrun for example_kubernetes_executor_config to None
[2021-10-16 00:57:44,188] {processor.py:171} INFO - Processing /home/airflow/.local/lib/python3.6/site-packages/airflow/example_dags/example_kubernetes_executor_config.py took 0.179 seconds
[2021-10-16 00:58:14,898] {processor.py:163} INFO - Started process (PID=542) to work on /home/airflow/.local/lib/python3.6/site-packages/airflow/example_dags/example_kubernetes_executor_config.py
[2021-10-16 00:58:14,901] {processor.py:620} INFO - Processing file /home/airflow/.local/lib/python3.6/site-packages/airflow/example_dags/example_kubernetes_executor_config.py for tasks to queue
[2021-10-16 00:58:14,903] {logging_mixin.py:109} INFO - [2021-10-16 00:58:14,903] {dagbag.py:500} INFO - Filling up the DagBag from /home/airflow/.local/lib/python3.6/site-packages/airflow/example_dags/example_kubernetes_executor_config.py
[2021-10-16 00:58:14,956] {processor.py:632} INFO - DAG(s) dict_keys(['example_kubernetes_executor_config']) retrieved from /home/airflow/.local/lib/python3.6/site-packages/airflow/example_dags/example_kubernetes_executor_config.py
[2021-10-16 00:58:14,973] {logging_mixin.py:109} INFO - [2021-10-16 00:58:14,973] {dag.py:2389} INFO - Sync 1 DAGs
[2021-10-16 00:58:14,998] {logging_mixin.py:109} INFO - [2021-10-16 00:58:14,998] {dag.py:2914} INFO - Setting next_dagrun for example_kubernetes_executor_config to None
[2021-10-16 00:58:15,011] {processor.py:171} INFO - Processing /home/airflow/.local/lib/python3.6/site-packages/airflow/example_dags/example_kubernetes_executor_config.py took 0.119 seconds
[2021-10-16 00:58:45,559] {processor.py:163} INFO - Started process (PID=606) to work on /home/airflow/.local/lib/python3.6/site-packages/airflow/example_dags/example_kubernetes_executor_config.py
[2021-10-16 00:58:45,565] {processor.py:620} INFO - Processing file /home/airflow/.local/lib/python3.6/site-packages/airflow/example_dags/example_kubernetes_executor_config.py for tasks to queue
[2021-10-16 00:58:45,569] {logging_mixin.py:109} INFO - [2021-10-16 00:58:45,568] {dagbag.py:500} INFO - Filling up the DagBag from /home/airflow/.local/lib/python3.6/site-packages/airflow/example_dags/example_kubernetes_executor_config.py
[2021-10-16 00:58:45,643] {processor.py:632} INFO - DAG(s) dict_keys(['example_kubernetes_executor_config']) retrieved from /home/airflow/.local/lib/python3.6/site-packages/airflow/example_dags/example_kubernetes_executor_config.py
[2021-10-16 00:58:45,662] {logging_mixin.py:109} INFO - [2021-10-16 00:58:45,662] {dag.py:2389} INFO - Sync 1 DAGs
[2021-10-16 00:58:45,690] {logging_mixin.py:109} INFO - [2021-10-16 00:58:45,690] {dag.py:2914} INFO - Setting next_dagrun for example_kubernetes_executor_config to None
[2021-10-16 00:58:45,711] {processor.py:171} INFO - Processing /home/airflow/.local/lib/python3.6/site-packages/airflow/example_dags/example_kubernetes_executor_config.py took 0.159 seconds
[2021-10-16 00:59:16,154] {processor.py:163} INFO - Started process (PID=665) to work on /home/airflow/.local/lib/python3.6/site-packages/airflow/example_dags/example_kubernetes_executor_config.py
[2021-10-16 00:59:16,159] {processor.py:620} INFO - Processing file /home/airflow/.local/lib/python3.6/site-packages/airflow/example_dags/example_kubernetes_executor_config.py for tasks to queue
[2021-10-16 00:59:16,161] {logging_mixin.py:109} INFO - [2021-10-16 00:59:16,161] {dagbag.py:500} INFO - Filling up the DagBag from /home/airflow/.local/lib/python3.6/site-packages/airflow/example_dags/example_kubernetes_executor_config.py
[2021-10-16 00:59:16,316] {processor.py:632} INFO - DAG(s) dict_keys(['example_kubernetes_executor_config']) retrieved from /home/airflow/.local/lib/python3.6/site-packages/airflow/example_dags/example_kubernetes_executor_config.py
[2021-10-16 00:59:16,364] {logging_mixin.py:109} INFO - [2021-10-16 00:59:16,364] {dag.py:2389} INFO - Sync 1 DAGs
[2021-10-16 00:59:16,469] {logging_mixin.py:109} INFO - [2021-10-16 00:59:16,468] {dag.py:2914} INFO - Setting next_dagrun for example_kubernetes_executor_config to None
[2021-10-16 00:59:16,512] {processor.py:171} INFO - Processing /home/airflow/.local/lib/python3.6/site-packages/airflow/example_dags/example_kubernetes_executor_config.py took 0.376 seconds
[2021-10-16 00:59:47,240] {processor.py:163} INFO - Started process (PID=720) to work on /home/airflow/.local/lib/python3.6/site-packages/airflow/example_dags/example_kubernetes_executor_config.py
[2021-10-16 00:59:47,245] {processor.py:620} INFO - Processing file /home/airflow/.local/lib/python3.6/site-packages/airflow/example_dags/example_kubernetes_executor_config.py for tasks to queue
[2021-10-16 00:59:47,247] {logging_mixin.py:109} INFO - [2021-10-16 00:59:47,247] {dagbag.py:500} INFO - Filling up the DagBag from /home/airflow/.local/lib/python3.6/site-packages/airflow/example_dags/example_kubernetes_executor_config.py
[2021-10-16 00:59:47,304] {processor.py:632} INFO - DAG(s) dict_keys(['example_kubernetes_executor_config']) retrieved from /home/airflow/.local/lib/python3.6/site-packages/airflow/example_dags/example_kubernetes_executor_config.py
[2021-10-16 00:59:47,329] {logging_mixin.py:109} INFO - [2021-10-16 00:59:47,329] {dag.py:2389} INFO - Sync 1 DAGs
[2021-10-16 00:59:47,363] {logging_mixin.py:109} INFO - [2021-10-16 00:59:47,362] {dag.py:2914} INFO - Setting next_dagrun for example_kubernetes_executor_config to None
[2021-10-16 00:59:47,394] {processor.py:171} INFO - Processing /home/airflow/.local/lib/python3.6/site-packages/airflow/example_dags/example_kubernetes_executor_config.py took 0.166 seconds
[2021-10-16 01:00:17,554] {processor.py:163} INFO - Started process (PID=773) to work on /home/airflow/.local/lib/python3.6/site-packages/airflow/example_dags/example_kubernetes_executor_config.py
[2021-10-16 01:00:17,557] {processor.py:620} INFO - Processing file /home/airflow/.local/lib/python3.6/site-packages/airflow/example_dags/example_kubernetes_executor_config.py for tasks to queue
[2021-10-16 01:00:17,560] {logging_mixin.py:109} INFO - [2021-10-16 01:00:17,559] {dagbag.py:500} INFO - Filling up the DagBag from /home/airflow/.local/lib/python3.6/site-packages/airflow/example_dags/example_kubernetes_executor_config.py
[2021-10-16 01:00:17,610] {processor.py:632} INFO - DAG(s) dict_keys(['example_kubernetes_executor_config']) retrieved from /home/airflow/.local/lib/python3.6/site-packages/airflow/example_dags/example_kubernetes_executor_config.py
[2021-10-16 01:00:17,630] {logging_mixin.py:109} INFO - [2021-10-16 01:00:17,630] {dag.py:2389} INFO - Sync 1 DAGs
[2021-10-16 01:00:17,656] {logging_mixin.py:109} INFO - [2021-10-16 01:00:17,656] {dag.py:2914} INFO - Setting next_dagrun for example_kubernetes_executor_config to None
[2021-10-16 01:00:17,669] {processor.py:171} INFO - Processing /home/airflow/.local/lib/python3.6/site-packages/airflow/example_dags/example_kubernetes_executor_config.py took 0.129 seconds
[2021-10-16 01:00:47,935] {processor.py:163} INFO - Started process (PID=827) to work on /home/airflow/.local/lib/python3.6/site-packages/airflow/example_dags/example_kubernetes_executor_config.py
[2021-10-16 01:00:47,938] {processor.py:620} INFO - Processing file /home/airflow/.local/lib/python3.6/site-packages/airflow/example_dags/example_kubernetes_executor_config.py for tasks to queue
[2021-10-16 01:00:47,940] {logging_mixin.py:109} INFO - [2021-10-16 01:00:47,940] {dagbag.py:500} INFO - Filling up the DagBag from /home/airflow/.local/lib/python3.6/site-packages/airflow/example_dags/example_kubernetes_executor_config.py
[2021-10-16 01:00:47,981] {processor.py:632} INFO - DAG(s) dict_keys(['example_kubernetes_executor_config']) retrieved from /home/airflow/.local/lib/python3.6/site-packages/airflow/example_dags/example_kubernetes_executor_config.py
[2021-10-16 01:00:47,995] {logging_mixin.py:109} INFO - [2021-10-16 01:00:47,995] {dag.py:2389} INFO - Sync 1 DAGs
[2021-10-16 01:00:48,018] {logging_mixin.py:109} INFO - [2021-10-16 01:00:48,018] {dag.py:2914} INFO - Setting next_dagrun for example_kubernetes_executor_config to None
[2021-10-16 01:00:48,029] {processor.py:171} INFO - Processing /home/airflow/.local/lib/python3.6/site-packages/airflow/example_dags/example_kubernetes_executor_config.py took 0.097 seconds
[2021-10-16 01:01:18,260] {processor.py:163} INFO - Started process (PID=894) to work on /home/airflow/.local/lib/python3.6/site-packages/airflow/example_dags/example_kubernetes_executor_config.py
[2021-10-16 01:01:18,272] {processor.py:620} INFO - Processing file /home/airflow/.local/lib/python3.6/site-packages/airflow/example_dags/example_kubernetes_executor_config.py for tasks to queue
[2021-10-16 01:01:18,276] {logging_mixin.py:109} INFO - [2021-10-16 01:01:18,275] {dagbag.py:500} INFO - Filling up the DagBag from /home/airflow/.local/lib/python3.6/site-packages/airflow/example_dags/example_kubernetes_executor_config.py
[2021-10-16 01:01:18,391] {processor.py:632} INFO - DAG(s) dict_keys(['example_kubernetes_executor_config']) retrieved from /home/airflow/.local/lib/python3.6/site-packages/airflow/example_dags/example_kubernetes_executor_config.py
[2021-10-16 01:01:18,441] {logging_mixin.py:109} INFO - [2021-10-16 01:01:18,441] {dag.py:2389} INFO - Sync 1 DAGs
[2021-10-16 01:01:18,491] {logging_mixin.py:109} INFO - [2021-10-16 01:01:18,491] {dag.py:2914} INFO - Setting next_dagrun for example_kubernetes_executor_config to None
[2021-10-16 01:01:18,506] {processor.py:171} INFO - Processing /home/airflow/.local/lib/python3.6/site-packages/airflow/example_dags/example_kubernetes_executor_config.py took 0.267 seconds
[2021-10-16 01:01:49,138] {processor.py:163} INFO - Started process (PID=949) to work on /home/airflow/.local/lib/python3.6/site-packages/airflow/example_dags/example_kubernetes_executor_config.py
[2021-10-16 01:01:49,142] {processor.py:620} INFO - Processing file /home/airflow/.local/lib/python3.6/site-packages/airflow/example_dags/example_kubernetes_executor_config.py for tasks to queue
[2021-10-16 01:01:49,143] {logging_mixin.py:109} INFO - [2021-10-16 01:01:49,143] {dagbag.py:500} INFO - Filling up the DagBag from /home/airflow/.local/lib/python3.6/site-packages/airflow/example_dags/example_kubernetes_executor_config.py
[2021-10-16 01:01:49,268] {processor.py:632} INFO - DAG(s) dict_keys(['example_kubernetes_executor_config']) retrieved from /home/airflow/.local/lib/python3.6/site-packages/airflow/example_dags/example_kubernetes_executor_config.py
[2021-10-16 01:01:49,315] {logging_mixin.py:109} INFO - [2021-10-16 01:01:49,315] {dag.py:2389} INFO - Sync 1 DAGs
[2021-10-16 01:01:49,356] {logging_mixin.py:109} INFO - [2021-10-16 01:01:49,356] {dag.py:2914} INFO - Setting next_dagrun for example_kubernetes_executor_config to None
[2021-10-16 01:01:49,366] {processor.py:171} INFO - Processing /home/airflow/.local/lib/python3.6/site-packages/airflow/example_dags/example_kubernetes_executor_config.py took 0.235 seconds
[2021-10-16 01:02:20,286] {processor.py:163} INFO - Started process (PID=1017) to work on /home/airflow/.local/lib/python3.6/site-packages/airflow/example_dags/example_kubernetes_executor_config.py
[2021-10-16 01:02:20,288] {processor.py:620} INFO - Processing file /home/airflow/.local/lib/python3.6/site-packages/airflow/example_dags/example_kubernetes_executor_config.py for tasks to queue
[2021-10-16 01:02:20,289] {logging_mixin.py:109} INFO - [2021-10-16 01:02:20,289] {dagbag.py:500} INFO - Filling up the DagBag from /home/airflow/.local/lib/python3.6/site-packages/airflow/example_dags/example_kubernetes_executor_config.py
[2021-10-16 01:02:20,320] {processor.py:632} INFO - DAG(s) dict_keys(['example_kubernetes_executor_config']) retrieved from /home/airflow/.local/lib/python3.6/site-packages/airflow/example_dags/example_kubernetes_executor_config.py
[2021-10-16 01:02:20,333] {logging_mixin.py:109} INFO - [2021-10-16 01:02:20,333] {dag.py:2389} INFO - Sync 1 DAGs
[2021-10-16 01:02:20,349] {logging_mixin.py:109} INFO - [2021-10-16 01:02:20,349] {dag.py:2914} INFO - Setting next_dagrun for example_kubernetes_executor_config to None
[2021-10-16 01:02:20,359] {processor.py:171} INFO - Processing /home/airflow/.local/lib/python3.6/site-packages/airflow/example_dags/example_kubernetes_executor_config.py took 0.077 seconds
[2021-10-16 01:02:50,556] {processor.py:163} INFO - Started process (PID=1074) to work on /home/airflow/.local/lib/python3.6/site-packages/airflow/example_dags/example_kubernetes_executor_config.py
[2021-10-16 01:02:50,559] {processor.py:620} INFO - Processing file /home/airflow/.local/lib/python3.6/site-packages/airflow/example_dags/example_kubernetes_executor_config.py for tasks to queue
[2021-10-16 01:02:50,561] {logging_mixin.py:109} INFO - [2021-10-16 01:02:50,560] {dagbag.py:500} INFO - Filling up the DagBag from /home/airflow/.local/lib/python3.6/site-packages/airflow/example_dags/example_kubernetes_executor_config.py
[2021-10-16 01:02:50,607] {processor.py:632} INFO - DAG(s) dict_keys(['example_kubernetes_executor_config']) retrieved from /home/airflow/.local/lib/python3.6/site-packages/airflow/example_dags/example_kubernetes_executor_config.py
[2021-10-16 01:02:50,626] {logging_mixin.py:109} INFO - [2021-10-16 01:02:50,625] {dag.py:2389} INFO - Sync 1 DAGs
[2021-10-16 01:02:50,652] {logging_mixin.py:109} INFO - [2021-10-16 01:02:50,652] {dag.py:2914} INFO - Setting next_dagrun for example_kubernetes_executor_config to None
[2021-10-16 01:02:50,671] {processor.py:171} INFO - Processing /home/airflow/.local/lib/python3.6/site-packages/airflow/example_dags/example_kubernetes_executor_config.py took 0.120 seconds
[2021-10-16 01:03:20,886] {processor.py:163} INFO - Started process (PID=1126) to work on /home/airflow/.local/lib/python3.6/site-packages/airflow/example_dags/example_kubernetes_executor_config.py
[2021-10-16 01:03:20,888] {processor.py:620} INFO - Processing file /home/airflow/.local/lib/python3.6/site-packages/airflow/example_dags/example_kubernetes_executor_config.py for tasks to queue
[2021-10-16 01:03:20,892] {logging_mixin.py:109} INFO - [2021-10-16 01:03:20,892] {dagbag.py:500} INFO - Filling up the DagBag from /home/airflow/.local/lib/python3.6/site-packages/airflow/example_dags/example_kubernetes_executor_config.py
[2021-10-16 01:03:20,931] {processor.py:632} INFO - DAG(s) dict_keys(['example_kubernetes_executor_config']) retrieved from /home/airflow/.local/lib/python3.6/site-packages/airflow/example_dags/example_kubernetes_executor_config.py
[2021-10-16 01:03:20,944] {logging_mixin.py:109} INFO - [2021-10-16 01:03:20,944] {dag.py:2389} INFO - Sync 1 DAGs
[2021-10-16 01:03:20,959] {logging_mixin.py:109} INFO - [2021-10-16 01:03:20,959] {dag.py:2914} INFO - Setting next_dagrun for example_kubernetes_executor_config to None
[2021-10-16 01:03:20,970] {processor.py:171} INFO - Processing /home/airflow/.local/lib/python3.6/site-packages/airflow/example_dags/example_kubernetes_executor_config.py took 0.087 seconds
[2021-10-16 01:03:51,234] {processor.py:163} INFO - Started process (PID=1191) to work on /home/airflow/.local/lib/python3.6/site-packages/airflow/example_dags/example_kubernetes_executor_config.py
[2021-10-16 01:03:51,236] {processor.py:620} INFO - Processing file /home/airflow/.local/lib/python3.6/site-packages/airflow/example_dags/example_kubernetes_executor_config.py for tasks to queue
[2021-10-16 01:03:51,237] {logging_mixin.py:109} INFO - [2021-10-16 01:03:51,237] {dagbag.py:500} INFO - Filling up the DagBag from /home/airflow/.local/lib/python3.6/site-packages/airflow/example_dags/example_kubernetes_executor_config.py
[2021-10-16 01:03:51,267] {processor.py:632} INFO - DAG(s) dict_keys(['example_kubernetes_executor_config']) retrieved from /home/airflow/.local/lib/python3.6/site-packages/airflow/example_dags/example_kubernetes_executor_config.py
[2021-10-16 01:03:51,280] {logging_mixin.py:109} INFO - [2021-10-16 01:03:51,279] {dag.py:2389} INFO - Sync 1 DAGs
[2021-10-16 01:03:51,296] {logging_mixin.py:109} INFO - [2021-10-16 01:03:51,296] {dag.py:2914} INFO - Setting next_dagrun for example_kubernetes_executor_config to None
[2021-10-16 01:03:51,307] {processor.py:171} INFO - Processing /home/airflow/.local/lib/python3.6/site-packages/airflow/example_dags/example_kubernetes_executor_config.py took 0.078 seconds
[2021-10-16 01:04:22,399] {processor.py:163} INFO - Started process (PID=1247) to work on /home/airflow/.local/lib/python3.6/site-packages/airflow/example_dags/example_kubernetes_executor_config.py
[2021-10-16 01:04:22,402] {processor.py:620} INFO - Processing file /home/airflow/.local/lib/python3.6/site-packages/airflow/example_dags/example_kubernetes_executor_config.py for tasks to queue
[2021-10-16 01:04:22,404] {logging_mixin.py:109} INFO - [2021-10-16 01:04:22,404] {dagbag.py:500} INFO - Filling up the DagBag from /home/airflow/.local/lib/python3.6/site-packages/airflow/example_dags/example_kubernetes_executor_config.py
[2021-10-16 01:04:22,443] {processor.py:632} INFO - DAG(s) dict_keys(['example_kubernetes_executor_config']) retrieved from /home/airflow/.local/lib/python3.6/site-packages/airflow/example_dags/example_kubernetes_executor_config.py
[2021-10-16 01:04:22,463] {logging_mixin.py:109} INFO - [2021-10-16 01:04:22,463] {dag.py:2389} INFO - Sync 1 DAGs
[2021-10-16 01:04:22,486] {logging_mixin.py:109} INFO - [2021-10-16 01:04:22,486] {dag.py:2914} INFO - Setting next_dagrun for example_kubernetes_executor_config to None
[2021-10-16 01:04:22,503] {processor.py:171} INFO - Processing /home/airflow/.local/lib/python3.6/site-packages/airflow/example_dags/example_kubernetes_executor_config.py took 0.109 seconds
[2021-10-16 01:04:52,906] {processor.py:163} INFO - Started process (PID=1301) to work on /home/airflow/.local/lib/python3.6/site-packages/airflow/example_dags/example_kubernetes_executor_config.py
[2021-10-16 01:04:52,911] {processor.py:620} INFO - Processing file /home/airflow/.local/lib/python3.6/site-packages/airflow/example_dags/example_kubernetes_executor_config.py for tasks to queue
[2021-10-16 01:04:52,913] {logging_mixin.py:109} INFO - [2021-10-16 01:04:52,913] {dagbag.py:500} INFO - Filling up the DagBag from /home/airflow/.local/lib/python3.6/site-packages/airflow/example_dags/example_kubernetes_executor_config.py
[2021-10-16 01:04:52,983] {processor.py:632} INFO - DAG(s) dict_keys(['example_kubernetes_executor_config']) retrieved from /home/airflow/.local/lib/python3.6/site-packages/airflow/example_dags/example_kubernetes_executor_config.py
[2021-10-16 01:04:53,018] {logging_mixin.py:109} INFO - [2021-10-16 01:04:53,014] {dag.py:2389} INFO - Sync 1 DAGs
[2021-10-16 01:04:53,051] {logging_mixin.py:109} INFO - [2021-10-16 01:04:53,051] {dag.py:2914} INFO - Setting next_dagrun for example_kubernetes_executor_config to None
[2021-10-16 01:04:53,070] {processor.py:171} INFO - Processing /home/airflow/.local/lib/python3.6/site-packages/airflow/example_dags/example_kubernetes_executor_config.py took 0.173 seconds
[2021-10-16 01:05:24,226] {processor.py:163} INFO - Started process (PID=1356) to work on /home/airflow/.local/lib/python3.6/site-packages/airflow/example_dags/example_kubernetes_executor_config.py
[2021-10-16 01:05:24,234] {processor.py:620} INFO - Processing file /home/airflow/.local/lib/python3.6/site-packages/airflow/example_dags/example_kubernetes_executor_config.py for tasks to queue
[2021-10-16 01:05:24,240] {logging_mixin.py:109} INFO - [2021-10-16 01:05:24,240] {dagbag.py:500} INFO - Filling up the DagBag from /home/airflow/.local/lib/python3.6/site-packages/airflow/example_dags/example_kubernetes_executor_config.py
[2021-10-16 01:05:24,305] {processor.py:632} INFO - DAG(s) dict_keys(['example_kubernetes_executor_config']) retrieved from /home/airflow/.local/lib/python3.6/site-packages/airflow/example_dags/example_kubernetes_executor_config.py
[2021-10-16 01:05:24,346] {logging_mixin.py:109} INFO - [2021-10-16 01:05:24,346] {dag.py:2389} INFO - Sync 1 DAGs
[2021-10-16 01:05:24,389] {logging_mixin.py:109} INFO - [2021-10-16 01:05:24,389] {dag.py:2914} INFO - Setting next_dagrun for example_kubernetes_executor_config to None
[2021-10-16 01:05:24,406] {processor.py:171} INFO - Processing /home/airflow/.local/lib/python3.6/site-packages/airflow/example_dags/example_kubernetes_executor_config.py took 0.185 seconds
[2021-10-16 01:05:55,425] {processor.py:163} INFO - Started process (PID=1420) to work on /home/airflow/.local/lib/python3.6/site-packages/airflow/example_dags/example_kubernetes_executor_config.py
[2021-10-16 01:05:55,434] {processor.py:620} INFO - Processing file /home/airflow/.local/lib/python3.6/site-packages/airflow/example_dags/example_kubernetes_executor_config.py for tasks to queue
[2021-10-16 01:05:55,436] {logging_mixin.py:109} INFO - [2021-10-16 01:05:55,436] {dagbag.py:500} INFO - Filling up the DagBag from /home/airflow/.local/lib/python3.6/site-packages/airflow/example_dags/example_kubernetes_executor_config.py
[2021-10-16 01:05:55,500] {processor.py:632} INFO - DAG(s) dict_keys(['example_kubernetes_executor_config']) retrieved from /home/airflow/.local/lib/python3.6/site-packages/airflow/example_dags/example_kubernetes_executor_config.py
[2021-10-16 01:05:55,527] {logging_mixin.py:109} INFO - [2021-10-16 01:05:55,527] {dag.py:2389} INFO - Sync 1 DAGs
[2021-10-16 01:05:55,557] {logging_mixin.py:109} INFO - [2021-10-16 01:05:55,557] {dag.py:2914} INFO - Setting next_dagrun for example_kubernetes_executor_config to None
[2021-10-16 01:05:55,584] {processor.py:171} INFO - Processing /home/airflow/.local/lib/python3.6/site-packages/airflow/example_dags/example_kubernetes_executor_config.py took 0.166 seconds
[2021-10-16 01:06:26,507] {processor.py:163} INFO - Started process (PID=1475) to work on /home/airflow/.local/lib/python3.6/site-packages/airflow/example_dags/example_kubernetes_executor_config.py
[2021-10-16 01:06:26,509] {processor.py:620} INFO - Processing file /home/airflow/.local/lib/python3.6/site-packages/airflow/example_dags/example_kubernetes_executor_config.py for tasks to queue
[2021-10-16 01:06:26,513] {logging_mixin.py:109} INFO - [2021-10-16 01:06:26,513] {dagbag.py:500} INFO - Filling up the DagBag from /home/airflow/.local/lib/python3.6/site-packages/airflow/example_dags/example_kubernetes_executor_config.py
[2021-10-16 01:06:26,589] {processor.py:632} INFO - DAG(s) dict_keys(['example_kubernetes_executor_config']) retrieved from /home/airflow/.local/lib/python3.6/site-packages/airflow/example_dags/example_kubernetes_executor_config.py
[2021-10-16 01:06:26,636] {logging_mixin.py:109} INFO - [2021-10-16 01:06:26,636] {dag.py:2389} INFO - Sync 1 DAGs
[2021-10-16 01:06:26,700] {logging_mixin.py:109} INFO - [2021-10-16 01:06:26,700] {dag.py:2914} INFO - Setting next_dagrun for example_kubernetes_executor_config to None
[2021-10-16 01:06:26,721] {processor.py:171} INFO - Processing /home/airflow/.local/lib/python3.6/site-packages/airflow/example_dags/example_kubernetes_executor_config.py took 0.218 seconds
[2021-10-16 01:06:57,199] {processor.py:163} INFO - Started process (PID=1528) to work on /home/airflow/.local/lib/python3.6/site-packages/airflow/example_dags/example_kubernetes_executor_config.py
[2021-10-16 01:06:57,206] {processor.py:620} INFO - Processing file /home/airflow/.local/lib/python3.6/site-packages/airflow/example_dags/example_kubernetes_executor_config.py for tasks to queue
[2021-10-16 01:06:57,209] {logging_mixin.py:109} INFO - [2021-10-16 01:06:57,208] {dagbag.py:500} INFO - Filling up the DagBag from /home/airflow/.local/lib/python3.6/site-packages/airflow/example_dags/example_kubernetes_executor_config.py
[2021-10-16 01:06:57,311] {processor.py:632} INFO - DAG(s) dict_keys(['example_kubernetes_executor_config']) retrieved from /home/airflow/.local/lib/python3.6/site-packages/airflow/example_dags/example_kubernetes_executor_config.py
[2021-10-16 01:06:57,350] {logging_mixin.py:109} INFO - [2021-10-16 01:06:57,349] {dag.py:2389} INFO - Sync 1 DAGs
[2021-10-16 01:06:57,400] {logging_mixin.py:109} INFO - [2021-10-16 01:06:57,400] {dag.py:2914} INFO - Setting next_dagrun for example_kubernetes_executor_config to None
[2021-10-16 01:06:57,432] {processor.py:171} INFO - Processing /home/airflow/.local/lib/python3.6/site-packages/airflow/example_dags/example_kubernetes_executor_config.py took 0.245 seconds
[2021-10-16 01:07:28,109] {processor.py:163} INFO - Started process (PID=1582) to work on /home/airflow/.local/lib/python3.6/site-packages/airflow/example_dags/example_kubernetes_executor_config.py
[2021-10-16 01:07:28,112] {processor.py:620} INFO - Processing file /home/airflow/.local/lib/python3.6/site-packages/airflow/example_dags/example_kubernetes_executor_config.py for tasks to queue
[2021-10-16 01:07:28,114] {logging_mixin.py:109} INFO - [2021-10-16 01:07:28,114] {dagbag.py:500} INFO - Filling up the DagBag from /home/airflow/.local/lib/python3.6/site-packages/airflow/example_dags/example_kubernetes_executor_config.py
[2021-10-16 01:07:28,154] {processor.py:632} INFO - DAG(s) dict_keys(['example_kubernetes_executor_config']) retrieved from /home/airflow/.local/lib/python3.6/site-packages/airflow/example_dags/example_kubernetes_executor_config.py
[2021-10-16 01:07:28,178] {logging_mixin.py:109} INFO - [2021-10-16 01:07:28,178] {dag.py:2389} INFO - Sync 1 DAGs
[2021-10-16 01:07:28,203] {logging_mixin.py:109} INFO - [2021-10-16 01:07:28,203] {dag.py:2914} INFO - Setting next_dagrun for example_kubernetes_executor_config to None
[2021-10-16 01:07:28,226] {processor.py:171} INFO - Processing /home/airflow/.local/lib/python3.6/site-packages/airflow/example_dags/example_kubernetes_executor_config.py took 0.124 seconds
[2021-10-16 01:07:58,371] {processor.py:163} INFO - Started process (PID=1647) to work on /home/airflow/.local/lib/python3.6/site-packages/airflow/example_dags/example_kubernetes_executor_config.py
[2021-10-16 01:07:58,374] {processor.py:620} INFO - Processing file /home/airflow/.local/lib/python3.6/site-packages/airflow/example_dags/example_kubernetes_executor_config.py for tasks to queue
[2021-10-16 01:07:58,376] {logging_mixin.py:109} INFO - [2021-10-16 01:07:58,376] {dagbag.py:500} INFO - Filling up the DagBag from /home/airflow/.local/lib/python3.6/site-packages/airflow/example_dags/example_kubernetes_executor_config.py
[2021-10-16 01:07:58,412] {processor.py:632} INFO - DAG(s) dict_keys(['example_kubernetes_executor_config']) retrieved from /home/airflow/.local/lib/python3.6/site-packages/airflow/example_dags/example_kubernetes_executor_config.py
[2021-10-16 01:07:58,429] {logging_mixin.py:109} INFO - [2021-10-16 01:07:58,429] {dag.py:2389} INFO - Sync 1 DAGs
[2021-10-16 01:07:58,457] {logging_mixin.py:109} INFO - [2021-10-16 01:07:58,456] {dag.py:2914} INFO - Setting next_dagrun for example_kubernetes_executor_config to None
[2021-10-16 01:07:58,472] {processor.py:171} INFO - Processing /home/airflow/.local/lib/python3.6/site-packages/airflow/example_dags/example_kubernetes_executor_config.py took 0.109 seconds
[2021-10-16 01:08:28,735] {processor.py:163} INFO - Started process (PID=1703) to work on /home/airflow/.local/lib/python3.6/site-packages/airflow/example_dags/example_kubernetes_executor_config.py
[2021-10-16 01:08:28,746] {processor.py:620} INFO - Processing file /home/airflow/.local/lib/python3.6/site-packages/airflow/example_dags/example_kubernetes_executor_config.py for tasks to queue
[2021-10-16 01:08:28,748] {logging_mixin.py:109} INFO - [2021-10-16 01:08:28,748] {dagbag.py:500} INFO - Filling up the DagBag from /home/airflow/.local/lib/python3.6/site-packages/airflow/example_dags/example_kubernetes_executor_config.py
[2021-10-16 01:08:28,803] {processor.py:632} INFO - DAG(s) dict_keys(['example_kubernetes_executor_config']) retrieved from /home/airflow/.local/lib/python3.6/site-packages/airflow/example_dags/example_kubernetes_executor_config.py
[2021-10-16 01:08:28,845] {logging_mixin.py:109} INFO - [2021-10-16 01:08:28,844] {dag.py:2389} INFO - Sync 1 DAGs
[2021-10-16 01:08:28,884] {logging_mixin.py:109} INFO - [2021-10-16 01:08:28,883] {dag.py:2914} INFO - Setting next_dagrun for example_kubernetes_executor_config to None
[2021-10-16 01:08:28,901] {processor.py:171} INFO - Processing /home/airflow/.local/lib/python3.6/site-packages/airflow/example_dags/example_kubernetes_executor_config.py took 0.170 seconds
[2021-10-16 01:08:58,943] {processor.py:163} INFO - Started process (PID=1771) to work on /home/airflow/.local/lib/python3.6/site-packages/airflow/example_dags/example_kubernetes_executor_config.py
[2021-10-16 01:08:58,949] {processor.py:620} INFO - Processing file /home/airflow/.local/lib/python3.6/site-packages/airflow/example_dags/example_kubernetes_executor_config.py for tasks to queue
[2021-10-16 01:08:58,952] {logging_mixin.py:109} INFO - [2021-10-16 01:08:58,952] {dagbag.py:500} INFO - Filling up the DagBag from /home/airflow/.local/lib/python3.6/site-packages/airflow/example_dags/example_kubernetes_executor_config.py
[2021-10-16 01:08:59,013] {processor.py:632} INFO - DAG(s) dict_keys(['example_kubernetes_executor_config']) retrieved from /home/airflow/.local/lib/python3.6/site-packages/airflow/example_dags/example_kubernetes_executor_config.py
[2021-10-16 01:08:59,034] {logging_mixin.py:109} INFO - [2021-10-16 01:08:59,033] {dag.py:2389} INFO - Sync 1 DAGs
[2021-10-16 01:08:59,061] {logging_mixin.py:109} INFO - [2021-10-16 01:08:59,061] {dag.py:2914} INFO - Setting next_dagrun for example_kubernetes_executor_config to None
[2021-10-16 01:08:59,083] {processor.py:171} INFO - Processing /home/airflow/.local/lib/python3.6/site-packages/airflow/example_dags/example_kubernetes_executor_config.py took 0.144 seconds
[2021-10-16 01:09:29,452] {processor.py:163} INFO - Started process (PID=1827) to work on /home/airflow/.local/lib/python3.6/site-packages/airflow/example_dags/example_kubernetes_executor_config.py
[2021-10-16 01:09:29,456] {processor.py:620} INFO - Processing file /home/airflow/.local/lib/python3.6/site-packages/airflow/example_dags/example_kubernetes_executor_config.py for tasks to queue
[2021-10-16 01:09:29,457] {logging_mixin.py:109} INFO - [2021-10-16 01:09:29,457] {dagbag.py:500} INFO - Filling up the DagBag from /home/airflow/.local/lib/python3.6/site-packages/airflow/example_dags/example_kubernetes_executor_config.py
[2021-10-16 01:09:29,516] {processor.py:632} INFO - DAG(s) dict_keys(['example_kubernetes_executor_config']) retrieved from /home/airflow/.local/lib/python3.6/site-packages/airflow/example_dags/example_kubernetes_executor_config.py
[2021-10-16 01:09:29,542] {logging_mixin.py:109} INFO - [2021-10-16 01:09:29,542] {dag.py:2389} INFO - Sync 1 DAGs
[2021-10-16 01:09:29,589] {logging_mixin.py:109} INFO - [2021-10-16 01:09:29,589] {dag.py:2914} INFO - Setting next_dagrun for example_kubernetes_executor_config to None
[2021-10-16 01:09:29,608] {processor.py:171} INFO - Processing /home/airflow/.local/lib/python3.6/site-packages/airflow/example_dags/example_kubernetes_executor_config.py took 0.163 seconds
[2021-10-16 01:09:59,908] {processor.py:163} INFO - Started process (PID=1880) to work on /home/airflow/.local/lib/python3.6/site-packages/airflow/example_dags/example_kubernetes_executor_config.py
[2021-10-16 01:09:59,911] {processor.py:620} INFO - Processing file /home/airflow/.local/lib/python3.6/site-packages/airflow/example_dags/example_kubernetes_executor_config.py for tasks to queue
[2021-10-16 01:09:59,912] {logging_mixin.py:109} INFO - [2021-10-16 01:09:59,912] {dagbag.py:500} INFO - Filling up the DagBag from /home/airflow/.local/lib/python3.6/site-packages/airflow/example_dags/example_kubernetes_executor_config.py
[2021-10-16 01:09:59,957] {processor.py:632} INFO - DAG(s) dict_keys(['example_kubernetes_executor_config']) retrieved from /home/airflow/.local/lib/python3.6/site-packages/airflow/example_dags/example_kubernetes_executor_config.py
[2021-10-16 01:09:59,982] {logging_mixin.py:109} INFO - [2021-10-16 01:09:59,982] {dag.py:2389} INFO - Sync 1 DAGs
[2021-10-16 01:10:00,019] {logging_mixin.py:109} INFO - [2021-10-16 01:10:00,019] {dag.py:2914} INFO - Setting next_dagrun for example_kubernetes_executor_config to None
[2021-10-16 01:10:00,041] {processor.py:171} INFO - Processing /home/airflow/.local/lib/python3.6/site-packages/airflow/example_dags/example_kubernetes_executor_config.py took 0.139 seconds
[2021-10-16 01:10:31,868] {processor.py:163} INFO - Started process (PID=1945) to work on /home/airflow/.local/lib/python3.6/site-packages/airflow/example_dags/example_kubernetes_executor_config.py
[2021-10-16 01:10:31,872] {processor.py:620} INFO - Processing file /home/airflow/.local/lib/python3.6/site-packages/airflow/example_dags/example_kubernetes_executor_config.py for tasks to queue
[2021-10-16 01:10:31,875] {logging_mixin.py:109} INFO - [2021-10-16 01:10:31,874] {dagbag.py:500} INFO - Filling up the DagBag from /home/airflow/.local/lib/python3.6/site-packages/airflow/example_dags/example_kubernetes_executor_config.py
[2021-10-16 01:10:31,976] {processor.py:632} INFO - DAG(s) dict_keys(['example_kubernetes_executor_config']) retrieved from /home/airflow/.local/lib/python3.6/site-packages/airflow/example_dags/example_kubernetes_executor_config.py
[2021-10-16 01:10:32,025] {logging_mixin.py:109} INFO - [2021-10-16 01:10:32,025] {dag.py:2389} INFO - Sync 1 DAGs
[2021-10-16 01:10:32,107] {logging_mixin.py:109} INFO - [2021-10-16 01:10:32,107] {dag.py:2914} INFO - Setting next_dagrun for example_kubernetes_executor_config to None
[2021-10-16 01:10:32,162] {processor.py:171} INFO - Processing /home/airflow/.local/lib/python3.6/site-packages/airflow/example_dags/example_kubernetes_executor_config.py took 0.315 seconds
[2021-10-16 01:11:04,723] {processor.py:163} INFO - Started process (PID=2001) to work on /home/airflow/.local/lib/python3.6/site-packages/airflow/example_dags/example_kubernetes_executor_config.py
[2021-10-16 01:11:04,725] {processor.py:620} INFO - Processing file /home/airflow/.local/lib/python3.6/site-packages/airflow/example_dags/example_kubernetes_executor_config.py for tasks to queue
[2021-10-16 01:11:04,727] {logging_mixin.py:109} INFO - [2021-10-16 01:11:04,727] {dagbag.py:500} INFO - Filling up the DagBag from /home/airflow/.local/lib/python3.6/site-packages/airflow/example_dags/example_kubernetes_executor_config.py
[2021-10-16 01:11:04,803] {processor.py:632} INFO - DAG(s) dict_keys(['example_kubernetes_executor_config']) retrieved from /home/airflow/.local/lib/python3.6/site-packages/airflow/example_dags/example_kubernetes_executor_config.py
[2021-10-16 01:11:04,834] {logging_mixin.py:109} INFO - [2021-10-16 01:11:04,834] {dag.py:2389} INFO - Sync 1 DAGs
[2021-10-16 01:11:04,875] {logging_mixin.py:109} INFO - [2021-10-16 01:11:04,874] {dag.py:2914} INFO - Setting next_dagrun for example_kubernetes_executor_config to None
[2021-10-16 01:11:04,892] {processor.py:171} INFO - Processing /home/airflow/.local/lib/python3.6/site-packages/airflow/example_dags/example_kubernetes_executor_config.py took 0.180 seconds
[2021-10-16 01:11:35,803] {processor.py:163} INFO - Started process (PID=2055) to work on /home/airflow/.local/lib/python3.6/site-packages/airflow/example_dags/example_kubernetes_executor_config.py
[2021-10-16 01:11:35,806] {processor.py:620} INFO - Processing file /home/airflow/.local/lib/python3.6/site-packages/airflow/example_dags/example_kubernetes_executor_config.py for tasks to queue
[2021-10-16 01:11:35,807] {logging_mixin.py:109} INFO - [2021-10-16 01:11:35,807] {dagbag.py:500} INFO - Filling up the DagBag from /home/airflow/.local/lib/python3.6/site-packages/airflow/example_dags/example_kubernetes_executor_config.py
[2021-10-16 01:11:35,841] {processor.py:632} INFO - DAG(s) dict_keys(['example_kubernetes_executor_config']) retrieved from /home/airflow/.local/lib/python3.6/site-packages/airflow/example_dags/example_kubernetes_executor_config.py
[2021-10-16 01:11:35,855] {logging_mixin.py:109} INFO - [2021-10-16 01:11:35,855] {dag.py:2389} INFO - Sync 1 DAGs
[2021-10-16 01:11:35,876] {logging_mixin.py:109} INFO - [2021-10-16 01:11:35,874] {dag.py:2914} INFO - Setting next_dagrun for example_kubernetes_executor_config to None
[2021-10-16 01:11:35,895] {processor.py:171} INFO - Processing /home/airflow/.local/lib/python3.6/site-packages/airflow/example_dags/example_kubernetes_executor_config.py took 0.098 seconds
[2021-10-16 01:12:06,002] {processor.py:163} INFO - Started process (PID=2109) to work on /home/airflow/.local/lib/python3.6/site-packages/airflow/example_dags/example_kubernetes_executor_config.py
[2021-10-16 01:12:06,004] {processor.py:620} INFO - Processing file /home/airflow/.local/lib/python3.6/site-packages/airflow/example_dags/example_kubernetes_executor_config.py for tasks to queue
[2021-10-16 01:12:06,007] {logging_mixin.py:109} INFO - [2021-10-16 01:12:06,006] {dagbag.py:500} INFO - Filling up the DagBag from /home/airflow/.local/lib/python3.6/site-packages/airflow/example_dags/example_kubernetes_executor_config.py
[2021-10-16 01:12:06,046] {processor.py:632} INFO - DAG(s) dict_keys(['example_kubernetes_executor_config']) retrieved from /home/airflow/.local/lib/python3.6/site-packages/airflow/example_dags/example_kubernetes_executor_config.py
[2021-10-16 01:12:06,061] {logging_mixin.py:109} INFO - [2021-10-16 01:12:06,060] {dag.py:2389} INFO - Sync 1 DAGs
[2021-10-16 01:12:06,083] {logging_mixin.py:109} INFO - [2021-10-16 01:12:06,083] {dag.py:2914} INFO - Setting next_dagrun for example_kubernetes_executor_config to None
[2021-10-16 01:12:06,099] {processor.py:171} INFO - Processing /home/airflow/.local/lib/python3.6/site-packages/airflow/example_dags/example_kubernetes_executor_config.py took 0.101 seconds
[2021-10-16 01:12:36,918] {processor.py:163} INFO - Started process (PID=2176) to work on /home/airflow/.local/lib/python3.6/site-packages/airflow/example_dags/example_kubernetes_executor_config.py
[2021-10-16 01:12:36,920] {processor.py:620} INFO - Processing file /home/airflow/.local/lib/python3.6/site-packages/airflow/example_dags/example_kubernetes_executor_config.py for tasks to queue
[2021-10-16 01:12:36,922] {logging_mixin.py:109} INFO - [2021-10-16 01:12:36,921] {dagbag.py:500} INFO - Filling up the DagBag from /home/airflow/.local/lib/python3.6/site-packages/airflow/example_dags/example_kubernetes_executor_config.py
[2021-10-16 01:12:37,005] {processor.py:632} INFO - DAG(s) dict_keys(['example_kubernetes_executor_config']) retrieved from /home/airflow/.local/lib/python3.6/site-packages/airflow/example_dags/example_kubernetes_executor_config.py
[2021-10-16 01:12:37,037] {logging_mixin.py:109} INFO - [2021-10-16 01:12:37,036] {dag.py:2389} INFO - Sync 1 DAGs
[2021-10-16 01:12:37,077] {logging_mixin.py:109} INFO - [2021-10-16 01:12:37,077] {dag.py:2914} INFO - Setting next_dagrun for example_kubernetes_executor_config to None
[2021-10-16 01:12:37,100] {processor.py:171} INFO - Processing /home/airflow/.local/lib/python3.6/site-packages/airflow/example_dags/example_kubernetes_executor_config.py took 0.215 seconds
[2021-10-16 01:13:08,650] {processor.py:163} INFO - Started process (PID=2229) to work on /home/airflow/.local/lib/python3.6/site-packages/airflow/example_dags/example_kubernetes_executor_config.py
[2021-10-16 01:13:08,659] {processor.py:620} INFO - Processing file /home/airflow/.local/lib/python3.6/site-packages/airflow/example_dags/example_kubernetes_executor_config.py for tasks to queue
[2021-10-16 01:13:08,667] {logging_mixin.py:109} INFO - [2021-10-16 01:13:08,666] {dagbag.py:500} INFO - Filling up the DagBag from /home/airflow/.local/lib/python3.6/site-packages/airflow/example_dags/example_kubernetes_executor_config.py
[2021-10-16 01:13:08,702] {processor.py:632} INFO - DAG(s) dict_keys(['example_kubernetes_executor_config']) retrieved from /home/airflow/.local/lib/python3.6/site-packages/airflow/example_dags/example_kubernetes_executor_config.py
[2021-10-16 01:13:08,722] {logging_mixin.py:109} INFO - [2021-10-16 01:13:08,722] {dag.py:2389} INFO - Sync 1 DAGs
[2021-10-16 01:13:08,742] {logging_mixin.py:109} INFO - [2021-10-16 01:13:08,742] {dag.py:2914} INFO - Setting next_dagrun for example_kubernetes_executor_config to None
[2021-10-16 01:13:08,753] {processor.py:171} INFO - Processing /home/airflow/.local/lib/python3.6/site-packages/airflow/example_dags/example_kubernetes_executor_config.py took 0.113 seconds
[2021-10-16 01:13:39,244] {processor.py:163} INFO - Started process (PID=2285) to work on /home/airflow/.local/lib/python3.6/site-packages/airflow/example_dags/example_kubernetes_executor_config.py
[2021-10-16 01:13:39,245] {processor.py:620} INFO - Processing file /home/airflow/.local/lib/python3.6/site-packages/airflow/example_dags/example_kubernetes_executor_config.py for tasks to queue
[2021-10-16 01:13:39,247] {logging_mixin.py:109} INFO - [2021-10-16 01:13:39,247] {dagbag.py:500} INFO - Filling up the DagBag from /home/airflow/.local/lib/python3.6/site-packages/airflow/example_dags/example_kubernetes_executor_config.py
[2021-10-16 01:13:39,282] {processor.py:632} INFO - DAG(s) dict_keys(['example_kubernetes_executor_config']) retrieved from /home/airflow/.local/lib/python3.6/site-packages/airflow/example_dags/example_kubernetes_executor_config.py
[2021-10-16 01:13:39,295] {logging_mixin.py:109} INFO - [2021-10-16 01:13:39,295] {dag.py:2389} INFO - Sync 1 DAGs
[2021-10-16 01:13:39,315] {logging_mixin.py:109} INFO - [2021-10-16 01:13:39,315] {dag.py:2914} INFO - Setting next_dagrun for example_kubernetes_executor_config to None
[2021-10-16 01:13:39,327] {processor.py:171} INFO - Processing /home/airflow/.local/lib/python3.6/site-packages/airflow/example_dags/example_kubernetes_executor_config.py took 0.087 seconds
[2021-10-16 01:14:11,607] {processor.py:163} INFO - Started process (PID=2340) to work on /home/airflow/.local/lib/python3.6/site-packages/airflow/example_dags/example_kubernetes_executor_config.py
[2021-10-16 01:14:11,609] {processor.py:620} INFO - Processing file /home/airflow/.local/lib/python3.6/site-packages/airflow/example_dags/example_kubernetes_executor_config.py for tasks to queue
[2021-10-16 01:14:11,611] {logging_mixin.py:109} INFO - [2021-10-16 01:14:11,611] {dagbag.py:500} INFO - Filling up the DagBag from /home/airflow/.local/lib/python3.6/site-packages/airflow/example_dags/example_kubernetes_executor_config.py
[2021-10-16 01:14:11,743] {processor.py:632} INFO - DAG(s) dict_keys(['example_kubernetes_executor_config']) retrieved from /home/airflow/.local/lib/python3.6/site-packages/airflow/example_dags/example_kubernetes_executor_config.py
[2021-10-16 01:14:11,788] {logging_mixin.py:109} INFO - [2021-10-16 01:14:11,788] {dag.py:2389} INFO - Sync 1 DAGs
[2021-10-16 01:14:11,843] {logging_mixin.py:109} INFO - [2021-10-16 01:14:11,843] {dag.py:2914} INFO - Setting next_dagrun for example_kubernetes_executor_config to None
[2021-10-16 01:14:11,904] {processor.py:171} INFO - Processing /home/airflow/.local/lib/python3.6/site-packages/airflow/example_dags/example_kubernetes_executor_config.py took 0.303 seconds
[2021-10-16 01:14:41,984] {processor.py:163} INFO - Started process (PID=2394) to work on /home/airflow/.local/lib/python3.6/site-packages/airflow/example_dags/example_kubernetes_executor_config.py
[2021-10-16 01:14:41,996] {processor.py:620} INFO - Processing file /home/airflow/.local/lib/python3.6/site-packages/airflow/example_dags/example_kubernetes_executor_config.py for tasks to queue
[2021-10-16 01:14:41,998] {logging_mixin.py:109} INFO - [2021-10-16 01:14:41,998] {dagbag.py:500} INFO - Filling up the DagBag from /home/airflow/.local/lib/python3.6/site-packages/airflow/example_dags/example_kubernetes_executor_config.py
[2021-10-16 01:14:42,039] {processor.py:632} INFO - DAG(s) dict_keys(['example_kubernetes_executor_config']) retrieved from /home/airflow/.local/lib/python3.6/site-packages/airflow/example_dags/example_kubernetes_executor_config.py
[2021-10-16 01:14:42,055] {logging_mixin.py:109} INFO - [2021-10-16 01:14:42,055] {dag.py:2389} INFO - Sync 1 DAGs
[2021-10-16 01:14:42,091] {logging_mixin.py:109} INFO - [2021-10-16 01:14:42,091] {dag.py:2914} INFO - Setting next_dagrun for example_kubernetes_executor_config to None
[2021-10-16 01:14:42,106] {processor.py:171} INFO - Processing /home/airflow/.local/lib/python3.6/site-packages/airflow/example_dags/example_kubernetes_executor_config.py took 0.125 seconds
