[2021-10-16 00:54:00,759] {processor.py:163} INFO - Started process (PID=83) to work on /home/airflow/.local/lib/python3.6/site-packages/airflow/example_dags/example_branch_operator.py
[2021-10-16 00:54:00,769] {processor.py:620} INFO - Processing file /home/airflow/.local/lib/python3.6/site-packages/airflow/example_dags/example_branch_operator.py for tasks to queue
[2021-10-16 00:54:00,775] {logging_mixin.py:109} INFO - [2021-10-16 00:54:00,774] {dagbag.py:500} INFO - Filling up the DagBag from /home/airflow/.local/lib/python3.6/site-packages/airflow/example_dags/example_branch_operator.py
[2021-10-16 00:54:00,973] {processor.py:632} INFO - DAG(s) dict_keys(['example_branch_operator']) retrieved from /home/airflow/.local/lib/python3.6/site-packages/airflow/example_dags/example_branch_operator.py
[2021-10-16 00:54:01,032] {logging_mixin.py:109} INFO - [2021-10-16 00:54:01,032] {dag.py:2389} INFO - Sync 1 DAGs
[2021-10-16 00:54:01,203] {logging_mixin.py:109} INFO - [2021-10-16 00:54:01,203] {dag.py:2914} INFO - Setting next_dagrun for example_branch_operator to 2021-10-15 00:00:00+00:00
[2021-10-16 00:54:01,284] {processor.py:171} INFO - Processing /home/airflow/.local/lib/python3.6/site-packages/airflow/example_dags/example_branch_operator.py took 0.543 seconds
[2021-10-16 00:54:31,818] {processor.py:163} INFO - Started process (PID=126) to work on /home/airflow/.local/lib/python3.6/site-packages/airflow/example_dags/example_branch_operator.py
[2021-10-16 00:54:31,825] {processor.py:620} INFO - Processing file /home/airflow/.local/lib/python3.6/site-packages/airflow/example_dags/example_branch_operator.py for tasks to queue
[2021-10-16 00:54:31,854] {logging_mixin.py:109} INFO - [2021-10-16 00:54:31,849] {dagbag.py:500} INFO - Filling up the DagBag from /home/airflow/.local/lib/python3.6/site-packages/airflow/example_dags/example_branch_operator.py
[2021-10-16 00:54:32,040] {processor.py:632} INFO - DAG(s) dict_keys(['example_branch_operator']) retrieved from /home/airflow/.local/lib/python3.6/site-packages/airflow/example_dags/example_branch_operator.py
[2021-10-16 00:54:32,088] {logging_mixin.py:109} INFO - [2021-10-16 00:54:32,087] {dag.py:2389} INFO - Sync 1 DAGs
[2021-10-16 00:54:32,133] {logging_mixin.py:109} INFO - [2021-10-16 00:54:32,133] {dag.py:2914} INFO - Setting next_dagrun for example_branch_operator to 2021-10-15 00:00:00+00:00
[2021-10-16 00:54:32,148] {processor.py:171} INFO - Processing /home/airflow/.local/lib/python3.6/site-packages/airflow/example_dags/example_branch_operator.py took 0.357 seconds
[2021-10-16 00:55:02,918] {processor.py:163} INFO - Started process (PID=179) to work on /home/airflow/.local/lib/python3.6/site-packages/airflow/example_dags/example_branch_operator.py
[2021-10-16 00:55:02,923] {processor.py:620} INFO - Processing file /home/airflow/.local/lib/python3.6/site-packages/airflow/example_dags/example_branch_operator.py for tasks to queue
[2021-10-16 00:55:02,925] {logging_mixin.py:109} INFO - [2021-10-16 00:55:02,925] {dagbag.py:500} INFO - Filling up the DagBag from /home/airflow/.local/lib/python3.6/site-packages/airflow/example_dags/example_branch_operator.py
[2021-10-16 00:55:03,008] {processor.py:632} INFO - DAG(s) dict_keys(['example_branch_operator']) retrieved from /home/airflow/.local/lib/python3.6/site-packages/airflow/example_dags/example_branch_operator.py
[2021-10-16 00:55:03,035] {logging_mixin.py:109} INFO - [2021-10-16 00:55:03,035] {dag.py:2389} INFO - Sync 1 DAGs
[2021-10-16 00:55:03,077] {logging_mixin.py:109} INFO - [2021-10-16 00:55:03,077] {dag.py:2914} INFO - Setting next_dagrun for example_branch_operator to 2021-10-15 00:00:00+00:00
[2021-10-16 00:55:03,128] {processor.py:171} INFO - Processing /home/airflow/.local/lib/python3.6/site-packages/airflow/example_dags/example_branch_operator.py took 0.229 seconds
[2021-10-16 00:55:33,696] {processor.py:163} INFO - Started process (PID=244) to work on /home/airflow/.local/lib/python3.6/site-packages/airflow/example_dags/example_branch_operator.py
[2021-10-16 00:55:33,702] {processor.py:620} INFO - Processing file /home/airflow/.local/lib/python3.6/site-packages/airflow/example_dags/example_branch_operator.py for tasks to queue
[2021-10-16 00:55:33,707] {logging_mixin.py:109} INFO - [2021-10-16 00:55:33,706] {dagbag.py:500} INFO - Filling up the DagBag from /home/airflow/.local/lib/python3.6/site-packages/airflow/example_dags/example_branch_operator.py
[2021-10-16 00:55:33,778] {processor.py:632} INFO - DAG(s) dict_keys(['example_branch_operator']) retrieved from /home/airflow/.local/lib/python3.6/site-packages/airflow/example_dags/example_branch_operator.py
[2021-10-16 00:55:33,808] {logging_mixin.py:109} INFO - [2021-10-16 00:55:33,808] {dag.py:2389} INFO - Sync 1 DAGs
[2021-10-16 00:55:33,848] {logging_mixin.py:109} INFO - [2021-10-16 00:55:33,848] {dag.py:2914} INFO - Setting next_dagrun for example_branch_operator to 2021-10-15 00:00:00+00:00
[2021-10-16 00:55:33,869] {processor.py:171} INFO - Processing /home/airflow/.local/lib/python3.6/site-packages/airflow/example_dags/example_branch_operator.py took 0.187 seconds
[2021-10-16 00:56:04,339] {processor.py:163} INFO - Started process (PID=300) to work on /home/airflow/.local/lib/python3.6/site-packages/airflow/example_dags/example_branch_operator.py
[2021-10-16 00:56:04,346] {processor.py:620} INFO - Processing file /home/airflow/.local/lib/python3.6/site-packages/airflow/example_dags/example_branch_operator.py for tasks to queue
[2021-10-16 00:56:04,363] {logging_mixin.py:109} INFO - [2021-10-16 00:56:04,363] {dagbag.py:500} INFO - Filling up the DagBag from /home/airflow/.local/lib/python3.6/site-packages/airflow/example_dags/example_branch_operator.py
[2021-10-16 00:56:04,516] {processor.py:632} INFO - DAG(s) dict_keys(['example_branch_operator']) retrieved from /home/airflow/.local/lib/python3.6/site-packages/airflow/example_dags/example_branch_operator.py
[2021-10-16 00:56:04,542] {logging_mixin.py:109} INFO - [2021-10-16 00:56:04,542] {dag.py:2389} INFO - Sync 1 DAGs
[2021-10-16 00:56:04,659] {logging_mixin.py:109} INFO - [2021-10-16 00:56:04,657] {dag.py:2914} INFO - Setting next_dagrun for example_branch_operator to 2021-10-15 00:00:00+00:00
[2021-10-16 00:56:04,689] {processor.py:171} INFO - Processing /home/airflow/.local/lib/python3.6/site-packages/airflow/example_dags/example_branch_operator.py took 0.362 seconds
[2021-10-16 00:56:35,126] {processor.py:163} INFO - Started process (PID=354) to work on /home/airflow/.local/lib/python3.6/site-packages/airflow/example_dags/example_branch_operator.py
[2021-10-16 00:56:35,130] {processor.py:620} INFO - Processing file /home/airflow/.local/lib/python3.6/site-packages/airflow/example_dags/example_branch_operator.py for tasks to queue
[2021-10-16 00:56:35,132] {logging_mixin.py:109} INFO - [2021-10-16 00:56:35,132] {dagbag.py:500} INFO - Filling up the DagBag from /home/airflow/.local/lib/python3.6/site-packages/airflow/example_dags/example_branch_operator.py
[2021-10-16 00:56:35,219] {processor.py:632} INFO - DAG(s) dict_keys(['example_branch_operator']) retrieved from /home/airflow/.local/lib/python3.6/site-packages/airflow/example_dags/example_branch_operator.py
[2021-10-16 00:56:35,245] {logging_mixin.py:109} INFO - [2021-10-16 00:56:35,245] {dag.py:2389} INFO - Sync 1 DAGs
[2021-10-16 00:56:35,281] {logging_mixin.py:109} INFO - [2021-10-16 00:56:35,281] {dag.py:2914} INFO - Setting next_dagrun for example_branch_operator to 2021-10-15 00:00:00+00:00
[2021-10-16 00:56:35,295] {processor.py:171} INFO - Processing /home/airflow/.local/lib/python3.6/site-packages/airflow/example_dags/example_branch_operator.py took 0.182 seconds
[2021-10-16 00:57:05,503] {processor.py:163} INFO - Started process (PID=409) to work on /home/airflow/.local/lib/python3.6/site-packages/airflow/example_dags/example_branch_operator.py
[2021-10-16 00:57:05,506] {processor.py:620} INFO - Processing file /home/airflow/.local/lib/python3.6/site-packages/airflow/example_dags/example_branch_operator.py for tasks to queue
[2021-10-16 00:57:05,508] {logging_mixin.py:109} INFO - [2021-10-16 00:57:05,508] {dagbag.py:500} INFO - Filling up the DagBag from /home/airflow/.local/lib/python3.6/site-packages/airflow/example_dags/example_branch_operator.py
[2021-10-16 00:57:05,568] {processor.py:632} INFO - DAG(s) dict_keys(['example_branch_operator']) retrieved from /home/airflow/.local/lib/python3.6/site-packages/airflow/example_dags/example_branch_operator.py
[2021-10-16 00:57:05,585] {logging_mixin.py:109} INFO - [2021-10-16 00:57:05,585] {dag.py:2389} INFO - Sync 1 DAGs
[2021-10-16 00:57:05,623] {logging_mixin.py:109} INFO - [2021-10-16 00:57:05,623] {dag.py:2914} INFO - Setting next_dagrun for example_branch_operator to 2021-10-15 00:00:00+00:00
[2021-10-16 00:57:05,633] {processor.py:171} INFO - Processing /home/airflow/.local/lib/python3.6/site-packages/airflow/example_dags/example_branch_operator.py took 0.137 seconds
[2021-10-16 00:57:36,360] {processor.py:163} INFO - Started process (PID=476) to work on /home/airflow/.local/lib/python3.6/site-packages/airflow/example_dags/example_branch_operator.py
[2021-10-16 00:57:36,371] {processor.py:620} INFO - Processing file /home/airflow/.local/lib/python3.6/site-packages/airflow/example_dags/example_branch_operator.py for tasks to queue
[2021-10-16 00:57:36,378] {logging_mixin.py:109} INFO - [2021-10-16 00:57:36,377] {dagbag.py:500} INFO - Filling up the DagBag from /home/airflow/.local/lib/python3.6/site-packages/airflow/example_dags/example_branch_operator.py
[2021-10-16 00:57:36,491] {processor.py:632} INFO - DAG(s) dict_keys(['example_branch_operator']) retrieved from /home/airflow/.local/lib/python3.6/site-packages/airflow/example_dags/example_branch_operator.py
[2021-10-16 00:57:36,546] {logging_mixin.py:109} INFO - [2021-10-16 00:57:36,545] {dag.py:2389} INFO - Sync 1 DAGs
[2021-10-16 00:57:36,609] {logging_mixin.py:109} INFO - [2021-10-16 00:57:36,609] {dag.py:2914} INFO - Setting next_dagrun for example_branch_operator to 2021-10-15 00:00:00+00:00
[2021-10-16 00:57:36,639] {processor.py:171} INFO - Processing /home/airflow/.local/lib/python3.6/site-packages/airflow/example_dags/example_branch_operator.py took 0.292 seconds
[2021-10-16 00:58:06,729] {processor.py:163} INFO - Started process (PID=528) to work on /home/airflow/.local/lib/python3.6/site-packages/airflow/example_dags/example_branch_operator.py
[2021-10-16 00:58:06,733] {processor.py:620} INFO - Processing file /home/airflow/.local/lib/python3.6/site-packages/airflow/example_dags/example_branch_operator.py for tasks to queue
[2021-10-16 00:58:06,735] {logging_mixin.py:109} INFO - [2021-10-16 00:58:06,734] {dagbag.py:500} INFO - Filling up the DagBag from /home/airflow/.local/lib/python3.6/site-packages/airflow/example_dags/example_branch_operator.py
[2021-10-16 00:58:06,791] {processor.py:632} INFO - DAG(s) dict_keys(['example_branch_operator']) retrieved from /home/airflow/.local/lib/python3.6/site-packages/airflow/example_dags/example_branch_operator.py
[2021-10-16 00:58:06,822] {logging_mixin.py:109} INFO - [2021-10-16 00:58:06,821] {dag.py:2389} INFO - Sync 1 DAGs
[2021-10-16 00:58:06,853] {logging_mixin.py:109} INFO - [2021-10-16 00:58:06,853] {dag.py:2914} INFO - Setting next_dagrun for example_branch_operator to 2021-10-15 00:00:00+00:00
[2021-10-16 00:58:06,863] {processor.py:171} INFO - Processing /home/airflow/.local/lib/python3.6/site-packages/airflow/example_dags/example_branch_operator.py took 0.138 seconds
[2021-10-16 00:58:38,255] {processor.py:163} INFO - Started process (PID=582) to work on /home/airflow/.local/lib/python3.6/site-packages/airflow/example_dags/example_branch_operator.py
[2021-10-16 00:58:38,257] {processor.py:620} INFO - Processing file /home/airflow/.local/lib/python3.6/site-packages/airflow/example_dags/example_branch_operator.py for tasks to queue
[2021-10-16 00:58:38,259] {logging_mixin.py:109} INFO - [2021-10-16 00:58:38,259] {dagbag.py:500} INFO - Filling up the DagBag from /home/airflow/.local/lib/python3.6/site-packages/airflow/example_dags/example_branch_operator.py
[2021-10-16 00:58:38,323] {processor.py:632} INFO - DAG(s) dict_keys(['example_branch_operator']) retrieved from /home/airflow/.local/lib/python3.6/site-packages/airflow/example_dags/example_branch_operator.py
[2021-10-16 00:58:38,345] {logging_mixin.py:109} INFO - [2021-10-16 00:58:38,345] {dag.py:2389} INFO - Sync 1 DAGs
[2021-10-16 00:58:38,391] {logging_mixin.py:109} INFO - [2021-10-16 00:58:38,390] {dag.py:2914} INFO - Setting next_dagrun for example_branch_operator to 2021-10-15 00:00:00+00:00
[2021-10-16 00:58:38,419] {processor.py:171} INFO - Processing /home/airflow/.local/lib/python3.6/site-packages/airflow/example_dags/example_branch_operator.py took 0.171 seconds
[2021-10-16 00:59:08,470] {processor.py:163} INFO - Started process (PID=636) to work on /home/airflow/.local/lib/python3.6/site-packages/airflow/example_dags/example_branch_operator.py
[2021-10-16 00:59:08,471] {processor.py:620} INFO - Processing file /home/airflow/.local/lib/python3.6/site-packages/airflow/example_dags/example_branch_operator.py for tasks to queue
[2021-10-16 00:59:08,473] {logging_mixin.py:109} INFO - [2021-10-16 00:59:08,473] {dagbag.py:500} INFO - Filling up the DagBag from /home/airflow/.local/lib/python3.6/site-packages/airflow/example_dags/example_branch_operator.py
[2021-10-16 00:59:08,507] {processor.py:632} INFO - DAG(s) dict_keys(['example_branch_operator']) retrieved from /home/airflow/.local/lib/python3.6/site-packages/airflow/example_dags/example_branch_operator.py
[2021-10-16 00:59:08,523] {logging_mixin.py:109} INFO - [2021-10-16 00:59:08,523] {dag.py:2389} INFO - Sync 1 DAGs
[2021-10-16 00:59:08,545] {logging_mixin.py:109} INFO - [2021-10-16 00:59:08,545] {dag.py:2914} INFO - Setting next_dagrun for example_branch_operator to 2021-10-15 00:00:00+00:00
[2021-10-16 00:59:08,557] {processor.py:171} INFO - Processing /home/airflow/.local/lib/python3.6/site-packages/airflow/example_dags/example_branch_operator.py took 0.090 seconds
[2021-10-16 00:59:39,601] {processor.py:163} INFO - Started process (PID=706) to work on /home/airflow/.local/lib/python3.6/site-packages/airflow/example_dags/example_branch_operator.py
[2021-10-16 00:59:39,605] {processor.py:620} INFO - Processing file /home/airflow/.local/lib/python3.6/site-packages/airflow/example_dags/example_branch_operator.py for tasks to queue
[2021-10-16 00:59:39,608] {logging_mixin.py:109} INFO - [2021-10-16 00:59:39,607] {dagbag.py:500} INFO - Filling up the DagBag from /home/airflow/.local/lib/python3.6/site-packages/airflow/example_dags/example_branch_operator.py
[2021-10-16 00:59:39,662] {processor.py:632} INFO - DAG(s) dict_keys(['example_branch_operator']) retrieved from /home/airflow/.local/lib/python3.6/site-packages/airflow/example_dags/example_branch_operator.py
[2021-10-16 00:59:39,686] {logging_mixin.py:109} INFO - [2021-10-16 00:59:39,685] {dag.py:2389} INFO - Sync 1 DAGs
[2021-10-16 00:59:39,718] {logging_mixin.py:109} INFO - [2021-10-16 00:59:39,718] {dag.py:2914} INFO - Setting next_dagrun for example_branch_operator to 2021-10-15 00:00:00+00:00
[2021-10-16 00:59:39,731] {processor.py:171} INFO - Processing /home/airflow/.local/lib/python3.6/site-packages/airflow/example_dags/example_branch_operator.py took 0.136 seconds
[2021-10-16 01:00:10,132] {processor.py:163} INFO - Started process (PID=760) to work on /home/airflow/.local/lib/python3.6/site-packages/airflow/example_dags/example_branch_operator.py
[2021-10-16 01:00:10,137] {processor.py:620} INFO - Processing file /home/airflow/.local/lib/python3.6/site-packages/airflow/example_dags/example_branch_operator.py for tasks to queue
[2021-10-16 01:00:10,140] {logging_mixin.py:109} INFO - [2021-10-16 01:00:10,140] {dagbag.py:500} INFO - Filling up the DagBag from /home/airflow/.local/lib/python3.6/site-packages/airflow/example_dags/example_branch_operator.py
[2021-10-16 01:00:10,180] {processor.py:632} INFO - DAG(s) dict_keys(['example_branch_operator']) retrieved from /home/airflow/.local/lib/python3.6/site-packages/airflow/example_dags/example_branch_operator.py
[2021-10-16 01:00:10,204] {logging_mixin.py:109} INFO - [2021-10-16 01:00:10,204] {dag.py:2389} INFO - Sync 1 DAGs
[2021-10-16 01:00:10,234] {logging_mixin.py:109} INFO - [2021-10-16 01:00:10,233] {dag.py:2914} INFO - Setting next_dagrun for example_branch_operator to 2021-10-15 00:00:00+00:00
[2021-10-16 01:00:10,255] {processor.py:171} INFO - Processing /home/airflow/.local/lib/python3.6/site-packages/airflow/example_dags/example_branch_operator.py took 0.131 seconds
[2021-10-16 01:00:40,799] {processor.py:163} INFO - Started process (PID=815) to work on /home/airflow/.local/lib/python3.6/site-packages/airflow/example_dags/example_branch_operator.py
[2021-10-16 01:00:40,804] {processor.py:620} INFO - Processing file /home/airflow/.local/lib/python3.6/site-packages/airflow/example_dags/example_branch_operator.py for tasks to queue
[2021-10-16 01:00:40,806] {logging_mixin.py:109} INFO - [2021-10-16 01:00:40,806] {dagbag.py:500} INFO - Filling up the DagBag from /home/airflow/.local/lib/python3.6/site-packages/airflow/example_dags/example_branch_operator.py
[2021-10-16 01:00:40,867] {processor.py:632} INFO - DAG(s) dict_keys(['example_branch_operator']) retrieved from /home/airflow/.local/lib/python3.6/site-packages/airflow/example_dags/example_branch_operator.py
[2021-10-16 01:00:40,888] {logging_mixin.py:109} INFO - [2021-10-16 01:00:40,888] {dag.py:2389} INFO - Sync 1 DAGs
[2021-10-16 01:00:40,929] {logging_mixin.py:109} INFO - [2021-10-16 01:00:40,929] {dag.py:2914} INFO - Setting next_dagrun for example_branch_operator to 2021-10-15 00:00:00+00:00
[2021-10-16 01:00:40,948] {processor.py:171} INFO - Processing /home/airflow/.local/lib/python3.6/site-packages/airflow/example_dags/example_branch_operator.py took 0.153 seconds
[2021-10-16 01:01:11,192] {processor.py:163} INFO - Started process (PID=871) to work on /home/airflow/.local/lib/python3.6/site-packages/airflow/example_dags/example_branch_operator.py
[2021-10-16 01:01:11,194] {processor.py:620} INFO - Processing file /home/airflow/.local/lib/python3.6/site-packages/airflow/example_dags/example_branch_operator.py for tasks to queue
[2021-10-16 01:01:11,196] {logging_mixin.py:109} INFO - [2021-10-16 01:01:11,196] {dagbag.py:500} INFO - Filling up the DagBag from /home/airflow/.local/lib/python3.6/site-packages/airflow/example_dags/example_branch_operator.py
[2021-10-16 01:01:11,258] {processor.py:632} INFO - DAG(s) dict_keys(['example_branch_operator']) retrieved from /home/airflow/.local/lib/python3.6/site-packages/airflow/example_dags/example_branch_operator.py
[2021-10-16 01:01:11,276] {logging_mixin.py:109} INFO - [2021-10-16 01:01:11,276] {dag.py:2389} INFO - Sync 1 DAGs
[2021-10-16 01:01:11,304] {logging_mixin.py:109} INFO - [2021-10-16 01:01:11,304] {dag.py:2914} INFO - Setting next_dagrun for example_branch_operator to 2021-10-15 00:00:00+00:00
[2021-10-16 01:01:11,320] {processor.py:171} INFO - Processing /home/airflow/.local/lib/python3.6/site-packages/airflow/example_dags/example_branch_operator.py took 0.133 seconds
[2021-10-16 01:01:42,703] {processor.py:163} INFO - Started process (PID=937) to work on /home/airflow/.local/lib/python3.6/site-packages/airflow/example_dags/example_branch_operator.py
[2021-10-16 01:01:42,711] {processor.py:620} INFO - Processing file /home/airflow/.local/lib/python3.6/site-packages/airflow/example_dags/example_branch_operator.py for tasks to queue
[2021-10-16 01:01:42,714] {logging_mixin.py:109} INFO - [2021-10-16 01:01:42,713] {dagbag.py:500} INFO - Filling up the DagBag from /home/airflow/.local/lib/python3.6/site-packages/airflow/example_dags/example_branch_operator.py
[2021-10-16 01:01:42,844] {processor.py:632} INFO - DAG(s) dict_keys(['example_branch_operator']) retrieved from /home/airflow/.local/lib/python3.6/site-packages/airflow/example_dags/example_branch_operator.py
[2021-10-16 01:01:42,888] {logging_mixin.py:109} INFO - [2021-10-16 01:01:42,888] {dag.py:2389} INFO - Sync 1 DAGs
[2021-10-16 01:01:42,921] {logging_mixin.py:109} INFO - [2021-10-16 01:01:42,921] {dag.py:2914} INFO - Setting next_dagrun for example_branch_operator to 2021-10-15 00:00:00+00:00
[2021-10-16 01:01:42,936] {processor.py:171} INFO - Processing /home/airflow/.local/lib/python3.6/site-packages/airflow/example_dags/example_branch_operator.py took 0.237 seconds
[2021-10-16 01:02:13,173] {processor.py:163} INFO - Started process (PID=993) to work on /home/airflow/.local/lib/python3.6/site-packages/airflow/example_dags/example_branch_operator.py
[2021-10-16 01:02:13,175] {processor.py:620} INFO - Processing file /home/airflow/.local/lib/python3.6/site-packages/airflow/example_dags/example_branch_operator.py for tasks to queue
[2021-10-16 01:02:13,177] {logging_mixin.py:109} INFO - [2021-10-16 01:02:13,177] {dagbag.py:500} INFO - Filling up the DagBag from /home/airflow/.local/lib/python3.6/site-packages/airflow/example_dags/example_branch_operator.py
[2021-10-16 01:02:13,216] {processor.py:632} INFO - DAG(s) dict_keys(['example_branch_operator']) retrieved from /home/airflow/.local/lib/python3.6/site-packages/airflow/example_dags/example_branch_operator.py
[2021-10-16 01:02:13,230] {logging_mixin.py:109} INFO - [2021-10-16 01:02:13,230] {dag.py:2389} INFO - Sync 1 DAGs
[2021-10-16 01:02:13,247] {logging_mixin.py:109} INFO - [2021-10-16 01:02:13,247] {dag.py:2914} INFO - Setting next_dagrun for example_branch_operator to 2021-10-15 00:00:00+00:00
[2021-10-16 01:02:13,264] {processor.py:171} INFO - Processing /home/airflow/.local/lib/python3.6/site-packages/airflow/example_dags/example_branch_operator.py took 0.099 seconds
[2021-10-16 01:02:44,870] {processor.py:163} INFO - Started process (PID=1063) to work on /home/airflow/.local/lib/python3.6/site-packages/airflow/example_dags/example_branch_operator.py
[2021-10-16 01:02:44,874] {processor.py:620} INFO - Processing file /home/airflow/.local/lib/python3.6/site-packages/airflow/example_dags/example_branch_operator.py for tasks to queue
[2021-10-16 01:02:44,881] {logging_mixin.py:109} INFO - [2021-10-16 01:02:44,879] {dagbag.py:500} INFO - Filling up the DagBag from /home/airflow/.local/lib/python3.6/site-packages/airflow/example_dags/example_branch_operator.py
[2021-10-16 01:02:45,012] {processor.py:632} INFO - DAG(s) dict_keys(['example_branch_operator']) retrieved from /home/airflow/.local/lib/python3.6/site-packages/airflow/example_dags/example_branch_operator.py
[2021-10-16 01:02:45,075] {logging_mixin.py:109} INFO - [2021-10-16 01:02:45,075] {dag.py:2389} INFO - Sync 1 DAGs
[2021-10-16 01:02:45,153] {logging_mixin.py:109} INFO - [2021-10-16 01:02:45,153] {dag.py:2914} INFO - Setting next_dagrun for example_branch_operator to 2021-10-15 00:00:00+00:00
[2021-10-16 01:02:45,202] {processor.py:171} INFO - Processing /home/airflow/.local/lib/python3.6/site-packages/airflow/example_dags/example_branch_operator.py took 0.360 seconds
[2021-10-16 01:03:15,883] {processor.py:163} INFO - Started process (PID=1115) to work on /home/airflow/.local/lib/python3.6/site-packages/airflow/example_dags/example_branch_operator.py
[2021-10-16 01:03:15,886] {processor.py:620} INFO - Processing file /home/airflow/.local/lib/python3.6/site-packages/airflow/example_dags/example_branch_operator.py for tasks to queue
[2021-10-16 01:03:15,888] {logging_mixin.py:109} INFO - [2021-10-16 01:03:15,887] {dagbag.py:500} INFO - Filling up the DagBag from /home/airflow/.local/lib/python3.6/site-packages/airflow/example_dags/example_branch_operator.py
[2021-10-16 01:03:15,935] {processor.py:632} INFO - DAG(s) dict_keys(['example_branch_operator']) retrieved from /home/airflow/.local/lib/python3.6/site-packages/airflow/example_dags/example_branch_operator.py
[2021-10-16 01:03:15,952] {logging_mixin.py:109} INFO - [2021-10-16 01:03:15,952] {dag.py:2389} INFO - Sync 1 DAGs
[2021-10-16 01:03:15,975] {logging_mixin.py:109} INFO - [2021-10-16 01:03:15,975] {dag.py:2914} INFO - Setting next_dagrun for example_branch_operator to 2021-10-15 00:00:00+00:00
[2021-10-16 01:03:15,991] {processor.py:171} INFO - Processing /home/airflow/.local/lib/python3.6/site-packages/airflow/example_dags/example_branch_operator.py took 0.113 seconds
[2021-10-16 01:03:46,333] {processor.py:163} INFO - Started process (PID=1169) to work on /home/airflow/.local/lib/python3.6/site-packages/airflow/example_dags/example_branch_operator.py
[2021-10-16 01:03:46,335] {processor.py:620} INFO - Processing file /home/airflow/.local/lib/python3.6/site-packages/airflow/example_dags/example_branch_operator.py for tasks to queue
[2021-10-16 01:03:46,338] {logging_mixin.py:109} INFO - [2021-10-16 01:03:46,338] {dagbag.py:500} INFO - Filling up the DagBag from /home/airflow/.local/lib/python3.6/site-packages/airflow/example_dags/example_branch_operator.py
[2021-10-16 01:03:46,374] {processor.py:632} INFO - DAG(s) dict_keys(['example_branch_operator']) retrieved from /home/airflow/.local/lib/python3.6/site-packages/airflow/example_dags/example_branch_operator.py
[2021-10-16 01:03:46,387] {logging_mixin.py:109} INFO - [2021-10-16 01:03:46,387] {dag.py:2389} INFO - Sync 1 DAGs
[2021-10-16 01:03:46,407] {logging_mixin.py:109} INFO - [2021-10-16 01:03:46,407] {dag.py:2914} INFO - Setting next_dagrun for example_branch_operator to 2021-10-15 00:00:00+00:00
[2021-10-16 01:03:46,421] {processor.py:171} INFO - Processing /home/airflow/.local/lib/python3.6/site-packages/airflow/example_dags/example_branch_operator.py took 0.092 seconds
[2021-10-16 01:04:17,240] {processor.py:163} INFO - Started process (PID=1235) to work on /home/airflow/.local/lib/python3.6/site-packages/airflow/example_dags/example_branch_operator.py
[2021-10-16 01:04:17,248] {processor.py:620} INFO - Processing file /home/airflow/.local/lib/python3.6/site-packages/airflow/example_dags/example_branch_operator.py for tasks to queue
[2021-10-16 01:04:17,254] {logging_mixin.py:109} INFO - [2021-10-16 01:04:17,253] {dagbag.py:500} INFO - Filling up the DagBag from /home/airflow/.local/lib/python3.6/site-packages/airflow/example_dags/example_branch_operator.py
[2021-10-16 01:04:17,458] {processor.py:632} INFO - DAG(s) dict_keys(['example_branch_operator']) retrieved from /home/airflow/.local/lib/python3.6/site-packages/airflow/example_dags/example_branch_operator.py
[2021-10-16 01:04:17,581] {logging_mixin.py:109} INFO - [2021-10-16 01:04:17,581] {dag.py:2389} INFO - Sync 1 DAGs
[2021-10-16 01:04:17,720] {logging_mixin.py:109} INFO - [2021-10-16 01:04:17,720] {dag.py:2914} INFO - Setting next_dagrun for example_branch_operator to 2021-10-15 00:00:00+00:00
[2021-10-16 01:04:17,765] {processor.py:171} INFO - Processing /home/airflow/.local/lib/python3.6/site-packages/airflow/example_dags/example_branch_operator.py took 0.544 seconds
[2021-10-16 01:04:48,341] {processor.py:163} INFO - Started process (PID=1288) to work on /home/airflow/.local/lib/python3.6/site-packages/airflow/example_dags/example_branch_operator.py
[2021-10-16 01:04:48,349] {processor.py:620} INFO - Processing file /home/airflow/.local/lib/python3.6/site-packages/airflow/example_dags/example_branch_operator.py for tasks to queue
[2021-10-16 01:04:48,351] {logging_mixin.py:109} INFO - [2021-10-16 01:04:48,351] {dagbag.py:500} INFO - Filling up the DagBag from /home/airflow/.local/lib/python3.6/site-packages/airflow/example_dags/example_branch_operator.py
[2021-10-16 01:04:48,407] {processor.py:632} INFO - DAG(s) dict_keys(['example_branch_operator']) retrieved from /home/airflow/.local/lib/python3.6/site-packages/airflow/example_dags/example_branch_operator.py
[2021-10-16 01:04:48,425] {logging_mixin.py:109} INFO - [2021-10-16 01:04:48,425] {dag.py:2389} INFO - Sync 1 DAGs
[2021-10-16 01:04:48,450] {logging_mixin.py:109} INFO - [2021-10-16 01:04:48,449] {dag.py:2914} INFO - Setting next_dagrun for example_branch_operator to 2021-10-15 00:00:00+00:00
[2021-10-16 01:04:48,465] {processor.py:171} INFO - Processing /home/airflow/.local/lib/python3.6/site-packages/airflow/example_dags/example_branch_operator.py took 0.130 seconds
[2021-10-16 01:05:19,977] {processor.py:163} INFO - Started process (PID=1344) to work on /home/airflow/.local/lib/python3.6/site-packages/airflow/example_dags/example_branch_operator.py
[2021-10-16 01:05:19,980] {processor.py:620} INFO - Processing file /home/airflow/.local/lib/python3.6/site-packages/airflow/example_dags/example_branch_operator.py for tasks to queue
[2021-10-16 01:05:19,986] {logging_mixin.py:109} INFO - [2021-10-16 01:05:19,985] {dagbag.py:500} INFO - Filling up the DagBag from /home/airflow/.local/lib/python3.6/site-packages/airflow/example_dags/example_branch_operator.py
[2021-10-16 01:05:20,087] {processor.py:632} INFO - DAG(s) dict_keys(['example_branch_operator']) retrieved from /home/airflow/.local/lib/python3.6/site-packages/airflow/example_dags/example_branch_operator.py
[2021-10-16 01:05:20,128] {logging_mixin.py:109} INFO - [2021-10-16 01:05:20,128] {dag.py:2389} INFO - Sync 1 DAGs
[2021-10-16 01:05:20,171] {logging_mixin.py:109} INFO - [2021-10-16 01:05:20,171] {dag.py:2914} INFO - Setting next_dagrun for example_branch_operator to 2021-10-15 00:00:00+00:00
[2021-10-16 01:05:20,212] {processor.py:171} INFO - Processing /home/airflow/.local/lib/python3.6/site-packages/airflow/example_dags/example_branch_operator.py took 0.259 seconds
[2021-10-16 01:05:50,311] {processor.py:163} INFO - Started process (PID=1396) to work on /home/airflow/.local/lib/python3.6/site-packages/airflow/example_dags/example_branch_operator.py
[2021-10-16 01:05:50,314] {processor.py:620} INFO - Processing file /home/airflow/.local/lib/python3.6/site-packages/airflow/example_dags/example_branch_operator.py for tasks to queue
[2021-10-16 01:05:50,316] {logging_mixin.py:109} INFO - [2021-10-16 01:05:50,316] {dagbag.py:500} INFO - Filling up the DagBag from /home/airflow/.local/lib/python3.6/site-packages/airflow/example_dags/example_branch_operator.py
[2021-10-16 01:05:50,364] {processor.py:632} INFO - DAG(s) dict_keys(['example_branch_operator']) retrieved from /home/airflow/.local/lib/python3.6/site-packages/airflow/example_dags/example_branch_operator.py
[2021-10-16 01:05:50,383] {logging_mixin.py:109} INFO - [2021-10-16 01:05:50,383] {dag.py:2389} INFO - Sync 1 DAGs
[2021-10-16 01:05:50,410] {logging_mixin.py:109} INFO - [2021-10-16 01:05:50,410] {dag.py:2914} INFO - Setting next_dagrun for example_branch_operator to 2021-10-15 00:00:00+00:00
[2021-10-16 01:05:50,427] {processor.py:171} INFO - Processing /home/airflow/.local/lib/python3.6/site-packages/airflow/example_dags/example_branch_operator.py took 0.121 seconds
[2021-10-16 01:06:20,782] {processor.py:163} INFO - Started process (PID=1461) to work on /home/airflow/.local/lib/python3.6/site-packages/airflow/example_dags/example_branch_operator.py
[2021-10-16 01:06:20,784] {processor.py:620} INFO - Processing file /home/airflow/.local/lib/python3.6/site-packages/airflow/example_dags/example_branch_operator.py for tasks to queue
[2021-10-16 01:06:20,786] {logging_mixin.py:109} INFO - [2021-10-16 01:06:20,786] {dagbag.py:500} INFO - Filling up the DagBag from /home/airflow/.local/lib/python3.6/site-packages/airflow/example_dags/example_branch_operator.py
[2021-10-16 01:06:20,822] {processor.py:632} INFO - DAG(s) dict_keys(['example_branch_operator']) retrieved from /home/airflow/.local/lib/python3.6/site-packages/airflow/example_dags/example_branch_operator.py
[2021-10-16 01:06:20,838] {logging_mixin.py:109} INFO - [2021-10-16 01:06:20,838] {dag.py:2389} INFO - Sync 1 DAGs
[2021-10-16 01:06:20,859] {logging_mixin.py:109} INFO - [2021-10-16 01:06:20,859] {dag.py:2914} INFO - Setting next_dagrun for example_branch_operator to 2021-10-15 00:00:00+00:00
[2021-10-16 01:06:20,873] {processor.py:171} INFO - Processing /home/airflow/.local/lib/python3.6/site-packages/airflow/example_dags/example_branch_operator.py took 0.097 seconds
[2021-10-16 01:06:51,517] {processor.py:163} INFO - Started process (PID=1515) to work on /home/airflow/.local/lib/python3.6/site-packages/airflow/example_dags/example_branch_operator.py
[2021-10-16 01:06:51,533] {processor.py:620} INFO - Processing file /home/airflow/.local/lib/python3.6/site-packages/airflow/example_dags/example_branch_operator.py for tasks to queue
[2021-10-16 01:06:51,542] {logging_mixin.py:109} INFO - [2021-10-16 01:06:51,542] {dagbag.py:500} INFO - Filling up the DagBag from /home/airflow/.local/lib/python3.6/site-packages/airflow/example_dags/example_branch_operator.py
[2021-10-16 01:06:51,667] {processor.py:632} INFO - DAG(s) dict_keys(['example_branch_operator']) retrieved from /home/airflow/.local/lib/python3.6/site-packages/airflow/example_dags/example_branch_operator.py
[2021-10-16 01:06:51,720] {logging_mixin.py:109} INFO - [2021-10-16 01:06:51,720] {dag.py:2389} INFO - Sync 1 DAGs
[2021-10-16 01:06:51,771] {logging_mixin.py:109} INFO - [2021-10-16 01:06:51,771] {dag.py:2914} INFO - Setting next_dagrun for example_branch_operator to 2021-10-15 00:00:00+00:00
[2021-10-16 01:06:51,801] {processor.py:171} INFO - Processing /home/airflow/.local/lib/python3.6/site-packages/airflow/example_dags/example_branch_operator.py took 0.298 seconds
[2021-10-16 01:07:22,245] {processor.py:163} INFO - Started process (PID=1568) to work on /home/airflow/.local/lib/python3.6/site-packages/airflow/example_dags/example_branch_operator.py
[2021-10-16 01:07:22,253] {processor.py:620} INFO - Processing file /home/airflow/.local/lib/python3.6/site-packages/airflow/example_dags/example_branch_operator.py for tasks to queue
[2021-10-16 01:07:22,255] {logging_mixin.py:109} INFO - [2021-10-16 01:07:22,254] {dagbag.py:500} INFO - Filling up the DagBag from /home/airflow/.local/lib/python3.6/site-packages/airflow/example_dags/example_branch_operator.py
[2021-10-16 01:07:22,335] {processor.py:632} INFO - DAG(s) dict_keys(['example_branch_operator']) retrieved from /home/airflow/.local/lib/python3.6/site-packages/airflow/example_dags/example_branch_operator.py
[2021-10-16 01:07:22,364] {logging_mixin.py:109} INFO - [2021-10-16 01:07:22,363] {dag.py:2389} INFO - Sync 1 DAGs
[2021-10-16 01:07:22,408] {logging_mixin.py:109} INFO - [2021-10-16 01:07:22,407] {dag.py:2914} INFO - Setting next_dagrun for example_branch_operator to 2021-10-15 00:00:00+00:00
[2021-10-16 01:07:22,451] {processor.py:171} INFO - Processing /home/airflow/.local/lib/python3.6/site-packages/airflow/example_dags/example_branch_operator.py took 0.219 seconds
[2021-10-16 01:07:52,532] {processor.py:163} INFO - Started process (PID=1622) to work on /home/airflow/.local/lib/python3.6/site-packages/airflow/example_dags/example_branch_operator.py
[2021-10-16 01:07:52,535] {processor.py:620} INFO - Processing file /home/airflow/.local/lib/python3.6/site-packages/airflow/example_dags/example_branch_operator.py for tasks to queue
[2021-10-16 01:07:52,537] {logging_mixin.py:109} INFO - [2021-10-16 01:07:52,537] {dagbag.py:500} INFO - Filling up the DagBag from /home/airflow/.local/lib/python3.6/site-packages/airflow/example_dags/example_branch_operator.py
[2021-10-16 01:07:52,577] {processor.py:632} INFO - DAG(s) dict_keys(['example_branch_operator']) retrieved from /home/airflow/.local/lib/python3.6/site-packages/airflow/example_dags/example_branch_operator.py
[2021-10-16 01:07:52,594] {logging_mixin.py:109} INFO - [2021-10-16 01:07:52,594] {dag.py:2389} INFO - Sync 1 DAGs
[2021-10-16 01:07:52,618] {logging_mixin.py:109} INFO - [2021-10-16 01:07:52,617] {dag.py:2914} INFO - Setting next_dagrun for example_branch_operator to 2021-10-15 00:00:00+00:00
[2021-10-16 01:07:52,633] {processor.py:171} INFO - Processing /home/airflow/.local/lib/python3.6/site-packages/airflow/example_dags/example_branch_operator.py took 0.105 seconds
[2021-10-16 01:08:22,730] {processor.py:163} INFO - Started process (PID=1689) to work on /home/airflow/.local/lib/python3.6/site-packages/airflow/example_dags/example_branch_operator.py
[2021-10-16 01:08:22,732] {processor.py:620} INFO - Processing file /home/airflow/.local/lib/python3.6/site-packages/airflow/example_dags/example_branch_operator.py for tasks to queue
[2021-10-16 01:08:22,734] {logging_mixin.py:109} INFO - [2021-10-16 01:08:22,734] {dagbag.py:500} INFO - Filling up the DagBag from /home/airflow/.local/lib/python3.6/site-packages/airflow/example_dags/example_branch_operator.py
[2021-10-16 01:08:22,800] {processor.py:632} INFO - DAG(s) dict_keys(['example_branch_operator']) retrieved from /home/airflow/.local/lib/python3.6/site-packages/airflow/example_dags/example_branch_operator.py
[2021-10-16 01:08:22,816] {logging_mixin.py:109} INFO - [2021-10-16 01:08:22,816] {dag.py:2389} INFO - Sync 1 DAGs
[2021-10-16 01:08:22,846] {logging_mixin.py:109} INFO - [2021-10-16 01:08:22,846] {dag.py:2914} INFO - Setting next_dagrun for example_branch_operator to 2021-10-15 00:00:00+00:00
[2021-10-16 01:08:22,855] {processor.py:171} INFO - Processing /home/airflow/.local/lib/python3.6/site-packages/airflow/example_dags/example_branch_operator.py took 0.128 seconds
[2021-10-16 01:08:53,527] {processor.py:163} INFO - Started process (PID=1743) to work on /home/airflow/.local/lib/python3.6/site-packages/airflow/example_dags/example_branch_operator.py
[2021-10-16 01:08:53,539] {processor.py:620} INFO - Processing file /home/airflow/.local/lib/python3.6/site-packages/airflow/example_dags/example_branch_operator.py for tasks to queue
[2021-10-16 01:08:53,543] {logging_mixin.py:109} INFO - [2021-10-16 01:08:53,542] {dagbag.py:500} INFO - Filling up the DagBag from /home/airflow/.local/lib/python3.6/site-packages/airflow/example_dags/example_branch_operator.py
[2021-10-16 01:08:53,642] {processor.py:632} INFO - DAG(s) dict_keys(['example_branch_operator']) retrieved from /home/airflow/.local/lib/python3.6/site-packages/airflow/example_dags/example_branch_operator.py
[2021-10-16 01:08:53,670] {logging_mixin.py:109} INFO - [2021-10-16 01:08:53,670] {dag.py:2389} INFO - Sync 1 DAGs
[2021-10-16 01:08:53,709] {logging_mixin.py:109} INFO - [2021-10-16 01:08:53,709] {dag.py:2914} INFO - Setting next_dagrun for example_branch_operator to 2021-10-15 00:00:00+00:00
[2021-10-16 01:08:53,732] {processor.py:171} INFO - Processing /home/airflow/.local/lib/python3.6/site-packages/airflow/example_dags/example_branch_operator.py took 0.219 seconds
[2021-10-16 01:09:23,834] {processor.py:163} INFO - Started process (PID=1813) to work on /home/airflow/.local/lib/python3.6/site-packages/airflow/example_dags/example_branch_operator.py
[2021-10-16 01:09:23,840] {processor.py:620} INFO - Processing file /home/airflow/.local/lib/python3.6/site-packages/airflow/example_dags/example_branch_operator.py for tasks to queue
[2021-10-16 01:09:23,842] {logging_mixin.py:109} INFO - [2021-10-16 01:09:23,842] {dagbag.py:500} INFO - Filling up the DagBag from /home/airflow/.local/lib/python3.6/site-packages/airflow/example_dags/example_branch_operator.py
[2021-10-16 01:09:23,906] {processor.py:632} INFO - DAG(s) dict_keys(['example_branch_operator']) retrieved from /home/airflow/.local/lib/python3.6/site-packages/airflow/example_dags/example_branch_operator.py
[2021-10-16 01:09:23,921] {logging_mixin.py:109} INFO - [2021-10-16 01:09:23,920] {dag.py:2389} INFO - Sync 1 DAGs
[2021-10-16 01:09:23,960] {logging_mixin.py:109} INFO - [2021-10-16 01:09:23,960] {dag.py:2914} INFO - Setting next_dagrun for example_branch_operator to 2021-10-15 00:00:00+00:00
[2021-10-16 01:09:23,986] {processor.py:171} INFO - Processing /home/airflow/.local/lib/python3.6/site-packages/airflow/example_dags/example_branch_operator.py took 0.157 seconds
[2021-10-16 01:09:54,212] {processor.py:163} INFO - Started process (PID=1866) to work on /home/airflow/.local/lib/python3.6/site-packages/airflow/example_dags/example_branch_operator.py
[2021-10-16 01:09:54,215] {processor.py:620} INFO - Processing file /home/airflow/.local/lib/python3.6/site-packages/airflow/example_dags/example_branch_operator.py for tasks to queue
[2021-10-16 01:09:54,225] {logging_mixin.py:109} INFO - [2021-10-16 01:09:54,217] {dagbag.py:500} INFO - Filling up the DagBag from /home/airflow/.local/lib/python3.6/site-packages/airflow/example_dags/example_branch_operator.py
[2021-10-16 01:09:54,297] {processor.py:632} INFO - DAG(s) dict_keys(['example_branch_operator']) retrieved from /home/airflow/.local/lib/python3.6/site-packages/airflow/example_dags/example_branch_operator.py
[2021-10-16 01:09:54,314] {logging_mixin.py:109} INFO - [2021-10-16 01:09:54,313] {dag.py:2389} INFO - Sync 1 DAGs
[2021-10-16 01:09:54,334] {logging_mixin.py:109} INFO - [2021-10-16 01:09:54,334] {dag.py:2914} INFO - Setting next_dagrun for example_branch_operator to 2021-10-15 00:00:00+00:00
[2021-10-16 01:09:54,350] {processor.py:171} INFO - Processing /home/airflow/.local/lib/python3.6/site-packages/airflow/example_dags/example_branch_operator.py took 0.145 seconds
[2021-10-16 01:10:25,082] {processor.py:163} INFO - Started process (PID=1919) to work on /home/airflow/.local/lib/python3.6/site-packages/airflow/example_dags/example_branch_operator.py
[2021-10-16 01:10:25,106] {processor.py:620} INFO - Processing file /home/airflow/.local/lib/python3.6/site-packages/airflow/example_dags/example_branch_operator.py for tasks to queue
[2021-10-16 01:10:25,118] {logging_mixin.py:109} INFO - [2021-10-16 01:10:25,118] {dagbag.py:500} INFO - Filling up the DagBag from /home/airflow/.local/lib/python3.6/site-packages/airflow/example_dags/example_branch_operator.py
[2021-10-16 01:10:25,313] {processor.py:632} INFO - DAG(s) dict_keys(['example_branch_operator']) retrieved from /home/airflow/.local/lib/python3.6/site-packages/airflow/example_dags/example_branch_operator.py
[2021-10-16 01:10:25,407] {logging_mixin.py:109} INFO - [2021-10-16 01:10:25,406] {dag.py:2389} INFO - Sync 1 DAGs
[2021-10-16 01:10:25,532] {logging_mixin.py:109} INFO - [2021-10-16 01:10:25,532] {dag.py:2914} INFO - Setting next_dagrun for example_branch_operator to 2021-10-15 00:00:00+00:00
[2021-10-16 01:10:25,566] {processor.py:171} INFO - Processing /home/airflow/.local/lib/python3.6/site-packages/airflow/example_dags/example_branch_operator.py took 0.536 seconds
[2021-10-16 01:10:56,320] {processor.py:163} INFO - Started process (PID=1976) to work on /home/airflow/.local/lib/python3.6/site-packages/airflow/example_dags/example_branch_operator.py
[2021-10-16 01:10:56,322] {processor.py:620} INFO - Processing file /home/airflow/.local/lib/python3.6/site-packages/airflow/example_dags/example_branch_operator.py for tasks to queue
[2021-10-16 01:10:56,325] {logging_mixin.py:109} INFO - [2021-10-16 01:10:56,324] {dagbag.py:500} INFO - Filling up the DagBag from /home/airflow/.local/lib/python3.6/site-packages/airflow/example_dags/example_branch_operator.py
[2021-10-16 01:10:56,383] {processor.py:632} INFO - DAG(s) dict_keys(['example_branch_operator']) retrieved from /home/airflow/.local/lib/python3.6/site-packages/airflow/example_dags/example_branch_operator.py
[2021-10-16 01:10:56,400] {logging_mixin.py:109} INFO - [2021-10-16 01:10:56,400] {dag.py:2389} INFO - Sync 1 DAGs
[2021-10-16 01:10:56,424] {logging_mixin.py:109} INFO - [2021-10-16 01:10:56,424] {dag.py:2914} INFO - Setting next_dagrun for example_branch_operator to 2021-10-15 00:00:00+00:00
[2021-10-16 01:10:56,440] {processor.py:171} INFO - Processing /home/airflow/.local/lib/python3.6/site-packages/airflow/example_dags/example_branch_operator.py took 0.129 seconds
[2021-10-16 01:11:26,512] {processor.py:163} INFO - Started process (PID=2031) to work on /home/airflow/.local/lib/python3.6/site-packages/airflow/example_dags/example_branch_operator.py
[2021-10-16 01:11:26,514] {processor.py:620} INFO - Processing file /home/airflow/.local/lib/python3.6/site-packages/airflow/example_dags/example_branch_operator.py for tasks to queue
[2021-10-16 01:11:26,516] {logging_mixin.py:109} INFO - [2021-10-16 01:11:26,516] {dagbag.py:500} INFO - Filling up the DagBag from /home/airflow/.local/lib/python3.6/site-packages/airflow/example_dags/example_branch_operator.py
[2021-10-16 01:11:26,546] {processor.py:632} INFO - DAG(s) dict_keys(['example_branch_operator']) retrieved from /home/airflow/.local/lib/python3.6/site-packages/airflow/example_dags/example_branch_operator.py
[2021-10-16 01:11:26,561] {logging_mixin.py:109} INFO - [2021-10-16 01:11:26,560] {dag.py:2389} INFO - Sync 1 DAGs
[2021-10-16 01:11:26,581] {logging_mixin.py:109} INFO - [2021-10-16 01:11:26,581] {dag.py:2914} INFO - Setting next_dagrun for example_branch_operator to 2021-10-15 00:00:00+00:00
[2021-10-16 01:11:26,597] {processor.py:171} INFO - Processing /home/airflow/.local/lib/python3.6/site-packages/airflow/example_dags/example_branch_operator.py took 0.091 seconds
[2021-10-16 01:11:56,677] {processor.py:163} INFO - Started process (PID=2095) to work on /home/airflow/.local/lib/python3.6/site-packages/airflow/example_dags/example_branch_operator.py
[2021-10-16 01:11:56,680] {processor.py:620} INFO - Processing file /home/airflow/.local/lib/python3.6/site-packages/airflow/example_dags/example_branch_operator.py for tasks to queue
[2021-10-16 01:11:56,682] {logging_mixin.py:109} INFO - [2021-10-16 01:11:56,682] {dagbag.py:500} INFO - Filling up the DagBag from /home/airflow/.local/lib/python3.6/site-packages/airflow/example_dags/example_branch_operator.py
[2021-10-16 01:11:56,724] {processor.py:632} INFO - DAG(s) dict_keys(['example_branch_operator']) retrieved from /home/airflow/.local/lib/python3.6/site-packages/airflow/example_dags/example_branch_operator.py
[2021-10-16 01:11:56,743] {logging_mixin.py:109} INFO - [2021-10-16 01:11:56,742] {dag.py:2389} INFO - Sync 1 DAGs
[2021-10-16 01:11:56,769] {logging_mixin.py:109} INFO - [2021-10-16 01:11:56,769] {dag.py:2914} INFO - Setting next_dagrun for example_branch_operator to 2021-10-15 00:00:00+00:00
[2021-10-16 01:11:56,789] {processor.py:171} INFO - Processing /home/airflow/.local/lib/python3.6/site-packages/airflow/example_dags/example_branch_operator.py took 0.117 seconds
[2021-10-16 01:12:27,055] {processor.py:163} INFO - Started process (PID=2152) to work on /home/airflow/.local/lib/python3.6/site-packages/airflow/example_dags/example_branch_operator.py
[2021-10-16 01:12:27,058] {processor.py:620} INFO - Processing file /home/airflow/.local/lib/python3.6/site-packages/airflow/example_dags/example_branch_operator.py for tasks to queue
[2021-10-16 01:12:27,062] {logging_mixin.py:109} INFO - [2021-10-16 01:12:27,062] {dagbag.py:500} INFO - Filling up the DagBag from /home/airflow/.local/lib/python3.6/site-packages/airflow/example_dags/example_branch_operator.py
[2021-10-16 01:12:27,106] {processor.py:632} INFO - DAG(s) dict_keys(['example_branch_operator']) retrieved from /home/airflow/.local/lib/python3.6/site-packages/airflow/example_dags/example_branch_operator.py
[2021-10-16 01:12:27,124] {logging_mixin.py:109} INFO - [2021-10-16 01:12:27,123] {dag.py:2389} INFO - Sync 1 DAGs
[2021-10-16 01:12:27,151] {logging_mixin.py:109} INFO - [2021-10-16 01:12:27,151] {dag.py:2914} INFO - Setting next_dagrun for example_branch_operator to 2021-10-15 00:00:00+00:00
[2021-10-16 01:12:27,169] {processor.py:171} INFO - Processing /home/airflow/.local/lib/python3.6/site-packages/airflow/example_dags/example_branch_operator.py took 0.120 seconds
[2021-10-16 01:12:57,252] {processor.py:163} INFO - Started process (PID=2204) to work on /home/airflow/.local/lib/python3.6/site-packages/airflow/example_dags/example_branch_operator.py
[2021-10-16 01:12:57,257] {processor.py:620} INFO - Processing file /home/airflow/.local/lib/python3.6/site-packages/airflow/example_dags/example_branch_operator.py for tasks to queue
[2021-10-16 01:12:57,260] {logging_mixin.py:109} INFO - [2021-10-16 01:12:57,259] {dagbag.py:500} INFO - Filling up the DagBag from /home/airflow/.local/lib/python3.6/site-packages/airflow/example_dags/example_branch_operator.py
[2021-10-16 01:12:57,305] {processor.py:632} INFO - DAG(s) dict_keys(['example_branch_operator']) retrieved from /home/airflow/.local/lib/python3.6/site-packages/airflow/example_dags/example_branch_operator.py
[2021-10-16 01:12:57,322] {logging_mixin.py:109} INFO - [2021-10-16 01:12:57,322] {dag.py:2389} INFO - Sync 1 DAGs
[2021-10-16 01:12:57,350] {logging_mixin.py:109} INFO - [2021-10-16 01:12:57,350] {dag.py:2914} INFO - Setting next_dagrun for example_branch_operator to 2021-10-15 00:00:00+00:00
[2021-10-16 01:12:57,367] {processor.py:171} INFO - Processing /home/airflow/.local/lib/python3.6/site-packages/airflow/example_dags/example_branch_operator.py took 0.119 seconds
[2021-10-16 01:13:27,525] {processor.py:163} INFO - Started process (PID=2258) to work on /home/airflow/.local/lib/python3.6/site-packages/airflow/example_dags/example_branch_operator.py
[2021-10-16 01:13:27,529] {processor.py:620} INFO - Processing file /home/airflow/.local/lib/python3.6/site-packages/airflow/example_dags/example_branch_operator.py for tasks to queue
[2021-10-16 01:13:27,531] {logging_mixin.py:109} INFO - [2021-10-16 01:13:27,531] {dagbag.py:500} INFO - Filling up the DagBag from /home/airflow/.local/lib/python3.6/site-packages/airflow/example_dags/example_branch_operator.py
[2021-10-16 01:13:27,570] {processor.py:632} INFO - DAG(s) dict_keys(['example_branch_operator']) retrieved from /home/airflow/.local/lib/python3.6/site-packages/airflow/example_dags/example_branch_operator.py
[2021-10-16 01:13:27,592] {logging_mixin.py:109} INFO - [2021-10-16 01:13:27,592] {dag.py:2389} INFO - Sync 1 DAGs
[2021-10-16 01:13:27,625] {logging_mixin.py:109} INFO - [2021-10-16 01:13:27,624] {dag.py:2914} INFO - Setting next_dagrun for example_branch_operator to 2021-10-15 00:00:00+00:00
[2021-10-16 01:13:27,643] {processor.py:171} INFO - Processing /home/airflow/.local/lib/python3.6/site-packages/airflow/example_dags/example_branch_operator.py took 0.122 seconds
[2021-10-16 01:13:58,350] {processor.py:163} INFO - Started process (PID=2315) to work on /home/airflow/.local/lib/python3.6/site-packages/airflow/example_dags/example_branch_operator.py
[2021-10-16 01:13:58,354] {processor.py:620} INFO - Processing file /home/airflow/.local/lib/python3.6/site-packages/airflow/example_dags/example_branch_operator.py for tasks to queue
[2021-10-16 01:13:58,356] {logging_mixin.py:109} INFO - [2021-10-16 01:13:58,356] {dagbag.py:500} INFO - Filling up the DagBag from /home/airflow/.local/lib/python3.6/site-packages/airflow/example_dags/example_branch_operator.py
[2021-10-16 01:13:58,418] {processor.py:632} INFO - DAG(s) dict_keys(['example_branch_operator']) retrieved from /home/airflow/.local/lib/python3.6/site-packages/airflow/example_dags/example_branch_operator.py
[2021-10-16 01:13:58,439] {logging_mixin.py:109} INFO - [2021-10-16 01:13:58,439] {dag.py:2389} INFO - Sync 1 DAGs
[2021-10-16 01:13:58,461] {logging_mixin.py:109} INFO - [2021-10-16 01:13:58,461] {dag.py:2914} INFO - Setting next_dagrun for example_branch_operator to 2021-10-15 00:00:00+00:00
[2021-10-16 01:13:58,473] {processor.py:171} INFO - Processing /home/airflow/.local/lib/python3.6/site-packages/airflow/example_dags/example_branch_operator.py took 0.128 seconds
[2021-10-16 01:14:29,433] {processor.py:163} INFO - Started process (PID=2369) to work on /home/airflow/.local/lib/python3.6/site-packages/airflow/example_dags/example_branch_operator.py
[2021-10-16 01:14:29,440] {processor.py:620} INFO - Processing file /home/airflow/.local/lib/python3.6/site-packages/airflow/example_dags/example_branch_operator.py for tasks to queue
[2021-10-16 01:14:29,443] {logging_mixin.py:109} INFO - [2021-10-16 01:14:29,443] {dagbag.py:500} INFO - Filling up the DagBag from /home/airflow/.local/lib/python3.6/site-packages/airflow/example_dags/example_branch_operator.py
[2021-10-16 01:14:29,500] {processor.py:632} INFO - DAG(s) dict_keys(['example_branch_operator']) retrieved from /home/airflow/.local/lib/python3.6/site-packages/airflow/example_dags/example_branch_operator.py
[2021-10-16 01:14:29,522] {logging_mixin.py:109} INFO - [2021-10-16 01:14:29,522] {dag.py:2389} INFO - Sync 1 DAGs
[2021-10-16 01:14:29,550] {logging_mixin.py:109} INFO - [2021-10-16 01:14:29,550] {dag.py:2914} INFO - Setting next_dagrun for example_branch_operator to 2021-10-15 00:00:00+00:00
[2021-10-16 01:14:29,575] {processor.py:171} INFO - Processing /home/airflow/.local/lib/python3.6/site-packages/airflow/example_dags/example_branch_operator.py took 0.148 seconds
[2021-10-16 01:14:59,667] {processor.py:163} INFO - Started process (PID=2423) to work on /home/airflow/.local/lib/python3.6/site-packages/airflow/example_dags/example_branch_operator.py
[2021-10-16 01:14:59,669] {processor.py:620} INFO - Processing file /home/airflow/.local/lib/python3.6/site-packages/airflow/example_dags/example_branch_operator.py for tasks to queue
[2021-10-16 01:14:59,671] {logging_mixin.py:109} INFO - [2021-10-16 01:14:59,671] {dagbag.py:500} INFO - Filling up the DagBag from /home/airflow/.local/lib/python3.6/site-packages/airflow/example_dags/example_branch_operator.py
[2021-10-16 01:14:59,725] {processor.py:632} INFO - DAG(s) dict_keys(['example_branch_operator']) retrieved from /home/airflow/.local/lib/python3.6/site-packages/airflow/example_dags/example_branch_operator.py
[2021-10-16 01:14:59,738] {logging_mixin.py:109} INFO - [2021-10-16 01:14:59,738] {dag.py:2389} INFO - Sync 1 DAGs
[2021-10-16 01:14:59,759] {logging_mixin.py:109} INFO - [2021-10-16 01:14:59,759] {dag.py:2914} INFO - Setting next_dagrun for example_branch_operator to 2021-10-15 00:00:00+00:00
[2021-10-16 01:14:59,770] {processor.py:171} INFO - Processing /home/airflow/.local/lib/python3.6/site-packages/airflow/example_dags/example_branch_operator.py took 0.109 seconds
