[2021-10-16 00:53:52,061] {processor.py:163} INFO - Started process (PID=61) to work on /home/airflow/.local/lib/python3.6/site-packages/airflow/example_dags/example_nested_branch_dag.py
[2021-10-16 00:53:52,105] {processor.py:620} INFO - Processing file /home/airflow/.local/lib/python3.6/site-packages/airflow/example_dags/example_nested_branch_dag.py for tasks to queue
[2021-10-16 00:53:52,111] {logging_mixin.py:109} INFO - [2021-10-16 00:53:52,110] {dagbag.py:500} INFO - Filling up the DagBag from /home/airflow/.local/lib/python3.6/site-packages/airflow/example_dags/example_nested_branch_dag.py
[2021-10-16 00:53:53,209] {processor.py:632} INFO - DAG(s) dict_keys(['example_nested_branch_dag']) retrieved from /home/airflow/.local/lib/python3.6/site-packages/airflow/example_dags/example_nested_branch_dag.py
[2021-10-16 00:53:53,294] {logging_mixin.py:109} INFO - [2021-10-16 00:53:53,294] {dag.py:2389} INFO - Sync 1 DAGs
[2021-10-16 00:53:53,365] {logging_mixin.py:109} INFO - [2021-10-16 00:53:53,365] {dag.py:2914} INFO - Setting next_dagrun for example_nested_branch_dag to 2021-10-15 00:00:00+00:00
[2021-10-16 00:53:53,397] {processor.py:171} INFO - Processing /home/airflow/.local/lib/python3.6/site-packages/airflow/example_dags/example_nested_branch_dag.py took 1.351 seconds
[2021-10-16 00:54:23,945] {processor.py:163} INFO - Started process (PID=112) to work on /home/airflow/.local/lib/python3.6/site-packages/airflow/example_dags/example_nested_branch_dag.py
[2021-10-16 00:54:23,956] {processor.py:620} INFO - Processing file /home/airflow/.local/lib/python3.6/site-packages/airflow/example_dags/example_nested_branch_dag.py for tasks to queue
[2021-10-16 00:54:23,967] {logging_mixin.py:109} INFO - [2021-10-16 00:54:23,964] {dagbag.py:500} INFO - Filling up the DagBag from /home/airflow/.local/lib/python3.6/site-packages/airflow/example_dags/example_nested_branch_dag.py
[2021-10-16 00:54:24,093] {processor.py:632} INFO - DAG(s) dict_keys(['example_nested_branch_dag']) retrieved from /home/airflow/.local/lib/python3.6/site-packages/airflow/example_dags/example_nested_branch_dag.py
[2021-10-16 00:54:24,157] {logging_mixin.py:109} INFO - [2021-10-16 00:54:24,156] {dag.py:2389} INFO - Sync 1 DAGs
[2021-10-16 00:54:24,259] {logging_mixin.py:109} INFO - [2021-10-16 00:54:24,259] {dag.py:2914} INFO - Setting next_dagrun for example_nested_branch_dag to 2021-10-15 00:00:00+00:00
[2021-10-16 00:54:24,315] {processor.py:171} INFO - Processing /home/airflow/.local/lib/python3.6/site-packages/airflow/example_dags/example_nested_branch_dag.py took 0.389 seconds
[2021-10-16 00:54:54,991] {processor.py:163} INFO - Started process (PID=165) to work on /home/airflow/.local/lib/python3.6/site-packages/airflow/example_dags/example_nested_branch_dag.py
[2021-10-16 00:54:54,994] {processor.py:620} INFO - Processing file /home/airflow/.local/lib/python3.6/site-packages/airflow/example_dags/example_nested_branch_dag.py for tasks to queue
[2021-10-16 00:54:54,997] {logging_mixin.py:109} INFO - [2021-10-16 00:54:54,996] {dagbag.py:500} INFO - Filling up the DagBag from /home/airflow/.local/lib/python3.6/site-packages/airflow/example_dags/example_nested_branch_dag.py
[2021-10-16 00:54:55,038] {processor.py:632} INFO - DAG(s) dict_keys(['example_nested_branch_dag']) retrieved from /home/airflow/.local/lib/python3.6/site-packages/airflow/example_dags/example_nested_branch_dag.py
[2021-10-16 00:54:55,052] {logging_mixin.py:109} INFO - [2021-10-16 00:54:55,052] {dag.py:2389} INFO - Sync 1 DAGs
[2021-10-16 00:54:55,078] {logging_mixin.py:109} INFO - [2021-10-16 00:54:55,078] {dag.py:2914} INFO - Setting next_dagrun for example_nested_branch_dag to 2021-10-15 00:00:00+00:00
[2021-10-16 00:54:55,093] {processor.py:171} INFO - Processing /home/airflow/.local/lib/python3.6/site-packages/airflow/example_dags/example_nested_branch_dag.py took 0.113 seconds
[2021-10-16 00:55:25,296] {processor.py:163} INFO - Started process (PID=220) to work on /home/airflow/.local/lib/python3.6/site-packages/airflow/example_dags/example_nested_branch_dag.py
[2021-10-16 00:55:25,298] {processor.py:620} INFO - Processing file /home/airflow/.local/lib/python3.6/site-packages/airflow/example_dags/example_nested_branch_dag.py for tasks to queue
[2021-10-16 00:55:25,300] {logging_mixin.py:109} INFO - [2021-10-16 00:55:25,300] {dagbag.py:500} INFO - Filling up the DagBag from /home/airflow/.local/lib/python3.6/site-packages/airflow/example_dags/example_nested_branch_dag.py
[2021-10-16 00:55:25,346] {processor.py:632} INFO - DAG(s) dict_keys(['example_nested_branch_dag']) retrieved from /home/airflow/.local/lib/python3.6/site-packages/airflow/example_dags/example_nested_branch_dag.py
[2021-10-16 00:55:25,366] {logging_mixin.py:109} INFO - [2021-10-16 00:55:25,366] {dag.py:2389} INFO - Sync 1 DAGs
[2021-10-16 00:55:25,397] {logging_mixin.py:109} INFO - [2021-10-16 00:55:25,397] {dag.py:2914} INFO - Setting next_dagrun for example_nested_branch_dag to 2021-10-15 00:00:00+00:00
[2021-10-16 00:55:25,409] {processor.py:171} INFO - Processing /home/airflow/.local/lib/python3.6/site-packages/airflow/example_dags/example_nested_branch_dag.py took 0.117 seconds
[2021-10-16 00:55:55,674] {processor.py:163} INFO - Started process (PID=274) to work on /home/airflow/.local/lib/python3.6/site-packages/airflow/example_dags/example_nested_branch_dag.py
[2021-10-16 00:55:55,678] {processor.py:620} INFO - Processing file /home/airflow/.local/lib/python3.6/site-packages/airflow/example_dags/example_nested_branch_dag.py for tasks to queue
[2021-10-16 00:55:55,680] {logging_mixin.py:109} INFO - [2021-10-16 00:55:55,680] {dagbag.py:500} INFO - Filling up the DagBag from /home/airflow/.local/lib/python3.6/site-packages/airflow/example_dags/example_nested_branch_dag.py
[2021-10-16 00:55:55,731] {processor.py:632} INFO - DAG(s) dict_keys(['example_nested_branch_dag']) retrieved from /home/airflow/.local/lib/python3.6/site-packages/airflow/example_dags/example_nested_branch_dag.py
[2021-10-16 00:55:55,746] {logging_mixin.py:109} INFO - [2021-10-16 00:55:55,746] {dag.py:2389} INFO - Sync 1 DAGs
[2021-10-16 00:55:55,772] {logging_mixin.py:109} INFO - [2021-10-16 00:55:55,771] {dag.py:2914} INFO - Setting next_dagrun for example_nested_branch_dag to 2021-10-15 00:00:00+00:00
[2021-10-16 00:55:55,792] {processor.py:171} INFO - Processing /home/airflow/.local/lib/python3.6/site-packages/airflow/example_dags/example_nested_branch_dag.py took 0.128 seconds
[2021-10-16 00:56:26,709] {processor.py:163} INFO - Started process (PID=340) to work on /home/airflow/.local/lib/python3.6/site-packages/airflow/example_dags/example_nested_branch_dag.py
[2021-10-16 00:56:26,716] {processor.py:620} INFO - Processing file /home/airflow/.local/lib/python3.6/site-packages/airflow/example_dags/example_nested_branch_dag.py for tasks to queue
[2021-10-16 00:56:26,720] {logging_mixin.py:109} INFO - [2021-10-16 00:56:26,719] {dagbag.py:500} INFO - Filling up the DagBag from /home/airflow/.local/lib/python3.6/site-packages/airflow/example_dags/example_nested_branch_dag.py
[2021-10-16 00:56:26,772] {processor.py:632} INFO - DAG(s) dict_keys(['example_nested_branch_dag']) retrieved from /home/airflow/.local/lib/python3.6/site-packages/airflow/example_dags/example_nested_branch_dag.py
[2021-10-16 00:56:26,786] {logging_mixin.py:109} INFO - [2021-10-16 00:56:26,786] {dag.py:2389} INFO - Sync 1 DAGs
[2021-10-16 00:56:26,828] {logging_mixin.py:109} INFO - [2021-10-16 00:56:26,827] {dag.py:2914} INFO - Setting next_dagrun for example_nested_branch_dag to 2021-10-15 00:00:00+00:00
[2021-10-16 00:56:26,849] {processor.py:171} INFO - Processing /home/airflow/.local/lib/python3.6/site-packages/airflow/example_dags/example_nested_branch_dag.py took 0.151 seconds
[2021-10-16 00:56:57,262] {processor.py:163} INFO - Started process (PID=395) to work on /home/airflow/.local/lib/python3.6/site-packages/airflow/example_dags/example_nested_branch_dag.py
[2021-10-16 00:56:57,265] {processor.py:620} INFO - Processing file /home/airflow/.local/lib/python3.6/site-packages/airflow/example_dags/example_nested_branch_dag.py for tasks to queue
[2021-10-16 00:56:57,267] {logging_mixin.py:109} INFO - [2021-10-16 00:56:57,267] {dagbag.py:500} INFO - Filling up the DagBag from /home/airflow/.local/lib/python3.6/site-packages/airflow/example_dags/example_nested_branch_dag.py
[2021-10-16 00:56:57,311] {processor.py:632} INFO - DAG(s) dict_keys(['example_nested_branch_dag']) retrieved from /home/airflow/.local/lib/python3.6/site-packages/airflow/example_dags/example_nested_branch_dag.py
[2021-10-16 00:56:57,334] {logging_mixin.py:109} INFO - [2021-10-16 00:56:57,333] {dag.py:2389} INFO - Sync 1 DAGs
[2021-10-16 00:56:57,358] {logging_mixin.py:109} INFO - [2021-10-16 00:56:57,357] {dag.py:2914} INFO - Setting next_dagrun for example_nested_branch_dag to 2021-10-15 00:00:00+00:00
[2021-10-16 00:56:57,370] {processor.py:171} INFO - Processing /home/airflow/.local/lib/python3.6/site-packages/airflow/example_dags/example_nested_branch_dag.py took 0.114 seconds
[2021-10-16 00:57:27,963] {processor.py:163} INFO - Started process (PID=451) to work on /home/airflow/.local/lib/python3.6/site-packages/airflow/example_dags/example_nested_branch_dag.py
[2021-10-16 00:57:27,966] {processor.py:620} INFO - Processing file /home/airflow/.local/lib/python3.6/site-packages/airflow/example_dags/example_nested_branch_dag.py for tasks to queue
[2021-10-16 00:57:27,968] {logging_mixin.py:109} INFO - [2021-10-16 00:57:27,967] {dagbag.py:500} INFO - Filling up the DagBag from /home/airflow/.local/lib/python3.6/site-packages/airflow/example_dags/example_nested_branch_dag.py
[2021-10-16 00:57:28,007] {processor.py:632} INFO - DAG(s) dict_keys(['example_nested_branch_dag']) retrieved from /home/airflow/.local/lib/python3.6/site-packages/airflow/example_dags/example_nested_branch_dag.py
[2021-10-16 00:57:28,020] {logging_mixin.py:109} INFO - [2021-10-16 00:57:28,020] {dag.py:2389} INFO - Sync 1 DAGs
[2021-10-16 00:57:28,039] {logging_mixin.py:109} INFO - [2021-10-16 00:57:28,039] {dag.py:2914} INFO - Setting next_dagrun for example_nested_branch_dag to 2021-10-15 00:00:00+00:00
[2021-10-16 00:57:28,050] {processor.py:171} INFO - Processing /home/airflow/.local/lib/python3.6/site-packages/airflow/example_dags/example_nested_branch_dag.py took 0.095 seconds
[2021-10-16 00:57:58,705] {processor.py:163} INFO - Started process (PID=505) to work on /home/airflow/.local/lib/python3.6/site-packages/airflow/example_dags/example_nested_branch_dag.py
[2021-10-16 00:57:58,711] {processor.py:620} INFO - Processing file /home/airflow/.local/lib/python3.6/site-packages/airflow/example_dags/example_nested_branch_dag.py for tasks to queue
[2021-10-16 00:57:58,712] {logging_mixin.py:109} INFO - [2021-10-16 00:57:58,712] {dagbag.py:500} INFO - Filling up the DagBag from /home/airflow/.local/lib/python3.6/site-packages/airflow/example_dags/example_nested_branch_dag.py
[2021-10-16 00:57:58,764] {processor.py:632} INFO - DAG(s) dict_keys(['example_nested_branch_dag']) retrieved from /home/airflow/.local/lib/python3.6/site-packages/airflow/example_dags/example_nested_branch_dag.py
[2021-10-16 00:57:58,780] {logging_mixin.py:109} INFO - [2021-10-16 00:57:58,780] {dag.py:2389} INFO - Sync 1 DAGs
[2021-10-16 00:57:58,800] {logging_mixin.py:109} INFO - [2021-10-16 00:57:58,800] {dag.py:2914} INFO - Setting next_dagrun for example_nested_branch_dag to 2021-10-15 00:00:00+00:00
[2021-10-16 00:57:58,812] {processor.py:171} INFO - Processing /home/airflow/.local/lib/python3.6/site-packages/airflow/example_dags/example_nested_branch_dag.py took 0.113 seconds
[2021-10-16 00:58:29,693] {processor.py:163} INFO - Started process (PID=567) to work on /home/airflow/.local/lib/python3.6/site-packages/airflow/example_dags/example_nested_branch_dag.py
[2021-10-16 00:58:29,699] {processor.py:620} INFO - Processing file /home/airflow/.local/lib/python3.6/site-packages/airflow/example_dags/example_nested_branch_dag.py for tasks to queue
[2021-10-16 00:58:29,703] {logging_mixin.py:109} INFO - [2021-10-16 00:58:29,702] {dagbag.py:500} INFO - Filling up the DagBag from /home/airflow/.local/lib/python3.6/site-packages/airflow/example_dags/example_nested_branch_dag.py
[2021-10-16 00:58:29,753] {processor.py:632} INFO - DAG(s) dict_keys(['example_nested_branch_dag']) retrieved from /home/airflow/.local/lib/python3.6/site-packages/airflow/example_dags/example_nested_branch_dag.py
[2021-10-16 00:58:29,774] {logging_mixin.py:109} INFO - [2021-10-16 00:58:29,774] {dag.py:2389} INFO - Sync 1 DAGs
[2021-10-16 00:58:29,803] {logging_mixin.py:109} INFO - [2021-10-16 00:58:29,803] {dag.py:2914} INFO - Setting next_dagrun for example_nested_branch_dag to 2021-10-15 00:00:00+00:00
[2021-10-16 00:58:29,820] {processor.py:171} INFO - Processing /home/airflow/.local/lib/python3.6/site-packages/airflow/example_dags/example_nested_branch_dag.py took 0.134 seconds
[2021-10-16 00:59:00,299] {processor.py:163} INFO - Started process (PID=623) to work on /home/airflow/.local/lib/python3.6/site-packages/airflow/example_dags/example_nested_branch_dag.py
[2021-10-16 00:59:00,306] {processor.py:620} INFO - Processing file /home/airflow/.local/lib/python3.6/site-packages/airflow/example_dags/example_nested_branch_dag.py for tasks to queue
[2021-10-16 00:59:00,307] {logging_mixin.py:109} INFO - [2021-10-16 00:59:00,307] {dagbag.py:500} INFO - Filling up the DagBag from /home/airflow/.local/lib/python3.6/site-packages/airflow/example_dags/example_nested_branch_dag.py
[2021-10-16 00:59:00,338] {processor.py:632} INFO - DAG(s) dict_keys(['example_nested_branch_dag']) retrieved from /home/airflow/.local/lib/python3.6/site-packages/airflow/example_dags/example_nested_branch_dag.py
[2021-10-16 00:59:00,353] {logging_mixin.py:109} INFO - [2021-10-16 00:59:00,353] {dag.py:2389} INFO - Sync 1 DAGs
[2021-10-16 00:59:00,369] {logging_mixin.py:109} INFO - [2021-10-16 00:59:00,369] {dag.py:2914} INFO - Setting next_dagrun for example_nested_branch_dag to 2021-10-15 00:00:00+00:00
[2021-10-16 00:59:00,380] {processor.py:171} INFO - Processing /home/airflow/.local/lib/python3.6/site-packages/airflow/example_dags/example_nested_branch_dag.py took 0.085 seconds
[2021-10-16 00:59:31,259] {processor.py:163} INFO - Started process (PID=683) to work on /home/airflow/.local/lib/python3.6/site-packages/airflow/example_dags/example_nested_branch_dag.py
[2021-10-16 00:59:31,264] {processor.py:620} INFO - Processing file /home/airflow/.local/lib/python3.6/site-packages/airflow/example_dags/example_nested_branch_dag.py for tasks to queue
[2021-10-16 00:59:31,266] {logging_mixin.py:109} INFO - [2021-10-16 00:59:31,266] {dagbag.py:500} INFO - Filling up the DagBag from /home/airflow/.local/lib/python3.6/site-packages/airflow/example_dags/example_nested_branch_dag.py
[2021-10-16 00:59:31,301] {processor.py:632} INFO - DAG(s) dict_keys(['example_nested_branch_dag']) retrieved from /home/airflow/.local/lib/python3.6/site-packages/airflow/example_dags/example_nested_branch_dag.py
[2021-10-16 00:59:31,313] {logging_mixin.py:109} INFO - [2021-10-16 00:59:31,313] {dag.py:2389} INFO - Sync 1 DAGs
[2021-10-16 00:59:31,336] {logging_mixin.py:109} INFO - [2021-10-16 00:59:31,336] {dag.py:2914} INFO - Setting next_dagrun for example_nested_branch_dag to 2021-10-15 00:00:00+00:00
[2021-10-16 00:59:31,347] {processor.py:171} INFO - Processing /home/airflow/.local/lib/python3.6/site-packages/airflow/example_dags/example_nested_branch_dag.py took 0.093 seconds
[2021-10-16 01:00:02,030] {processor.py:163} INFO - Started process (PID=737) to work on /home/airflow/.local/lib/python3.6/site-packages/airflow/example_dags/example_nested_branch_dag.py
[2021-10-16 01:00:02,033] {processor.py:620} INFO - Processing file /home/airflow/.local/lib/python3.6/site-packages/airflow/example_dags/example_nested_branch_dag.py for tasks to queue
[2021-10-16 01:00:02,034] {logging_mixin.py:109} INFO - [2021-10-16 01:00:02,034] {dagbag.py:500} INFO - Filling up the DagBag from /home/airflow/.local/lib/python3.6/site-packages/airflow/example_dags/example_nested_branch_dag.py
[2021-10-16 01:00:02,070] {processor.py:632} INFO - DAG(s) dict_keys(['example_nested_branch_dag']) retrieved from /home/airflow/.local/lib/python3.6/site-packages/airflow/example_dags/example_nested_branch_dag.py
[2021-10-16 01:00:02,085] {logging_mixin.py:109} INFO - [2021-10-16 01:00:02,085] {dag.py:2389} INFO - Sync 1 DAGs
[2021-10-16 01:00:02,106] {logging_mixin.py:109} INFO - [2021-10-16 01:00:02,106] {dag.py:2914} INFO - Setting next_dagrun for example_nested_branch_dag to 2021-10-15 00:00:00+00:00
[2021-10-16 01:00:02,120] {processor.py:171} INFO - Processing /home/airflow/.local/lib/python3.6/site-packages/airflow/example_dags/example_nested_branch_dag.py took 0.094 seconds
[2021-10-16 01:00:32,236] {processor.py:163} INFO - Started process (PID=791) to work on /home/airflow/.local/lib/python3.6/site-packages/airflow/example_dags/example_nested_branch_dag.py
[2021-10-16 01:00:32,240] {processor.py:620} INFO - Processing file /home/airflow/.local/lib/python3.6/site-packages/airflow/example_dags/example_nested_branch_dag.py for tasks to queue
[2021-10-16 01:00:32,241] {logging_mixin.py:109} INFO - [2021-10-16 01:00:32,241] {dagbag.py:500} INFO - Filling up the DagBag from /home/airflow/.local/lib/python3.6/site-packages/airflow/example_dags/example_nested_branch_dag.py
[2021-10-16 01:00:32,272] {processor.py:632} INFO - DAG(s) dict_keys(['example_nested_branch_dag']) retrieved from /home/airflow/.local/lib/python3.6/site-packages/airflow/example_dags/example_nested_branch_dag.py
[2021-10-16 01:00:32,285] {logging_mixin.py:109} INFO - [2021-10-16 01:00:32,285] {dag.py:2389} INFO - Sync 1 DAGs
[2021-10-16 01:00:32,303] {logging_mixin.py:109} INFO - [2021-10-16 01:00:32,303] {dag.py:2914} INFO - Setting next_dagrun for example_nested_branch_dag to 2021-10-15 00:00:00+00:00
[2021-10-16 01:00:32,315] {processor.py:171} INFO - Processing /home/airflow/.local/lib/python3.6/site-packages/airflow/example_dags/example_nested_branch_dag.py took 0.083 seconds
[2021-10-16 01:01:02,596] {processor.py:163} INFO - Started process (PID=858) to work on /home/airflow/.local/lib/python3.6/site-packages/airflow/example_dags/example_nested_branch_dag.py
[2021-10-16 01:01:02,599] {processor.py:620} INFO - Processing file /home/airflow/.local/lib/python3.6/site-packages/airflow/example_dags/example_nested_branch_dag.py for tasks to queue
[2021-10-16 01:01:02,601] {logging_mixin.py:109} INFO - [2021-10-16 01:01:02,600] {dagbag.py:500} INFO - Filling up the DagBag from /home/airflow/.local/lib/python3.6/site-packages/airflow/example_dags/example_nested_branch_dag.py
[2021-10-16 01:01:02,637] {processor.py:632} INFO - DAG(s) dict_keys(['example_nested_branch_dag']) retrieved from /home/airflow/.local/lib/python3.6/site-packages/airflow/example_dags/example_nested_branch_dag.py
[2021-10-16 01:01:02,653] {logging_mixin.py:109} INFO - [2021-10-16 01:01:02,653] {dag.py:2389} INFO - Sync 1 DAGs
[2021-10-16 01:01:02,679] {logging_mixin.py:109} INFO - [2021-10-16 01:01:02,679] {dag.py:2914} INFO - Setting next_dagrun for example_nested_branch_dag to 2021-10-15 00:00:00+00:00
[2021-10-16 01:01:02,699] {processor.py:171} INFO - Processing /home/airflow/.local/lib/python3.6/site-packages/airflow/example_dags/example_nested_branch_dag.py took 0.106 seconds
[2021-10-16 01:01:32,857] {processor.py:163} INFO - Started process (PID=914) to work on /home/airflow/.local/lib/python3.6/site-packages/airflow/example_dags/example_nested_branch_dag.py
[2021-10-16 01:01:32,870] {processor.py:620} INFO - Processing file /home/airflow/.local/lib/python3.6/site-packages/airflow/example_dags/example_nested_branch_dag.py for tasks to queue
[2021-10-16 01:01:32,874] {logging_mixin.py:109} INFO - [2021-10-16 01:01:32,874] {dagbag.py:500} INFO - Filling up the DagBag from /home/airflow/.local/lib/python3.6/site-packages/airflow/example_dags/example_nested_branch_dag.py
[2021-10-16 01:01:33,062] {processor.py:632} INFO - DAG(s) dict_keys(['example_nested_branch_dag']) retrieved from /home/airflow/.local/lib/python3.6/site-packages/airflow/example_dags/example_nested_branch_dag.py
[2021-10-16 01:01:33,091] {logging_mixin.py:109} INFO - [2021-10-16 01:01:33,090] {dag.py:2389} INFO - Sync 1 DAGs
[2021-10-16 01:01:33,145] {logging_mixin.py:109} INFO - [2021-10-16 01:01:33,144] {dag.py:2914} INFO - Setting next_dagrun for example_nested_branch_dag to 2021-10-15 00:00:00+00:00
[2021-10-16 01:01:33,181] {processor.py:171} INFO - Processing /home/airflow/.local/lib/python3.6/site-packages/airflow/example_dags/example_nested_branch_dag.py took 0.359 seconds
[2021-10-16 01:02:03,963] {processor.py:163} INFO - Started process (PID=968) to work on /home/airflow/.local/lib/python3.6/site-packages/airflow/example_dags/example_nested_branch_dag.py
[2021-10-16 01:02:03,967] {processor.py:620} INFO - Processing file /home/airflow/.local/lib/python3.6/site-packages/airflow/example_dags/example_nested_branch_dag.py for tasks to queue
[2021-10-16 01:02:03,969] {logging_mixin.py:109} INFO - [2021-10-16 01:02:03,969] {dagbag.py:500} INFO - Filling up the DagBag from /home/airflow/.local/lib/python3.6/site-packages/airflow/example_dags/example_nested_branch_dag.py
[2021-10-16 01:02:04,012] {processor.py:632} INFO - DAG(s) dict_keys(['example_nested_branch_dag']) retrieved from /home/airflow/.local/lib/python3.6/site-packages/airflow/example_dags/example_nested_branch_dag.py
[2021-10-16 01:02:04,026] {logging_mixin.py:109} INFO - [2021-10-16 01:02:04,026] {dag.py:2389} INFO - Sync 1 DAGs
[2021-10-16 01:02:04,048] {logging_mixin.py:109} INFO - [2021-10-16 01:02:04,048] {dag.py:2914} INFO - Setting next_dagrun for example_nested_branch_dag to 2021-10-15 00:00:00+00:00
[2021-10-16 01:02:04,060] {processor.py:171} INFO - Processing /home/airflow/.local/lib/python3.6/site-packages/airflow/example_dags/example_nested_branch_dag.py took 0.102 seconds
[2021-10-16 01:02:34,773] {processor.py:163} INFO - Started process (PID=1038) to work on /home/airflow/.local/lib/python3.6/site-packages/airflow/example_dags/example_nested_branch_dag.py
[2021-10-16 01:02:34,775] {processor.py:620} INFO - Processing file /home/airflow/.local/lib/python3.6/site-packages/airflow/example_dags/example_nested_branch_dag.py for tasks to queue
[2021-10-16 01:02:34,777] {logging_mixin.py:109} INFO - [2021-10-16 01:02:34,776] {dagbag.py:500} INFO - Filling up the DagBag from /home/airflow/.local/lib/python3.6/site-packages/airflow/example_dags/example_nested_branch_dag.py
[2021-10-16 01:02:34,811] {processor.py:632} INFO - DAG(s) dict_keys(['example_nested_branch_dag']) retrieved from /home/airflow/.local/lib/python3.6/site-packages/airflow/example_dags/example_nested_branch_dag.py
[2021-10-16 01:02:34,826] {logging_mixin.py:109} INFO - [2021-10-16 01:02:34,826] {dag.py:2389} INFO - Sync 1 DAGs
[2021-10-16 01:02:34,847] {logging_mixin.py:109} INFO - [2021-10-16 01:02:34,846] {dag.py:2914} INFO - Setting next_dagrun for example_nested_branch_dag to 2021-10-15 00:00:00+00:00
[2021-10-16 01:02:34,863] {processor.py:171} INFO - Processing /home/airflow/.local/lib/python3.6/site-packages/airflow/example_dags/example_nested_branch_dag.py took 0.096 seconds
[2021-10-16 01:03:05,314] {processor.py:163} INFO - Started process (PID=1091) to work on /home/airflow/.local/lib/python3.6/site-packages/airflow/example_dags/example_nested_branch_dag.py
[2021-10-16 01:03:05,317] {processor.py:620} INFO - Processing file /home/airflow/.local/lib/python3.6/site-packages/airflow/example_dags/example_nested_branch_dag.py for tasks to queue
[2021-10-16 01:03:05,318] {logging_mixin.py:109} INFO - [2021-10-16 01:03:05,318] {dagbag.py:500} INFO - Filling up the DagBag from /home/airflow/.local/lib/python3.6/site-packages/airflow/example_dags/example_nested_branch_dag.py
[2021-10-16 01:03:05,351] {processor.py:632} INFO - DAG(s) dict_keys(['example_nested_branch_dag']) retrieved from /home/airflow/.local/lib/python3.6/site-packages/airflow/example_dags/example_nested_branch_dag.py
[2021-10-16 01:03:05,366] {logging_mixin.py:109} INFO - [2021-10-16 01:03:05,365] {dag.py:2389} INFO - Sync 1 DAGs
[2021-10-16 01:03:05,385] {logging_mixin.py:109} INFO - [2021-10-16 01:03:05,384] {dag.py:2914} INFO - Setting next_dagrun for example_nested_branch_dag to 2021-10-15 00:00:00+00:00
[2021-10-16 01:03:05,396] {processor.py:171} INFO - Processing /home/airflow/.local/lib/python3.6/site-packages/airflow/example_dags/example_nested_branch_dag.py took 0.087 seconds
[2021-10-16 01:03:35,681] {processor.py:163} INFO - Started process (PID=1144) to work on /home/airflow/.local/lib/python3.6/site-packages/airflow/example_dags/example_nested_branch_dag.py
[2021-10-16 01:03:35,690] {processor.py:620} INFO - Processing file /home/airflow/.local/lib/python3.6/site-packages/airflow/example_dags/example_nested_branch_dag.py for tasks to queue
[2021-10-16 01:03:35,698] {logging_mixin.py:109} INFO - [2021-10-16 01:03:35,697] {dagbag.py:500} INFO - Filling up the DagBag from /home/airflow/.local/lib/python3.6/site-packages/airflow/example_dags/example_nested_branch_dag.py
[2021-10-16 01:03:35,745] {processor.py:632} INFO - DAG(s) dict_keys(['example_nested_branch_dag']) retrieved from /home/airflow/.local/lib/python3.6/site-packages/airflow/example_dags/example_nested_branch_dag.py
[2021-10-16 01:03:35,760] {logging_mixin.py:109} INFO - [2021-10-16 01:03:35,760] {dag.py:2389} INFO - Sync 1 DAGs
[2021-10-16 01:03:35,779] {logging_mixin.py:109} INFO - [2021-10-16 01:03:35,779] {dag.py:2914} INFO - Setting next_dagrun for example_nested_branch_dag to 2021-10-15 00:00:00+00:00
[2021-10-16 01:03:35,790] {processor.py:171} INFO - Processing /home/airflow/.local/lib/python3.6/site-packages/airflow/example_dags/example_nested_branch_dag.py took 0.129 seconds
[2021-10-16 01:04:05,968] {processor.py:163} INFO - Started process (PID=1210) to work on /home/airflow/.local/lib/python3.6/site-packages/airflow/example_dags/example_nested_branch_dag.py
[2021-10-16 01:04:05,976] {processor.py:620} INFO - Processing file /home/airflow/.local/lib/python3.6/site-packages/airflow/example_dags/example_nested_branch_dag.py for tasks to queue
[2021-10-16 01:04:05,979] {logging_mixin.py:109} INFO - [2021-10-16 01:04:05,978] {dagbag.py:500} INFO - Filling up the DagBag from /home/airflow/.local/lib/python3.6/site-packages/airflow/example_dags/example_nested_branch_dag.py
[2021-10-16 01:04:06,016] {processor.py:632} INFO - DAG(s) dict_keys(['example_nested_branch_dag']) retrieved from /home/airflow/.local/lib/python3.6/site-packages/airflow/example_dags/example_nested_branch_dag.py
[2021-10-16 01:04:06,031] {logging_mixin.py:109} INFO - [2021-10-16 01:04:06,031] {dag.py:2389} INFO - Sync 1 DAGs
[2021-10-16 01:04:06,053] {logging_mixin.py:109} INFO - [2021-10-16 01:04:06,053] {dag.py:2914} INFO - Setting next_dagrun for example_nested_branch_dag to 2021-10-15 00:00:00+00:00
[2021-10-16 01:04:06,067] {processor.py:171} INFO - Processing /home/airflow/.local/lib/python3.6/site-packages/airflow/example_dags/example_nested_branch_dag.py took 0.102 seconds
[2021-10-16 01:04:36,275] {processor.py:163} INFO - Started process (PID=1264) to work on /home/airflow/.local/lib/python3.6/site-packages/airflow/example_dags/example_nested_branch_dag.py
[2021-10-16 01:04:36,279] {processor.py:620} INFO - Processing file /home/airflow/.local/lib/python3.6/site-packages/airflow/example_dags/example_nested_branch_dag.py for tasks to queue
[2021-10-16 01:04:36,281] {logging_mixin.py:109} INFO - [2021-10-16 01:04:36,281] {dagbag.py:500} INFO - Filling up the DagBag from /home/airflow/.local/lib/python3.6/site-packages/airflow/example_dags/example_nested_branch_dag.py
[2021-10-16 01:04:36,346] {processor.py:632} INFO - DAG(s) dict_keys(['example_nested_branch_dag']) retrieved from /home/airflow/.local/lib/python3.6/site-packages/airflow/example_dags/example_nested_branch_dag.py
[2021-10-16 01:04:36,360] {logging_mixin.py:109} INFO - [2021-10-16 01:04:36,360] {dag.py:2389} INFO - Sync 1 DAGs
[2021-10-16 01:04:36,382] {logging_mixin.py:109} INFO - [2021-10-16 01:04:36,382] {dag.py:2914} INFO - Setting next_dagrun for example_nested_branch_dag to 2021-10-15 00:00:00+00:00
[2021-10-16 01:04:36,395] {processor.py:171} INFO - Processing /home/airflow/.local/lib/python3.6/site-packages/airflow/example_dags/example_nested_branch_dag.py took 0.125 seconds
[2021-10-16 01:05:06,788] {processor.py:163} INFO - Started process (PID=1320) to work on /home/airflow/.local/lib/python3.6/site-packages/airflow/example_dags/example_nested_branch_dag.py
[2021-10-16 01:05:06,791] {processor.py:620} INFO - Processing file /home/airflow/.local/lib/python3.6/site-packages/airflow/example_dags/example_nested_branch_dag.py for tasks to queue
[2021-10-16 01:05:06,793] {logging_mixin.py:109} INFO - [2021-10-16 01:05:06,793] {dagbag.py:500} INFO - Filling up the DagBag from /home/airflow/.local/lib/python3.6/site-packages/airflow/example_dags/example_nested_branch_dag.py
[2021-10-16 01:05:06,835] {processor.py:632} INFO - DAG(s) dict_keys(['example_nested_branch_dag']) retrieved from /home/airflow/.local/lib/python3.6/site-packages/airflow/example_dags/example_nested_branch_dag.py
[2021-10-16 01:05:06,850] {logging_mixin.py:109} INFO - [2021-10-16 01:05:06,849] {dag.py:2389} INFO - Sync 1 DAGs
[2021-10-16 01:05:06,872] {logging_mixin.py:109} INFO - [2021-10-16 01:05:06,872] {dag.py:2914} INFO - Setting next_dagrun for example_nested_branch_dag to 2021-10-15 00:00:00+00:00
[2021-10-16 01:05:06,886] {processor.py:171} INFO - Processing /home/airflow/.local/lib/python3.6/site-packages/airflow/example_dags/example_nested_branch_dag.py took 0.104 seconds
[2021-10-16 01:05:37,343] {processor.py:163} INFO - Started process (PID=1373) to work on /home/airflow/.local/lib/python3.6/site-packages/airflow/example_dags/example_nested_branch_dag.py
[2021-10-16 01:05:37,347] {processor.py:620} INFO - Processing file /home/airflow/.local/lib/python3.6/site-packages/airflow/example_dags/example_nested_branch_dag.py for tasks to queue
[2021-10-16 01:05:37,349] {logging_mixin.py:109} INFO - [2021-10-16 01:05:37,349] {dagbag.py:500} INFO - Filling up the DagBag from /home/airflow/.local/lib/python3.6/site-packages/airflow/example_dags/example_nested_branch_dag.py
[2021-10-16 01:05:37,432] {processor.py:632} INFO - DAG(s) dict_keys(['example_nested_branch_dag']) retrieved from /home/airflow/.local/lib/python3.6/site-packages/airflow/example_dags/example_nested_branch_dag.py
[2021-10-16 01:05:37,459] {logging_mixin.py:109} INFO - [2021-10-16 01:05:37,459] {dag.py:2389} INFO - Sync 1 DAGs
[2021-10-16 01:05:37,495] {logging_mixin.py:109} INFO - [2021-10-16 01:05:37,495] {dag.py:2914} INFO - Setting next_dagrun for example_nested_branch_dag to 2021-10-15 00:00:00+00:00
[2021-10-16 01:05:37,527] {processor.py:171} INFO - Processing /home/airflow/.local/lib/python3.6/site-packages/airflow/example_dags/example_nested_branch_dag.py took 0.192 seconds
[2021-10-16 01:06:07,876] {processor.py:163} INFO - Started process (PID=1438) to work on /home/airflow/.local/lib/python3.6/site-packages/airflow/example_dags/example_nested_branch_dag.py
[2021-10-16 01:06:07,878] {processor.py:620} INFO - Processing file /home/airflow/.local/lib/python3.6/site-packages/airflow/example_dags/example_nested_branch_dag.py for tasks to queue
[2021-10-16 01:06:07,880] {logging_mixin.py:109} INFO - [2021-10-16 01:06:07,880] {dagbag.py:500} INFO - Filling up the DagBag from /home/airflow/.local/lib/python3.6/site-packages/airflow/example_dags/example_nested_branch_dag.py
[2021-10-16 01:06:07,918] {processor.py:632} INFO - DAG(s) dict_keys(['example_nested_branch_dag']) retrieved from /home/airflow/.local/lib/python3.6/site-packages/airflow/example_dags/example_nested_branch_dag.py
[2021-10-16 01:06:07,934] {logging_mixin.py:109} INFO - [2021-10-16 01:06:07,933] {dag.py:2389} INFO - Sync 1 DAGs
[2021-10-16 01:06:07,952] {logging_mixin.py:109} INFO - [2021-10-16 01:06:07,952] {dag.py:2914} INFO - Setting next_dagrun for example_nested_branch_dag to 2021-10-15 00:00:00+00:00
[2021-10-16 01:06:07,967] {processor.py:171} INFO - Processing /home/airflow/.local/lib/python3.6/site-packages/airflow/example_dags/example_nested_branch_dag.py took 0.097 seconds
[2021-10-16 01:06:38,508] {processor.py:163} INFO - Started process (PID=1492) to work on /home/airflow/.local/lib/python3.6/site-packages/airflow/example_dags/example_nested_branch_dag.py
[2021-10-16 01:06:38,516] {processor.py:620} INFO - Processing file /home/airflow/.local/lib/python3.6/site-packages/airflow/example_dags/example_nested_branch_dag.py for tasks to queue
[2021-10-16 01:06:38,521] {logging_mixin.py:109} INFO - [2021-10-16 01:06:38,521] {dagbag.py:500} INFO - Filling up the DagBag from /home/airflow/.local/lib/python3.6/site-packages/airflow/example_dags/example_nested_branch_dag.py
[2021-10-16 01:06:38,639] {processor.py:632} INFO - DAG(s) dict_keys(['example_nested_branch_dag']) retrieved from /home/airflow/.local/lib/python3.6/site-packages/airflow/example_dags/example_nested_branch_dag.py
[2021-10-16 01:06:38,700] {logging_mixin.py:109} INFO - [2021-10-16 01:06:38,699] {dag.py:2389} INFO - Sync 1 DAGs
[2021-10-16 01:06:38,767] {logging_mixin.py:109} INFO - [2021-10-16 01:06:38,767] {dag.py:2914} INFO - Setting next_dagrun for example_nested_branch_dag to 2021-10-15 00:00:00+00:00
[2021-10-16 01:06:38,784] {processor.py:171} INFO - Processing /home/airflow/.local/lib/python3.6/site-packages/airflow/example_dags/example_nested_branch_dag.py took 0.289 seconds
[2021-10-16 01:07:09,814] {processor.py:163} INFO - Started process (PID=1545) to work on /home/airflow/.local/lib/python3.6/site-packages/airflow/example_dags/example_nested_branch_dag.py
[2021-10-16 01:07:09,822] {processor.py:620} INFO - Processing file /home/airflow/.local/lib/python3.6/site-packages/airflow/example_dags/example_nested_branch_dag.py for tasks to queue
[2021-10-16 01:07:09,825] {logging_mixin.py:109} INFO - [2021-10-16 01:07:09,824] {dagbag.py:500} INFO - Filling up the DagBag from /home/airflow/.local/lib/python3.6/site-packages/airflow/example_dags/example_nested_branch_dag.py
[2021-10-16 01:07:09,937] {processor.py:632} INFO - DAG(s) dict_keys(['example_nested_branch_dag']) retrieved from /home/airflow/.local/lib/python3.6/site-packages/airflow/example_dags/example_nested_branch_dag.py
[2021-10-16 01:07:09,958] {logging_mixin.py:109} INFO - [2021-10-16 01:07:09,958] {dag.py:2389} INFO - Sync 1 DAGs
[2021-10-16 01:07:09,990] {logging_mixin.py:109} INFO - [2021-10-16 01:07:09,989] {dag.py:2914} INFO - Setting next_dagrun for example_nested_branch_dag to 2021-10-15 00:00:00+00:00
[2021-10-16 01:07:10,008] {processor.py:171} INFO - Processing /home/airflow/.local/lib/python3.6/site-packages/airflow/example_dags/example_nested_branch_dag.py took 0.201 seconds
[2021-10-16 01:07:40,635] {processor.py:163} INFO - Started process (PID=1599) to work on /home/airflow/.local/lib/python3.6/site-packages/airflow/example_dags/example_nested_branch_dag.py
[2021-10-16 01:07:40,647] {processor.py:620} INFO - Processing file /home/airflow/.local/lib/python3.6/site-packages/airflow/example_dags/example_nested_branch_dag.py for tasks to queue
[2021-10-16 01:07:40,649] {logging_mixin.py:109} INFO - [2021-10-16 01:07:40,648] {dagbag.py:500} INFO - Filling up the DagBag from /home/airflow/.local/lib/python3.6/site-packages/airflow/example_dags/example_nested_branch_dag.py
[2021-10-16 01:07:40,698] {processor.py:632} INFO - DAG(s) dict_keys(['example_nested_branch_dag']) retrieved from /home/airflow/.local/lib/python3.6/site-packages/airflow/example_dags/example_nested_branch_dag.py
[2021-10-16 01:07:40,716] {logging_mixin.py:109} INFO - [2021-10-16 01:07:40,716] {dag.py:2389} INFO - Sync 1 DAGs
[2021-10-16 01:07:40,743] {logging_mixin.py:109} INFO - [2021-10-16 01:07:40,743] {dag.py:2914} INFO - Setting next_dagrun for example_nested_branch_dag to 2021-10-15 00:00:00+00:00
[2021-10-16 01:07:40,755] {processor.py:171} INFO - Processing /home/airflow/.local/lib/python3.6/site-packages/airflow/example_dags/example_nested_branch_dag.py took 0.125 seconds
[2021-10-16 01:08:10,810] {processor.py:163} INFO - Started process (PID=1668) to work on /home/airflow/.local/lib/python3.6/site-packages/airflow/example_dags/example_nested_branch_dag.py
[2021-10-16 01:08:10,812] {processor.py:620} INFO - Processing file /home/airflow/.local/lib/python3.6/site-packages/airflow/example_dags/example_nested_branch_dag.py for tasks to queue
[2021-10-16 01:08:10,814] {logging_mixin.py:109} INFO - [2021-10-16 01:08:10,814] {dagbag.py:500} INFO - Filling up the DagBag from /home/airflow/.local/lib/python3.6/site-packages/airflow/example_dags/example_nested_branch_dag.py
[2021-10-16 01:08:10,852] {processor.py:632} INFO - DAG(s) dict_keys(['example_nested_branch_dag']) retrieved from /home/airflow/.local/lib/python3.6/site-packages/airflow/example_dags/example_nested_branch_dag.py
[2021-10-16 01:08:10,868] {logging_mixin.py:109} INFO - [2021-10-16 01:08:10,868] {dag.py:2389} INFO - Sync 1 DAGs
[2021-10-16 01:08:10,891] {logging_mixin.py:109} INFO - [2021-10-16 01:08:10,891] {dag.py:2914} INFO - Setting next_dagrun for example_nested_branch_dag to 2021-10-15 00:00:00+00:00
[2021-10-16 01:08:10,906] {processor.py:171} INFO - Processing /home/airflow/.local/lib/python3.6/site-packages/airflow/example_dags/example_nested_branch_dag.py took 0.101 seconds
[2021-10-16 01:08:41,642] {processor.py:163} INFO - Started process (PID=1722) to work on /home/airflow/.local/lib/python3.6/site-packages/airflow/example_dags/example_nested_branch_dag.py
[2021-10-16 01:08:41,649] {processor.py:620} INFO - Processing file /home/airflow/.local/lib/python3.6/site-packages/airflow/example_dags/example_nested_branch_dag.py for tasks to queue
[2021-10-16 01:08:41,651] {logging_mixin.py:109} INFO - [2021-10-16 01:08:41,651] {dagbag.py:500} INFO - Filling up the DagBag from /home/airflow/.local/lib/python3.6/site-packages/airflow/example_dags/example_nested_branch_dag.py
[2021-10-16 01:08:41,746] {processor.py:632} INFO - DAG(s) dict_keys(['example_nested_branch_dag']) retrieved from /home/airflow/.local/lib/python3.6/site-packages/airflow/example_dags/example_nested_branch_dag.py
[2021-10-16 01:08:41,776] {logging_mixin.py:109} INFO - [2021-10-16 01:08:41,775] {dag.py:2389} INFO - Sync 1 DAGs
[2021-10-16 01:08:41,819] {logging_mixin.py:109} INFO - [2021-10-16 01:08:41,819] {dag.py:2914} INFO - Setting next_dagrun for example_nested_branch_dag to 2021-10-15 00:00:00+00:00
[2021-10-16 01:08:41,843] {processor.py:171} INFO - Processing /home/airflow/.local/lib/python3.6/site-packages/airflow/example_dags/example_nested_branch_dag.py took 0.212 seconds
[2021-10-16 01:09:12,705] {processor.py:163} INFO - Started process (PID=1790) to work on /home/airflow/.local/lib/python3.6/site-packages/airflow/example_dags/example_nested_branch_dag.py
[2021-10-16 01:09:12,709] {processor.py:620} INFO - Processing file /home/airflow/.local/lib/python3.6/site-packages/airflow/example_dags/example_nested_branch_dag.py for tasks to queue
[2021-10-16 01:09:12,712] {logging_mixin.py:109} INFO - [2021-10-16 01:09:12,711] {dagbag.py:500} INFO - Filling up the DagBag from /home/airflow/.local/lib/python3.6/site-packages/airflow/example_dags/example_nested_branch_dag.py
[2021-10-16 01:09:12,756] {processor.py:632} INFO - DAG(s) dict_keys(['example_nested_branch_dag']) retrieved from /home/airflow/.local/lib/python3.6/site-packages/airflow/example_dags/example_nested_branch_dag.py
[2021-10-16 01:09:12,772] {logging_mixin.py:109} INFO - [2021-10-16 01:09:12,772] {dag.py:2389} INFO - Sync 1 DAGs
[2021-10-16 01:09:12,798] {logging_mixin.py:109} INFO - [2021-10-16 01:09:12,798] {dag.py:2914} INFO - Setting next_dagrun for example_nested_branch_dag to 2021-10-15 00:00:00+00:00
[2021-10-16 01:09:12,818] {processor.py:171} INFO - Processing /home/airflow/.local/lib/python3.6/site-packages/airflow/example_dags/example_nested_branch_dag.py took 0.119 seconds
[2021-10-16 01:09:43,191] {processor.py:163} INFO - Started process (PID=1845) to work on /home/airflow/.local/lib/python3.6/site-packages/airflow/example_dags/example_nested_branch_dag.py
[2021-10-16 01:09:43,198] {processor.py:620} INFO - Processing file /home/airflow/.local/lib/python3.6/site-packages/airflow/example_dags/example_nested_branch_dag.py for tasks to queue
[2021-10-16 01:09:43,200] {logging_mixin.py:109} INFO - [2021-10-16 01:09:43,200] {dagbag.py:500} INFO - Filling up the DagBag from /home/airflow/.local/lib/python3.6/site-packages/airflow/example_dags/example_nested_branch_dag.py
[2021-10-16 01:09:43,243] {processor.py:632} INFO - DAG(s) dict_keys(['example_nested_branch_dag']) retrieved from /home/airflow/.local/lib/python3.6/site-packages/airflow/example_dags/example_nested_branch_dag.py
[2021-10-16 01:09:43,260] {logging_mixin.py:109} INFO - [2021-10-16 01:09:43,260] {dag.py:2389} INFO - Sync 1 DAGs
[2021-10-16 01:09:43,286] {logging_mixin.py:109} INFO - [2021-10-16 01:09:43,286] {dag.py:2914} INFO - Setting next_dagrun for example_nested_branch_dag to 2021-10-15 00:00:00+00:00
[2021-10-16 01:09:43,298] {processor.py:171} INFO - Processing /home/airflow/.local/lib/python3.6/site-packages/airflow/example_dags/example_nested_branch_dag.py took 0.111 seconds
[2021-10-16 01:10:13,768] {processor.py:163} INFO - Started process (PID=1898) to work on /home/airflow/.local/lib/python3.6/site-packages/airflow/example_dags/example_nested_branch_dag.py
[2021-10-16 01:10:13,810] {processor.py:620} INFO - Processing file /home/airflow/.local/lib/python3.6/site-packages/airflow/example_dags/example_nested_branch_dag.py for tasks to queue
[2021-10-16 01:10:13,818] {logging_mixin.py:109} INFO - [2021-10-16 01:10:13,817] {dagbag.py:500} INFO - Filling up the DagBag from /home/airflow/.local/lib/python3.6/site-packages/airflow/example_dags/example_nested_branch_dag.py
[2021-10-16 01:10:14,109] {processor.py:632} INFO - DAG(s) dict_keys(['example_nested_branch_dag']) retrieved from /home/airflow/.local/lib/python3.6/site-packages/airflow/example_dags/example_nested_branch_dag.py
[2021-10-16 01:10:14,218] {logging_mixin.py:109} INFO - [2021-10-16 01:10:14,218] {dag.py:2389} INFO - Sync 1 DAGs
[2021-10-16 01:10:14,519] {logging_mixin.py:109} INFO - [2021-10-16 01:10:14,519] {dag.py:2914} INFO - Setting next_dagrun for example_nested_branch_dag to 2021-10-15 00:00:00+00:00
[2021-10-16 01:10:14,619] {processor.py:171} INFO - Processing /home/airflow/.local/lib/python3.6/site-packages/airflow/example_dags/example_nested_branch_dag.py took 0.888 seconds
[2021-10-16 01:10:45,126] {processor.py:163} INFO - Started process (PID=1965) to work on /home/airflow/.local/lib/python3.6/site-packages/airflow/example_dags/example_nested_branch_dag.py
[2021-10-16 01:10:45,133] {processor.py:620} INFO - Processing file /home/airflow/.local/lib/python3.6/site-packages/airflow/example_dags/example_nested_branch_dag.py for tasks to queue
[2021-10-16 01:10:45,134] {logging_mixin.py:109} INFO - [2021-10-16 01:10:45,134] {dagbag.py:500} INFO - Filling up the DagBag from /home/airflow/.local/lib/python3.6/site-packages/airflow/example_dags/example_nested_branch_dag.py
[2021-10-16 01:10:45,301] {processor.py:632} INFO - DAG(s) dict_keys(['example_nested_branch_dag']) retrieved from /home/airflow/.local/lib/python3.6/site-packages/airflow/example_dags/example_nested_branch_dag.py
[2021-10-16 01:10:45,339] {logging_mixin.py:109} INFO - [2021-10-16 01:10:45,339] {dag.py:2389} INFO - Sync 1 DAGs
[2021-10-16 01:10:45,384] {logging_mixin.py:109} INFO - [2021-10-16 01:10:45,384] {dag.py:2914} INFO - Setting next_dagrun for example_nested_branch_dag to 2021-10-15 00:00:00+00:00
[2021-10-16 01:10:45,426] {processor.py:171} INFO - Processing /home/airflow/.local/lib/python3.6/site-packages/airflow/example_dags/example_nested_branch_dag.py took 0.308 seconds
[2021-10-16 01:11:15,606] {processor.py:163} INFO - Started process (PID=2009) to work on /home/airflow/.local/lib/python3.6/site-packages/airflow/example_dags/example_nested_branch_dag.py
[2021-10-16 01:11:15,617] {processor.py:620} INFO - Processing file /home/airflow/.local/lib/python3.6/site-packages/airflow/example_dags/example_nested_branch_dag.py for tasks to queue
[2021-10-16 01:11:15,618] {logging_mixin.py:109} INFO - [2021-10-16 01:11:15,618] {dagbag.py:500} INFO - Filling up the DagBag from /home/airflow/.local/lib/python3.6/site-packages/airflow/example_dags/example_nested_branch_dag.py
[2021-10-16 01:11:15,787] {processor.py:632} INFO - DAG(s) dict_keys(['example_nested_branch_dag']) retrieved from /home/airflow/.local/lib/python3.6/site-packages/airflow/example_dags/example_nested_branch_dag.py
[2021-10-16 01:11:15,811] {logging_mixin.py:109} INFO - [2021-10-16 01:11:15,811] {dag.py:2389} INFO - Sync 1 DAGs
[2021-10-16 01:11:15,845] {logging_mixin.py:109} INFO - [2021-10-16 01:11:15,845] {dag.py:2914} INFO - Setting next_dagrun for example_nested_branch_dag to 2021-10-15 00:00:00+00:00
[2021-10-16 01:11:15,863] {processor.py:171} INFO - Processing /home/airflow/.local/lib/python3.6/site-packages/airflow/example_dags/example_nested_branch_dag.py took 0.267 seconds
[2021-10-16 01:11:46,756] {processor.py:163} INFO - Started process (PID=2073) to work on /home/airflow/.local/lib/python3.6/site-packages/airflow/example_dags/example_nested_branch_dag.py
[2021-10-16 01:11:46,759] {processor.py:620} INFO - Processing file /home/airflow/.local/lib/python3.6/site-packages/airflow/example_dags/example_nested_branch_dag.py for tasks to queue
[2021-10-16 01:11:46,761] {logging_mixin.py:109} INFO - [2021-10-16 01:11:46,761] {dagbag.py:500} INFO - Filling up the DagBag from /home/airflow/.local/lib/python3.6/site-packages/airflow/example_dags/example_nested_branch_dag.py
[2021-10-16 01:11:46,798] {processor.py:632} INFO - DAG(s) dict_keys(['example_nested_branch_dag']) retrieved from /home/airflow/.local/lib/python3.6/site-packages/airflow/example_dags/example_nested_branch_dag.py
[2021-10-16 01:11:46,815] {logging_mixin.py:109} INFO - [2021-10-16 01:11:46,815] {dag.py:2389} INFO - Sync 1 DAGs
[2021-10-16 01:11:46,849] {logging_mixin.py:109} INFO - [2021-10-16 01:11:46,848] {dag.py:2914} INFO - Setting next_dagrun for example_nested_branch_dag to 2021-10-15 00:00:00+00:00
[2021-10-16 01:11:46,873] {processor.py:171} INFO - Processing /home/airflow/.local/lib/python3.6/site-packages/airflow/example_dags/example_nested_branch_dag.py took 0.122 seconds
[2021-10-16 01:12:17,776] {processor.py:163} INFO - Started process (PID=2128) to work on /home/airflow/.local/lib/python3.6/site-packages/airflow/example_dags/example_nested_branch_dag.py
[2021-10-16 01:12:17,784] {processor.py:620} INFO - Processing file /home/airflow/.local/lib/python3.6/site-packages/airflow/example_dags/example_nested_branch_dag.py for tasks to queue
[2021-10-16 01:12:17,809] {logging_mixin.py:109} INFO - [2021-10-16 01:12:17,809] {dagbag.py:500} INFO - Filling up the DagBag from /home/airflow/.local/lib/python3.6/site-packages/airflow/example_dags/example_nested_branch_dag.py
[2021-10-16 01:12:18,058] {processor.py:632} INFO - DAG(s) dict_keys(['example_nested_branch_dag']) retrieved from /home/airflow/.local/lib/python3.6/site-packages/airflow/example_dags/example_nested_branch_dag.py
[2021-10-16 01:12:18,104] {logging_mixin.py:109} INFO - [2021-10-16 01:12:18,104] {dag.py:2389} INFO - Sync 1 DAGs
[2021-10-16 01:12:18,162] {logging_mixin.py:109} INFO - [2021-10-16 01:12:18,160] {dag.py:2914} INFO - Setting next_dagrun for example_nested_branch_dag to 2021-10-15 00:00:00+00:00
[2021-10-16 01:12:18,200] {processor.py:171} INFO - Processing /home/airflow/.local/lib/python3.6/site-packages/airflow/example_dags/example_nested_branch_dag.py took 0.478 seconds
[2021-10-16 01:12:48,866] {processor.py:163} INFO - Started process (PID=2184) to work on /home/airflow/.local/lib/python3.6/site-packages/airflow/example_dags/example_nested_branch_dag.py
[2021-10-16 01:12:48,877] {processor.py:620} INFO - Processing file /home/airflow/.local/lib/python3.6/site-packages/airflow/example_dags/example_nested_branch_dag.py for tasks to queue
[2021-10-16 01:12:48,885] {logging_mixin.py:109} INFO - [2021-10-16 01:12:48,884] {dagbag.py:500} INFO - Filling up the DagBag from /home/airflow/.local/lib/python3.6/site-packages/airflow/example_dags/example_nested_branch_dag.py
[2021-10-16 01:12:48,976] {processor.py:632} INFO - DAG(s) dict_keys(['example_nested_branch_dag']) retrieved from /home/airflow/.local/lib/python3.6/site-packages/airflow/example_dags/example_nested_branch_dag.py
[2021-10-16 01:12:49,001] {logging_mixin.py:109} INFO - [2021-10-16 01:12:49,001] {dag.py:2389} INFO - Sync 1 DAGs
[2021-10-16 01:12:49,036] {logging_mixin.py:109} INFO - [2021-10-16 01:12:49,036] {dag.py:2914} INFO - Setting next_dagrun for example_nested_branch_dag to 2021-10-15 00:00:00+00:00
[2021-10-16 01:12:49,053] {processor.py:171} INFO - Processing /home/airflow/.local/lib/python3.6/site-packages/airflow/example_dags/example_nested_branch_dag.py took 0.203 seconds
[2021-10-16 01:13:19,372] {processor.py:163} INFO - Started process (PID=2237) to work on /home/airflow/.local/lib/python3.6/site-packages/airflow/example_dags/example_nested_branch_dag.py
[2021-10-16 01:13:19,385] {processor.py:620} INFO - Processing file /home/airflow/.local/lib/python3.6/site-packages/airflow/example_dags/example_nested_branch_dag.py for tasks to queue
[2021-10-16 01:13:19,386] {logging_mixin.py:109} INFO - [2021-10-16 01:13:19,386] {dagbag.py:500} INFO - Filling up the DagBag from /home/airflow/.local/lib/python3.6/site-packages/airflow/example_dags/example_nested_branch_dag.py
[2021-10-16 01:13:19,578] {processor.py:632} INFO - DAG(s) dict_keys(['example_nested_branch_dag']) retrieved from /home/airflow/.local/lib/python3.6/site-packages/airflow/example_dags/example_nested_branch_dag.py
[2021-10-16 01:13:19,630] {logging_mixin.py:109} INFO - [2021-10-16 01:13:19,629] {dag.py:2389} INFO - Sync 1 DAGs
[2021-10-16 01:13:19,722] {logging_mixin.py:109} INFO - [2021-10-16 01:13:19,722] {dag.py:2914} INFO - Setting next_dagrun for example_nested_branch_dag to 2021-10-15 00:00:00+00:00
[2021-10-16 01:13:19,762] {processor.py:171} INFO - Processing /home/airflow/.local/lib/python3.6/site-packages/airflow/example_dags/example_nested_branch_dag.py took 0.393 seconds
[2021-10-16 01:13:50,258] {processor.py:163} INFO - Started process (PID=2305) to work on /home/airflow/.local/lib/python3.6/site-packages/airflow/example_dags/example_nested_branch_dag.py
[2021-10-16 01:13:50,264] {processor.py:620} INFO - Processing file /home/airflow/.local/lib/python3.6/site-packages/airflow/example_dags/example_nested_branch_dag.py for tasks to queue
[2021-10-16 01:13:50,270] {logging_mixin.py:109} INFO - [2021-10-16 01:13:50,269] {dagbag.py:500} INFO - Filling up the DagBag from /home/airflow/.local/lib/python3.6/site-packages/airflow/example_dags/example_nested_branch_dag.py
[2021-10-16 01:13:50,427] {processor.py:632} INFO - DAG(s) dict_keys(['example_nested_branch_dag']) retrieved from /home/airflow/.local/lib/python3.6/site-packages/airflow/example_dags/example_nested_branch_dag.py
[2021-10-16 01:13:50,489] {logging_mixin.py:109} INFO - [2021-10-16 01:13:50,489] {dag.py:2389} INFO - Sync 1 DAGs
[2021-10-16 01:13:50,558] {logging_mixin.py:109} INFO - [2021-10-16 01:13:50,557] {dag.py:2914} INFO - Setting next_dagrun for example_nested_branch_dag to 2021-10-15 00:00:00+00:00
[2021-10-16 01:13:50,596] {processor.py:171} INFO - Processing /home/airflow/.local/lib/python3.6/site-packages/airflow/example_dags/example_nested_branch_dag.py took 0.360 seconds
[2021-10-16 01:14:20,998] {processor.py:163} INFO - Started process (PID=2359) to work on /home/airflow/.local/lib/python3.6/site-packages/airflow/example_dags/example_nested_branch_dag.py
[2021-10-16 01:14:21,005] {processor.py:620} INFO - Processing file /home/airflow/.local/lib/python3.6/site-packages/airflow/example_dags/example_nested_branch_dag.py for tasks to queue
[2021-10-16 01:14:21,007] {logging_mixin.py:109} INFO - [2021-10-16 01:14:21,007] {dagbag.py:500} INFO - Filling up the DagBag from /home/airflow/.local/lib/python3.6/site-packages/airflow/example_dags/example_nested_branch_dag.py
[2021-10-16 01:14:21,067] {processor.py:632} INFO - DAG(s) dict_keys(['example_nested_branch_dag']) retrieved from /home/airflow/.local/lib/python3.6/site-packages/airflow/example_dags/example_nested_branch_dag.py
[2021-10-16 01:14:21,089] {logging_mixin.py:109} INFO - [2021-10-16 01:14:21,089] {dag.py:2389} INFO - Sync 1 DAGs
[2021-10-16 01:14:21,120] {logging_mixin.py:109} INFO - [2021-10-16 01:14:21,119] {dag.py:2914} INFO - Setting next_dagrun for example_nested_branch_dag to 2021-10-15 00:00:00+00:00
[2021-10-16 01:14:21,138] {processor.py:171} INFO - Processing /home/airflow/.local/lib/python3.6/site-packages/airflow/example_dags/example_nested_branch_dag.py took 0.144 seconds
[2021-10-16 01:14:51,872] {processor.py:163} INFO - Started process (PID=2413) to work on /home/airflow/.local/lib/python3.6/site-packages/airflow/example_dags/example_nested_branch_dag.py
[2021-10-16 01:14:51,878] {processor.py:620} INFO - Processing file /home/airflow/.local/lib/python3.6/site-packages/airflow/example_dags/example_nested_branch_dag.py for tasks to queue
[2021-10-16 01:14:51,885] {logging_mixin.py:109} INFO - [2021-10-16 01:14:51,884] {dagbag.py:500} INFO - Filling up the DagBag from /home/airflow/.local/lib/python3.6/site-packages/airflow/example_dags/example_nested_branch_dag.py
[2021-10-16 01:14:52,000] {processor.py:632} INFO - DAG(s) dict_keys(['example_nested_branch_dag']) retrieved from /home/airflow/.local/lib/python3.6/site-packages/airflow/example_dags/example_nested_branch_dag.py
[2021-10-16 01:14:52,030] {logging_mixin.py:109} INFO - [2021-10-16 01:14:52,030] {dag.py:2389} INFO - Sync 1 DAGs
[2021-10-16 01:14:52,091] {logging_mixin.py:109} INFO - [2021-10-16 01:14:52,091] {dag.py:2914} INFO - Setting next_dagrun for example_nested_branch_dag to 2021-10-15 00:00:00+00:00
[2021-10-16 01:14:52,121] {processor.py:171} INFO - Processing /home/airflow/.local/lib/python3.6/site-packages/airflow/example_dags/example_nested_branch_dag.py took 0.261 seconds
