[2021-10-16 00:54:05,433] {processor.py:163} INFO - Started process (PID=95) to work on /home/airflow/.local/lib/python3.6/site-packages/airflow/example_dags/example_subdag_operator.py
[2021-10-16 00:54:05,440] {processor.py:620} INFO - Processing file /home/airflow/.local/lib/python3.6/site-packages/airflow/example_dags/example_subdag_operator.py for tasks to queue
[2021-10-16 00:54:05,445] {logging_mixin.py:109} INFO - [2021-10-16 00:54:05,444] {dagbag.py:500} INFO - Filling up the DagBag from /home/airflow/.local/lib/python3.6/site-packages/airflow/example_dags/example_subdag_operator.py
[2021-10-16 00:54:05,585] {processor.py:632} INFO - DAG(s) dict_keys(['example_subdag_operator.section-1', 'example_subdag_operator.section-2', 'example_subdag_operator']) retrieved from /home/airflow/.local/lib/python3.6/site-packages/airflow/example_dags/example_subdag_operator.py
[2021-10-16 00:54:07,157] {logging_mixin.py:109} INFO - [2021-10-16 00:54:07,157] {dag.py:2389} INFO - Sync 3 DAGs
[2021-10-16 00:54:07,240] {logging_mixin.py:109} INFO - [2021-10-16 00:54:07,240] {dag.py:2914} INFO - Setting next_dagrun for example_subdag_operator to 2021-10-14T00:00:00+00:00
[2021-10-16 00:54:07,247] {logging_mixin.py:109} INFO - [2021-10-16 00:54:07,247] {dag.py:2914} INFO - Setting next_dagrun for example_subdag_operator.section-1 to None
[2021-10-16 00:54:07,250] {logging_mixin.py:109} INFO - [2021-10-16 00:54:07,250] {dag.py:2914} INFO - Setting next_dagrun for example_subdag_operator.section-2 to None
[2021-10-16 00:54:07,301] {logging_mixin.py:109} INFO - [2021-10-16 00:54:07,301] {dag.py:2389} INFO - Sync 2 DAGs
[2021-10-16 00:54:07,319] {logging_mixin.py:109} INFO - [2021-10-16 00:54:07,319] {dag.py:2914} INFO - Setting next_dagrun for example_subdag_operator.section-1 to None
[2021-10-16 00:54:07,331] {logging_mixin.py:109} INFO - [2021-10-16 00:54:07,331] {dag.py:2914} INFO - Setting next_dagrun for example_subdag_operator.section-2 to None
[2021-10-16 00:54:07,361] {processor.py:171} INFO - Processing /home/airflow/.local/lib/python3.6/site-packages/airflow/example_dags/example_subdag_operator.py took 1.947 seconds
[2021-10-16 00:54:37,523] {processor.py:163} INFO - Started process (PID=141) to work on /home/airflow/.local/lib/python3.6/site-packages/airflow/example_dags/example_subdag_operator.py
[2021-10-16 00:54:37,526] {processor.py:620} INFO - Processing file /home/airflow/.local/lib/python3.6/site-packages/airflow/example_dags/example_subdag_operator.py for tasks to queue
[2021-10-16 00:54:37,527] {logging_mixin.py:109} INFO - [2021-10-16 00:54:37,527] {dagbag.py:500} INFO - Filling up the DagBag from /home/airflow/.local/lib/python3.6/site-packages/airflow/example_dags/example_subdag_operator.py
[2021-10-16 00:54:37,573] {processor.py:632} INFO - DAG(s) dict_keys(['example_subdag_operator.section-1', 'example_subdag_operator.section-2', 'example_subdag_operator']) retrieved from /home/airflow/.local/lib/python3.6/site-packages/airflow/example_dags/example_subdag_operator.py
[2021-10-16 00:54:37,591] {logging_mixin.py:109} INFO - [2021-10-16 00:54:37,591] {dag.py:2389} INFO - Sync 3 DAGs
[2021-10-16 00:54:37,614] {logging_mixin.py:109} INFO - [2021-10-16 00:54:37,613] {dag.py:2914} INFO - Setting next_dagrun for example_subdag_operator to 2021-10-14T00:00:00+00:00
[2021-10-16 00:54:37,615] {logging_mixin.py:109} INFO - [2021-10-16 00:54:37,615] {dag.py:2914} INFO - Setting next_dagrun for example_subdag_operator.section-1 to None
[2021-10-16 00:54:37,617] {logging_mixin.py:109} INFO - [2021-10-16 00:54:37,616] {dag.py:2914} INFO - Setting next_dagrun for example_subdag_operator.section-2 to None
[2021-10-16 00:54:37,626] {logging_mixin.py:109} INFO - [2021-10-16 00:54:37,626] {dag.py:2389} INFO - Sync 2 DAGs
[2021-10-16 00:54:37,635] {logging_mixin.py:109} INFO - [2021-10-16 00:54:37,635] {dag.py:2914} INFO - Setting next_dagrun for example_subdag_operator.section-1 to None
[2021-10-16 00:54:37,636] {logging_mixin.py:109} INFO - [2021-10-16 00:54:37,636] {dag.py:2914} INFO - Setting next_dagrun for example_subdag_operator.section-2 to None
[2021-10-16 00:54:37,644] {processor.py:171} INFO - Processing /home/airflow/.local/lib/python3.6/site-packages/airflow/example_dags/example_subdag_operator.py took 0.127 seconds
[2021-10-16 00:55:07,780] {processor.py:163} INFO - Started process (PID=205) to work on /home/airflow/.local/lib/python3.6/site-packages/airflow/example_dags/example_subdag_operator.py
[2021-10-16 00:55:07,786] {processor.py:620} INFO - Processing file /home/airflow/.local/lib/python3.6/site-packages/airflow/example_dags/example_subdag_operator.py for tasks to queue
[2021-10-16 00:55:07,788] {logging_mixin.py:109} INFO - [2021-10-16 00:55:07,788] {dagbag.py:500} INFO - Filling up the DagBag from /home/airflow/.local/lib/python3.6/site-packages/airflow/example_dags/example_subdag_operator.py
[2021-10-16 00:55:07,858] {processor.py:632} INFO - DAG(s) dict_keys(['example_subdag_operator.section-1', 'example_subdag_operator.section-2', 'example_subdag_operator']) retrieved from /home/airflow/.local/lib/python3.6/site-packages/airflow/example_dags/example_subdag_operator.py
[2021-10-16 00:55:07,891] {logging_mixin.py:109} INFO - [2021-10-16 00:55:07,890] {dag.py:2389} INFO - Sync 3 DAGs
[2021-10-16 00:55:07,939] {logging_mixin.py:109} INFO - [2021-10-16 00:55:07,938] {dag.py:2914} INFO - Setting next_dagrun for example_subdag_operator to 2021-10-14T00:00:00+00:00
[2021-10-16 00:55:07,940] {logging_mixin.py:109} INFO - [2021-10-16 00:55:07,940] {dag.py:2914} INFO - Setting next_dagrun for example_subdag_operator.section-1 to None
[2021-10-16 00:55:07,942] {logging_mixin.py:109} INFO - [2021-10-16 00:55:07,941] {dag.py:2914} INFO - Setting next_dagrun for example_subdag_operator.section-2 to None
[2021-10-16 00:55:07,952] {logging_mixin.py:109} INFO - [2021-10-16 00:55:07,951] {dag.py:2389} INFO - Sync 2 DAGs
[2021-10-16 00:55:07,960] {logging_mixin.py:109} INFO - [2021-10-16 00:55:07,960] {dag.py:2914} INFO - Setting next_dagrun for example_subdag_operator.section-1 to None
[2021-10-16 00:55:07,961] {logging_mixin.py:109} INFO - [2021-10-16 00:55:07,961] {dag.py:2914} INFO - Setting next_dagrun for example_subdag_operator.section-2 to None
[2021-10-16 00:55:07,970] {processor.py:171} INFO - Processing /home/airflow/.local/lib/python3.6/site-packages/airflow/example_dags/example_subdag_operator.py took 0.200 seconds
[2021-10-16 00:55:38,405] {processor.py:163} INFO - Started process (PID=259) to work on /home/airflow/.local/lib/python3.6/site-packages/airflow/example_dags/example_subdag_operator.py
[2021-10-16 00:55:38,410] {processor.py:620} INFO - Processing file /home/airflow/.local/lib/python3.6/site-packages/airflow/example_dags/example_subdag_operator.py for tasks to queue
[2021-10-16 00:55:38,417] {logging_mixin.py:109} INFO - [2021-10-16 00:55:38,417] {dagbag.py:500} INFO - Filling up the DagBag from /home/airflow/.local/lib/python3.6/site-packages/airflow/example_dags/example_subdag_operator.py
[2021-10-16 00:55:38,464] {processor.py:632} INFO - DAG(s) dict_keys(['example_subdag_operator.section-1', 'example_subdag_operator.section-2', 'example_subdag_operator']) retrieved from /home/airflow/.local/lib/python3.6/site-packages/airflow/example_dags/example_subdag_operator.py
[2021-10-16 00:55:38,481] {logging_mixin.py:109} INFO - [2021-10-16 00:55:38,481] {dag.py:2389} INFO - Sync 3 DAGs
[2021-10-16 00:55:38,498] {logging_mixin.py:109} INFO - [2021-10-16 00:55:38,498] {dag.py:2914} INFO - Setting next_dagrun for example_subdag_operator to 2021-10-14T00:00:00+00:00
[2021-10-16 00:55:38,499] {logging_mixin.py:109} INFO - [2021-10-16 00:55:38,499] {dag.py:2914} INFO - Setting next_dagrun for example_subdag_operator.section-1 to None
[2021-10-16 00:55:38,500] {logging_mixin.py:109} INFO - [2021-10-16 00:55:38,500] {dag.py:2914} INFO - Setting next_dagrun for example_subdag_operator.section-2 to None
[2021-10-16 00:55:38,508] {logging_mixin.py:109} INFO - [2021-10-16 00:55:38,508] {dag.py:2389} INFO - Sync 2 DAGs
[2021-10-16 00:55:38,515] {logging_mixin.py:109} INFO - [2021-10-16 00:55:38,515] {dag.py:2914} INFO - Setting next_dagrun for example_subdag_operator.section-1 to None
[2021-10-16 00:55:38,517] {logging_mixin.py:109} INFO - [2021-10-16 00:55:38,517] {dag.py:2914} INFO - Setting next_dagrun for example_subdag_operator.section-2 to None
[2021-10-16 00:55:38,525] {processor.py:171} INFO - Processing /home/airflow/.local/lib/python3.6/site-packages/airflow/example_dags/example_subdag_operator.py took 0.124 seconds
[2021-10-16 00:56:10,259] {processor.py:163} INFO - Started process (PID=311) to work on /home/airflow/.local/lib/python3.6/site-packages/airflow/example_dags/example_subdag_operator.py
[2021-10-16 00:56:10,262] {processor.py:620} INFO - Processing file /home/airflow/.local/lib/python3.6/site-packages/airflow/example_dags/example_subdag_operator.py for tasks to queue
[2021-10-16 00:56:10,268] {logging_mixin.py:109} INFO - [2021-10-16 00:56:10,267] {dagbag.py:500} INFO - Filling up the DagBag from /home/airflow/.local/lib/python3.6/site-packages/airflow/example_dags/example_subdag_operator.py
[2021-10-16 00:56:10,604] {processor.py:632} INFO - DAG(s) dict_keys(['example_subdag_operator.section-1', 'example_subdag_operator.section-2', 'example_subdag_operator']) retrieved from /home/airflow/.local/lib/python3.6/site-packages/airflow/example_dags/example_subdag_operator.py
[2021-10-16 00:56:10,727] {logging_mixin.py:109} INFO - [2021-10-16 00:56:10,727] {dag.py:2389} INFO - Sync 3 DAGs
[2021-10-16 00:56:10,790] {logging_mixin.py:109} INFO - [2021-10-16 00:56:10,790] {dag.py:2914} INFO - Setting next_dagrun for example_subdag_operator to 2021-10-14T00:00:00+00:00
[2021-10-16 00:56:10,792] {logging_mixin.py:109} INFO - [2021-10-16 00:56:10,792] {dag.py:2914} INFO - Setting next_dagrun for example_subdag_operator.section-1 to None
[2021-10-16 00:56:10,799] {logging_mixin.py:109} INFO - [2021-10-16 00:56:10,798] {dag.py:2914} INFO - Setting next_dagrun for example_subdag_operator.section-2 to None
[2021-10-16 00:56:10,835] {logging_mixin.py:109} INFO - [2021-10-16 00:56:10,835] {dag.py:2389} INFO - Sync 2 DAGs
[2021-10-16 00:56:10,868] {logging_mixin.py:109} INFO - [2021-10-16 00:56:10,868] {dag.py:2914} INFO - Setting next_dagrun for example_subdag_operator.section-1 to None
[2021-10-16 00:56:10,869] {logging_mixin.py:109} INFO - [2021-10-16 00:56:10,869] {dag.py:2914} INFO - Setting next_dagrun for example_subdag_operator.section-2 to None
[2021-10-16 00:56:10,917] {processor.py:171} INFO - Processing /home/airflow/.local/lib/python3.6/site-packages/airflow/example_dags/example_subdag_operator.py took 0.681 seconds
[2021-10-16 00:56:41,381] {processor.py:163} INFO - Started process (PID=375) to work on /home/airflow/.local/lib/python3.6/site-packages/airflow/example_dags/example_subdag_operator.py
[2021-10-16 00:56:41,389] {processor.py:620} INFO - Processing file /home/airflow/.local/lib/python3.6/site-packages/airflow/example_dags/example_subdag_operator.py for tasks to queue
[2021-10-16 00:56:41,391] {logging_mixin.py:109} INFO - [2021-10-16 00:56:41,391] {dagbag.py:500} INFO - Filling up the DagBag from /home/airflow/.local/lib/python3.6/site-packages/airflow/example_dags/example_subdag_operator.py
[2021-10-16 00:56:41,509] {processor.py:632} INFO - DAG(s) dict_keys(['example_subdag_operator.section-1', 'example_subdag_operator.section-2', 'example_subdag_operator']) retrieved from /home/airflow/.local/lib/python3.6/site-packages/airflow/example_dags/example_subdag_operator.py
[2021-10-16 00:56:41,542] {logging_mixin.py:109} INFO - [2021-10-16 00:56:41,542] {dag.py:2389} INFO - Sync 3 DAGs
[2021-10-16 00:56:41,610] {logging_mixin.py:109} INFO - [2021-10-16 00:56:41,609] {dag.py:2914} INFO - Setting next_dagrun for example_subdag_operator to 2021-10-14T00:00:00+00:00
[2021-10-16 00:56:41,617] {logging_mixin.py:109} INFO - [2021-10-16 00:56:41,616] {dag.py:2914} INFO - Setting next_dagrun for example_subdag_operator.section-1 to None
[2021-10-16 00:56:41,622] {logging_mixin.py:109} INFO - [2021-10-16 00:56:41,622] {dag.py:2914} INFO - Setting next_dagrun for example_subdag_operator.section-2 to None
[2021-10-16 00:56:41,650] {logging_mixin.py:109} INFO - [2021-10-16 00:56:41,650] {dag.py:2389} INFO - Sync 2 DAGs
[2021-10-16 00:56:41,675] {logging_mixin.py:109} INFO - [2021-10-16 00:56:41,675] {dag.py:2914} INFO - Setting next_dagrun for example_subdag_operator.section-1 to None
[2021-10-16 00:56:41,677] {logging_mixin.py:109} INFO - [2021-10-16 00:56:41,677] {dag.py:2914} INFO - Setting next_dagrun for example_subdag_operator.section-2 to None
[2021-10-16 00:56:41,716] {processor.py:171} INFO - Processing /home/airflow/.local/lib/python3.6/site-packages/airflow/example_dags/example_subdag_operator.py took 0.349 seconds
[2021-10-16 00:57:11,867] {processor.py:163} INFO - Started process (PID=429) to work on /home/airflow/.local/lib/python3.6/site-packages/airflow/example_dags/example_subdag_operator.py
[2021-10-16 00:57:11,872] {processor.py:620} INFO - Processing file /home/airflow/.local/lib/python3.6/site-packages/airflow/example_dags/example_subdag_operator.py for tasks to queue
[2021-10-16 00:57:11,874] {logging_mixin.py:109} INFO - [2021-10-16 00:57:11,874] {dagbag.py:500} INFO - Filling up the DagBag from /home/airflow/.local/lib/python3.6/site-packages/airflow/example_dags/example_subdag_operator.py
[2021-10-16 00:57:11,932] {processor.py:632} INFO - DAG(s) dict_keys(['example_subdag_operator.section-1', 'example_subdag_operator.section-2', 'example_subdag_operator']) retrieved from /home/airflow/.local/lib/python3.6/site-packages/airflow/example_dags/example_subdag_operator.py
[2021-10-16 00:57:11,950] {logging_mixin.py:109} INFO - [2021-10-16 00:57:11,949] {dag.py:2389} INFO - Sync 3 DAGs
[2021-10-16 00:57:11,997] {logging_mixin.py:109} INFO - [2021-10-16 00:57:11,997] {dag.py:2914} INFO - Setting next_dagrun for example_subdag_operator to 2021-10-14T00:00:00+00:00
[2021-10-16 00:57:11,999] {logging_mixin.py:109} INFO - [2021-10-16 00:57:11,999] {dag.py:2914} INFO - Setting next_dagrun for example_subdag_operator.section-1 to None
[2021-10-16 00:57:12,001] {logging_mixin.py:109} INFO - [2021-10-16 00:57:12,001] {dag.py:2914} INFO - Setting next_dagrun for example_subdag_operator.section-2 to None
[2021-10-16 00:57:12,013] {logging_mixin.py:109} INFO - [2021-10-16 00:57:12,013] {dag.py:2389} INFO - Sync 2 DAGs
[2021-10-16 00:57:12,022] {logging_mixin.py:109} INFO - [2021-10-16 00:57:12,022] {dag.py:2914} INFO - Setting next_dagrun for example_subdag_operator.section-1 to None
[2021-10-16 00:57:12,026] {logging_mixin.py:109} INFO - [2021-10-16 00:57:12,025] {dag.py:2914} INFO - Setting next_dagrun for example_subdag_operator.section-2 to None
[2021-10-16 00:57:12,040] {processor.py:171} INFO - Processing /home/airflow/.local/lib/python3.6/site-packages/airflow/example_dags/example_subdag_operator.py took 0.183 seconds
[2021-10-16 00:57:42,850] {processor.py:163} INFO - Started process (PID=486) to work on /home/airflow/.local/lib/python3.6/site-packages/airflow/example_dags/example_subdag_operator.py
[2021-10-16 00:57:42,857] {processor.py:620} INFO - Processing file /home/airflow/.local/lib/python3.6/site-packages/airflow/example_dags/example_subdag_operator.py for tasks to queue
[2021-10-16 00:57:42,859] {logging_mixin.py:109} INFO - [2021-10-16 00:57:42,859] {dagbag.py:500} INFO - Filling up the DagBag from /home/airflow/.local/lib/python3.6/site-packages/airflow/example_dags/example_subdag_operator.py
[2021-10-16 00:57:42,903] {processor.py:632} INFO - DAG(s) dict_keys(['example_subdag_operator.section-1', 'example_subdag_operator.section-2', 'example_subdag_operator']) retrieved from /home/airflow/.local/lib/python3.6/site-packages/airflow/example_dags/example_subdag_operator.py
[2021-10-16 00:57:42,920] {logging_mixin.py:109} INFO - [2021-10-16 00:57:42,920] {dag.py:2389} INFO - Sync 3 DAGs
[2021-10-16 00:57:42,938] {logging_mixin.py:109} INFO - [2021-10-16 00:57:42,938] {dag.py:2914} INFO - Setting next_dagrun for example_subdag_operator to 2021-10-14T00:00:00+00:00
[2021-10-16 00:57:42,939] {logging_mixin.py:109} INFO - [2021-10-16 00:57:42,939] {dag.py:2914} INFO - Setting next_dagrun for example_subdag_operator.section-1 to None
[2021-10-16 00:57:42,940] {logging_mixin.py:109} INFO - [2021-10-16 00:57:42,940] {dag.py:2914} INFO - Setting next_dagrun for example_subdag_operator.section-2 to None
[2021-10-16 00:57:42,947] {logging_mixin.py:109} INFO - [2021-10-16 00:57:42,947] {dag.py:2389} INFO - Sync 2 DAGs
[2021-10-16 00:57:42,955] {logging_mixin.py:109} INFO - [2021-10-16 00:57:42,955] {dag.py:2914} INFO - Setting next_dagrun for example_subdag_operator.section-1 to None
[2021-10-16 00:57:42,956] {logging_mixin.py:109} INFO - [2021-10-16 00:57:42,956] {dag.py:2914} INFO - Setting next_dagrun for example_subdag_operator.section-2 to None
[2021-10-16 00:57:42,965] {processor.py:171} INFO - Processing /home/airflow/.local/lib/python3.6/site-packages/airflow/example_dags/example_subdag_operator.py took 0.120 seconds
[2021-10-16 00:58:13,690] {processor.py:163} INFO - Started process (PID=539) to work on /home/airflow/.local/lib/python3.6/site-packages/airflow/example_dags/example_subdag_operator.py
[2021-10-16 00:58:13,694] {processor.py:620} INFO - Processing file /home/airflow/.local/lib/python3.6/site-packages/airflow/example_dags/example_subdag_operator.py for tasks to queue
[2021-10-16 00:58:13,698] {logging_mixin.py:109} INFO - [2021-10-16 00:58:13,697] {dagbag.py:500} INFO - Filling up the DagBag from /home/airflow/.local/lib/python3.6/site-packages/airflow/example_dags/example_subdag_operator.py
[2021-10-16 00:58:13,778] {processor.py:632} INFO - DAG(s) dict_keys(['example_subdag_operator.section-1', 'example_subdag_operator.section-2', 'example_subdag_operator']) retrieved from /home/airflow/.local/lib/python3.6/site-packages/airflow/example_dags/example_subdag_operator.py
[2021-10-16 00:58:13,795] {logging_mixin.py:109} INFO - [2021-10-16 00:58:13,795] {dag.py:2389} INFO - Sync 3 DAGs
[2021-10-16 00:58:13,817] {logging_mixin.py:109} INFO - [2021-10-16 00:58:13,816] {dag.py:2914} INFO - Setting next_dagrun for example_subdag_operator to 2021-10-14T00:00:00+00:00
[2021-10-16 00:58:13,818] {logging_mixin.py:109} INFO - [2021-10-16 00:58:13,818] {dag.py:2914} INFO - Setting next_dagrun for example_subdag_operator.section-1 to None
[2021-10-16 00:58:13,820] {logging_mixin.py:109} INFO - [2021-10-16 00:58:13,819] {dag.py:2914} INFO - Setting next_dagrun for example_subdag_operator.section-2 to None
[2021-10-16 00:58:13,829] {logging_mixin.py:109} INFO - [2021-10-16 00:58:13,828] {dag.py:2389} INFO - Sync 2 DAGs
[2021-10-16 00:58:13,838] {logging_mixin.py:109} INFO - [2021-10-16 00:58:13,838] {dag.py:2914} INFO - Setting next_dagrun for example_subdag_operator.section-1 to None
[2021-10-16 00:58:13,840] {logging_mixin.py:109} INFO - [2021-10-16 00:58:13,840] {dag.py:2914} INFO - Setting next_dagrun for example_subdag_operator.section-2 to None
[2021-10-16 00:58:13,849] {processor.py:171} INFO - Processing /home/airflow/.local/lib/python3.6/site-packages/airflow/example_dags/example_subdag_operator.py took 0.172 seconds
[2021-10-16 00:58:44,325] {processor.py:163} INFO - Started process (PID=603) to work on /home/airflow/.local/lib/python3.6/site-packages/airflow/example_dags/example_subdag_operator.py
[2021-10-16 00:58:44,332] {processor.py:620} INFO - Processing file /home/airflow/.local/lib/python3.6/site-packages/airflow/example_dags/example_subdag_operator.py for tasks to queue
[2021-10-16 00:58:44,334] {logging_mixin.py:109} INFO - [2021-10-16 00:58:44,334] {dagbag.py:500} INFO - Filling up the DagBag from /home/airflow/.local/lib/python3.6/site-packages/airflow/example_dags/example_subdag_operator.py
[2021-10-16 00:58:44,396] {processor.py:632} INFO - DAG(s) dict_keys(['example_subdag_operator.section-1', 'example_subdag_operator.section-2', 'example_subdag_operator']) retrieved from /home/airflow/.local/lib/python3.6/site-packages/airflow/example_dags/example_subdag_operator.py
[2021-10-16 00:58:44,429] {logging_mixin.py:109} INFO - [2021-10-16 00:58:44,429] {dag.py:2389} INFO - Sync 3 DAGs
[2021-10-16 00:58:44,461] {logging_mixin.py:109} INFO - [2021-10-16 00:58:44,460] {dag.py:2914} INFO - Setting next_dagrun for example_subdag_operator to 2021-10-14T00:00:00+00:00
[2021-10-16 00:58:44,466] {logging_mixin.py:109} INFO - [2021-10-16 00:58:44,466] {dag.py:2914} INFO - Setting next_dagrun for example_subdag_operator.section-1 to None
[2021-10-16 00:58:44,467] {logging_mixin.py:109} INFO - [2021-10-16 00:58:44,467] {dag.py:2914} INFO - Setting next_dagrun for example_subdag_operator.section-2 to None
[2021-10-16 00:58:44,476] {logging_mixin.py:109} INFO - [2021-10-16 00:58:44,476] {dag.py:2389} INFO - Sync 2 DAGs
[2021-10-16 00:58:44,486] {logging_mixin.py:109} INFO - [2021-10-16 00:58:44,486] {dag.py:2914} INFO - Setting next_dagrun for example_subdag_operator.section-1 to None
[2021-10-16 00:58:44,491] {logging_mixin.py:109} INFO - [2021-10-16 00:58:44,491] {dag.py:2914} INFO - Setting next_dagrun for example_subdag_operator.section-2 to None
[2021-10-16 00:58:44,504] {processor.py:171} INFO - Processing /home/airflow/.local/lib/python3.6/site-packages/airflow/example_dags/example_subdag_operator.py took 0.183 seconds
[2021-10-16 00:59:15,492] {processor.py:163} INFO - Started process (PID=663) to work on /home/airflow/.local/lib/python3.6/site-packages/airflow/example_dags/example_subdag_operator.py
[2021-10-16 00:59:15,522] {processor.py:620} INFO - Processing file /home/airflow/.local/lib/python3.6/site-packages/airflow/example_dags/example_subdag_operator.py for tasks to queue
[2021-10-16 00:59:15,524] {logging_mixin.py:109} INFO - [2021-10-16 00:59:15,524] {dagbag.py:500} INFO - Filling up the DagBag from /home/airflow/.local/lib/python3.6/site-packages/airflow/example_dags/example_subdag_operator.py
[2021-10-16 00:59:15,814] {processor.py:632} INFO - DAG(s) dict_keys(['example_subdag_operator.section-1', 'example_subdag_operator.section-2', 'example_subdag_operator']) retrieved from /home/airflow/.local/lib/python3.6/site-packages/airflow/example_dags/example_subdag_operator.py
[2021-10-16 00:59:15,883] {logging_mixin.py:109} INFO - [2021-10-16 00:59:15,883] {dag.py:2389} INFO - Sync 3 DAGs
[2021-10-16 00:59:15,963] {logging_mixin.py:109} INFO - [2021-10-16 00:59:15,963] {dag.py:2914} INFO - Setting next_dagrun for example_subdag_operator to 2021-10-14T00:00:00+00:00
[2021-10-16 00:59:15,983] {logging_mixin.py:109} INFO - [2021-10-16 00:59:15,971] {dag.py:2914} INFO - Setting next_dagrun for example_subdag_operator.section-1 to None
[2021-10-16 00:59:15,984] {logging_mixin.py:109} INFO - [2021-10-16 00:59:15,984] {dag.py:2914} INFO - Setting next_dagrun for example_subdag_operator.section-2 to None
[2021-10-16 00:59:15,997] {logging_mixin.py:109} INFO - [2021-10-16 00:59:15,996] {dag.py:2389} INFO - Sync 2 DAGs
[2021-10-16 00:59:16,031] {logging_mixin.py:109} INFO - [2021-10-16 00:59:16,031] {dag.py:2914} INFO - Setting next_dagrun for example_subdag_operator.section-1 to None
[2021-10-16 00:59:16,032] {logging_mixin.py:109} INFO - [2021-10-16 00:59:16,032] {dag.py:2914} INFO - Setting next_dagrun for example_subdag_operator.section-2 to None
[2021-10-16 00:59:16,058] {processor.py:171} INFO - Processing /home/airflow/.local/lib/python3.6/site-packages/airflow/example_dags/example_subdag_operator.py took 0.583 seconds
[2021-10-16 00:59:46,785] {processor.py:163} INFO - Started process (PID=718) to work on /home/airflow/.local/lib/python3.6/site-packages/airflow/example_dags/example_subdag_operator.py
[2021-10-16 00:59:46,795] {processor.py:620} INFO - Processing file /home/airflow/.local/lib/python3.6/site-packages/airflow/example_dags/example_subdag_operator.py for tasks to queue
[2021-10-16 00:59:46,796] {logging_mixin.py:109} INFO - [2021-10-16 00:59:46,796] {dagbag.py:500} INFO - Filling up the DagBag from /home/airflow/.local/lib/python3.6/site-packages/airflow/example_dags/example_subdag_operator.py
[2021-10-16 00:59:46,858] {processor.py:632} INFO - DAG(s) dict_keys(['example_subdag_operator.section-1', 'example_subdag_operator.section-2', 'example_subdag_operator']) retrieved from /home/airflow/.local/lib/python3.6/site-packages/airflow/example_dags/example_subdag_operator.py
[2021-10-16 00:59:46,889] {logging_mixin.py:109} INFO - [2021-10-16 00:59:46,889] {dag.py:2389} INFO - Sync 3 DAGs
[2021-10-16 00:59:46,921] {logging_mixin.py:109} INFO - [2021-10-16 00:59:46,921] {dag.py:2914} INFO - Setting next_dagrun for example_subdag_operator to 2021-10-14T00:00:00+00:00
[2021-10-16 00:59:46,922] {logging_mixin.py:109} INFO - [2021-10-16 00:59:46,922] {dag.py:2914} INFO - Setting next_dagrun for example_subdag_operator.section-1 to None
[2021-10-16 00:59:46,923] {logging_mixin.py:109} INFO - [2021-10-16 00:59:46,923] {dag.py:2914} INFO - Setting next_dagrun for example_subdag_operator.section-2 to None
[2021-10-16 00:59:46,935] {logging_mixin.py:109} INFO - [2021-10-16 00:59:46,935] {dag.py:2389} INFO - Sync 2 DAGs
[2021-10-16 00:59:46,947] {logging_mixin.py:109} INFO - [2021-10-16 00:59:46,947] {dag.py:2914} INFO - Setting next_dagrun for example_subdag_operator.section-1 to None
[2021-10-16 00:59:46,948] {logging_mixin.py:109} INFO - [2021-10-16 00:59:46,948] {dag.py:2914} INFO - Setting next_dagrun for example_subdag_operator.section-2 to None
[2021-10-16 00:59:46,962] {processor.py:171} INFO - Processing /home/airflow/.local/lib/python3.6/site-packages/airflow/example_dags/example_subdag_operator.py took 0.189 seconds
[2021-10-16 01:00:17,367] {processor.py:163} INFO - Started process (PID=770) to work on /home/airflow/.local/lib/python3.6/site-packages/airflow/example_dags/example_subdag_operator.py
[2021-10-16 01:00:17,376] {processor.py:620} INFO - Processing file /home/airflow/.local/lib/python3.6/site-packages/airflow/example_dags/example_subdag_operator.py for tasks to queue
[2021-10-16 01:00:17,378] {logging_mixin.py:109} INFO - [2021-10-16 01:00:17,377] {dagbag.py:500} INFO - Filling up the DagBag from /home/airflow/.local/lib/python3.6/site-packages/airflow/example_dags/example_subdag_operator.py
[2021-10-16 01:00:17,427] {processor.py:632} INFO - DAG(s) dict_keys(['example_subdag_operator.section-1', 'example_subdag_operator.section-2', 'example_subdag_operator']) retrieved from /home/airflow/.local/lib/python3.6/site-packages/airflow/example_dags/example_subdag_operator.py
[2021-10-16 01:00:17,444] {logging_mixin.py:109} INFO - [2021-10-16 01:00:17,444] {dag.py:2389} INFO - Sync 3 DAGs
[2021-10-16 01:00:17,476] {logging_mixin.py:109} INFO - [2021-10-16 01:00:17,476] {dag.py:2914} INFO - Setting next_dagrun for example_subdag_operator to 2021-10-14T00:00:00+00:00
[2021-10-16 01:00:17,478] {logging_mixin.py:109} INFO - [2021-10-16 01:00:17,478] {dag.py:2914} INFO - Setting next_dagrun for example_subdag_operator.section-1 to None
[2021-10-16 01:00:17,480] {logging_mixin.py:109} INFO - [2021-10-16 01:00:17,480] {dag.py:2914} INFO - Setting next_dagrun for example_subdag_operator.section-2 to None
[2021-10-16 01:00:17,488] {logging_mixin.py:109} INFO - [2021-10-16 01:00:17,488] {dag.py:2389} INFO - Sync 2 DAGs
[2021-10-16 01:00:17,498] {logging_mixin.py:109} INFO - [2021-10-16 01:00:17,498] {dag.py:2914} INFO - Setting next_dagrun for example_subdag_operator.section-1 to None
[2021-10-16 01:00:17,501] {logging_mixin.py:109} INFO - [2021-10-16 01:00:17,500] {dag.py:2914} INFO - Setting next_dagrun for example_subdag_operator.section-2 to None
[2021-10-16 01:00:17,512] {processor.py:171} INFO - Processing /home/airflow/.local/lib/python3.6/site-packages/airflow/example_dags/example_subdag_operator.py took 0.154 seconds
[2021-10-16 01:00:47,754] {processor.py:163} INFO - Started process (PID=825) to work on /home/airflow/.local/lib/python3.6/site-packages/airflow/example_dags/example_subdag_operator.py
[2021-10-16 01:00:47,762] {processor.py:620} INFO - Processing file /home/airflow/.local/lib/python3.6/site-packages/airflow/example_dags/example_subdag_operator.py for tasks to queue
[2021-10-16 01:00:47,764] {logging_mixin.py:109} INFO - [2021-10-16 01:00:47,764] {dagbag.py:500} INFO - Filling up the DagBag from /home/airflow/.local/lib/python3.6/site-packages/airflow/example_dags/example_subdag_operator.py
[2021-10-16 01:00:47,827] {processor.py:632} INFO - DAG(s) dict_keys(['example_subdag_operator.section-1', 'example_subdag_operator.section-2', 'example_subdag_operator']) retrieved from /home/airflow/.local/lib/python3.6/site-packages/airflow/example_dags/example_subdag_operator.py
[2021-10-16 01:00:47,846] {logging_mixin.py:109} INFO - [2021-10-16 01:00:47,846] {dag.py:2389} INFO - Sync 3 DAGs
[2021-10-16 01:00:47,866] {logging_mixin.py:109} INFO - [2021-10-16 01:00:47,866] {dag.py:2914} INFO - Setting next_dagrun for example_subdag_operator to 2021-10-14T00:00:00+00:00
[2021-10-16 01:00:47,867] {logging_mixin.py:109} INFO - [2021-10-16 01:00:47,867] {dag.py:2914} INFO - Setting next_dagrun for example_subdag_operator.section-1 to None
[2021-10-16 01:00:47,868] {logging_mixin.py:109} INFO - [2021-10-16 01:00:47,868] {dag.py:2914} INFO - Setting next_dagrun for example_subdag_operator.section-2 to None
[2021-10-16 01:00:47,877] {logging_mixin.py:109} INFO - [2021-10-16 01:00:47,877] {dag.py:2389} INFO - Sync 2 DAGs
[2021-10-16 01:00:47,885] {logging_mixin.py:109} INFO - [2021-10-16 01:00:47,885] {dag.py:2914} INFO - Setting next_dagrun for example_subdag_operator.section-1 to None
[2021-10-16 01:00:47,886] {logging_mixin.py:109} INFO - [2021-10-16 01:00:47,886] {dag.py:2914} INFO - Setting next_dagrun for example_subdag_operator.section-2 to None
[2021-10-16 01:00:47,896] {processor.py:171} INFO - Processing /home/airflow/.local/lib/python3.6/site-packages/airflow/example_dags/example_subdag_operator.py took 0.147 seconds
[2021-10-16 01:01:18,054] {processor.py:163} INFO - Started process (PID=892) to work on /home/airflow/.local/lib/python3.6/site-packages/airflow/example_dags/example_subdag_operator.py
[2021-10-16 01:01:18,068] {processor.py:620} INFO - Processing file /home/airflow/.local/lib/python3.6/site-packages/airflow/example_dags/example_subdag_operator.py for tasks to queue
[2021-10-16 01:01:18,070] {logging_mixin.py:109} INFO - [2021-10-16 01:01:18,070] {dagbag.py:500} INFO - Filling up the DagBag from /home/airflow/.local/lib/python3.6/site-packages/airflow/example_dags/example_subdag_operator.py
[2021-10-16 01:01:18,141] {processor.py:632} INFO - DAG(s) dict_keys(['example_subdag_operator.section-1', 'example_subdag_operator.section-2', 'example_subdag_operator']) retrieved from /home/airflow/.local/lib/python3.6/site-packages/airflow/example_dags/example_subdag_operator.py
[2021-10-16 01:01:18,164] {logging_mixin.py:109} INFO - [2021-10-16 01:01:18,164] {dag.py:2389} INFO - Sync 3 DAGs
[2021-10-16 01:01:18,197] {logging_mixin.py:109} INFO - [2021-10-16 01:01:18,197] {dag.py:2914} INFO - Setting next_dagrun for example_subdag_operator to 2021-10-14T00:00:00+00:00
[2021-10-16 01:01:18,199] {logging_mixin.py:109} INFO - [2021-10-16 01:01:18,199] {dag.py:2914} INFO - Setting next_dagrun for example_subdag_operator.section-1 to None
[2021-10-16 01:01:18,200] {logging_mixin.py:109} INFO - [2021-10-16 01:01:18,200] {dag.py:2914} INFO - Setting next_dagrun for example_subdag_operator.section-2 to None
[2021-10-16 01:01:18,216] {logging_mixin.py:109} INFO - [2021-10-16 01:01:18,215] {dag.py:2389} INFO - Sync 2 DAGs
[2021-10-16 01:01:18,224] {logging_mixin.py:109} INFO - [2021-10-16 01:01:18,224] {dag.py:2914} INFO - Setting next_dagrun for example_subdag_operator.section-1 to None
[2021-10-16 01:01:18,226] {logging_mixin.py:109} INFO - [2021-10-16 01:01:18,225] {dag.py:2914} INFO - Setting next_dagrun for example_subdag_operator.section-2 to None
[2021-10-16 01:01:18,237] {processor.py:171} INFO - Processing /home/airflow/.local/lib/python3.6/site-packages/airflow/example_dags/example_subdag_operator.py took 0.195 seconds
[2021-10-16 01:01:48,930] {processor.py:163} INFO - Started process (PID=947) to work on /home/airflow/.local/lib/python3.6/site-packages/airflow/example_dags/example_subdag_operator.py
[2021-10-16 01:01:48,941] {processor.py:620} INFO - Processing file /home/airflow/.local/lib/python3.6/site-packages/airflow/example_dags/example_subdag_operator.py for tasks to queue
[2021-10-16 01:01:48,943] {logging_mixin.py:109} INFO - [2021-10-16 01:01:48,943] {dagbag.py:500} INFO - Filling up the DagBag from /home/airflow/.local/lib/python3.6/site-packages/airflow/example_dags/example_subdag_operator.py
[2021-10-16 01:01:49,036] {processor.py:632} INFO - DAG(s) dict_keys(['example_subdag_operator.section-1', 'example_subdag_operator.section-2', 'example_subdag_operator']) retrieved from /home/airflow/.local/lib/python3.6/site-packages/airflow/example_dags/example_subdag_operator.py
[2021-10-16 01:01:49,084] {logging_mixin.py:109} INFO - [2021-10-16 01:01:49,084] {dag.py:2389} INFO - Sync 3 DAGs
[2021-10-16 01:01:49,160] {logging_mixin.py:109} INFO - [2021-10-16 01:01:49,160] {dag.py:2914} INFO - Setting next_dagrun for example_subdag_operator to 2021-10-14T00:00:00+00:00
[2021-10-16 01:01:49,163] {logging_mixin.py:109} INFO - [2021-10-16 01:01:49,163] {dag.py:2914} INFO - Setting next_dagrun for example_subdag_operator.section-1 to None
[2021-10-16 01:01:49,165] {logging_mixin.py:109} INFO - [2021-10-16 01:01:49,165] {dag.py:2914} INFO - Setting next_dagrun for example_subdag_operator.section-2 to None
[2021-10-16 01:01:49,195] {logging_mixin.py:109} INFO - [2021-10-16 01:01:49,195] {dag.py:2389} INFO - Sync 2 DAGs
[2021-10-16 01:01:49,212] {logging_mixin.py:109} INFO - [2021-10-16 01:01:49,212] {dag.py:2914} INFO - Setting next_dagrun for example_subdag_operator.section-1 to None
[2021-10-16 01:01:49,213] {logging_mixin.py:109} INFO - [2021-10-16 01:01:49,213] {dag.py:2914} INFO - Setting next_dagrun for example_subdag_operator.section-2 to None
[2021-10-16 01:01:49,246] {processor.py:171} INFO - Processing /home/airflow/.local/lib/python3.6/site-packages/airflow/example_dags/example_subdag_operator.py took 0.326 seconds
[2021-10-16 01:02:19,937] {processor.py:163} INFO - Started process (PID=1015) to work on /home/airflow/.local/lib/python3.6/site-packages/airflow/example_dags/example_subdag_operator.py
[2021-10-16 01:02:19,942] {processor.py:620} INFO - Processing file /home/airflow/.local/lib/python3.6/site-packages/airflow/example_dags/example_subdag_operator.py for tasks to queue
[2021-10-16 01:02:19,943] {logging_mixin.py:109} INFO - [2021-10-16 01:02:19,943] {dagbag.py:500} INFO - Filling up the DagBag from /home/airflow/.local/lib/python3.6/site-packages/airflow/example_dags/example_subdag_operator.py
[2021-10-16 01:02:20,026] {processor.py:632} INFO - DAG(s) dict_keys(['example_subdag_operator.section-1', 'example_subdag_operator.section-2', 'example_subdag_operator']) retrieved from /home/airflow/.local/lib/python3.6/site-packages/airflow/example_dags/example_subdag_operator.py
[2021-10-16 01:02:20,054] {logging_mixin.py:109} INFO - [2021-10-16 01:02:20,054] {dag.py:2389} INFO - Sync 3 DAGs
[2021-10-16 01:02:20,094] {logging_mixin.py:109} INFO - [2021-10-16 01:02:20,093] {dag.py:2914} INFO - Setting next_dagrun for example_subdag_operator to 2021-10-14T00:00:00+00:00
[2021-10-16 01:02:20,096] {logging_mixin.py:109} INFO - [2021-10-16 01:02:20,095] {dag.py:2914} INFO - Setting next_dagrun for example_subdag_operator.section-1 to None
[2021-10-16 01:02:20,097] {logging_mixin.py:109} INFO - [2021-10-16 01:02:20,097] {dag.py:2914} INFO - Setting next_dagrun for example_subdag_operator.section-2 to None
[2021-10-16 01:02:20,126] {logging_mixin.py:109} INFO - [2021-10-16 01:02:20,125] {dag.py:2389} INFO - Sync 2 DAGs
[2021-10-16 01:02:20,146] {logging_mixin.py:109} INFO - [2021-10-16 01:02:20,145] {dag.py:2914} INFO - Setting next_dagrun for example_subdag_operator.section-1 to None
[2021-10-16 01:02:20,147] {logging_mixin.py:109} INFO - [2021-10-16 01:02:20,147] {dag.py:2914} INFO - Setting next_dagrun for example_subdag_operator.section-2 to None
[2021-10-16 01:02:20,159] {processor.py:171} INFO - Processing /home/airflow/.local/lib/python3.6/site-packages/airflow/example_dags/example_subdag_operator.py took 0.227 seconds
[2021-10-16 01:02:50,394] {processor.py:163} INFO - Started process (PID=1072) to work on /home/airflow/.local/lib/python3.6/site-packages/airflow/example_dags/example_subdag_operator.py
[2021-10-16 01:02:50,396] {processor.py:620} INFO - Processing file /home/airflow/.local/lib/python3.6/site-packages/airflow/example_dags/example_subdag_operator.py for tasks to queue
[2021-10-16 01:02:50,399] {logging_mixin.py:109} INFO - [2021-10-16 01:02:50,398] {dagbag.py:500} INFO - Filling up the DagBag from /home/airflow/.local/lib/python3.6/site-packages/airflow/example_dags/example_subdag_operator.py
[2021-10-16 01:02:50,448] {processor.py:632} INFO - DAG(s) dict_keys(['example_subdag_operator.section-1', 'example_subdag_operator.section-2', 'example_subdag_operator']) retrieved from /home/airflow/.local/lib/python3.6/site-packages/airflow/example_dags/example_subdag_operator.py
[2021-10-16 01:02:50,480] {logging_mixin.py:109} INFO - [2021-10-16 01:02:50,480] {dag.py:2389} INFO - Sync 3 DAGs
[2021-10-16 01:02:50,515] {logging_mixin.py:109} INFO - [2021-10-16 01:02:50,514] {dag.py:2914} INFO - Setting next_dagrun for example_subdag_operator to 2021-10-14T00:00:00+00:00
[2021-10-16 01:02:50,516] {logging_mixin.py:109} INFO - [2021-10-16 01:02:50,516] {dag.py:2914} INFO - Setting next_dagrun for example_subdag_operator.section-1 to None
[2021-10-16 01:02:50,517] {logging_mixin.py:109} INFO - [2021-10-16 01:02:50,517] {dag.py:2914} INFO - Setting next_dagrun for example_subdag_operator.section-2 to None
[2021-10-16 01:02:50,526] {logging_mixin.py:109} INFO - [2021-10-16 01:02:50,526] {dag.py:2389} INFO - Sync 2 DAGs
[2021-10-16 01:02:50,550] {logging_mixin.py:109} INFO - [2021-10-16 01:02:50,549] {dag.py:2914} INFO - Setting next_dagrun for example_subdag_operator.section-1 to None
[2021-10-16 01:02:50,552] {logging_mixin.py:109} INFO - [2021-10-16 01:02:50,552] {dag.py:2914} INFO - Setting next_dagrun for example_subdag_operator.section-2 to None
[2021-10-16 01:02:50,565] {processor.py:171} INFO - Processing /home/airflow/.local/lib/python3.6/site-packages/airflow/example_dags/example_subdag_operator.py took 0.176 seconds
[2021-10-16 01:03:20,701] {processor.py:163} INFO - Started process (PID=1124) to work on /home/airflow/.local/lib/python3.6/site-packages/airflow/example_dags/example_subdag_operator.py
[2021-10-16 01:03:20,704] {processor.py:620} INFO - Processing file /home/airflow/.local/lib/python3.6/site-packages/airflow/example_dags/example_subdag_operator.py for tasks to queue
[2021-10-16 01:03:20,706] {logging_mixin.py:109} INFO - [2021-10-16 01:03:20,706] {dagbag.py:500} INFO - Filling up the DagBag from /home/airflow/.local/lib/python3.6/site-packages/airflow/example_dags/example_subdag_operator.py
[2021-10-16 01:03:20,777] {processor.py:632} INFO - DAG(s) dict_keys(['example_subdag_operator.section-1', 'example_subdag_operator.section-2', 'example_subdag_operator']) retrieved from /home/airflow/.local/lib/python3.6/site-packages/airflow/example_dags/example_subdag_operator.py
[2021-10-16 01:03:20,804] {logging_mixin.py:109} INFO - [2021-10-16 01:03:20,803] {dag.py:2389} INFO - Sync 3 DAGs
[2021-10-16 01:03:20,838] {logging_mixin.py:109} INFO - [2021-10-16 01:03:20,838] {dag.py:2914} INFO - Setting next_dagrun for example_subdag_operator to 2021-10-14T00:00:00+00:00
[2021-10-16 01:03:20,840] {logging_mixin.py:109} INFO - [2021-10-16 01:03:20,840] {dag.py:2914} INFO - Setting next_dagrun for example_subdag_operator.section-1 to None
[2021-10-16 01:03:20,841] {logging_mixin.py:109} INFO - [2021-10-16 01:03:20,840] {dag.py:2914} INFO - Setting next_dagrun for example_subdag_operator.section-2 to None
[2021-10-16 01:03:20,862] {logging_mixin.py:109} INFO - [2021-10-16 01:03:20,862] {dag.py:2389} INFO - Sync 2 DAGs
[2021-10-16 01:03:20,874] {logging_mixin.py:109} INFO - [2021-10-16 01:03:20,874] {dag.py:2914} INFO - Setting next_dagrun for example_subdag_operator.section-1 to None
[2021-10-16 01:03:20,875] {logging_mixin.py:109} INFO - [2021-10-16 01:03:20,875] {dag.py:2914} INFO - Setting next_dagrun for example_subdag_operator.section-2 to None
[2021-10-16 01:03:20,882] {processor.py:171} INFO - Processing /home/airflow/.local/lib/python3.6/site-packages/airflow/example_dags/example_subdag_operator.py took 0.189 seconds
[2021-10-16 01:03:51,090] {processor.py:163} INFO - Started process (PID=1189) to work on /home/airflow/.local/lib/python3.6/site-packages/airflow/example_dags/example_subdag_operator.py
[2021-10-16 01:03:51,097] {processor.py:620} INFO - Processing file /home/airflow/.local/lib/python3.6/site-packages/airflow/example_dags/example_subdag_operator.py for tasks to queue
[2021-10-16 01:03:51,099] {logging_mixin.py:109} INFO - [2021-10-16 01:03:51,099] {dagbag.py:500} INFO - Filling up the DagBag from /home/airflow/.local/lib/python3.6/site-packages/airflow/example_dags/example_subdag_operator.py
[2021-10-16 01:03:51,148] {processor.py:632} INFO - DAG(s) dict_keys(['example_subdag_operator.section-1', 'example_subdag_operator.section-2', 'example_subdag_operator']) retrieved from /home/airflow/.local/lib/python3.6/site-packages/airflow/example_dags/example_subdag_operator.py
[2021-10-16 01:03:51,162] {logging_mixin.py:109} INFO - [2021-10-16 01:03:51,162] {dag.py:2389} INFO - Sync 3 DAGs
[2021-10-16 01:03:51,182] {logging_mixin.py:109} INFO - [2021-10-16 01:03:51,181] {dag.py:2914} INFO - Setting next_dagrun for example_subdag_operator to 2021-10-14T00:00:00+00:00
[2021-10-16 01:03:51,183] {logging_mixin.py:109} INFO - [2021-10-16 01:03:51,182] {dag.py:2914} INFO - Setting next_dagrun for example_subdag_operator.section-1 to None
[2021-10-16 01:03:51,183] {logging_mixin.py:109} INFO - [2021-10-16 01:03:51,183] {dag.py:2914} INFO - Setting next_dagrun for example_subdag_operator.section-2 to None
[2021-10-16 01:03:51,189] {logging_mixin.py:109} INFO - [2021-10-16 01:03:51,189] {dag.py:2389} INFO - Sync 2 DAGs
[2021-10-16 01:03:51,197] {logging_mixin.py:109} INFO - [2021-10-16 01:03:51,197] {dag.py:2914} INFO - Setting next_dagrun for example_subdag_operator.section-1 to None
[2021-10-16 01:03:51,198] {logging_mixin.py:109} INFO - [2021-10-16 01:03:51,198] {dag.py:2914} INFO - Setting next_dagrun for example_subdag_operator.section-2 to None
[2021-10-16 01:03:51,207] {processor.py:171} INFO - Processing /home/airflow/.local/lib/python3.6/site-packages/airflow/example_dags/example_subdag_operator.py took 0.120 seconds
[2021-10-16 01:04:22,124] {processor.py:163} INFO - Started process (PID=1245) to work on /home/airflow/.local/lib/python3.6/site-packages/airflow/example_dags/example_subdag_operator.py
[2021-10-16 01:04:22,127] {processor.py:620} INFO - Processing file /home/airflow/.local/lib/python3.6/site-packages/airflow/example_dags/example_subdag_operator.py for tasks to queue
[2021-10-16 01:04:22,129] {logging_mixin.py:109} INFO - [2021-10-16 01:04:22,129] {dagbag.py:500} INFO - Filling up the DagBag from /home/airflow/.local/lib/python3.6/site-packages/airflow/example_dags/example_subdag_operator.py
[2021-10-16 01:04:22,177] {processor.py:632} INFO - DAG(s) dict_keys(['example_subdag_operator.section-1', 'example_subdag_operator.section-2', 'example_subdag_operator']) retrieved from /home/airflow/.local/lib/python3.6/site-packages/airflow/example_dags/example_subdag_operator.py
[2021-10-16 01:04:22,194] {logging_mixin.py:109} INFO - [2021-10-16 01:04:22,194] {dag.py:2389} INFO - Sync 3 DAGs
[2021-10-16 01:04:22,215] {logging_mixin.py:109} INFO - [2021-10-16 01:04:22,215] {dag.py:2914} INFO - Setting next_dagrun for example_subdag_operator to 2021-10-14T00:00:00+00:00
[2021-10-16 01:04:22,216] {logging_mixin.py:109} INFO - [2021-10-16 01:04:22,216] {dag.py:2914} INFO - Setting next_dagrun for example_subdag_operator.section-1 to None
[2021-10-16 01:04:22,217] {logging_mixin.py:109} INFO - [2021-10-16 01:04:22,217] {dag.py:2914} INFO - Setting next_dagrun for example_subdag_operator.section-2 to None
[2021-10-16 01:04:22,227] {logging_mixin.py:109} INFO - [2021-10-16 01:04:22,227] {dag.py:2389} INFO - Sync 2 DAGs
[2021-10-16 01:04:22,234] {logging_mixin.py:109} INFO - [2021-10-16 01:04:22,234] {dag.py:2914} INFO - Setting next_dagrun for example_subdag_operator.section-1 to None
[2021-10-16 01:04:22,236] {logging_mixin.py:109} INFO - [2021-10-16 01:04:22,236] {dag.py:2914} INFO - Setting next_dagrun for example_subdag_operator.section-2 to None
[2021-10-16 01:04:22,246] {processor.py:171} INFO - Processing /home/airflow/.local/lib/python3.6/site-packages/airflow/example_dags/example_subdag_operator.py took 0.129 seconds
[2021-10-16 01:04:52,417] {processor.py:163} INFO - Started process (PID=1298) to work on /home/airflow/.local/lib/python3.6/site-packages/airflow/example_dags/example_subdag_operator.py
[2021-10-16 01:04:52,419] {processor.py:620} INFO - Processing file /home/airflow/.local/lib/python3.6/site-packages/airflow/example_dags/example_subdag_operator.py for tasks to queue
[2021-10-16 01:04:52,422] {logging_mixin.py:109} INFO - [2021-10-16 01:04:52,421] {dagbag.py:500} INFO - Filling up the DagBag from /home/airflow/.local/lib/python3.6/site-packages/airflow/example_dags/example_subdag_operator.py
[2021-10-16 01:04:52,469] {processor.py:632} INFO - DAG(s) dict_keys(['example_subdag_operator.section-1', 'example_subdag_operator.section-2', 'example_subdag_operator']) retrieved from /home/airflow/.local/lib/python3.6/site-packages/airflow/example_dags/example_subdag_operator.py
[2021-10-16 01:04:52,486] {logging_mixin.py:109} INFO - [2021-10-16 01:04:52,486] {dag.py:2389} INFO - Sync 3 DAGs
[2021-10-16 01:04:52,509] {logging_mixin.py:109} INFO - [2021-10-16 01:04:52,509] {dag.py:2914} INFO - Setting next_dagrun for example_subdag_operator to 2021-10-14T00:00:00+00:00
[2021-10-16 01:04:52,510] {logging_mixin.py:109} INFO - [2021-10-16 01:04:52,510] {dag.py:2914} INFO - Setting next_dagrun for example_subdag_operator.section-1 to None
[2021-10-16 01:04:52,512] {logging_mixin.py:109} INFO - [2021-10-16 01:04:52,511] {dag.py:2914} INFO - Setting next_dagrun for example_subdag_operator.section-2 to None
[2021-10-16 01:04:52,520] {logging_mixin.py:109} INFO - [2021-10-16 01:04:52,520] {dag.py:2389} INFO - Sync 2 DAGs
[2021-10-16 01:04:52,528] {logging_mixin.py:109} INFO - [2021-10-16 01:04:52,528] {dag.py:2914} INFO - Setting next_dagrun for example_subdag_operator.section-1 to None
[2021-10-16 01:04:52,529] {logging_mixin.py:109} INFO - [2021-10-16 01:04:52,529] {dag.py:2914} INFO - Setting next_dagrun for example_subdag_operator.section-2 to None
[2021-10-16 01:04:52,539] {processor.py:171} INFO - Processing /home/airflow/.local/lib/python3.6/site-packages/airflow/example_dags/example_subdag_operator.py took 0.127 seconds
[2021-10-16 01:05:22,865] {processor.py:163} INFO - Started process (PID=1353) to work on /home/airflow/.local/lib/python3.6/site-packages/airflow/example_dags/example_subdag_operator.py
[2021-10-16 01:05:22,872] {processor.py:620} INFO - Processing file /home/airflow/.local/lib/python3.6/site-packages/airflow/example_dags/example_subdag_operator.py for tasks to queue
[2021-10-16 01:05:22,893] {logging_mixin.py:109} INFO - [2021-10-16 01:05:22,893] {dagbag.py:500} INFO - Filling up the DagBag from /home/airflow/.local/lib/python3.6/site-packages/airflow/example_dags/example_subdag_operator.py
[2021-10-16 01:05:23,219] {processor.py:632} INFO - DAG(s) dict_keys(['example_subdag_operator.section-1', 'example_subdag_operator.section-2', 'example_subdag_operator']) retrieved from /home/airflow/.local/lib/python3.6/site-packages/airflow/example_dags/example_subdag_operator.py
[2021-10-16 01:05:23,679] {logging_mixin.py:109} INFO - [2021-10-16 01:05:23,678] {dag.py:2389} INFO - Sync 3 DAGs
[2021-10-16 01:05:23,893] {logging_mixin.py:109} INFO - [2021-10-16 01:05:23,893] {dag.py:2914} INFO - Setting next_dagrun for example_subdag_operator to 2021-10-14T00:00:00+00:00
[2021-10-16 01:05:23,896] {logging_mixin.py:109} INFO - [2021-10-16 01:05:23,896] {dag.py:2914} INFO - Setting next_dagrun for example_subdag_operator.section-1 to None
[2021-10-16 01:05:23,897] {logging_mixin.py:109} INFO - [2021-10-16 01:05:23,897] {dag.py:2914} INFO - Setting next_dagrun for example_subdag_operator.section-2 to None
[2021-10-16 01:05:23,978] {logging_mixin.py:109} INFO - [2021-10-16 01:05:23,978] {dag.py:2389} INFO - Sync 2 DAGs
[2021-10-16 01:05:24,023] {logging_mixin.py:109} INFO - [2021-10-16 01:05:24,022] {dag.py:2914} INFO - Setting next_dagrun for example_subdag_operator.section-1 to None
[2021-10-16 01:05:24,025] {logging_mixin.py:109} INFO - [2021-10-16 01:05:24,024] {dag.py:2914} INFO - Setting next_dagrun for example_subdag_operator.section-2 to None
[2021-10-16 01:05:24,070] {processor.py:171} INFO - Processing /home/airflow/.local/lib/python3.6/site-packages/airflow/example_dags/example_subdag_operator.py took 1.212 seconds
[2021-10-16 01:05:55,027] {processor.py:163} INFO - Started process (PID=1417) to work on /home/airflow/.local/lib/python3.6/site-packages/airflow/example_dags/example_subdag_operator.py
[2021-10-16 01:05:55,037] {processor.py:620} INFO - Processing file /home/airflow/.local/lib/python3.6/site-packages/airflow/example_dags/example_subdag_operator.py for tasks to queue
[2021-10-16 01:05:55,039] {logging_mixin.py:109} INFO - [2021-10-16 01:05:55,039] {dagbag.py:500} INFO - Filling up the DagBag from /home/airflow/.local/lib/python3.6/site-packages/airflow/example_dags/example_subdag_operator.py
[2021-10-16 01:05:55,116] {processor.py:632} INFO - DAG(s) dict_keys(['example_subdag_operator.section-1', 'example_subdag_operator.section-2', 'example_subdag_operator']) retrieved from /home/airflow/.local/lib/python3.6/site-packages/airflow/example_dags/example_subdag_operator.py
[2021-10-16 01:05:55,145] {logging_mixin.py:109} INFO - [2021-10-16 01:05:55,145] {dag.py:2389} INFO - Sync 3 DAGs
[2021-10-16 01:05:55,179] {logging_mixin.py:109} INFO - [2021-10-16 01:05:55,178] {dag.py:2914} INFO - Setting next_dagrun for example_subdag_operator to 2021-10-14T00:00:00+00:00
[2021-10-16 01:05:55,180] {logging_mixin.py:109} INFO - [2021-10-16 01:05:55,180] {dag.py:2914} INFO - Setting next_dagrun for example_subdag_operator.section-1 to None
[2021-10-16 01:05:55,181] {logging_mixin.py:109} INFO - [2021-10-16 01:05:55,181] {dag.py:2914} INFO - Setting next_dagrun for example_subdag_operator.section-2 to None
[2021-10-16 01:05:55,190] {logging_mixin.py:109} INFO - [2021-10-16 01:05:55,190] {dag.py:2389} INFO - Sync 2 DAGs
[2021-10-16 01:05:55,198] {logging_mixin.py:109} INFO - [2021-10-16 01:05:55,198] {dag.py:2914} INFO - Setting next_dagrun for example_subdag_operator.section-1 to None
[2021-10-16 01:05:55,199] {logging_mixin.py:109} INFO - [2021-10-16 01:05:55,199] {dag.py:2914} INFO - Setting next_dagrun for example_subdag_operator.section-2 to None
[2021-10-16 01:05:55,210] {processor.py:171} INFO - Processing /home/airflow/.local/lib/python3.6/site-packages/airflow/example_dags/example_subdag_operator.py took 0.187 seconds
[2021-10-16 01:06:25,863] {processor.py:163} INFO - Started process (PID=1473) to work on /home/airflow/.local/lib/python3.6/site-packages/airflow/example_dags/example_subdag_operator.py
[2021-10-16 01:06:25,878] {processor.py:620} INFO - Processing file /home/airflow/.local/lib/python3.6/site-packages/airflow/example_dags/example_subdag_operator.py for tasks to queue
[2021-10-16 01:06:25,880] {logging_mixin.py:109} INFO - [2021-10-16 01:06:25,880] {dagbag.py:500} INFO - Filling up the DagBag from /home/airflow/.local/lib/python3.6/site-packages/airflow/example_dags/example_subdag_operator.py
[2021-10-16 01:06:26,077] {processor.py:632} INFO - DAG(s) dict_keys(['example_subdag_operator.section-1', 'example_subdag_operator.section-2', 'example_subdag_operator']) retrieved from /home/airflow/.local/lib/python3.6/site-packages/airflow/example_dags/example_subdag_operator.py
[2021-10-16 01:06:26,127] {logging_mixin.py:109} INFO - [2021-10-16 01:06:26,127] {dag.py:2389} INFO - Sync 3 DAGs
[2021-10-16 01:06:26,175] {logging_mixin.py:109} INFO - [2021-10-16 01:06:26,175] {dag.py:2914} INFO - Setting next_dagrun for example_subdag_operator to 2021-10-14T00:00:00+00:00
[2021-10-16 01:06:26,180] {logging_mixin.py:109} INFO - [2021-10-16 01:06:26,180] {dag.py:2914} INFO - Setting next_dagrun for example_subdag_operator.section-1 to None
[2021-10-16 01:06:26,183] {logging_mixin.py:109} INFO - [2021-10-16 01:06:26,182] {dag.py:2914} INFO - Setting next_dagrun for example_subdag_operator.section-2 to None
[2021-10-16 01:06:26,207] {logging_mixin.py:109} INFO - [2021-10-16 01:06:26,207] {dag.py:2389} INFO - Sync 2 DAGs
[2021-10-16 01:06:26,224] {logging_mixin.py:109} INFO - [2021-10-16 01:06:26,224] {dag.py:2914} INFO - Setting next_dagrun for example_subdag_operator.section-1 to None
[2021-10-16 01:06:26,226] {logging_mixin.py:109} INFO - [2021-10-16 01:06:26,226] {dag.py:2914} INFO - Setting next_dagrun for example_subdag_operator.section-2 to None
[2021-10-16 01:06:26,244] {processor.py:171} INFO - Processing /home/airflow/.local/lib/python3.6/site-packages/airflow/example_dags/example_subdag_operator.py took 0.394 seconds
[2021-10-16 01:06:56,776] {processor.py:163} INFO - Started process (PID=1526) to work on /home/airflow/.local/lib/python3.6/site-packages/airflow/example_dags/example_subdag_operator.py
[2021-10-16 01:06:56,778] {processor.py:620} INFO - Processing file /home/airflow/.local/lib/python3.6/site-packages/airflow/example_dags/example_subdag_operator.py for tasks to queue
[2021-10-16 01:06:56,780] {logging_mixin.py:109} INFO - [2021-10-16 01:06:56,780] {dagbag.py:500} INFO - Filling up the DagBag from /home/airflow/.local/lib/python3.6/site-packages/airflow/example_dags/example_subdag_operator.py
[2021-10-16 01:06:56,840] {processor.py:632} INFO - DAG(s) dict_keys(['example_subdag_operator.section-1', 'example_subdag_operator.section-2', 'example_subdag_operator']) retrieved from /home/airflow/.local/lib/python3.6/site-packages/airflow/example_dags/example_subdag_operator.py
[2021-10-16 01:06:56,855] {logging_mixin.py:109} INFO - [2021-10-16 01:06:56,855] {dag.py:2389} INFO - Sync 3 DAGs
[2021-10-16 01:06:56,875] {logging_mixin.py:109} INFO - [2021-10-16 01:06:56,875] {dag.py:2914} INFO - Setting next_dagrun for example_subdag_operator to 2021-10-14T00:00:00+00:00
[2021-10-16 01:06:56,876] {logging_mixin.py:109} INFO - [2021-10-16 01:06:56,876] {dag.py:2914} INFO - Setting next_dagrun for example_subdag_operator.section-1 to None
[2021-10-16 01:06:56,878] {logging_mixin.py:109} INFO - [2021-10-16 01:06:56,877] {dag.py:2914} INFO - Setting next_dagrun for example_subdag_operator.section-2 to None
[2021-10-16 01:06:56,885] {logging_mixin.py:109} INFO - [2021-10-16 01:06:56,885] {dag.py:2389} INFO - Sync 2 DAGs
[2021-10-16 01:06:56,894] {logging_mixin.py:109} INFO - [2021-10-16 01:06:56,893] {dag.py:2914} INFO - Setting next_dagrun for example_subdag_operator.section-1 to None
[2021-10-16 01:06:56,895] {logging_mixin.py:109} INFO - [2021-10-16 01:06:56,895] {dag.py:2914} INFO - Setting next_dagrun for example_subdag_operator.section-2 to None
[2021-10-16 01:06:56,904] {processor.py:171} INFO - Processing /home/airflow/.local/lib/python3.6/site-packages/airflow/example_dags/example_subdag_operator.py took 0.135 seconds
[2021-10-16 01:07:26,935] {processor.py:163} INFO - Started process (PID=1579) to work on /home/airflow/.local/lib/python3.6/site-packages/airflow/example_dags/example_subdag_operator.py
[2021-10-16 01:07:26,943] {processor.py:620} INFO - Processing file /home/airflow/.local/lib/python3.6/site-packages/airflow/example_dags/example_subdag_operator.py for tasks to queue
[2021-10-16 01:07:26,945] {logging_mixin.py:109} INFO - [2021-10-16 01:07:26,944] {dagbag.py:500} INFO - Filling up the DagBag from /home/airflow/.local/lib/python3.6/site-packages/airflow/example_dags/example_subdag_operator.py
[2021-10-16 01:07:26,985] {processor.py:632} INFO - DAG(s) dict_keys(['example_subdag_operator.section-1', 'example_subdag_operator.section-2', 'example_subdag_operator']) retrieved from /home/airflow/.local/lib/python3.6/site-packages/airflow/example_dags/example_subdag_operator.py
[2021-10-16 01:07:27,000] {logging_mixin.py:109} INFO - [2021-10-16 01:07:27,000] {dag.py:2389} INFO - Sync 3 DAGs
[2021-10-16 01:07:27,018] {logging_mixin.py:109} INFO - [2021-10-16 01:07:27,017] {dag.py:2914} INFO - Setting next_dagrun for example_subdag_operator to 2021-10-14T00:00:00+00:00
[2021-10-16 01:07:27,019] {logging_mixin.py:109} INFO - [2021-10-16 01:07:27,019] {dag.py:2914} INFO - Setting next_dagrun for example_subdag_operator.section-1 to None
[2021-10-16 01:07:27,020] {logging_mixin.py:109} INFO - [2021-10-16 01:07:27,020] {dag.py:2914} INFO - Setting next_dagrun for example_subdag_operator.section-2 to None
[2021-10-16 01:07:27,027] {logging_mixin.py:109} INFO - [2021-10-16 01:07:27,027] {dag.py:2389} INFO - Sync 2 DAGs
[2021-10-16 01:07:27,035] {logging_mixin.py:109} INFO - [2021-10-16 01:07:27,034] {dag.py:2914} INFO - Setting next_dagrun for example_subdag_operator.section-1 to None
[2021-10-16 01:07:27,036] {logging_mixin.py:109} INFO - [2021-10-16 01:07:27,035] {dag.py:2914} INFO - Setting next_dagrun for example_subdag_operator.section-2 to None
[2021-10-16 01:07:27,047] {processor.py:171} INFO - Processing /home/airflow/.local/lib/python3.6/site-packages/airflow/example_dags/example_subdag_operator.py took 0.117 seconds
[2021-10-16 01:07:57,339] {processor.py:163} INFO - Started process (PID=1645) to work on /home/airflow/.local/lib/python3.6/site-packages/airflow/example_dags/example_subdag_operator.py
[2021-10-16 01:07:57,346] {processor.py:620} INFO - Processing file /home/airflow/.local/lib/python3.6/site-packages/airflow/example_dags/example_subdag_operator.py for tasks to queue
[2021-10-16 01:07:57,347] {logging_mixin.py:109} INFO - [2021-10-16 01:07:57,347] {dagbag.py:500} INFO - Filling up the DagBag from /home/airflow/.local/lib/python3.6/site-packages/airflow/example_dags/example_subdag_operator.py
[2021-10-16 01:07:57,385] {processor.py:632} INFO - DAG(s) dict_keys(['example_subdag_operator.section-1', 'example_subdag_operator.section-2', 'example_subdag_operator']) retrieved from /home/airflow/.local/lib/python3.6/site-packages/airflow/example_dags/example_subdag_operator.py
[2021-10-16 01:07:57,401] {logging_mixin.py:109} INFO - [2021-10-16 01:07:57,400] {dag.py:2389} INFO - Sync 3 DAGs
[2021-10-16 01:07:57,428] {logging_mixin.py:109} INFO - [2021-10-16 01:07:57,428] {dag.py:2914} INFO - Setting next_dagrun for example_subdag_operator to 2021-10-14T00:00:00+00:00
[2021-10-16 01:07:57,429] {logging_mixin.py:109} INFO - [2021-10-16 01:07:57,429] {dag.py:2914} INFO - Setting next_dagrun for example_subdag_operator.section-1 to None
[2021-10-16 01:07:57,430] {logging_mixin.py:109} INFO - [2021-10-16 01:07:57,430] {dag.py:2914} INFO - Setting next_dagrun for example_subdag_operator.section-2 to None
[2021-10-16 01:07:57,439] {logging_mixin.py:109} INFO - [2021-10-16 01:07:57,439] {dag.py:2389} INFO - Sync 2 DAGs
[2021-10-16 01:07:57,457] {logging_mixin.py:109} INFO - [2021-10-16 01:07:57,456] {dag.py:2914} INFO - Setting next_dagrun for example_subdag_operator.section-1 to None
[2021-10-16 01:07:57,459] {logging_mixin.py:109} INFO - [2021-10-16 01:07:57,458] {dag.py:2914} INFO - Setting next_dagrun for example_subdag_operator.section-2 to None
[2021-10-16 01:07:57,471] {processor.py:171} INFO - Processing /home/airflow/.local/lib/python3.6/site-packages/airflow/example_dags/example_subdag_operator.py took 0.136 seconds
[2021-10-16 01:08:27,611] {processor.py:163} INFO - Started process (PID=1701) to work on /home/airflow/.local/lib/python3.6/site-packages/airflow/example_dags/example_subdag_operator.py
[2021-10-16 01:08:27,613] {processor.py:620} INFO - Processing file /home/airflow/.local/lib/python3.6/site-packages/airflow/example_dags/example_subdag_operator.py for tasks to queue
[2021-10-16 01:08:27,614] {logging_mixin.py:109} INFO - [2021-10-16 01:08:27,614] {dagbag.py:500} INFO - Filling up the DagBag from /home/airflow/.local/lib/python3.6/site-packages/airflow/example_dags/example_subdag_operator.py
[2021-10-16 01:08:27,672] {processor.py:632} INFO - DAG(s) dict_keys(['example_subdag_operator.section-1', 'example_subdag_operator.section-2', 'example_subdag_operator']) retrieved from /home/airflow/.local/lib/python3.6/site-packages/airflow/example_dags/example_subdag_operator.py
[2021-10-16 01:08:27,687] {logging_mixin.py:109} INFO - [2021-10-16 01:08:27,686] {dag.py:2389} INFO - Sync 3 DAGs
[2021-10-16 01:08:27,717] {logging_mixin.py:109} INFO - [2021-10-16 01:08:27,717] {dag.py:2914} INFO - Setting next_dagrun for example_subdag_operator to 2021-10-14T00:00:00+00:00
[2021-10-16 01:08:27,718] {logging_mixin.py:109} INFO - [2021-10-16 01:08:27,718] {dag.py:2914} INFO - Setting next_dagrun for example_subdag_operator.section-1 to None
[2021-10-16 01:08:27,720] {logging_mixin.py:109} INFO - [2021-10-16 01:08:27,720] {dag.py:2914} INFO - Setting next_dagrun for example_subdag_operator.section-2 to None
[2021-10-16 01:08:27,727] {logging_mixin.py:109} INFO - [2021-10-16 01:08:27,726] {dag.py:2389} INFO - Sync 2 DAGs
[2021-10-16 01:08:27,735] {logging_mixin.py:109} INFO - [2021-10-16 01:08:27,735] {dag.py:2914} INFO - Setting next_dagrun for example_subdag_operator.section-1 to None
[2021-10-16 01:08:27,736] {logging_mixin.py:109} INFO - [2021-10-16 01:08:27,736] {dag.py:2914} INFO - Setting next_dagrun for example_subdag_operator.section-2 to None
[2021-10-16 01:08:27,751] {processor.py:171} INFO - Processing /home/airflow/.local/lib/python3.6/site-packages/airflow/example_dags/example_subdag_operator.py took 0.144 seconds
[2021-10-16 01:08:57,930] {processor.py:163} INFO - Started process (PID=1766) to work on /home/airflow/.local/lib/python3.6/site-packages/airflow/example_dags/example_subdag_operator.py
[2021-10-16 01:08:57,933] {processor.py:620} INFO - Processing file /home/airflow/.local/lib/python3.6/site-packages/airflow/example_dags/example_subdag_operator.py for tasks to queue
[2021-10-16 01:08:57,935] {logging_mixin.py:109} INFO - [2021-10-16 01:08:57,935] {dagbag.py:500} INFO - Filling up the DagBag from /home/airflow/.local/lib/python3.6/site-packages/airflow/example_dags/example_subdag_operator.py
[2021-10-16 01:08:57,983] {processor.py:632} INFO - DAG(s) dict_keys(['example_subdag_operator.section-1', 'example_subdag_operator.section-2', 'example_subdag_operator']) retrieved from /home/airflow/.local/lib/python3.6/site-packages/airflow/example_dags/example_subdag_operator.py
[2021-10-16 01:08:57,998] {logging_mixin.py:109} INFO - [2021-10-16 01:08:57,997] {dag.py:2389} INFO - Sync 3 DAGs
[2021-10-16 01:08:58,016] {logging_mixin.py:109} INFO - [2021-10-16 01:08:58,015] {dag.py:2914} INFO - Setting next_dagrun for example_subdag_operator to 2021-10-14T00:00:00+00:00
[2021-10-16 01:08:58,017] {logging_mixin.py:109} INFO - [2021-10-16 01:08:58,017] {dag.py:2914} INFO - Setting next_dagrun for example_subdag_operator.section-1 to None
[2021-10-16 01:08:58,018] {logging_mixin.py:109} INFO - [2021-10-16 01:08:58,018] {dag.py:2914} INFO - Setting next_dagrun for example_subdag_operator.section-2 to None
[2021-10-16 01:08:58,025] {logging_mixin.py:109} INFO - [2021-10-16 01:08:58,025] {dag.py:2389} INFO - Sync 2 DAGs
[2021-10-16 01:08:58,039] {logging_mixin.py:109} INFO - [2021-10-16 01:08:58,039] {dag.py:2914} INFO - Setting next_dagrun for example_subdag_operator.section-1 to None
[2021-10-16 01:08:58,040] {logging_mixin.py:109} INFO - [2021-10-16 01:08:58,040] {dag.py:2914} INFO - Setting next_dagrun for example_subdag_operator.section-2 to None
[2021-10-16 01:08:58,057] {processor.py:171} INFO - Processing /home/airflow/.local/lib/python3.6/site-packages/airflow/example_dags/example_subdag_operator.py took 0.131 seconds
[2021-10-16 01:09:28,297] {processor.py:163} INFO - Started process (PID=1825) to work on /home/airflow/.local/lib/python3.6/site-packages/airflow/example_dags/example_subdag_operator.py
[2021-10-16 01:09:28,300] {processor.py:620} INFO - Processing file /home/airflow/.local/lib/python3.6/site-packages/airflow/example_dags/example_subdag_operator.py for tasks to queue
[2021-10-16 01:09:28,302] {logging_mixin.py:109} INFO - [2021-10-16 01:09:28,302] {dagbag.py:500} INFO - Filling up the DagBag from /home/airflow/.local/lib/python3.6/site-packages/airflow/example_dags/example_subdag_operator.py
[2021-10-16 01:09:28,343] {processor.py:632} INFO - DAG(s) dict_keys(['example_subdag_operator.section-1', 'example_subdag_operator.section-2', 'example_subdag_operator']) retrieved from /home/airflow/.local/lib/python3.6/site-packages/airflow/example_dags/example_subdag_operator.py
[2021-10-16 01:09:28,359] {logging_mixin.py:109} INFO - [2021-10-16 01:09:28,359] {dag.py:2389} INFO - Sync 3 DAGs
[2021-10-16 01:09:28,376] {logging_mixin.py:109} INFO - [2021-10-16 01:09:28,376] {dag.py:2914} INFO - Setting next_dagrun for example_subdag_operator to 2021-10-14T00:00:00+00:00
[2021-10-16 01:09:28,378] {logging_mixin.py:109} INFO - [2021-10-16 01:09:28,378] {dag.py:2914} INFO - Setting next_dagrun for example_subdag_operator.section-1 to None
[2021-10-16 01:09:28,379] {logging_mixin.py:109} INFO - [2021-10-16 01:09:28,379] {dag.py:2914} INFO - Setting next_dagrun for example_subdag_operator.section-2 to None
[2021-10-16 01:09:28,386] {logging_mixin.py:109} INFO - [2021-10-16 01:09:28,386] {dag.py:2389} INFO - Sync 2 DAGs
[2021-10-16 01:09:28,393] {logging_mixin.py:109} INFO - [2021-10-16 01:09:28,393] {dag.py:2914} INFO - Setting next_dagrun for example_subdag_operator.section-1 to None
[2021-10-16 01:09:28,394] {logging_mixin.py:109} INFO - [2021-10-16 01:09:28,394] {dag.py:2914} INFO - Setting next_dagrun for example_subdag_operator.section-2 to None
[2021-10-16 01:09:28,401] {processor.py:171} INFO - Processing /home/airflow/.local/lib/python3.6/site-packages/airflow/example_dags/example_subdag_operator.py took 0.108 seconds
[2021-10-16 01:09:59,649] {processor.py:163} INFO - Started process (PID=1878) to work on /home/airflow/.local/lib/python3.6/site-packages/airflow/example_dags/example_subdag_operator.py
[2021-10-16 01:09:59,653] {processor.py:620} INFO - Processing file /home/airflow/.local/lib/python3.6/site-packages/airflow/example_dags/example_subdag_operator.py for tasks to queue
[2021-10-16 01:09:59,655] {logging_mixin.py:109} INFO - [2021-10-16 01:09:59,655] {dagbag.py:500} INFO - Filling up the DagBag from /home/airflow/.local/lib/python3.6/site-packages/airflow/example_dags/example_subdag_operator.py
[2021-10-16 01:09:59,754] {processor.py:632} INFO - DAG(s) dict_keys(['example_subdag_operator.section-1', 'example_subdag_operator.section-2', 'example_subdag_operator']) retrieved from /home/airflow/.local/lib/python3.6/site-packages/airflow/example_dags/example_subdag_operator.py
[2021-10-16 01:09:59,785] {logging_mixin.py:109} INFO - [2021-10-16 01:09:59,784] {dag.py:2389} INFO - Sync 3 DAGs
[2021-10-16 01:09:59,843] {logging_mixin.py:109} INFO - [2021-10-16 01:09:59,843] {dag.py:2914} INFO - Setting next_dagrun for example_subdag_operator to 2021-10-14T00:00:00+00:00
[2021-10-16 01:09:59,844] {logging_mixin.py:109} INFO - [2021-10-16 01:09:59,844] {dag.py:2914} INFO - Setting next_dagrun for example_subdag_operator.section-1 to None
[2021-10-16 01:09:59,846] {logging_mixin.py:109} INFO - [2021-10-16 01:09:59,846] {dag.py:2914} INFO - Setting next_dagrun for example_subdag_operator.section-2 to None
[2021-10-16 01:09:59,857] {logging_mixin.py:109} INFO - [2021-10-16 01:09:59,857] {dag.py:2389} INFO - Sync 2 DAGs
[2021-10-16 01:09:59,866] {logging_mixin.py:109} INFO - [2021-10-16 01:09:59,866] {dag.py:2914} INFO - Setting next_dagrun for example_subdag_operator.section-1 to None
[2021-10-16 01:09:59,867] {logging_mixin.py:109} INFO - [2021-10-16 01:09:59,867] {dag.py:2914} INFO - Setting next_dagrun for example_subdag_operator.section-2 to None
[2021-10-16 01:09:59,875] {processor.py:171} INFO - Processing /home/airflow/.local/lib/python3.6/site-packages/airflow/example_dags/example_subdag_operator.py took 0.238 seconds
[2021-10-16 01:10:31,428] {processor.py:163} INFO - Started process (PID=1943) to work on /home/airflow/.local/lib/python3.6/site-packages/airflow/example_dags/example_subdag_operator.py
[2021-10-16 01:10:31,439] {processor.py:620} INFO - Processing file /home/airflow/.local/lib/python3.6/site-packages/airflow/example_dags/example_subdag_operator.py for tasks to queue
[2021-10-16 01:10:31,446] {logging_mixin.py:109} INFO - [2021-10-16 01:10:31,444] {dagbag.py:500} INFO - Filling up the DagBag from /home/airflow/.local/lib/python3.6/site-packages/airflow/example_dags/example_subdag_operator.py
[2021-10-16 01:10:31,584] {processor.py:632} INFO - DAG(s) dict_keys(['example_subdag_operator.section-1', 'example_subdag_operator.section-2', 'example_subdag_operator']) retrieved from /home/airflow/.local/lib/python3.6/site-packages/airflow/example_dags/example_subdag_operator.py
[2021-10-16 01:10:31,631] {logging_mixin.py:109} INFO - [2021-10-16 01:10:31,631] {dag.py:2389} INFO - Sync 3 DAGs
[2021-10-16 01:10:31,703] {logging_mixin.py:109} INFO - [2021-10-16 01:10:31,703] {dag.py:2914} INFO - Setting next_dagrun for example_subdag_operator to 2021-10-14T00:00:00+00:00
[2021-10-16 01:10:31,705] {logging_mixin.py:109} INFO - [2021-10-16 01:10:31,705] {dag.py:2914} INFO - Setting next_dagrun for example_subdag_operator.section-1 to None
[2021-10-16 01:10:31,707] {logging_mixin.py:109} INFO - [2021-10-16 01:10:31,707] {dag.py:2914} INFO - Setting next_dagrun for example_subdag_operator.section-2 to None
[2021-10-16 01:10:31,737] {logging_mixin.py:109} INFO - [2021-10-16 01:10:31,737] {dag.py:2389} INFO - Sync 2 DAGs
[2021-10-16 01:10:31,766] {logging_mixin.py:109} INFO - [2021-10-16 01:10:31,766] {dag.py:2914} INFO - Setting next_dagrun for example_subdag_operator.section-1 to None
[2021-10-16 01:10:31,768] {logging_mixin.py:109} INFO - [2021-10-16 01:10:31,768] {dag.py:2914} INFO - Setting next_dagrun for example_subdag_operator.section-2 to None
[2021-10-16 01:10:31,791] {processor.py:171} INFO - Processing /home/airflow/.local/lib/python3.6/site-packages/airflow/example_dags/example_subdag_operator.py took 0.378 seconds
[2021-10-16 01:11:04,171] {processor.py:163} INFO - Started process (PID=1999) to work on /home/airflow/.local/lib/python3.6/site-packages/airflow/example_dags/example_subdag_operator.py
[2021-10-16 01:11:04,175] {processor.py:620} INFO - Processing file /home/airflow/.local/lib/python3.6/site-packages/airflow/example_dags/example_subdag_operator.py for tasks to queue
[2021-10-16 01:11:04,184] {logging_mixin.py:109} INFO - [2021-10-16 01:11:04,184] {dagbag.py:500} INFO - Filling up the DagBag from /home/airflow/.local/lib/python3.6/site-packages/airflow/example_dags/example_subdag_operator.py
[2021-10-16 01:11:04,378] {processor.py:632} INFO - DAG(s) dict_keys(['example_subdag_operator.section-1', 'example_subdag_operator.section-2', 'example_subdag_operator']) retrieved from /home/airflow/.local/lib/python3.6/site-packages/airflow/example_dags/example_subdag_operator.py
[2021-10-16 01:11:04,447] {logging_mixin.py:109} INFO - [2021-10-16 01:11:04,447] {dag.py:2389} INFO - Sync 3 DAGs
[2021-10-16 01:11:04,530] {logging_mixin.py:109} INFO - [2021-10-16 01:11:04,530] {dag.py:2914} INFO - Setting next_dagrun for example_subdag_operator to 2021-10-14T00:00:00+00:00
[2021-10-16 01:11:04,532] {logging_mixin.py:109} INFO - [2021-10-16 01:11:04,532] {dag.py:2914} INFO - Setting next_dagrun for example_subdag_operator.section-1 to None
[2021-10-16 01:11:04,535] {logging_mixin.py:109} INFO - [2021-10-16 01:11:04,534] {dag.py:2914} INFO - Setting next_dagrun for example_subdag_operator.section-2 to None
[2021-10-16 01:11:04,563] {logging_mixin.py:109} INFO - [2021-10-16 01:11:04,563] {dag.py:2389} INFO - Sync 2 DAGs
[2021-10-16 01:11:04,609] {logging_mixin.py:109} INFO - [2021-10-16 01:11:04,609] {dag.py:2914} INFO - Setting next_dagrun for example_subdag_operator.section-1 to None
[2021-10-16 01:11:04,619] {logging_mixin.py:109} INFO - [2021-10-16 01:11:04,619] {dag.py:2914} INFO - Setting next_dagrun for example_subdag_operator.section-2 to None
[2021-10-16 01:11:04,662] {processor.py:171} INFO - Processing /home/airflow/.local/lib/python3.6/site-packages/airflow/example_dags/example_subdag_operator.py took 0.497 seconds
[2021-10-16 01:11:34,788] {processor.py:163} INFO - Started process (PID=2054) to work on /home/airflow/.local/lib/python3.6/site-packages/airflow/example_dags/example_subdag_operator.py
[2021-10-16 01:11:34,790] {processor.py:620} INFO - Processing file /home/airflow/.local/lib/python3.6/site-packages/airflow/example_dags/example_subdag_operator.py for tasks to queue
[2021-10-16 01:11:34,791] {logging_mixin.py:109} INFO - [2021-10-16 01:11:34,791] {dagbag.py:500} INFO - Filling up the DagBag from /home/airflow/.local/lib/python3.6/site-packages/airflow/example_dags/example_subdag_operator.py
[2021-10-16 01:11:34,831] {processor.py:632} INFO - DAG(s) dict_keys(['example_subdag_operator.section-1', 'example_subdag_operator.section-2', 'example_subdag_operator']) retrieved from /home/airflow/.local/lib/python3.6/site-packages/airflow/example_dags/example_subdag_operator.py
[2021-10-16 01:11:34,849] {logging_mixin.py:109} INFO - [2021-10-16 01:11:34,849] {dag.py:2389} INFO - Sync 3 DAGs
[2021-10-16 01:11:34,866] {logging_mixin.py:109} INFO - [2021-10-16 01:11:34,866] {dag.py:2914} INFO - Setting next_dagrun for example_subdag_operator to 2021-10-14T00:00:00+00:00
[2021-10-16 01:11:34,867] {logging_mixin.py:109} INFO - [2021-10-16 01:11:34,867] {dag.py:2914} INFO - Setting next_dagrun for example_subdag_operator.section-1 to None
[2021-10-16 01:11:34,868] {logging_mixin.py:109} INFO - [2021-10-16 01:11:34,868] {dag.py:2914} INFO - Setting next_dagrun for example_subdag_operator.section-2 to None
[2021-10-16 01:11:34,875] {logging_mixin.py:109} INFO - [2021-10-16 01:11:34,874] {dag.py:2389} INFO - Sync 2 DAGs
[2021-10-16 01:11:34,881] {logging_mixin.py:109} INFO - [2021-10-16 01:11:34,881] {dag.py:2914} INFO - Setting next_dagrun for example_subdag_operator.section-1 to None
[2021-10-16 01:11:34,882] {logging_mixin.py:109} INFO - [2021-10-16 01:11:34,882] {dag.py:2914} INFO - Setting next_dagrun for example_subdag_operator.section-2 to None
[2021-10-16 01:11:34,889] {processor.py:171} INFO - Processing /home/airflow/.local/lib/python3.6/site-packages/airflow/example_dags/example_subdag_operator.py took 0.105 seconds
[2021-10-16 01:12:05,613] {processor.py:163} INFO - Started process (PID=2107) to work on /home/airflow/.local/lib/python3.6/site-packages/airflow/example_dags/example_subdag_operator.py
[2021-10-16 01:12:05,631] {processor.py:620} INFO - Processing file /home/airflow/.local/lib/python3.6/site-packages/airflow/example_dags/example_subdag_operator.py for tasks to queue
[2021-10-16 01:12:05,637] {logging_mixin.py:109} INFO - [2021-10-16 01:12:05,636] {dagbag.py:500} INFO - Filling up the DagBag from /home/airflow/.local/lib/python3.6/site-packages/airflow/example_dags/example_subdag_operator.py
[2021-10-16 01:12:05,788] {processor.py:632} INFO - DAG(s) dict_keys(['example_subdag_operator.section-1', 'example_subdag_operator.section-2', 'example_subdag_operator']) retrieved from /home/airflow/.local/lib/python3.6/site-packages/airflow/example_dags/example_subdag_operator.py
[2021-10-16 01:12:05,820] {logging_mixin.py:109} INFO - [2021-10-16 01:12:05,820] {dag.py:2389} INFO - Sync 3 DAGs
[2021-10-16 01:12:05,880] {logging_mixin.py:109} INFO - [2021-10-16 01:12:05,877] {dag.py:2914} INFO - Setting next_dagrun for example_subdag_operator to 2021-10-14T00:00:00+00:00
[2021-10-16 01:12:05,882] {logging_mixin.py:109} INFO - [2021-10-16 01:12:05,882] {dag.py:2914} INFO - Setting next_dagrun for example_subdag_operator.section-1 to None
[2021-10-16 01:12:05,884] {logging_mixin.py:109} INFO - [2021-10-16 01:12:05,883] {dag.py:2914} INFO - Setting next_dagrun for example_subdag_operator.section-2 to None
[2021-10-16 01:12:05,898] {logging_mixin.py:109} INFO - [2021-10-16 01:12:05,898] {dag.py:2389} INFO - Sync 2 DAGs
[2021-10-16 01:12:05,916] {logging_mixin.py:109} INFO - [2021-10-16 01:12:05,916] {dag.py:2914} INFO - Setting next_dagrun for example_subdag_operator.section-1 to None
[2021-10-16 01:12:05,918] {logging_mixin.py:109} INFO - [2021-10-16 01:12:05,918] {dag.py:2914} INFO - Setting next_dagrun for example_subdag_operator.section-2 to None
[2021-10-16 01:12:05,943] {processor.py:171} INFO - Processing /home/airflow/.local/lib/python3.6/site-packages/airflow/example_dags/example_subdag_operator.py took 0.344 seconds
[2021-10-16 01:12:36,514] {processor.py:163} INFO - Started process (PID=2174) to work on /home/airflow/.local/lib/python3.6/site-packages/airflow/example_dags/example_subdag_operator.py
[2021-10-16 01:12:36,528] {processor.py:620} INFO - Processing file /home/airflow/.local/lib/python3.6/site-packages/airflow/example_dags/example_subdag_operator.py for tasks to queue
[2021-10-16 01:12:36,534] {logging_mixin.py:109} INFO - [2021-10-16 01:12:36,533] {dagbag.py:500} INFO - Filling up the DagBag from /home/airflow/.local/lib/python3.6/site-packages/airflow/example_dags/example_subdag_operator.py
[2021-10-16 01:12:36,696] {processor.py:632} INFO - DAG(s) dict_keys(['example_subdag_operator.section-1', 'example_subdag_operator.section-2', 'example_subdag_operator']) retrieved from /home/airflow/.local/lib/python3.6/site-packages/airflow/example_dags/example_subdag_operator.py
[2021-10-16 01:12:36,745] {logging_mixin.py:109} INFO - [2021-10-16 01:12:36,745] {dag.py:2389} INFO - Sync 3 DAGs
[2021-10-16 01:12:36,802] {logging_mixin.py:109} INFO - [2021-10-16 01:12:36,802] {dag.py:2914} INFO - Setting next_dagrun for example_subdag_operator to 2021-10-14T00:00:00+00:00
[2021-10-16 01:12:36,804] {logging_mixin.py:109} INFO - [2021-10-16 01:12:36,804] {dag.py:2914} INFO - Setting next_dagrun for example_subdag_operator.section-1 to None
[2021-10-16 01:12:36,810] {logging_mixin.py:109} INFO - [2021-10-16 01:12:36,809] {dag.py:2914} INFO - Setting next_dagrun for example_subdag_operator.section-2 to None
[2021-10-16 01:12:36,830] {logging_mixin.py:109} INFO - [2021-10-16 01:12:36,830] {dag.py:2389} INFO - Sync 2 DAGs
[2021-10-16 01:12:36,858] {logging_mixin.py:109} INFO - [2021-10-16 01:12:36,858] {dag.py:2914} INFO - Setting next_dagrun for example_subdag_operator.section-1 to None
[2021-10-16 01:12:36,876] {logging_mixin.py:109} INFO - [2021-10-16 01:12:36,876] {dag.py:2914} INFO - Setting next_dagrun for example_subdag_operator.section-2 to None
[2021-10-16 01:12:36,903] {processor.py:171} INFO - Processing /home/airflow/.local/lib/python3.6/site-packages/airflow/example_dags/example_subdag_operator.py took 0.407 seconds
[2021-10-16 01:13:08,613] {processor.py:163} INFO - Started process (PID=2228) to work on /home/airflow/.local/lib/python3.6/site-packages/airflow/example_dags/example_subdag_operator.py
[2021-10-16 01:13:08,615] {processor.py:620} INFO - Processing file /home/airflow/.local/lib/python3.6/site-packages/airflow/example_dags/example_subdag_operator.py for tasks to queue
[2021-10-16 01:13:08,620] {logging_mixin.py:109} INFO - [2021-10-16 01:13:08,620] {dagbag.py:500} INFO - Filling up the DagBag from /home/airflow/.local/lib/python3.6/site-packages/airflow/example_dags/example_subdag_operator.py
[2021-10-16 01:13:08,716] {processor.py:632} INFO - DAG(s) dict_keys(['example_subdag_operator.section-1', 'example_subdag_operator.section-2', 'example_subdag_operator']) retrieved from /home/airflow/.local/lib/python3.6/site-packages/airflow/example_dags/example_subdag_operator.py
[2021-10-16 01:13:08,740] {logging_mixin.py:109} INFO - [2021-10-16 01:13:08,740] {dag.py:2389} INFO - Sync 3 DAGs
[2021-10-16 01:13:08,775] {logging_mixin.py:109} INFO - [2021-10-16 01:13:08,775] {dag.py:2914} INFO - Setting next_dagrun for example_subdag_operator to 2021-10-14T00:00:00+00:00
[2021-10-16 01:13:08,776] {logging_mixin.py:109} INFO - [2021-10-16 01:13:08,776] {dag.py:2914} INFO - Setting next_dagrun for example_subdag_operator.section-1 to None
[2021-10-16 01:13:08,777] {logging_mixin.py:109} INFO - [2021-10-16 01:13:08,777] {dag.py:2914} INFO - Setting next_dagrun for example_subdag_operator.section-2 to None
[2021-10-16 01:13:08,785] {logging_mixin.py:109} INFO - [2021-10-16 01:13:08,785] {dag.py:2389} INFO - Sync 2 DAGs
[2021-10-16 01:13:08,792] {logging_mixin.py:109} INFO - [2021-10-16 01:13:08,792] {dag.py:2914} INFO - Setting next_dagrun for example_subdag_operator.section-1 to None
[2021-10-16 01:13:08,793] {logging_mixin.py:109} INFO - [2021-10-16 01:13:08,793] {dag.py:2914} INFO - Setting next_dagrun for example_subdag_operator.section-2 to None
[2021-10-16 01:13:08,802] {processor.py:171} INFO - Processing /home/airflow/.local/lib/python3.6/site-packages/airflow/example_dags/example_subdag_operator.py took 0.193 seconds
[2021-10-16 01:13:39,196] {processor.py:163} INFO - Started process (PID=2284) to work on /home/airflow/.local/lib/python3.6/site-packages/airflow/example_dags/example_subdag_operator.py
[2021-10-16 01:13:39,199] {processor.py:620} INFO - Processing file /home/airflow/.local/lib/python3.6/site-packages/airflow/example_dags/example_subdag_operator.py for tasks to queue
[2021-10-16 01:13:39,201] {logging_mixin.py:109} INFO - [2021-10-16 01:13:39,201] {dagbag.py:500} INFO - Filling up the DagBag from /home/airflow/.local/lib/python3.6/site-packages/airflow/example_dags/example_subdag_operator.py
[2021-10-16 01:13:39,261] {processor.py:632} INFO - DAG(s) dict_keys(['example_subdag_operator.section-1', 'example_subdag_operator.section-2', 'example_subdag_operator']) retrieved from /home/airflow/.local/lib/python3.6/site-packages/airflow/example_dags/example_subdag_operator.py
[2021-10-16 01:13:39,278] {logging_mixin.py:109} INFO - [2021-10-16 01:13:39,278] {dag.py:2389} INFO - Sync 3 DAGs
[2021-10-16 01:13:39,301] {logging_mixin.py:109} INFO - [2021-10-16 01:13:39,301] {dag.py:2914} INFO - Setting next_dagrun for example_subdag_operator to 2021-10-14T00:00:00+00:00
[2021-10-16 01:13:39,303] {logging_mixin.py:109} INFO - [2021-10-16 01:13:39,303] {dag.py:2914} INFO - Setting next_dagrun for example_subdag_operator.section-1 to None
[2021-10-16 01:13:39,304] {logging_mixin.py:109} INFO - [2021-10-16 01:13:39,304] {dag.py:2914} INFO - Setting next_dagrun for example_subdag_operator.section-2 to None
[2021-10-16 01:13:39,313] {logging_mixin.py:109} INFO - [2021-10-16 01:13:39,312] {dag.py:2389} INFO - Sync 2 DAGs
[2021-10-16 01:13:39,322] {logging_mixin.py:109} INFO - [2021-10-16 01:13:39,322] {dag.py:2914} INFO - Setting next_dagrun for example_subdag_operator.section-1 to None
[2021-10-16 01:13:39,323] {logging_mixin.py:109} INFO - [2021-10-16 01:13:39,323] {dag.py:2914} INFO - Setting next_dagrun for example_subdag_operator.section-2 to None
[2021-10-16 01:13:39,336] {processor.py:171} INFO - Processing /home/airflow/.local/lib/python3.6/site-packages/airflow/example_dags/example_subdag_operator.py took 0.147 seconds
[2021-10-16 01:14:10,905] {processor.py:163} INFO - Started process (PID=2338) to work on /home/airflow/.local/lib/python3.6/site-packages/airflow/example_dags/example_subdag_operator.py
[2021-10-16 01:14:10,914] {processor.py:620} INFO - Processing file /home/airflow/.local/lib/python3.6/site-packages/airflow/example_dags/example_subdag_operator.py for tasks to queue
[2021-10-16 01:14:10,919] {logging_mixin.py:109} INFO - [2021-10-16 01:14:10,918] {dagbag.py:500} INFO - Filling up the DagBag from /home/airflow/.local/lib/python3.6/site-packages/airflow/example_dags/example_subdag_operator.py
[2021-10-16 01:14:11,080] {processor.py:632} INFO - DAG(s) dict_keys(['example_subdag_operator.section-1', 'example_subdag_operator.section-2', 'example_subdag_operator']) retrieved from /home/airflow/.local/lib/python3.6/site-packages/airflow/example_dags/example_subdag_operator.py
[2021-10-16 01:14:11,138] {logging_mixin.py:109} INFO - [2021-10-16 01:14:11,137] {dag.py:2389} INFO - Sync 3 DAGs
[2021-10-16 01:14:11,201] {logging_mixin.py:109} INFO - [2021-10-16 01:14:11,201] {dag.py:2914} INFO - Setting next_dagrun for example_subdag_operator to 2021-10-14T00:00:00+00:00
[2021-10-16 01:14:11,203] {logging_mixin.py:109} INFO - [2021-10-16 01:14:11,203] {dag.py:2914} INFO - Setting next_dagrun for example_subdag_operator.section-1 to None
[2021-10-16 01:14:11,204] {logging_mixin.py:109} INFO - [2021-10-16 01:14:11,204] {dag.py:2914} INFO - Setting next_dagrun for example_subdag_operator.section-2 to None
[2021-10-16 01:14:11,240] {logging_mixin.py:109} INFO - [2021-10-16 01:14:11,240] {dag.py:2389} INFO - Sync 2 DAGs
[2021-10-16 01:14:11,259] {logging_mixin.py:109} INFO - [2021-10-16 01:14:11,259] {dag.py:2914} INFO - Setting next_dagrun for example_subdag_operator.section-1 to None
[2021-10-16 01:14:11,260] {logging_mixin.py:109} INFO - [2021-10-16 01:14:11,260] {dag.py:2914} INFO - Setting next_dagrun for example_subdag_operator.section-2 to None
[2021-10-16 01:14:11,282] {processor.py:171} INFO - Processing /home/airflow/.local/lib/python3.6/site-packages/airflow/example_dags/example_subdag_operator.py took 0.388 seconds
[2021-10-16 01:14:41,443] {processor.py:163} INFO - Started process (PID=2391) to work on /home/airflow/.local/lib/python3.6/site-packages/airflow/example_dags/example_subdag_operator.py
[2021-10-16 01:14:41,447] {processor.py:620} INFO - Processing file /home/airflow/.local/lib/python3.6/site-packages/airflow/example_dags/example_subdag_operator.py for tasks to queue
[2021-10-16 01:14:41,449] {logging_mixin.py:109} INFO - [2021-10-16 01:14:41,449] {dagbag.py:500} INFO - Filling up the DagBag from /home/airflow/.local/lib/python3.6/site-packages/airflow/example_dags/example_subdag_operator.py
[2021-10-16 01:14:41,495] {processor.py:632} INFO - DAG(s) dict_keys(['example_subdag_operator.section-1', 'example_subdag_operator.section-2', 'example_subdag_operator']) retrieved from /home/airflow/.local/lib/python3.6/site-packages/airflow/example_dags/example_subdag_operator.py
[2021-10-16 01:14:41,514] {logging_mixin.py:109} INFO - [2021-10-16 01:14:41,514] {dag.py:2389} INFO - Sync 3 DAGs
[2021-10-16 01:14:41,534] {logging_mixin.py:109} INFO - [2021-10-16 01:14:41,534] {dag.py:2914} INFO - Setting next_dagrun for example_subdag_operator to 2021-10-14T00:00:00+00:00
[2021-10-16 01:14:41,535] {logging_mixin.py:109} INFO - [2021-10-16 01:14:41,535] {dag.py:2914} INFO - Setting next_dagrun for example_subdag_operator.section-1 to None
[2021-10-16 01:14:41,536] {logging_mixin.py:109} INFO - [2021-10-16 01:14:41,536] {dag.py:2914} INFO - Setting next_dagrun for example_subdag_operator.section-2 to None
[2021-10-16 01:14:41,546] {logging_mixin.py:109} INFO - [2021-10-16 01:14:41,546] {dag.py:2389} INFO - Sync 2 DAGs
[2021-10-16 01:14:41,566] {logging_mixin.py:109} INFO - [2021-10-16 01:14:41,566] {dag.py:2914} INFO - Setting next_dagrun for example_subdag_operator.section-1 to None
[2021-10-16 01:14:41,570] {logging_mixin.py:109} INFO - [2021-10-16 01:14:41,569] {dag.py:2914} INFO - Setting next_dagrun for example_subdag_operator.section-2 to None
[2021-10-16 01:14:41,587] {processor.py:171} INFO - Processing /home/airflow/.local/lib/python3.6/site-packages/airflow/example_dags/example_subdag_operator.py took 0.151 seconds
