[2021-10-16 00:54:05,651] {processor.py:163} INFO - Started process (PID=96) to work on /home/airflow/.local/lib/python3.6/site-packages/airflow/example_dags/example_branch_labels.py
[2021-10-16 00:54:05,655] {processor.py:620} INFO - Processing file /home/airflow/.local/lib/python3.6/site-packages/airflow/example_dags/example_branch_labels.py for tasks to queue
[2021-10-16 00:54:05,659] {logging_mixin.py:109} INFO - [2021-10-16 00:54:05,659] {dagbag.py:500} INFO - Filling up the DagBag from /home/airflow/.local/lib/python3.6/site-packages/airflow/example_dags/example_branch_labels.py
[2021-10-16 00:54:05,760] {processor.py:632} INFO - DAG(s) dict_keys(['example_branch_labels']) retrieved from /home/airflow/.local/lib/python3.6/site-packages/airflow/example_dags/example_branch_labels.py
[2021-10-16 00:54:05,810] {logging_mixin.py:109} INFO - [2021-10-16 00:54:05,810] {dag.py:2389} INFO - Sync 1 DAGs
[2021-10-16 00:54:05,877] {logging_mixin.py:109} INFO - [2021-10-16 00:54:05,876] {dag.py:2914} INFO - Setting next_dagrun for example_branch_labels to 2021-10-15 00:00:00+00:00
[2021-10-16 00:54:05,919] {processor.py:171} INFO - Processing /home/airflow/.local/lib/python3.6/site-packages/airflow/example_dags/example_branch_labels.py took 0.284 seconds
[2021-10-16 00:54:36,173] {processor.py:163} INFO - Started process (PID=137) to work on /home/airflow/.local/lib/python3.6/site-packages/airflow/example_dags/example_branch_labels.py
[2021-10-16 00:54:36,176] {processor.py:620} INFO - Processing file /home/airflow/.local/lib/python3.6/site-packages/airflow/example_dags/example_branch_labels.py for tasks to queue
[2021-10-16 00:54:36,178] {logging_mixin.py:109} INFO - [2021-10-16 00:54:36,178] {dagbag.py:500} INFO - Filling up the DagBag from /home/airflow/.local/lib/python3.6/site-packages/airflow/example_dags/example_branch_labels.py
[2021-10-16 00:54:36,216] {processor.py:632} INFO - DAG(s) dict_keys(['example_branch_labels']) retrieved from /home/airflow/.local/lib/python3.6/site-packages/airflow/example_dags/example_branch_labels.py
[2021-10-16 00:54:36,234] {logging_mixin.py:109} INFO - [2021-10-16 00:54:36,234] {dag.py:2389} INFO - Sync 1 DAGs
[2021-10-16 00:54:36,262] {logging_mixin.py:109} INFO - [2021-10-16 00:54:36,261] {dag.py:2914} INFO - Setting next_dagrun for example_branch_labels to 2021-10-15 00:00:00+00:00
[2021-10-16 00:54:36,274] {processor.py:171} INFO - Processing /home/airflow/.local/lib/python3.6/site-packages/airflow/example_dags/example_branch_labels.py took 0.107 seconds
[2021-10-16 00:55:07,325] {processor.py:163} INFO - Started process (PID=201) to work on /home/airflow/.local/lib/python3.6/site-packages/airflow/example_dags/example_branch_labels.py
[2021-10-16 00:55:07,330] {processor.py:620} INFO - Processing file /home/airflow/.local/lib/python3.6/site-packages/airflow/example_dags/example_branch_labels.py for tasks to queue
[2021-10-16 00:55:07,335] {logging_mixin.py:109} INFO - [2021-10-16 00:55:07,335] {dagbag.py:500} INFO - Filling up the DagBag from /home/airflow/.local/lib/python3.6/site-packages/airflow/example_dags/example_branch_labels.py
[2021-10-16 00:55:07,404] {processor.py:632} INFO - DAG(s) dict_keys(['example_branch_labels']) retrieved from /home/airflow/.local/lib/python3.6/site-packages/airflow/example_dags/example_branch_labels.py
[2021-10-16 00:55:07,430] {logging_mixin.py:109} INFO - [2021-10-16 00:55:07,430] {dag.py:2389} INFO - Sync 1 DAGs
[2021-10-16 00:55:07,468] {logging_mixin.py:109} INFO - [2021-10-16 00:55:07,468] {dag.py:2914} INFO - Setting next_dagrun for example_branch_labels to 2021-10-15 00:00:00+00:00
[2021-10-16 00:55:07,485] {processor.py:171} INFO - Processing /home/airflow/.local/lib/python3.6/site-packages/airflow/example_dags/example_branch_labels.py took 0.169 seconds
[2021-10-16 00:55:38,030] {processor.py:163} INFO - Started process (PID=255) to work on /home/airflow/.local/lib/python3.6/site-packages/airflow/example_dags/example_branch_labels.py
[2021-10-16 00:55:38,032] {processor.py:620} INFO - Processing file /home/airflow/.local/lib/python3.6/site-packages/airflow/example_dags/example_branch_labels.py for tasks to queue
[2021-10-16 00:55:38,035] {logging_mixin.py:109} INFO - [2021-10-16 00:55:38,035] {dagbag.py:500} INFO - Filling up the DagBag from /home/airflow/.local/lib/python3.6/site-packages/airflow/example_dags/example_branch_labels.py
[2021-10-16 00:55:38,073] {processor.py:632} INFO - DAG(s) dict_keys(['example_branch_labels']) retrieved from /home/airflow/.local/lib/python3.6/site-packages/airflow/example_dags/example_branch_labels.py
[2021-10-16 00:55:38,091] {logging_mixin.py:109} INFO - [2021-10-16 00:55:38,090] {dag.py:2389} INFO - Sync 1 DAGs
[2021-10-16 00:55:38,110] {logging_mixin.py:109} INFO - [2021-10-16 00:55:38,110] {dag.py:2914} INFO - Setting next_dagrun for example_branch_labels to 2021-10-15 00:00:00+00:00
[2021-10-16 00:55:38,120] {processor.py:171} INFO - Processing /home/airflow/.local/lib/python3.6/site-packages/airflow/example_dags/example_branch_labels.py took 0.094 seconds
[2021-10-16 00:56:11,009] {processor.py:163} INFO - Started process (PID=312) to work on /home/airflow/.local/lib/python3.6/site-packages/airflow/example_dags/example_branch_labels.py
[2021-10-16 00:56:11,015] {processor.py:620} INFO - Processing file /home/airflow/.local/lib/python3.6/site-packages/airflow/example_dags/example_branch_labels.py for tasks to queue
[2021-10-16 00:56:11,022] {logging_mixin.py:109} INFO - [2021-10-16 00:56:11,020] {dagbag.py:500} INFO - Filling up the DagBag from /home/airflow/.local/lib/python3.6/site-packages/airflow/example_dags/example_branch_labels.py
[2021-10-16 00:56:11,190] {processor.py:632} INFO - DAG(s) dict_keys(['example_branch_labels']) retrieved from /home/airflow/.local/lib/python3.6/site-packages/airflow/example_dags/example_branch_labels.py
[2021-10-16 00:56:11,301] {logging_mixin.py:109} INFO - [2021-10-16 00:56:11,301] {dag.py:2389} INFO - Sync 1 DAGs
[2021-10-16 00:56:11,459] {logging_mixin.py:109} INFO - [2021-10-16 00:56:11,459] {dag.py:2914} INFO - Setting next_dagrun for example_branch_labels to 2021-10-15 00:00:00+00:00
[2021-10-16 00:56:11,502] {processor.py:171} INFO - Processing /home/airflow/.local/lib/python3.6/site-packages/airflow/example_dags/example_branch_labels.py took 0.513 seconds
[2021-10-16 00:56:41,809] {processor.py:163} INFO - Started process (PID=377) to work on /home/airflow/.local/lib/python3.6/site-packages/airflow/example_dags/example_branch_labels.py
[2021-10-16 00:56:41,820] {processor.py:620} INFO - Processing file /home/airflow/.local/lib/python3.6/site-packages/airflow/example_dags/example_branch_labels.py for tasks to queue
[2021-10-16 00:56:41,823] {logging_mixin.py:109} INFO - [2021-10-16 00:56:41,823] {dagbag.py:500} INFO - Filling up the DagBag from /home/airflow/.local/lib/python3.6/site-packages/airflow/example_dags/example_branch_labels.py
[2021-10-16 00:56:41,902] {processor.py:632} INFO - DAG(s) dict_keys(['example_branch_labels']) retrieved from /home/airflow/.local/lib/python3.6/site-packages/airflow/example_dags/example_branch_labels.py
[2021-10-16 00:56:41,937] {logging_mixin.py:109} INFO - [2021-10-16 00:56:41,937] {dag.py:2389} INFO - Sync 1 DAGs
[2021-10-16 00:56:41,990] {logging_mixin.py:109} INFO - [2021-10-16 00:56:41,990] {dag.py:2914} INFO - Setting next_dagrun for example_branch_labels to 2021-10-15 00:00:00+00:00
[2021-10-16 00:56:42,019] {processor.py:171} INFO - Processing /home/airflow/.local/lib/python3.6/site-packages/airflow/example_dags/example_branch_labels.py took 0.221 seconds
[2021-10-16 00:57:12,074] {processor.py:163} INFO - Started process (PID=430) to work on /home/airflow/.local/lib/python3.6/site-packages/airflow/example_dags/example_branch_labels.py
[2021-10-16 00:57:12,081] {processor.py:620} INFO - Processing file /home/airflow/.local/lib/python3.6/site-packages/airflow/example_dags/example_branch_labels.py for tasks to queue
[2021-10-16 00:57:12,083] {logging_mixin.py:109} INFO - [2021-10-16 00:57:12,083] {dagbag.py:500} INFO - Filling up the DagBag from /home/airflow/.local/lib/python3.6/site-packages/airflow/example_dags/example_branch_labels.py
[2021-10-16 00:57:12,132] {processor.py:632} INFO - DAG(s) dict_keys(['example_branch_labels']) retrieved from /home/airflow/.local/lib/python3.6/site-packages/airflow/example_dags/example_branch_labels.py
[2021-10-16 00:57:12,150] {logging_mixin.py:109} INFO - [2021-10-16 00:57:12,150] {dag.py:2389} INFO - Sync 1 DAGs
[2021-10-16 00:57:12,183] {logging_mixin.py:109} INFO - [2021-10-16 00:57:12,183] {dag.py:2914} INFO - Setting next_dagrun for example_branch_labels to 2021-10-15 00:00:00+00:00
[2021-10-16 00:57:12,199] {processor.py:171} INFO - Processing /home/airflow/.local/lib/python3.6/site-packages/airflow/example_dags/example_branch_labels.py took 0.129 seconds
[2021-10-16 00:57:42,862] {processor.py:163} INFO - Started process (PID=487) to work on /home/airflow/.local/lib/python3.6/site-packages/airflow/example_dags/example_branch_labels.py
[2021-10-16 00:57:42,865] {processor.py:620} INFO - Processing file /home/airflow/.local/lib/python3.6/site-packages/airflow/example_dags/example_branch_labels.py for tasks to queue
[2021-10-16 00:57:42,867] {logging_mixin.py:109} INFO - [2021-10-16 00:57:42,867] {dagbag.py:500} INFO - Filling up the DagBag from /home/airflow/.local/lib/python3.6/site-packages/airflow/example_dags/example_branch_labels.py
[2021-10-16 00:57:42,901] {processor.py:632} INFO - DAG(s) dict_keys(['example_branch_labels']) retrieved from /home/airflow/.local/lib/python3.6/site-packages/airflow/example_dags/example_branch_labels.py
[2021-10-16 00:57:42,916] {logging_mixin.py:109} INFO - [2021-10-16 00:57:42,916] {dag.py:2389} INFO - Sync 1 DAGs
[2021-10-16 00:57:42,940] {logging_mixin.py:109} INFO - [2021-10-16 00:57:42,940] {dag.py:2914} INFO - Setting next_dagrun for example_branch_labels to 2021-10-15 00:00:00+00:00
[2021-10-16 00:57:42,958] {processor.py:171} INFO - Processing /home/airflow/.local/lib/python3.6/site-packages/airflow/example_dags/example_branch_labels.py took 0.104 seconds
[2021-10-16 00:58:13,687] {processor.py:163} INFO - Started process (PID=540) to work on /home/airflow/.local/lib/python3.6/site-packages/airflow/example_dags/example_branch_labels.py
[2021-10-16 00:58:13,692] {processor.py:620} INFO - Processing file /home/airflow/.local/lib/python3.6/site-packages/airflow/example_dags/example_branch_labels.py for tasks to queue
[2021-10-16 00:58:13,696] {logging_mixin.py:109} INFO - [2021-10-16 00:58:13,696] {dagbag.py:500} INFO - Filling up the DagBag from /home/airflow/.local/lib/python3.6/site-packages/airflow/example_dags/example_branch_labels.py
[2021-10-16 00:58:13,778] {processor.py:632} INFO - DAG(s) dict_keys(['example_branch_labels']) retrieved from /home/airflow/.local/lib/python3.6/site-packages/airflow/example_dags/example_branch_labels.py
[2021-10-16 00:58:13,816] {logging_mixin.py:109} INFO - [2021-10-16 00:58:13,816] {dag.py:2389} INFO - Sync 1 DAGs
[2021-10-16 00:58:13,873] {logging_mixin.py:109} INFO - [2021-10-16 00:58:13,873] {dag.py:2914} INFO - Setting next_dagrun for example_branch_labels to 2021-10-15 00:00:00+00:00
[2021-10-16 00:58:13,889] {processor.py:171} INFO - Processing /home/airflow/.local/lib/python3.6/site-packages/airflow/example_dags/example_branch_labels.py took 0.218 seconds
[2021-10-16 00:58:44,344] {processor.py:163} INFO - Started process (PID=604) to work on /home/airflow/.local/lib/python3.6/site-packages/airflow/example_dags/example_branch_labels.py
[2021-10-16 00:58:44,352] {processor.py:620} INFO - Processing file /home/airflow/.local/lib/python3.6/site-packages/airflow/example_dags/example_branch_labels.py for tasks to queue
[2021-10-16 00:58:44,354] {logging_mixin.py:109} INFO - [2021-10-16 00:58:44,354] {dagbag.py:500} INFO - Filling up the DagBag from /home/airflow/.local/lib/python3.6/site-packages/airflow/example_dags/example_branch_labels.py
[2021-10-16 00:58:44,412] {processor.py:632} INFO - DAG(s) dict_keys(['example_branch_labels']) retrieved from /home/airflow/.local/lib/python3.6/site-packages/airflow/example_dags/example_branch_labels.py
[2021-10-16 00:58:44,428] {logging_mixin.py:109} INFO - [2021-10-16 00:58:44,428] {dag.py:2389} INFO - Sync 1 DAGs
[2021-10-16 00:58:44,459] {logging_mixin.py:109} INFO - [2021-10-16 00:58:44,459] {dag.py:2914} INFO - Setting next_dagrun for example_branch_labels to 2021-10-15 00:00:00+00:00
[2021-10-16 00:58:44,486] {processor.py:171} INFO - Processing /home/airflow/.local/lib/python3.6/site-packages/airflow/example_dags/example_branch_labels.py took 0.153 seconds
[2021-10-16 00:59:16,094] {processor.py:163} INFO - Started process (PID=664) to work on /home/airflow/.local/lib/python3.6/site-packages/airflow/example_dags/example_branch_labels.py
[2021-10-16 00:59:16,100] {processor.py:620} INFO - Processing file /home/airflow/.local/lib/python3.6/site-packages/airflow/example_dags/example_branch_labels.py for tasks to queue
[2021-10-16 00:59:16,102] {logging_mixin.py:109} INFO - [2021-10-16 00:59:16,101] {dagbag.py:500} INFO - Filling up the DagBag from /home/airflow/.local/lib/python3.6/site-packages/airflow/example_dags/example_branch_labels.py
[2021-10-16 00:59:16,188] {processor.py:632} INFO - DAG(s) dict_keys(['example_branch_labels']) retrieved from /home/airflow/.local/lib/python3.6/site-packages/airflow/example_dags/example_branch_labels.py
[2021-10-16 00:59:16,238] {logging_mixin.py:109} INFO - [2021-10-16 00:59:16,237] {dag.py:2389} INFO - Sync 1 DAGs
[2021-10-16 00:59:16,344] {logging_mixin.py:109} INFO - [2021-10-16 00:59:16,344] {dag.py:2914} INFO - Setting next_dagrun for example_branch_labels to 2021-10-15 00:00:00+00:00
[2021-10-16 00:59:16,391] {processor.py:171} INFO - Processing /home/airflow/.local/lib/python3.6/site-packages/airflow/example_dags/example_branch_labels.py took 0.311 seconds
[2021-10-16 00:59:47,006] {processor.py:163} INFO - Started process (PID=719) to work on /home/airflow/.local/lib/python3.6/site-packages/airflow/example_dags/example_branch_labels.py
[2021-10-16 00:59:47,009] {processor.py:620} INFO - Processing file /home/airflow/.local/lib/python3.6/site-packages/airflow/example_dags/example_branch_labels.py for tasks to queue
[2021-10-16 00:59:47,018] {logging_mixin.py:109} INFO - [2021-10-16 00:59:47,018] {dagbag.py:500} INFO - Filling up the DagBag from /home/airflow/.local/lib/python3.6/site-packages/airflow/example_dags/example_branch_labels.py
[2021-10-16 00:59:47,096] {processor.py:632} INFO - DAG(s) dict_keys(['example_branch_labels']) retrieved from /home/airflow/.local/lib/python3.6/site-packages/airflow/example_dags/example_branch_labels.py
[2021-10-16 00:59:47,119] {logging_mixin.py:109} INFO - [2021-10-16 00:59:47,119] {dag.py:2389} INFO - Sync 1 DAGs
[2021-10-16 00:59:47,154] {logging_mixin.py:109} INFO - [2021-10-16 00:59:47,154] {dag.py:2914} INFO - Setting next_dagrun for example_branch_labels to 2021-10-15 00:00:00+00:00
[2021-10-16 00:59:47,185] {processor.py:171} INFO - Processing /home/airflow/.local/lib/python3.6/site-packages/airflow/example_dags/example_branch_labels.py took 0.193 seconds
[2021-10-16 01:00:17,373] {processor.py:163} INFO - Started process (PID=771) to work on /home/airflow/.local/lib/python3.6/site-packages/airflow/example_dags/example_branch_labels.py
[2021-10-16 01:00:17,376] {processor.py:620} INFO - Processing file /home/airflow/.local/lib/python3.6/site-packages/airflow/example_dags/example_branch_labels.py for tasks to queue
[2021-10-16 01:00:17,377] {logging_mixin.py:109} INFO - [2021-10-16 01:00:17,377] {dagbag.py:500} INFO - Filling up the DagBag from /home/airflow/.local/lib/python3.6/site-packages/airflow/example_dags/example_branch_labels.py
[2021-10-16 01:00:17,414] {processor.py:632} INFO - DAG(s) dict_keys(['example_branch_labels']) retrieved from /home/airflow/.local/lib/python3.6/site-packages/airflow/example_dags/example_branch_labels.py
[2021-10-16 01:00:17,427] {logging_mixin.py:109} INFO - [2021-10-16 01:00:17,427] {dag.py:2389} INFO - Sync 1 DAGs
[2021-10-16 01:00:17,453] {logging_mixin.py:109} INFO - [2021-10-16 01:00:17,452] {dag.py:2914} INFO - Setting next_dagrun for example_branch_labels to 2021-10-15 00:00:00+00:00
[2021-10-16 01:00:17,466] {processor.py:171} INFO - Processing /home/airflow/.local/lib/python3.6/site-packages/airflow/example_dags/example_branch_labels.py took 0.096 seconds
[2021-10-16 01:00:47,765] {processor.py:163} INFO - Started process (PID=826) to work on /home/airflow/.local/lib/python3.6/site-packages/airflow/example_dags/example_branch_labels.py
[2021-10-16 01:00:47,768] {processor.py:620} INFO - Processing file /home/airflow/.local/lib/python3.6/site-packages/airflow/example_dags/example_branch_labels.py for tasks to queue
[2021-10-16 01:00:47,769] {logging_mixin.py:109} INFO - [2021-10-16 01:00:47,769] {dagbag.py:500} INFO - Filling up the DagBag from /home/airflow/.local/lib/python3.6/site-packages/airflow/example_dags/example_branch_labels.py
[2021-10-16 01:00:47,819] {processor.py:632} INFO - DAG(s) dict_keys(['example_branch_labels']) retrieved from /home/airflow/.local/lib/python3.6/site-packages/airflow/example_dags/example_branch_labels.py
[2021-10-16 01:00:47,844] {logging_mixin.py:109} INFO - [2021-10-16 01:00:47,843] {dag.py:2389} INFO - Sync 1 DAGs
[2021-10-16 01:00:47,871] {logging_mixin.py:109} INFO - [2021-10-16 01:00:47,871] {dag.py:2914} INFO - Setting next_dagrun for example_branch_labels to 2021-10-15 00:00:00+00:00
[2021-10-16 01:00:47,902] {processor.py:171} INFO - Processing /home/airflow/.local/lib/python3.6/site-packages/airflow/example_dags/example_branch_labels.py took 0.148 seconds
[2021-10-16 01:01:18,058] {processor.py:163} INFO - Started process (PID=893) to work on /home/airflow/.local/lib/python3.6/site-packages/airflow/example_dags/example_branch_labels.py
[2021-10-16 01:01:18,064] {processor.py:620} INFO - Processing file /home/airflow/.local/lib/python3.6/site-packages/airflow/example_dags/example_branch_labels.py for tasks to queue
[2021-10-16 01:01:18,068] {logging_mixin.py:109} INFO - [2021-10-16 01:01:18,068] {dagbag.py:500} INFO - Filling up the DagBag from /home/airflow/.local/lib/python3.6/site-packages/airflow/example_dags/example_branch_labels.py
[2021-10-16 01:01:18,123] {processor.py:632} INFO - DAG(s) dict_keys(['example_branch_labels']) retrieved from /home/airflow/.local/lib/python3.6/site-packages/airflow/example_dags/example_branch_labels.py
[2021-10-16 01:01:18,142] {logging_mixin.py:109} INFO - [2021-10-16 01:01:18,141] {dag.py:2389} INFO - Sync 1 DAGs
[2021-10-16 01:01:18,173] {logging_mixin.py:109} INFO - [2021-10-16 01:01:18,173] {dag.py:2914} INFO - Setting next_dagrun for example_branch_labels to 2021-10-15 00:00:00+00:00
[2021-10-16 01:01:18,191] {processor.py:171} INFO - Processing /home/airflow/.local/lib/python3.6/site-packages/airflow/example_dags/example_branch_labels.py took 0.137 seconds
[2021-10-16 01:01:48,939] {processor.py:163} INFO - Started process (PID=948) to work on /home/airflow/.local/lib/python3.6/site-packages/airflow/example_dags/example_branch_labels.py
[2021-10-16 01:01:48,943] {processor.py:620} INFO - Processing file /home/airflow/.local/lib/python3.6/site-packages/airflow/example_dags/example_branch_labels.py for tasks to queue
[2021-10-16 01:01:48,946] {logging_mixin.py:109} INFO - [2021-10-16 01:01:48,946] {dagbag.py:500} INFO - Filling up the DagBag from /home/airflow/.local/lib/python3.6/site-packages/airflow/example_dags/example_branch_labels.py
[2021-10-16 01:01:49,003] {processor.py:632} INFO - DAG(s) dict_keys(['example_branch_labels']) retrieved from /home/airflow/.local/lib/python3.6/site-packages/airflow/example_dags/example_branch_labels.py
[2021-10-16 01:01:49,019] {logging_mixin.py:109} INFO - [2021-10-16 01:01:49,019] {dag.py:2389} INFO - Sync 1 DAGs
[2021-10-16 01:01:49,050] {logging_mixin.py:109} INFO - [2021-10-16 01:01:49,050] {dag.py:2914} INFO - Setting next_dagrun for example_branch_labels to 2021-10-15 00:00:00+00:00
[2021-10-16 01:01:49,068] {processor.py:171} INFO - Processing /home/airflow/.local/lib/python3.6/site-packages/airflow/example_dags/example_branch_labels.py took 0.145 seconds
[2021-10-16 01:02:20,186] {processor.py:163} INFO - Started process (PID=1016) to work on /home/airflow/.local/lib/python3.6/site-packages/airflow/example_dags/example_branch_labels.py
[2021-10-16 01:02:20,189] {processor.py:620} INFO - Processing file /home/airflow/.local/lib/python3.6/site-packages/airflow/example_dags/example_branch_labels.py for tasks to queue
[2021-10-16 01:02:20,190] {logging_mixin.py:109} INFO - [2021-10-16 01:02:20,190] {dagbag.py:500} INFO - Filling up the DagBag from /home/airflow/.local/lib/python3.6/site-packages/airflow/example_dags/example_branch_labels.py
[2021-10-16 01:02:20,220] {processor.py:632} INFO - DAG(s) dict_keys(['example_branch_labels']) retrieved from /home/airflow/.local/lib/python3.6/site-packages/airflow/example_dags/example_branch_labels.py
[2021-10-16 01:02:20,230] {logging_mixin.py:109} INFO - [2021-10-16 01:02:20,230] {dag.py:2389} INFO - Sync 1 DAGs
[2021-10-16 01:02:20,249] {logging_mixin.py:109} INFO - [2021-10-16 01:02:20,249] {dag.py:2914} INFO - Setting next_dagrun for example_branch_labels to 2021-10-15 00:00:00+00:00
[2021-10-16 01:02:20,259] {processor.py:171} INFO - Processing /home/airflow/.local/lib/python3.6/site-packages/airflow/example_dags/example_branch_labels.py took 0.078 seconds
[2021-10-16 01:02:50,407] {processor.py:163} INFO - Started process (PID=1073) to work on /home/airflow/.local/lib/python3.6/site-packages/airflow/example_dags/example_branch_labels.py
[2021-10-16 01:02:50,409] {processor.py:620} INFO - Processing file /home/airflow/.local/lib/python3.6/site-packages/airflow/example_dags/example_branch_labels.py for tasks to queue
[2021-10-16 01:02:50,411] {logging_mixin.py:109} INFO - [2021-10-16 01:02:50,411] {dagbag.py:500} INFO - Filling up the DagBag from /home/airflow/.local/lib/python3.6/site-packages/airflow/example_dags/example_branch_labels.py
[2021-10-16 01:02:50,458] {processor.py:632} INFO - DAG(s) dict_keys(['example_branch_labels']) retrieved from /home/airflow/.local/lib/python3.6/site-packages/airflow/example_dags/example_branch_labels.py
[2021-10-16 01:02:50,474] {logging_mixin.py:109} INFO - [2021-10-16 01:02:50,474] {dag.py:2389} INFO - Sync 1 DAGs
[2021-10-16 01:02:50,505] {logging_mixin.py:109} INFO - [2021-10-16 01:02:50,504] {dag.py:2914} INFO - Setting next_dagrun for example_branch_labels to 2021-10-15 00:00:00+00:00
[2021-10-16 01:02:50,520] {processor.py:171} INFO - Processing /home/airflow/.local/lib/python3.6/site-packages/airflow/example_dags/example_branch_labels.py took 0.119 seconds
[2021-10-16 01:03:20,699] {processor.py:163} INFO - Started process (PID=1125) to work on /home/airflow/.local/lib/python3.6/site-packages/airflow/example_dags/example_branch_labels.py
[2021-10-16 01:03:20,702] {processor.py:620} INFO - Processing file /home/airflow/.local/lib/python3.6/site-packages/airflow/example_dags/example_branch_labels.py for tasks to queue
[2021-10-16 01:03:20,706] {logging_mixin.py:109} INFO - [2021-10-16 01:03:20,705] {dagbag.py:500} INFO - Filling up the DagBag from /home/airflow/.local/lib/python3.6/site-packages/airflow/example_dags/example_branch_labels.py
[2021-10-16 01:03:20,764] {processor.py:632} INFO - DAG(s) dict_keys(['example_branch_labels']) retrieved from /home/airflow/.local/lib/python3.6/site-packages/airflow/example_dags/example_branch_labels.py
[2021-10-16 01:03:20,785] {logging_mixin.py:109} INFO - [2021-10-16 01:03:20,784] {dag.py:2389} INFO - Sync 1 DAGs
[2021-10-16 01:03:20,822] {logging_mixin.py:109} INFO - [2021-10-16 01:03:20,822] {dag.py:2914} INFO - Setting next_dagrun for example_branch_labels to 2021-10-15 00:00:00+00:00
[2021-10-16 01:03:20,846] {processor.py:171} INFO - Processing /home/airflow/.local/lib/python3.6/site-packages/airflow/example_dags/example_branch_labels.py took 0.154 seconds
[2021-10-16 01:03:51,115] {processor.py:163} INFO - Started process (PID=1190) to work on /home/airflow/.local/lib/python3.6/site-packages/airflow/example_dags/example_branch_labels.py
[2021-10-16 01:03:51,118] {processor.py:620} INFO - Processing file /home/airflow/.local/lib/python3.6/site-packages/airflow/example_dags/example_branch_labels.py for tasks to queue
[2021-10-16 01:03:51,119] {logging_mixin.py:109} INFO - [2021-10-16 01:03:51,119] {dagbag.py:500} INFO - Filling up the DagBag from /home/airflow/.local/lib/python3.6/site-packages/airflow/example_dags/example_branch_labels.py
[2021-10-16 01:03:51,151] {processor.py:632} INFO - DAG(s) dict_keys(['example_branch_labels']) retrieved from /home/airflow/.local/lib/python3.6/site-packages/airflow/example_dags/example_branch_labels.py
[2021-10-16 01:03:51,168] {logging_mixin.py:109} INFO - [2021-10-16 01:03:51,167] {dag.py:2389} INFO - Sync 1 DAGs
[2021-10-16 01:03:51,194] {logging_mixin.py:109} INFO - [2021-10-16 01:03:51,194] {dag.py:2914} INFO - Setting next_dagrun for example_branch_labels to 2021-10-15 00:00:00+00:00
[2021-10-16 01:03:51,208] {processor.py:171} INFO - Processing /home/airflow/.local/lib/python3.6/site-packages/airflow/example_dags/example_branch_labels.py took 0.103 seconds
[2021-10-16 01:04:22,280] {processor.py:163} INFO - Started process (PID=1246) to work on /home/airflow/.local/lib/python3.6/site-packages/airflow/example_dags/example_branch_labels.py
[2021-10-16 01:04:22,283] {processor.py:620} INFO - Processing file /home/airflow/.local/lib/python3.6/site-packages/airflow/example_dags/example_branch_labels.py for tasks to queue
[2021-10-16 01:04:22,285] {logging_mixin.py:109} INFO - [2021-10-16 01:04:22,285] {dagbag.py:500} INFO - Filling up the DagBag from /home/airflow/.local/lib/python3.6/site-packages/airflow/example_dags/example_branch_labels.py
[2021-10-16 01:04:22,319] {processor.py:632} INFO - DAG(s) dict_keys(['example_branch_labels']) retrieved from /home/airflow/.local/lib/python3.6/site-packages/airflow/example_dags/example_branch_labels.py
[2021-10-16 01:04:22,333] {logging_mixin.py:109} INFO - [2021-10-16 01:04:22,333] {dag.py:2389} INFO - Sync 1 DAGs
[2021-10-16 01:04:22,355] {logging_mixin.py:109} INFO - [2021-10-16 01:04:22,355] {dag.py:2914} INFO - Setting next_dagrun for example_branch_labels to 2021-10-15 00:00:00+00:00
[2021-10-16 01:04:22,368] {processor.py:171} INFO - Processing /home/airflow/.local/lib/python3.6/site-packages/airflow/example_dags/example_branch_labels.py took 0.094 seconds
[2021-10-16 01:04:52,435] {processor.py:163} INFO - Started process (PID=1299) to work on /home/airflow/.local/lib/python3.6/site-packages/airflow/example_dags/example_branch_labels.py
[2021-10-16 01:04:52,437] {processor.py:620} INFO - Processing file /home/airflow/.local/lib/python3.6/site-packages/airflow/example_dags/example_branch_labels.py for tasks to queue
[2021-10-16 01:04:52,440] {logging_mixin.py:109} INFO - [2021-10-16 01:04:52,440] {dagbag.py:500} INFO - Filling up the DagBag from /home/airflow/.local/lib/python3.6/site-packages/airflow/example_dags/example_branch_labels.py
[2021-10-16 01:04:52,476] {processor.py:632} INFO - DAG(s) dict_keys(['example_branch_labels']) retrieved from /home/airflow/.local/lib/python3.6/site-packages/airflow/example_dags/example_branch_labels.py
[2021-10-16 01:04:52,496] {logging_mixin.py:109} INFO - [2021-10-16 01:04:52,496] {dag.py:2389} INFO - Sync 1 DAGs
[2021-10-16 01:04:52,527] {logging_mixin.py:109} INFO - [2021-10-16 01:04:52,526] {dag.py:2914} INFO - Setting next_dagrun for example_branch_labels to 2021-10-15 00:00:00+00:00
[2021-10-16 01:04:52,540] {processor.py:171} INFO - Processing /home/airflow/.local/lib/python3.6/site-packages/airflow/example_dags/example_branch_labels.py took 0.114 seconds
[2021-10-16 01:05:23,253] {processor.py:163} INFO - Started process (PID=1354) to work on /home/airflow/.local/lib/python3.6/site-packages/airflow/example_dags/example_branch_labels.py
[2021-10-16 01:05:23,406] {processor.py:620} INFO - Processing file /home/airflow/.local/lib/python3.6/site-packages/airflow/example_dags/example_branch_labels.py for tasks to queue
[2021-10-16 01:05:23,413] {logging_mixin.py:109} INFO - [2021-10-16 01:05:23,412] {dagbag.py:500} INFO - Filling up the DagBag from /home/airflow/.local/lib/python3.6/site-packages/airflow/example_dags/example_branch_labels.py
[2021-10-16 01:05:23,995] {processor.py:632} INFO - DAG(s) dict_keys(['example_branch_labels']) retrieved from /home/airflow/.local/lib/python3.6/site-packages/airflow/example_dags/example_branch_labels.py
[2021-10-16 01:05:24,086] {logging_mixin.py:109} INFO - [2021-10-16 01:05:24,086] {dag.py:2389} INFO - Sync 1 DAGs
[2021-10-16 01:05:24,141] {logging_mixin.py:109} INFO - [2021-10-16 01:05:24,141] {dag.py:2914} INFO - Setting next_dagrun for example_branch_labels to 2021-10-15 00:00:00+00:00
[2021-10-16 01:05:24,177] {processor.py:171} INFO - Processing /home/airflow/.local/lib/python3.6/site-packages/airflow/example_dags/example_branch_labels.py took 0.943 seconds
[2021-10-16 01:05:55,256] {processor.py:163} INFO - Started process (PID=1419) to work on /home/airflow/.local/lib/python3.6/site-packages/airflow/example_dags/example_branch_labels.py
[2021-10-16 01:05:55,259] {processor.py:620} INFO - Processing file /home/airflow/.local/lib/python3.6/site-packages/airflow/example_dags/example_branch_labels.py for tasks to queue
[2021-10-16 01:05:55,261] {logging_mixin.py:109} INFO - [2021-10-16 01:05:55,260] {dagbag.py:500} INFO - Filling up the DagBag from /home/airflow/.local/lib/python3.6/site-packages/airflow/example_dags/example_branch_labels.py
[2021-10-16 01:05:55,313] {processor.py:632} INFO - DAG(s) dict_keys(['example_branch_labels']) retrieved from /home/airflow/.local/lib/python3.6/site-packages/airflow/example_dags/example_branch_labels.py
[2021-10-16 01:05:55,337] {logging_mixin.py:109} INFO - [2021-10-16 01:05:55,336] {dag.py:2389} INFO - Sync 1 DAGs
[2021-10-16 01:05:55,373] {logging_mixin.py:109} INFO - [2021-10-16 01:05:55,373] {dag.py:2914} INFO - Setting next_dagrun for example_branch_labels to 2021-10-15 00:00:00+00:00
[2021-10-16 01:05:55,387] {processor.py:171} INFO - Processing /home/airflow/.local/lib/python3.6/site-packages/airflow/example_dags/example_branch_labels.py took 0.136 seconds
[2021-10-16 01:06:26,300] {processor.py:163} INFO - Started process (PID=1474) to work on /home/airflow/.local/lib/python3.6/site-packages/airflow/example_dags/example_branch_labels.py
[2021-10-16 01:06:26,308] {processor.py:620} INFO - Processing file /home/airflow/.local/lib/python3.6/site-packages/airflow/example_dags/example_branch_labels.py for tasks to queue
[2021-10-16 01:06:26,310] {logging_mixin.py:109} INFO - [2021-10-16 01:06:26,310] {dagbag.py:500} INFO - Filling up the DagBag from /home/airflow/.local/lib/python3.6/site-packages/airflow/example_dags/example_branch_labels.py
[2021-10-16 01:06:26,377] {processor.py:632} INFO - DAG(s) dict_keys(['example_branch_labels']) retrieved from /home/airflow/.local/lib/python3.6/site-packages/airflow/example_dags/example_branch_labels.py
[2021-10-16 01:06:26,408] {logging_mixin.py:109} INFO - [2021-10-16 01:06:26,408] {dag.py:2389} INFO - Sync 1 DAGs
[2021-10-16 01:06:26,447] {logging_mixin.py:109} INFO - [2021-10-16 01:06:26,447] {dag.py:2914} INFO - Setting next_dagrun for example_branch_labels to 2021-10-15 00:00:00+00:00
[2021-10-16 01:06:26,470] {processor.py:171} INFO - Processing /home/airflow/.local/lib/python3.6/site-packages/airflow/example_dags/example_branch_labels.py took 0.175 seconds
[2021-10-16 01:06:56,949] {processor.py:163} INFO - Started process (PID=1527) to work on /home/airflow/.local/lib/python3.6/site-packages/airflow/example_dags/example_branch_labels.py
[2021-10-16 01:06:56,952] {processor.py:620} INFO - Processing file /home/airflow/.local/lib/python3.6/site-packages/airflow/example_dags/example_branch_labels.py for tasks to queue
[2021-10-16 01:06:56,953] {logging_mixin.py:109} INFO - [2021-10-16 01:06:56,953] {dagbag.py:500} INFO - Filling up the DagBag from /home/airflow/.local/lib/python3.6/site-packages/airflow/example_dags/example_branch_labels.py
[2021-10-16 01:06:56,999] {processor.py:632} INFO - DAG(s) dict_keys(['example_branch_labels']) retrieved from /home/airflow/.local/lib/python3.6/site-packages/airflow/example_dags/example_branch_labels.py
[2021-10-16 01:06:57,022] {logging_mixin.py:109} INFO - [2021-10-16 01:06:57,022] {dag.py:2389} INFO - Sync 1 DAGs
[2021-10-16 01:06:57,075] {logging_mixin.py:109} INFO - [2021-10-16 01:06:57,074] {dag.py:2914} INFO - Setting next_dagrun for example_branch_labels to 2021-10-15 00:00:00+00:00
[2021-10-16 01:06:57,122] {processor.py:171} INFO - Processing /home/airflow/.local/lib/python3.6/site-packages/airflow/example_dags/example_branch_labels.py took 0.178 seconds
[2021-10-16 01:07:27,954] {processor.py:163} INFO - Started process (PID=1581) to work on /home/airflow/.local/lib/python3.6/site-packages/airflow/example_dags/example_branch_labels.py
[2021-10-16 01:07:27,960] {processor.py:620} INFO - Processing file /home/airflow/.local/lib/python3.6/site-packages/airflow/example_dags/example_branch_labels.py for tasks to queue
[2021-10-16 01:07:27,962] {logging_mixin.py:109} INFO - [2021-10-16 01:07:27,961] {dagbag.py:500} INFO - Filling up the DagBag from /home/airflow/.local/lib/python3.6/site-packages/airflow/example_dags/example_branch_labels.py
[2021-10-16 01:07:28,009] {processor.py:632} INFO - DAG(s) dict_keys(['example_branch_labels']) retrieved from /home/airflow/.local/lib/python3.6/site-packages/airflow/example_dags/example_branch_labels.py
[2021-10-16 01:07:28,029] {logging_mixin.py:109} INFO - [2021-10-16 01:07:28,029] {dag.py:2389} INFO - Sync 1 DAGs
[2021-10-16 01:07:28,057] {logging_mixin.py:109} INFO - [2021-10-16 01:07:28,057] {dag.py:2914} INFO - Setting next_dagrun for example_branch_labels to 2021-10-15 00:00:00+00:00
[2021-10-16 01:07:28,078] {processor.py:171} INFO - Processing /home/airflow/.local/lib/python3.6/site-packages/airflow/example_dags/example_branch_labels.py took 0.129 seconds
[2021-10-16 01:07:58,358] {processor.py:163} INFO - Started process (PID=1646) to work on /home/airflow/.local/lib/python3.6/site-packages/airflow/example_dags/example_branch_labels.py
[2021-10-16 01:07:58,366] {processor.py:620} INFO - Processing file /home/airflow/.local/lib/python3.6/site-packages/airflow/example_dags/example_branch_labels.py for tasks to queue
[2021-10-16 01:07:58,368] {logging_mixin.py:109} INFO - [2021-10-16 01:07:58,367] {dagbag.py:500} INFO - Filling up the DagBag from /home/airflow/.local/lib/python3.6/site-packages/airflow/example_dags/example_branch_labels.py
[2021-10-16 01:07:58,402] {processor.py:632} INFO - DAG(s) dict_keys(['example_branch_labels']) retrieved from /home/airflow/.local/lib/python3.6/site-packages/airflow/example_dags/example_branch_labels.py
[2021-10-16 01:07:58,415] {logging_mixin.py:109} INFO - [2021-10-16 01:07:58,414] {dag.py:2389} INFO - Sync 1 DAGs
[2021-10-16 01:07:58,437] {logging_mixin.py:109} INFO - [2021-10-16 01:07:58,437] {dag.py:2914} INFO - Setting next_dagrun for example_branch_labels to 2021-10-15 00:00:00+00:00
[2021-10-16 01:07:58,452] {processor.py:171} INFO - Processing /home/airflow/.local/lib/python3.6/site-packages/airflow/example_dags/example_branch_labels.py took 0.098 seconds
[2021-10-16 01:08:28,729] {processor.py:163} INFO - Started process (PID=1702) to work on /home/airflow/.local/lib/python3.6/site-packages/airflow/example_dags/example_branch_labels.py
[2021-10-16 01:08:28,737] {processor.py:620} INFO - Processing file /home/airflow/.local/lib/python3.6/site-packages/airflow/example_dags/example_branch_labels.py for tasks to queue
[2021-10-16 01:08:28,738] {logging_mixin.py:109} INFO - [2021-10-16 01:08:28,738] {dagbag.py:500} INFO - Filling up the DagBag from /home/airflow/.local/lib/python3.6/site-packages/airflow/example_dags/example_branch_labels.py
[2021-10-16 01:08:28,795] {processor.py:632} INFO - DAG(s) dict_keys(['example_branch_labels']) retrieved from /home/airflow/.local/lib/python3.6/site-packages/airflow/example_dags/example_branch_labels.py
[2021-10-16 01:08:28,809] {logging_mixin.py:109} INFO - [2021-10-16 01:08:28,809] {dag.py:2389} INFO - Sync 1 DAGs
[2021-10-16 01:08:28,831] {logging_mixin.py:109} INFO - [2021-10-16 01:08:28,831] {dag.py:2914} INFO - Setting next_dagrun for example_branch_labels to 2021-10-15 00:00:00+00:00
[2021-10-16 01:08:28,853] {processor.py:171} INFO - Processing /home/airflow/.local/lib/python3.6/site-packages/airflow/example_dags/example_branch_labels.py took 0.128 seconds
[2021-10-16 01:08:58,947] {processor.py:163} INFO - Started process (PID=1770) to work on /home/airflow/.local/lib/python3.6/site-packages/airflow/example_dags/example_branch_labels.py
[2021-10-16 01:08:58,951] {processor.py:620} INFO - Processing file /home/airflow/.local/lib/python3.6/site-packages/airflow/example_dags/example_branch_labels.py for tasks to queue
[2021-10-16 01:08:58,960] {logging_mixin.py:109} INFO - [2021-10-16 01:08:58,960] {dagbag.py:500} INFO - Filling up the DagBag from /home/airflow/.local/lib/python3.6/site-packages/airflow/example_dags/example_branch_labels.py
[2021-10-16 01:08:59,008] {processor.py:632} INFO - DAG(s) dict_keys(['example_branch_labels']) retrieved from /home/airflow/.local/lib/python3.6/site-packages/airflow/example_dags/example_branch_labels.py
[2021-10-16 01:08:59,033] {logging_mixin.py:109} INFO - [2021-10-16 01:08:59,033] {dag.py:2389} INFO - Sync 1 DAGs
[2021-10-16 01:08:59,065] {logging_mixin.py:109} INFO - [2021-10-16 01:08:59,064] {dag.py:2914} INFO - Setting next_dagrun for example_branch_labels to 2021-10-15 00:00:00+00:00
[2021-10-16 01:08:59,084] {processor.py:171} INFO - Processing /home/airflow/.local/lib/python3.6/site-packages/airflow/example_dags/example_branch_labels.py took 0.140 seconds
[2021-10-16 01:09:29,438] {processor.py:163} INFO - Started process (PID=1826) to work on /home/airflow/.local/lib/python3.6/site-packages/airflow/example_dags/example_branch_labels.py
[2021-10-16 01:09:29,446] {processor.py:620} INFO - Processing file /home/airflow/.local/lib/python3.6/site-packages/airflow/example_dags/example_branch_labels.py for tasks to queue
[2021-10-16 01:09:29,448] {logging_mixin.py:109} INFO - [2021-10-16 01:09:29,448] {dagbag.py:500} INFO - Filling up the DagBag from /home/airflow/.local/lib/python3.6/site-packages/airflow/example_dags/example_branch_labels.py
[2021-10-16 01:09:29,486] {processor.py:632} INFO - DAG(s) dict_keys(['example_branch_labels']) retrieved from /home/airflow/.local/lib/python3.6/site-packages/airflow/example_dags/example_branch_labels.py
[2021-10-16 01:09:29,507] {logging_mixin.py:109} INFO - [2021-10-16 01:09:29,506] {dag.py:2389} INFO - Sync 1 DAGs
[2021-10-16 01:09:29,531] {logging_mixin.py:109} INFO - [2021-10-16 01:09:29,531] {dag.py:2914} INFO - Setting next_dagrun for example_branch_labels to 2021-10-15 00:00:00+00:00
[2021-10-16 01:09:29,549] {processor.py:171} INFO - Processing /home/airflow/.local/lib/python3.6/site-packages/airflow/example_dags/example_branch_labels.py took 0.115 seconds
[2021-10-16 01:09:59,870] {processor.py:163} INFO - Started process (PID=1879) to work on /home/airflow/.local/lib/python3.6/site-packages/airflow/example_dags/example_branch_labels.py
[2021-10-16 01:09:59,881] {processor.py:620} INFO - Processing file /home/airflow/.local/lib/python3.6/site-packages/airflow/example_dags/example_branch_labels.py for tasks to queue
[2021-10-16 01:09:59,883] {logging_mixin.py:109} INFO - [2021-10-16 01:09:59,883] {dagbag.py:500} INFO - Filling up the DagBag from /home/airflow/.local/lib/python3.6/site-packages/airflow/example_dags/example_branch_labels.py
[2021-10-16 01:09:59,960] {processor.py:632} INFO - DAG(s) dict_keys(['example_branch_labels']) retrieved from /home/airflow/.local/lib/python3.6/site-packages/airflow/example_dags/example_branch_labels.py
[2021-10-16 01:09:59,985] {logging_mixin.py:109} INFO - [2021-10-16 01:09:59,985] {dag.py:2389} INFO - Sync 1 DAGs
[2021-10-16 01:10:00,017] {logging_mixin.py:109} INFO - [2021-10-16 01:10:00,017] {dag.py:2914} INFO - Setting next_dagrun for example_branch_labels to 2021-10-15 00:00:00+00:00
[2021-10-16 01:10:00,041] {processor.py:171} INFO - Processing /home/airflow/.local/lib/python3.6/site-packages/airflow/example_dags/example_branch_labels.py took 0.191 seconds
[2021-10-16 01:10:31,786] {processor.py:163} INFO - Started process (PID=1944) to work on /home/airflow/.local/lib/python3.6/site-packages/airflow/example_dags/example_branch_labels.py
[2021-10-16 01:10:31,791] {processor.py:620} INFO - Processing file /home/airflow/.local/lib/python3.6/site-packages/airflow/example_dags/example_branch_labels.py for tasks to queue
[2021-10-16 01:10:31,796] {logging_mixin.py:109} INFO - [2021-10-16 01:10:31,796] {dagbag.py:500} INFO - Filling up the DagBag from /home/airflow/.local/lib/python3.6/site-packages/airflow/example_dags/example_branch_labels.py
[2021-10-16 01:10:31,909] {processor.py:632} INFO - DAG(s) dict_keys(['example_branch_labels']) retrieved from /home/airflow/.local/lib/python3.6/site-packages/airflow/example_dags/example_branch_labels.py
[2021-10-16 01:10:31,944] {logging_mixin.py:109} INFO - [2021-10-16 01:10:31,944] {dag.py:2389} INFO - Sync 1 DAGs
[2021-10-16 01:10:32,000] {logging_mixin.py:109} INFO - [2021-10-16 01:10:32,000] {dag.py:2914} INFO - Setting next_dagrun for example_branch_labels to 2021-10-15 00:00:00+00:00
[2021-10-16 01:10:32,031] {processor.py:171} INFO - Processing /home/airflow/.local/lib/python3.6/site-packages/airflow/example_dags/example_branch_labels.py took 0.266 seconds
[2021-10-16 01:11:04,214] {processor.py:163} INFO - Started process (PID=2000) to work on /home/airflow/.local/lib/python3.6/site-packages/airflow/example_dags/example_branch_labels.py
[2021-10-16 01:11:04,228] {processor.py:620} INFO - Processing file /home/airflow/.local/lib/python3.6/site-packages/airflow/example_dags/example_branch_labels.py for tasks to queue
[2021-10-16 01:11:04,232] {logging_mixin.py:109} INFO - [2021-10-16 01:11:04,232] {dagbag.py:500} INFO - Filling up the DagBag from /home/airflow/.local/lib/python3.6/site-packages/airflow/example_dags/example_branch_labels.py
[2021-10-16 01:11:04,335] {processor.py:632} INFO - DAG(s) dict_keys(['example_branch_labels']) retrieved from /home/airflow/.local/lib/python3.6/site-packages/airflow/example_dags/example_branch_labels.py
[2021-10-16 01:11:04,383] {logging_mixin.py:109} INFO - [2021-10-16 01:11:04,382] {dag.py:2389} INFO - Sync 1 DAGs
[2021-10-16 01:11:04,493] {logging_mixin.py:109} INFO - [2021-10-16 01:11:04,493] {dag.py:2914} INFO - Setting next_dagrun for example_branch_labels to 2021-10-15 00:00:00+00:00
[2021-10-16 01:11:04,608] {processor.py:171} INFO - Processing /home/airflow/.local/lib/python3.6/site-packages/airflow/example_dags/example_branch_labels.py took 0.402 seconds
[2021-10-16 01:11:34,687] {processor.py:163} INFO - Started process (PID=2053) to work on /home/airflow/.local/lib/python3.6/site-packages/airflow/example_dags/example_branch_labels.py
[2021-10-16 01:11:34,689] {processor.py:620} INFO - Processing file /home/airflow/.local/lib/python3.6/site-packages/airflow/example_dags/example_branch_labels.py for tasks to queue
[2021-10-16 01:11:34,690] {logging_mixin.py:109} INFO - [2021-10-16 01:11:34,690] {dagbag.py:500} INFO - Filling up the DagBag from /home/airflow/.local/lib/python3.6/site-packages/airflow/example_dags/example_branch_labels.py
[2021-10-16 01:11:34,719] {processor.py:632} INFO - DAG(s) dict_keys(['example_branch_labels']) retrieved from /home/airflow/.local/lib/python3.6/site-packages/airflow/example_dags/example_branch_labels.py
[2021-10-16 01:11:34,731] {logging_mixin.py:109} INFO - [2021-10-16 01:11:34,731] {dag.py:2389} INFO - Sync 1 DAGs
[2021-10-16 01:11:34,751] {logging_mixin.py:109} INFO - [2021-10-16 01:11:34,751] {dag.py:2914} INFO - Setting next_dagrun for example_branch_labels to 2021-10-15 00:00:00+00:00
[2021-10-16 01:11:34,763] {processor.py:171} INFO - Processing /home/airflow/.local/lib/python3.6/site-packages/airflow/example_dags/example_branch_labels.py took 0.081 seconds
[2021-10-16 01:12:05,753] {processor.py:163} INFO - Started process (PID=2108) to work on /home/airflow/.local/lib/python3.6/site-packages/airflow/example_dags/example_branch_labels.py
[2021-10-16 01:12:05,758] {processor.py:620} INFO - Processing file /home/airflow/.local/lib/python3.6/site-packages/airflow/example_dags/example_branch_labels.py for tasks to queue
[2021-10-16 01:12:05,763] {logging_mixin.py:109} INFO - [2021-10-16 01:12:05,760] {dagbag.py:500} INFO - Filling up the DagBag from /home/airflow/.local/lib/python3.6/site-packages/airflow/example_dags/example_branch_labels.py
[2021-10-16 01:12:05,836] {processor.py:632} INFO - DAG(s) dict_keys(['example_branch_labels']) retrieved from /home/airflow/.local/lib/python3.6/site-packages/airflow/example_dags/example_branch_labels.py
[2021-10-16 01:12:05,864] {logging_mixin.py:109} INFO - [2021-10-16 01:12:05,863] {dag.py:2389} INFO - Sync 1 DAGs
[2021-10-16 01:12:05,936] {logging_mixin.py:109} INFO - [2021-10-16 01:12:05,936] {dag.py:2914} INFO - Setting next_dagrun for example_branch_labels to 2021-10-15 00:00:00+00:00
[2021-10-16 01:12:05,971] {processor.py:171} INFO - Processing /home/airflow/.local/lib/python3.6/site-packages/airflow/example_dags/example_branch_labels.py took 0.231 seconds
[2021-10-16 01:12:36,528] {processor.py:163} INFO - Started process (PID=2175) to work on /home/airflow/.local/lib/python3.6/site-packages/airflow/example_dags/example_branch_labels.py
[2021-10-16 01:12:36,536] {processor.py:620} INFO - Processing file /home/airflow/.local/lib/python3.6/site-packages/airflow/example_dags/example_branch_labels.py for tasks to queue
[2021-10-16 01:12:36,540] {logging_mixin.py:109} INFO - [2021-10-16 01:12:36,539] {dagbag.py:500} INFO - Filling up the DagBag from /home/airflow/.local/lib/python3.6/site-packages/airflow/example_dags/example_branch_labels.py
[2021-10-16 01:12:36,650] {processor.py:632} INFO - DAG(s) dict_keys(['example_branch_labels']) retrieved from /home/airflow/.local/lib/python3.6/site-packages/airflow/example_dags/example_branch_labels.py
[2021-10-16 01:12:36,714] {logging_mixin.py:109} INFO - [2021-10-16 01:12:36,713] {dag.py:2389} INFO - Sync 1 DAGs
[2021-10-16 01:12:36,780] {logging_mixin.py:109} INFO - [2021-10-16 01:12:36,780] {dag.py:2914} INFO - Setting next_dagrun for example_branch_labels to 2021-10-15 00:00:00+00:00
[2021-10-16 01:12:36,810] {processor.py:171} INFO - Processing /home/airflow/.local/lib/python3.6/site-packages/airflow/example_dags/example_branch_labels.py took 0.286 seconds
[2021-10-16 01:13:08,329] {processor.py:163} INFO - Started process (PID=2227) to work on /home/airflow/.local/lib/python3.6/site-packages/airflow/example_dags/example_branch_labels.py
[2021-10-16 01:13:08,344] {processor.py:620} INFO - Processing file /home/airflow/.local/lib/python3.6/site-packages/airflow/example_dags/example_branch_labels.py for tasks to queue
[2021-10-16 01:13:08,345] {logging_mixin.py:109} INFO - [2021-10-16 01:13:08,345] {dagbag.py:500} INFO - Filling up the DagBag from /home/airflow/.local/lib/python3.6/site-packages/airflow/example_dags/example_branch_labels.py
[2021-10-16 01:13:08,425] {processor.py:632} INFO - DAG(s) dict_keys(['example_branch_labels']) retrieved from /home/airflow/.local/lib/python3.6/site-packages/airflow/example_dags/example_branch_labels.py
[2021-10-16 01:13:08,461] {logging_mixin.py:109} INFO - [2021-10-16 01:13:08,460] {dag.py:2389} INFO - Sync 1 DAGs
[2021-10-16 01:13:08,509] {logging_mixin.py:109} INFO - [2021-10-16 01:13:08,509] {dag.py:2914} INFO - Setting next_dagrun for example_branch_labels to 2021-10-15 00:00:00+00:00
[2021-10-16 01:13:08,564] {processor.py:171} INFO - Processing /home/airflow/.local/lib/python3.6/site-packages/airflow/example_dags/example_branch_labels.py took 0.258 seconds
[2021-10-16 01:13:39,054] {processor.py:163} INFO - Started process (PID=2283) to work on /home/airflow/.local/lib/python3.6/site-packages/airflow/example_dags/example_branch_labels.py
[2021-10-16 01:13:39,058] {processor.py:620} INFO - Processing file /home/airflow/.local/lib/python3.6/site-packages/airflow/example_dags/example_branch_labels.py for tasks to queue
[2021-10-16 01:13:39,060] {logging_mixin.py:109} INFO - [2021-10-16 01:13:39,060] {dagbag.py:500} INFO - Filling up the DagBag from /home/airflow/.local/lib/python3.6/site-packages/airflow/example_dags/example_branch_labels.py
[2021-10-16 01:13:39,105] {processor.py:632} INFO - DAG(s) dict_keys(['example_branch_labels']) retrieved from /home/airflow/.local/lib/python3.6/site-packages/airflow/example_dags/example_branch_labels.py
[2021-10-16 01:13:39,125] {logging_mixin.py:109} INFO - [2021-10-16 01:13:39,125] {dag.py:2389} INFO - Sync 1 DAGs
[2021-10-16 01:13:39,147] {logging_mixin.py:109} INFO - [2021-10-16 01:13:39,147] {dag.py:2914} INFO - Setting next_dagrun for example_branch_labels to 2021-10-15 00:00:00+00:00
[2021-10-16 01:13:39,161] {processor.py:171} INFO - Processing /home/airflow/.local/lib/python3.6/site-packages/airflow/example_dags/example_branch_labels.py took 0.113 seconds
[2021-10-16 01:14:11,407] {processor.py:163} INFO - Started process (PID=2339) to work on /home/airflow/.local/lib/python3.6/site-packages/airflow/example_dags/example_branch_labels.py
[2021-10-16 01:14:11,415] {processor.py:620} INFO - Processing file /home/airflow/.local/lib/python3.6/site-packages/airflow/example_dags/example_branch_labels.py for tasks to queue
[2021-10-16 01:14:11,422] {logging_mixin.py:109} INFO - [2021-10-16 01:14:11,422] {dagbag.py:500} INFO - Filling up the DagBag from /home/airflow/.local/lib/python3.6/site-packages/airflow/example_dags/example_branch_labels.py
[2021-10-16 01:14:11,599] {processor.py:632} INFO - DAG(s) dict_keys(['example_branch_labels']) retrieved from /home/airflow/.local/lib/python3.6/site-packages/airflow/example_dags/example_branch_labels.py
[2021-10-16 01:14:11,650] {logging_mixin.py:109} INFO - [2021-10-16 01:14:11,650] {dag.py:2389} INFO - Sync 1 DAGs
[2021-10-16 01:14:11,752] {logging_mixin.py:109} INFO - [2021-10-16 01:14:11,752] {dag.py:2914} INFO - Setting next_dagrun for example_branch_labels to 2021-10-15 00:00:00+00:00
[2021-10-16 01:14:11,779] {processor.py:171} INFO - Processing /home/airflow/.local/lib/python3.6/site-packages/airflow/example_dags/example_branch_labels.py took 0.385 seconds
[2021-10-16 01:14:41,976] {processor.py:163} INFO - Started process (PID=2393) to work on /home/airflow/.local/lib/python3.6/site-packages/airflow/example_dags/example_branch_labels.py
[2021-10-16 01:14:41,979] {processor.py:620} INFO - Processing file /home/airflow/.local/lib/python3.6/site-packages/airflow/example_dags/example_branch_labels.py for tasks to queue
[2021-10-16 01:14:41,985] {logging_mixin.py:109} INFO - [2021-10-16 01:14:41,985] {dagbag.py:500} INFO - Filling up the DagBag from /home/airflow/.local/lib/python3.6/site-packages/airflow/example_dags/example_branch_labels.py
[2021-10-16 01:14:42,024] {processor.py:632} INFO - DAG(s) dict_keys(['example_branch_labels']) retrieved from /home/airflow/.local/lib/python3.6/site-packages/airflow/example_dags/example_branch_labels.py
[2021-10-16 01:14:42,041] {logging_mixin.py:109} INFO - [2021-10-16 01:14:42,041] {dag.py:2389} INFO - Sync 1 DAGs
[2021-10-16 01:14:42,061] {logging_mixin.py:109} INFO - [2021-10-16 01:14:42,061] {dag.py:2914} INFO - Setting next_dagrun for example_branch_labels to 2021-10-15 00:00:00+00:00
[2021-10-16 01:14:42,076] {processor.py:171} INFO - Processing /home/airflow/.local/lib/python3.6/site-packages/airflow/example_dags/example_branch_labels.py took 0.103 seconds
