[2021-10-16 00:53:56,104] {processor.py:163} INFO - Started process (PID=66) to work on /home/airflow/.local/lib/python3.6/site-packages/airflow/example_dags/example_external_task_marker_dag.py
[2021-10-16 00:53:56,112] {processor.py:620} INFO - Processing file /home/airflow/.local/lib/python3.6/site-packages/airflow/example_dags/example_external_task_marker_dag.py for tasks to queue
[2021-10-16 00:53:56,131] {logging_mixin.py:109} INFO - [2021-10-16 00:53:56,120] {dagbag.py:500} INFO - Filling up the DagBag from /home/airflow/.local/lib/python3.6/site-packages/airflow/example_dags/example_external_task_marker_dag.py
[2021-10-16 00:53:56,742] {processor.py:632} INFO - DAG(s) dict_keys(['example_external_task_marker_parent', 'example_external_task_marker_child']) retrieved from /home/airflow/.local/lib/python3.6/site-packages/airflow/example_dags/example_external_task_marker_dag.py
[2021-10-16 00:53:56,854] {logging_mixin.py:109} INFO - [2021-10-16 00:53:56,853] {dag.py:2389} INFO - Sync 2 DAGs
[2021-10-16 00:53:56,938] {logging_mixin.py:109} INFO - [2021-10-16 00:53:56,938] {dag.py:2914} INFO - Setting next_dagrun for example_external_task_marker_child to None
[2021-10-16 00:53:56,940] {logging_mixin.py:109} INFO - [2021-10-16 00:53:56,939] {dag.py:2914} INFO - Setting next_dagrun for example_external_task_marker_parent to None
[2021-10-16 00:53:56,967] {processor.py:171} INFO - Processing /home/airflow/.local/lib/python3.6/site-packages/airflow/example_dags/example_external_task_marker_dag.py took 0.889 seconds
[2021-10-16 00:54:28,842] {processor.py:163} INFO - Started process (PID=118) to work on /home/airflow/.local/lib/python3.6/site-packages/airflow/example_dags/example_external_task_marker_dag.py
[2021-10-16 00:54:28,845] {processor.py:620} INFO - Processing file /home/airflow/.local/lib/python3.6/site-packages/airflow/example_dags/example_external_task_marker_dag.py for tasks to queue
[2021-10-16 00:54:28,856] {logging_mixin.py:109} INFO - [2021-10-16 00:54:28,856] {dagbag.py:500} INFO - Filling up the DagBag from /home/airflow/.local/lib/python3.6/site-packages/airflow/example_dags/example_external_task_marker_dag.py
[2021-10-16 00:54:28,937] {processor.py:632} INFO - DAG(s) dict_keys(['example_external_task_marker_parent', 'example_external_task_marker_child']) retrieved from /home/airflow/.local/lib/python3.6/site-packages/airflow/example_dags/example_external_task_marker_dag.py
[2021-10-16 00:54:28,997] {logging_mixin.py:109} INFO - [2021-10-16 00:54:28,994] {dag.py:2389} INFO - Sync 2 DAGs
[2021-10-16 00:54:29,057] {logging_mixin.py:109} INFO - [2021-10-16 00:54:29,056] {dag.py:2914} INFO - Setting next_dagrun for example_external_task_marker_child to None
[2021-10-16 00:54:29,058] {logging_mixin.py:109} INFO - [2021-10-16 00:54:29,058] {dag.py:2914} INFO - Setting next_dagrun for example_external_task_marker_parent to None
[2021-10-16 00:54:29,085] {processor.py:171} INFO - Processing /home/airflow/.local/lib/python3.6/site-packages/airflow/example_dags/example_external_task_marker_dag.py took 0.261 seconds
[2021-10-16 00:54:59,930] {processor.py:163} INFO - Started process (PID=171) to work on /home/airflow/.local/lib/python3.6/site-packages/airflow/example_dags/example_external_task_marker_dag.py
[2021-10-16 00:54:59,934] {processor.py:620} INFO - Processing file /home/airflow/.local/lib/python3.6/site-packages/airflow/example_dags/example_external_task_marker_dag.py for tasks to queue
[2021-10-16 00:54:59,936] {logging_mixin.py:109} INFO - [2021-10-16 00:54:59,935] {dagbag.py:500} INFO - Filling up the DagBag from /home/airflow/.local/lib/python3.6/site-packages/airflow/example_dags/example_external_task_marker_dag.py
[2021-10-16 00:54:59,991] {processor.py:632} INFO - DAG(s) dict_keys(['example_external_task_marker_parent', 'example_external_task_marker_child']) retrieved from /home/airflow/.local/lib/python3.6/site-packages/airflow/example_dags/example_external_task_marker_dag.py
[2021-10-16 00:55:00,031] {logging_mixin.py:109} INFO - [2021-10-16 00:55:00,031] {dag.py:2389} INFO - Sync 2 DAGs
[2021-10-16 00:55:00,066] {logging_mixin.py:109} INFO - [2021-10-16 00:55:00,066] {dag.py:2914} INFO - Setting next_dagrun for example_external_task_marker_child to None
[2021-10-16 00:55:00,069] {logging_mixin.py:109} INFO - [2021-10-16 00:55:00,068] {dag.py:2914} INFO - Setting next_dagrun for example_external_task_marker_parent to None
[2021-10-16 00:55:00,096] {processor.py:171} INFO - Processing /home/airflow/.local/lib/python3.6/site-packages/airflow/example_dags/example_external_task_marker_dag.py took 0.170 seconds
[2021-10-16 00:55:30,767] {processor.py:163} INFO - Started process (PID=226) to work on /home/airflow/.local/lib/python3.6/site-packages/airflow/example_dags/example_external_task_marker_dag.py
[2021-10-16 00:55:30,770] {processor.py:620} INFO - Processing file /home/airflow/.local/lib/python3.6/site-packages/airflow/example_dags/example_external_task_marker_dag.py for tasks to queue
[2021-10-16 00:55:30,772] {logging_mixin.py:109} INFO - [2021-10-16 00:55:30,771] {dagbag.py:500} INFO - Filling up the DagBag from /home/airflow/.local/lib/python3.6/site-packages/airflow/example_dags/example_external_task_marker_dag.py
[2021-10-16 00:55:30,807] {processor.py:632} INFO - DAG(s) dict_keys(['example_external_task_marker_parent', 'example_external_task_marker_child']) retrieved from /home/airflow/.local/lib/python3.6/site-packages/airflow/example_dags/example_external_task_marker_dag.py
[2021-10-16 00:55:30,833] {logging_mixin.py:109} INFO - [2021-10-16 00:55:30,833] {dag.py:2389} INFO - Sync 2 DAGs
[2021-10-16 00:55:30,854] {logging_mixin.py:109} INFO - [2021-10-16 00:55:30,853] {dag.py:2914} INFO - Setting next_dagrun for example_external_task_marker_child to None
[2021-10-16 00:55:30,855] {logging_mixin.py:109} INFO - [2021-10-16 00:55:30,855] {dag.py:2914} INFO - Setting next_dagrun for example_external_task_marker_parent to None
[2021-10-16 00:55:30,865] {processor.py:171} INFO - Processing /home/airflow/.local/lib/python3.6/site-packages/airflow/example_dags/example_external_task_marker_dag.py took 0.104 seconds
[2021-10-16 00:56:01,111] {processor.py:163} INFO - Started process (PID=291) to work on /home/airflow/.local/lib/python3.6/site-packages/airflow/example_dags/example_external_task_marker_dag.py
[2021-10-16 00:56:01,118] {processor.py:620} INFO - Processing file /home/airflow/.local/lib/python3.6/site-packages/airflow/example_dags/example_external_task_marker_dag.py for tasks to queue
[2021-10-16 00:56:01,120] {logging_mixin.py:109} INFO - [2021-10-16 00:56:01,120] {dagbag.py:500} INFO - Filling up the DagBag from /home/airflow/.local/lib/python3.6/site-packages/airflow/example_dags/example_external_task_marker_dag.py
[2021-10-16 00:56:01,208] {processor.py:632} INFO - DAG(s) dict_keys(['example_external_task_marker_parent', 'example_external_task_marker_child']) retrieved from /home/airflow/.local/lib/python3.6/site-packages/airflow/example_dags/example_external_task_marker_dag.py
[2021-10-16 00:56:01,246] {logging_mixin.py:109} INFO - [2021-10-16 00:56:01,246] {dag.py:2389} INFO - Sync 2 DAGs
[2021-10-16 00:56:01,292] {logging_mixin.py:109} INFO - [2021-10-16 00:56:01,292] {dag.py:2914} INFO - Setting next_dagrun for example_external_task_marker_child to None
[2021-10-16 00:56:01,294] {logging_mixin.py:109} INFO - [2021-10-16 00:56:01,294] {dag.py:2914} INFO - Setting next_dagrun for example_external_task_marker_parent to None
[2021-10-16 00:56:01,318] {processor.py:171} INFO - Processing /home/airflow/.local/lib/python3.6/site-packages/airflow/example_dags/example_external_task_marker_dag.py took 0.217 seconds
[2021-10-16 00:56:32,180] {processor.py:163} INFO - Started process (PID=346) to work on /home/airflow/.local/lib/python3.6/site-packages/airflow/example_dags/example_external_task_marker_dag.py
[2021-10-16 00:56:32,183] {processor.py:620} INFO - Processing file /home/airflow/.local/lib/python3.6/site-packages/airflow/example_dags/example_external_task_marker_dag.py for tasks to queue
[2021-10-16 00:56:32,186] {logging_mixin.py:109} INFO - [2021-10-16 00:56:32,186] {dagbag.py:500} INFO - Filling up the DagBag from /home/airflow/.local/lib/python3.6/site-packages/airflow/example_dags/example_external_task_marker_dag.py
[2021-10-16 00:56:32,230] {processor.py:632} INFO - DAG(s) dict_keys(['example_external_task_marker_parent', 'example_external_task_marker_child']) retrieved from /home/airflow/.local/lib/python3.6/site-packages/airflow/example_dags/example_external_task_marker_dag.py
[2021-10-16 00:56:32,252] {logging_mixin.py:109} INFO - [2021-10-16 00:56:32,252] {dag.py:2389} INFO - Sync 2 DAGs
[2021-10-16 00:56:32,273] {logging_mixin.py:109} INFO - [2021-10-16 00:56:32,273] {dag.py:2914} INFO - Setting next_dagrun for example_external_task_marker_child to None
[2021-10-16 00:56:32,274] {logging_mixin.py:109} INFO - [2021-10-16 00:56:32,274] {dag.py:2914} INFO - Setting next_dagrun for example_external_task_marker_parent to None
[2021-10-16 00:56:32,288] {processor.py:171} INFO - Processing /home/airflow/.local/lib/python3.6/site-packages/airflow/example_dags/example_external_task_marker_dag.py took 0.113 seconds
[2021-10-16 00:57:02,812] {processor.py:163} INFO - Started process (PID=401) to work on /home/airflow/.local/lib/python3.6/site-packages/airflow/example_dags/example_external_task_marker_dag.py
[2021-10-16 00:57:02,815] {processor.py:620} INFO - Processing file /home/airflow/.local/lib/python3.6/site-packages/airflow/example_dags/example_external_task_marker_dag.py for tasks to queue
[2021-10-16 00:57:02,816] {logging_mixin.py:109} INFO - [2021-10-16 00:57:02,816] {dagbag.py:500} INFO - Filling up the DagBag from /home/airflow/.local/lib/python3.6/site-packages/airflow/example_dags/example_external_task_marker_dag.py
[2021-10-16 00:57:02,847] {processor.py:632} INFO - DAG(s) dict_keys(['example_external_task_marker_parent', 'example_external_task_marker_child']) retrieved from /home/airflow/.local/lib/python3.6/site-packages/airflow/example_dags/example_external_task_marker_dag.py
[2021-10-16 00:57:02,864] {logging_mixin.py:109} INFO - [2021-10-16 00:57:02,864] {dag.py:2389} INFO - Sync 2 DAGs
[2021-10-16 00:57:02,882] {logging_mixin.py:109} INFO - [2021-10-16 00:57:02,882] {dag.py:2914} INFO - Setting next_dagrun for example_external_task_marker_child to None
[2021-10-16 00:57:02,884] {logging_mixin.py:109} INFO - [2021-10-16 00:57:02,883] {dag.py:2914} INFO - Setting next_dagrun for example_external_task_marker_parent to None
[2021-10-16 00:57:02,894] {processor.py:171} INFO - Processing /home/airflow/.local/lib/python3.6/site-packages/airflow/example_dags/example_external_task_marker_dag.py took 0.086 seconds
[2021-10-16 00:57:33,263] {processor.py:163} INFO - Started process (PID=457) to work on /home/airflow/.local/lib/python3.6/site-packages/airflow/example_dags/example_external_task_marker_dag.py
[2021-10-16 00:57:33,245] {processor.py:620} INFO - Processing file /home/airflow/.local/lib/python3.6/site-packages/airflow/example_dags/example_external_task_marker_dag.py for tasks to queue
[2021-10-16 00:57:33,248] {logging_mixin.py:109} INFO - [2021-10-16 00:57:33,248] {dagbag.py:500} INFO - Filling up the DagBag from /home/airflow/.local/lib/python3.6/site-packages/airflow/example_dags/example_external_task_marker_dag.py
[2021-10-16 00:57:33,307] {processor.py:632} INFO - DAG(s) dict_keys(['example_external_task_marker_parent', 'example_external_task_marker_child']) retrieved from /home/airflow/.local/lib/python3.6/site-packages/airflow/example_dags/example_external_task_marker_dag.py
[2021-10-16 00:57:33,351] {logging_mixin.py:109} INFO - [2021-10-16 00:57:33,351] {dag.py:2389} INFO - Sync 2 DAGs
[2021-10-16 00:57:33,406] {logging_mixin.py:109} INFO - [2021-10-16 00:57:33,406] {dag.py:2914} INFO - Setting next_dagrun for example_external_task_marker_child to None
[2021-10-16 00:57:33,407] {logging_mixin.py:109} INFO - [2021-10-16 00:57:33,407] {dag.py:2914} INFO - Setting next_dagrun for example_external_task_marker_parent to None
[2021-10-16 00:57:33,431] {processor.py:171} INFO - Processing /home/airflow/.local/lib/python3.6/site-packages/airflow/example_dags/example_external_task_marker_dag.py took 0.197 seconds
[2021-10-16 00:58:03,889] {processor.py:163} INFO - Started process (PID=520) to work on /home/airflow/.local/lib/python3.6/site-packages/airflow/example_dags/example_external_task_marker_dag.py
[2021-10-16 00:58:03,893] {processor.py:620} INFO - Processing file /home/airflow/.local/lib/python3.6/site-packages/airflow/example_dags/example_external_task_marker_dag.py for tasks to queue
[2021-10-16 00:58:03,896] {logging_mixin.py:109} INFO - [2021-10-16 00:58:03,896] {dagbag.py:500} INFO - Filling up the DagBag from /home/airflow/.local/lib/python3.6/site-packages/airflow/example_dags/example_external_task_marker_dag.py
[2021-10-16 00:58:03,964] {processor.py:632} INFO - DAG(s) dict_keys(['example_external_task_marker_parent', 'example_external_task_marker_child']) retrieved from /home/airflow/.local/lib/python3.6/site-packages/airflow/example_dags/example_external_task_marker_dag.py
[2021-10-16 00:58:04,015] {logging_mixin.py:109} INFO - [2021-10-16 00:58:04,015] {dag.py:2389} INFO - Sync 2 DAGs
[2021-10-16 00:58:04,064] {logging_mixin.py:109} INFO - [2021-10-16 00:58:04,064] {dag.py:2914} INFO - Setting next_dagrun for example_external_task_marker_child to None
[2021-10-16 00:58:04,065] {logging_mixin.py:109} INFO - [2021-10-16 00:58:04,065] {dag.py:2914} INFO - Setting next_dagrun for example_external_task_marker_parent to None
[2021-10-16 00:58:04,093] {processor.py:171} INFO - Processing /home/airflow/.local/lib/python3.6/site-packages/airflow/example_dags/example_external_task_marker_dag.py took 0.221 seconds
[2021-10-16 00:58:34,304] {processor.py:163} INFO - Started process (PID=573) to work on /home/airflow/.local/lib/python3.6/site-packages/airflow/example_dags/example_external_task_marker_dag.py
[2021-10-16 00:58:34,307] {processor.py:620} INFO - Processing file /home/airflow/.local/lib/python3.6/site-packages/airflow/example_dags/example_external_task_marker_dag.py for tasks to queue
[2021-10-16 00:58:34,309] {logging_mixin.py:109} INFO - [2021-10-16 00:58:34,309] {dagbag.py:500} INFO - Filling up the DagBag from /home/airflow/.local/lib/python3.6/site-packages/airflow/example_dags/example_external_task_marker_dag.py
[2021-10-16 00:58:34,370] {processor.py:632} INFO - DAG(s) dict_keys(['example_external_task_marker_parent', 'example_external_task_marker_child']) retrieved from /home/airflow/.local/lib/python3.6/site-packages/airflow/example_dags/example_external_task_marker_dag.py
[2021-10-16 00:58:34,407] {logging_mixin.py:109} INFO - [2021-10-16 00:58:34,406] {dag.py:2389} INFO - Sync 2 DAGs
[2021-10-16 00:58:34,431] {logging_mixin.py:109} INFO - [2021-10-16 00:58:34,431] {dag.py:2914} INFO - Setting next_dagrun for example_external_task_marker_child to None
[2021-10-16 00:58:34,433] {logging_mixin.py:109} INFO - [2021-10-16 00:58:34,433] {dag.py:2914} INFO - Setting next_dagrun for example_external_task_marker_parent to None
[2021-10-16 00:58:34,450] {processor.py:171} INFO - Processing /home/airflow/.local/lib/python3.6/site-packages/airflow/example_dags/example_external_task_marker_dag.py took 0.156 seconds
[2021-10-16 00:59:04,632] {processor.py:163} INFO - Started process (PID=627) to work on /home/airflow/.local/lib/python3.6/site-packages/airflow/example_dags/example_external_task_marker_dag.py
[2021-10-16 00:59:04,639] {processor.py:620} INFO - Processing file /home/airflow/.local/lib/python3.6/site-packages/airflow/example_dags/example_external_task_marker_dag.py for tasks to queue
[2021-10-16 00:59:04,640] {logging_mixin.py:109} INFO - [2021-10-16 00:59:04,640] {dagbag.py:500} INFO - Filling up the DagBag from /home/airflow/.local/lib/python3.6/site-packages/airflow/example_dags/example_external_task_marker_dag.py
[2021-10-16 00:59:04,672] {processor.py:632} INFO - DAG(s) dict_keys(['example_external_task_marker_parent', 'example_external_task_marker_child']) retrieved from /home/airflow/.local/lib/python3.6/site-packages/airflow/example_dags/example_external_task_marker_dag.py
[2021-10-16 00:59:04,687] {logging_mixin.py:109} INFO - [2021-10-16 00:59:04,687] {dag.py:2389} INFO - Sync 2 DAGs
[2021-10-16 00:59:04,704] {logging_mixin.py:109} INFO - [2021-10-16 00:59:04,704] {dag.py:2914} INFO - Setting next_dagrun for example_external_task_marker_child to None
[2021-10-16 00:59:04,705] {logging_mixin.py:109} INFO - [2021-10-16 00:59:04,705] {dag.py:2914} INFO - Setting next_dagrun for example_external_task_marker_parent to None
[2021-10-16 00:59:04,719] {processor.py:171} INFO - Processing /home/airflow/.local/lib/python3.6/site-packages/airflow/example_dags/example_external_task_marker_dag.py took 0.092 seconds
[2021-10-16 00:59:35,512] {processor.py:163} INFO - Started process (PID=687) to work on /home/airflow/.local/lib/python3.6/site-packages/airflow/example_dags/example_external_task_marker_dag.py
[2021-10-16 00:59:35,520] {processor.py:620} INFO - Processing file /home/airflow/.local/lib/python3.6/site-packages/airflow/example_dags/example_external_task_marker_dag.py for tasks to queue
[2021-10-16 00:59:35,522] {logging_mixin.py:109} INFO - [2021-10-16 00:59:35,522] {dagbag.py:500} INFO - Filling up the DagBag from /home/airflow/.local/lib/python3.6/site-packages/airflow/example_dags/example_external_task_marker_dag.py
[2021-10-16 00:59:35,590] {processor.py:632} INFO - DAG(s) dict_keys(['example_external_task_marker_parent', 'example_external_task_marker_child']) retrieved from /home/airflow/.local/lib/python3.6/site-packages/airflow/example_dags/example_external_task_marker_dag.py
[2021-10-16 00:59:35,621] {logging_mixin.py:109} INFO - [2021-10-16 00:59:35,620] {dag.py:2389} INFO - Sync 2 DAGs
[2021-10-16 00:59:35,655] {logging_mixin.py:109} INFO - [2021-10-16 00:59:35,655] {dag.py:2914} INFO - Setting next_dagrun for example_external_task_marker_child to None
[2021-10-16 00:59:35,657] {logging_mixin.py:109} INFO - [2021-10-16 00:59:35,657] {dag.py:2914} INFO - Setting next_dagrun for example_external_task_marker_parent to None
[2021-10-16 00:59:35,699] {processor.py:171} INFO - Processing /home/airflow/.local/lib/python3.6/site-packages/airflow/example_dags/example_external_task_marker_dag.py took 0.195 seconds
[2021-10-16 01:00:06,403] {processor.py:163} INFO - Started process (PID=741) to work on /home/airflow/.local/lib/python3.6/site-packages/airflow/example_dags/example_external_task_marker_dag.py
[2021-10-16 01:00:06,409] {processor.py:620} INFO - Processing file /home/airflow/.local/lib/python3.6/site-packages/airflow/example_dags/example_external_task_marker_dag.py for tasks to queue
[2021-10-16 01:00:06,416] {logging_mixin.py:109} INFO - [2021-10-16 01:00:06,416] {dagbag.py:500} INFO - Filling up the DagBag from /home/airflow/.local/lib/python3.6/site-packages/airflow/example_dags/example_external_task_marker_dag.py
[2021-10-16 01:00:06,483] {processor.py:632} INFO - DAG(s) dict_keys(['example_external_task_marker_parent', 'example_external_task_marker_child']) retrieved from /home/airflow/.local/lib/python3.6/site-packages/airflow/example_dags/example_external_task_marker_dag.py
[2021-10-16 01:00:06,526] {logging_mixin.py:109} INFO - [2021-10-16 01:00:06,526] {dag.py:2389} INFO - Sync 2 DAGs
[2021-10-16 01:00:06,610] {logging_mixin.py:109} INFO - [2021-10-16 01:00:06,610] {dag.py:2914} INFO - Setting next_dagrun for example_external_task_marker_child to None
[2021-10-16 01:00:06,618] {logging_mixin.py:109} INFO - [2021-10-16 01:00:06,618] {dag.py:2914} INFO - Setting next_dagrun for example_external_task_marker_parent to None
[2021-10-16 01:00:06,651] {processor.py:171} INFO - Processing /home/airflow/.local/lib/python3.6/site-packages/airflow/example_dags/example_external_task_marker_dag.py took 0.284 seconds
[2021-10-16 01:00:37,474] {processor.py:163} INFO - Started process (PID=806) to work on /home/airflow/.local/lib/python3.6/site-packages/airflow/example_dags/example_external_task_marker_dag.py
[2021-10-16 01:00:37,481] {processor.py:620} INFO - Processing file /home/airflow/.local/lib/python3.6/site-packages/airflow/example_dags/example_external_task_marker_dag.py for tasks to queue
[2021-10-16 01:00:37,482] {logging_mixin.py:109} INFO - [2021-10-16 01:00:37,482] {dagbag.py:500} INFO - Filling up the DagBag from /home/airflow/.local/lib/python3.6/site-packages/airflow/example_dags/example_external_task_marker_dag.py
[2021-10-16 01:00:37,511] {processor.py:632} INFO - DAG(s) dict_keys(['example_external_task_marker_parent', 'example_external_task_marker_child']) retrieved from /home/airflow/.local/lib/python3.6/site-packages/airflow/example_dags/example_external_task_marker_dag.py
[2021-10-16 01:00:37,527] {logging_mixin.py:109} INFO - [2021-10-16 01:00:37,527] {dag.py:2389} INFO - Sync 2 DAGs
[2021-10-16 01:00:37,549] {logging_mixin.py:109} INFO - [2021-10-16 01:00:37,549] {dag.py:2914} INFO - Setting next_dagrun for example_external_task_marker_child to None
[2021-10-16 01:00:37,551] {logging_mixin.py:109} INFO - [2021-10-16 01:00:37,551] {dag.py:2914} INFO - Setting next_dagrun for example_external_task_marker_parent to None
[2021-10-16 01:00:37,562] {processor.py:171} INFO - Processing /home/airflow/.local/lib/python3.6/site-packages/airflow/example_dags/example_external_task_marker_dag.py took 0.094 seconds
[2021-10-16 01:01:07,888] {processor.py:163} INFO - Started process (PID=862) to work on /home/airflow/.local/lib/python3.6/site-packages/airflow/example_dags/example_external_task_marker_dag.py
[2021-10-16 01:01:07,898] {processor.py:620} INFO - Processing file /home/airflow/.local/lib/python3.6/site-packages/airflow/example_dags/example_external_task_marker_dag.py for tasks to queue
[2021-10-16 01:01:07,901] {logging_mixin.py:109} INFO - [2021-10-16 01:01:07,901] {dagbag.py:500} INFO - Filling up the DagBag from /home/airflow/.local/lib/python3.6/site-packages/airflow/example_dags/example_external_task_marker_dag.py
[2021-10-16 01:01:08,025] {processor.py:632} INFO - DAG(s) dict_keys(['example_external_task_marker_parent', 'example_external_task_marker_child']) retrieved from /home/airflow/.local/lib/python3.6/site-packages/airflow/example_dags/example_external_task_marker_dag.py
[2021-10-16 01:01:08,068] {logging_mixin.py:109} INFO - [2021-10-16 01:01:08,068] {dag.py:2389} INFO - Sync 2 DAGs
[2021-10-16 01:01:08,124] {logging_mixin.py:109} INFO - [2021-10-16 01:01:08,124] {dag.py:2914} INFO - Setting next_dagrun for example_external_task_marker_child to None
[2021-10-16 01:01:08,126] {logging_mixin.py:109} INFO - [2021-10-16 01:01:08,126] {dag.py:2914} INFO - Setting next_dagrun for example_external_task_marker_parent to None
[2021-10-16 01:01:08,147] {processor.py:171} INFO - Processing /home/airflow/.local/lib/python3.6/site-packages/airflow/example_dags/example_external_task_marker_dag.py took 0.269 seconds
[2021-10-16 01:01:38,342] {processor.py:163} INFO - Started process (PID=918) to work on /home/airflow/.local/lib/python3.6/site-packages/airflow/example_dags/example_external_task_marker_dag.py
[2021-10-16 01:01:38,347] {processor.py:620} INFO - Processing file /home/airflow/.local/lib/python3.6/site-packages/airflow/example_dags/example_external_task_marker_dag.py for tasks to queue
[2021-10-16 01:01:38,350] {logging_mixin.py:109} INFO - [2021-10-16 01:01:38,350] {dagbag.py:500} INFO - Filling up the DagBag from /home/airflow/.local/lib/python3.6/site-packages/airflow/example_dags/example_external_task_marker_dag.py
[2021-10-16 01:01:38,405] {processor.py:632} INFO - DAG(s) dict_keys(['example_external_task_marker_parent', 'example_external_task_marker_child']) retrieved from /home/airflow/.local/lib/python3.6/site-packages/airflow/example_dags/example_external_task_marker_dag.py
[2021-10-16 01:01:38,438] {logging_mixin.py:109} INFO - [2021-10-16 01:01:38,438] {dag.py:2389} INFO - Sync 2 DAGs
[2021-10-16 01:01:38,473] {logging_mixin.py:109} INFO - [2021-10-16 01:01:38,473] {dag.py:2914} INFO - Setting next_dagrun for example_external_task_marker_child to None
[2021-10-16 01:01:38,476] {logging_mixin.py:109} INFO - [2021-10-16 01:01:38,476] {dag.py:2914} INFO - Setting next_dagrun for example_external_task_marker_parent to None
[2021-10-16 01:01:38,503] {processor.py:171} INFO - Processing /home/airflow/.local/lib/python3.6/site-packages/airflow/example_dags/example_external_task_marker_dag.py took 0.169 seconds
[2021-10-16 01:02:09,173] {processor.py:163} INFO - Started process (PID=984) to work on /home/airflow/.local/lib/python3.6/site-packages/airflow/example_dags/example_external_task_marker_dag.py
[2021-10-16 01:02:09,175] {processor.py:620} INFO - Processing file /home/airflow/.local/lib/python3.6/site-packages/airflow/example_dags/example_external_task_marker_dag.py for tasks to queue
[2021-10-16 01:02:09,176] {logging_mixin.py:109} INFO - [2021-10-16 01:02:09,176] {dagbag.py:500} INFO - Filling up the DagBag from /home/airflow/.local/lib/python3.6/site-packages/airflow/example_dags/example_external_task_marker_dag.py
[2021-10-16 01:02:09,214] {processor.py:632} INFO - DAG(s) dict_keys(['example_external_task_marker_parent', 'example_external_task_marker_child']) retrieved from /home/airflow/.local/lib/python3.6/site-packages/airflow/example_dags/example_external_task_marker_dag.py
[2021-10-16 01:02:09,230] {logging_mixin.py:109} INFO - [2021-10-16 01:02:09,230] {dag.py:2389} INFO - Sync 2 DAGs
[2021-10-16 01:02:09,248] {logging_mixin.py:109} INFO - [2021-10-16 01:02:09,248] {dag.py:2914} INFO - Setting next_dagrun for example_external_task_marker_child to None
[2021-10-16 01:02:09,249] {logging_mixin.py:109} INFO - [2021-10-16 01:02:09,249] {dag.py:2914} INFO - Setting next_dagrun for example_external_task_marker_parent to None
[2021-10-16 01:02:09,259] {processor.py:171} INFO - Processing /home/airflow/.local/lib/python3.6/site-packages/airflow/example_dags/example_external_task_marker_dag.py took 0.090 seconds
[2021-10-16 01:02:39,938] {processor.py:163} INFO - Started process (PID=1042) to work on /home/airflow/.local/lib/python3.6/site-packages/airflow/example_dags/example_external_task_marker_dag.py
[2021-10-16 01:02:39,941] {processor.py:620} INFO - Processing file /home/airflow/.local/lib/python3.6/site-packages/airflow/example_dags/example_external_task_marker_dag.py for tasks to queue
[2021-10-16 01:02:39,943] {logging_mixin.py:109} INFO - [2021-10-16 01:02:39,943] {dagbag.py:500} INFO - Filling up the DagBag from /home/airflow/.local/lib/python3.6/site-packages/airflow/example_dags/example_external_task_marker_dag.py
[2021-10-16 01:02:39,980] {processor.py:632} INFO - DAG(s) dict_keys(['example_external_task_marker_parent', 'example_external_task_marker_child']) retrieved from /home/airflow/.local/lib/python3.6/site-packages/airflow/example_dags/example_external_task_marker_dag.py
[2021-10-16 01:02:40,002] {logging_mixin.py:109} INFO - [2021-10-16 01:02:40,002] {dag.py:2389} INFO - Sync 2 DAGs
[2021-10-16 01:02:40,025] {logging_mixin.py:109} INFO - [2021-10-16 01:02:40,025] {dag.py:2914} INFO - Setting next_dagrun for example_external_task_marker_child to None
[2021-10-16 01:02:40,026] {logging_mixin.py:109} INFO - [2021-10-16 01:02:40,026] {dag.py:2914} INFO - Setting next_dagrun for example_external_task_marker_parent to None
[2021-10-16 01:02:40,047] {processor.py:171} INFO - Processing /home/airflow/.local/lib/python3.6/site-packages/airflow/example_dags/example_external_task_marker_dag.py took 0.113 seconds
[2021-10-16 01:03:10,671] {processor.py:163} INFO - Started process (PID=1102) to work on /home/airflow/.local/lib/python3.6/site-packages/airflow/example_dags/example_external_task_marker_dag.py
[2021-10-16 01:03:10,678] {processor.py:620} INFO - Processing file /home/airflow/.local/lib/python3.6/site-packages/airflow/example_dags/example_external_task_marker_dag.py for tasks to queue
[2021-10-16 01:03:10,680] {logging_mixin.py:109} INFO - [2021-10-16 01:03:10,680] {dagbag.py:500} INFO - Filling up the DagBag from /home/airflow/.local/lib/python3.6/site-packages/airflow/example_dags/example_external_task_marker_dag.py
[2021-10-16 01:03:10,809] {processor.py:632} INFO - DAG(s) dict_keys(['example_external_task_marker_parent', 'example_external_task_marker_child']) retrieved from /home/airflow/.local/lib/python3.6/site-packages/airflow/example_dags/example_external_task_marker_dag.py
[2021-10-16 01:03:10,855] {logging_mixin.py:109} INFO - [2021-10-16 01:03:10,855] {dag.py:2389} INFO - Sync 2 DAGs
[2021-10-16 01:03:10,888] {logging_mixin.py:109} INFO - [2021-10-16 01:03:10,888] {dag.py:2914} INFO - Setting next_dagrun for example_external_task_marker_child to None
[2021-10-16 01:03:10,889] {logging_mixin.py:109} INFO - [2021-10-16 01:03:10,889] {dag.py:2914} INFO - Setting next_dagrun for example_external_task_marker_parent to None
[2021-10-16 01:03:10,906] {processor.py:171} INFO - Processing /home/airflow/.local/lib/python3.6/site-packages/airflow/example_dags/example_external_task_marker_dag.py took 0.254 seconds
[2021-10-16 01:03:40,978] {processor.py:163} INFO - Started process (PID=1159) to work on /home/airflow/.local/lib/python3.6/site-packages/airflow/example_dags/example_external_task_marker_dag.py
[2021-10-16 01:03:40,981] {processor.py:620} INFO - Processing file /home/airflow/.local/lib/python3.6/site-packages/airflow/example_dags/example_external_task_marker_dag.py for tasks to queue
[2021-10-16 01:03:40,982] {logging_mixin.py:109} INFO - [2021-10-16 01:03:40,982] {dagbag.py:500} INFO - Filling up the DagBag from /home/airflow/.local/lib/python3.6/site-packages/airflow/example_dags/example_external_task_marker_dag.py
[2021-10-16 01:03:41,022] {processor.py:632} INFO - DAG(s) dict_keys(['example_external_task_marker_parent', 'example_external_task_marker_child']) retrieved from /home/airflow/.local/lib/python3.6/site-packages/airflow/example_dags/example_external_task_marker_dag.py
[2021-10-16 01:03:41,046] {logging_mixin.py:109} INFO - [2021-10-16 01:03:41,045] {dag.py:2389} INFO - Sync 2 DAGs
[2021-10-16 01:03:41,070] {logging_mixin.py:109} INFO - [2021-10-16 01:03:41,070] {dag.py:2914} INFO - Setting next_dagrun for example_external_task_marker_child to None
[2021-10-16 01:03:41,071] {logging_mixin.py:109} INFO - [2021-10-16 01:03:41,071] {dag.py:2914} INFO - Setting next_dagrun for example_external_task_marker_parent to None
[2021-10-16 01:03:41,090] {processor.py:171} INFO - Processing /home/airflow/.local/lib/python3.6/site-packages/airflow/example_dags/example_external_task_marker_dag.py took 0.116 seconds
[2021-10-16 01:04:11,290] {processor.py:163} INFO - Started process (PID=1214) to work on /home/airflow/.local/lib/python3.6/site-packages/airflow/example_dags/example_external_task_marker_dag.py
[2021-10-16 01:04:11,296] {processor.py:620} INFO - Processing file /home/airflow/.local/lib/python3.6/site-packages/airflow/example_dags/example_external_task_marker_dag.py for tasks to queue
[2021-10-16 01:04:11,298] {logging_mixin.py:109} INFO - [2021-10-16 01:04:11,298] {dagbag.py:500} INFO - Filling up the DagBag from /home/airflow/.local/lib/python3.6/site-packages/airflow/example_dags/example_external_task_marker_dag.py
[2021-10-16 01:04:11,347] {processor.py:632} INFO - DAG(s) dict_keys(['example_external_task_marker_parent', 'example_external_task_marker_child']) retrieved from /home/airflow/.local/lib/python3.6/site-packages/airflow/example_dags/example_external_task_marker_dag.py
[2021-10-16 01:04:11,381] {logging_mixin.py:109} INFO - [2021-10-16 01:04:11,381] {dag.py:2389} INFO - Sync 2 DAGs
[2021-10-16 01:04:11,402] {logging_mixin.py:109} INFO - [2021-10-16 01:04:11,402] {dag.py:2914} INFO - Setting next_dagrun for example_external_task_marker_child to None
[2021-10-16 01:04:11,403] {logging_mixin.py:109} INFO - [2021-10-16 01:04:11,403] {dag.py:2914} INFO - Setting next_dagrun for example_external_task_marker_parent to None
[2021-10-16 01:04:11,413] {processor.py:171} INFO - Processing /home/airflow/.local/lib/python3.6/site-packages/airflow/example_dags/example_external_task_marker_dag.py took 0.127 seconds
[2021-10-16 01:04:42,448] {processor.py:163} INFO - Started process (PID=1278) to work on /home/airflow/.local/lib/python3.6/site-packages/airflow/example_dags/example_external_task_marker_dag.py
[2021-10-16 01:04:42,456] {processor.py:620} INFO - Processing file /home/airflow/.local/lib/python3.6/site-packages/airflow/example_dags/example_external_task_marker_dag.py for tasks to queue
[2021-10-16 01:04:42,460] {logging_mixin.py:109} INFO - [2021-10-16 01:04:42,459] {dagbag.py:500} INFO - Filling up the DagBag from /home/airflow/.local/lib/python3.6/site-packages/airflow/example_dags/example_external_task_marker_dag.py
[2021-10-16 01:04:42,552] {processor.py:632} INFO - DAG(s) dict_keys(['example_external_task_marker_parent', 'example_external_task_marker_child']) retrieved from /home/airflow/.local/lib/python3.6/site-packages/airflow/example_dags/example_external_task_marker_dag.py
[2021-10-16 01:04:42,624] {logging_mixin.py:109} INFO - [2021-10-16 01:04:42,622] {dag.py:2389} INFO - Sync 2 DAGs
[2021-10-16 01:04:42,703] {logging_mixin.py:109} INFO - [2021-10-16 01:04:42,703] {dag.py:2914} INFO - Setting next_dagrun for example_external_task_marker_child to None
[2021-10-16 01:04:42,712] {logging_mixin.py:109} INFO - [2021-10-16 01:04:42,706] {dag.py:2914} INFO - Setting next_dagrun for example_external_task_marker_parent to None
[2021-10-16 01:04:42,780] {processor.py:171} INFO - Processing /home/airflow/.local/lib/python3.6/site-packages/airflow/example_dags/example_external_task_marker_dag.py took 0.348 seconds
[2021-10-16 01:05:13,094] {processor.py:163} INFO - Started process (PID=1324) to work on /home/airflow/.local/lib/python3.6/site-packages/airflow/example_dags/example_external_task_marker_dag.py
[2021-10-16 01:05:13,103] {processor.py:620} INFO - Processing file /home/airflow/.local/lib/python3.6/site-packages/airflow/example_dags/example_external_task_marker_dag.py for tasks to queue
[2021-10-16 01:05:13,105] {logging_mixin.py:109} INFO - [2021-10-16 01:05:13,105] {dagbag.py:500} INFO - Filling up the DagBag from /home/airflow/.local/lib/python3.6/site-packages/airflow/example_dags/example_external_task_marker_dag.py
[2021-10-16 01:05:13,144] {processor.py:632} INFO - DAG(s) dict_keys(['example_external_task_marker_parent', 'example_external_task_marker_child']) retrieved from /home/airflow/.local/lib/python3.6/site-packages/airflow/example_dags/example_external_task_marker_dag.py
[2021-10-16 01:05:13,161] {logging_mixin.py:109} INFO - [2021-10-16 01:05:13,160] {dag.py:2389} INFO - Sync 2 DAGs
[2021-10-16 01:05:13,182] {logging_mixin.py:109} INFO - [2021-10-16 01:05:13,182] {dag.py:2914} INFO - Setting next_dagrun for example_external_task_marker_child to None
[2021-10-16 01:05:13,183] {logging_mixin.py:109} INFO - [2021-10-16 01:05:13,183] {dag.py:2914} INFO - Setting next_dagrun for example_external_task_marker_parent to None
[2021-10-16 01:05:13,196] {processor.py:171} INFO - Processing /home/airflow/.local/lib/python3.6/site-packages/airflow/example_dags/example_external_task_marker_dag.py took 0.107 seconds
[2021-10-16 01:05:43,602] {processor.py:163} INFO - Started process (PID=1387) to work on /home/airflow/.local/lib/python3.6/site-packages/airflow/example_dags/example_external_task_marker_dag.py
[2021-10-16 01:05:43,609] {processor.py:620} INFO - Processing file /home/airflow/.local/lib/python3.6/site-packages/airflow/example_dags/example_external_task_marker_dag.py for tasks to queue
[2021-10-16 01:05:43,611] {logging_mixin.py:109} INFO - [2021-10-16 01:05:43,611] {dagbag.py:500} INFO - Filling up the DagBag from /home/airflow/.local/lib/python3.6/site-packages/airflow/example_dags/example_external_task_marker_dag.py
[2021-10-16 01:05:43,698] {processor.py:632} INFO - DAG(s) dict_keys(['example_external_task_marker_parent', 'example_external_task_marker_child']) retrieved from /home/airflow/.local/lib/python3.6/site-packages/airflow/example_dags/example_external_task_marker_dag.py
[2021-10-16 01:05:43,754] {logging_mixin.py:109} INFO - [2021-10-16 01:05:43,754] {dag.py:2389} INFO - Sync 2 DAGs
[2021-10-16 01:05:43,786] {logging_mixin.py:109} INFO - [2021-10-16 01:05:43,786] {dag.py:2914} INFO - Setting next_dagrun for example_external_task_marker_child to None
[2021-10-16 01:05:43,787] {logging_mixin.py:109} INFO - [2021-10-16 01:05:43,787] {dag.py:2914} INFO - Setting next_dagrun for example_external_task_marker_parent to None
[2021-10-16 01:05:43,808] {processor.py:171} INFO - Processing /home/airflow/.local/lib/python3.6/site-packages/airflow/example_dags/example_external_task_marker_dag.py took 0.210 seconds
[2021-10-16 01:06:14,321] {processor.py:163} INFO - Started process (PID=1442) to work on /home/airflow/.local/lib/python3.6/site-packages/airflow/example_dags/example_external_task_marker_dag.py
[2021-10-16 01:06:14,325] {processor.py:620} INFO - Processing file /home/airflow/.local/lib/python3.6/site-packages/airflow/example_dags/example_external_task_marker_dag.py for tasks to queue
[2021-10-16 01:06:14,328] {logging_mixin.py:109} INFO - [2021-10-16 01:06:14,328] {dagbag.py:500} INFO - Filling up the DagBag from /home/airflow/.local/lib/python3.6/site-packages/airflow/example_dags/example_external_task_marker_dag.py
[2021-10-16 01:06:14,384] {processor.py:632} INFO - DAG(s) dict_keys(['example_external_task_marker_parent', 'example_external_task_marker_child']) retrieved from /home/airflow/.local/lib/python3.6/site-packages/airflow/example_dags/example_external_task_marker_dag.py
[2021-10-16 01:06:14,414] {logging_mixin.py:109} INFO - [2021-10-16 01:06:14,413] {dag.py:2389} INFO - Sync 2 DAGs
[2021-10-16 01:06:14,442] {logging_mixin.py:109} INFO - [2021-10-16 01:06:14,442] {dag.py:2914} INFO - Setting next_dagrun for example_external_task_marker_child to None
[2021-10-16 01:06:14,444] {logging_mixin.py:109} INFO - [2021-10-16 01:06:14,444] {dag.py:2914} INFO - Setting next_dagrun for example_external_task_marker_parent to None
[2021-10-16 01:06:14,462] {processor.py:171} INFO - Processing /home/airflow/.local/lib/python3.6/site-packages/airflow/example_dags/example_external_task_marker_dag.py took 0.152 seconds
[2021-10-16 01:06:44,684] {processor.py:163} INFO - Started process (PID=1496) to work on /home/airflow/.local/lib/python3.6/site-packages/airflow/example_dags/example_external_task_marker_dag.py
[2021-10-16 01:06:44,688] {processor.py:620} INFO - Processing file /home/airflow/.local/lib/python3.6/site-packages/airflow/example_dags/example_external_task_marker_dag.py for tasks to queue
[2021-10-16 01:06:44,690] {logging_mixin.py:109} INFO - [2021-10-16 01:06:44,690] {dagbag.py:500} INFO - Filling up the DagBag from /home/airflow/.local/lib/python3.6/site-packages/airflow/example_dags/example_external_task_marker_dag.py
[2021-10-16 01:06:44,744] {processor.py:632} INFO - DAG(s) dict_keys(['example_external_task_marker_parent', 'example_external_task_marker_child']) retrieved from /home/airflow/.local/lib/python3.6/site-packages/airflow/example_dags/example_external_task_marker_dag.py
[2021-10-16 01:06:44,771] {logging_mixin.py:109} INFO - [2021-10-16 01:06:44,771] {dag.py:2389} INFO - Sync 2 DAGs
[2021-10-16 01:06:44,799] {logging_mixin.py:109} INFO - [2021-10-16 01:06:44,798] {dag.py:2914} INFO - Setting next_dagrun for example_external_task_marker_child to None
[2021-10-16 01:06:44,801] {logging_mixin.py:109} INFO - [2021-10-16 01:06:44,801] {dag.py:2914} INFO - Setting next_dagrun for example_external_task_marker_parent to None
[2021-10-16 01:06:44,819] {processor.py:171} INFO - Processing /home/airflow/.local/lib/python3.6/site-packages/airflow/example_dags/example_external_task_marker_dag.py took 0.140 seconds
[2021-10-16 01:07:15,193] {processor.py:163} INFO - Started process (PID=1549) to work on /home/airflow/.local/lib/python3.6/site-packages/airflow/example_dags/example_external_task_marker_dag.py
[2021-10-16 01:07:15,195] {processor.py:620} INFO - Processing file /home/airflow/.local/lib/python3.6/site-packages/airflow/example_dags/example_external_task_marker_dag.py for tasks to queue
[2021-10-16 01:07:15,197] {logging_mixin.py:109} INFO - [2021-10-16 01:07:15,197] {dagbag.py:500} INFO - Filling up the DagBag from /home/airflow/.local/lib/python3.6/site-packages/airflow/example_dags/example_external_task_marker_dag.py
[2021-10-16 01:07:15,235] {processor.py:632} INFO - DAG(s) dict_keys(['example_external_task_marker_parent', 'example_external_task_marker_child']) retrieved from /home/airflow/.local/lib/python3.6/site-packages/airflow/example_dags/example_external_task_marker_dag.py
[2021-10-16 01:07:15,251] {logging_mixin.py:109} INFO - [2021-10-16 01:07:15,251] {dag.py:2389} INFO - Sync 2 DAGs
[2021-10-16 01:07:15,273] {logging_mixin.py:109} INFO - [2021-10-16 01:07:15,273] {dag.py:2914} INFO - Setting next_dagrun for example_external_task_marker_child to None
[2021-10-16 01:07:15,274] {logging_mixin.py:109} INFO - [2021-10-16 01:07:15,274] {dag.py:2914} INFO - Setting next_dagrun for example_external_task_marker_parent to None
[2021-10-16 01:07:15,289] {processor.py:171} INFO - Processing /home/airflow/.local/lib/python3.6/site-packages/airflow/example_dags/example_external_task_marker_dag.py took 0.100 seconds
[2021-10-16 01:07:46,052] {processor.py:163} INFO - Started process (PID=1615) to work on /home/airflow/.local/lib/python3.6/site-packages/airflow/example_dags/example_external_task_marker_dag.py
[2021-10-16 01:07:46,058] {processor.py:620} INFO - Processing file /home/airflow/.local/lib/python3.6/site-packages/airflow/example_dags/example_external_task_marker_dag.py for tasks to queue
[2021-10-16 01:07:46,063] {logging_mixin.py:109} INFO - [2021-10-16 01:07:46,062] {dagbag.py:500} INFO - Filling up the DagBag from /home/airflow/.local/lib/python3.6/site-packages/airflow/example_dags/example_external_task_marker_dag.py
[2021-10-16 01:07:46,119] {processor.py:632} INFO - DAG(s) dict_keys(['example_external_task_marker_parent', 'example_external_task_marker_child']) retrieved from /home/airflow/.local/lib/python3.6/site-packages/airflow/example_dags/example_external_task_marker_dag.py
[2021-10-16 01:07:46,146] {logging_mixin.py:109} INFO - [2021-10-16 01:07:46,146] {dag.py:2389} INFO - Sync 2 DAGs
[2021-10-16 01:07:46,175] {logging_mixin.py:109} INFO - [2021-10-16 01:07:46,175] {dag.py:2914} INFO - Setting next_dagrun for example_external_task_marker_child to None
[2021-10-16 01:07:46,176] {logging_mixin.py:109} INFO - [2021-10-16 01:07:46,176] {dag.py:2914} INFO - Setting next_dagrun for example_external_task_marker_parent to None
[2021-10-16 01:07:46,195] {processor.py:171} INFO - Processing /home/airflow/.local/lib/python3.6/site-packages/airflow/example_dags/example_external_task_marker_dag.py took 0.151 seconds
[2021-10-16 01:08:16,284] {processor.py:163} INFO - Started process (PID=1672) to work on /home/airflow/.local/lib/python3.6/site-packages/airflow/example_dags/example_external_task_marker_dag.py
[2021-10-16 01:08:16,292] {processor.py:620} INFO - Processing file /home/airflow/.local/lib/python3.6/site-packages/airflow/example_dags/example_external_task_marker_dag.py for tasks to queue
[2021-10-16 01:08:16,295] {logging_mixin.py:109} INFO - [2021-10-16 01:08:16,295] {dagbag.py:500} INFO - Filling up the DagBag from /home/airflow/.local/lib/python3.6/site-packages/airflow/example_dags/example_external_task_marker_dag.py
[2021-10-16 01:08:16,381] {processor.py:632} INFO - DAG(s) dict_keys(['example_external_task_marker_parent', 'example_external_task_marker_child']) retrieved from /home/airflow/.local/lib/python3.6/site-packages/airflow/example_dags/example_external_task_marker_dag.py
[2021-10-16 01:08:16,415] {logging_mixin.py:109} INFO - [2021-10-16 01:08:16,415] {dag.py:2389} INFO - Sync 2 DAGs
[2021-10-16 01:08:16,470] {logging_mixin.py:109} INFO - [2021-10-16 01:08:16,470] {dag.py:2914} INFO - Setting next_dagrun for example_external_task_marker_child to None
[2021-10-16 01:08:16,477] {logging_mixin.py:109} INFO - [2021-10-16 01:08:16,476] {dag.py:2914} INFO - Setting next_dagrun for example_external_task_marker_parent to None
[2021-10-16 01:08:16,510] {processor.py:171} INFO - Processing /home/airflow/.local/lib/python3.6/site-packages/airflow/example_dags/example_external_task_marker_dag.py took 0.237 seconds
[2021-10-16 01:08:47,032] {processor.py:163} INFO - Started process (PID=1736) to work on /home/airflow/.local/lib/python3.6/site-packages/airflow/example_dags/example_external_task_marker_dag.py
[2021-10-16 01:08:47,036] {processor.py:620} INFO - Processing file /home/airflow/.local/lib/python3.6/site-packages/airflow/example_dags/example_external_task_marker_dag.py for tasks to queue
[2021-10-16 01:08:47,039] {logging_mixin.py:109} INFO - [2021-10-16 01:08:47,038] {dagbag.py:500} INFO - Filling up the DagBag from /home/airflow/.local/lib/python3.6/site-packages/airflow/example_dags/example_external_task_marker_dag.py
[2021-10-16 01:08:47,113] {processor.py:632} INFO - DAG(s) dict_keys(['example_external_task_marker_parent', 'example_external_task_marker_child']) retrieved from /home/airflow/.local/lib/python3.6/site-packages/airflow/example_dags/example_external_task_marker_dag.py
[2021-10-16 01:08:47,161] {logging_mixin.py:109} INFO - [2021-10-16 01:08:47,161] {dag.py:2389} INFO - Sync 2 DAGs
[2021-10-16 01:08:47,205] {logging_mixin.py:109} INFO - [2021-10-16 01:08:47,205] {dag.py:2914} INFO - Setting next_dagrun for example_external_task_marker_child to None
[2021-10-16 01:08:47,207] {logging_mixin.py:109} INFO - [2021-10-16 01:08:47,207] {dag.py:2914} INFO - Setting next_dagrun for example_external_task_marker_parent to None
[2021-10-16 01:08:47,255] {processor.py:171} INFO - Processing /home/airflow/.local/lib/python3.6/site-packages/airflow/example_dags/example_external_task_marker_dag.py took 0.228 seconds
[2021-10-16 01:09:18,054] {processor.py:163} INFO - Started process (PID=1794) to work on /home/airflow/.local/lib/python3.6/site-packages/airflow/example_dags/example_external_task_marker_dag.py
[2021-10-16 01:09:18,056] {processor.py:620} INFO - Processing file /home/airflow/.local/lib/python3.6/site-packages/airflow/example_dags/example_external_task_marker_dag.py for tasks to queue
[2021-10-16 01:09:18,058] {logging_mixin.py:109} INFO - [2021-10-16 01:09:18,058] {dagbag.py:500} INFO - Filling up the DagBag from /home/airflow/.local/lib/python3.6/site-packages/airflow/example_dags/example_external_task_marker_dag.py
[2021-10-16 01:09:18,100] {processor.py:632} INFO - DAG(s) dict_keys(['example_external_task_marker_parent', 'example_external_task_marker_child']) retrieved from /home/airflow/.local/lib/python3.6/site-packages/airflow/example_dags/example_external_task_marker_dag.py
[2021-10-16 01:09:18,123] {logging_mixin.py:109} INFO - [2021-10-16 01:09:18,123] {dag.py:2389} INFO - Sync 2 DAGs
[2021-10-16 01:09:18,144] {logging_mixin.py:109} INFO - [2021-10-16 01:09:18,144] {dag.py:2914} INFO - Setting next_dagrun for example_external_task_marker_child to None
[2021-10-16 01:09:18,145] {logging_mixin.py:109} INFO - [2021-10-16 01:09:18,145] {dag.py:2914} INFO - Setting next_dagrun for example_external_task_marker_parent to None
[2021-10-16 01:09:18,159] {processor.py:171} INFO - Processing /home/airflow/.local/lib/python3.6/site-packages/airflow/example_dags/example_external_task_marker_dag.py took 0.109 seconds
[2021-10-16 01:09:48,397] {processor.py:163} INFO - Started process (PID=1849) to work on /home/airflow/.local/lib/python3.6/site-packages/airflow/example_dags/example_external_task_marker_dag.py
[2021-10-16 01:09:48,407] {processor.py:620} INFO - Processing file /home/airflow/.local/lib/python3.6/site-packages/airflow/example_dags/example_external_task_marker_dag.py for tasks to queue
[2021-10-16 01:09:48,415] {logging_mixin.py:109} INFO - [2021-10-16 01:09:48,415] {dagbag.py:500} INFO - Filling up the DagBag from /home/airflow/.local/lib/python3.6/site-packages/airflow/example_dags/example_external_task_marker_dag.py
[2021-10-16 01:09:48,519] {processor.py:632} INFO - DAG(s) dict_keys(['example_external_task_marker_parent', 'example_external_task_marker_child']) retrieved from /home/airflow/.local/lib/python3.6/site-packages/airflow/example_dags/example_external_task_marker_dag.py
[2021-10-16 01:09:48,553] {logging_mixin.py:109} INFO - [2021-10-16 01:09:48,553] {dag.py:2389} INFO - Sync 2 DAGs
[2021-10-16 01:09:48,603] {logging_mixin.py:109} INFO - [2021-10-16 01:09:48,603] {dag.py:2914} INFO - Setting next_dagrun for example_external_task_marker_child to None
[2021-10-16 01:09:48,605] {logging_mixin.py:109} INFO - [2021-10-16 01:09:48,605] {dag.py:2914} INFO - Setting next_dagrun for example_external_task_marker_parent to None
[2021-10-16 01:09:48,640] {processor.py:171} INFO - Processing /home/airflow/.local/lib/python3.6/site-packages/airflow/example_dags/example_external_task_marker_dag.py took 0.248 seconds
[2021-10-16 01:10:19,230] {processor.py:163} INFO - Started process (PID=1912) to work on /home/airflow/.local/lib/python3.6/site-packages/airflow/example_dags/example_external_task_marker_dag.py
[2021-10-16 01:10:19,241] {processor.py:620} INFO - Processing file /home/airflow/.local/lib/python3.6/site-packages/airflow/example_dags/example_external_task_marker_dag.py for tasks to queue
[2021-10-16 01:10:19,244] {logging_mixin.py:109} INFO - [2021-10-16 01:10:19,244] {dagbag.py:500} INFO - Filling up the DagBag from /home/airflow/.local/lib/python3.6/site-packages/airflow/example_dags/example_external_task_marker_dag.py
[2021-10-16 01:10:19,352] {processor.py:632} INFO - DAG(s) dict_keys(['example_external_task_marker_parent', 'example_external_task_marker_child']) retrieved from /home/airflow/.local/lib/python3.6/site-packages/airflow/example_dags/example_external_task_marker_dag.py
[2021-10-16 01:10:19,383] {logging_mixin.py:109} INFO - [2021-10-16 01:10:19,382] {dag.py:2389} INFO - Sync 2 DAGs
[2021-10-16 01:10:19,419] {logging_mixin.py:109} INFO - [2021-10-16 01:10:19,419] {dag.py:2914} INFO - Setting next_dagrun for example_external_task_marker_child to None
[2021-10-16 01:10:19,421] {logging_mixin.py:109} INFO - [2021-10-16 01:10:19,421] {dag.py:2914} INFO - Setting next_dagrun for example_external_task_marker_parent to None
[2021-10-16 01:10:19,443] {processor.py:171} INFO - Processing /home/airflow/.local/lib/python3.6/site-packages/airflow/example_dags/example_external_task_marker_dag.py took 0.219 seconds
[2021-10-16 01:10:49,684] {processor.py:163} INFO - Started process (PID=1969) to work on /home/airflow/.local/lib/python3.6/site-packages/airflow/example_dags/example_external_task_marker_dag.py
[2021-10-16 01:10:49,694] {processor.py:620} INFO - Processing file /home/airflow/.local/lib/python3.6/site-packages/airflow/example_dags/example_external_task_marker_dag.py for tasks to queue
[2021-10-16 01:10:49,696] {logging_mixin.py:109} INFO - [2021-10-16 01:10:49,696] {dagbag.py:500} INFO - Filling up the DagBag from /home/airflow/.local/lib/python3.6/site-packages/airflow/example_dags/example_external_task_marker_dag.py
[2021-10-16 01:10:49,746] {processor.py:632} INFO - DAG(s) dict_keys(['example_external_task_marker_parent', 'example_external_task_marker_child']) retrieved from /home/airflow/.local/lib/python3.6/site-packages/airflow/example_dags/example_external_task_marker_dag.py
[2021-10-16 01:10:49,776] {logging_mixin.py:109} INFO - [2021-10-16 01:10:49,776] {dag.py:2389} INFO - Sync 2 DAGs
[2021-10-16 01:10:49,808] {logging_mixin.py:109} INFO - [2021-10-16 01:10:49,808] {dag.py:2914} INFO - Setting next_dagrun for example_external_task_marker_child to None
[2021-10-16 01:10:49,810] {logging_mixin.py:109} INFO - [2021-10-16 01:10:49,810] {dag.py:2914} INFO - Setting next_dagrun for example_external_task_marker_parent to None
[2021-10-16 01:10:49,843] {processor.py:171} INFO - Processing /home/airflow/.local/lib/python3.6/site-packages/airflow/example_dags/example_external_task_marker_dag.py took 0.168 seconds
[2021-10-16 01:11:19,930] {processor.py:163} INFO - Started process (PID=2024) to work on /home/airflow/.local/lib/python3.6/site-packages/airflow/example_dags/example_external_task_marker_dag.py
[2021-10-16 01:11:19,936] {processor.py:620} INFO - Processing file /home/airflow/.local/lib/python3.6/site-packages/airflow/example_dags/example_external_task_marker_dag.py for tasks to queue
[2021-10-16 01:11:19,938] {logging_mixin.py:109} INFO - [2021-10-16 01:11:19,938] {dagbag.py:500} INFO - Filling up the DagBag from /home/airflow/.local/lib/python3.6/site-packages/airflow/example_dags/example_external_task_marker_dag.py
[2021-10-16 01:11:19,977] {processor.py:632} INFO - DAG(s) dict_keys(['example_external_task_marker_parent', 'example_external_task_marker_child']) retrieved from /home/airflow/.local/lib/python3.6/site-packages/airflow/example_dags/example_external_task_marker_dag.py
[2021-10-16 01:11:19,998] {logging_mixin.py:109} INFO - [2021-10-16 01:11:19,998] {dag.py:2389} INFO - Sync 2 DAGs
[2021-10-16 01:11:20,021] {logging_mixin.py:109} INFO - [2021-10-16 01:11:20,021] {dag.py:2914} INFO - Setting next_dagrun for example_external_task_marker_child to None
[2021-10-16 01:11:20,022] {logging_mixin.py:109} INFO - [2021-10-16 01:11:20,022] {dag.py:2914} INFO - Setting next_dagrun for example_external_task_marker_parent to None
[2021-10-16 01:11:20,044] {processor.py:171} INFO - Processing /home/airflow/.local/lib/python3.6/site-packages/airflow/example_dags/example_external_task_marker_dag.py took 0.124 seconds
[2021-10-16 01:11:50,102] {processor.py:163} INFO - Started process (PID=2077) to work on /home/airflow/.local/lib/python3.6/site-packages/airflow/example_dags/example_external_task_marker_dag.py
[2021-10-16 01:11:50,105] {processor.py:620} INFO - Processing file /home/airflow/.local/lib/python3.6/site-packages/airflow/example_dags/example_external_task_marker_dag.py for tasks to queue
[2021-10-16 01:11:50,108] {logging_mixin.py:109} INFO - [2021-10-16 01:11:50,107] {dagbag.py:500} INFO - Filling up the DagBag from /home/airflow/.local/lib/python3.6/site-packages/airflow/example_dags/example_external_task_marker_dag.py
[2021-10-16 01:11:50,142] {processor.py:632} INFO - DAG(s) dict_keys(['example_external_task_marker_parent', 'example_external_task_marker_child']) retrieved from /home/airflow/.local/lib/python3.6/site-packages/airflow/example_dags/example_external_task_marker_dag.py
[2021-10-16 01:11:50,163] {logging_mixin.py:109} INFO - [2021-10-16 01:11:50,163] {dag.py:2389} INFO - Sync 2 DAGs
[2021-10-16 01:11:50,192] {logging_mixin.py:109} INFO - [2021-10-16 01:11:50,192] {dag.py:2914} INFO - Setting next_dagrun for example_external_task_marker_child to None
[2021-10-16 01:11:50,193] {logging_mixin.py:109} INFO - [2021-10-16 01:11:50,193] {dag.py:2914} INFO - Setting next_dagrun for example_external_task_marker_parent to None
[2021-10-16 01:11:50,211] {processor.py:171} INFO - Processing /home/airflow/.local/lib/python3.6/site-packages/airflow/example_dags/example_external_task_marker_dag.py took 0.117 seconds
[2021-10-16 01:12:20,442] {processor.py:163} INFO - Started process (PID=2132) to work on /home/airflow/.local/lib/python3.6/site-packages/airflow/example_dags/example_external_task_marker_dag.py
[2021-10-16 01:12:20,445] {processor.py:620} INFO - Processing file /home/airflow/.local/lib/python3.6/site-packages/airflow/example_dags/example_external_task_marker_dag.py for tasks to queue
[2021-10-16 01:12:20,449] {logging_mixin.py:109} INFO - [2021-10-16 01:12:20,449] {dagbag.py:500} INFO - Filling up the DagBag from /home/airflow/.local/lib/python3.6/site-packages/airflow/example_dags/example_external_task_marker_dag.py
[2021-10-16 01:12:20,544] {processor.py:632} INFO - DAG(s) dict_keys(['example_external_task_marker_parent', 'example_external_task_marker_child']) retrieved from /home/airflow/.local/lib/python3.6/site-packages/airflow/example_dags/example_external_task_marker_dag.py
[2021-10-16 01:12:20,603] {logging_mixin.py:109} INFO - [2021-10-16 01:12:20,603] {dag.py:2389} INFO - Sync 2 DAGs
[2021-10-16 01:12:20,636] {logging_mixin.py:109} INFO - [2021-10-16 01:12:20,636] {dag.py:2914} INFO - Setting next_dagrun for example_external_task_marker_child to None
[2021-10-16 01:12:20,638] {logging_mixin.py:109} INFO - [2021-10-16 01:12:20,638] {dag.py:2914} INFO - Setting next_dagrun for example_external_task_marker_parent to None
[2021-10-16 01:12:20,654] {processor.py:171} INFO - Processing /home/airflow/.local/lib/python3.6/site-packages/airflow/example_dags/example_external_task_marker_dag.py took 0.219 seconds
[2021-10-16 01:12:51,535] {processor.py:163} INFO - Started process (PID=2198) to work on /home/airflow/.local/lib/python3.6/site-packages/airflow/example_dags/example_external_task_marker_dag.py
[2021-10-16 01:12:51,543] {processor.py:620} INFO - Processing file /home/airflow/.local/lib/python3.6/site-packages/airflow/example_dags/example_external_task_marker_dag.py for tasks to queue
[2021-10-16 01:12:51,546] {logging_mixin.py:109} INFO - [2021-10-16 01:12:51,546] {dagbag.py:500} INFO - Filling up the DagBag from /home/airflow/.local/lib/python3.6/site-packages/airflow/example_dags/example_external_task_marker_dag.py
[2021-10-16 01:12:51,660] {processor.py:632} INFO - DAG(s) dict_keys(['example_external_task_marker_parent', 'example_external_task_marker_child']) retrieved from /home/airflow/.local/lib/python3.6/site-packages/airflow/example_dags/example_external_task_marker_dag.py
[2021-10-16 01:12:51,727] {logging_mixin.py:109} INFO - [2021-10-16 01:12:51,718] {dag.py:2389} INFO - Sync 2 DAGs
[2021-10-16 01:12:51,764] {logging_mixin.py:109} INFO - [2021-10-16 01:12:51,764] {dag.py:2914} INFO - Setting next_dagrun for example_external_task_marker_child to None
[2021-10-16 01:12:51,768] {logging_mixin.py:109} INFO - [2021-10-16 01:12:51,768] {dag.py:2914} INFO - Setting next_dagrun for example_external_task_marker_parent to None
[2021-10-16 01:12:51,788] {processor.py:171} INFO - Processing /home/airflow/.local/lib/python3.6/site-packages/airflow/example_dags/example_external_task_marker_dag.py took 0.264 seconds
[2021-10-16 01:13:22,104] {processor.py:163} INFO - Started process (PID=2252) to work on /home/airflow/.local/lib/python3.6/site-packages/airflow/example_dags/example_external_task_marker_dag.py
[2021-10-16 01:13:22,116] {processor.py:620} INFO - Processing file /home/airflow/.local/lib/python3.6/site-packages/airflow/example_dags/example_external_task_marker_dag.py for tasks to queue
[2021-10-16 01:13:22,120] {logging_mixin.py:109} INFO - [2021-10-16 01:13:22,119] {dagbag.py:500} INFO - Filling up the DagBag from /home/airflow/.local/lib/python3.6/site-packages/airflow/example_dags/example_external_task_marker_dag.py
[2021-10-16 01:13:22,209] {processor.py:632} INFO - DAG(s) dict_keys(['example_external_task_marker_parent', 'example_external_task_marker_child']) retrieved from /home/airflow/.local/lib/python3.6/site-packages/airflow/example_dags/example_external_task_marker_dag.py
[2021-10-16 01:13:22,257] {logging_mixin.py:109} INFO - [2021-10-16 01:13:22,257] {dag.py:2389} INFO - Sync 2 DAGs
[2021-10-16 01:13:22,299] {logging_mixin.py:109} INFO - [2021-10-16 01:13:22,299] {dag.py:2914} INFO - Setting next_dagrun for example_external_task_marker_child to None
[2021-10-16 01:13:22,301] {logging_mixin.py:109} INFO - [2021-10-16 01:13:22,301] {dag.py:2914} INFO - Setting next_dagrun for example_external_task_marker_parent to None
[2021-10-16 01:13:22,313] {processor.py:171} INFO - Processing /home/airflow/.local/lib/python3.6/site-packages/airflow/example_dags/example_external_task_marker_dag.py took 0.213 seconds
[2021-10-16 01:13:52,929] {processor.py:163} INFO - Started process (PID=2309) to work on /home/airflow/.local/lib/python3.6/site-packages/airflow/example_dags/example_external_task_marker_dag.py
[2021-10-16 01:13:52,934] {processor.py:620} INFO - Processing file /home/airflow/.local/lib/python3.6/site-packages/airflow/example_dags/example_external_task_marker_dag.py for tasks to queue
[2021-10-16 01:13:52,940] {logging_mixin.py:109} INFO - [2021-10-16 01:13:52,940] {dagbag.py:500} INFO - Filling up the DagBag from /home/airflow/.local/lib/python3.6/site-packages/airflow/example_dags/example_external_task_marker_dag.py
[2021-10-16 01:13:52,999] {processor.py:632} INFO - DAG(s) dict_keys(['example_external_task_marker_parent', 'example_external_task_marker_child']) retrieved from /home/airflow/.local/lib/python3.6/site-packages/airflow/example_dags/example_external_task_marker_dag.py
[2021-10-16 01:13:53,026] {logging_mixin.py:109} INFO - [2021-10-16 01:13:53,026] {dag.py:2389} INFO - Sync 2 DAGs
[2021-10-16 01:13:53,050] {logging_mixin.py:109} INFO - [2021-10-16 01:13:53,050] {dag.py:2914} INFO - Setting next_dagrun for example_external_task_marker_child to None
[2021-10-16 01:13:53,052] {logging_mixin.py:109} INFO - [2021-10-16 01:13:53,051] {dag.py:2914} INFO - Setting next_dagrun for example_external_task_marker_parent to None
[2021-10-16 01:13:53,076] {processor.py:171} INFO - Processing /home/airflow/.local/lib/python3.6/site-packages/airflow/example_dags/example_external_task_marker_dag.py took 0.152 seconds
[2021-10-16 01:14:23,514] {processor.py:163} INFO - Started process (PID=2363) to work on /home/airflow/.local/lib/python3.6/site-packages/airflow/example_dags/example_external_task_marker_dag.py
[2021-10-16 01:14:23,518] {processor.py:620} INFO - Processing file /home/airflow/.local/lib/python3.6/site-packages/airflow/example_dags/example_external_task_marker_dag.py for tasks to queue
[2021-10-16 01:14:23,542] {logging_mixin.py:109} INFO - [2021-10-16 01:14:23,542] {dagbag.py:500} INFO - Filling up the DagBag from /home/airflow/.local/lib/python3.6/site-packages/airflow/example_dags/example_external_task_marker_dag.py
[2021-10-16 01:14:23,813] {processor.py:632} INFO - DAG(s) dict_keys(['example_external_task_marker_parent', 'example_external_task_marker_child']) retrieved from /home/airflow/.local/lib/python3.6/site-packages/airflow/example_dags/example_external_task_marker_dag.py
[2021-10-16 01:14:23,909] {logging_mixin.py:109} INFO - [2021-10-16 01:14:23,909] {dag.py:2389} INFO - Sync 2 DAGs
[2021-10-16 01:14:24,083] {logging_mixin.py:109} INFO - [2021-10-16 01:14:24,083] {dag.py:2914} INFO - Setting next_dagrun for example_external_task_marker_child to None
[2021-10-16 01:14:24,087] {logging_mixin.py:109} INFO - [2021-10-16 01:14:24,086] {dag.py:2914} INFO - Setting next_dagrun for example_external_task_marker_parent to None
[2021-10-16 01:14:24,168] {processor.py:171} INFO - Processing /home/airflow/.local/lib/python3.6/site-packages/airflow/example_dags/example_external_task_marker_dag.py took 0.668 seconds
[2021-10-16 01:14:55,236] {processor.py:163} INFO - Started process (PID=2417) to work on /home/airflow/.local/lib/python3.6/site-packages/airflow/example_dags/example_external_task_marker_dag.py
[2021-10-16 01:14:55,239] {processor.py:620} INFO - Processing file /home/airflow/.local/lib/python3.6/site-packages/airflow/example_dags/example_external_task_marker_dag.py for tasks to queue
[2021-10-16 01:14:55,240] {logging_mixin.py:109} INFO - [2021-10-16 01:14:55,240] {dagbag.py:500} INFO - Filling up the DagBag from /home/airflow/.local/lib/python3.6/site-packages/airflow/example_dags/example_external_task_marker_dag.py
[2021-10-16 01:14:55,289] {processor.py:632} INFO - DAG(s) dict_keys(['example_external_task_marker_parent', 'example_external_task_marker_child']) retrieved from /home/airflow/.local/lib/python3.6/site-packages/airflow/example_dags/example_external_task_marker_dag.py
[2021-10-16 01:14:55,308] {logging_mixin.py:109} INFO - [2021-10-16 01:14:55,308] {dag.py:2389} INFO - Sync 2 DAGs
[2021-10-16 01:14:55,336] {logging_mixin.py:109} INFO - [2021-10-16 01:14:55,336] {dag.py:2914} INFO - Setting next_dagrun for example_external_task_marker_child to None
[2021-10-16 01:14:55,340] {logging_mixin.py:109} INFO - [2021-10-16 01:14:55,340] {dag.py:2914} INFO - Setting next_dagrun for example_external_task_marker_parent to None
[2021-10-16 01:14:55,374] {processor.py:171} INFO - Processing /home/airflow/.local/lib/python3.6/site-packages/airflow/example_dags/example_external_task_marker_dag.py took 0.142 seconds
