[2021-10-16 00:54:03,526] {processor.py:163} INFO - Started process (PID=90) to work on /home/airflow/.local/lib/python3.6/site-packages/airflow/example_dags/example_complex.py
[2021-10-16 00:54:03,533] {processor.py:620} INFO - Processing file /home/airflow/.local/lib/python3.6/site-packages/airflow/example_dags/example_complex.py for tasks to queue
[2021-10-16 00:54:03,538] {logging_mixin.py:109} INFO - [2021-10-16 00:54:03,537] {dagbag.py:500} INFO - Filling up the DagBag from /home/airflow/.local/lib/python3.6/site-packages/airflow/example_dags/example_complex.py
[2021-10-16 00:54:03,703] {processor.py:632} INFO - DAG(s) dict_keys(['example_complex']) retrieved from /home/airflow/.local/lib/python3.6/site-packages/airflow/example_dags/example_complex.py
[2021-10-16 00:54:03,813] {logging_mixin.py:109} INFO - [2021-10-16 00:54:03,813] {dag.py:2389} INFO - Sync 1 DAGs
[2021-10-16 00:54:03,882] {logging_mixin.py:109} INFO - [2021-10-16 00:54:03,882] {dag.py:2914} INFO - Setting next_dagrun for example_complex to None
[2021-10-16 00:54:03,951] {processor.py:171} INFO - Processing /home/airflow/.local/lib/python3.6/site-packages/airflow/example_dags/example_complex.py took 0.443 seconds
[2021-10-16 00:54:34,772] {processor.py:163} INFO - Started process (PID=132) to work on /home/airflow/.local/lib/python3.6/site-packages/airflow/example_dags/example_complex.py
[2021-10-16 00:54:34,781] {processor.py:620} INFO - Processing file /home/airflow/.local/lib/python3.6/site-packages/airflow/example_dags/example_complex.py for tasks to queue
[2021-10-16 00:54:34,790] {logging_mixin.py:109} INFO - [2021-10-16 00:54:34,790] {dagbag.py:500} INFO - Filling up the DagBag from /home/airflow/.local/lib/python3.6/site-packages/airflow/example_dags/example_complex.py
[2021-10-16 00:54:34,862] {processor.py:632} INFO - DAG(s) dict_keys(['example_complex']) retrieved from /home/airflow/.local/lib/python3.6/site-packages/airflow/example_dags/example_complex.py
[2021-10-16 00:54:34,880] {logging_mixin.py:109} INFO - [2021-10-16 00:54:34,880] {dag.py:2389} INFO - Sync 1 DAGs
[2021-10-16 00:54:34,900] {logging_mixin.py:109} INFO - [2021-10-16 00:54:34,900] {dag.py:2914} INFO - Setting next_dagrun for example_complex to None
[2021-10-16 00:54:34,909] {processor.py:171} INFO - Processing /home/airflow/.local/lib/python3.6/site-packages/airflow/example_dags/example_complex.py took 0.148 seconds
[2021-10-16 00:55:05,595] {processor.py:163} INFO - Started process (PID=185) to work on /home/airflow/.local/lib/python3.6/site-packages/airflow/example_dags/example_complex.py
[2021-10-16 00:55:05,598] {processor.py:620} INFO - Processing file /home/airflow/.local/lib/python3.6/site-packages/airflow/example_dags/example_complex.py for tasks to queue
[2021-10-16 00:55:05,601] {logging_mixin.py:109} INFO - [2021-10-16 00:55:05,600] {dagbag.py:500} INFO - Filling up the DagBag from /home/airflow/.local/lib/python3.6/site-packages/airflow/example_dags/example_complex.py
[2021-10-16 00:55:05,653] {processor.py:632} INFO - DAG(s) dict_keys(['example_complex']) retrieved from /home/airflow/.local/lib/python3.6/site-packages/airflow/example_dags/example_complex.py
[2021-10-16 00:55:05,707] {logging_mixin.py:109} INFO - [2021-10-16 00:55:05,707] {dag.py:2389} INFO - Sync 1 DAGs
[2021-10-16 00:55:05,728] {logging_mixin.py:109} INFO - [2021-10-16 00:55:05,728] {dag.py:2914} INFO - Setting next_dagrun for example_complex to None
[2021-10-16 00:55:05,745] {processor.py:171} INFO - Processing /home/airflow/.local/lib/python3.6/site-packages/airflow/example_dags/example_complex.py took 0.155 seconds
[2021-10-16 00:55:36,282] {processor.py:163} INFO - Started process (PID=250) to work on /home/airflow/.local/lib/python3.6/site-packages/airflow/example_dags/example_complex.py
[2021-10-16 00:55:36,287] {processor.py:620} INFO - Processing file /home/airflow/.local/lib/python3.6/site-packages/airflow/example_dags/example_complex.py for tasks to queue
[2021-10-16 00:55:36,291] {logging_mixin.py:109} INFO - [2021-10-16 00:55:36,290] {dagbag.py:500} INFO - Filling up the DagBag from /home/airflow/.local/lib/python3.6/site-packages/airflow/example_dags/example_complex.py
[2021-10-16 00:55:36,451] {processor.py:632} INFO - DAG(s) dict_keys(['example_complex']) retrieved from /home/airflow/.local/lib/python3.6/site-packages/airflow/example_dags/example_complex.py
[2021-10-16 00:55:36,557] {logging_mixin.py:109} INFO - [2021-10-16 00:55:36,557] {dag.py:2389} INFO - Sync 1 DAGs
[2021-10-16 00:55:36,641] {logging_mixin.py:109} INFO - [2021-10-16 00:55:36,641] {dag.py:2914} INFO - Setting next_dagrun for example_complex to None
[2021-10-16 00:55:36,703] {processor.py:171} INFO - Processing /home/airflow/.local/lib/python3.6/site-packages/airflow/example_dags/example_complex.py took 0.427 seconds
[2021-10-16 00:56:07,992] {processor.py:163} INFO - Started process (PID=306) to work on /home/airflow/.local/lib/python3.6/site-packages/airflow/example_dags/example_complex.py
[2021-10-16 00:56:08,001] {processor.py:620} INFO - Processing file /home/airflow/.local/lib/python3.6/site-packages/airflow/example_dags/example_complex.py for tasks to queue
[2021-10-16 00:56:08,006] {logging_mixin.py:109} INFO - [2021-10-16 00:56:08,005] {dagbag.py:500} INFO - Filling up the DagBag from /home/airflow/.local/lib/python3.6/site-packages/airflow/example_dags/example_complex.py
[2021-10-16 00:56:08,189] {processor.py:632} INFO - DAG(s) dict_keys(['example_complex']) retrieved from /home/airflow/.local/lib/python3.6/site-packages/airflow/example_dags/example_complex.py
[2021-10-16 00:56:08,250] {logging_mixin.py:109} INFO - [2021-10-16 00:56:08,250] {dag.py:2389} INFO - Sync 1 DAGs
[2021-10-16 00:56:08,346] {logging_mixin.py:109} INFO - [2021-10-16 00:56:08,346] {dag.py:2914} INFO - Setting next_dagrun for example_complex to None
[2021-10-16 00:56:08,453] {processor.py:171} INFO - Processing /home/airflow/.local/lib/python3.6/site-packages/airflow/example_dags/example_complex.py took 0.479 seconds
[2021-10-16 00:56:38,788] {processor.py:163} INFO - Started process (PID=360) to work on /home/airflow/.local/lib/python3.6/site-packages/airflow/example_dags/example_complex.py
[2021-10-16 00:56:38,791] {processor.py:620} INFO - Processing file /home/airflow/.local/lib/python3.6/site-packages/airflow/example_dags/example_complex.py for tasks to queue
[2021-10-16 00:56:38,793] {logging_mixin.py:109} INFO - [2021-10-16 00:56:38,793] {dagbag.py:500} INFO - Filling up the DagBag from /home/airflow/.local/lib/python3.6/site-packages/airflow/example_dags/example_complex.py
[2021-10-16 00:56:38,860] {processor.py:632} INFO - DAG(s) dict_keys(['example_complex']) retrieved from /home/airflow/.local/lib/python3.6/site-packages/airflow/example_dags/example_complex.py
[2021-10-16 00:56:38,894] {logging_mixin.py:109} INFO - [2021-10-16 00:56:38,893] {dag.py:2389} INFO - Sync 1 DAGs
[2021-10-16 00:56:38,926] {logging_mixin.py:109} INFO - [2021-10-16 00:56:38,926] {dag.py:2914} INFO - Setting next_dagrun for example_complex to None
[2021-10-16 00:56:38,950] {processor.py:171} INFO - Processing /home/airflow/.local/lib/python3.6/site-packages/airflow/example_dags/example_complex.py took 0.169 seconds
[2021-10-16 00:57:09,054] {processor.py:163} INFO - Started process (PID=424) to work on /home/airflow/.local/lib/python3.6/site-packages/airflow/example_dags/example_complex.py
[2021-10-16 00:57:09,058] {processor.py:620} INFO - Processing file /home/airflow/.local/lib/python3.6/site-packages/airflow/example_dags/example_complex.py for tasks to queue
[2021-10-16 00:57:09,062] {logging_mixin.py:109} INFO - [2021-10-16 00:57:09,061] {dagbag.py:500} INFO - Filling up the DagBag from /home/airflow/.local/lib/python3.6/site-packages/airflow/example_dags/example_complex.py
[2021-10-16 00:57:09,168] {processor.py:632} INFO - DAG(s) dict_keys(['example_complex']) retrieved from /home/airflow/.local/lib/python3.6/site-packages/airflow/example_dags/example_complex.py
[2021-10-16 00:57:09,195] {logging_mixin.py:109} INFO - [2021-10-16 00:57:09,195] {dag.py:2389} INFO - Sync 1 DAGs
[2021-10-16 00:57:09,218] {logging_mixin.py:109} INFO - [2021-10-16 00:57:09,218] {dag.py:2914} INFO - Setting next_dagrun for example_complex to None
[2021-10-16 00:57:09,234] {processor.py:171} INFO - Processing /home/airflow/.local/lib/python3.6/site-packages/airflow/example_dags/example_complex.py took 0.191 seconds
[2021-10-16 00:57:39,420] {processor.py:163} INFO - Started process (PID=481) to work on /home/airflow/.local/lib/python3.6/site-packages/airflow/example_dags/example_complex.py
[2021-10-16 00:57:39,423] {processor.py:620} INFO - Processing file /home/airflow/.local/lib/python3.6/site-packages/airflow/example_dags/example_complex.py for tasks to queue
[2021-10-16 00:57:39,425] {logging_mixin.py:109} INFO - [2021-10-16 00:57:39,425] {dagbag.py:500} INFO - Filling up the DagBag from /home/airflow/.local/lib/python3.6/site-packages/airflow/example_dags/example_complex.py
[2021-10-16 00:57:39,484] {processor.py:632} INFO - DAG(s) dict_keys(['example_complex']) retrieved from /home/airflow/.local/lib/python3.6/site-packages/airflow/example_dags/example_complex.py
[2021-10-16 00:57:39,514] {logging_mixin.py:109} INFO - [2021-10-16 00:57:39,514] {dag.py:2389} INFO - Sync 1 DAGs
[2021-10-16 00:57:39,542] {logging_mixin.py:109} INFO - [2021-10-16 00:57:39,542] {dag.py:2914} INFO - Setting next_dagrun for example_complex to None
[2021-10-16 00:57:39,552] {processor.py:171} INFO - Processing /home/airflow/.local/lib/python3.6/site-packages/airflow/example_dags/example_complex.py took 0.136 seconds
[2021-10-16 00:58:10,188] {processor.py:163} INFO - Started process (PID=534) to work on /home/airflow/.local/lib/python3.6/site-packages/airflow/example_dags/example_complex.py
[2021-10-16 00:58:10,196] {processor.py:620} INFO - Processing file /home/airflow/.local/lib/python3.6/site-packages/airflow/example_dags/example_complex.py for tasks to queue
[2021-10-16 00:58:10,201] {logging_mixin.py:109} INFO - [2021-10-16 00:58:10,201] {dagbag.py:500} INFO - Filling up the DagBag from /home/airflow/.local/lib/python3.6/site-packages/airflow/example_dags/example_complex.py
[2021-10-16 00:58:10,283] {processor.py:632} INFO - DAG(s) dict_keys(['example_complex']) retrieved from /home/airflow/.local/lib/python3.6/site-packages/airflow/example_dags/example_complex.py
[2021-10-16 00:58:10,313] {logging_mixin.py:109} INFO - [2021-10-16 00:58:10,313] {dag.py:2389} INFO - Sync 1 DAGs
[2021-10-16 00:58:10,349] {logging_mixin.py:109} INFO - [2021-10-16 00:58:10,349] {dag.py:2914} INFO - Setting next_dagrun for example_complex to None
[2021-10-16 00:58:10,366] {processor.py:171} INFO - Processing /home/airflow/.local/lib/python3.6/site-packages/airflow/example_dags/example_complex.py took 0.185 seconds
[2021-10-16 00:58:40,888] {processor.py:163} INFO - Started process (PID=587) to work on /home/airflow/.local/lib/python3.6/site-packages/airflow/example_dags/example_complex.py
[2021-10-16 00:58:40,890] {processor.py:620} INFO - Processing file /home/airflow/.local/lib/python3.6/site-packages/airflow/example_dags/example_complex.py for tasks to queue
[2021-10-16 00:58:40,892] {logging_mixin.py:109} INFO - [2021-10-16 00:58:40,891] {dagbag.py:500} INFO - Filling up the DagBag from /home/airflow/.local/lib/python3.6/site-packages/airflow/example_dags/example_complex.py
[2021-10-16 00:58:40,951] {processor.py:632} INFO - DAG(s) dict_keys(['example_complex']) retrieved from /home/airflow/.local/lib/python3.6/site-packages/airflow/example_dags/example_complex.py
[2021-10-16 00:58:40,977] {logging_mixin.py:109} INFO - [2021-10-16 00:58:40,977] {dag.py:2389} INFO - Sync 1 DAGs
[2021-10-16 00:58:41,002] {logging_mixin.py:109} INFO - [2021-10-16 00:58:41,002] {dag.py:2914} INFO - Setting next_dagrun for example_complex to None
[2021-10-16 00:58:41,011] {processor.py:171} INFO - Processing /home/airflow/.local/lib/python3.6/site-packages/airflow/example_dags/example_complex.py took 0.128 seconds
[2021-10-16 00:59:11,791] {processor.py:163} INFO - Started process (PID=658) to work on /home/airflow/.local/lib/python3.6/site-packages/airflow/example_dags/example_complex.py
[2021-10-16 00:59:11,803] {processor.py:620} INFO - Processing file /home/airflow/.local/lib/python3.6/site-packages/airflow/example_dags/example_complex.py for tasks to queue
[2021-10-16 00:59:11,811] {logging_mixin.py:109} INFO - [2021-10-16 00:59:11,811] {dagbag.py:500} INFO - Filling up the DagBag from /home/airflow/.local/lib/python3.6/site-packages/airflow/example_dags/example_complex.py
[2021-10-16 00:59:11,932] {processor.py:632} INFO - DAG(s) dict_keys(['example_complex']) retrieved from /home/airflow/.local/lib/python3.6/site-packages/airflow/example_dags/example_complex.py
[2021-10-16 00:59:11,983] {logging_mixin.py:109} INFO - [2021-10-16 00:59:11,983] {dag.py:2389} INFO - Sync 1 DAGs
[2021-10-16 00:59:12,018] {logging_mixin.py:109} INFO - [2021-10-16 00:59:12,017] {dag.py:2914} INFO - Setting next_dagrun for example_complex to None
[2021-10-16 00:59:12,037] {processor.py:171} INFO - Processing /home/airflow/.local/lib/python3.6/site-packages/airflow/example_dags/example_complex.py took 0.266 seconds
[2021-10-16 00:59:42,377] {processor.py:163} INFO - Started process (PID=713) to work on /home/airflow/.local/lib/python3.6/site-packages/airflow/example_dags/example_complex.py
[2021-10-16 00:59:42,382] {processor.py:620} INFO - Processing file /home/airflow/.local/lib/python3.6/site-packages/airflow/example_dags/example_complex.py for tasks to queue
[2021-10-16 00:59:42,384] {logging_mixin.py:109} INFO - [2021-10-16 00:59:42,384] {dagbag.py:500} INFO - Filling up the DagBag from /home/airflow/.local/lib/python3.6/site-packages/airflow/example_dags/example_complex.py
[2021-10-16 00:59:42,480] {processor.py:632} INFO - DAG(s) dict_keys(['example_complex']) retrieved from /home/airflow/.local/lib/python3.6/site-packages/airflow/example_dags/example_complex.py
[2021-10-16 00:59:42,509] {logging_mixin.py:109} INFO - [2021-10-16 00:59:42,509] {dag.py:2389} INFO - Sync 1 DAGs
[2021-10-16 00:59:42,527] {logging_mixin.py:109} INFO - [2021-10-16 00:59:42,526] {dag.py:2914} INFO - Setting next_dagrun for example_complex to None
[2021-10-16 00:59:42,537] {processor.py:171} INFO - Processing /home/airflow/.local/lib/python3.6/site-packages/airflow/example_dags/example_complex.py took 0.180 seconds
[2021-10-16 01:00:12,798] {processor.py:163} INFO - Started process (PID=766) to work on /home/airflow/.local/lib/python3.6/site-packages/airflow/example_dags/example_complex.py
[2021-10-16 01:00:12,802] {processor.py:620} INFO - Processing file /home/airflow/.local/lib/python3.6/site-packages/airflow/example_dags/example_complex.py for tasks to queue
[2021-10-16 01:00:12,817] {logging_mixin.py:109} INFO - [2021-10-16 01:00:12,817] {dagbag.py:500} INFO - Filling up the DagBag from /home/airflow/.local/lib/python3.6/site-packages/airflow/example_dags/example_complex.py
[2021-10-16 01:00:12,935] {processor.py:632} INFO - DAG(s) dict_keys(['example_complex']) retrieved from /home/airflow/.local/lib/python3.6/site-packages/airflow/example_dags/example_complex.py
[2021-10-16 01:00:12,956] {logging_mixin.py:109} INFO - [2021-10-16 01:00:12,956] {dag.py:2389} INFO - Sync 1 DAGs
[2021-10-16 01:00:12,991] {logging_mixin.py:109} INFO - [2021-10-16 01:00:12,991] {dag.py:2914} INFO - Setting next_dagrun for example_complex to None
[2021-10-16 01:00:13,013] {processor.py:171} INFO - Processing /home/airflow/.local/lib/python3.6/site-packages/airflow/example_dags/example_complex.py took 0.245 seconds
[2021-10-16 01:00:43,341] {processor.py:163} INFO - Started process (PID=821) to work on /home/airflow/.local/lib/python3.6/site-packages/airflow/example_dags/example_complex.py
[2021-10-16 01:00:43,345] {processor.py:620} INFO - Processing file /home/airflow/.local/lib/python3.6/site-packages/airflow/example_dags/example_complex.py for tasks to queue
[2021-10-16 01:00:43,348] {logging_mixin.py:109} INFO - [2021-10-16 01:00:43,348] {dagbag.py:500} INFO - Filling up the DagBag from /home/airflow/.local/lib/python3.6/site-packages/airflow/example_dags/example_complex.py
[2021-10-16 01:00:43,428] {processor.py:632} INFO - DAG(s) dict_keys(['example_complex']) retrieved from /home/airflow/.local/lib/python3.6/site-packages/airflow/example_dags/example_complex.py
[2021-10-16 01:00:43,453] {logging_mixin.py:109} INFO - [2021-10-16 01:00:43,453] {dag.py:2389} INFO - Sync 1 DAGs
[2021-10-16 01:00:43,478] {logging_mixin.py:109} INFO - [2021-10-16 01:00:43,478] {dag.py:2914} INFO - Setting next_dagrun for example_complex to None
[2021-10-16 01:00:43,527] {processor.py:171} INFO - Processing /home/airflow/.local/lib/python3.6/site-packages/airflow/example_dags/example_complex.py took 0.200 seconds
[2021-10-16 01:01:13,662] {processor.py:163} INFO - Started process (PID=877) to work on /home/airflow/.local/lib/python3.6/site-packages/airflow/example_dags/example_complex.py
[2021-10-16 01:01:13,676] {processor.py:620} INFO - Processing file /home/airflow/.local/lib/python3.6/site-packages/airflow/example_dags/example_complex.py for tasks to queue
[2021-10-16 01:01:13,681] {logging_mixin.py:109} INFO - [2021-10-16 01:01:13,680] {dagbag.py:500} INFO - Filling up the DagBag from /home/airflow/.local/lib/python3.6/site-packages/airflow/example_dags/example_complex.py
[2021-10-16 01:01:13,788] {processor.py:632} INFO - DAG(s) dict_keys(['example_complex']) retrieved from /home/airflow/.local/lib/python3.6/site-packages/airflow/example_dags/example_complex.py
[2021-10-16 01:01:13,826] {logging_mixin.py:109} INFO - [2021-10-16 01:01:13,826] {dag.py:2389} INFO - Sync 1 DAGs
[2021-10-16 01:01:13,847] {logging_mixin.py:109} INFO - [2021-10-16 01:01:13,847] {dag.py:2914} INFO - Setting next_dagrun for example_complex to None
[2021-10-16 01:01:13,859] {processor.py:171} INFO - Processing /home/airflow/.local/lib/python3.6/site-packages/airflow/example_dags/example_complex.py took 0.201 seconds
[2021-10-16 01:01:44,558] {processor.py:163} INFO - Started process (PID=943) to work on /home/airflow/.local/lib/python3.6/site-packages/airflow/example_dags/example_complex.py
[2021-10-16 01:01:44,561] {processor.py:620} INFO - Processing file /home/airflow/.local/lib/python3.6/site-packages/airflow/example_dags/example_complex.py for tasks to queue
[2021-10-16 01:01:44,563] {logging_mixin.py:109} INFO - [2021-10-16 01:01:44,563] {dagbag.py:500} INFO - Filling up the DagBag from /home/airflow/.local/lib/python3.6/site-packages/airflow/example_dags/example_complex.py
[2021-10-16 01:01:44,626] {processor.py:632} INFO - DAG(s) dict_keys(['example_complex']) retrieved from /home/airflow/.local/lib/python3.6/site-packages/airflow/example_dags/example_complex.py
[2021-10-16 01:01:44,648] {logging_mixin.py:109} INFO - [2021-10-16 01:01:44,648] {dag.py:2389} INFO - Sync 1 DAGs
[2021-10-16 01:01:44,674] {logging_mixin.py:109} INFO - [2021-10-16 01:01:44,673] {dag.py:2914} INFO - Setting next_dagrun for example_complex to None
[2021-10-16 01:01:44,692] {processor.py:171} INFO - Processing /home/airflow/.local/lib/python3.6/site-packages/airflow/example_dags/example_complex.py took 0.140 seconds
[2021-10-16 01:02:15,562] {processor.py:163} INFO - Started process (PID=999) to work on /home/airflow/.local/lib/python3.6/site-packages/airflow/example_dags/example_complex.py
[2021-10-16 01:02:15,564] {processor.py:620} INFO - Processing file /home/airflow/.local/lib/python3.6/site-packages/airflow/example_dags/example_complex.py for tasks to queue
[2021-10-16 01:02:15,565] {logging_mixin.py:109} INFO - [2021-10-16 01:02:15,565] {dagbag.py:500} INFO - Filling up the DagBag from /home/airflow/.local/lib/python3.6/site-packages/airflow/example_dags/example_complex.py
[2021-10-16 01:02:15,607] {processor.py:632} INFO - DAG(s) dict_keys(['example_complex']) retrieved from /home/airflow/.local/lib/python3.6/site-packages/airflow/example_dags/example_complex.py
[2021-10-16 01:02:15,626] {logging_mixin.py:109} INFO - [2021-10-16 01:02:15,626] {dag.py:2389} INFO - Sync 1 DAGs
[2021-10-16 01:02:15,647] {logging_mixin.py:109} INFO - [2021-10-16 01:02:15,647] {dag.py:2914} INFO - Setting next_dagrun for example_complex to None
[2021-10-16 01:02:15,657] {processor.py:171} INFO - Processing /home/airflow/.local/lib/python3.6/site-packages/airflow/example_dags/example_complex.py took 0.102 seconds
[2021-10-16 01:02:45,954] {processor.py:163} INFO - Started process (PID=1068) to work on /home/airflow/.local/lib/python3.6/site-packages/airflow/example_dags/example_complex.py
[2021-10-16 01:02:45,958] {processor.py:620} INFO - Processing file /home/airflow/.local/lib/python3.6/site-packages/airflow/example_dags/example_complex.py for tasks to queue
[2021-10-16 01:02:45,960] {logging_mixin.py:109} INFO - [2021-10-16 01:02:45,960] {dagbag.py:500} INFO - Filling up the DagBag from /home/airflow/.local/lib/python3.6/site-packages/airflow/example_dags/example_complex.py
[2021-10-16 01:02:46,063] {processor.py:632} INFO - DAG(s) dict_keys(['example_complex']) retrieved from /home/airflow/.local/lib/python3.6/site-packages/airflow/example_dags/example_complex.py
[2021-10-16 01:02:46,136] {logging_mixin.py:109} INFO - [2021-10-16 01:02:46,134] {dag.py:2389} INFO - Sync 1 DAGs
[2021-10-16 01:02:46,185] {logging_mixin.py:109} INFO - [2021-10-16 01:02:46,185] {dag.py:2914} INFO - Setting next_dagrun for example_complex to None
[2021-10-16 01:02:46,198] {processor.py:171} INFO - Processing /home/airflow/.local/lib/python3.6/site-packages/airflow/example_dags/example_complex.py took 0.253 seconds
[2021-10-16 01:03:16,374] {processor.py:163} INFO - Started process (PID=1120) to work on /home/airflow/.local/lib/python3.6/site-packages/airflow/example_dags/example_complex.py
[2021-10-16 01:03:16,377] {processor.py:620} INFO - Processing file /home/airflow/.local/lib/python3.6/site-packages/airflow/example_dags/example_complex.py for tasks to queue
[2021-10-16 01:03:16,380] {logging_mixin.py:109} INFO - [2021-10-16 01:03:16,380] {dagbag.py:500} INFO - Filling up the DagBag from /home/airflow/.local/lib/python3.6/site-packages/airflow/example_dags/example_complex.py
[2021-10-16 01:03:16,434] {processor.py:632} INFO - DAG(s) dict_keys(['example_complex']) retrieved from /home/airflow/.local/lib/python3.6/site-packages/airflow/example_dags/example_complex.py
[2021-10-16 01:03:16,473] {logging_mixin.py:109} INFO - [2021-10-16 01:03:16,471] {dag.py:2389} INFO - Sync 1 DAGs
[2021-10-16 01:03:16,501] {logging_mixin.py:109} INFO - [2021-10-16 01:03:16,500] {dag.py:2914} INFO - Setting next_dagrun for example_complex to None
[2021-10-16 01:03:16,510] {processor.py:171} INFO - Processing /home/airflow/.local/lib/python3.6/site-packages/airflow/example_dags/example_complex.py took 0.143 seconds
[2021-10-16 01:03:46,837] {processor.py:163} INFO - Started process (PID=1174) to work on /home/airflow/.local/lib/python3.6/site-packages/airflow/example_dags/example_complex.py
[2021-10-16 01:03:46,839] {processor.py:620} INFO - Processing file /home/airflow/.local/lib/python3.6/site-packages/airflow/example_dags/example_complex.py for tasks to queue
[2021-10-16 01:03:46,840] {logging_mixin.py:109} INFO - [2021-10-16 01:03:46,840] {dagbag.py:500} INFO - Filling up the DagBag from /home/airflow/.local/lib/python3.6/site-packages/airflow/example_dags/example_complex.py
[2021-10-16 01:03:46,902] {processor.py:632} INFO - DAG(s) dict_keys(['example_complex']) retrieved from /home/airflow/.local/lib/python3.6/site-packages/airflow/example_dags/example_complex.py
[2021-10-16 01:03:46,924] {logging_mixin.py:109} INFO - [2021-10-16 01:03:46,924] {dag.py:2389} INFO - Sync 1 DAGs
[2021-10-16 01:03:46,940] {logging_mixin.py:109} INFO - [2021-10-16 01:03:46,940] {dag.py:2914} INFO - Setting next_dagrun for example_complex to None
[2021-10-16 01:03:46,951] {processor.py:171} INFO - Processing /home/airflow/.local/lib/python3.6/site-packages/airflow/example_dags/example_complex.py took 0.118 seconds
[2021-10-16 01:04:18,717] {processor.py:163} INFO - Started process (PID=1240) to work on /home/airflow/.local/lib/python3.6/site-packages/airflow/example_dags/example_complex.py
[2021-10-16 01:04:18,720] {processor.py:620} INFO - Processing file /home/airflow/.local/lib/python3.6/site-packages/airflow/example_dags/example_complex.py for tasks to queue
[2021-10-16 01:04:18,722] {logging_mixin.py:109} INFO - [2021-10-16 01:04:18,722] {dagbag.py:500} INFO - Filling up the DagBag from /home/airflow/.local/lib/python3.6/site-packages/airflow/example_dags/example_complex.py
[2021-10-16 01:04:18,775] {processor.py:632} INFO - DAG(s) dict_keys(['example_complex']) retrieved from /home/airflow/.local/lib/python3.6/site-packages/airflow/example_dags/example_complex.py
[2021-10-16 01:04:18,796] {logging_mixin.py:109} INFO - [2021-10-16 01:04:18,796] {dag.py:2389} INFO - Sync 1 DAGs
[2021-10-16 01:04:18,832] {logging_mixin.py:109} INFO - [2021-10-16 01:04:18,830] {dag.py:2914} INFO - Setting next_dagrun for example_complex to None
[2021-10-16 01:04:18,850] {processor.py:171} INFO - Processing /home/airflow/.local/lib/python3.6/site-packages/airflow/example_dags/example_complex.py took 0.139 seconds
[2021-10-16 01:04:49,193] {processor.py:163} INFO - Started process (PID=1294) to work on /home/airflow/.local/lib/python3.6/site-packages/airflow/example_dags/example_complex.py
[2021-10-16 01:04:49,196] {processor.py:620} INFO - Processing file /home/airflow/.local/lib/python3.6/site-packages/airflow/example_dags/example_complex.py for tasks to queue
[2021-10-16 01:04:49,197] {logging_mixin.py:109} INFO - [2021-10-16 01:04:49,197] {dagbag.py:500} INFO - Filling up the DagBag from /home/airflow/.local/lib/python3.6/site-packages/airflow/example_dags/example_complex.py
[2021-10-16 01:04:49,248] {processor.py:632} INFO - DAG(s) dict_keys(['example_complex']) retrieved from /home/airflow/.local/lib/python3.6/site-packages/airflow/example_dags/example_complex.py
[2021-10-16 01:04:49,277] {logging_mixin.py:109} INFO - [2021-10-16 01:04:49,276] {dag.py:2389} INFO - Sync 1 DAGs
[2021-10-16 01:04:49,334] {logging_mixin.py:109} INFO - [2021-10-16 01:04:49,334] {dag.py:2914} INFO - Setting next_dagrun for example_complex to None
[2021-10-16 01:04:49,356] {processor.py:171} INFO - Processing /home/airflow/.local/lib/python3.6/site-packages/airflow/example_dags/example_complex.py took 0.172 seconds
[2021-10-16 01:05:21,048] {processor.py:163} INFO - Started process (PID=1349) to work on /home/airflow/.local/lib/python3.6/site-packages/airflow/example_dags/example_complex.py
[2021-10-16 01:05:21,093] {processor.py:620} INFO - Processing file /home/airflow/.local/lib/python3.6/site-packages/airflow/example_dags/example_complex.py for tasks to queue
[2021-10-16 01:05:21,100] {logging_mixin.py:109} INFO - [2021-10-16 01:05:21,100] {dagbag.py:500} INFO - Filling up the DagBag from /home/airflow/.local/lib/python3.6/site-packages/airflow/example_dags/example_complex.py
[2021-10-16 01:05:21,243] {processor.py:632} INFO - DAG(s) dict_keys(['example_complex']) retrieved from /home/airflow/.local/lib/python3.6/site-packages/airflow/example_dags/example_complex.py
[2021-10-16 01:05:21,326] {logging_mixin.py:109} INFO - [2021-10-16 01:05:21,326] {dag.py:2389} INFO - Sync 1 DAGs
[2021-10-16 01:05:21,365] {logging_mixin.py:109} INFO - [2021-10-16 01:05:21,365] {dag.py:2914} INFO - Setting next_dagrun for example_complex to None
[2021-10-16 01:05:21,387] {processor.py:171} INFO - Processing /home/airflow/.local/lib/python3.6/site-packages/airflow/example_dags/example_complex.py took 0.343 seconds
[2021-10-16 01:05:51,725] {processor.py:163} INFO - Started process (PID=1402) to work on /home/airflow/.local/lib/python3.6/site-packages/airflow/example_dags/example_complex.py
[2021-10-16 01:05:51,727] {processor.py:620} INFO - Processing file /home/airflow/.local/lib/python3.6/site-packages/airflow/example_dags/example_complex.py for tasks to queue
[2021-10-16 01:05:51,729] {logging_mixin.py:109} INFO - [2021-10-16 01:05:51,729] {dagbag.py:500} INFO - Filling up the DagBag from /home/airflow/.local/lib/python3.6/site-packages/airflow/example_dags/example_complex.py
[2021-10-16 01:05:51,778] {processor.py:632} INFO - DAG(s) dict_keys(['example_complex']) retrieved from /home/airflow/.local/lib/python3.6/site-packages/airflow/example_dags/example_complex.py
[2021-10-16 01:05:51,805] {logging_mixin.py:109} INFO - [2021-10-16 01:05:51,805] {dag.py:2389} INFO - Sync 1 DAGs
[2021-10-16 01:05:51,826] {logging_mixin.py:109} INFO - [2021-10-16 01:05:51,825] {dag.py:2914} INFO - Setting next_dagrun for example_complex to None
[2021-10-16 01:05:51,839] {processor.py:171} INFO - Processing /home/airflow/.local/lib/python3.6/site-packages/airflow/example_dags/example_complex.py took 0.121 seconds
[2021-10-16 01:06:22,478] {processor.py:163} INFO - Started process (PID=1468) to work on /home/airflow/.local/lib/python3.6/site-packages/airflow/example_dags/example_complex.py
[2021-10-16 01:06:22,480] {processor.py:620} INFO - Processing file /home/airflow/.local/lib/python3.6/site-packages/airflow/example_dags/example_complex.py for tasks to queue
[2021-10-16 01:06:22,489] {logging_mixin.py:109} INFO - [2021-10-16 01:06:22,489] {dagbag.py:500} INFO - Filling up the DagBag from /home/airflow/.local/lib/python3.6/site-packages/airflow/example_dags/example_complex.py
[2021-10-16 01:06:22,571] {processor.py:632} INFO - DAG(s) dict_keys(['example_complex']) retrieved from /home/airflow/.local/lib/python3.6/site-packages/airflow/example_dags/example_complex.py
[2021-10-16 01:06:22,608] {logging_mixin.py:109} INFO - [2021-10-16 01:06:22,608] {dag.py:2389} INFO - Sync 1 DAGs
[2021-10-16 01:06:22,651] {logging_mixin.py:109} INFO - [2021-10-16 01:06:22,651] {dag.py:2914} INFO - Setting next_dagrun for example_complex to None
[2021-10-16 01:06:22,670] {processor.py:171} INFO - Processing /home/airflow/.local/lib/python3.6/site-packages/airflow/example_dags/example_complex.py took 0.197 seconds
[2021-10-16 01:06:52,989] {processor.py:163} INFO - Started process (PID=1521) to work on /home/airflow/.local/lib/python3.6/site-packages/airflow/example_dags/example_complex.py
[2021-10-16 01:06:52,992] {processor.py:620} INFO - Processing file /home/airflow/.local/lib/python3.6/site-packages/airflow/example_dags/example_complex.py for tasks to queue
[2021-10-16 01:06:52,993] {logging_mixin.py:109} INFO - [2021-10-16 01:06:52,993] {dagbag.py:500} INFO - Filling up the DagBag from /home/airflow/.local/lib/python3.6/site-packages/airflow/example_dags/example_complex.py
[2021-10-16 01:06:53,091] {processor.py:632} INFO - DAG(s) dict_keys(['example_complex']) retrieved from /home/airflow/.local/lib/python3.6/site-packages/airflow/example_dags/example_complex.py
[2021-10-16 01:06:53,175] {logging_mixin.py:109} INFO - [2021-10-16 01:06:53,173] {dag.py:2389} INFO - Sync 1 DAGs
[2021-10-16 01:06:53,258] {logging_mixin.py:109} INFO - [2021-10-16 01:06:53,258] {dag.py:2914} INFO - Setting next_dagrun for example_complex to None
[2021-10-16 01:06:53,295] {processor.py:171} INFO - Processing /home/airflow/.local/lib/python3.6/site-packages/airflow/example_dags/example_complex.py took 0.313 seconds
[2021-10-16 01:07:23,365] {processor.py:163} INFO - Started process (PID=1574) to work on /home/airflow/.local/lib/python3.6/site-packages/airflow/example_dags/example_complex.py
[2021-10-16 01:07:23,369] {processor.py:620} INFO - Processing file /home/airflow/.local/lib/python3.6/site-packages/airflow/example_dags/example_complex.py for tasks to queue
[2021-10-16 01:07:23,371] {logging_mixin.py:109} INFO - [2021-10-16 01:07:23,371] {dagbag.py:500} INFO - Filling up the DagBag from /home/airflow/.local/lib/python3.6/site-packages/airflow/example_dags/example_complex.py
[2021-10-16 01:07:23,414] {processor.py:632} INFO - DAG(s) dict_keys(['example_complex']) retrieved from /home/airflow/.local/lib/python3.6/site-packages/airflow/example_dags/example_complex.py
[2021-10-16 01:07:23,434] {logging_mixin.py:109} INFO - [2021-10-16 01:07:23,434] {dag.py:2389} INFO - Sync 1 DAGs
[2021-10-16 01:07:23,452] {logging_mixin.py:109} INFO - [2021-10-16 01:07:23,452] {dag.py:2914} INFO - Setting next_dagrun for example_complex to None
[2021-10-16 01:07:23,463] {processor.py:171} INFO - Processing /home/airflow/.local/lib/python3.6/site-packages/airflow/example_dags/example_complex.py took 0.105 seconds
[2021-10-16 01:07:54,483] {processor.py:163} INFO - Started process (PID=1629) to work on /home/airflow/.local/lib/python3.6/site-packages/airflow/example_dags/example_complex.py
[2021-10-16 01:07:54,488] {processor.py:620} INFO - Processing file /home/airflow/.local/lib/python3.6/site-packages/airflow/example_dags/example_complex.py for tasks to queue
[2021-10-16 01:07:54,493] {logging_mixin.py:109} INFO - [2021-10-16 01:07:54,493] {dagbag.py:500} INFO - Filling up the DagBag from /home/airflow/.local/lib/python3.6/site-packages/airflow/example_dags/example_complex.py
[2021-10-16 01:07:54,563] {processor.py:632} INFO - DAG(s) dict_keys(['example_complex']) retrieved from /home/airflow/.local/lib/python3.6/site-packages/airflow/example_dags/example_complex.py
[2021-10-16 01:07:54,589] {logging_mixin.py:109} INFO - [2021-10-16 01:07:54,588] {dag.py:2389} INFO - Sync 1 DAGs
[2021-10-16 01:07:54,614] {logging_mixin.py:109} INFO - [2021-10-16 01:07:54,614] {dag.py:2914} INFO - Setting next_dagrun for example_complex to None
[2021-10-16 01:07:54,628] {processor.py:171} INFO - Processing /home/airflow/.local/lib/python3.6/site-packages/airflow/example_dags/example_complex.py took 0.154 seconds
[2021-10-16 01:08:25,766] {processor.py:163} INFO - Started process (PID=1696) to work on /home/airflow/.local/lib/python3.6/site-packages/airflow/example_dags/example_complex.py
[2021-10-16 01:08:25,769] {processor.py:620} INFO - Processing file /home/airflow/.local/lib/python3.6/site-packages/airflow/example_dags/example_complex.py for tasks to queue
[2021-10-16 01:08:25,774] {logging_mixin.py:109} INFO - [2021-10-16 01:08:25,774] {dagbag.py:500} INFO - Filling up the DagBag from /home/airflow/.local/lib/python3.6/site-packages/airflow/example_dags/example_complex.py
[2021-10-16 01:08:25,850] {processor.py:632} INFO - DAG(s) dict_keys(['example_complex']) retrieved from /home/airflow/.local/lib/python3.6/site-packages/airflow/example_dags/example_complex.py
[2021-10-16 01:08:25,881] {logging_mixin.py:109} INFO - [2021-10-16 01:08:25,881] {dag.py:2389} INFO - Sync 1 DAGs
[2021-10-16 01:08:25,919] {logging_mixin.py:109} INFO - [2021-10-16 01:08:25,919] {dag.py:2914} INFO - Setting next_dagrun for example_complex to None
[2021-10-16 01:08:25,946] {processor.py:171} INFO - Processing /home/airflow/.local/lib/python3.6/site-packages/airflow/example_dags/example_complex.py took 0.184 seconds
[2021-10-16 01:08:56,524] {processor.py:163} INFO - Started process (PID=1750) to work on /home/airflow/.local/lib/python3.6/site-packages/airflow/example_dags/example_complex.py
[2021-10-16 01:08:56,526] {processor.py:620} INFO - Processing file /home/airflow/.local/lib/python3.6/site-packages/airflow/example_dags/example_complex.py for tasks to queue
[2021-10-16 01:08:56,528] {logging_mixin.py:109} INFO - [2021-10-16 01:08:56,528] {dagbag.py:500} INFO - Filling up the DagBag from /home/airflow/.local/lib/python3.6/site-packages/airflow/example_dags/example_complex.py
[2021-10-16 01:08:56,576] {processor.py:632} INFO - DAG(s) dict_keys(['example_complex']) retrieved from /home/airflow/.local/lib/python3.6/site-packages/airflow/example_dags/example_complex.py
[2021-10-16 01:08:56,598] {logging_mixin.py:109} INFO - [2021-10-16 01:08:56,598] {dag.py:2389} INFO - Sync 1 DAGs
[2021-10-16 01:08:56,618] {logging_mixin.py:109} INFO - [2021-10-16 01:08:56,618] {dag.py:2914} INFO - Setting next_dagrun for example_complex to None
[2021-10-16 01:08:56,629] {processor.py:171} INFO - Processing /home/airflow/.local/lib/python3.6/site-packages/airflow/example_dags/example_complex.py took 0.110 seconds
[2021-10-16 01:09:27,849] {processor.py:163} INFO - Started process (PID=1820) to work on /home/airflow/.local/lib/python3.6/site-packages/airflow/example_dags/example_complex.py
[2021-10-16 01:09:27,851] {processor.py:620} INFO - Processing file /home/airflow/.local/lib/python3.6/site-packages/airflow/example_dags/example_complex.py for tasks to queue
[2021-10-16 01:09:27,852] {logging_mixin.py:109} INFO - [2021-10-16 01:09:27,852] {dagbag.py:500} INFO - Filling up the DagBag from /home/airflow/.local/lib/python3.6/site-packages/airflow/example_dags/example_complex.py
[2021-10-16 01:09:27,913] {processor.py:632} INFO - DAG(s) dict_keys(['example_complex']) retrieved from /home/airflow/.local/lib/python3.6/site-packages/airflow/example_dags/example_complex.py
[2021-10-16 01:09:27,935] {logging_mixin.py:109} INFO - [2021-10-16 01:09:27,935] {dag.py:2389} INFO - Sync 1 DAGs
[2021-10-16 01:09:27,956] {logging_mixin.py:109} INFO - [2021-10-16 01:09:27,956] {dag.py:2914} INFO - Setting next_dagrun for example_complex to None
[2021-10-16 01:09:27,966] {processor.py:171} INFO - Processing /home/airflow/.local/lib/python3.6/site-packages/airflow/example_dags/example_complex.py took 0.125 seconds
[2021-10-16 01:09:59,067] {processor.py:163} INFO - Started process (PID=1873) to work on /home/airflow/.local/lib/python3.6/site-packages/airflow/example_dags/example_complex.py
[2021-10-16 01:09:59,076] {processor.py:620} INFO - Processing file /home/airflow/.local/lib/python3.6/site-packages/airflow/example_dags/example_complex.py for tasks to queue
[2021-10-16 01:09:59,078] {logging_mixin.py:109} INFO - [2021-10-16 01:09:59,078] {dagbag.py:500} INFO - Filling up the DagBag from /home/airflow/.local/lib/python3.6/site-packages/airflow/example_dags/example_complex.py
[2021-10-16 01:09:59,174] {processor.py:632} INFO - DAG(s) dict_keys(['example_complex']) retrieved from /home/airflow/.local/lib/python3.6/site-packages/airflow/example_dags/example_complex.py
[2021-10-16 01:09:59,219] {logging_mixin.py:109} INFO - [2021-10-16 01:09:59,219] {dag.py:2389} INFO - Sync 1 DAGs
[2021-10-16 01:09:59,239] {logging_mixin.py:109} INFO - [2021-10-16 01:09:59,239] {dag.py:2914} INFO - Setting next_dagrun for example_complex to None
[2021-10-16 01:09:59,248] {processor.py:171} INFO - Processing /home/airflow/.local/lib/python3.6/site-packages/airflow/example_dags/example_complex.py took 0.190 seconds
[2021-10-16 01:10:30,415] {processor.py:163} INFO - Started process (PID=1938) to work on /home/airflow/.local/lib/python3.6/site-packages/airflow/example_dags/example_complex.py
[2021-10-16 01:10:30,427] {processor.py:620} INFO - Processing file /home/airflow/.local/lib/python3.6/site-packages/airflow/example_dags/example_complex.py for tasks to queue
[2021-10-16 01:10:30,436] {logging_mixin.py:109} INFO - [2021-10-16 01:10:30,436] {dagbag.py:500} INFO - Filling up the DagBag from /home/airflow/.local/lib/python3.6/site-packages/airflow/example_dags/example_complex.py
[2021-10-16 01:10:30,567] {processor.py:632} INFO - DAG(s) dict_keys(['example_complex']) retrieved from /home/airflow/.local/lib/python3.6/site-packages/airflow/example_dags/example_complex.py
[2021-10-16 01:10:30,630] {logging_mixin.py:109} INFO - [2021-10-16 01:10:30,630] {dag.py:2389} INFO - Sync 1 DAGs
[2021-10-16 01:10:30,685] {logging_mixin.py:109} INFO - [2021-10-16 01:10:30,685] {dag.py:2914} INFO - Setting next_dagrun for example_complex to None
[2021-10-16 01:10:30,710] {processor.py:171} INFO - Processing /home/airflow/.local/lib/python3.6/site-packages/airflow/example_dags/example_complex.py took 0.320 seconds
[2021-10-16 01:11:03,056] {processor.py:163} INFO - Started process (PID=1995) to work on /home/airflow/.local/lib/python3.6/site-packages/airflow/example_dags/example_complex.py
[2021-10-16 01:11:03,077] {processor.py:620} INFO - Processing file /home/airflow/.local/lib/python3.6/site-packages/airflow/example_dags/example_complex.py for tasks to queue
[2021-10-16 01:11:03,079] {logging_mixin.py:109} INFO - [2021-10-16 01:11:03,079] {dagbag.py:500} INFO - Filling up the DagBag from /home/airflow/.local/lib/python3.6/site-packages/airflow/example_dags/example_complex.py
[2021-10-16 01:11:03,232] {processor.py:632} INFO - DAG(s) dict_keys(['example_complex']) retrieved from /home/airflow/.local/lib/python3.6/site-packages/airflow/example_dags/example_complex.py
[2021-10-16 01:11:03,287] {logging_mixin.py:109} INFO - [2021-10-16 01:11:03,287] {dag.py:2389} INFO - Sync 1 DAGs
[2021-10-16 01:11:03,323] {logging_mixin.py:109} INFO - [2021-10-16 01:11:03,323] {dag.py:2914} INFO - Setting next_dagrun for example_complex to None
[2021-10-16 01:11:03,343] {processor.py:171} INFO - Processing /home/airflow/.local/lib/python3.6/site-packages/airflow/example_dags/example_complex.py took 0.307 seconds
[2021-10-16 01:11:34,182] {processor.py:163} INFO - Started process (PID=2049) to work on /home/airflow/.local/lib/python3.6/site-packages/airflow/example_dags/example_complex.py
[2021-10-16 01:11:34,185] {processor.py:620} INFO - Processing file /home/airflow/.local/lib/python3.6/site-packages/airflow/example_dags/example_complex.py for tasks to queue
[2021-10-16 01:11:34,187] {logging_mixin.py:109} INFO - [2021-10-16 01:11:34,187] {dagbag.py:500} INFO - Filling up the DagBag from /home/airflow/.local/lib/python3.6/site-packages/airflow/example_dags/example_complex.py
[2021-10-16 01:11:34,242] {processor.py:632} INFO - DAG(s) dict_keys(['example_complex']) retrieved from /home/airflow/.local/lib/python3.6/site-packages/airflow/example_dags/example_complex.py
[2021-10-16 01:11:34,259] {logging_mixin.py:109} INFO - [2021-10-16 01:11:34,259] {dag.py:2389} INFO - Sync 1 DAGs
[2021-10-16 01:11:34,281] {logging_mixin.py:109} INFO - [2021-10-16 01:11:34,281] {dag.py:2914} INFO - Setting next_dagrun for example_complex to None
[2021-10-16 01:11:34,300] {processor.py:171} INFO - Processing /home/airflow/.local/lib/python3.6/site-packages/airflow/example_dags/example_complex.py took 0.125 seconds
[2021-10-16 01:12:04,695] {processor.py:163} INFO - Started process (PID=2103) to work on /home/airflow/.local/lib/python3.6/site-packages/airflow/example_dags/example_complex.py
[2021-10-16 01:12:04,700] {processor.py:620} INFO - Processing file /home/airflow/.local/lib/python3.6/site-packages/airflow/example_dags/example_complex.py for tasks to queue
[2021-10-16 01:12:04,703] {logging_mixin.py:109} INFO - [2021-10-16 01:12:04,702] {dagbag.py:500} INFO - Filling up the DagBag from /home/airflow/.local/lib/python3.6/site-packages/airflow/example_dags/example_complex.py
[2021-10-16 01:12:04,775] {processor.py:632} INFO - DAG(s) dict_keys(['example_complex']) retrieved from /home/airflow/.local/lib/python3.6/site-packages/airflow/example_dags/example_complex.py
[2021-10-16 01:12:04,817] {logging_mixin.py:109} INFO - [2021-10-16 01:12:04,816] {dag.py:2389} INFO - Sync 1 DAGs
[2021-10-16 01:12:04,860] {logging_mixin.py:109} INFO - [2021-10-16 01:12:04,860] {dag.py:2914} INFO - Setting next_dagrun for example_complex to None
[2021-10-16 01:12:04,889] {processor.py:171} INFO - Processing /home/airflow/.local/lib/python3.6/site-packages/airflow/example_dags/example_complex.py took 0.205 seconds
[2021-10-16 01:12:35,042] {processor.py:163} INFO - Started process (PID=2169) to work on /home/airflow/.local/lib/python3.6/site-packages/airflow/example_dags/example_complex.py
[2021-10-16 01:12:35,045] {processor.py:620} INFO - Processing file /home/airflow/.local/lib/python3.6/site-packages/airflow/example_dags/example_complex.py for tasks to queue
[2021-10-16 01:12:35,047] {logging_mixin.py:109} INFO - [2021-10-16 01:12:35,047] {dagbag.py:500} INFO - Filling up the DagBag from /home/airflow/.local/lib/python3.6/site-packages/airflow/example_dags/example_complex.py
[2021-10-16 01:12:35,135] {processor.py:632} INFO - DAG(s) dict_keys(['example_complex']) retrieved from /home/airflow/.local/lib/python3.6/site-packages/airflow/example_dags/example_complex.py
[2021-10-16 01:12:35,210] {logging_mixin.py:109} INFO - [2021-10-16 01:12:35,209] {dag.py:2389} INFO - Sync 1 DAGs
[2021-10-16 01:12:35,252] {logging_mixin.py:109} INFO - [2021-10-16 01:12:35,252] {dag.py:2914} INFO - Setting next_dagrun for example_complex to None
[2021-10-16 01:12:35,282] {processor.py:171} INFO - Processing /home/airflow/.local/lib/python3.6/site-packages/airflow/example_dags/example_complex.py took 0.248 seconds
[2021-10-16 01:13:05,518] {processor.py:163} INFO - Started process (PID=2221) to work on /home/airflow/.local/lib/python3.6/site-packages/airflow/example_dags/example_complex.py
[2021-10-16 01:13:05,531] {processor.py:620} INFO - Processing file /home/airflow/.local/lib/python3.6/site-packages/airflow/example_dags/example_complex.py for tasks to queue
[2021-10-16 01:13:05,536] {logging_mixin.py:109} INFO - [2021-10-16 01:13:05,535] {dagbag.py:500} INFO - Filling up the DagBag from /home/airflow/.local/lib/python3.6/site-packages/airflow/example_dags/example_complex.py
[2021-10-16 01:13:05,791] {processor.py:632} INFO - DAG(s) dict_keys(['example_complex']) retrieved from /home/airflow/.local/lib/python3.6/site-packages/airflow/example_dags/example_complex.py
[2021-10-16 01:13:05,891] {logging_mixin.py:109} INFO - [2021-10-16 01:13:05,891] {dag.py:2389} INFO - Sync 1 DAGs
[2021-10-16 01:13:05,962] {logging_mixin.py:109} INFO - [2021-10-16 01:13:05,962] {dag.py:2914} INFO - Setting next_dagrun for example_complex to None
[2021-10-16 01:13:05,983] {processor.py:171} INFO - Processing /home/airflow/.local/lib/python3.6/site-packages/airflow/example_dags/example_complex.py took 0.476 seconds
[2021-10-16 01:13:36,326] {processor.py:163} INFO - Started process (PID=2277) to work on /home/airflow/.local/lib/python3.6/site-packages/airflow/example_dags/example_complex.py
[2021-10-16 01:13:36,348] {processor.py:620} INFO - Processing file /home/airflow/.local/lib/python3.6/site-packages/airflow/example_dags/example_complex.py for tasks to queue
[2021-10-16 01:13:36,356] {logging_mixin.py:109} INFO - [2021-10-16 01:13:36,354] {dagbag.py:500} INFO - Filling up the DagBag from /home/airflow/.local/lib/python3.6/site-packages/airflow/example_dags/example_complex.py
[2021-10-16 01:13:36,428] {processor.py:632} INFO - DAG(s) dict_keys(['example_complex']) retrieved from /home/airflow/.local/lib/python3.6/site-packages/airflow/example_dags/example_complex.py
[2021-10-16 01:13:36,466] {logging_mixin.py:109} INFO - [2021-10-16 01:13:36,466] {dag.py:2389} INFO - Sync 1 DAGs
[2021-10-16 01:13:36,512] {logging_mixin.py:109} INFO - [2021-10-16 01:13:36,512] {dag.py:2914} INFO - Setting next_dagrun for example_complex to None
[2021-10-16 01:13:36,533] {processor.py:171} INFO - Processing /home/airflow/.local/lib/python3.6/site-packages/airflow/example_dags/example_complex.py took 0.286 seconds
[2021-10-16 01:14:08,967] {processor.py:163} INFO - Started process (PID=2332) to work on /home/airflow/.local/lib/python3.6/site-packages/airflow/example_dags/example_complex.py
[2021-10-16 01:14:08,970] {processor.py:620} INFO - Processing file /home/airflow/.local/lib/python3.6/site-packages/airflow/example_dags/example_complex.py for tasks to queue
[2021-10-16 01:14:08,972] {logging_mixin.py:109} INFO - [2021-10-16 01:14:08,972] {dagbag.py:500} INFO - Filling up the DagBag from /home/airflow/.local/lib/python3.6/site-packages/airflow/example_dags/example_complex.py
[2021-10-16 01:14:09,017] {processor.py:632} INFO - DAG(s) dict_keys(['example_complex']) retrieved from /home/airflow/.local/lib/python3.6/site-packages/airflow/example_dags/example_complex.py
[2021-10-16 01:14:09,078] {logging_mixin.py:109} INFO - [2021-10-16 01:14:09,078] {dag.py:2389} INFO - Sync 1 DAGs
[2021-10-16 01:14:09,103] {logging_mixin.py:109} INFO - [2021-10-16 01:14:09,103] {dag.py:2914} INFO - Setting next_dagrun for example_complex to None
[2021-10-16 01:14:09,133] {processor.py:171} INFO - Processing /home/airflow/.local/lib/python3.6/site-packages/airflow/example_dags/example_complex.py took 0.172 seconds
[2021-10-16 01:14:40,161] {processor.py:163} INFO - Started process (PID=2386) to work on /home/airflow/.local/lib/python3.6/site-packages/airflow/example_dags/example_complex.py
[2021-10-16 01:14:40,164] {processor.py:620} INFO - Processing file /home/airflow/.local/lib/python3.6/site-packages/airflow/example_dags/example_complex.py for tasks to queue
[2021-10-16 01:14:40,165] {logging_mixin.py:109} INFO - [2021-10-16 01:14:40,165] {dagbag.py:500} INFO - Filling up the DagBag from /home/airflow/.local/lib/python3.6/site-packages/airflow/example_dags/example_complex.py
[2021-10-16 01:14:40,209] {processor.py:632} INFO - DAG(s) dict_keys(['example_complex']) retrieved from /home/airflow/.local/lib/python3.6/site-packages/airflow/example_dags/example_complex.py
[2021-10-16 01:14:40,228] {logging_mixin.py:109} INFO - [2021-10-16 01:14:40,228] {dag.py:2389} INFO - Sync 1 DAGs
[2021-10-16 01:14:40,252] {logging_mixin.py:109} INFO - [2021-10-16 01:14:40,251] {dag.py:2914} INFO - Setting next_dagrun for example_complex to None
[2021-10-16 01:14:40,274] {processor.py:171} INFO - Processing /home/airflow/.local/lib/python3.6/site-packages/airflow/example_dags/example_complex.py took 0.118 seconds
[2021-10-16 01:15:10,416] {processor.py:163} INFO - Started process (PID=2441) to work on /home/airflow/.local/lib/python3.6/site-packages/airflow/example_dags/example_complex.py
[2021-10-16 01:15:10,418] {processor.py:620} INFO - Processing file /home/airflow/.local/lib/python3.6/site-packages/airflow/example_dags/example_complex.py for tasks to queue
[2021-10-16 01:15:10,420] {logging_mixin.py:109} INFO - [2021-10-16 01:15:10,420] {dagbag.py:500} INFO - Filling up the DagBag from /home/airflow/.local/lib/python3.6/site-packages/airflow/example_dags/example_complex.py
[2021-10-16 01:15:10,463] {processor.py:632} INFO - DAG(s) dict_keys(['example_complex']) retrieved from /home/airflow/.local/lib/python3.6/site-packages/airflow/example_dags/example_complex.py
[2021-10-16 01:15:10,481] {logging_mixin.py:109} INFO - [2021-10-16 01:15:10,481] {dag.py:2389} INFO - Sync 1 DAGs
[2021-10-16 01:15:10,507] {logging_mixin.py:109} INFO - [2021-10-16 01:15:10,507] {dag.py:2914} INFO - Setting next_dagrun for example_complex to None
[2021-10-16 01:15:10,521] {processor.py:171} INFO - Processing /home/airflow/.local/lib/python3.6/site-packages/airflow/example_dags/example_complex.py took 0.111 seconds
