[2021-10-16 00:53:58,680] {processor.py:163} INFO - Started process (PID=77) to work on /home/airflow/.local/lib/python3.6/site-packages/airflow/example_dags/example_branch_day_of_week_operator.py
[2021-10-16 00:53:58,689] {processor.py:620} INFO - Processing file /home/airflow/.local/lib/python3.6/site-packages/airflow/example_dags/example_branch_day_of_week_operator.py for tasks to queue
[2021-10-16 00:53:58,696] {logging_mixin.py:109} INFO - [2021-10-16 00:53:58,696] {dagbag.py:500} INFO - Filling up the DagBag from /home/airflow/.local/lib/python3.6/site-packages/airflow/example_dags/example_branch_day_of_week_operator.py
[2021-10-16 00:53:59,228] {processor.py:632} INFO - DAG(s) dict_keys(['example_weekday_branch_operator']) retrieved from /home/airflow/.local/lib/python3.6/site-packages/airflow/example_dags/example_branch_day_of_week_operator.py
[2021-10-16 00:53:59,280] {logging_mixin.py:109} INFO - [2021-10-16 00:53:59,280] {dag.py:2389} INFO - Sync 1 DAGs
[2021-10-16 00:53:59,349] {logging_mixin.py:109} INFO - [2021-10-16 00:53:59,348] {dag.py:2914} INFO - Setting next_dagrun for example_weekday_branch_operator to 2021-10-15 00:00:00+00:00
[2021-10-16 00:53:59,405] {processor.py:171} INFO - Processing /home/airflow/.local/lib/python3.6/site-packages/airflow/example_dags/example_branch_day_of_week_operator.py took 0.738 seconds
[2021-10-16 00:54:30,067] {processor.py:163} INFO - Started process (PID=122) to work on /home/airflow/.local/lib/python3.6/site-packages/airflow/example_dags/example_branch_day_of_week_operator.py
[2021-10-16 00:54:30,070] {processor.py:620} INFO - Processing file /home/airflow/.local/lib/python3.6/site-packages/airflow/example_dags/example_branch_day_of_week_operator.py for tasks to queue
[2021-10-16 00:54:30,074] {logging_mixin.py:109} INFO - [2021-10-16 00:54:30,073] {dagbag.py:500} INFO - Filling up the DagBag from /home/airflow/.local/lib/python3.6/site-packages/airflow/example_dags/example_branch_day_of_week_operator.py
[2021-10-16 00:54:30,134] {processor.py:632} INFO - DAG(s) dict_keys(['example_weekday_branch_operator']) retrieved from /home/airflow/.local/lib/python3.6/site-packages/airflow/example_dags/example_branch_day_of_week_operator.py
[2021-10-16 00:54:30,169] {logging_mixin.py:109} INFO - [2021-10-16 00:54:30,164] {dag.py:2389} INFO - Sync 1 DAGs
[2021-10-16 00:54:30,220] {logging_mixin.py:109} INFO - [2021-10-16 00:54:30,220] {dag.py:2914} INFO - Setting next_dagrun for example_weekday_branch_operator to 2021-10-15 00:00:00+00:00
[2021-10-16 00:54:30,238] {processor.py:171} INFO - Processing /home/airflow/.local/lib/python3.6/site-packages/airflow/example_dags/example_branch_day_of_week_operator.py took 0.181 seconds
[2021-10-16 00:55:00,742] {processor.py:163} INFO - Started process (PID=174) to work on /home/airflow/.local/lib/python3.6/site-packages/airflow/example_dags/example_branch_day_of_week_operator.py
[2021-10-16 00:55:00,748] {processor.py:620} INFO - Processing file /home/airflow/.local/lib/python3.6/site-packages/airflow/example_dags/example_branch_day_of_week_operator.py for tasks to queue
[2021-10-16 00:55:00,750] {logging_mixin.py:109} INFO - [2021-10-16 00:55:00,750] {dagbag.py:500} INFO - Filling up the DagBag from /home/airflow/.local/lib/python3.6/site-packages/airflow/example_dags/example_branch_day_of_week_operator.py
[2021-10-16 00:55:00,799] {processor.py:632} INFO - DAG(s) dict_keys(['example_weekday_branch_operator']) retrieved from /home/airflow/.local/lib/python3.6/site-packages/airflow/example_dags/example_branch_day_of_week_operator.py
[2021-10-16 00:55:00,818] {logging_mixin.py:109} INFO - [2021-10-16 00:55:00,818] {dag.py:2389} INFO - Sync 1 DAGs
[2021-10-16 00:55:00,857] {logging_mixin.py:109} INFO - [2021-10-16 00:55:00,857] {dag.py:2914} INFO - Setting next_dagrun for example_weekday_branch_operator to 2021-10-15 00:00:00+00:00
[2021-10-16 00:55:00,874] {processor.py:171} INFO - Processing /home/airflow/.local/lib/python3.6/site-packages/airflow/example_dags/example_branch_day_of_week_operator.py took 0.136 seconds
[2021-10-16 00:55:31,044] {processor.py:163} INFO - Started process (PID=228) to work on /home/airflow/.local/lib/python3.6/site-packages/airflow/example_dags/example_branch_day_of_week_operator.py
[2021-10-16 00:55:31,047] {processor.py:620} INFO - Processing file /home/airflow/.local/lib/python3.6/site-packages/airflow/example_dags/example_branch_day_of_week_operator.py for tasks to queue
[2021-10-16 00:55:31,048] {logging_mixin.py:109} INFO - [2021-10-16 00:55:31,048] {dagbag.py:500} INFO - Filling up the DagBag from /home/airflow/.local/lib/python3.6/site-packages/airflow/example_dags/example_branch_day_of_week_operator.py
[2021-10-16 00:55:31,079] {processor.py:632} INFO - DAG(s) dict_keys(['example_weekday_branch_operator']) retrieved from /home/airflow/.local/lib/python3.6/site-packages/airflow/example_dags/example_branch_day_of_week_operator.py
[2021-10-16 00:55:31,094] {logging_mixin.py:109} INFO - [2021-10-16 00:55:31,093] {dag.py:2389} INFO - Sync 1 DAGs
[2021-10-16 00:55:31,120] {logging_mixin.py:109} INFO - [2021-10-16 00:55:31,120] {dag.py:2914} INFO - Setting next_dagrun for example_weekday_branch_operator to 2021-10-15 00:00:00+00:00
[2021-10-16 00:55:31,134] {processor.py:171} INFO - Processing /home/airflow/.local/lib/python3.6/site-packages/airflow/example_dags/example_branch_day_of_week_operator.py took 0.093 seconds
[2021-10-16 00:56:01,516] {processor.py:163} INFO - Started process (PID=294) to work on /home/airflow/.local/lib/python3.6/site-packages/airflow/example_dags/example_branch_day_of_week_operator.py
[2021-10-16 00:56:01,519] {processor.py:620} INFO - Processing file /home/airflow/.local/lib/python3.6/site-packages/airflow/example_dags/example_branch_day_of_week_operator.py for tasks to queue
[2021-10-16 00:56:01,521] {logging_mixin.py:109} INFO - [2021-10-16 00:56:01,520] {dagbag.py:500} INFO - Filling up the DagBag from /home/airflow/.local/lib/python3.6/site-packages/airflow/example_dags/example_branch_day_of_week_operator.py
[2021-10-16 00:56:01,567] {processor.py:632} INFO - DAG(s) dict_keys(['example_weekday_branch_operator']) retrieved from /home/airflow/.local/lib/python3.6/site-packages/airflow/example_dags/example_branch_day_of_week_operator.py
[2021-10-16 00:56:01,580] {logging_mixin.py:109} INFO - [2021-10-16 00:56:01,580] {dag.py:2389} INFO - Sync 1 DAGs
[2021-10-16 00:56:01,600] {logging_mixin.py:109} INFO - [2021-10-16 00:56:01,600] {dag.py:2914} INFO - Setting next_dagrun for example_weekday_branch_operator to 2021-10-15 00:00:00+00:00
[2021-10-16 00:56:01,613] {processor.py:171} INFO - Processing /home/airflow/.local/lib/python3.6/site-packages/airflow/example_dags/example_branch_day_of_week_operator.py took 0.103 seconds
[2021-10-16 00:56:32,617] {processor.py:163} INFO - Started process (PID=349) to work on /home/airflow/.local/lib/python3.6/site-packages/airflow/example_dags/example_branch_day_of_week_operator.py
[2021-10-16 00:56:32,622] {processor.py:620} INFO - Processing file /home/airflow/.local/lib/python3.6/site-packages/airflow/example_dags/example_branch_day_of_week_operator.py for tasks to queue
[2021-10-16 00:56:32,635] {logging_mixin.py:109} INFO - [2021-10-16 00:56:32,635] {dagbag.py:500} INFO - Filling up the DagBag from /home/airflow/.local/lib/python3.6/site-packages/airflow/example_dags/example_branch_day_of_week_operator.py
[2021-10-16 00:56:32,700] {processor.py:632} INFO - DAG(s) dict_keys(['example_weekday_branch_operator']) retrieved from /home/airflow/.local/lib/python3.6/site-packages/airflow/example_dags/example_branch_day_of_week_operator.py
[2021-10-16 00:56:32,714] {logging_mixin.py:109} INFO - [2021-10-16 00:56:32,714] {dag.py:2389} INFO - Sync 1 DAGs
[2021-10-16 00:56:32,738] {logging_mixin.py:109} INFO - [2021-10-16 00:56:32,738] {dag.py:2914} INFO - Setting next_dagrun for example_weekday_branch_operator to 2021-10-15 00:00:00+00:00
[2021-10-16 00:56:32,753] {processor.py:171} INFO - Processing /home/airflow/.local/lib/python3.6/site-packages/airflow/example_dags/example_branch_day_of_week_operator.py took 0.142 seconds
[2021-10-16 00:57:03,079] {processor.py:163} INFO - Started process (PID=403) to work on /home/airflow/.local/lib/python3.6/site-packages/airflow/example_dags/example_branch_day_of_week_operator.py
[2021-10-16 00:57:03,083] {processor.py:620} INFO - Processing file /home/airflow/.local/lib/python3.6/site-packages/airflow/example_dags/example_branch_day_of_week_operator.py for tasks to queue
[2021-10-16 00:57:03,085] {logging_mixin.py:109} INFO - [2021-10-16 00:57:03,084] {dagbag.py:500} INFO - Filling up the DagBag from /home/airflow/.local/lib/python3.6/site-packages/airflow/example_dags/example_branch_day_of_week_operator.py
[2021-10-16 00:57:03,115] {processor.py:632} INFO - DAG(s) dict_keys(['example_weekday_branch_operator']) retrieved from /home/airflow/.local/lib/python3.6/site-packages/airflow/example_dags/example_branch_day_of_week_operator.py
[2021-10-16 00:57:03,126] {logging_mixin.py:109} INFO - [2021-10-16 00:57:03,126] {dag.py:2389} INFO - Sync 1 DAGs
[2021-10-16 00:57:03,145] {logging_mixin.py:109} INFO - [2021-10-16 00:57:03,145] {dag.py:2914} INFO - Setting next_dagrun for example_weekday_branch_operator to 2021-10-15 00:00:00+00:00
[2021-10-16 00:57:03,154] {processor.py:171} INFO - Processing /home/airflow/.local/lib/python3.6/site-packages/airflow/example_dags/example_branch_day_of_week_operator.py took 0.080 seconds
[2021-10-16 00:57:33,636] {processor.py:163} INFO - Started process (PID=467) to work on /home/airflow/.local/lib/python3.6/site-packages/airflow/example_dags/example_branch_day_of_week_operator.py
[2021-10-16 00:57:33,642] {processor.py:620} INFO - Processing file /home/airflow/.local/lib/python3.6/site-packages/airflow/example_dags/example_branch_day_of_week_operator.py for tasks to queue
[2021-10-16 00:57:33,644] {logging_mixin.py:109} INFO - [2021-10-16 00:57:33,643] {dagbag.py:500} INFO - Filling up the DagBag from /home/airflow/.local/lib/python3.6/site-packages/airflow/example_dags/example_branch_day_of_week_operator.py
[2021-10-16 00:57:33,693] {processor.py:632} INFO - DAG(s) dict_keys(['example_weekday_branch_operator']) retrieved from /home/airflow/.local/lib/python3.6/site-packages/airflow/example_dags/example_branch_day_of_week_operator.py
[2021-10-16 00:57:33,712] {logging_mixin.py:109} INFO - [2021-10-16 00:57:33,712] {dag.py:2389} INFO - Sync 1 DAGs
[2021-10-16 00:57:33,746] {logging_mixin.py:109} INFO - [2021-10-16 00:57:33,744] {dag.py:2914} INFO - Setting next_dagrun for example_weekday_branch_operator to 2021-10-15 00:00:00+00:00
[2021-10-16 00:57:33,769] {processor.py:171} INFO - Processing /home/airflow/.local/lib/python3.6/site-packages/airflow/example_dags/example_branch_day_of_week_operator.py took 0.140 seconds
[2021-10-16 00:58:04,142] {processor.py:163} INFO - Started process (PID=522) to work on /home/airflow/.local/lib/python3.6/site-packages/airflow/example_dags/example_branch_day_of_week_operator.py
[2021-10-16 00:58:04,144] {processor.py:620} INFO - Processing file /home/airflow/.local/lib/python3.6/site-packages/airflow/example_dags/example_branch_day_of_week_operator.py for tasks to queue
[2021-10-16 00:58:04,149] {logging_mixin.py:109} INFO - [2021-10-16 00:58:04,148] {dagbag.py:500} INFO - Filling up the DagBag from /home/airflow/.local/lib/python3.6/site-packages/airflow/example_dags/example_branch_day_of_week_operator.py
[2021-10-16 00:58:04,323] {processor.py:632} INFO - DAG(s) dict_keys(['example_weekday_branch_operator']) retrieved from /home/airflow/.local/lib/python3.6/site-packages/airflow/example_dags/example_branch_day_of_week_operator.py
[2021-10-16 00:58:04,404] {logging_mixin.py:109} INFO - [2021-10-16 00:58:04,404] {dag.py:2389} INFO - Sync 1 DAGs
[2021-10-16 00:58:04,500] {logging_mixin.py:109} INFO - [2021-10-16 00:58:04,500] {dag.py:2914} INFO - Setting next_dagrun for example_weekday_branch_operator to 2021-10-15 00:00:00+00:00
[2021-10-16 00:58:04,539] {processor.py:171} INFO - Processing /home/airflow/.local/lib/python3.6/site-packages/airflow/example_dags/example_branch_day_of_week_operator.py took 0.409 seconds
[2021-10-16 00:58:34,859] {processor.py:163} INFO - Started process (PID=575) to work on /home/airflow/.local/lib/python3.6/site-packages/airflow/example_dags/example_branch_day_of_week_operator.py
[2021-10-16 00:58:34,871] {processor.py:620} INFO - Processing file /home/airflow/.local/lib/python3.6/site-packages/airflow/example_dags/example_branch_day_of_week_operator.py for tasks to queue
[2021-10-16 00:58:34,873] {logging_mixin.py:109} INFO - [2021-10-16 00:58:34,872] {dagbag.py:500} INFO - Filling up the DagBag from /home/airflow/.local/lib/python3.6/site-packages/airflow/example_dags/example_branch_day_of_week_operator.py
[2021-10-16 00:58:34,971] {processor.py:632} INFO - DAG(s) dict_keys(['example_weekday_branch_operator']) retrieved from /home/airflow/.local/lib/python3.6/site-packages/airflow/example_dags/example_branch_day_of_week_operator.py
[2021-10-16 00:58:35,004] {logging_mixin.py:109} INFO - [2021-10-16 00:58:35,004] {dag.py:2389} INFO - Sync 1 DAGs
[2021-10-16 00:58:35,066] {logging_mixin.py:109} INFO - [2021-10-16 00:58:35,066] {dag.py:2914} INFO - Setting next_dagrun for example_weekday_branch_operator to 2021-10-15 00:00:00+00:00
[2021-10-16 00:58:35,082] {processor.py:171} INFO - Processing /home/airflow/.local/lib/python3.6/site-packages/airflow/example_dags/example_branch_day_of_week_operator.py took 0.227 seconds
[2021-10-16 00:59:05,790] {processor.py:163} INFO - Started process (PID=630) to work on /home/airflow/.local/lib/python3.6/site-packages/airflow/example_dags/example_branch_day_of_week_operator.py
[2021-10-16 00:59:05,793] {processor.py:620} INFO - Processing file /home/airflow/.local/lib/python3.6/site-packages/airflow/example_dags/example_branch_day_of_week_operator.py for tasks to queue
[2021-10-16 00:59:05,795] {logging_mixin.py:109} INFO - [2021-10-16 00:59:05,794] {dagbag.py:500} INFO - Filling up the DagBag from /home/airflow/.local/lib/python3.6/site-packages/airflow/example_dags/example_branch_day_of_week_operator.py
[2021-10-16 00:59:05,843] {processor.py:632} INFO - DAG(s) dict_keys(['example_weekday_branch_operator']) retrieved from /home/airflow/.local/lib/python3.6/site-packages/airflow/example_dags/example_branch_day_of_week_operator.py
[2021-10-16 00:59:05,859] {logging_mixin.py:109} INFO - [2021-10-16 00:59:05,859] {dag.py:2389} INFO - Sync 1 DAGs
[2021-10-16 00:59:05,883] {logging_mixin.py:109} INFO - [2021-10-16 00:59:05,883] {dag.py:2914} INFO - Setting next_dagrun for example_weekday_branch_operator to 2021-10-15 00:00:00+00:00
[2021-10-16 00:59:05,900] {processor.py:171} INFO - Processing /home/airflow/.local/lib/python3.6/site-packages/airflow/example_dags/example_branch_day_of_week_operator.py took 0.117 seconds
[2021-10-16 00:59:36,798] {processor.py:163} INFO - Started process (PID=690) to work on /home/airflow/.local/lib/python3.6/site-packages/airflow/example_dags/example_branch_day_of_week_operator.py
[2021-10-16 00:59:36,802] {processor.py:620} INFO - Processing file /home/airflow/.local/lib/python3.6/site-packages/airflow/example_dags/example_branch_day_of_week_operator.py for tasks to queue
[2021-10-16 00:59:36,804] {logging_mixin.py:109} INFO - [2021-10-16 00:59:36,803] {dagbag.py:500} INFO - Filling up the DagBag from /home/airflow/.local/lib/python3.6/site-packages/airflow/example_dags/example_branch_day_of_week_operator.py
[2021-10-16 00:59:36,841] {processor.py:632} INFO - DAG(s) dict_keys(['example_weekday_branch_operator']) retrieved from /home/airflow/.local/lib/python3.6/site-packages/airflow/example_dags/example_branch_day_of_week_operator.py
[2021-10-16 00:59:36,855] {logging_mixin.py:109} INFO - [2021-10-16 00:59:36,855] {dag.py:2389} INFO - Sync 1 DAGs
[2021-10-16 00:59:36,877] {logging_mixin.py:109} INFO - [2021-10-16 00:59:36,877] {dag.py:2914} INFO - Setting next_dagrun for example_weekday_branch_operator to 2021-10-15 00:00:00+00:00
[2021-10-16 00:59:36,890] {processor.py:171} INFO - Processing /home/airflow/.local/lib/python3.6/site-packages/airflow/example_dags/example_branch_day_of_week_operator.py took 0.096 seconds
[2021-10-16 01:00:07,527] {processor.py:163} INFO - Started process (PID=744) to work on /home/airflow/.local/lib/python3.6/site-packages/airflow/example_dags/example_branch_day_of_week_operator.py
[2021-10-16 01:00:07,530] {processor.py:620} INFO - Processing file /home/airflow/.local/lib/python3.6/site-packages/airflow/example_dags/example_branch_day_of_week_operator.py for tasks to queue
[2021-10-16 01:00:07,535] {logging_mixin.py:109} INFO - [2021-10-16 01:00:07,535] {dagbag.py:500} INFO - Filling up the DagBag from /home/airflow/.local/lib/python3.6/site-packages/airflow/example_dags/example_branch_day_of_week_operator.py
[2021-10-16 01:00:07,592] {processor.py:632} INFO - DAG(s) dict_keys(['example_weekday_branch_operator']) retrieved from /home/airflow/.local/lib/python3.6/site-packages/airflow/example_dags/example_branch_day_of_week_operator.py
[2021-10-16 01:00:07,654] {logging_mixin.py:109} INFO - [2021-10-16 01:00:07,653] {dag.py:2389} INFO - Sync 1 DAGs
[2021-10-16 01:00:07,810] {logging_mixin.py:109} INFO - [2021-10-16 01:00:07,810] {dag.py:2914} INFO - Setting next_dagrun for example_weekday_branch_operator to 2021-10-15 00:00:00+00:00
[2021-10-16 01:00:07,873] {processor.py:171} INFO - Processing /home/airflow/.local/lib/python3.6/site-packages/airflow/example_dags/example_branch_day_of_week_operator.py took 0.352 seconds
[2021-10-16 01:00:38,616] {processor.py:163} INFO - Started process (PID=809) to work on /home/airflow/.local/lib/python3.6/site-packages/airflow/example_dags/example_branch_day_of_week_operator.py
[2021-10-16 01:00:38,619] {processor.py:620} INFO - Processing file /home/airflow/.local/lib/python3.6/site-packages/airflow/example_dags/example_branch_day_of_week_operator.py for tasks to queue
[2021-10-16 01:00:38,620] {logging_mixin.py:109} INFO - [2021-10-16 01:00:38,620] {dagbag.py:500} INFO - Filling up the DagBag from /home/airflow/.local/lib/python3.6/site-packages/airflow/example_dags/example_branch_day_of_week_operator.py
[2021-10-16 01:00:38,655] {processor.py:632} INFO - DAG(s) dict_keys(['example_weekday_branch_operator']) retrieved from /home/airflow/.local/lib/python3.6/site-packages/airflow/example_dags/example_branch_day_of_week_operator.py
[2021-10-16 01:00:38,671] {logging_mixin.py:109} INFO - [2021-10-16 01:00:38,671] {dag.py:2389} INFO - Sync 1 DAGs
[2021-10-16 01:00:38,691] {logging_mixin.py:109} INFO - [2021-10-16 01:00:38,691] {dag.py:2914} INFO - Setting next_dagrun for example_weekday_branch_operator to 2021-10-15 00:00:00+00:00
[2021-10-16 01:00:38,703] {processor.py:171} INFO - Processing /home/airflow/.local/lib/python3.6/site-packages/airflow/example_dags/example_branch_day_of_week_operator.py took 0.092 seconds
[2021-10-16 01:01:09,216] {processor.py:163} INFO - Started process (PID=865) to work on /home/airflow/.local/lib/python3.6/site-packages/airflow/example_dags/example_branch_day_of_week_operator.py
[2021-10-16 01:01:09,227] {processor.py:620} INFO - Processing file /home/airflow/.local/lib/python3.6/site-packages/airflow/example_dags/example_branch_day_of_week_operator.py for tasks to queue
[2021-10-16 01:01:09,230] {logging_mixin.py:109} INFO - [2021-10-16 01:01:09,229] {dagbag.py:500} INFO - Filling up the DagBag from /home/airflow/.local/lib/python3.6/site-packages/airflow/example_dags/example_branch_day_of_week_operator.py
[2021-10-16 01:01:09,290] {processor.py:632} INFO - DAG(s) dict_keys(['example_weekday_branch_operator']) retrieved from /home/airflow/.local/lib/python3.6/site-packages/airflow/example_dags/example_branch_day_of_week_operator.py
[2021-10-16 01:01:09,322] {logging_mixin.py:109} INFO - [2021-10-16 01:01:09,322] {dag.py:2389} INFO - Sync 1 DAGs
[2021-10-16 01:01:09,358] {logging_mixin.py:109} INFO - [2021-10-16 01:01:09,358] {dag.py:2914} INFO - Setting next_dagrun for example_weekday_branch_operator to 2021-10-15 00:00:00+00:00
[2021-10-16 01:01:09,392] {processor.py:171} INFO - Processing /home/airflow/.local/lib/python3.6/site-packages/airflow/example_dags/example_branch_day_of_week_operator.py took 0.188 seconds
[2021-10-16 01:01:39,548] {processor.py:163} INFO - Started process (PID=930) to work on /home/airflow/.local/lib/python3.6/site-packages/airflow/example_dags/example_branch_day_of_week_operator.py
[2021-10-16 01:01:39,556] {processor.py:620} INFO - Processing file /home/airflow/.local/lib/python3.6/site-packages/airflow/example_dags/example_branch_day_of_week_operator.py for tasks to queue
[2021-10-16 01:01:39,558] {logging_mixin.py:109} INFO - [2021-10-16 01:01:39,558] {dagbag.py:500} INFO - Filling up the DagBag from /home/airflow/.local/lib/python3.6/site-packages/airflow/example_dags/example_branch_day_of_week_operator.py
[2021-10-16 01:01:39,593] {processor.py:632} INFO - DAG(s) dict_keys(['example_weekday_branch_operator']) retrieved from /home/airflow/.local/lib/python3.6/site-packages/airflow/example_dags/example_branch_day_of_week_operator.py
[2021-10-16 01:01:39,606] {logging_mixin.py:109} INFO - [2021-10-16 01:01:39,606] {dag.py:2389} INFO - Sync 1 DAGs
[2021-10-16 01:01:39,627] {logging_mixin.py:109} INFO - [2021-10-16 01:01:39,627] {dag.py:2914} INFO - Setting next_dagrun for example_weekday_branch_operator to 2021-10-15 00:00:00+00:00
[2021-10-16 01:01:39,640] {processor.py:171} INFO - Processing /home/airflow/.local/lib/python3.6/site-packages/airflow/example_dags/example_branch_day_of_week_operator.py took 0.097 seconds
[2021-10-16 01:02:10,306] {processor.py:163} INFO - Started process (PID=987) to work on /home/airflow/.local/lib/python3.6/site-packages/airflow/example_dags/example_branch_day_of_week_operator.py
[2021-10-16 01:02:10,308] {processor.py:620} INFO - Processing file /home/airflow/.local/lib/python3.6/site-packages/airflow/example_dags/example_branch_day_of_week_operator.py for tasks to queue
[2021-10-16 01:02:10,313] {logging_mixin.py:109} INFO - [2021-10-16 01:02:10,313] {dagbag.py:500} INFO - Filling up the DagBag from /home/airflow/.local/lib/python3.6/site-packages/airflow/example_dags/example_branch_day_of_week_operator.py
[2021-10-16 01:02:10,373] {processor.py:632} INFO - DAG(s) dict_keys(['example_weekday_branch_operator']) retrieved from /home/airflow/.local/lib/python3.6/site-packages/airflow/example_dags/example_branch_day_of_week_operator.py
[2021-10-16 01:02:10,401] {logging_mixin.py:109} INFO - [2021-10-16 01:02:10,401] {dag.py:2389} INFO - Sync 1 DAGs
[2021-10-16 01:02:10,440] {logging_mixin.py:109} INFO - [2021-10-16 01:02:10,439] {dag.py:2914} INFO - Setting next_dagrun for example_weekday_branch_operator to 2021-10-15 00:00:00+00:00
[2021-10-16 01:02:10,460] {processor.py:171} INFO - Processing /home/airflow/.local/lib/python3.6/site-packages/airflow/example_dags/example_branch_day_of_week_operator.py took 0.170 seconds
[2021-10-16 01:02:41,098] {processor.py:163} INFO - Started process (PID=1045) to work on /home/airflow/.local/lib/python3.6/site-packages/airflow/example_dags/example_branch_day_of_week_operator.py
[2021-10-16 01:02:41,100] {processor.py:620} INFO - Processing file /home/airflow/.local/lib/python3.6/site-packages/airflow/example_dags/example_branch_day_of_week_operator.py for tasks to queue
[2021-10-16 01:02:41,102] {logging_mixin.py:109} INFO - [2021-10-16 01:02:41,102] {dagbag.py:500} INFO - Filling up the DagBag from /home/airflow/.local/lib/python3.6/site-packages/airflow/example_dags/example_branch_day_of_week_operator.py
[2021-10-16 01:02:41,140] {processor.py:632} INFO - DAG(s) dict_keys(['example_weekday_branch_operator']) retrieved from /home/airflow/.local/lib/python3.6/site-packages/airflow/example_dags/example_branch_day_of_week_operator.py
[2021-10-16 01:02:41,157] {logging_mixin.py:109} INFO - [2021-10-16 01:02:41,157] {dag.py:2389} INFO - Sync 1 DAGs
[2021-10-16 01:02:41,182] {logging_mixin.py:109} INFO - [2021-10-16 01:02:41,182] {dag.py:2914} INFO - Setting next_dagrun for example_weekday_branch_operator to 2021-10-15 00:00:00+00:00
[2021-10-16 01:02:41,199] {processor.py:171} INFO - Processing /home/airflow/.local/lib/python3.6/site-packages/airflow/example_dags/example_branch_day_of_week_operator.py took 0.105 seconds
[2021-10-16 01:03:11,880] {processor.py:163} INFO - Started process (PID=1108) to work on /home/airflow/.local/lib/python3.6/site-packages/airflow/example_dags/example_branch_day_of_week_operator.py
[2021-10-16 01:03:11,889] {processor.py:620} INFO - Processing file /home/airflow/.local/lib/python3.6/site-packages/airflow/example_dags/example_branch_day_of_week_operator.py for tasks to queue
[2021-10-16 01:03:11,892] {logging_mixin.py:109} INFO - [2021-10-16 01:03:11,892] {dagbag.py:500} INFO - Filling up the DagBag from /home/airflow/.local/lib/python3.6/site-packages/airflow/example_dags/example_branch_day_of_week_operator.py
[2021-10-16 01:03:11,963] {processor.py:632} INFO - DAG(s) dict_keys(['example_weekday_branch_operator']) retrieved from /home/airflow/.local/lib/python3.6/site-packages/airflow/example_dags/example_branch_day_of_week_operator.py
[2021-10-16 01:03:11,988] {logging_mixin.py:109} INFO - [2021-10-16 01:03:11,987] {dag.py:2389} INFO - Sync 1 DAGs
[2021-10-16 01:03:12,021] {logging_mixin.py:109} INFO - [2021-10-16 01:03:12,020] {dag.py:2914} INFO - Setting next_dagrun for example_weekday_branch_operator to 2021-10-15 00:00:00+00:00
[2021-10-16 01:03:12,043] {processor.py:171} INFO - Processing /home/airflow/.local/lib/python3.6/site-packages/airflow/example_dags/example_branch_day_of_week_operator.py took 0.179 seconds
[2021-10-16 01:03:42,128] {processor.py:163} INFO - Started process (PID=1161) to work on /home/airflow/.local/lib/python3.6/site-packages/airflow/example_dags/example_branch_day_of_week_operator.py
[2021-10-16 01:03:42,131] {processor.py:620} INFO - Processing file /home/airflow/.local/lib/python3.6/site-packages/airflow/example_dags/example_branch_day_of_week_operator.py for tasks to queue
[2021-10-16 01:03:42,132] {logging_mixin.py:109} INFO - [2021-10-16 01:03:42,132] {dagbag.py:500} INFO - Filling up the DagBag from /home/airflow/.local/lib/python3.6/site-packages/airflow/example_dags/example_branch_day_of_week_operator.py
[2021-10-16 01:03:42,162] {processor.py:632} INFO - DAG(s) dict_keys(['example_weekday_branch_operator']) retrieved from /home/airflow/.local/lib/python3.6/site-packages/airflow/example_dags/example_branch_day_of_week_operator.py
[2021-10-16 01:03:42,175] {logging_mixin.py:109} INFO - [2021-10-16 01:03:42,174] {dag.py:2389} INFO - Sync 1 DAGs
[2021-10-16 01:03:42,193] {logging_mixin.py:109} INFO - [2021-10-16 01:03:42,193] {dag.py:2914} INFO - Setting next_dagrun for example_weekday_branch_operator to 2021-10-15 00:00:00+00:00
[2021-10-16 01:03:42,210] {processor.py:171} INFO - Processing /home/airflow/.local/lib/python3.6/site-packages/airflow/example_dags/example_branch_day_of_week_operator.py took 0.086 seconds
[2021-10-16 01:04:12,309] {processor.py:163} INFO - Started process (PID=1216) to work on /home/airflow/.local/lib/python3.6/site-packages/airflow/example_dags/example_branch_day_of_week_operator.py
[2021-10-16 01:04:12,312] {processor.py:620} INFO - Processing file /home/airflow/.local/lib/python3.6/site-packages/airflow/example_dags/example_branch_day_of_week_operator.py for tasks to queue
[2021-10-16 01:04:12,314] {logging_mixin.py:109} INFO - [2021-10-16 01:04:12,314] {dagbag.py:500} INFO - Filling up the DagBag from /home/airflow/.local/lib/python3.6/site-packages/airflow/example_dags/example_branch_day_of_week_operator.py
[2021-10-16 01:04:12,345] {processor.py:632} INFO - DAG(s) dict_keys(['example_weekday_branch_operator']) retrieved from /home/airflow/.local/lib/python3.6/site-packages/airflow/example_dags/example_branch_day_of_week_operator.py
[2021-10-16 01:04:12,356] {logging_mixin.py:109} INFO - [2021-10-16 01:04:12,356] {dag.py:2389} INFO - Sync 1 DAGs
[2021-10-16 01:04:12,378] {logging_mixin.py:109} INFO - [2021-10-16 01:04:12,378] {dag.py:2914} INFO - Setting next_dagrun for example_weekday_branch_operator to 2021-10-15 00:00:00+00:00
[2021-10-16 01:04:12,389] {processor.py:171} INFO - Processing /home/airflow/.local/lib/python3.6/site-packages/airflow/example_dags/example_branch_day_of_week_operator.py took 0.085 seconds
[2021-10-16 01:04:42,863] {processor.py:163} INFO - Started process (PID=1280) to work on /home/airflow/.local/lib/python3.6/site-packages/airflow/example_dags/example_branch_day_of_week_operator.py
[2021-10-16 01:04:42,867] {processor.py:620} INFO - Processing file /home/airflow/.local/lib/python3.6/site-packages/airflow/example_dags/example_branch_day_of_week_operator.py for tasks to queue
[2021-10-16 01:04:42,869] {logging_mixin.py:109} INFO - [2021-10-16 01:04:42,869] {dagbag.py:500} INFO - Filling up the DagBag from /home/airflow/.local/lib/python3.6/site-packages/airflow/example_dags/example_branch_day_of_week_operator.py
[2021-10-16 01:04:42,934] {processor.py:632} INFO - DAG(s) dict_keys(['example_weekday_branch_operator']) retrieved from /home/airflow/.local/lib/python3.6/site-packages/airflow/example_dags/example_branch_day_of_week_operator.py
[2021-10-16 01:04:42,959] {logging_mixin.py:109} INFO - [2021-10-16 01:04:42,959] {dag.py:2389} INFO - Sync 1 DAGs
[2021-10-16 01:04:43,016] {logging_mixin.py:109} INFO - [2021-10-16 01:04:43,016] {dag.py:2914} INFO - Setting next_dagrun for example_weekday_branch_operator to 2021-10-15 00:00:00+00:00
[2021-10-16 01:04:43,059] {processor.py:171} INFO - Processing /home/airflow/.local/lib/python3.6/site-packages/airflow/example_dags/example_branch_day_of_week_operator.py took 0.215 seconds
[2021-10-16 01:05:13,238] {processor.py:163} INFO - Started process (PID=1326) to work on /home/airflow/.local/lib/python3.6/site-packages/airflow/example_dags/example_branch_day_of_week_operator.py
[2021-10-16 01:05:13,240] {processor.py:620} INFO - Processing file /home/airflow/.local/lib/python3.6/site-packages/airflow/example_dags/example_branch_day_of_week_operator.py for tasks to queue
[2021-10-16 01:05:13,241] {logging_mixin.py:109} INFO - [2021-10-16 01:05:13,241] {dagbag.py:500} INFO - Filling up the DagBag from /home/airflow/.local/lib/python3.6/site-packages/airflow/example_dags/example_branch_day_of_week_operator.py
[2021-10-16 01:05:13,271] {processor.py:632} INFO - DAG(s) dict_keys(['example_weekday_branch_operator']) retrieved from /home/airflow/.local/lib/python3.6/site-packages/airflow/example_dags/example_branch_day_of_week_operator.py
[2021-10-16 01:05:13,286] {logging_mixin.py:109} INFO - [2021-10-16 01:05:13,285] {dag.py:2389} INFO - Sync 1 DAGs
[2021-10-16 01:05:13,307] {logging_mixin.py:109} INFO - [2021-10-16 01:05:13,307] {dag.py:2914} INFO - Setting next_dagrun for example_weekday_branch_operator to 2021-10-15 00:00:00+00:00
[2021-10-16 01:05:13,321] {processor.py:171} INFO - Processing /home/airflow/.local/lib/python3.6/site-packages/airflow/example_dags/example_branch_day_of_week_operator.py took 0.086 seconds
[2021-10-16 01:05:43,837] {processor.py:163} INFO - Started process (PID=1389) to work on /home/airflow/.local/lib/python3.6/site-packages/airflow/example_dags/example_branch_day_of_week_operator.py
[2021-10-16 01:05:43,840] {processor.py:620} INFO - Processing file /home/airflow/.local/lib/python3.6/site-packages/airflow/example_dags/example_branch_day_of_week_operator.py for tasks to queue
[2021-10-16 01:05:43,841] {logging_mixin.py:109} INFO - [2021-10-16 01:05:43,841] {dagbag.py:500} INFO - Filling up the DagBag from /home/airflow/.local/lib/python3.6/site-packages/airflow/example_dags/example_branch_day_of_week_operator.py
[2021-10-16 01:05:43,869] {processor.py:632} INFO - DAG(s) dict_keys(['example_weekday_branch_operator']) retrieved from /home/airflow/.local/lib/python3.6/site-packages/airflow/example_dags/example_branch_day_of_week_operator.py
[2021-10-16 01:05:43,881] {logging_mixin.py:109} INFO - [2021-10-16 01:05:43,881] {dag.py:2389} INFO - Sync 1 DAGs
[2021-10-16 01:05:43,900] {logging_mixin.py:109} INFO - [2021-10-16 01:05:43,900] {dag.py:2914} INFO - Setting next_dagrun for example_weekday_branch_operator to 2021-10-15 00:00:00+00:00
[2021-10-16 01:05:43,909] {processor.py:171} INFO - Processing /home/airflow/.local/lib/python3.6/site-packages/airflow/example_dags/example_branch_day_of_week_operator.py took 0.076 seconds
[2021-10-16 01:06:14,483] {processor.py:163} INFO - Started process (PID=1444) to work on /home/airflow/.local/lib/python3.6/site-packages/airflow/example_dags/example_branch_day_of_week_operator.py
[2021-10-16 01:06:14,485] {processor.py:620} INFO - Processing file /home/airflow/.local/lib/python3.6/site-packages/airflow/example_dags/example_branch_day_of_week_operator.py for tasks to queue
[2021-10-16 01:06:14,487] {logging_mixin.py:109} INFO - [2021-10-16 01:06:14,487] {dagbag.py:500} INFO - Filling up the DagBag from /home/airflow/.local/lib/python3.6/site-packages/airflow/example_dags/example_branch_day_of_week_operator.py
[2021-10-16 01:06:14,522] {processor.py:632} INFO - DAG(s) dict_keys(['example_weekday_branch_operator']) retrieved from /home/airflow/.local/lib/python3.6/site-packages/airflow/example_dags/example_branch_day_of_week_operator.py
[2021-10-16 01:06:14,540] {logging_mixin.py:109} INFO - [2021-10-16 01:06:14,540] {dag.py:2389} INFO - Sync 1 DAGs
[2021-10-16 01:06:14,562] {logging_mixin.py:109} INFO - [2021-10-16 01:06:14,562] {dag.py:2914} INFO - Setting next_dagrun for example_weekday_branch_operator to 2021-10-15 00:00:00+00:00
[2021-10-16 01:06:14,579] {processor.py:171} INFO - Processing /home/airflow/.local/lib/python3.6/site-packages/airflow/example_dags/example_branch_day_of_week_operator.py took 0.104 seconds
[2021-10-16 01:06:44,859] {processor.py:163} INFO - Started process (PID=1498) to work on /home/airflow/.local/lib/python3.6/site-packages/airflow/example_dags/example_branch_day_of_week_operator.py
[2021-10-16 01:06:44,863] {processor.py:620} INFO - Processing file /home/airflow/.local/lib/python3.6/site-packages/airflow/example_dags/example_branch_day_of_week_operator.py for tasks to queue
[2021-10-16 01:06:44,865] {logging_mixin.py:109} INFO - [2021-10-16 01:06:44,865] {dagbag.py:500} INFO - Filling up the DagBag from /home/airflow/.local/lib/python3.6/site-packages/airflow/example_dags/example_branch_day_of_week_operator.py
[2021-10-16 01:06:44,907] {processor.py:632} INFO - DAG(s) dict_keys(['example_weekday_branch_operator']) retrieved from /home/airflow/.local/lib/python3.6/site-packages/airflow/example_dags/example_branch_day_of_week_operator.py
[2021-10-16 01:06:44,921] {logging_mixin.py:109} INFO - [2021-10-16 01:06:44,920] {dag.py:2389} INFO - Sync 1 DAGs
[2021-10-16 01:06:44,948] {logging_mixin.py:109} INFO - [2021-10-16 01:06:44,948] {dag.py:2914} INFO - Setting next_dagrun for example_weekday_branch_operator to 2021-10-15 00:00:00+00:00
[2021-10-16 01:06:44,962] {processor.py:171} INFO - Processing /home/airflow/.local/lib/python3.6/site-packages/airflow/example_dags/example_branch_day_of_week_operator.py took 0.109 seconds
[2021-10-16 01:07:15,325] {processor.py:163} INFO - Started process (PID=1551) to work on /home/airflow/.local/lib/python3.6/site-packages/airflow/example_dags/example_branch_day_of_week_operator.py
[2021-10-16 01:07:15,327] {processor.py:620} INFO - Processing file /home/airflow/.local/lib/python3.6/site-packages/airflow/example_dags/example_branch_day_of_week_operator.py for tasks to queue
[2021-10-16 01:07:15,328] {logging_mixin.py:109} INFO - [2021-10-16 01:07:15,328] {dagbag.py:500} INFO - Filling up the DagBag from /home/airflow/.local/lib/python3.6/site-packages/airflow/example_dags/example_branch_day_of_week_operator.py
[2021-10-16 01:07:15,356] {processor.py:632} INFO - DAG(s) dict_keys(['example_weekday_branch_operator']) retrieved from /home/airflow/.local/lib/python3.6/site-packages/airflow/example_dags/example_branch_day_of_week_operator.py
[2021-10-16 01:07:15,370] {logging_mixin.py:109} INFO - [2021-10-16 01:07:15,370] {dag.py:2389} INFO - Sync 1 DAGs
[2021-10-16 01:07:15,388] {logging_mixin.py:109} INFO - [2021-10-16 01:07:15,388] {dag.py:2914} INFO - Setting next_dagrun for example_weekday_branch_operator to 2021-10-15 00:00:00+00:00
[2021-10-16 01:07:15,401] {processor.py:171} INFO - Processing /home/airflow/.local/lib/python3.6/site-packages/airflow/example_dags/example_branch_day_of_week_operator.py took 0.080 seconds
[2021-10-16 01:07:46,227] {processor.py:163} INFO - Started process (PID=1617) to work on /home/airflow/.local/lib/python3.6/site-packages/airflow/example_dags/example_branch_day_of_week_operator.py
[2021-10-16 01:07:46,230] {processor.py:620} INFO - Processing file /home/airflow/.local/lib/python3.6/site-packages/airflow/example_dags/example_branch_day_of_week_operator.py for tasks to queue
[2021-10-16 01:07:46,231] {logging_mixin.py:109} INFO - [2021-10-16 01:07:46,231] {dagbag.py:500} INFO - Filling up the DagBag from /home/airflow/.local/lib/python3.6/site-packages/airflow/example_dags/example_branch_day_of_week_operator.py
[2021-10-16 01:07:46,270] {processor.py:632} INFO - DAG(s) dict_keys(['example_weekday_branch_operator']) retrieved from /home/airflow/.local/lib/python3.6/site-packages/airflow/example_dags/example_branch_day_of_week_operator.py
[2021-10-16 01:07:46,286] {logging_mixin.py:109} INFO - [2021-10-16 01:07:46,285] {dag.py:2389} INFO - Sync 1 DAGs
[2021-10-16 01:07:46,307] {logging_mixin.py:109} INFO - [2021-10-16 01:07:46,307] {dag.py:2914} INFO - Setting next_dagrun for example_weekday_branch_operator to 2021-10-15 00:00:00+00:00
[2021-10-16 01:07:46,320] {processor.py:171} INFO - Processing /home/airflow/.local/lib/python3.6/site-packages/airflow/example_dags/example_branch_day_of_week_operator.py took 0.100 seconds
[2021-10-16 01:08:16,571] {processor.py:163} INFO - Started process (PID=1674) to work on /home/airflow/.local/lib/python3.6/site-packages/airflow/example_dags/example_branch_day_of_week_operator.py
[2021-10-16 01:08:16,573] {processor.py:620} INFO - Processing file /home/airflow/.local/lib/python3.6/site-packages/airflow/example_dags/example_branch_day_of_week_operator.py for tasks to queue
[2021-10-16 01:08:16,582] {logging_mixin.py:109} INFO - [2021-10-16 01:08:16,581] {dagbag.py:500} INFO - Filling up the DagBag from /home/airflow/.local/lib/python3.6/site-packages/airflow/example_dags/example_branch_day_of_week_operator.py
[2021-10-16 01:08:16,637] {processor.py:632} INFO - DAG(s) dict_keys(['example_weekday_branch_operator']) retrieved from /home/airflow/.local/lib/python3.6/site-packages/airflow/example_dags/example_branch_day_of_week_operator.py
[2021-10-16 01:08:16,660] {logging_mixin.py:109} INFO - [2021-10-16 01:08:16,659] {dag.py:2389} INFO - Sync 1 DAGs
[2021-10-16 01:08:16,680] {logging_mixin.py:109} INFO - [2021-10-16 01:08:16,680] {dag.py:2914} INFO - Setting next_dagrun for example_weekday_branch_operator to 2021-10-15 00:00:00+00:00
[2021-10-16 01:08:16,691] {processor.py:171} INFO - Processing /home/airflow/.local/lib/python3.6/site-packages/airflow/example_dags/example_branch_day_of_week_operator.py took 0.127 seconds
[2021-10-16 01:08:47,312] {processor.py:163} INFO - Started process (PID=1738) to work on /home/airflow/.local/lib/python3.6/site-packages/airflow/example_dags/example_branch_day_of_week_operator.py
[2021-10-16 01:08:47,314] {processor.py:620} INFO - Processing file /home/airflow/.local/lib/python3.6/site-packages/airflow/example_dags/example_branch_day_of_week_operator.py for tasks to queue
[2021-10-16 01:08:47,315] {logging_mixin.py:109} INFO - [2021-10-16 01:08:47,315] {dagbag.py:500} INFO - Filling up the DagBag from /home/airflow/.local/lib/python3.6/site-packages/airflow/example_dags/example_branch_day_of_week_operator.py
[2021-10-16 01:08:47,350] {processor.py:632} INFO - DAG(s) dict_keys(['example_weekday_branch_operator']) retrieved from /home/airflow/.local/lib/python3.6/site-packages/airflow/example_dags/example_branch_day_of_week_operator.py
[2021-10-16 01:08:47,363] {logging_mixin.py:109} INFO - [2021-10-16 01:08:47,363] {dag.py:2389} INFO - Sync 1 DAGs
[2021-10-16 01:08:47,381] {logging_mixin.py:109} INFO - [2021-10-16 01:08:47,381] {dag.py:2914} INFO - Setting next_dagrun for example_weekday_branch_operator to 2021-10-15 00:00:00+00:00
[2021-10-16 01:08:47,395] {processor.py:171} INFO - Processing /home/airflow/.local/lib/python3.6/site-packages/airflow/example_dags/example_branch_day_of_week_operator.py took 0.091 seconds
[2021-10-16 01:09:18,194] {processor.py:163} INFO - Started process (PID=1796) to work on /home/airflow/.local/lib/python3.6/site-packages/airflow/example_dags/example_branch_day_of_week_operator.py
[2021-10-16 01:09:18,209] {processor.py:620} INFO - Processing file /home/airflow/.local/lib/python3.6/site-packages/airflow/example_dags/example_branch_day_of_week_operator.py for tasks to queue
[2021-10-16 01:09:18,213] {logging_mixin.py:109} INFO - [2021-10-16 01:09:18,213] {dagbag.py:500} INFO - Filling up the DagBag from /home/airflow/.local/lib/python3.6/site-packages/airflow/example_dags/example_branch_day_of_week_operator.py
[2021-10-16 01:09:18,291] {processor.py:632} INFO - DAG(s) dict_keys(['example_weekday_branch_operator']) retrieved from /home/airflow/.local/lib/python3.6/site-packages/airflow/example_dags/example_branch_day_of_week_operator.py
[2021-10-16 01:09:18,307] {logging_mixin.py:109} INFO - [2021-10-16 01:09:18,307] {dag.py:2389} INFO - Sync 1 DAGs
[2021-10-16 01:09:18,334] {logging_mixin.py:109} INFO - [2021-10-16 01:09:18,334] {dag.py:2914} INFO - Setting next_dagrun for example_weekday_branch_operator to 2021-10-15 00:00:00+00:00
[2021-10-16 01:09:18,351] {processor.py:171} INFO - Processing /home/airflow/.local/lib/python3.6/site-packages/airflow/example_dags/example_branch_day_of_week_operator.py took 0.165 seconds
[2021-10-16 01:09:48,740] {processor.py:163} INFO - Started process (PID=1858) to work on /home/airflow/.local/lib/python3.6/site-packages/airflow/example_dags/example_branch_day_of_week_operator.py
[2021-10-16 01:09:48,743] {processor.py:620} INFO - Processing file /home/airflow/.local/lib/python3.6/site-packages/airflow/example_dags/example_branch_day_of_week_operator.py for tasks to queue
[2021-10-16 01:09:48,746] {logging_mixin.py:109} INFO - [2021-10-16 01:09:48,746] {dagbag.py:500} INFO - Filling up the DagBag from /home/airflow/.local/lib/python3.6/site-packages/airflow/example_dags/example_branch_day_of_week_operator.py
[2021-10-16 01:09:48,786] {processor.py:632} INFO - DAG(s) dict_keys(['example_weekday_branch_operator']) retrieved from /home/airflow/.local/lib/python3.6/site-packages/airflow/example_dags/example_branch_day_of_week_operator.py
[2021-10-16 01:09:48,802] {logging_mixin.py:109} INFO - [2021-10-16 01:09:48,802] {dag.py:2389} INFO - Sync 1 DAGs
[2021-10-16 01:09:48,821] {logging_mixin.py:109} INFO - [2021-10-16 01:09:48,821] {dag.py:2914} INFO - Setting next_dagrun for example_weekday_branch_operator to 2021-10-15 00:00:00+00:00
[2021-10-16 01:09:48,836] {processor.py:171} INFO - Processing /home/airflow/.local/lib/python3.6/site-packages/airflow/example_dags/example_branch_day_of_week_operator.py took 0.108 seconds
[2021-10-16 01:10:19,470] {processor.py:163} INFO - Started process (PID=1914) to work on /home/airflow/.local/lib/python3.6/site-packages/airflow/example_dags/example_branch_day_of_week_operator.py
[2021-10-16 01:10:19,473] {processor.py:620} INFO - Processing file /home/airflow/.local/lib/python3.6/site-packages/airflow/example_dags/example_branch_day_of_week_operator.py for tasks to queue
[2021-10-16 01:10:19,475] {logging_mixin.py:109} INFO - [2021-10-16 01:10:19,475] {dagbag.py:500} INFO - Filling up the DagBag from /home/airflow/.local/lib/python3.6/site-packages/airflow/example_dags/example_branch_day_of_week_operator.py
[2021-10-16 01:10:19,539] {processor.py:632} INFO - DAG(s) dict_keys(['example_weekday_branch_operator']) retrieved from /home/airflow/.local/lib/python3.6/site-packages/airflow/example_dags/example_branch_day_of_week_operator.py
[2021-10-16 01:10:19,568] {logging_mixin.py:109} INFO - [2021-10-16 01:10:19,568] {dag.py:2389} INFO - Sync 1 DAGs
[2021-10-16 01:10:19,595] {logging_mixin.py:109} INFO - [2021-10-16 01:10:19,595] {dag.py:2914} INFO - Setting next_dagrun for example_weekday_branch_operator to 2021-10-15 00:00:00+00:00
[2021-10-16 01:10:19,614] {processor.py:171} INFO - Processing /home/airflow/.local/lib/python3.6/site-packages/airflow/example_dags/example_branch_day_of_week_operator.py took 0.155 seconds
[2021-10-16 01:10:49,849] {processor.py:163} INFO - Started process (PID=1971) to work on /home/airflow/.local/lib/python3.6/site-packages/airflow/example_dags/example_branch_day_of_week_operator.py
[2021-10-16 01:10:49,853] {processor.py:620} INFO - Processing file /home/airflow/.local/lib/python3.6/site-packages/airflow/example_dags/example_branch_day_of_week_operator.py for tasks to queue
[2021-10-16 01:10:49,855] {logging_mixin.py:109} INFO - [2021-10-16 01:10:49,855] {dagbag.py:500} INFO - Filling up the DagBag from /home/airflow/.local/lib/python3.6/site-packages/airflow/example_dags/example_branch_day_of_week_operator.py
[2021-10-16 01:10:49,905] {processor.py:632} INFO - DAG(s) dict_keys(['example_weekday_branch_operator']) retrieved from /home/airflow/.local/lib/python3.6/site-packages/airflow/example_dags/example_branch_day_of_week_operator.py
[2021-10-16 01:10:49,919] {logging_mixin.py:109} INFO - [2021-10-16 01:10:49,919] {dag.py:2389} INFO - Sync 1 DAGs
[2021-10-16 01:10:49,941] {logging_mixin.py:109} INFO - [2021-10-16 01:10:49,941] {dag.py:2914} INFO - Setting next_dagrun for example_weekday_branch_operator to 2021-10-15 00:00:00+00:00
[2021-10-16 01:10:49,954] {processor.py:171} INFO - Processing /home/airflow/.local/lib/python3.6/site-packages/airflow/example_dags/example_branch_day_of_week_operator.py took 0.117 seconds
[2021-10-16 01:11:20,084] {processor.py:163} INFO - Started process (PID=2026) to work on /home/airflow/.local/lib/python3.6/site-packages/airflow/example_dags/example_branch_day_of_week_operator.py
[2021-10-16 01:11:20,086] {processor.py:620} INFO - Processing file /home/airflow/.local/lib/python3.6/site-packages/airflow/example_dags/example_branch_day_of_week_operator.py for tasks to queue
[2021-10-16 01:11:20,087] {logging_mixin.py:109} INFO - [2021-10-16 01:11:20,087] {dagbag.py:500} INFO - Filling up the DagBag from /home/airflow/.local/lib/python3.6/site-packages/airflow/example_dags/example_branch_day_of_week_operator.py
[2021-10-16 01:11:20,131] {processor.py:632} INFO - DAG(s) dict_keys(['example_weekday_branch_operator']) retrieved from /home/airflow/.local/lib/python3.6/site-packages/airflow/example_dags/example_branch_day_of_week_operator.py
[2021-10-16 01:11:20,144] {logging_mixin.py:109} INFO - [2021-10-16 01:11:20,144] {dag.py:2389} INFO - Sync 1 DAGs
[2021-10-16 01:11:20,164] {logging_mixin.py:109} INFO - [2021-10-16 01:11:20,164] {dag.py:2914} INFO - Setting next_dagrun for example_weekday_branch_operator to 2021-10-15 00:00:00+00:00
[2021-10-16 01:11:20,181] {processor.py:171} INFO - Processing /home/airflow/.local/lib/python3.6/site-packages/airflow/example_dags/example_branch_day_of_week_operator.py took 0.102 seconds
[2021-10-16 01:11:50,234] {processor.py:163} INFO - Started process (PID=2079) to work on /home/airflow/.local/lib/python3.6/site-packages/airflow/example_dags/example_branch_day_of_week_operator.py
[2021-10-16 01:11:50,236] {processor.py:620} INFO - Processing file /home/airflow/.local/lib/python3.6/site-packages/airflow/example_dags/example_branch_day_of_week_operator.py for tasks to queue
[2021-10-16 01:11:50,238] {logging_mixin.py:109} INFO - [2021-10-16 01:11:50,237] {dagbag.py:500} INFO - Filling up the DagBag from /home/airflow/.local/lib/python3.6/site-packages/airflow/example_dags/example_branch_day_of_week_operator.py
[2021-10-16 01:11:50,273] {processor.py:632} INFO - DAG(s) dict_keys(['example_weekday_branch_operator']) retrieved from /home/airflow/.local/lib/python3.6/site-packages/airflow/example_dags/example_branch_day_of_week_operator.py
[2021-10-16 01:11:50,286] {logging_mixin.py:109} INFO - [2021-10-16 01:11:50,286] {dag.py:2389} INFO - Sync 1 DAGs
[2021-10-16 01:11:50,306] {logging_mixin.py:109} INFO - [2021-10-16 01:11:50,306] {dag.py:2914} INFO - Setting next_dagrun for example_weekday_branch_operator to 2021-10-15 00:00:00+00:00
[2021-10-16 01:11:50,319] {processor.py:171} INFO - Processing /home/airflow/.local/lib/python3.6/site-packages/airflow/example_dags/example_branch_day_of_week_operator.py took 0.088 seconds
[2021-10-16 01:12:20,695] {processor.py:163} INFO - Started process (PID=2134) to work on /home/airflow/.local/lib/python3.6/site-packages/airflow/example_dags/example_branch_day_of_week_operator.py
[2021-10-16 01:12:20,698] {processor.py:620} INFO - Processing file /home/airflow/.local/lib/python3.6/site-packages/airflow/example_dags/example_branch_day_of_week_operator.py for tasks to queue
[2021-10-16 01:12:20,700] {logging_mixin.py:109} INFO - [2021-10-16 01:12:20,700] {dagbag.py:500} INFO - Filling up the DagBag from /home/airflow/.local/lib/python3.6/site-packages/airflow/example_dags/example_branch_day_of_week_operator.py
[2021-10-16 01:12:20,737] {processor.py:632} INFO - DAG(s) dict_keys(['example_weekday_branch_operator']) retrieved from /home/airflow/.local/lib/python3.6/site-packages/airflow/example_dags/example_branch_day_of_week_operator.py
[2021-10-16 01:12:20,751] {logging_mixin.py:109} INFO - [2021-10-16 01:12:20,751] {dag.py:2389} INFO - Sync 1 DAGs
[2021-10-16 01:12:20,773] {logging_mixin.py:109} INFO - [2021-10-16 01:12:20,773] {dag.py:2914} INFO - Setting next_dagrun for example_weekday_branch_operator to 2021-10-15 00:00:00+00:00
[2021-10-16 01:12:20,784] {processor.py:171} INFO - Processing /home/airflow/.local/lib/python3.6/site-packages/airflow/example_dags/example_branch_day_of_week_operator.py took 0.099 seconds
[2021-10-16 01:12:51,839] {processor.py:163} INFO - Started process (PID=2200) to work on /home/airflow/.local/lib/python3.6/site-packages/airflow/example_dags/example_branch_day_of_week_operator.py
[2021-10-16 01:12:51,841] {processor.py:620} INFO - Processing file /home/airflow/.local/lib/python3.6/site-packages/airflow/example_dags/example_branch_day_of_week_operator.py for tasks to queue
[2021-10-16 01:12:51,844] {logging_mixin.py:109} INFO - [2021-10-16 01:12:51,844] {dagbag.py:500} INFO - Filling up the DagBag from /home/airflow/.local/lib/python3.6/site-packages/airflow/example_dags/example_branch_day_of_week_operator.py
[2021-10-16 01:12:51,891] {processor.py:632} INFO - DAG(s) dict_keys(['example_weekday_branch_operator']) retrieved from /home/airflow/.local/lib/python3.6/site-packages/airflow/example_dags/example_branch_day_of_week_operator.py
[2021-10-16 01:12:51,908] {logging_mixin.py:109} INFO - [2021-10-16 01:12:51,908] {dag.py:2389} INFO - Sync 1 DAGs
[2021-10-16 01:12:51,934] {logging_mixin.py:109} INFO - [2021-10-16 01:12:51,934] {dag.py:2914} INFO - Setting next_dagrun for example_weekday_branch_operator to 2021-10-15 00:00:00+00:00
[2021-10-16 01:12:51,947] {processor.py:171} INFO - Processing /home/airflow/.local/lib/python3.6/site-packages/airflow/example_dags/example_branch_day_of_week_operator.py took 0.116 seconds
[2021-10-16 01:13:22,351] {processor.py:163} INFO - Started process (PID=2254) to work on /home/airflow/.local/lib/python3.6/site-packages/airflow/example_dags/example_branch_day_of_week_operator.py
[2021-10-16 01:13:22,353] {processor.py:620} INFO - Processing file /home/airflow/.local/lib/python3.6/site-packages/airflow/example_dags/example_branch_day_of_week_operator.py for tasks to queue
[2021-10-16 01:13:22,355] {logging_mixin.py:109} INFO - [2021-10-16 01:13:22,355] {dagbag.py:500} INFO - Filling up the DagBag from /home/airflow/.local/lib/python3.6/site-packages/airflow/example_dags/example_branch_day_of_week_operator.py
[2021-10-16 01:13:22,396] {processor.py:632} INFO - DAG(s) dict_keys(['example_weekday_branch_operator']) retrieved from /home/airflow/.local/lib/python3.6/site-packages/airflow/example_dags/example_branch_day_of_week_operator.py
[2021-10-16 01:13:22,411] {logging_mixin.py:109} INFO - [2021-10-16 01:13:22,411] {dag.py:2389} INFO - Sync 1 DAGs
[2021-10-16 01:13:22,432] {logging_mixin.py:109} INFO - [2021-10-16 01:13:22,432] {dag.py:2914} INFO - Setting next_dagrun for example_weekday_branch_operator to 2021-10-15 00:00:00+00:00
[2021-10-16 01:13:22,445] {processor.py:171} INFO - Processing /home/airflow/.local/lib/python3.6/site-packages/airflow/example_dags/example_branch_day_of_week_operator.py took 0.098 seconds
[2021-10-16 01:13:53,131] {processor.py:163} INFO - Started process (PID=2311) to work on /home/airflow/.local/lib/python3.6/site-packages/airflow/example_dags/example_branch_day_of_week_operator.py
[2021-10-16 01:13:53,133] {processor.py:620} INFO - Processing file /home/airflow/.local/lib/python3.6/site-packages/airflow/example_dags/example_branch_day_of_week_operator.py for tasks to queue
[2021-10-16 01:13:53,139] {logging_mixin.py:109} INFO - [2021-10-16 01:13:53,139] {dagbag.py:500} INFO - Filling up the DagBag from /home/airflow/.local/lib/python3.6/site-packages/airflow/example_dags/example_branch_day_of_week_operator.py
[2021-10-16 01:13:53,181] {processor.py:632} INFO - DAG(s) dict_keys(['example_weekday_branch_operator']) retrieved from /home/airflow/.local/lib/python3.6/site-packages/airflow/example_dags/example_branch_day_of_week_operator.py
[2021-10-16 01:13:53,195] {logging_mixin.py:109} INFO - [2021-10-16 01:13:53,195] {dag.py:2389} INFO - Sync 1 DAGs
[2021-10-16 01:13:53,218] {logging_mixin.py:109} INFO - [2021-10-16 01:13:53,217] {dag.py:2914} INFO - Setting next_dagrun for example_weekday_branch_operator to 2021-10-15 00:00:00+00:00
[2021-10-16 01:13:53,231] {processor.py:171} INFO - Processing /home/airflow/.local/lib/python3.6/site-packages/airflow/example_dags/example_branch_day_of_week_operator.py took 0.112 seconds
[2021-10-16 01:14:24,265] {processor.py:163} INFO - Started process (PID=2365) to work on /home/airflow/.local/lib/python3.6/site-packages/airflow/example_dags/example_branch_day_of_week_operator.py
[2021-10-16 01:14:24,276] {processor.py:620} INFO - Processing file /home/airflow/.local/lib/python3.6/site-packages/airflow/example_dags/example_branch_day_of_week_operator.py for tasks to queue
[2021-10-16 01:14:24,277] {logging_mixin.py:109} INFO - [2021-10-16 01:14:24,277] {dagbag.py:500} INFO - Filling up the DagBag from /home/airflow/.local/lib/python3.6/site-packages/airflow/example_dags/example_branch_day_of_week_operator.py
[2021-10-16 01:14:24,364] {processor.py:632} INFO - DAG(s) dict_keys(['example_weekday_branch_operator']) retrieved from /home/airflow/.local/lib/python3.6/site-packages/airflow/example_dags/example_branch_day_of_week_operator.py
[2021-10-16 01:14:24,387] {logging_mixin.py:109} INFO - [2021-10-16 01:14:24,387] {dag.py:2389} INFO - Sync 1 DAGs
[2021-10-16 01:14:24,422] {logging_mixin.py:109} INFO - [2021-10-16 01:14:24,421] {dag.py:2914} INFO - Setting next_dagrun for example_weekday_branch_operator to 2021-10-15 00:00:00+00:00
[2021-10-16 01:14:24,446] {processor.py:171} INFO - Processing /home/airflow/.local/lib/python3.6/site-packages/airflow/example_dags/example_branch_day_of_week_operator.py took 0.185 seconds
[2021-10-16 01:14:55,414] {processor.py:163} INFO - Started process (PID=2419) to work on /home/airflow/.local/lib/python3.6/site-packages/airflow/example_dags/example_branch_day_of_week_operator.py
[2021-10-16 01:14:55,417] {processor.py:620} INFO - Processing file /home/airflow/.local/lib/python3.6/site-packages/airflow/example_dags/example_branch_day_of_week_operator.py for tasks to queue
[2021-10-16 01:14:55,419] {logging_mixin.py:109} INFO - [2021-10-16 01:14:55,419] {dagbag.py:500} INFO - Filling up the DagBag from /home/airflow/.local/lib/python3.6/site-packages/airflow/example_dags/example_branch_day_of_week_operator.py
[2021-10-16 01:14:55,454] {processor.py:632} INFO - DAG(s) dict_keys(['example_weekday_branch_operator']) retrieved from /home/airflow/.local/lib/python3.6/site-packages/airflow/example_dags/example_branch_day_of_week_operator.py
[2021-10-16 01:14:55,467] {logging_mixin.py:109} INFO - [2021-10-16 01:14:55,467] {dag.py:2389} INFO - Sync 1 DAGs
[2021-10-16 01:14:55,489] {logging_mixin.py:109} INFO - [2021-10-16 01:14:55,489] {dag.py:2914} INFO - Setting next_dagrun for example_weekday_branch_operator to 2021-10-15 00:00:00+00:00
[2021-10-16 01:14:55,501] {processor.py:171} INFO - Processing /home/airflow/.local/lib/python3.6/site-packages/airflow/example_dags/example_branch_day_of_week_operator.py took 0.090 seconds
