[2021-10-16 00:53:55,759] {processor.py:163} INFO - Started process (PID=65) to work on /home/airflow/.local/lib/python3.6/site-packages/airflow/example_dags/example_latest_only.py
[2021-10-16 00:53:55,766] {processor.py:620} INFO - Processing file /home/airflow/.local/lib/python3.6/site-packages/airflow/example_dags/example_latest_only.py for tasks to queue
[2021-10-16 00:53:55,773] {logging_mixin.py:109} INFO - [2021-10-16 00:53:55,772] {dagbag.py:500} INFO - Filling up the DagBag from /home/airflow/.local/lib/python3.6/site-packages/airflow/example_dags/example_latest_only.py
[2021-10-16 00:53:56,454] {processor.py:632} INFO - DAG(s) dict_keys(['latest_only']) retrieved from /home/airflow/.local/lib/python3.6/site-packages/airflow/example_dags/example_latest_only.py
[2021-10-16 00:53:56,488] {logging_mixin.py:109} INFO - [2021-10-16 00:53:56,488] {dag.py:2389} INFO - Sync 1 DAGs
[2021-10-16 00:53:56,534] {logging_mixin.py:109} INFO - [2021-10-16 00:53:56,534] {dag.py:2914} INFO - Setting next_dagrun for latest_only to 2021-10-15T20:53:56.534438+00:00
[2021-10-16 00:53:56,578] {processor.py:171} INFO - Processing /home/airflow/.local/lib/python3.6/site-packages/airflow/example_dags/example_latest_only.py took 0.845 seconds
[2021-10-16 00:54:28,501] {processor.py:163} INFO - Started process (PID=117) to work on /home/airflow/.local/lib/python3.6/site-packages/airflow/example_dags/example_latest_only.py
[2021-10-16 00:54:28,512] {processor.py:620} INFO - Processing file /home/airflow/.local/lib/python3.6/site-packages/airflow/example_dags/example_latest_only.py for tasks to queue
[2021-10-16 00:54:28,524] {logging_mixin.py:109} INFO - [2021-10-16 00:54:28,524] {dagbag.py:500} INFO - Filling up the DagBag from /home/airflow/.local/lib/python3.6/site-packages/airflow/example_dags/example_latest_only.py
[2021-10-16 00:54:28,697] {processor.py:632} INFO - DAG(s) dict_keys(['latest_only']) retrieved from /home/airflow/.local/lib/python3.6/site-packages/airflow/example_dags/example_latest_only.py
[2021-10-16 00:54:28,719] {logging_mixin.py:109} INFO - [2021-10-16 00:54:28,719] {dag.py:2389} INFO - Sync 1 DAGs
[2021-10-16 00:54:28,757] {logging_mixin.py:109} INFO - [2021-10-16 00:54:28,757] {dag.py:2914} INFO - Setting next_dagrun for latest_only to 2021-10-15T20:54:28.756977+00:00
[2021-10-16 00:54:28,776] {processor.py:171} INFO - Processing /home/airflow/.local/lib/python3.6/site-packages/airflow/example_dags/example_latest_only.py took 0.304 seconds
[2021-10-16 00:54:58,911] {processor.py:163} INFO - Started process (PID=169) to work on /home/airflow/.local/lib/python3.6/site-packages/airflow/example_dags/example_latest_only.py
[2021-10-16 00:54:58,913] {processor.py:620} INFO - Processing file /home/airflow/.local/lib/python3.6/site-packages/airflow/example_dags/example_latest_only.py for tasks to queue
[2021-10-16 00:54:58,915] {logging_mixin.py:109} INFO - [2021-10-16 00:54:58,915] {dagbag.py:500} INFO - Filling up the DagBag from /home/airflow/.local/lib/python3.6/site-packages/airflow/example_dags/example_latest_only.py
[2021-10-16 00:54:58,948] {processor.py:632} INFO - DAG(s) dict_keys(['latest_only']) retrieved from /home/airflow/.local/lib/python3.6/site-packages/airflow/example_dags/example_latest_only.py
[2021-10-16 00:54:58,963] {logging_mixin.py:109} INFO - [2021-10-16 00:54:58,963] {dag.py:2389} INFO - Sync 1 DAGs
[2021-10-16 00:54:58,983] {logging_mixin.py:109} INFO - [2021-10-16 00:54:58,983] {dag.py:2914} INFO - Setting next_dagrun for latest_only to 2021-10-15T20:54:58.982822+00:00
[2021-10-16 00:54:58,995] {processor.py:171} INFO - Processing /home/airflow/.local/lib/python3.6/site-packages/airflow/example_dags/example_latest_only.py took 0.092 seconds
[2021-10-16 00:55:29,618] {processor.py:163} INFO - Started process (PID=224) to work on /home/airflow/.local/lib/python3.6/site-packages/airflow/example_dags/example_latest_only.py
[2021-10-16 00:55:29,625] {processor.py:620} INFO - Processing file /home/airflow/.local/lib/python3.6/site-packages/airflow/example_dags/example_latest_only.py for tasks to queue
[2021-10-16 00:55:29,628] {logging_mixin.py:109} INFO - [2021-10-16 00:55:29,628] {dagbag.py:500} INFO - Filling up the DagBag from /home/airflow/.local/lib/python3.6/site-packages/airflow/example_dags/example_latest_only.py
[2021-10-16 00:55:29,670] {processor.py:632} INFO - DAG(s) dict_keys(['latest_only']) retrieved from /home/airflow/.local/lib/python3.6/site-packages/airflow/example_dags/example_latest_only.py
[2021-10-16 00:55:29,684] {logging_mixin.py:109} INFO - [2021-10-16 00:55:29,684] {dag.py:2389} INFO - Sync 1 DAGs
[2021-10-16 00:55:29,703] {logging_mixin.py:109} INFO - [2021-10-16 00:55:29,703] {dag.py:2914} INFO - Setting next_dagrun for latest_only to 2021-10-15T20:55:29.703165+00:00
[2021-10-16 00:55:29,715] {processor.py:171} INFO - Processing /home/airflow/.local/lib/python3.6/site-packages/airflow/example_dags/example_latest_only.py took 0.100 seconds
[2021-10-16 00:55:59,836] {processor.py:163} INFO - Started process (PID=289) to work on /home/airflow/.local/lib/python3.6/site-packages/airflow/example_dags/example_latest_only.py
[2021-10-16 00:55:59,843] {processor.py:620} INFO - Processing file /home/airflow/.local/lib/python3.6/site-packages/airflow/example_dags/example_latest_only.py for tasks to queue
[2021-10-16 00:55:59,845] {logging_mixin.py:109} INFO - [2021-10-16 00:55:59,845] {dagbag.py:500} INFO - Filling up the DagBag from /home/airflow/.local/lib/python3.6/site-packages/airflow/example_dags/example_latest_only.py
[2021-10-16 00:55:59,884] {processor.py:632} INFO - DAG(s) dict_keys(['latest_only']) retrieved from /home/airflow/.local/lib/python3.6/site-packages/airflow/example_dags/example_latest_only.py
[2021-10-16 00:55:59,899] {logging_mixin.py:109} INFO - [2021-10-16 00:55:59,899] {dag.py:2389} INFO - Sync 1 DAGs
[2021-10-16 00:55:59,922] {logging_mixin.py:109} INFO - [2021-10-16 00:55:59,922] {dag.py:2914} INFO - Setting next_dagrun for latest_only to 2021-10-15T20:55:59.922455+00:00
[2021-10-16 00:55:59,934] {processor.py:171} INFO - Processing /home/airflow/.local/lib/python3.6/site-packages/airflow/example_dags/example_latest_only.py took 0.107 seconds
[2021-10-16 00:56:30,037] {processor.py:163} INFO - Started process (PID=343) to work on /home/airflow/.local/lib/python3.6/site-packages/airflow/example_dags/example_latest_only.py
[2021-10-16 00:56:30,040] {processor.py:620} INFO - Processing file /home/airflow/.local/lib/python3.6/site-packages/airflow/example_dags/example_latest_only.py for tasks to queue
[2021-10-16 00:56:30,043] {logging_mixin.py:109} INFO - [2021-10-16 00:56:30,043] {dagbag.py:500} INFO - Filling up the DagBag from /home/airflow/.local/lib/python3.6/site-packages/airflow/example_dags/example_latest_only.py
[2021-10-16 00:56:30,078] {processor.py:632} INFO - DAG(s) dict_keys(['latest_only']) retrieved from /home/airflow/.local/lib/python3.6/site-packages/airflow/example_dags/example_latest_only.py
[2021-10-16 00:56:30,093] {logging_mixin.py:109} INFO - [2021-10-16 00:56:30,093] {dag.py:2389} INFO - Sync 1 DAGs
[2021-10-16 00:56:30,113] {logging_mixin.py:109} INFO - [2021-10-16 00:56:30,113] {dag.py:2914} INFO - Setting next_dagrun for latest_only to 2021-10-15T20:56:30.113341+00:00
[2021-10-16 00:56:30,127] {processor.py:171} INFO - Processing /home/airflow/.local/lib/python3.6/site-packages/airflow/example_dags/example_latest_only.py took 0.099 seconds
[2021-10-16 00:57:00,445] {processor.py:163} INFO - Started process (PID=398) to work on /home/airflow/.local/lib/python3.6/site-packages/airflow/example_dags/example_latest_only.py
[2021-10-16 00:57:00,454] {processor.py:620} INFO - Processing file /home/airflow/.local/lib/python3.6/site-packages/airflow/example_dags/example_latest_only.py for tasks to queue
[2021-10-16 00:57:00,457] {logging_mixin.py:109} INFO - [2021-10-16 00:57:00,456] {dagbag.py:500} INFO - Filling up the DagBag from /home/airflow/.local/lib/python3.6/site-packages/airflow/example_dags/example_latest_only.py
[2021-10-16 00:57:00,534] {processor.py:632} INFO - DAG(s) dict_keys(['latest_only']) retrieved from /home/airflow/.local/lib/python3.6/site-packages/airflow/example_dags/example_latest_only.py
[2021-10-16 00:57:00,613] {logging_mixin.py:109} INFO - [2021-10-16 00:57:00,612] {dag.py:2389} INFO - Sync 1 DAGs
[2021-10-16 00:57:00,684] {logging_mixin.py:109} INFO - [2021-10-16 00:57:00,684] {dag.py:2914} INFO - Setting next_dagrun for latest_only to 2021-10-15T20:57:00.683623+00:00
[2021-10-16 00:57:00,716] {processor.py:171} INFO - Processing /home/airflow/.local/lib/python3.6/site-packages/airflow/example_dags/example_latest_only.py took 0.278 seconds
[2021-10-16 00:57:31,092] {processor.py:163} INFO - Started process (PID=454) to work on /home/airflow/.local/lib/python3.6/site-packages/airflow/example_dags/example_latest_only.py
[2021-10-16 00:57:31,099] {processor.py:620} INFO - Processing file /home/airflow/.local/lib/python3.6/site-packages/airflow/example_dags/example_latest_only.py for tasks to queue
[2021-10-16 00:57:31,102] {logging_mixin.py:109} INFO - [2021-10-16 00:57:31,102] {dagbag.py:500} INFO - Filling up the DagBag from /home/airflow/.local/lib/python3.6/site-packages/airflow/example_dags/example_latest_only.py
[2021-10-16 00:57:31,134] {processor.py:632} INFO - DAG(s) dict_keys(['latest_only']) retrieved from /home/airflow/.local/lib/python3.6/site-packages/airflow/example_dags/example_latest_only.py
[2021-10-16 00:57:31,147] {logging_mixin.py:109} INFO - [2021-10-16 00:57:31,147] {dag.py:2389} INFO - Sync 1 DAGs
[2021-10-16 00:57:31,169] {logging_mixin.py:109} INFO - [2021-10-16 00:57:31,169] {dag.py:2914} INFO - Setting next_dagrun for latest_only to 2021-10-15T20:57:31.168503+00:00
[2021-10-16 00:57:31,186] {processor.py:171} INFO - Processing /home/airflow/.local/lib/python3.6/site-packages/airflow/example_dags/example_latest_only.py took 0.098 seconds
[2021-10-16 00:58:01,884] {processor.py:163} INFO - Started process (PID=517) to work on /home/airflow/.local/lib/python3.6/site-packages/airflow/example_dags/example_latest_only.py
[2021-10-16 00:58:01,896] {processor.py:620} INFO - Processing file /home/airflow/.local/lib/python3.6/site-packages/airflow/example_dags/example_latest_only.py for tasks to queue
[2021-10-16 00:58:01,903] {logging_mixin.py:109} INFO - [2021-10-16 00:58:01,902] {dagbag.py:500} INFO - Filling up the DagBag from /home/airflow/.local/lib/python3.6/site-packages/airflow/example_dags/example_latest_only.py
[2021-10-16 00:58:02,053] {processor.py:632} INFO - DAG(s) dict_keys(['latest_only']) retrieved from /home/airflow/.local/lib/python3.6/site-packages/airflow/example_dags/example_latest_only.py
[2021-10-16 00:58:02,099] {logging_mixin.py:109} INFO - [2021-10-16 00:58:02,099] {dag.py:2389} INFO - Sync 1 DAGs
[2021-10-16 00:58:02,162] {logging_mixin.py:109} INFO - [2021-10-16 00:58:02,162] {dag.py:2914} INFO - Setting next_dagrun for latest_only to 2021-10-15T20:58:02.161872+00:00
[2021-10-16 00:58:02,206] {processor.py:171} INFO - Processing /home/airflow/.local/lib/python3.6/site-packages/airflow/example_dags/example_latest_only.py took 0.334 seconds
[2021-10-16 00:58:32,895] {processor.py:163} INFO - Started process (PID=571) to work on /home/airflow/.local/lib/python3.6/site-packages/airflow/example_dags/example_latest_only.py
[2021-10-16 00:58:32,903] {processor.py:620} INFO - Processing file /home/airflow/.local/lib/python3.6/site-packages/airflow/example_dags/example_latest_only.py for tasks to queue
[2021-10-16 00:58:32,904] {logging_mixin.py:109} INFO - [2021-10-16 00:58:32,904] {dagbag.py:500} INFO - Filling up the DagBag from /home/airflow/.local/lib/python3.6/site-packages/airflow/example_dags/example_latest_only.py
[2021-10-16 00:58:33,007] {processor.py:632} INFO - DAG(s) dict_keys(['latest_only']) retrieved from /home/airflow/.local/lib/python3.6/site-packages/airflow/example_dags/example_latest_only.py
[2021-10-16 00:58:33,144] {logging_mixin.py:109} INFO - [2021-10-16 00:58:33,144] {dag.py:2389} INFO - Sync 1 DAGs
[2021-10-16 00:58:33,193] {logging_mixin.py:109} INFO - [2021-10-16 00:58:33,192] {dag.py:2914} INFO - Setting next_dagrun for latest_only to 2021-10-15T20:58:33.191963+00:00
[2021-10-16 00:58:33,214] {processor.py:171} INFO - Processing /home/airflow/.local/lib/python3.6/site-packages/airflow/example_dags/example_latest_only.py took 0.343 seconds
[2021-10-16 00:59:03,410] {processor.py:163} INFO - Started process (PID=626) to work on /home/airflow/.local/lib/python3.6/site-packages/airflow/example_dags/example_latest_only.py
[2021-10-16 00:59:03,414] {processor.py:620} INFO - Processing file /home/airflow/.local/lib/python3.6/site-packages/airflow/example_dags/example_latest_only.py for tasks to queue
[2021-10-16 00:59:03,416] {logging_mixin.py:109} INFO - [2021-10-16 00:59:03,416] {dagbag.py:500} INFO - Filling up the DagBag from /home/airflow/.local/lib/python3.6/site-packages/airflow/example_dags/example_latest_only.py
[2021-10-16 00:59:03,516] {processor.py:632} INFO - DAG(s) dict_keys(['latest_only']) retrieved from /home/airflow/.local/lib/python3.6/site-packages/airflow/example_dags/example_latest_only.py
[2021-10-16 00:59:03,543] {logging_mixin.py:109} INFO - [2021-10-16 00:59:03,543] {dag.py:2389} INFO - Sync 1 DAGs
[2021-10-16 00:59:03,568] {logging_mixin.py:109} INFO - [2021-10-16 00:59:03,568] {dag.py:2914} INFO - Setting next_dagrun for latest_only to 2021-10-15T20:59:03.567756+00:00
[2021-10-16 00:59:03,584] {processor.py:171} INFO - Processing /home/airflow/.local/lib/python3.6/site-packages/airflow/example_dags/example_latest_only.py took 0.178 seconds
[2021-10-16 00:59:34,376] {processor.py:163} INFO - Started process (PID=686) to work on /home/airflow/.local/lib/python3.6/site-packages/airflow/example_dags/example_latest_only.py
[2021-10-16 00:59:34,379] {processor.py:620} INFO - Processing file /home/airflow/.local/lib/python3.6/site-packages/airflow/example_dags/example_latest_only.py for tasks to queue
[2021-10-16 00:59:34,381] {logging_mixin.py:109} INFO - [2021-10-16 00:59:34,381] {dagbag.py:500} INFO - Filling up the DagBag from /home/airflow/.local/lib/python3.6/site-packages/airflow/example_dags/example_latest_only.py
[2021-10-16 00:59:34,418] {processor.py:632} INFO - DAG(s) dict_keys(['latest_only']) retrieved from /home/airflow/.local/lib/python3.6/site-packages/airflow/example_dags/example_latest_only.py
[2021-10-16 00:59:34,434] {logging_mixin.py:109} INFO - [2021-10-16 00:59:34,434] {dag.py:2389} INFO - Sync 1 DAGs
[2021-10-16 00:59:34,461] {logging_mixin.py:109} INFO - [2021-10-16 00:59:34,461] {dag.py:2914} INFO - Setting next_dagrun for latest_only to 2021-10-15T20:59:34.461023+00:00
[2021-10-16 00:59:34,475] {processor.py:171} INFO - Processing /home/airflow/.local/lib/python3.6/site-packages/airflow/example_dags/example_latest_only.py took 0.103 seconds
[2021-10-16 01:00:05,159] {processor.py:163} INFO - Started process (PID=740) to work on /home/airflow/.local/lib/python3.6/site-packages/airflow/example_dags/example_latest_only.py
[2021-10-16 01:00:05,161] {processor.py:620} INFO - Processing file /home/airflow/.local/lib/python3.6/site-packages/airflow/example_dags/example_latest_only.py for tasks to queue
[2021-10-16 01:00:05,163] {logging_mixin.py:109} INFO - [2021-10-16 01:00:05,163] {dagbag.py:500} INFO - Filling up the DagBag from /home/airflow/.local/lib/python3.6/site-packages/airflow/example_dags/example_latest_only.py
[2021-10-16 01:00:05,206] {processor.py:632} INFO - DAG(s) dict_keys(['latest_only']) retrieved from /home/airflow/.local/lib/python3.6/site-packages/airflow/example_dags/example_latest_only.py
[2021-10-16 01:00:05,221] {logging_mixin.py:109} INFO - [2021-10-16 01:00:05,221] {dag.py:2389} INFO - Sync 1 DAGs
[2021-10-16 01:00:05,245] {logging_mixin.py:109} INFO - [2021-10-16 01:00:05,245] {dag.py:2914} INFO - Setting next_dagrun for latest_only to 2021-10-15T21:00:05.244810+00:00
[2021-10-16 01:00:05,260] {processor.py:171} INFO - Processing /home/airflow/.local/lib/python3.6/site-packages/airflow/example_dags/example_latest_only.py took 0.104 seconds
[2021-10-16 01:00:35,363] {processor.py:163} INFO - Started process (PID=794) to work on /home/airflow/.local/lib/python3.6/site-packages/airflow/example_dags/example_latest_only.py
[2021-10-16 01:00:35,365] {processor.py:620} INFO - Processing file /home/airflow/.local/lib/python3.6/site-packages/airflow/example_dags/example_latest_only.py for tasks to queue
[2021-10-16 01:00:35,368] {logging_mixin.py:109} INFO - [2021-10-16 01:00:35,367] {dagbag.py:500} INFO - Filling up the DagBag from /home/airflow/.local/lib/python3.6/site-packages/airflow/example_dags/example_latest_only.py
[2021-10-16 01:00:35,399] {processor.py:632} INFO - DAG(s) dict_keys(['latest_only']) retrieved from /home/airflow/.local/lib/python3.6/site-packages/airflow/example_dags/example_latest_only.py
[2021-10-16 01:00:35,411] {logging_mixin.py:109} INFO - [2021-10-16 01:00:35,411] {dag.py:2389} INFO - Sync 1 DAGs
[2021-10-16 01:00:35,433] {logging_mixin.py:109} INFO - [2021-10-16 01:00:35,432] {dag.py:2914} INFO - Setting next_dagrun for latest_only to 2021-10-15T21:00:35.432399+00:00
[2021-10-16 01:00:35,448] {processor.py:171} INFO - Processing /home/airflow/.local/lib/python3.6/site-packages/airflow/example_dags/example_latest_only.py took 0.096 seconds
[2021-10-16 01:01:05,749] {processor.py:163} INFO - Started process (PID=861) to work on /home/airflow/.local/lib/python3.6/site-packages/airflow/example_dags/example_latest_only.py
[2021-10-16 01:01:05,753] {processor.py:620} INFO - Processing file /home/airflow/.local/lib/python3.6/site-packages/airflow/example_dags/example_latest_only.py for tasks to queue
[2021-10-16 01:01:05,754] {logging_mixin.py:109} INFO - [2021-10-16 01:01:05,754] {dagbag.py:500} INFO - Filling up the DagBag from /home/airflow/.local/lib/python3.6/site-packages/airflow/example_dags/example_latest_only.py
[2021-10-16 01:01:05,795] {processor.py:632} INFO - DAG(s) dict_keys(['latest_only']) retrieved from /home/airflow/.local/lib/python3.6/site-packages/airflow/example_dags/example_latest_only.py
[2021-10-16 01:01:05,811] {logging_mixin.py:109} INFO - [2021-10-16 01:01:05,811] {dag.py:2389} INFO - Sync 1 DAGs
[2021-10-16 01:01:05,836] {logging_mixin.py:109} INFO - [2021-10-16 01:01:05,836] {dag.py:2914} INFO - Setting next_dagrun for latest_only to 2021-10-15T21:01:05.836110+00:00
[2021-10-16 01:01:05,850] {processor.py:171} INFO - Processing /home/airflow/.local/lib/python3.6/site-packages/airflow/example_dags/example_latest_only.py took 0.110 seconds
[2021-10-16 01:01:36,040] {processor.py:163} INFO - Started process (PID=917) to work on /home/airflow/.local/lib/python3.6/site-packages/airflow/example_dags/example_latest_only.py
[2021-10-16 01:01:36,059] {processor.py:620} INFO - Processing file /home/airflow/.local/lib/python3.6/site-packages/airflow/example_dags/example_latest_only.py for tasks to queue
[2021-10-16 01:01:36,065] {logging_mixin.py:109} INFO - [2021-10-16 01:01:36,065] {dagbag.py:500} INFO - Filling up the DagBag from /home/airflow/.local/lib/python3.6/site-packages/airflow/example_dags/example_latest_only.py
[2021-10-16 01:01:36,166] {processor.py:632} INFO - DAG(s) dict_keys(['latest_only']) retrieved from /home/airflow/.local/lib/python3.6/site-packages/airflow/example_dags/example_latest_only.py
[2021-10-16 01:01:36,225] {logging_mixin.py:109} INFO - [2021-10-16 01:01:36,225] {dag.py:2389} INFO - Sync 1 DAGs
[2021-10-16 01:01:36,288] {logging_mixin.py:109} INFO - [2021-10-16 01:01:36,286] {dag.py:2914} INFO - Setting next_dagrun for latest_only to 2021-10-15T21:01:36.286581+00:00
[2021-10-16 01:01:36,309] {processor.py:171} INFO - Processing /home/airflow/.local/lib/python3.6/site-packages/airflow/example_dags/example_latest_only.py took 0.274 seconds
[2021-10-16 01:02:06,987] {processor.py:163} INFO - Started process (PID=983) to work on /home/airflow/.local/lib/python3.6/site-packages/airflow/example_dags/example_latest_only.py
[2021-10-16 01:02:06,994] {processor.py:620} INFO - Processing file /home/airflow/.local/lib/python3.6/site-packages/airflow/example_dags/example_latest_only.py for tasks to queue
[2021-10-16 01:02:06,995] {logging_mixin.py:109} INFO - [2021-10-16 01:02:06,995] {dagbag.py:500} INFO - Filling up the DagBag from /home/airflow/.local/lib/python3.6/site-packages/airflow/example_dags/example_latest_only.py
[2021-10-16 01:02:07,059] {processor.py:632} INFO - DAG(s) dict_keys(['latest_only']) retrieved from /home/airflow/.local/lib/python3.6/site-packages/airflow/example_dags/example_latest_only.py
[2021-10-16 01:02:07,075] {logging_mixin.py:109} INFO - [2021-10-16 01:02:07,075] {dag.py:2389} INFO - Sync 1 DAGs
[2021-10-16 01:02:07,098] {logging_mixin.py:109} INFO - [2021-10-16 01:02:07,098] {dag.py:2914} INFO - Setting next_dagrun for latest_only to 2021-10-15T21:02:07.098375+00:00
[2021-10-16 01:02:07,133] {processor.py:171} INFO - Processing /home/airflow/.local/lib/python3.6/site-packages/airflow/example_dags/example_latest_only.py took 0.155 seconds
[2021-10-16 01:02:37,800] {processor.py:163} INFO - Started process (PID=1041) to work on /home/airflow/.local/lib/python3.6/site-packages/airflow/example_dags/example_latest_only.py
[2021-10-16 01:02:37,811] {processor.py:620} INFO - Processing file /home/airflow/.local/lib/python3.6/site-packages/airflow/example_dags/example_latest_only.py for tasks to queue
[2021-10-16 01:02:37,813] {logging_mixin.py:109} INFO - [2021-10-16 01:02:37,813] {dagbag.py:500} INFO - Filling up the DagBag from /home/airflow/.local/lib/python3.6/site-packages/airflow/example_dags/example_latest_only.py
[2021-10-16 01:02:37,854] {processor.py:632} INFO - DAG(s) dict_keys(['latest_only']) retrieved from /home/airflow/.local/lib/python3.6/site-packages/airflow/example_dags/example_latest_only.py
[2021-10-16 01:02:37,867] {logging_mixin.py:109} INFO - [2021-10-16 01:02:37,867] {dag.py:2389} INFO - Sync 1 DAGs
[2021-10-16 01:02:37,885] {logging_mixin.py:109} INFO - [2021-10-16 01:02:37,885] {dag.py:2914} INFO - Setting next_dagrun for latest_only to 2021-10-15T21:02:37.884661+00:00
[2021-10-16 01:02:37,899] {processor.py:171} INFO - Processing /home/airflow/.local/lib/python3.6/site-packages/airflow/example_dags/example_latest_only.py took 0.103 seconds
[2021-10-16 01:03:08,460] {processor.py:163} INFO - Started process (PID=1094) to work on /home/airflow/.local/lib/python3.6/site-packages/airflow/example_dags/example_latest_only.py
[2021-10-16 01:03:08,464] {processor.py:620} INFO - Processing file /home/airflow/.local/lib/python3.6/site-packages/airflow/example_dags/example_latest_only.py for tasks to queue
[2021-10-16 01:03:08,467] {logging_mixin.py:109} INFO - [2021-10-16 01:03:08,466] {dagbag.py:500} INFO - Filling up the DagBag from /home/airflow/.local/lib/python3.6/site-packages/airflow/example_dags/example_latest_only.py
[2021-10-16 01:03:08,523] {processor.py:632} INFO - DAG(s) dict_keys(['latest_only']) retrieved from /home/airflow/.local/lib/python3.6/site-packages/airflow/example_dags/example_latest_only.py
[2021-10-16 01:03:08,552] {logging_mixin.py:109} INFO - [2021-10-16 01:03:08,551] {dag.py:2389} INFO - Sync 1 DAGs
[2021-10-16 01:03:08,586] {logging_mixin.py:109} INFO - [2021-10-16 01:03:08,586] {dag.py:2914} INFO - Setting next_dagrun for latest_only to 2021-10-15T21:03:08.586519+00:00
[2021-10-16 01:03:08,610] {processor.py:171} INFO - Processing /home/airflow/.local/lib/python3.6/site-packages/airflow/example_dags/example_latest_only.py took 0.166 seconds
[2021-10-16 01:03:38,855] {processor.py:163} INFO - Started process (PID=1158) to work on /home/airflow/.local/lib/python3.6/site-packages/airflow/example_dags/example_latest_only.py
[2021-10-16 01:03:38,858] {processor.py:620} INFO - Processing file /home/airflow/.local/lib/python3.6/site-packages/airflow/example_dags/example_latest_only.py for tasks to queue
[2021-10-16 01:03:38,859] {logging_mixin.py:109} INFO - [2021-10-16 01:03:38,859] {dagbag.py:500} INFO - Filling up the DagBag from /home/airflow/.local/lib/python3.6/site-packages/airflow/example_dags/example_latest_only.py
[2021-10-16 01:03:38,896] {processor.py:632} INFO - DAG(s) dict_keys(['latest_only']) retrieved from /home/airflow/.local/lib/python3.6/site-packages/airflow/example_dags/example_latest_only.py
[2021-10-16 01:03:38,910] {logging_mixin.py:109} INFO - [2021-10-16 01:03:38,910] {dag.py:2389} INFO - Sync 1 DAGs
[2021-10-16 01:03:38,931] {logging_mixin.py:109} INFO - [2021-10-16 01:03:38,930] {dag.py:2914} INFO - Setting next_dagrun for latest_only to 2021-10-15T21:03:38.930697+00:00
[2021-10-16 01:03:38,949] {processor.py:171} INFO - Processing /home/airflow/.local/lib/python3.6/site-packages/airflow/example_dags/example_latest_only.py took 0.099 seconds
[2021-10-16 01:04:09,143] {processor.py:163} INFO - Started process (PID=1213) to work on /home/airflow/.local/lib/python3.6/site-packages/airflow/example_dags/example_latest_only.py
[2021-10-16 01:04:09,150] {processor.py:620} INFO - Processing file /home/airflow/.local/lib/python3.6/site-packages/airflow/example_dags/example_latest_only.py for tasks to queue
[2021-10-16 01:04:09,152] {logging_mixin.py:109} INFO - [2021-10-16 01:04:09,152] {dagbag.py:500} INFO - Filling up the DagBag from /home/airflow/.local/lib/python3.6/site-packages/airflow/example_dags/example_latest_only.py
[2021-10-16 01:04:09,193] {processor.py:632} INFO - DAG(s) dict_keys(['latest_only']) retrieved from /home/airflow/.local/lib/python3.6/site-packages/airflow/example_dags/example_latest_only.py
[2021-10-16 01:04:09,209] {logging_mixin.py:109} INFO - [2021-10-16 01:04:09,209] {dag.py:2389} INFO - Sync 1 DAGs
[2021-10-16 01:04:09,234] {logging_mixin.py:109} INFO - [2021-10-16 01:04:09,234] {dag.py:2914} INFO - Setting next_dagrun for latest_only to 2021-10-15T21:04:09.234368+00:00
[2021-10-16 01:04:09,247] {processor.py:171} INFO - Processing /home/airflow/.local/lib/python3.6/site-packages/airflow/example_dags/example_latest_only.py took 0.108 seconds
[2021-10-16 01:04:39,307] {processor.py:163} INFO - Started process (PID=1267) to work on /home/airflow/.local/lib/python3.6/site-packages/airflow/example_dags/example_latest_only.py
[2021-10-16 01:04:39,311] {processor.py:620} INFO - Processing file /home/airflow/.local/lib/python3.6/site-packages/airflow/example_dags/example_latest_only.py for tasks to queue
[2021-10-16 01:04:39,313] {logging_mixin.py:109} INFO - [2021-10-16 01:04:39,313] {dagbag.py:500} INFO - Filling up the DagBag from /home/airflow/.local/lib/python3.6/site-packages/airflow/example_dags/example_latest_only.py
[2021-10-16 01:04:39,345] {processor.py:632} INFO - DAG(s) dict_keys(['latest_only']) retrieved from /home/airflow/.local/lib/python3.6/site-packages/airflow/example_dags/example_latest_only.py
[2021-10-16 01:04:39,361] {logging_mixin.py:109} INFO - [2021-10-16 01:04:39,361] {dag.py:2389} INFO - Sync 1 DAGs
[2021-10-16 01:04:39,383] {logging_mixin.py:109} INFO - [2021-10-16 01:04:39,383] {dag.py:2914} INFO - Setting next_dagrun for latest_only to 2021-10-15T21:04:39.383186+00:00
[2021-10-16 01:04:39,396] {processor.py:171} INFO - Processing /home/airflow/.local/lib/python3.6/site-packages/airflow/example_dags/example_latest_only.py took 0.095 seconds
[2021-10-16 01:05:09,935] {processor.py:163} INFO - Started process (PID=1323) to work on /home/airflow/.local/lib/python3.6/site-packages/airflow/example_dags/example_latest_only.py
[2021-10-16 01:05:09,943] {processor.py:620} INFO - Processing file /home/airflow/.local/lib/python3.6/site-packages/airflow/example_dags/example_latest_only.py for tasks to queue
[2021-10-16 01:05:09,945] {logging_mixin.py:109} INFO - [2021-10-16 01:05:09,945] {dagbag.py:500} INFO - Filling up the DagBag from /home/airflow/.local/lib/python3.6/site-packages/airflow/example_dags/example_latest_only.py
[2021-10-16 01:05:09,984] {processor.py:632} INFO - DAG(s) dict_keys(['latest_only']) retrieved from /home/airflow/.local/lib/python3.6/site-packages/airflow/example_dags/example_latest_only.py
[2021-10-16 01:05:10,000] {logging_mixin.py:109} INFO - [2021-10-16 01:05:10,000] {dag.py:2389} INFO - Sync 1 DAGs
[2021-10-16 01:05:10,025] {logging_mixin.py:109} INFO - [2021-10-16 01:05:10,024] {dag.py:2914} INFO - Setting next_dagrun for latest_only to 2021-10-15T21:05:10.024571+00:00
[2021-10-16 01:05:10,038] {processor.py:171} INFO - Processing /home/airflow/.local/lib/python3.6/site-packages/airflow/example_dags/example_latest_only.py took 0.108 seconds
[2021-10-16 01:05:40,409] {processor.py:163} INFO - Started process (PID=1376) to work on /home/airflow/.local/lib/python3.6/site-packages/airflow/example_dags/example_latest_only.py
[2021-10-16 01:05:40,413] {processor.py:620} INFO - Processing file /home/airflow/.local/lib/python3.6/site-packages/airflow/example_dags/example_latest_only.py for tasks to queue
[2021-10-16 01:05:40,415] {logging_mixin.py:109} INFO - [2021-10-16 01:05:40,415] {dagbag.py:500} INFO - Filling up the DagBag from /home/airflow/.local/lib/python3.6/site-packages/airflow/example_dags/example_latest_only.py
[2021-10-16 01:05:40,456] {processor.py:632} INFO - DAG(s) dict_keys(['latest_only']) retrieved from /home/airflow/.local/lib/python3.6/site-packages/airflow/example_dags/example_latest_only.py
[2021-10-16 01:05:40,471] {logging_mixin.py:109} INFO - [2021-10-16 01:05:40,471] {dag.py:2389} INFO - Sync 1 DAGs
[2021-10-16 01:05:40,495] {logging_mixin.py:109} INFO - [2021-10-16 01:05:40,495] {dag.py:2914} INFO - Setting next_dagrun for latest_only to 2021-10-15T21:05:40.495169+00:00
[2021-10-16 01:05:40,533] {processor.py:171} INFO - Processing /home/airflow/.local/lib/python3.6/site-packages/airflow/example_dags/example_latest_only.py took 0.129 seconds
[2021-10-16 01:06:11,054] {processor.py:163} INFO - Started process (PID=1441) to work on /home/airflow/.local/lib/python3.6/site-packages/airflow/example_dags/example_latest_only.py
[2021-10-16 01:06:11,060] {processor.py:620} INFO - Processing file /home/airflow/.local/lib/python3.6/site-packages/airflow/example_dags/example_latest_only.py for tasks to queue
[2021-10-16 01:06:11,064] {logging_mixin.py:109} INFO - [2021-10-16 01:06:11,063] {dagbag.py:500} INFO - Filling up the DagBag from /home/airflow/.local/lib/python3.6/site-packages/airflow/example_dags/example_latest_only.py
[2021-10-16 01:06:11,153] {processor.py:632} INFO - DAG(s) dict_keys(['latest_only']) retrieved from /home/airflow/.local/lib/python3.6/site-packages/airflow/example_dags/example_latest_only.py
[2021-10-16 01:06:11,195] {logging_mixin.py:109} INFO - [2021-10-16 01:06:11,195] {dag.py:2389} INFO - Sync 1 DAGs
[2021-10-16 01:06:11,257] {logging_mixin.py:109} INFO - [2021-10-16 01:06:11,257] {dag.py:2914} INFO - Setting next_dagrun for latest_only to 2021-10-15T21:06:11.256744+00:00
[2021-10-16 01:06:11,281] {processor.py:171} INFO - Processing /home/airflow/.local/lib/python3.6/site-packages/airflow/example_dags/example_latest_only.py took 0.238 seconds
[2021-10-16 01:06:41,528] {processor.py:163} INFO - Started process (PID=1495) to work on /home/airflow/.local/lib/python3.6/site-packages/airflow/example_dags/example_latest_only.py
[2021-10-16 01:06:41,533] {processor.py:620} INFO - Processing file /home/airflow/.local/lib/python3.6/site-packages/airflow/example_dags/example_latest_only.py for tasks to queue
[2021-10-16 01:06:41,535] {logging_mixin.py:109} INFO - [2021-10-16 01:06:41,535] {dagbag.py:500} INFO - Filling up the DagBag from /home/airflow/.local/lib/python3.6/site-packages/airflow/example_dags/example_latest_only.py
[2021-10-16 01:06:41,568] {processor.py:632} INFO - DAG(s) dict_keys(['latest_only']) retrieved from /home/airflow/.local/lib/python3.6/site-packages/airflow/example_dags/example_latest_only.py
[2021-10-16 01:06:41,591] {logging_mixin.py:109} INFO - [2021-10-16 01:06:41,590] {dag.py:2389} INFO - Sync 1 DAGs
[2021-10-16 01:06:41,618] {logging_mixin.py:109} INFO - [2021-10-16 01:06:41,618] {dag.py:2914} INFO - Setting next_dagrun for latest_only to 2021-10-15T21:06:41.617840+00:00
[2021-10-16 01:06:41,633] {processor.py:171} INFO - Processing /home/airflow/.local/lib/python3.6/site-packages/airflow/example_dags/example_latest_only.py took 0.109 seconds
[2021-10-16 01:07:12,062] {processor.py:163} INFO - Started process (PID=1548) to work on /home/airflow/.local/lib/python3.6/site-packages/airflow/example_dags/example_latest_only.py
[2021-10-16 01:07:12,064] {processor.py:620} INFO - Processing file /home/airflow/.local/lib/python3.6/site-packages/airflow/example_dags/example_latest_only.py for tasks to queue
[2021-10-16 01:07:12,067] {logging_mixin.py:109} INFO - [2021-10-16 01:07:12,067] {dagbag.py:500} INFO - Filling up the DagBag from /home/airflow/.local/lib/python3.6/site-packages/airflow/example_dags/example_latest_only.py
[2021-10-16 01:07:12,103] {processor.py:632} INFO - DAG(s) dict_keys(['latest_only']) retrieved from /home/airflow/.local/lib/python3.6/site-packages/airflow/example_dags/example_latest_only.py
[2021-10-16 01:07:12,116] {logging_mixin.py:109} INFO - [2021-10-16 01:07:12,116] {dag.py:2389} INFO - Sync 1 DAGs
[2021-10-16 01:07:12,137] {logging_mixin.py:109} INFO - [2021-10-16 01:07:12,137] {dag.py:2914} INFO - Setting next_dagrun for latest_only to 2021-10-15T21:07:12.137155+00:00
[2021-10-16 01:07:12,149] {processor.py:171} INFO - Processing /home/airflow/.local/lib/python3.6/site-packages/airflow/example_dags/example_latest_only.py took 0.091 seconds
[2021-10-16 01:07:42,835] {processor.py:163} INFO - Started process (PID=1602) to work on /home/airflow/.local/lib/python3.6/site-packages/airflow/example_dags/example_latest_only.py
[2021-10-16 01:07:42,840] {processor.py:620} INFO - Processing file /home/airflow/.local/lib/python3.6/site-packages/airflow/example_dags/example_latest_only.py for tasks to queue
[2021-10-16 01:07:42,842] {logging_mixin.py:109} INFO - [2021-10-16 01:07:42,841] {dagbag.py:500} INFO - Filling up the DagBag from /home/airflow/.local/lib/python3.6/site-packages/airflow/example_dags/example_latest_only.py
[2021-10-16 01:07:42,926] {processor.py:632} INFO - DAG(s) dict_keys(['latest_only']) retrieved from /home/airflow/.local/lib/python3.6/site-packages/airflow/example_dags/example_latest_only.py
[2021-10-16 01:07:42,956] {logging_mixin.py:109} INFO - [2021-10-16 01:07:42,956] {dag.py:2389} INFO - Sync 1 DAGs
[2021-10-16 01:07:43,011] {logging_mixin.py:109} INFO - [2021-10-16 01:07:43,011] {dag.py:2914} INFO - Setting next_dagrun for latest_only to 2021-10-15T21:07:43.011276+00:00
[2021-10-16 01:07:43,025] {processor.py:171} INFO - Processing /home/airflow/.local/lib/python3.6/site-packages/airflow/example_dags/example_latest_only.py took 0.194 seconds
[2021-10-16 01:08:14,000] {processor.py:163} INFO - Started process (PID=1671) to work on /home/airflow/.local/lib/python3.6/site-packages/airflow/example_dags/example_latest_only.py
[2021-10-16 01:08:14,004] {processor.py:620} INFO - Processing file /home/airflow/.local/lib/python3.6/site-packages/airflow/example_dags/example_latest_only.py for tasks to queue
[2021-10-16 01:08:14,005] {logging_mixin.py:109} INFO - [2021-10-16 01:08:14,005] {dagbag.py:500} INFO - Filling up the DagBag from /home/airflow/.local/lib/python3.6/site-packages/airflow/example_dags/example_latest_only.py
[2021-10-16 01:08:14,074] {processor.py:632} INFO - DAG(s) dict_keys(['latest_only']) retrieved from /home/airflow/.local/lib/python3.6/site-packages/airflow/example_dags/example_latest_only.py
[2021-10-16 01:08:14,107] {logging_mixin.py:109} INFO - [2021-10-16 01:08:14,106] {dag.py:2389} INFO - Sync 1 DAGs
[2021-10-16 01:08:14,192] {logging_mixin.py:109} INFO - [2021-10-16 01:08:14,192] {dag.py:2914} INFO - Setting next_dagrun for latest_only to 2021-10-15T21:08:14.192120+00:00
[2021-10-16 01:08:14,216] {processor.py:171} INFO - Processing /home/airflow/.local/lib/python3.6/site-packages/airflow/example_dags/example_latest_only.py took 0.227 seconds
[2021-10-16 01:08:44,918] {processor.py:163} INFO - Started process (PID=1725) to work on /home/airflow/.local/lib/python3.6/site-packages/airflow/example_dags/example_latest_only.py
[2021-10-16 01:08:44,920] {processor.py:620} INFO - Processing file /home/airflow/.local/lib/python3.6/site-packages/airflow/example_dags/example_latest_only.py for tasks to queue
[2021-10-16 01:08:44,921] {logging_mixin.py:109} INFO - [2021-10-16 01:08:44,921] {dagbag.py:500} INFO - Filling up the DagBag from /home/airflow/.local/lib/python3.6/site-packages/airflow/example_dags/example_latest_only.py
[2021-10-16 01:08:44,952] {processor.py:632} INFO - DAG(s) dict_keys(['latest_only']) retrieved from /home/airflow/.local/lib/python3.6/site-packages/airflow/example_dags/example_latest_only.py
[2021-10-16 01:08:44,965] {logging_mixin.py:109} INFO - [2021-10-16 01:08:44,965] {dag.py:2389} INFO - Sync 1 DAGs
[2021-10-16 01:08:44,984] {logging_mixin.py:109} INFO - [2021-10-16 01:08:44,984] {dag.py:2914} INFO - Setting next_dagrun for latest_only to 2021-10-15T21:08:44.984338+00:00
[2021-10-16 01:08:44,999] {processor.py:171} INFO - Processing /home/airflow/.local/lib/python3.6/site-packages/airflow/example_dags/example_latest_only.py took 0.086 seconds
[2021-10-16 01:09:15,894] {processor.py:163} INFO - Started process (PID=1793) to work on /home/airflow/.local/lib/python3.6/site-packages/airflow/example_dags/example_latest_only.py
[2021-10-16 01:09:15,897] {processor.py:620} INFO - Processing file /home/airflow/.local/lib/python3.6/site-packages/airflow/example_dags/example_latest_only.py for tasks to queue
[2021-10-16 01:09:15,899] {logging_mixin.py:109} INFO - [2021-10-16 01:09:15,899] {dagbag.py:500} INFO - Filling up the DagBag from /home/airflow/.local/lib/python3.6/site-packages/airflow/example_dags/example_latest_only.py
[2021-10-16 01:09:15,948] {processor.py:632} INFO - DAG(s) dict_keys(['latest_only']) retrieved from /home/airflow/.local/lib/python3.6/site-packages/airflow/example_dags/example_latest_only.py
[2021-10-16 01:09:15,970] {logging_mixin.py:109} INFO - [2021-10-16 01:09:15,970] {dag.py:2389} INFO - Sync 1 DAGs
[2021-10-16 01:09:16,001] {logging_mixin.py:109} INFO - [2021-10-16 01:09:16,000] {dag.py:2914} INFO - Setting next_dagrun for latest_only to 2021-10-15T21:09:16.000548+00:00
[2021-10-16 01:09:16,015] {processor.py:171} INFO - Processing /home/airflow/.local/lib/python3.6/site-packages/airflow/example_dags/example_latest_only.py took 0.131 seconds
[2021-10-16 01:09:46,380] {processor.py:163} INFO - Started process (PID=1848) to work on /home/airflow/.local/lib/python3.6/site-packages/airflow/example_dags/example_latest_only.py
[2021-10-16 01:09:46,382] {processor.py:620} INFO - Processing file /home/airflow/.local/lib/python3.6/site-packages/airflow/example_dags/example_latest_only.py for tasks to queue
[2021-10-16 01:09:46,385] {logging_mixin.py:109} INFO - [2021-10-16 01:09:46,385] {dagbag.py:500} INFO - Filling up the DagBag from /home/airflow/.local/lib/python3.6/site-packages/airflow/example_dags/example_latest_only.py
[2021-10-16 01:09:46,469] {processor.py:632} INFO - DAG(s) dict_keys(['latest_only']) retrieved from /home/airflow/.local/lib/python3.6/site-packages/airflow/example_dags/example_latest_only.py
[2021-10-16 01:09:46,508] {logging_mixin.py:109} INFO - [2021-10-16 01:09:46,508] {dag.py:2389} INFO - Sync 1 DAGs
[2021-10-16 01:09:46,563] {logging_mixin.py:109} INFO - [2021-10-16 01:09:46,562] {dag.py:2914} INFO - Setting next_dagrun for latest_only to 2021-10-15T21:09:46.562439+00:00
[2021-10-16 01:09:46,583] {processor.py:171} INFO - Processing /home/airflow/.local/lib/python3.6/site-packages/airflow/example_dags/example_latest_only.py took 0.208 seconds
[2021-10-16 01:10:16,752] {processor.py:163} INFO - Started process (PID=1911) to work on /home/airflow/.local/lib/python3.6/site-packages/airflow/example_dags/example_latest_only.py
[2021-10-16 01:10:16,760] {processor.py:620} INFO - Processing file /home/airflow/.local/lib/python3.6/site-packages/airflow/example_dags/example_latest_only.py for tasks to queue
[2021-10-16 01:10:16,761] {logging_mixin.py:109} INFO - [2021-10-16 01:10:16,761] {dagbag.py:500} INFO - Filling up the DagBag from /home/airflow/.local/lib/python3.6/site-packages/airflow/example_dags/example_latest_only.py
[2021-10-16 01:10:16,901] {processor.py:632} INFO - DAG(s) dict_keys(['latest_only']) retrieved from /home/airflow/.local/lib/python3.6/site-packages/airflow/example_dags/example_latest_only.py
[2021-10-16 01:10:16,956] {logging_mixin.py:109} INFO - [2021-10-16 01:10:16,956] {dag.py:2389} INFO - Sync 1 DAGs
[2021-10-16 01:10:17,088] {logging_mixin.py:109} INFO - [2021-10-16 01:10:17,086] {dag.py:2914} INFO - Setting next_dagrun for latest_only to 2021-10-15T21:10:17.083383+00:00
[2021-10-16 01:10:17,147] {processor.py:171} INFO - Processing /home/airflow/.local/lib/python3.6/site-packages/airflow/example_dags/example_latest_only.py took 0.413 seconds
[2021-10-16 01:10:47,487] {processor.py:163} INFO - Started process (PID=1968) to work on /home/airflow/.local/lib/python3.6/site-packages/airflow/example_dags/example_latest_only.py
[2021-10-16 01:10:47,497] {processor.py:620} INFO - Processing file /home/airflow/.local/lib/python3.6/site-packages/airflow/example_dags/example_latest_only.py for tasks to queue
[2021-10-16 01:10:47,500] {logging_mixin.py:109} INFO - [2021-10-16 01:10:47,500] {dagbag.py:500} INFO - Filling up the DagBag from /home/airflow/.local/lib/python3.6/site-packages/airflow/example_dags/example_latest_only.py
[2021-10-16 01:10:47,570] {processor.py:632} INFO - DAG(s) dict_keys(['latest_only']) retrieved from /home/airflow/.local/lib/python3.6/site-packages/airflow/example_dags/example_latest_only.py
[2021-10-16 01:10:47,595] {logging_mixin.py:109} INFO - [2021-10-16 01:10:47,594] {dag.py:2389} INFO - Sync 1 DAGs
[2021-10-16 01:10:47,612] {logging_mixin.py:109} INFO - [2021-10-16 01:10:47,612] {dag.py:2914} INFO - Setting next_dagrun for latest_only to 2021-10-15T21:10:47.612457+00:00
[2021-10-16 01:10:47,625] {processor.py:171} INFO - Processing /home/airflow/.local/lib/python3.6/site-packages/airflow/example_dags/example_latest_only.py took 0.142 seconds
[2021-10-16 01:11:17,916] {processor.py:163} INFO - Started process (PID=2023) to work on /home/airflow/.local/lib/python3.6/site-packages/airflow/example_dags/example_latest_only.py
[2021-10-16 01:11:17,920] {processor.py:620} INFO - Processing file /home/airflow/.local/lib/python3.6/site-packages/airflow/example_dags/example_latest_only.py for tasks to queue
[2021-10-16 01:11:17,924] {logging_mixin.py:109} INFO - [2021-10-16 01:11:17,923] {dagbag.py:500} INFO - Filling up the DagBag from /home/airflow/.local/lib/python3.6/site-packages/airflow/example_dags/example_latest_only.py
[2021-10-16 01:11:18,000] {processor.py:632} INFO - DAG(s) dict_keys(['latest_only']) retrieved from /home/airflow/.local/lib/python3.6/site-packages/airflow/example_dags/example_latest_only.py
[2021-10-16 01:11:18,038] {logging_mixin.py:109} INFO - [2021-10-16 01:11:18,038] {dag.py:2389} INFO - Sync 1 DAGs
[2021-10-16 01:11:18,089] {logging_mixin.py:109} INFO - [2021-10-16 01:11:18,089] {dag.py:2914} INFO - Setting next_dagrun for latest_only to 2021-10-15T21:11:18.089320+00:00
[2021-10-16 01:11:18,118] {processor.py:171} INFO - Processing /home/airflow/.local/lib/python3.6/site-packages/airflow/example_dags/example_latest_only.py took 0.215 seconds
[2021-10-16 01:11:48,929] {processor.py:163} INFO - Started process (PID=2076) to work on /home/airflow/.local/lib/python3.6/site-packages/airflow/example_dags/example_latest_only.py
[2021-10-16 01:11:48,931] {processor.py:620} INFO - Processing file /home/airflow/.local/lib/python3.6/site-packages/airflow/example_dags/example_latest_only.py for tasks to queue
[2021-10-16 01:11:48,933] {logging_mixin.py:109} INFO - [2021-10-16 01:11:48,932] {dagbag.py:500} INFO - Filling up the DagBag from /home/airflow/.local/lib/python3.6/site-packages/airflow/example_dags/example_latest_only.py
[2021-10-16 01:11:48,969] {processor.py:632} INFO - DAG(s) dict_keys(['latest_only']) retrieved from /home/airflow/.local/lib/python3.6/site-packages/airflow/example_dags/example_latest_only.py
[2021-10-16 01:11:48,985] {logging_mixin.py:109} INFO - [2021-10-16 01:11:48,984] {dag.py:2389} INFO - Sync 1 DAGs
[2021-10-16 01:11:49,007] {logging_mixin.py:109} INFO - [2021-10-16 01:11:49,007] {dag.py:2914} INFO - Setting next_dagrun for latest_only to 2021-10-15T21:11:49.007320+00:00
[2021-10-16 01:11:49,044] {processor.py:171} INFO - Processing /home/airflow/.local/lib/python3.6/site-packages/airflow/example_dags/example_latest_only.py took 0.121 seconds
[2021-10-16 01:12:19,221] {processor.py:163} INFO - Started process (PID=2131) to work on /home/airflow/.local/lib/python3.6/site-packages/airflow/example_dags/example_latest_only.py
[2021-10-16 01:12:19,231] {processor.py:620} INFO - Processing file /home/airflow/.local/lib/python3.6/site-packages/airflow/example_dags/example_latest_only.py for tasks to queue
[2021-10-16 01:12:19,233] {logging_mixin.py:109} INFO - [2021-10-16 01:12:19,233] {dagbag.py:500} INFO - Filling up the DagBag from /home/airflow/.local/lib/python3.6/site-packages/airflow/example_dags/example_latest_only.py
[2021-10-16 01:12:19,285] {processor.py:632} INFO - DAG(s) dict_keys(['latest_only']) retrieved from /home/airflow/.local/lib/python3.6/site-packages/airflow/example_dags/example_latest_only.py
[2021-10-16 01:12:19,310] {logging_mixin.py:109} INFO - [2021-10-16 01:12:19,310] {dag.py:2389} INFO - Sync 1 DAGs
[2021-10-16 01:12:19,356] {logging_mixin.py:109} INFO - [2021-10-16 01:12:19,356] {dag.py:2914} INFO - Setting next_dagrun for latest_only to 2021-10-15T21:12:19.355921+00:00
[2021-10-16 01:12:19,387] {processor.py:171} INFO - Processing /home/airflow/.local/lib/python3.6/site-packages/airflow/example_dags/example_latest_only.py took 0.180 seconds
[2021-10-16 01:12:50,116] {processor.py:163} INFO - Started process (PID=2197) to work on /home/airflow/.local/lib/python3.6/site-packages/airflow/example_dags/example_latest_only.py
[2021-10-16 01:12:50,118] {processor.py:620} INFO - Processing file /home/airflow/.local/lib/python3.6/site-packages/airflow/example_dags/example_latest_only.py for tasks to queue
[2021-10-16 01:12:50,127] {logging_mixin.py:109} INFO - [2021-10-16 01:12:50,126] {dagbag.py:500} INFO - Filling up the DagBag from /home/airflow/.local/lib/python3.6/site-packages/airflow/example_dags/example_latest_only.py
[2021-10-16 01:12:50,229] {processor.py:632} INFO - DAG(s) dict_keys(['latest_only']) retrieved from /home/airflow/.local/lib/python3.6/site-packages/airflow/example_dags/example_latest_only.py
[2021-10-16 01:12:50,264] {logging_mixin.py:109} INFO - [2021-10-16 01:12:50,264] {dag.py:2389} INFO - Sync 1 DAGs
[2021-10-16 01:12:50,363] {logging_mixin.py:109} INFO - [2021-10-16 01:12:50,363] {dag.py:2914} INFO - Setting next_dagrun for latest_only to 2021-10-15T21:12:50.363454+00:00
[2021-10-16 01:12:50,479] {processor.py:171} INFO - Processing /home/airflow/.local/lib/python3.6/site-packages/airflow/example_dags/example_latest_only.py took 0.369 seconds
[2021-10-16 01:13:20,844] {processor.py:163} INFO - Started process (PID=2251) to work on /home/airflow/.local/lib/python3.6/site-packages/airflow/example_dags/example_latest_only.py
[2021-10-16 01:13:20,847] {processor.py:620} INFO - Processing file /home/airflow/.local/lib/python3.6/site-packages/airflow/example_dags/example_latest_only.py for tasks to queue
[2021-10-16 01:13:20,848] {logging_mixin.py:109} INFO - [2021-10-16 01:13:20,848] {dagbag.py:500} INFO - Filling up the DagBag from /home/airflow/.local/lib/python3.6/site-packages/airflow/example_dags/example_latest_only.py
[2021-10-16 01:13:20,930] {processor.py:632} INFO - DAG(s) dict_keys(['latest_only']) retrieved from /home/airflow/.local/lib/python3.6/site-packages/airflow/example_dags/example_latest_only.py
[2021-10-16 01:13:20,962] {logging_mixin.py:109} INFO - [2021-10-16 01:13:20,961] {dag.py:2389} INFO - Sync 1 DAGs
[2021-10-16 01:13:21,020] {logging_mixin.py:109} INFO - [2021-10-16 01:13:21,020] {dag.py:2914} INFO - Setting next_dagrun for latest_only to 2021-10-15T21:13:21.020041+00:00
[2021-10-16 01:13:21,049] {processor.py:171} INFO - Processing /home/airflow/.local/lib/python3.6/site-packages/airflow/example_dags/example_latest_only.py took 0.210 seconds
[2021-10-16 01:13:51,706] {processor.py:163} INFO - Started process (PID=2308) to work on /home/airflow/.local/lib/python3.6/site-packages/airflow/example_dags/example_latest_only.py
[2021-10-16 01:13:51,712] {processor.py:620} INFO - Processing file /home/airflow/.local/lib/python3.6/site-packages/airflow/example_dags/example_latest_only.py for tasks to queue
[2021-10-16 01:13:51,714] {logging_mixin.py:109} INFO - [2021-10-16 01:13:51,714] {dagbag.py:500} INFO - Filling up the DagBag from /home/airflow/.local/lib/python3.6/site-packages/airflow/example_dags/example_latest_only.py
[2021-10-16 01:13:51,858] {processor.py:632} INFO - DAG(s) dict_keys(['latest_only']) retrieved from /home/airflow/.local/lib/python3.6/site-packages/airflow/example_dags/example_latest_only.py
[2021-10-16 01:13:51,895] {logging_mixin.py:109} INFO - [2021-10-16 01:13:51,895] {dag.py:2389} INFO - Sync 1 DAGs
[2021-10-16 01:13:51,934] {logging_mixin.py:109} INFO - [2021-10-16 01:13:51,934] {dag.py:2914} INFO - Setting next_dagrun for latest_only to 2021-10-15T21:13:51.934046+00:00
[2021-10-16 01:13:51,952] {processor.py:171} INFO - Processing /home/airflow/.local/lib/python3.6/site-packages/airflow/example_dags/example_latest_only.py took 0.264 seconds
[2021-10-16 01:14:22,203] {processor.py:163} INFO - Started process (PID=2362) to work on /home/airflow/.local/lib/python3.6/site-packages/airflow/example_dags/example_latest_only.py
[2021-10-16 01:14:22,215] {processor.py:620} INFO - Processing file /home/airflow/.local/lib/python3.6/site-packages/airflow/example_dags/example_latest_only.py for tasks to queue
[2021-10-16 01:14:22,216] {logging_mixin.py:109} INFO - [2021-10-16 01:14:22,216] {dagbag.py:500} INFO - Filling up the DagBag from /home/airflow/.local/lib/python3.6/site-packages/airflow/example_dags/example_latest_only.py
[2021-10-16 01:14:22,295] {processor.py:632} INFO - DAG(s) dict_keys(['latest_only']) retrieved from /home/airflow/.local/lib/python3.6/site-packages/airflow/example_dags/example_latest_only.py
[2021-10-16 01:14:22,328] {logging_mixin.py:109} INFO - [2021-10-16 01:14:22,328] {dag.py:2389} INFO - Sync 1 DAGs
[2021-10-16 01:14:22,378] {logging_mixin.py:109} INFO - [2021-10-16 01:14:22,378] {dag.py:2914} INFO - Setting next_dagrun for latest_only to 2021-10-15T21:14:22.378601+00:00
[2021-10-16 01:14:22,405] {processor.py:171} INFO - Processing /home/airflow/.local/lib/python3.6/site-packages/airflow/example_dags/example_latest_only.py took 0.208 seconds
[2021-10-16 01:14:52,924] {processor.py:163} INFO - Started process (PID=2416) to work on /home/airflow/.local/lib/python3.6/site-packages/airflow/example_dags/example_latest_only.py
[2021-10-16 01:14:52,927] {processor.py:620} INFO - Processing file /home/airflow/.local/lib/python3.6/site-packages/airflow/example_dags/example_latest_only.py for tasks to queue
[2021-10-16 01:14:52,931] {logging_mixin.py:109} INFO - [2021-10-16 01:14:52,931] {dagbag.py:500} INFO - Filling up the DagBag from /home/airflow/.local/lib/python3.6/site-packages/airflow/example_dags/example_latest_only.py
[2021-10-16 01:14:53,039] {processor.py:632} INFO - DAG(s) dict_keys(['latest_only']) retrieved from /home/airflow/.local/lib/python3.6/site-packages/airflow/example_dags/example_latest_only.py
[2021-10-16 01:14:53,078] {logging_mixin.py:109} INFO - [2021-10-16 01:14:53,078] {dag.py:2389} INFO - Sync 1 DAGs
[2021-10-16 01:14:53,132] {logging_mixin.py:109} INFO - [2021-10-16 01:14:53,132] {dag.py:2914} INFO - Setting next_dagrun for latest_only to 2021-10-15T21:14:53.132302+00:00
[2021-10-16 01:14:53,166] {processor.py:171} INFO - Processing /home/airflow/.local/lib/python3.6/site-packages/airflow/example_dags/example_latest_only.py took 0.246 seconds
