[2021-10-16 00:54:04,522] {processor.py:163} INFO - Started process (PID=93) to work on /home/airflow/.local/lib/python3.6/site-packages/airflow/example_dags/example_trigger_target_dag.py
[2021-10-16 00:54:04,527] {processor.py:620} INFO - Processing file /home/airflow/.local/lib/python3.6/site-packages/airflow/example_dags/example_trigger_target_dag.py for tasks to queue
[2021-10-16 00:54:04,528] {logging_mixin.py:109} INFO - [2021-10-16 00:54:04,528] {dagbag.py:500} INFO - Filling up the DagBag from /home/airflow/.local/lib/python3.6/site-packages/airflow/example_dags/example_trigger_target_dag.py
[2021-10-16 00:54:04,676] {processor.py:632} INFO - DAG(s) dict_keys(['example_trigger_target_dag']) retrieved from /home/airflow/.local/lib/python3.6/site-packages/airflow/example_dags/example_trigger_target_dag.py
[2021-10-16 00:54:04,730] {logging_mixin.py:109} INFO - [2021-10-16 00:54:04,730] {dag.py:2389} INFO - Sync 1 DAGs
[2021-10-16 00:54:04,804] {logging_mixin.py:109} INFO - [2021-10-16 00:54:04,804] {dag.py:2914} INFO - Setting next_dagrun for example_trigger_target_dag to None
[2021-10-16 00:54:04,838] {processor.py:171} INFO - Processing /home/airflow/.local/lib/python3.6/site-packages/airflow/example_dags/example_trigger_target_dag.py took 0.334 seconds
[2021-10-16 00:54:34,941] {processor.py:163} INFO - Started process (PID=134) to work on /home/airflow/.local/lib/python3.6/site-packages/airflow/example_dags/example_trigger_target_dag.py
[2021-10-16 00:54:34,944] {processor.py:620} INFO - Processing file /home/airflow/.local/lib/python3.6/site-packages/airflow/example_dags/example_trigger_target_dag.py for tasks to queue
[2021-10-16 00:54:34,947] {logging_mixin.py:109} INFO - [2021-10-16 00:54:34,946] {dagbag.py:500} INFO - Filling up the DagBag from /home/airflow/.local/lib/python3.6/site-packages/airflow/example_dags/example_trigger_target_dag.py
[2021-10-16 00:54:35,012] {processor.py:632} INFO - DAG(s) dict_keys(['example_trigger_target_dag']) retrieved from /home/airflow/.local/lib/python3.6/site-packages/airflow/example_dags/example_trigger_target_dag.py
[2021-10-16 00:54:35,024] {logging_mixin.py:109} INFO - [2021-10-16 00:54:35,024] {dag.py:2389} INFO - Sync 1 DAGs
[2021-10-16 00:54:35,043] {logging_mixin.py:109} INFO - [2021-10-16 00:54:35,043] {dag.py:2914} INFO - Setting next_dagrun for example_trigger_target_dag to None
[2021-10-16 00:54:35,053] {processor.py:171} INFO - Processing /home/airflow/.local/lib/python3.6/site-packages/airflow/example_dags/example_trigger_target_dag.py took 0.116 seconds
[2021-10-16 00:55:05,807] {processor.py:163} INFO - Started process (PID=194) to work on /home/airflow/.local/lib/python3.6/site-packages/airflow/example_dags/example_trigger_target_dag.py
[2021-10-16 00:55:05,813] {processor.py:620} INFO - Processing file /home/airflow/.local/lib/python3.6/site-packages/airflow/example_dags/example_trigger_target_dag.py for tasks to queue
[2021-10-16 00:55:05,815] {logging_mixin.py:109} INFO - [2021-10-16 00:55:05,815] {dagbag.py:500} INFO - Filling up the DagBag from /home/airflow/.local/lib/python3.6/site-packages/airflow/example_dags/example_trigger_target_dag.py
[2021-10-16 00:55:05,898] {processor.py:632} INFO - DAG(s) dict_keys(['example_trigger_target_dag']) retrieved from /home/airflow/.local/lib/python3.6/site-packages/airflow/example_dags/example_trigger_target_dag.py
[2021-10-16 00:55:05,938] {logging_mixin.py:109} INFO - [2021-10-16 00:55:05,938] {dag.py:2389} INFO - Sync 1 DAGs
[2021-10-16 00:55:05,962] {logging_mixin.py:109} INFO - [2021-10-16 00:55:05,962] {dag.py:2914} INFO - Setting next_dagrun for example_trigger_target_dag to None
[2021-10-16 00:55:05,973] {processor.py:171} INFO - Processing /home/airflow/.local/lib/python3.6/site-packages/airflow/example_dags/example_trigger_target_dag.py took 0.175 seconds
[2021-10-16 00:55:36,772] {processor.py:163} INFO - Started process (PID=252) to work on /home/airflow/.local/lib/python3.6/site-packages/airflow/example_dags/example_trigger_target_dag.py
[2021-10-16 00:55:36,780] {processor.py:620} INFO - Processing file /home/airflow/.local/lib/python3.6/site-packages/airflow/example_dags/example_trigger_target_dag.py for tasks to queue
[2021-10-16 00:55:36,783] {logging_mixin.py:109} INFO - [2021-10-16 00:55:36,783] {dagbag.py:500} INFO - Filling up the DagBag from /home/airflow/.local/lib/python3.6/site-packages/airflow/example_dags/example_trigger_target_dag.py
[2021-10-16 00:55:36,854] {processor.py:632} INFO - DAG(s) dict_keys(['example_trigger_target_dag']) retrieved from /home/airflow/.local/lib/python3.6/site-packages/airflow/example_dags/example_trigger_target_dag.py
[2021-10-16 00:55:36,866] {logging_mixin.py:109} INFO - [2021-10-16 00:55:36,866] {dag.py:2389} INFO - Sync 1 DAGs
[2021-10-16 00:55:36,885] {logging_mixin.py:109} INFO - [2021-10-16 00:55:36,885] {dag.py:2914} INFO - Setting next_dagrun for example_trigger_target_dag to None
[2021-10-16 00:55:36,896] {processor.py:171} INFO - Processing /home/airflow/.local/lib/python3.6/site-packages/airflow/example_dags/example_trigger_target_dag.py took 0.140 seconds
[2021-10-16 00:56:08,584] {processor.py:163} INFO - Started process (PID=308) to work on /home/airflow/.local/lib/python3.6/site-packages/airflow/example_dags/example_trigger_target_dag.py
[2021-10-16 00:56:08,590] {processor.py:620} INFO - Processing file /home/airflow/.local/lib/python3.6/site-packages/airflow/example_dags/example_trigger_target_dag.py for tasks to queue
[2021-10-16 00:56:08,598] {logging_mixin.py:109} INFO - [2021-10-16 00:56:08,598] {dagbag.py:500} INFO - Filling up the DagBag from /home/airflow/.local/lib/python3.6/site-packages/airflow/example_dags/example_trigger_target_dag.py
[2021-10-16 00:56:08,752] {processor.py:632} INFO - DAG(s) dict_keys(['example_trigger_target_dag']) retrieved from /home/airflow/.local/lib/python3.6/site-packages/airflow/example_dags/example_trigger_target_dag.py
[2021-10-16 00:56:08,790] {logging_mixin.py:109} INFO - [2021-10-16 00:56:08,789] {dag.py:2389} INFO - Sync 1 DAGs
[2021-10-16 00:56:08,851] {logging_mixin.py:109} INFO - [2021-10-16 00:56:08,851] {dag.py:2914} INFO - Setting next_dagrun for example_trigger_target_dag to None
[2021-10-16 00:56:08,884] {processor.py:171} INFO - Processing /home/airflow/.local/lib/python3.6/site-packages/airflow/example_dags/example_trigger_target_dag.py took 0.317 seconds
[2021-10-16 00:56:39,185] {processor.py:163} INFO - Started process (PID=362) to work on /home/airflow/.local/lib/python3.6/site-packages/airflow/example_dags/example_trigger_target_dag.py
[2021-10-16 00:56:39,189] {processor.py:620} INFO - Processing file /home/airflow/.local/lib/python3.6/site-packages/airflow/example_dags/example_trigger_target_dag.py for tasks to queue
[2021-10-16 00:56:39,194] {logging_mixin.py:109} INFO - [2021-10-16 00:56:39,194] {dagbag.py:500} INFO - Filling up the DagBag from /home/airflow/.local/lib/python3.6/site-packages/airflow/example_dags/example_trigger_target_dag.py
[2021-10-16 00:56:39,266] {processor.py:632} INFO - DAG(s) dict_keys(['example_trigger_target_dag']) retrieved from /home/airflow/.local/lib/python3.6/site-packages/airflow/example_dags/example_trigger_target_dag.py
[2021-10-16 00:56:39,286] {logging_mixin.py:109} INFO - [2021-10-16 00:56:39,285] {dag.py:2389} INFO - Sync 1 DAGs
[2021-10-16 00:56:39,311] {logging_mixin.py:109} INFO - [2021-10-16 00:56:39,310] {dag.py:2914} INFO - Setting next_dagrun for example_trigger_target_dag to None
[2021-10-16 00:56:39,323] {processor.py:171} INFO - Processing /home/airflow/.local/lib/python3.6/site-packages/airflow/example_dags/example_trigger_target_dag.py took 0.162 seconds
[2021-10-16 00:57:09,654] {processor.py:163} INFO - Started process (PID=427) to work on /home/airflow/.local/lib/python3.6/site-packages/airflow/example_dags/example_trigger_target_dag.py
[2021-10-16 00:57:09,661] {processor.py:620} INFO - Processing file /home/airflow/.local/lib/python3.6/site-packages/airflow/example_dags/example_trigger_target_dag.py for tasks to queue
[2021-10-16 00:57:09,665] {logging_mixin.py:109} INFO - [2021-10-16 00:57:09,664] {dagbag.py:500} INFO - Filling up the DagBag from /home/airflow/.local/lib/python3.6/site-packages/airflow/example_dags/example_trigger_target_dag.py
[2021-10-16 00:57:09,760] {processor.py:632} INFO - DAG(s) dict_keys(['example_trigger_target_dag']) retrieved from /home/airflow/.local/lib/python3.6/site-packages/airflow/example_dags/example_trigger_target_dag.py
[2021-10-16 00:57:09,775] {logging_mixin.py:109} INFO - [2021-10-16 00:57:09,774] {dag.py:2389} INFO - Sync 1 DAGs
[2021-10-16 00:57:09,793] {logging_mixin.py:109} INFO - [2021-10-16 00:57:09,793] {dag.py:2914} INFO - Setting next_dagrun for example_trigger_target_dag to None
[2021-10-16 00:57:09,817] {processor.py:171} INFO - Processing /home/airflow/.local/lib/python3.6/site-packages/airflow/example_dags/example_trigger_target_dag.py took 0.172 seconds
[2021-10-16 00:57:40,712] {processor.py:163} INFO - Started process (PID=484) to work on /home/airflow/.local/lib/python3.6/site-packages/airflow/example_dags/example_trigger_target_dag.py
[2021-10-16 00:57:40,716] {processor.py:620} INFO - Processing file /home/airflow/.local/lib/python3.6/site-packages/airflow/example_dags/example_trigger_target_dag.py for tasks to queue
[2021-10-16 00:57:40,719] {logging_mixin.py:109} INFO - [2021-10-16 00:57:40,718] {dagbag.py:500} INFO - Filling up the DagBag from /home/airflow/.local/lib/python3.6/site-packages/airflow/example_dags/example_trigger_target_dag.py
[2021-10-16 00:57:40,753] {processor.py:632} INFO - DAG(s) dict_keys(['example_trigger_target_dag']) retrieved from /home/airflow/.local/lib/python3.6/site-packages/airflow/example_dags/example_trigger_target_dag.py
[2021-10-16 00:57:40,768] {logging_mixin.py:109} INFO - [2021-10-16 00:57:40,768] {dag.py:2389} INFO - Sync 1 DAGs
[2021-10-16 00:57:40,795] {logging_mixin.py:109} INFO - [2021-10-16 00:57:40,795] {dag.py:2914} INFO - Setting next_dagrun for example_trigger_target_dag to None
[2021-10-16 00:57:40,807] {processor.py:171} INFO - Processing /home/airflow/.local/lib/python3.6/site-packages/airflow/example_dags/example_trigger_target_dag.py took 0.099 seconds
[2021-10-16 00:58:11,532] {processor.py:163} INFO - Started process (PID=537) to work on /home/airflow/.local/lib/python3.6/site-packages/airflow/example_dags/example_trigger_target_dag.py
[2021-10-16 00:58:11,536] {processor.py:620} INFO - Processing file /home/airflow/.local/lib/python3.6/site-packages/airflow/example_dags/example_trigger_target_dag.py for tasks to queue
[2021-10-16 00:58:11,538] {logging_mixin.py:109} INFO - [2021-10-16 00:58:11,538] {dagbag.py:500} INFO - Filling up the DagBag from /home/airflow/.local/lib/python3.6/site-packages/airflow/example_dags/example_trigger_target_dag.py
[2021-10-16 00:58:11,579] {processor.py:632} INFO - DAG(s) dict_keys(['example_trigger_target_dag']) retrieved from /home/airflow/.local/lib/python3.6/site-packages/airflow/example_dags/example_trigger_target_dag.py
[2021-10-16 00:58:11,596] {logging_mixin.py:109} INFO - [2021-10-16 00:58:11,596] {dag.py:2389} INFO - Sync 1 DAGs
[2021-10-16 00:58:11,618] {logging_mixin.py:109} INFO - [2021-10-16 00:58:11,617] {dag.py:2914} INFO - Setting next_dagrun for example_trigger_target_dag to None
[2021-10-16 00:58:11,631] {processor.py:171} INFO - Processing /home/airflow/.local/lib/python3.6/site-packages/airflow/example_dags/example_trigger_target_dag.py took 0.104 seconds
[2021-10-16 00:58:42,119] {processor.py:163} INFO - Started process (PID=590) to work on /home/airflow/.local/lib/python3.6/site-packages/airflow/example_dags/example_trigger_target_dag.py
[2021-10-16 00:58:42,121] {processor.py:620} INFO - Processing file /home/airflow/.local/lib/python3.6/site-packages/airflow/example_dags/example_trigger_target_dag.py for tasks to queue
[2021-10-16 00:58:42,123] {logging_mixin.py:109} INFO - [2021-10-16 00:58:42,123] {dagbag.py:500} INFO - Filling up the DagBag from /home/airflow/.local/lib/python3.6/site-packages/airflow/example_dags/example_trigger_target_dag.py
[2021-10-16 00:58:42,197] {processor.py:632} INFO - DAG(s) dict_keys(['example_trigger_target_dag']) retrieved from /home/airflow/.local/lib/python3.6/site-packages/airflow/example_dags/example_trigger_target_dag.py
[2021-10-16 00:58:42,222] {logging_mixin.py:109} INFO - [2021-10-16 00:58:42,222] {dag.py:2389} INFO - Sync 1 DAGs
[2021-10-16 00:58:42,260] {logging_mixin.py:109} INFO - [2021-10-16 00:58:42,259] {dag.py:2914} INFO - Setting next_dagrun for example_trigger_target_dag to None
[2021-10-16 00:58:42,287] {processor.py:171} INFO - Processing /home/airflow/.local/lib/python3.6/site-packages/airflow/example_dags/example_trigger_target_dag.py took 0.172 seconds
[2021-10-16 00:59:14,021] {processor.py:163} INFO - Started process (PID=661) to work on /home/airflow/.local/lib/python3.6/site-packages/airflow/example_dags/example_trigger_target_dag.py
[2021-10-16 00:59:14,044] {processor.py:620} INFO - Processing file /home/airflow/.local/lib/python3.6/site-packages/airflow/example_dags/example_trigger_target_dag.py for tasks to queue
[2021-10-16 00:59:14,059] {logging_mixin.py:109} INFO - [2021-10-16 00:59:14,059] {dagbag.py:500} INFO - Filling up the DagBag from /home/airflow/.local/lib/python3.6/site-packages/airflow/example_dags/example_trigger_target_dag.py
[2021-10-16 00:59:14,452] {processor.py:632} INFO - DAG(s) dict_keys(['example_trigger_target_dag']) retrieved from /home/airflow/.local/lib/python3.6/site-packages/airflow/example_dags/example_trigger_target_dag.py
[2021-10-16 00:59:14,540] {logging_mixin.py:109} INFO - [2021-10-16 00:59:14,540] {dag.py:2389} INFO - Sync 1 DAGs
[2021-10-16 00:59:14,708] {logging_mixin.py:109} INFO - [2021-10-16 00:59:14,707] {dag.py:2914} INFO - Setting next_dagrun for example_trigger_target_dag to None
[2021-10-16 00:59:14,751] {processor.py:171} INFO - Processing /home/airflow/.local/lib/python3.6/site-packages/airflow/example_dags/example_trigger_target_dag.py took 0.763 seconds
[2021-10-16 00:59:45,573] {processor.py:163} INFO - Started process (PID=715) to work on /home/airflow/.local/lib/python3.6/site-packages/airflow/example_dags/example_trigger_target_dag.py
[2021-10-16 00:59:45,580] {processor.py:620} INFO - Processing file /home/airflow/.local/lib/python3.6/site-packages/airflow/example_dags/example_trigger_target_dag.py for tasks to queue
[2021-10-16 00:59:45,582] {logging_mixin.py:109} INFO - [2021-10-16 00:59:45,582] {dagbag.py:500} INFO - Filling up the DagBag from /home/airflow/.local/lib/python3.6/site-packages/airflow/example_dags/example_trigger_target_dag.py
[2021-10-16 00:59:45,642] {processor.py:632} INFO - DAG(s) dict_keys(['example_trigger_target_dag']) retrieved from /home/airflow/.local/lib/python3.6/site-packages/airflow/example_dags/example_trigger_target_dag.py
[2021-10-16 00:59:45,669] {logging_mixin.py:109} INFO - [2021-10-16 00:59:45,668] {dag.py:2389} INFO - Sync 1 DAGs
[2021-10-16 00:59:45,703] {logging_mixin.py:109} INFO - [2021-10-16 00:59:45,703] {dag.py:2914} INFO - Setting next_dagrun for example_trigger_target_dag to None
[2021-10-16 00:59:45,722] {processor.py:171} INFO - Processing /home/airflow/.local/lib/python3.6/site-packages/airflow/example_dags/example_trigger_target_dag.py took 0.153 seconds
[2021-10-16 01:00:16,151] {processor.py:163} INFO - Started process (PID=768) to work on /home/airflow/.local/lib/python3.6/site-packages/airflow/example_dags/example_trigger_target_dag.py
[2021-10-16 01:00:16,157] {processor.py:620} INFO - Processing file /home/airflow/.local/lib/python3.6/site-packages/airflow/example_dags/example_trigger_target_dag.py for tasks to queue
[2021-10-16 01:00:16,159] {logging_mixin.py:109} INFO - [2021-10-16 01:00:16,159] {dagbag.py:500} INFO - Filling up the DagBag from /home/airflow/.local/lib/python3.6/site-packages/airflow/example_dags/example_trigger_target_dag.py
[2021-10-16 01:00:16,270] {processor.py:632} INFO - DAG(s) dict_keys(['example_trigger_target_dag']) retrieved from /home/airflow/.local/lib/python3.6/site-packages/airflow/example_dags/example_trigger_target_dag.py
[2021-10-16 01:00:16,290] {logging_mixin.py:109} INFO - [2021-10-16 01:00:16,289] {dag.py:2389} INFO - Sync 1 DAGs
[2021-10-16 01:00:16,309] {logging_mixin.py:109} INFO - [2021-10-16 01:00:16,309] {dag.py:2914} INFO - Setting next_dagrun for example_trigger_target_dag to None
[2021-10-16 01:00:16,324] {processor.py:171} INFO - Processing /home/airflow/.local/lib/python3.6/site-packages/airflow/example_dags/example_trigger_target_dag.py took 0.185 seconds
[2021-10-16 01:00:46,573] {processor.py:163} INFO - Started process (PID=823) to work on /home/airflow/.local/lib/python3.6/site-packages/airflow/example_dags/example_trigger_target_dag.py
[2021-10-16 01:00:46,581] {processor.py:620} INFO - Processing file /home/airflow/.local/lib/python3.6/site-packages/airflow/example_dags/example_trigger_target_dag.py for tasks to queue
[2021-10-16 01:00:46,582] {logging_mixin.py:109} INFO - [2021-10-16 01:00:46,582] {dagbag.py:500} INFO - Filling up the DagBag from /home/airflow/.local/lib/python3.6/site-packages/airflow/example_dags/example_trigger_target_dag.py
[2021-10-16 01:00:46,646] {processor.py:632} INFO - DAG(s) dict_keys(['example_trigger_target_dag']) retrieved from /home/airflow/.local/lib/python3.6/site-packages/airflow/example_dags/example_trigger_target_dag.py
[2021-10-16 01:00:46,668] {logging_mixin.py:109} INFO - [2021-10-16 01:00:46,668] {dag.py:2389} INFO - Sync 1 DAGs
[2021-10-16 01:00:46,702] {logging_mixin.py:109} INFO - [2021-10-16 01:00:46,702] {dag.py:2914} INFO - Setting next_dagrun for example_trigger_target_dag to None
[2021-10-16 01:00:46,713] {processor.py:171} INFO - Processing /home/airflow/.local/lib/python3.6/site-packages/airflow/example_dags/example_trigger_target_dag.py took 0.144 seconds
[2021-10-16 01:01:16,903] {processor.py:163} INFO - Started process (PID=890) to work on /home/airflow/.local/lib/python3.6/site-packages/airflow/example_dags/example_trigger_target_dag.py
[2021-10-16 01:01:16,911] {processor.py:620} INFO - Processing file /home/airflow/.local/lib/python3.6/site-packages/airflow/example_dags/example_trigger_target_dag.py for tasks to queue
[2021-10-16 01:01:16,913] {logging_mixin.py:109} INFO - [2021-10-16 01:01:16,912] {dagbag.py:500} INFO - Filling up the DagBag from /home/airflow/.local/lib/python3.6/site-packages/airflow/example_dags/example_trigger_target_dag.py
[2021-10-16 01:01:16,954] {processor.py:632} INFO - DAG(s) dict_keys(['example_trigger_target_dag']) retrieved from /home/airflow/.local/lib/python3.6/site-packages/airflow/example_dags/example_trigger_target_dag.py
[2021-10-16 01:01:16,971] {logging_mixin.py:109} INFO - [2021-10-16 01:01:16,971] {dag.py:2389} INFO - Sync 1 DAGs
[2021-10-16 01:01:16,996] {logging_mixin.py:109} INFO - [2021-10-16 01:01:16,996] {dag.py:2914} INFO - Setting next_dagrun for example_trigger_target_dag to None
[2021-10-16 01:01:17,012] {processor.py:171} INFO - Processing /home/airflow/.local/lib/python3.6/site-packages/airflow/example_dags/example_trigger_target_dag.py took 0.113 seconds
[2021-10-16 01:01:47,736] {processor.py:163} INFO - Started process (PID=945) to work on /home/airflow/.local/lib/python3.6/site-packages/airflow/example_dags/example_trigger_target_dag.py
[2021-10-16 01:01:47,740] {processor.py:620} INFO - Processing file /home/airflow/.local/lib/python3.6/site-packages/airflow/example_dags/example_trigger_target_dag.py for tasks to queue
[2021-10-16 01:01:47,743] {logging_mixin.py:109} INFO - [2021-10-16 01:01:47,743] {dagbag.py:500} INFO - Filling up the DagBag from /home/airflow/.local/lib/python3.6/site-packages/airflow/example_dags/example_trigger_target_dag.py
[2021-10-16 01:01:47,806] {processor.py:632} INFO - DAG(s) dict_keys(['example_trigger_target_dag']) retrieved from /home/airflow/.local/lib/python3.6/site-packages/airflow/example_dags/example_trigger_target_dag.py
[2021-10-16 01:01:47,822] {logging_mixin.py:109} INFO - [2021-10-16 01:01:47,822] {dag.py:2389} INFO - Sync 1 DAGs
[2021-10-16 01:01:47,844] {logging_mixin.py:109} INFO - [2021-10-16 01:01:47,844] {dag.py:2914} INFO - Setting next_dagrun for example_trigger_target_dag to None
[2021-10-16 01:01:47,868] {processor.py:171} INFO - Processing /home/airflow/.local/lib/python3.6/site-packages/airflow/example_dags/example_trigger_target_dag.py took 0.139 seconds
[2021-10-16 01:02:18,713] {processor.py:163} INFO - Started process (PID=1012) to work on /home/airflow/.local/lib/python3.6/site-packages/airflow/example_dags/example_trigger_target_dag.py
[2021-10-16 01:02:18,717] {processor.py:620} INFO - Processing file /home/airflow/.local/lib/python3.6/site-packages/airflow/example_dags/example_trigger_target_dag.py for tasks to queue
[2021-10-16 01:02:18,720] {logging_mixin.py:109} INFO - [2021-10-16 01:02:18,719] {dagbag.py:500} INFO - Filling up the DagBag from /home/airflow/.local/lib/python3.6/site-packages/airflow/example_dags/example_trigger_target_dag.py
[2021-10-16 01:02:18,803] {processor.py:632} INFO - DAG(s) dict_keys(['example_trigger_target_dag']) retrieved from /home/airflow/.local/lib/python3.6/site-packages/airflow/example_dags/example_trigger_target_dag.py
[2021-10-16 01:02:18,846] {logging_mixin.py:109} INFO - [2021-10-16 01:02:18,845] {dag.py:2389} INFO - Sync 1 DAGs
[2021-10-16 01:02:18,884] {logging_mixin.py:109} INFO - [2021-10-16 01:02:18,884] {dag.py:2914} INFO - Setting next_dagrun for example_trigger_target_dag to None
[2021-10-16 01:02:18,897] {processor.py:171} INFO - Processing /home/airflow/.local/lib/python3.6/site-packages/airflow/example_dags/example_trigger_target_dag.py took 0.189 seconds
[2021-10-16 01:02:49,247] {processor.py:163} INFO - Started process (PID=1070) to work on /home/airflow/.local/lib/python3.6/site-packages/airflow/example_dags/example_trigger_target_dag.py
[2021-10-16 01:02:49,250] {processor.py:620} INFO - Processing file /home/airflow/.local/lib/python3.6/site-packages/airflow/example_dags/example_trigger_target_dag.py for tasks to queue
[2021-10-16 01:02:49,252] {logging_mixin.py:109} INFO - [2021-10-16 01:02:49,252] {dagbag.py:500} INFO - Filling up the DagBag from /home/airflow/.local/lib/python3.6/site-packages/airflow/example_dags/example_trigger_target_dag.py
[2021-10-16 01:02:49,300] {processor.py:632} INFO - DAG(s) dict_keys(['example_trigger_target_dag']) retrieved from /home/airflow/.local/lib/python3.6/site-packages/airflow/example_dags/example_trigger_target_dag.py
[2021-10-16 01:02:49,313] {logging_mixin.py:109} INFO - [2021-10-16 01:02:49,313] {dag.py:2389} INFO - Sync 1 DAGs
[2021-10-16 01:02:49,334] {logging_mixin.py:109} INFO - [2021-10-16 01:02:49,334] {dag.py:2914} INFO - Setting next_dagrun for example_trigger_target_dag to None
[2021-10-16 01:02:49,347] {processor.py:171} INFO - Processing /home/airflow/.local/lib/python3.6/site-packages/airflow/example_dags/example_trigger_target_dag.py took 0.109 seconds
[2021-10-16 01:03:19,556] {processor.py:163} INFO - Started process (PID=1122) to work on /home/airflow/.local/lib/python3.6/site-packages/airflow/example_dags/example_trigger_target_dag.py
[2021-10-16 01:03:19,558] {processor.py:620} INFO - Processing file /home/airflow/.local/lib/python3.6/site-packages/airflow/example_dags/example_trigger_target_dag.py for tasks to queue
[2021-10-16 01:03:19,560] {logging_mixin.py:109} INFO - [2021-10-16 01:03:19,560] {dagbag.py:500} INFO - Filling up the DagBag from /home/airflow/.local/lib/python3.6/site-packages/airflow/example_dags/example_trigger_target_dag.py
[2021-10-16 01:03:19,602] {processor.py:632} INFO - DAG(s) dict_keys(['example_trigger_target_dag']) retrieved from /home/airflow/.local/lib/python3.6/site-packages/airflow/example_dags/example_trigger_target_dag.py
[2021-10-16 01:03:19,619] {logging_mixin.py:109} INFO - [2021-10-16 01:03:19,619] {dag.py:2389} INFO - Sync 1 DAGs
[2021-10-16 01:03:19,639] {logging_mixin.py:109} INFO - [2021-10-16 01:03:19,639] {dag.py:2914} INFO - Setting next_dagrun for example_trigger_target_dag to None
[2021-10-16 01:03:19,656] {processor.py:171} INFO - Processing /home/airflow/.local/lib/python3.6/site-packages/airflow/example_dags/example_trigger_target_dag.py took 0.112 seconds
[2021-10-16 01:03:49,868] {processor.py:163} INFO - Started process (PID=1187) to work on /home/airflow/.local/lib/python3.6/site-packages/airflow/example_dags/example_trigger_target_dag.py
[2021-10-16 01:03:49,873] {processor.py:620} INFO - Processing file /home/airflow/.local/lib/python3.6/site-packages/airflow/example_dags/example_trigger_target_dag.py for tasks to queue
[2021-10-16 01:03:49,885] {logging_mixin.py:109} INFO - [2021-10-16 01:03:49,884] {dagbag.py:500} INFO - Filling up the DagBag from /home/airflow/.local/lib/python3.6/site-packages/airflow/example_dags/example_trigger_target_dag.py
[2021-10-16 01:03:49,993] {processor.py:632} INFO - DAG(s) dict_keys(['example_trigger_target_dag']) retrieved from /home/airflow/.local/lib/python3.6/site-packages/airflow/example_dags/example_trigger_target_dag.py
[2021-10-16 01:03:50,028] {logging_mixin.py:109} INFO - [2021-10-16 01:03:50,028] {dag.py:2389} INFO - Sync 1 DAGs
[2021-10-16 01:03:50,090] {logging_mixin.py:109} INFO - [2021-10-16 01:03:50,090] {dag.py:2914} INFO - Setting next_dagrun for example_trigger_target_dag to None
[2021-10-16 01:03:50,104] {processor.py:171} INFO - Processing /home/airflow/.local/lib/python3.6/site-packages/airflow/example_dags/example_trigger_target_dag.py took 0.248 seconds
[2021-10-16 01:04:20,892] {processor.py:163} INFO - Started process (PID=1242) to work on /home/airflow/.local/lib/python3.6/site-packages/airflow/example_dags/example_trigger_target_dag.py
[2021-10-16 01:04:20,897] {processor.py:620} INFO - Processing file /home/airflow/.local/lib/python3.6/site-packages/airflow/example_dags/example_trigger_target_dag.py for tasks to queue
[2021-10-16 01:04:20,899] {logging_mixin.py:109} INFO - [2021-10-16 01:04:20,899] {dagbag.py:500} INFO - Filling up the DagBag from /home/airflow/.local/lib/python3.6/site-packages/airflow/example_dags/example_trigger_target_dag.py
[2021-10-16 01:04:20,989] {processor.py:632} INFO - DAG(s) dict_keys(['example_trigger_target_dag']) retrieved from /home/airflow/.local/lib/python3.6/site-packages/airflow/example_dags/example_trigger_target_dag.py
[2021-10-16 01:04:21,021] {logging_mixin.py:109} INFO - [2021-10-16 01:04:21,021] {dag.py:2389} INFO - Sync 1 DAGs
[2021-10-16 01:04:21,048] {logging_mixin.py:109} INFO - [2021-10-16 01:04:21,048] {dag.py:2914} INFO - Setting next_dagrun for example_trigger_target_dag to None
[2021-10-16 01:04:21,065] {processor.py:171} INFO - Processing /home/airflow/.local/lib/python3.6/site-packages/airflow/example_dags/example_trigger_target_dag.py took 0.179 seconds
[2021-10-16 01:04:51,282] {processor.py:163} INFO - Started process (PID=1296) to work on /home/airflow/.local/lib/python3.6/site-packages/airflow/example_dags/example_trigger_target_dag.py
[2021-10-16 01:04:51,289] {processor.py:620} INFO - Processing file /home/airflow/.local/lib/python3.6/site-packages/airflow/example_dags/example_trigger_target_dag.py for tasks to queue
[2021-10-16 01:04:51,291] {logging_mixin.py:109} INFO - [2021-10-16 01:04:51,291] {dagbag.py:500} INFO - Filling up the DagBag from /home/airflow/.local/lib/python3.6/site-packages/airflow/example_dags/example_trigger_target_dag.py
[2021-10-16 01:04:51,331] {processor.py:632} INFO - DAG(s) dict_keys(['example_trigger_target_dag']) retrieved from /home/airflow/.local/lib/python3.6/site-packages/airflow/example_dags/example_trigger_target_dag.py
[2021-10-16 01:04:51,347] {logging_mixin.py:109} INFO - [2021-10-16 01:04:51,347] {dag.py:2389} INFO - Sync 1 DAGs
[2021-10-16 01:04:51,370] {logging_mixin.py:109} INFO - [2021-10-16 01:04:51,370] {dag.py:2914} INFO - Setting next_dagrun for example_trigger_target_dag to None
[2021-10-16 01:04:51,383] {processor.py:171} INFO - Processing /home/airflow/.local/lib/python3.6/site-packages/airflow/example_dags/example_trigger_target_dag.py took 0.105 seconds
[2021-10-16 01:05:21,471] {processor.py:163} INFO - Started process (PID=1351) to work on /home/airflow/.local/lib/python3.6/site-packages/airflow/example_dags/example_trigger_target_dag.py
[2021-10-16 01:05:21,475] {processor.py:620} INFO - Processing file /home/airflow/.local/lib/python3.6/site-packages/airflow/example_dags/example_trigger_target_dag.py for tasks to queue
[2021-10-16 01:05:21,476] {logging_mixin.py:109} INFO - [2021-10-16 01:05:21,476] {dagbag.py:500} INFO - Filling up the DagBag from /home/airflow/.local/lib/python3.6/site-packages/airflow/example_dags/example_trigger_target_dag.py
[2021-10-16 01:05:21,613] {processor.py:632} INFO - DAG(s) dict_keys(['example_trigger_target_dag']) retrieved from /home/airflow/.local/lib/python3.6/site-packages/airflow/example_dags/example_trigger_target_dag.py
[2021-10-16 01:05:21,639] {logging_mixin.py:109} INFO - [2021-10-16 01:05:21,639] {dag.py:2389} INFO - Sync 1 DAGs
[2021-10-16 01:05:21,697] {logging_mixin.py:109} INFO - [2021-10-16 01:05:21,697] {dag.py:2914} INFO - Setting next_dagrun for example_trigger_target_dag to None
[2021-10-16 01:05:22,044] {processor.py:171} INFO - Processing /home/airflow/.local/lib/python3.6/site-packages/airflow/example_dags/example_trigger_target_dag.py took 0.591 seconds
[2021-10-16 01:05:52,877] {processor.py:163} INFO - Started process (PID=1404) to work on /home/airflow/.local/lib/python3.6/site-packages/airflow/example_dags/example_trigger_target_dag.py
[2021-10-16 01:05:52,885] {processor.py:620} INFO - Processing file /home/airflow/.local/lib/python3.6/site-packages/airflow/example_dags/example_trigger_target_dag.py for tasks to queue
[2021-10-16 01:05:52,888] {logging_mixin.py:109} INFO - [2021-10-16 01:05:52,887] {dagbag.py:500} INFO - Filling up the DagBag from /home/airflow/.local/lib/python3.6/site-packages/airflow/example_dags/example_trigger_target_dag.py
[2021-10-16 01:05:52,928] {processor.py:632} INFO - DAG(s) dict_keys(['example_trigger_target_dag']) retrieved from /home/airflow/.local/lib/python3.6/site-packages/airflow/example_dags/example_trigger_target_dag.py
[2021-10-16 01:05:52,942] {logging_mixin.py:109} INFO - [2021-10-16 01:05:52,942] {dag.py:2389} INFO - Sync 1 DAGs
[2021-10-16 01:05:52,968] {logging_mixin.py:109} INFO - [2021-10-16 01:05:52,968] {dag.py:2914} INFO - Setting next_dagrun for example_trigger_target_dag to None
[2021-10-16 01:05:52,983] {processor.py:171} INFO - Processing /home/airflow/.local/lib/python3.6/site-packages/airflow/example_dags/example_trigger_target_dag.py took 0.112 seconds
[2021-10-16 01:06:23,718] {processor.py:163} INFO - Started process (PID=1470) to work on /home/airflow/.local/lib/python3.6/site-packages/airflow/example_dags/example_trigger_target_dag.py
[2021-10-16 01:06:23,727] {processor.py:620} INFO - Processing file /home/airflow/.local/lib/python3.6/site-packages/airflow/example_dags/example_trigger_target_dag.py for tasks to queue
[2021-10-16 01:06:23,734] {logging_mixin.py:109} INFO - [2021-10-16 01:06:23,733] {dagbag.py:500} INFO - Filling up the DagBag from /home/airflow/.local/lib/python3.6/site-packages/airflow/example_dags/example_trigger_target_dag.py
[2021-10-16 01:06:23,860] {processor.py:632} INFO - DAG(s) dict_keys(['example_trigger_target_dag']) retrieved from /home/airflow/.local/lib/python3.6/site-packages/airflow/example_dags/example_trigger_target_dag.py
[2021-10-16 01:06:23,894] {logging_mixin.py:109} INFO - [2021-10-16 01:06:23,894] {dag.py:2389} INFO - Sync 1 DAGs
[2021-10-16 01:06:23,940] {logging_mixin.py:109} INFO - [2021-10-16 01:06:23,940] {dag.py:2914} INFO - Setting next_dagrun for example_trigger_target_dag to None
[2021-10-16 01:06:23,957] {processor.py:171} INFO - Processing /home/airflow/.local/lib/python3.6/site-packages/airflow/example_dags/example_trigger_target_dag.py took 0.251 seconds
[2021-10-16 01:06:54,623] {processor.py:163} INFO - Started process (PID=1523) to work on /home/airflow/.local/lib/python3.6/site-packages/airflow/example_dags/example_trigger_target_dag.py
[2021-10-16 01:06:54,630] {processor.py:620} INFO - Processing file /home/airflow/.local/lib/python3.6/site-packages/airflow/example_dags/example_trigger_target_dag.py for tasks to queue
[2021-10-16 01:06:54,632] {logging_mixin.py:109} INFO - [2021-10-16 01:06:54,632] {dagbag.py:500} INFO - Filling up the DagBag from /home/airflow/.local/lib/python3.6/site-packages/airflow/example_dags/example_trigger_target_dag.py
[2021-10-16 01:06:54,670] {processor.py:632} INFO - DAG(s) dict_keys(['example_trigger_target_dag']) retrieved from /home/airflow/.local/lib/python3.6/site-packages/airflow/example_dags/example_trigger_target_dag.py
[2021-10-16 01:06:54,686] {logging_mixin.py:109} INFO - [2021-10-16 01:06:54,686] {dag.py:2389} INFO - Sync 1 DAGs
[2021-10-16 01:06:54,705] {logging_mixin.py:109} INFO - [2021-10-16 01:06:54,704] {dag.py:2914} INFO - Setting next_dagrun for example_trigger_target_dag to None
[2021-10-16 01:06:54,718] {processor.py:171} INFO - Processing /home/airflow/.local/lib/python3.6/site-packages/airflow/example_dags/example_trigger_target_dag.py took 0.101 seconds
[2021-10-16 01:07:24,803] {processor.py:163} INFO - Started process (PID=1577) to work on /home/airflow/.local/lib/python3.6/site-packages/airflow/example_dags/example_trigger_target_dag.py
[2021-10-16 01:07:24,806] {processor.py:620} INFO - Processing file /home/airflow/.local/lib/python3.6/site-packages/airflow/example_dags/example_trigger_target_dag.py for tasks to queue
[2021-10-16 01:07:24,808] {logging_mixin.py:109} INFO - [2021-10-16 01:07:24,808] {dagbag.py:500} INFO - Filling up the DagBag from /home/airflow/.local/lib/python3.6/site-packages/airflow/example_dags/example_trigger_target_dag.py
[2021-10-16 01:07:24,854] {processor.py:632} INFO - DAG(s) dict_keys(['example_trigger_target_dag']) retrieved from /home/airflow/.local/lib/python3.6/site-packages/airflow/example_dags/example_trigger_target_dag.py
[2021-10-16 01:07:24,868] {logging_mixin.py:109} INFO - [2021-10-16 01:07:24,868] {dag.py:2389} INFO - Sync 1 DAGs
[2021-10-16 01:07:24,887] {logging_mixin.py:109} INFO - [2021-10-16 01:07:24,887] {dag.py:2914} INFO - Setting next_dagrun for example_trigger_target_dag to None
[2021-10-16 01:07:24,896] {processor.py:171} INFO - Processing /home/airflow/.local/lib/python3.6/site-packages/airflow/example_dags/example_trigger_target_dag.py took 0.099 seconds
[2021-10-16 01:07:55,221] {processor.py:163} INFO - Started process (PID=1632) to work on /home/airflow/.local/lib/python3.6/site-packages/airflow/example_dags/example_trigger_target_dag.py
[2021-10-16 01:07:55,224] {processor.py:620} INFO - Processing file /home/airflow/.local/lib/python3.6/site-packages/airflow/example_dags/example_trigger_target_dag.py for tasks to queue
[2021-10-16 01:07:55,225] {logging_mixin.py:109} INFO - [2021-10-16 01:07:55,225] {dagbag.py:500} INFO - Filling up the DagBag from /home/airflow/.local/lib/python3.6/site-packages/airflow/example_dags/example_trigger_target_dag.py
[2021-10-16 01:07:55,258] {processor.py:632} INFO - DAG(s) dict_keys(['example_trigger_target_dag']) retrieved from /home/airflow/.local/lib/python3.6/site-packages/airflow/example_dags/example_trigger_target_dag.py
[2021-10-16 01:07:55,273] {logging_mixin.py:109} INFO - [2021-10-16 01:07:55,273] {dag.py:2389} INFO - Sync 1 DAGs
[2021-10-16 01:07:55,293] {logging_mixin.py:109} INFO - [2021-10-16 01:07:55,292] {dag.py:2914} INFO - Setting next_dagrun for example_trigger_target_dag to None
[2021-10-16 01:07:55,303] {processor.py:171} INFO - Processing /home/airflow/.local/lib/python3.6/site-packages/airflow/example_dags/example_trigger_target_dag.py took 0.086 seconds
[2021-10-16 01:08:26,162] {processor.py:163} INFO - Started process (PID=1699) to work on /home/airflow/.local/lib/python3.6/site-packages/airflow/example_dags/example_trigger_target_dag.py
[2021-10-16 01:08:26,165] {processor.py:620} INFO - Processing file /home/airflow/.local/lib/python3.6/site-packages/airflow/example_dags/example_trigger_target_dag.py for tasks to queue
[2021-10-16 01:08:26,170] {logging_mixin.py:109} INFO - [2021-10-16 01:08:26,168] {dagbag.py:500} INFO - Filling up the DagBag from /home/airflow/.local/lib/python3.6/site-packages/airflow/example_dags/example_trigger_target_dag.py
[2021-10-16 01:08:26,266] {processor.py:632} INFO - DAG(s) dict_keys(['example_trigger_target_dag']) retrieved from /home/airflow/.local/lib/python3.6/site-packages/airflow/example_dags/example_trigger_target_dag.py
[2021-10-16 01:08:26,299] {logging_mixin.py:109} INFO - [2021-10-16 01:08:26,299] {dag.py:2389} INFO - Sync 1 DAGs
[2021-10-16 01:08:26,338] {logging_mixin.py:109} INFO - [2021-10-16 01:08:26,337] {dag.py:2914} INFO - Setting next_dagrun for example_trigger_target_dag to None
[2021-10-16 01:08:26,362] {processor.py:171} INFO - Processing /home/airflow/.local/lib/python3.6/site-packages/airflow/example_dags/example_trigger_target_dag.py took 0.213 seconds
[2021-10-16 01:08:56,665] {processor.py:163} INFO - Started process (PID=1752) to work on /home/airflow/.local/lib/python3.6/site-packages/airflow/example_dags/example_trigger_target_dag.py
[2021-10-16 01:08:56,668] {processor.py:620} INFO - Processing file /home/airflow/.local/lib/python3.6/site-packages/airflow/example_dags/example_trigger_target_dag.py for tasks to queue
[2021-10-16 01:08:56,670] {logging_mixin.py:109} INFO - [2021-10-16 01:08:56,670] {dagbag.py:500} INFO - Filling up the DagBag from /home/airflow/.local/lib/python3.6/site-packages/airflow/example_dags/example_trigger_target_dag.py
[2021-10-16 01:08:56,723] {processor.py:632} INFO - DAG(s) dict_keys(['example_trigger_target_dag']) retrieved from /home/airflow/.local/lib/python3.6/site-packages/airflow/example_dags/example_trigger_target_dag.py
[2021-10-16 01:08:56,747] {logging_mixin.py:109} INFO - [2021-10-16 01:08:56,747] {dag.py:2389} INFO - Sync 1 DAGs
[2021-10-16 01:08:56,765] {logging_mixin.py:109} INFO - [2021-10-16 01:08:56,765] {dag.py:2914} INFO - Setting next_dagrun for example_trigger_target_dag to None
[2021-10-16 01:08:56,775] {processor.py:171} INFO - Processing /home/airflow/.local/lib/python3.6/site-packages/airflow/example_dags/example_trigger_target_dag.py took 0.117 seconds
[2021-10-16 01:09:28,009] {processor.py:163} INFO - Started process (PID=1822) to work on /home/airflow/.local/lib/python3.6/site-packages/airflow/example_dags/example_trigger_target_dag.py
[2021-10-16 01:09:28,011] {processor.py:620} INFO - Processing file /home/airflow/.local/lib/python3.6/site-packages/airflow/example_dags/example_trigger_target_dag.py for tasks to queue
[2021-10-16 01:09:28,013] {logging_mixin.py:109} INFO - [2021-10-16 01:09:28,013] {dagbag.py:500} INFO - Filling up the DagBag from /home/airflow/.local/lib/python3.6/site-packages/airflow/example_dags/example_trigger_target_dag.py
[2021-10-16 01:09:28,094] {processor.py:632} INFO - DAG(s) dict_keys(['example_trigger_target_dag']) retrieved from /home/airflow/.local/lib/python3.6/site-packages/airflow/example_dags/example_trigger_target_dag.py
[2021-10-16 01:09:28,129] {logging_mixin.py:109} INFO - [2021-10-16 01:09:28,129] {dag.py:2389} INFO - Sync 1 DAGs
[2021-10-16 01:09:28,173] {logging_mixin.py:109} INFO - [2021-10-16 01:09:28,173] {dag.py:2914} INFO - Setting next_dagrun for example_trigger_target_dag to None
[2021-10-16 01:09:28,202] {processor.py:171} INFO - Processing /home/airflow/.local/lib/python3.6/site-packages/airflow/example_dags/example_trigger_target_dag.py took 0.198 seconds
[2021-10-16 01:09:59,294] {processor.py:163} INFO - Started process (PID=1875) to work on /home/airflow/.local/lib/python3.6/site-packages/airflow/example_dags/example_trigger_target_dag.py
[2021-10-16 01:09:59,298] {processor.py:620} INFO - Processing file /home/airflow/.local/lib/python3.6/site-packages/airflow/example_dags/example_trigger_target_dag.py for tasks to queue
[2021-10-16 01:09:59,300] {logging_mixin.py:109} INFO - [2021-10-16 01:09:59,300] {dagbag.py:500} INFO - Filling up the DagBag from /home/airflow/.local/lib/python3.6/site-packages/airflow/example_dags/example_trigger_target_dag.py
[2021-10-16 01:09:59,369] {processor.py:632} INFO - DAG(s) dict_keys(['example_trigger_target_dag']) retrieved from /home/airflow/.local/lib/python3.6/site-packages/airflow/example_dags/example_trigger_target_dag.py
[2021-10-16 01:09:59,392] {logging_mixin.py:109} INFO - [2021-10-16 01:09:59,389] {dag.py:2389} INFO - Sync 1 DAGs
[2021-10-16 01:09:59,443] {logging_mixin.py:109} INFO - [2021-10-16 01:09:59,443] {dag.py:2914} INFO - Setting next_dagrun for example_trigger_target_dag to None
[2021-10-16 01:09:59,475] {processor.py:171} INFO - Processing /home/airflow/.local/lib/python3.6/site-packages/airflow/example_dags/example_trigger_target_dag.py took 0.186 seconds
[2021-10-16 01:10:31,113] {processor.py:163} INFO - Started process (PID=1941) to work on /home/airflow/.local/lib/python3.6/site-packages/airflow/example_dags/example_trigger_target_dag.py
[2021-10-16 01:10:31,121] {processor.py:620} INFO - Processing file /home/airflow/.local/lib/python3.6/site-packages/airflow/example_dags/example_trigger_target_dag.py for tasks to queue
[2021-10-16 01:10:31,125] {logging_mixin.py:109} INFO - [2021-10-16 01:10:31,124] {dagbag.py:500} INFO - Filling up the DagBag from /home/airflow/.local/lib/python3.6/site-packages/airflow/example_dags/example_trigger_target_dag.py
[2021-10-16 01:10:31,222] {processor.py:632} INFO - DAG(s) dict_keys(['example_trigger_target_dag']) retrieved from /home/airflow/.local/lib/python3.6/site-packages/airflow/example_dags/example_trigger_target_dag.py
[2021-10-16 01:10:31,261] {logging_mixin.py:109} INFO - [2021-10-16 01:10:31,260] {dag.py:2389} INFO - Sync 1 DAGs
[2021-10-16 01:10:31,330] {logging_mixin.py:109} INFO - [2021-10-16 01:10:31,330] {dag.py:2914} INFO - Setting next_dagrun for example_trigger_target_dag to None
[2021-10-16 01:10:31,363] {processor.py:171} INFO - Processing /home/airflow/.local/lib/python3.6/site-packages/airflow/example_dags/example_trigger_target_dag.py took 0.259 seconds
[2021-10-16 01:11:03,713] {processor.py:163} INFO - Started process (PID=1997) to work on /home/airflow/.local/lib/python3.6/site-packages/airflow/example_dags/example_trigger_target_dag.py
[2021-10-16 01:11:03,719] {processor.py:620} INFO - Processing file /home/airflow/.local/lib/python3.6/site-packages/airflow/example_dags/example_trigger_target_dag.py for tasks to queue
[2021-10-16 01:11:03,722] {logging_mixin.py:109} INFO - [2021-10-16 01:11:03,722] {dagbag.py:500} INFO - Filling up the DagBag from /home/airflow/.local/lib/python3.6/site-packages/airflow/example_dags/example_trigger_target_dag.py
[2021-10-16 01:11:03,796] {processor.py:632} INFO - DAG(s) dict_keys(['example_trigger_target_dag']) retrieved from /home/airflow/.local/lib/python3.6/site-packages/airflow/example_dags/example_trigger_target_dag.py
[2021-10-16 01:11:03,913] {logging_mixin.py:109} INFO - [2021-10-16 01:11:03,913] {dag.py:2389} INFO - Sync 1 DAGs
[2021-10-16 01:11:04,066] {logging_mixin.py:109} INFO - [2021-10-16 01:11:04,066] {dag.py:2914} INFO - Setting next_dagrun for example_trigger_target_dag to None
[2021-10-16 01:11:04,098] {processor.py:171} INFO - Processing /home/airflow/.local/lib/python3.6/site-packages/airflow/example_dags/example_trigger_target_dag.py took 0.396 seconds
[2021-10-16 01:11:34,468] {processor.py:163} INFO - Started process (PID=2051) to work on /home/airflow/.local/lib/python3.6/site-packages/airflow/example_dags/example_trigger_target_dag.py
[2021-10-16 01:11:34,471] {processor.py:620} INFO - Processing file /home/airflow/.local/lib/python3.6/site-packages/airflow/example_dags/example_trigger_target_dag.py for tasks to queue
[2021-10-16 01:11:34,474] {logging_mixin.py:109} INFO - [2021-10-16 01:11:34,473] {dagbag.py:500} INFO - Filling up the DagBag from /home/airflow/.local/lib/python3.6/site-packages/airflow/example_dags/example_trigger_target_dag.py
[2021-10-16 01:11:34,510] {processor.py:632} INFO - DAG(s) dict_keys(['example_trigger_target_dag']) retrieved from /home/airflow/.local/lib/python3.6/site-packages/airflow/example_dags/example_trigger_target_dag.py
[2021-10-16 01:11:34,528] {logging_mixin.py:109} INFO - [2021-10-16 01:11:34,528] {dag.py:2389} INFO - Sync 1 DAGs
[2021-10-16 01:11:34,553] {logging_mixin.py:109} INFO - [2021-10-16 01:11:34,553] {dag.py:2914} INFO - Setting next_dagrun for example_trigger_target_dag to None
[2021-10-16 01:11:34,572] {processor.py:171} INFO - Processing /home/airflow/.local/lib/python3.6/site-packages/airflow/example_dags/example_trigger_target_dag.py took 0.110 seconds
[2021-10-16 01:12:05,217] {processor.py:163} INFO - Started process (PID=2105) to work on /home/airflow/.local/lib/python3.6/site-packages/airflow/example_dags/example_trigger_target_dag.py
[2021-10-16 01:12:05,219] {processor.py:620} INFO - Processing file /home/airflow/.local/lib/python3.6/site-packages/airflow/example_dags/example_trigger_target_dag.py for tasks to queue
[2021-10-16 01:12:05,225] {logging_mixin.py:109} INFO - [2021-10-16 01:12:05,222] {dagbag.py:500} INFO - Filling up the DagBag from /home/airflow/.local/lib/python3.6/site-packages/airflow/example_dags/example_trigger_target_dag.py
[2021-10-16 01:12:05,396] {processor.py:632} INFO - DAG(s) dict_keys(['example_trigger_target_dag']) retrieved from /home/airflow/.local/lib/python3.6/site-packages/airflow/example_dags/example_trigger_target_dag.py
[2021-10-16 01:12:05,440] {logging_mixin.py:109} INFO - [2021-10-16 01:12:05,440] {dag.py:2389} INFO - Sync 1 DAGs
[2021-10-16 01:12:05,493] {logging_mixin.py:109} INFO - [2021-10-16 01:12:05,493] {dag.py:2914} INFO - Setting next_dagrun for example_trigger_target_dag to None
[2021-10-16 01:12:05,538] {processor.py:171} INFO - Processing /home/airflow/.local/lib/python3.6/site-packages/airflow/example_dags/example_trigger_target_dag.py took 0.333 seconds
[2021-10-16 01:12:35,879] {processor.py:163} INFO - Started process (PID=2172) to work on /home/airflow/.local/lib/python3.6/site-packages/airflow/example_dags/example_trigger_target_dag.py
[2021-10-16 01:12:35,884] {processor.py:620} INFO - Processing file /home/airflow/.local/lib/python3.6/site-packages/airflow/example_dags/example_trigger_target_dag.py for tasks to queue
[2021-10-16 01:12:35,894] {logging_mixin.py:109} INFO - [2021-10-16 01:12:35,893] {dagbag.py:500} INFO - Filling up the DagBag from /home/airflow/.local/lib/python3.6/site-packages/airflow/example_dags/example_trigger_target_dag.py
[2021-10-16 01:12:36,012] {processor.py:632} INFO - DAG(s) dict_keys(['example_trigger_target_dag']) retrieved from /home/airflow/.local/lib/python3.6/site-packages/airflow/example_dags/example_trigger_target_dag.py
[2021-10-16 01:12:36,046] {logging_mixin.py:109} INFO - [2021-10-16 01:12:36,045] {dag.py:2389} INFO - Sync 1 DAGs
[2021-10-16 01:12:36,093] {logging_mixin.py:109} INFO - [2021-10-16 01:12:36,093] {dag.py:2914} INFO - Setting next_dagrun for example_trigger_target_dag to None
[2021-10-16 01:12:36,129] {processor.py:171} INFO - Processing /home/airflow/.local/lib/python3.6/site-packages/airflow/example_dags/example_trigger_target_dag.py took 0.273 seconds
[2021-10-16 01:13:06,452] {processor.py:163} INFO - Started process (PID=2224) to work on /home/airflow/.local/lib/python3.6/site-packages/airflow/example_dags/example_trigger_target_dag.py
[2021-10-16 01:13:06,462] {processor.py:620} INFO - Processing file /home/airflow/.local/lib/python3.6/site-packages/airflow/example_dags/example_trigger_target_dag.py for tasks to queue
[2021-10-16 01:13:06,506] {logging_mixin.py:109} INFO - [2021-10-16 01:13:06,506] {dagbag.py:500} INFO - Filling up the DagBag from /home/airflow/.local/lib/python3.6/site-packages/airflow/example_dags/example_trigger_target_dag.py
[2021-10-16 01:13:06,689] {processor.py:632} INFO - DAG(s) dict_keys(['example_trigger_target_dag']) retrieved from /home/airflow/.local/lib/python3.6/site-packages/airflow/example_dags/example_trigger_target_dag.py
[2021-10-16 01:13:06,718] {logging_mixin.py:109} INFO - [2021-10-16 01:13:06,718] {dag.py:2389} INFO - Sync 1 DAGs
[2021-10-16 01:13:06,801] {logging_mixin.py:109} INFO - [2021-10-16 01:13:06,801] {dag.py:2914} INFO - Setting next_dagrun for example_trigger_target_dag to None
[2021-10-16 01:13:06,846] {processor.py:171} INFO - Processing /home/airflow/.local/lib/python3.6/site-packages/airflow/example_dags/example_trigger_target_dag.py took 0.407 seconds
[2021-10-16 01:13:37,581] {processor.py:163} INFO - Started process (PID=2279) to work on /home/airflow/.local/lib/python3.6/site-packages/airflow/example_dags/example_trigger_target_dag.py
[2021-10-16 01:13:37,583] {processor.py:620} INFO - Processing file /home/airflow/.local/lib/python3.6/site-packages/airflow/example_dags/example_trigger_target_dag.py for tasks to queue
[2021-10-16 01:13:37,584] {logging_mixin.py:109} INFO - [2021-10-16 01:13:37,584] {dagbag.py:500} INFO - Filling up the DagBag from /home/airflow/.local/lib/python3.6/site-packages/airflow/example_dags/example_trigger_target_dag.py
[2021-10-16 01:13:37,616] {processor.py:632} INFO - DAG(s) dict_keys(['example_trigger_target_dag']) retrieved from /home/airflow/.local/lib/python3.6/site-packages/airflow/example_dags/example_trigger_target_dag.py
[2021-10-16 01:13:37,631] {logging_mixin.py:109} INFO - [2021-10-16 01:13:37,631] {dag.py:2389} INFO - Sync 1 DAGs
[2021-10-16 01:13:37,653] {logging_mixin.py:109} INFO - [2021-10-16 01:13:37,652] {dag.py:2914} INFO - Setting next_dagrun for example_trigger_target_dag to None
[2021-10-16 01:13:37,672] {processor.py:171} INFO - Processing /home/airflow/.local/lib/python3.6/site-packages/airflow/example_dags/example_trigger_target_dag.py took 0.095 seconds
[2021-10-16 01:14:09,668] {processor.py:163} INFO - Started process (PID=2335) to work on /home/airflow/.local/lib/python3.6/site-packages/airflow/example_dags/example_trigger_target_dag.py
[2021-10-16 01:14:09,679] {processor.py:620} INFO - Processing file /home/airflow/.local/lib/python3.6/site-packages/airflow/example_dags/example_trigger_target_dag.py for tasks to queue
[2021-10-16 01:14:09,690] {logging_mixin.py:109} INFO - [2021-10-16 01:14:09,688] {dagbag.py:500} INFO - Filling up the DagBag from /home/airflow/.local/lib/python3.6/site-packages/airflow/example_dags/example_trigger_target_dag.py
[2021-10-16 01:14:09,813] {processor.py:632} INFO - DAG(s) dict_keys(['example_trigger_target_dag']) retrieved from /home/airflow/.local/lib/python3.6/site-packages/airflow/example_dags/example_trigger_target_dag.py
[2021-10-16 01:14:09,853] {logging_mixin.py:109} INFO - [2021-10-16 01:14:09,853] {dag.py:2389} INFO - Sync 1 DAGs
[2021-10-16 01:14:09,938] {logging_mixin.py:109} INFO - [2021-10-16 01:14:09,938] {dag.py:2914} INFO - Setting next_dagrun for example_trigger_target_dag to None
[2021-10-16 01:14:10,007] {processor.py:171} INFO - Processing /home/airflow/.local/lib/python3.6/site-packages/airflow/example_dags/example_trigger_target_dag.py took 0.363 seconds
[2021-10-16 01:14:40,610] {processor.py:163} INFO - Started process (PID=2388) to work on /home/airflow/.local/lib/python3.6/site-packages/airflow/example_dags/example_trigger_target_dag.py
[2021-10-16 01:14:40,613] {processor.py:620} INFO - Processing file /home/airflow/.local/lib/python3.6/site-packages/airflow/example_dags/example_trigger_target_dag.py for tasks to queue
[2021-10-16 01:14:40,614] {logging_mixin.py:109} INFO - [2021-10-16 01:14:40,614] {dagbag.py:500} INFO - Filling up the DagBag from /home/airflow/.local/lib/python3.6/site-packages/airflow/example_dags/example_trigger_target_dag.py
[2021-10-16 01:14:40,655] {processor.py:632} INFO - DAG(s) dict_keys(['example_trigger_target_dag']) retrieved from /home/airflow/.local/lib/python3.6/site-packages/airflow/example_dags/example_trigger_target_dag.py
[2021-10-16 01:14:40,668] {logging_mixin.py:109} INFO - [2021-10-16 01:14:40,668] {dag.py:2389} INFO - Sync 1 DAGs
[2021-10-16 01:14:40,689] {logging_mixin.py:109} INFO - [2021-10-16 01:14:40,689] {dag.py:2914} INFO - Setting next_dagrun for example_trigger_target_dag to None
[2021-10-16 01:14:40,700] {processor.py:171} INFO - Processing /home/airflow/.local/lib/python3.6/site-packages/airflow/example_dags/example_trigger_target_dag.py took 0.096 seconds
[2021-10-16 01:15:11,645] {processor.py:163} INFO - Started process (PID=2444) to work on /home/airflow/.local/lib/python3.6/site-packages/airflow/example_dags/example_trigger_target_dag.py
[2021-10-16 01:15:11,649] {processor.py:620} INFO - Processing file /home/airflow/.local/lib/python3.6/site-packages/airflow/example_dags/example_trigger_target_dag.py for tasks to queue
[2021-10-16 01:15:11,665] {logging_mixin.py:109} INFO - [2021-10-16 01:15:11,665] {dagbag.py:500} INFO - Filling up the DagBag from /home/airflow/.local/lib/python3.6/site-packages/airflow/example_dags/example_trigger_target_dag.py
[2021-10-16 01:15:11,882] {processor.py:632} INFO - DAG(s) dict_keys(['example_trigger_target_dag']) retrieved from /home/airflow/.local/lib/python3.6/site-packages/airflow/example_dags/example_trigger_target_dag.py
[2021-10-16 01:15:11,940] {logging_mixin.py:109} INFO - [2021-10-16 01:15:11,940] {dag.py:2389} INFO - Sync 1 DAGs
[2021-10-16 01:15:12,012] {logging_mixin.py:109} INFO - [2021-10-16 01:15:12,012] {dag.py:2914} INFO - Setting next_dagrun for example_trigger_target_dag to None
[2021-10-16 01:15:12,045] {processor.py:171} INFO - Processing /home/airflow/.local/lib/python3.6/site-packages/airflow/example_dags/example_trigger_target_dag.py took 0.413 seconds
