[2021-10-16 00:54:00,713] {processor.py:163} INFO - Started process (PID=82) to work on /home/airflow/.local/lib/python3.6/site-packages/airflow/example_dags/example_task_group.py
[2021-10-16 00:54:00,728] {processor.py:620} INFO - Processing file /home/airflow/.local/lib/python3.6/site-packages/airflow/example_dags/example_task_group.py for tasks to queue
[2021-10-16 00:54:00,741] {logging_mixin.py:109} INFO - [2021-10-16 00:54:00,739] {dagbag.py:500} INFO - Filling up the DagBag from /home/airflow/.local/lib/python3.6/site-packages/airflow/example_dags/example_task_group.py
[2021-10-16 00:54:00,885] {processor.py:632} INFO - DAG(s) dict_keys(['example_task_group']) retrieved from /home/airflow/.local/lib/python3.6/site-packages/airflow/example_dags/example_task_group.py
[2021-10-16 00:54:00,979] {logging_mixin.py:109} INFO - [2021-10-16 00:54:00,978] {dag.py:2389} INFO - Sync 1 DAGs
[2021-10-16 00:54:01,095] {logging_mixin.py:109} INFO - [2021-10-16 00:54:01,095] {dag.py:2914} INFO - Setting next_dagrun for example_task_group to 2021-10-15T00:54:01.094958+00:00
[2021-10-16 00:54:01,176] {processor.py:171} INFO - Processing /home/airflow/.local/lib/python3.6/site-packages/airflow/example_dags/example_task_group.py took 0.474 seconds
[2021-10-16 00:54:31,806] {processor.py:163} INFO - Started process (PID=125) to work on /home/airflow/.local/lib/python3.6/site-packages/airflow/example_dags/example_task_group.py
[2021-10-16 00:54:31,821] {processor.py:620} INFO - Processing file /home/airflow/.local/lib/python3.6/site-packages/airflow/example_dags/example_task_group.py for tasks to queue
[2021-10-16 00:54:31,824] {logging_mixin.py:109} INFO - [2021-10-16 00:54:31,824] {dagbag.py:500} INFO - Filling up the DagBag from /home/airflow/.local/lib/python3.6/site-packages/airflow/example_dags/example_task_group.py
[2021-10-16 00:54:32,019] {processor.py:632} INFO - DAG(s) dict_keys(['example_task_group']) retrieved from /home/airflow/.local/lib/python3.6/site-packages/airflow/example_dags/example_task_group.py
[2021-10-16 00:54:32,059] {logging_mixin.py:109} INFO - [2021-10-16 00:54:32,059] {dag.py:2389} INFO - Sync 1 DAGs
[2021-10-16 00:54:32,117] {logging_mixin.py:109} INFO - [2021-10-16 00:54:32,117] {dag.py:2914} INFO - Setting next_dagrun for example_task_group to 2021-10-15T00:54:32.117020+00:00
[2021-10-16 00:54:32,139] {processor.py:171} INFO - Processing /home/airflow/.local/lib/python3.6/site-packages/airflow/example_dags/example_task_group.py took 0.359 seconds
[2021-10-16 00:55:02,842] {processor.py:163} INFO - Started process (PID=178) to work on /home/airflow/.local/lib/python3.6/site-packages/airflow/example_dags/example_task_group.py
[2021-10-16 00:55:02,848] {processor.py:620} INFO - Processing file /home/airflow/.local/lib/python3.6/site-packages/airflow/example_dags/example_task_group.py for tasks to queue
[2021-10-16 00:55:02,864] {logging_mixin.py:109} INFO - [2021-10-16 00:55:02,864] {dagbag.py:500} INFO - Filling up the DagBag from /home/airflow/.local/lib/python3.6/site-packages/airflow/example_dags/example_task_group.py
[2021-10-16 00:55:02,975] {processor.py:632} INFO - DAG(s) dict_keys(['example_task_group']) retrieved from /home/airflow/.local/lib/python3.6/site-packages/airflow/example_dags/example_task_group.py
[2021-10-16 00:55:03,005] {logging_mixin.py:109} INFO - [2021-10-16 00:55:03,004] {dag.py:2389} INFO - Sync 1 DAGs
[2021-10-16 00:55:03,058] {logging_mixin.py:109} INFO - [2021-10-16 00:55:03,058] {dag.py:2914} INFO - Setting next_dagrun for example_task_group to 2021-10-15T00:55:03.058412+00:00
[2021-10-16 00:55:03,090] {processor.py:171} INFO - Processing /home/airflow/.local/lib/python3.6/site-packages/airflow/example_dags/example_task_group.py took 0.279 seconds
[2021-10-16 00:55:33,660] {processor.py:163} INFO - Started process (PID=243) to work on /home/airflow/.local/lib/python3.6/site-packages/airflow/example_dags/example_task_group.py
[2021-10-16 00:55:33,665] {processor.py:620} INFO - Processing file /home/airflow/.local/lib/python3.6/site-packages/airflow/example_dags/example_task_group.py for tasks to queue
[2021-10-16 00:55:33,670] {logging_mixin.py:109} INFO - [2021-10-16 00:55:33,669] {dagbag.py:500} INFO - Filling up the DagBag from /home/airflow/.local/lib/python3.6/site-packages/airflow/example_dags/example_task_group.py
[2021-10-16 00:55:33,755] {processor.py:632} INFO - DAG(s) dict_keys(['example_task_group']) retrieved from /home/airflow/.local/lib/python3.6/site-packages/airflow/example_dags/example_task_group.py
[2021-10-16 00:55:33,788] {logging_mixin.py:109} INFO - [2021-10-16 00:55:33,788] {dag.py:2389} INFO - Sync 1 DAGs
[2021-10-16 00:55:33,818] {logging_mixin.py:109} INFO - [2021-10-16 00:55:33,818] {dag.py:2914} INFO - Setting next_dagrun for example_task_group to 2021-10-15T00:55:33.818252+00:00
[2021-10-16 00:55:33,828] {processor.py:171} INFO - Processing /home/airflow/.local/lib/python3.6/site-packages/airflow/example_dags/example_task_group.py took 0.185 seconds
[2021-10-16 00:56:04,342] {processor.py:163} INFO - Started process (PID=299) to work on /home/airflow/.local/lib/python3.6/site-packages/airflow/example_dags/example_task_group.py
[2021-10-16 00:56:04,348] {processor.py:620} INFO - Processing file /home/airflow/.local/lib/python3.6/site-packages/airflow/example_dags/example_task_group.py for tasks to queue
[2021-10-16 00:56:04,363] {logging_mixin.py:109} INFO - [2021-10-16 00:56:04,356] {dagbag.py:500} INFO - Filling up the DagBag from /home/airflow/.local/lib/python3.6/site-packages/airflow/example_dags/example_task_group.py
[2021-10-16 00:56:04,564] {processor.py:632} INFO - DAG(s) dict_keys(['example_task_group']) retrieved from /home/airflow/.local/lib/python3.6/site-packages/airflow/example_dags/example_task_group.py
[2021-10-16 00:56:04,654] {logging_mixin.py:109} INFO - [2021-10-16 00:56:04,653] {dag.py:2389} INFO - Sync 1 DAGs
[2021-10-16 00:56:04,764] {logging_mixin.py:109} INFO - [2021-10-16 00:56:04,764] {dag.py:2914} INFO - Setting next_dagrun for example_task_group to 2021-10-15T00:56:04.763623+00:00
[2021-10-16 00:56:04,791] {processor.py:171} INFO - Processing /home/airflow/.local/lib/python3.6/site-packages/airflow/example_dags/example_task_group.py took 0.472 seconds
[2021-10-16 00:56:35,098] {processor.py:163} INFO - Started process (PID=353) to work on /home/airflow/.local/lib/python3.6/site-packages/airflow/example_dags/example_task_group.py
[2021-10-16 00:56:35,113] {processor.py:620} INFO - Processing file /home/airflow/.local/lib/python3.6/site-packages/airflow/example_dags/example_task_group.py for tasks to queue
[2021-10-16 00:56:35,118] {logging_mixin.py:109} INFO - [2021-10-16 00:56:35,117] {dagbag.py:500} INFO - Filling up the DagBag from /home/airflow/.local/lib/python3.6/site-packages/airflow/example_dags/example_task_group.py
[2021-10-16 00:56:35,173] {processor.py:632} INFO - DAG(s) dict_keys(['example_task_group']) retrieved from /home/airflow/.local/lib/python3.6/site-packages/airflow/example_dags/example_task_group.py
[2021-10-16 00:56:35,205] {logging_mixin.py:109} INFO - [2021-10-16 00:56:35,205] {dag.py:2389} INFO - Sync 1 DAGs
[2021-10-16 00:56:35,238] {logging_mixin.py:109} INFO - [2021-10-16 00:56:35,238] {dag.py:2914} INFO - Setting next_dagrun for example_task_group to 2021-10-15T00:56:35.238061+00:00
[2021-10-16 00:56:35,255] {processor.py:171} INFO - Processing /home/airflow/.local/lib/python3.6/site-packages/airflow/example_dags/example_task_group.py took 0.163 seconds
[2021-10-16 00:57:05,492] {processor.py:163} INFO - Started process (PID=408) to work on /home/airflow/.local/lib/python3.6/site-packages/airflow/example_dags/example_task_group.py
[2021-10-16 00:57:05,494] {processor.py:620} INFO - Processing file /home/airflow/.local/lib/python3.6/site-packages/airflow/example_dags/example_task_group.py for tasks to queue
[2021-10-16 00:57:05,496] {logging_mixin.py:109} INFO - [2021-10-16 00:57:05,496] {dagbag.py:500} INFO - Filling up the DagBag from /home/airflow/.local/lib/python3.6/site-packages/airflow/example_dags/example_task_group.py
[2021-10-16 00:57:05,534] {processor.py:632} INFO - DAG(s) dict_keys(['example_task_group']) retrieved from /home/airflow/.local/lib/python3.6/site-packages/airflow/example_dags/example_task_group.py
[2021-10-16 00:57:05,561] {logging_mixin.py:109} INFO - [2021-10-16 00:57:05,560] {dag.py:2389} INFO - Sync 1 DAGs
[2021-10-16 00:57:05,596] {logging_mixin.py:109} INFO - [2021-10-16 00:57:05,596] {dag.py:2914} INFO - Setting next_dagrun for example_task_group to 2021-10-15T00:57:05.595917+00:00
[2021-10-16 00:57:05,609] {processor.py:171} INFO - Processing /home/airflow/.local/lib/python3.6/site-packages/airflow/example_dags/example_task_group.py took 0.121 seconds
[2021-10-16 00:57:35,767] {processor.py:163} INFO - Started process (PID=475) to work on /home/airflow/.local/lib/python3.6/site-packages/airflow/example_dags/example_task_group.py
[2021-10-16 00:57:35,775] {processor.py:620} INFO - Processing file /home/airflow/.local/lib/python3.6/site-packages/airflow/example_dags/example_task_group.py for tasks to queue
[2021-10-16 00:57:35,788] {logging_mixin.py:109} INFO - [2021-10-16 00:57:35,786] {dagbag.py:500} INFO - Filling up the DagBag from /home/airflow/.local/lib/python3.6/site-packages/airflow/example_dags/example_task_group.py
[2021-10-16 00:57:35,995] {processor.py:632} INFO - DAG(s) dict_keys(['example_task_group']) retrieved from /home/airflow/.local/lib/python3.6/site-packages/airflow/example_dags/example_task_group.py
[2021-10-16 00:57:36,061] {logging_mixin.py:109} INFO - [2021-10-16 00:57:36,061] {dag.py:2389} INFO - Sync 1 DAGs
[2021-10-16 00:57:36,170] {logging_mixin.py:109} INFO - [2021-10-16 00:57:36,170] {dag.py:2914} INFO - Setting next_dagrun for example_task_group to 2021-10-15T00:57:36.169645+00:00
[2021-10-16 00:57:36,282] {processor.py:171} INFO - Processing /home/airflow/.local/lib/python3.6/site-packages/airflow/example_dags/example_task_group.py took 0.542 seconds
[2021-10-16 00:58:06,635] {processor.py:163} INFO - Started process (PID=527) to work on /home/airflow/.local/lib/python3.6/site-packages/airflow/example_dags/example_task_group.py
[2021-10-16 00:58:06,644] {processor.py:620} INFO - Processing file /home/airflow/.local/lib/python3.6/site-packages/airflow/example_dags/example_task_group.py for tasks to queue
[2021-10-16 00:58:06,649] {logging_mixin.py:109} INFO - [2021-10-16 00:58:06,648] {dagbag.py:500} INFO - Filling up the DagBag from /home/airflow/.local/lib/python3.6/site-packages/airflow/example_dags/example_task_group.py
[2021-10-16 00:58:06,786] {processor.py:632} INFO - DAG(s) dict_keys(['example_task_group']) retrieved from /home/airflow/.local/lib/python3.6/site-packages/airflow/example_dags/example_task_group.py
[2021-10-16 00:58:06,813] {logging_mixin.py:109} INFO - [2021-10-16 00:58:06,813] {dag.py:2389} INFO - Sync 1 DAGs
[2021-10-16 00:58:06,848] {logging_mixin.py:109} INFO - [2021-10-16 00:58:06,848] {dag.py:2914} INFO - Setting next_dagrun for example_task_group to 2021-10-15T00:58:06.848449+00:00
[2021-10-16 00:58:06,866] {processor.py:171} INFO - Processing /home/airflow/.local/lib/python3.6/site-packages/airflow/example_dags/example_task_group.py took 0.251 seconds
[2021-10-16 00:58:38,052] {processor.py:163} INFO - Started process (PID=581) to work on /home/airflow/.local/lib/python3.6/site-packages/airflow/example_dags/example_task_group.py
[2021-10-16 00:58:38,067] {processor.py:620} INFO - Processing file /home/airflow/.local/lib/python3.6/site-packages/airflow/example_dags/example_task_group.py for tasks to queue
[2021-10-16 00:58:38,073] {logging_mixin.py:109} INFO - [2021-10-16 00:58:38,073] {dagbag.py:500} INFO - Filling up the DagBag from /home/airflow/.local/lib/python3.6/site-packages/airflow/example_dags/example_task_group.py
[2021-10-16 00:58:38,141] {processor.py:632} INFO - DAG(s) dict_keys(['example_task_group']) retrieved from /home/airflow/.local/lib/python3.6/site-packages/airflow/example_dags/example_task_group.py
[2021-10-16 00:58:38,167] {logging_mixin.py:109} INFO - [2021-10-16 00:58:38,167] {dag.py:2389} INFO - Sync 1 DAGs
[2021-10-16 00:58:38,199] {logging_mixin.py:109} INFO - [2021-10-16 00:58:38,199] {dag.py:2914} INFO - Setting next_dagrun for example_task_group to 2021-10-15T00:58:38.199497+00:00
[2021-10-16 00:58:38,222] {processor.py:171} INFO - Processing /home/airflow/.local/lib/python3.6/site-packages/airflow/example_dags/example_task_group.py took 0.194 seconds
[2021-10-16 00:59:08,340] {processor.py:163} INFO - Started process (PID=635) to work on /home/airflow/.local/lib/python3.6/site-packages/airflow/example_dags/example_task_group.py
[2021-10-16 00:59:08,343] {processor.py:620} INFO - Processing file /home/airflow/.local/lib/python3.6/site-packages/airflow/example_dags/example_task_group.py for tasks to queue
[2021-10-16 00:59:08,345] {logging_mixin.py:109} INFO - [2021-10-16 00:59:08,345] {dagbag.py:500} INFO - Filling up the DagBag from /home/airflow/.local/lib/python3.6/site-packages/airflow/example_dags/example_task_group.py
[2021-10-16 00:59:08,396] {processor.py:632} INFO - DAG(s) dict_keys(['example_task_group']) retrieved from /home/airflow/.local/lib/python3.6/site-packages/airflow/example_dags/example_task_group.py
[2021-10-16 00:59:08,410] {logging_mixin.py:109} INFO - [2021-10-16 00:59:08,410] {dag.py:2389} INFO - Sync 1 DAGs
[2021-10-16 00:59:08,430] {logging_mixin.py:109} INFO - [2021-10-16 00:59:08,430] {dag.py:2914} INFO - Setting next_dagrun for example_task_group to 2021-10-15T00:59:08.430130+00:00
[2021-10-16 00:59:08,442] {processor.py:171} INFO - Processing /home/airflow/.local/lib/python3.6/site-packages/airflow/example_dags/example_task_group.py took 0.110 seconds
[2021-10-16 00:59:39,348] {processor.py:163} INFO - Started process (PID=705) to work on /home/airflow/.local/lib/python3.6/site-packages/airflow/example_dags/example_task_group.py
[2021-10-16 00:59:39,354] {processor.py:620} INFO - Processing file /home/airflow/.local/lib/python3.6/site-packages/airflow/example_dags/example_task_group.py for tasks to queue
[2021-10-16 00:59:39,358] {logging_mixin.py:109} INFO - [2021-10-16 00:59:39,358] {dagbag.py:500} INFO - Filling up the DagBag from /home/airflow/.local/lib/python3.6/site-packages/airflow/example_dags/example_task_group.py
[2021-10-16 00:59:39,493] {processor.py:632} INFO - DAG(s) dict_keys(['example_task_group']) retrieved from /home/airflow/.local/lib/python3.6/site-packages/airflow/example_dags/example_task_group.py
[2021-10-16 00:59:39,527] {logging_mixin.py:109} INFO - [2021-10-16 00:59:39,526] {dag.py:2389} INFO - Sync 1 DAGs
[2021-10-16 00:59:39,548] {logging_mixin.py:109} INFO - [2021-10-16 00:59:39,548] {dag.py:2914} INFO - Setting next_dagrun for example_task_group to 2021-10-15T00:59:39.547880+00:00
[2021-10-16 00:59:39,565] {processor.py:171} INFO - Processing /home/airflow/.local/lib/python3.6/site-packages/airflow/example_dags/example_task_group.py took 0.238 seconds
[2021-10-16 01:00:10,127] {processor.py:163} INFO - Started process (PID=759) to work on /home/airflow/.local/lib/python3.6/site-packages/airflow/example_dags/example_task_group.py
[2021-10-16 01:00:10,136] {processor.py:620} INFO - Processing file /home/airflow/.local/lib/python3.6/site-packages/airflow/example_dags/example_task_group.py for tasks to queue
[2021-10-16 01:00:10,137] {logging_mixin.py:109} INFO - [2021-10-16 01:00:10,137] {dagbag.py:500} INFO - Filling up the DagBag from /home/airflow/.local/lib/python3.6/site-packages/airflow/example_dags/example_task_group.py
[2021-10-16 01:00:10,212] {processor.py:632} INFO - DAG(s) dict_keys(['example_task_group']) retrieved from /home/airflow/.local/lib/python3.6/site-packages/airflow/example_dags/example_task_group.py
[2021-10-16 01:00:10,237] {logging_mixin.py:109} INFO - [2021-10-16 01:00:10,237] {dag.py:2389} INFO - Sync 1 DAGs
[2021-10-16 01:00:10,275] {logging_mixin.py:109} INFO - [2021-10-16 01:00:10,274] {dag.py:2914} INFO - Setting next_dagrun for example_task_group to 2021-10-15T01:00:10.274621+00:00
[2021-10-16 01:00:10,294] {processor.py:171} INFO - Processing /home/airflow/.local/lib/python3.6/site-packages/airflow/example_dags/example_task_group.py took 0.172 seconds
[2021-10-16 01:00:40,780] {processor.py:163} INFO - Started process (PID=814) to work on /home/airflow/.local/lib/python3.6/site-packages/airflow/example_dags/example_task_group.py
[2021-10-16 01:00:40,783] {processor.py:620} INFO - Processing file /home/airflow/.local/lib/python3.6/site-packages/airflow/example_dags/example_task_group.py for tasks to queue
[2021-10-16 01:00:40,784] {logging_mixin.py:109} INFO - [2021-10-16 01:00:40,784] {dagbag.py:500} INFO - Filling up the DagBag from /home/airflow/.local/lib/python3.6/site-packages/airflow/example_dags/example_task_group.py
[2021-10-16 01:00:40,842] {processor.py:632} INFO - DAG(s) dict_keys(['example_task_group']) retrieved from /home/airflow/.local/lib/python3.6/site-packages/airflow/example_dags/example_task_group.py
[2021-10-16 01:00:40,868] {logging_mixin.py:109} INFO - [2021-10-16 01:00:40,868] {dag.py:2389} INFO - Sync 1 DAGs
[2021-10-16 01:00:40,902] {logging_mixin.py:109} INFO - [2021-10-16 01:00:40,902] {dag.py:2914} INFO - Setting next_dagrun for example_task_group to 2021-10-15T01:00:40.902399+00:00
[2021-10-16 01:00:40,920] {processor.py:171} INFO - Processing /home/airflow/.local/lib/python3.6/site-packages/airflow/example_dags/example_task_group.py took 0.146 seconds
[2021-10-16 01:01:11,154] {processor.py:163} INFO - Started process (PID=870) to work on /home/airflow/.local/lib/python3.6/site-packages/airflow/example_dags/example_task_group.py
[2021-10-16 01:01:11,163] {processor.py:620} INFO - Processing file /home/airflow/.local/lib/python3.6/site-packages/airflow/example_dags/example_task_group.py for tasks to queue
[2021-10-16 01:01:11,166] {logging_mixin.py:109} INFO - [2021-10-16 01:01:11,165] {dagbag.py:500} INFO - Filling up the DagBag from /home/airflow/.local/lib/python3.6/site-packages/airflow/example_dags/example_task_group.py
[2021-10-16 01:01:11,225] {processor.py:632} INFO - DAG(s) dict_keys(['example_task_group']) retrieved from /home/airflow/.local/lib/python3.6/site-packages/airflow/example_dags/example_task_group.py
[2021-10-16 01:01:11,245] {logging_mixin.py:109} INFO - [2021-10-16 01:01:11,245] {dag.py:2389} INFO - Sync 1 DAGs
[2021-10-16 01:01:11,285] {logging_mixin.py:109} INFO - [2021-10-16 01:01:11,284] {dag.py:2914} INFO - Setting next_dagrun for example_task_group to 2021-10-15T01:01:11.284092+00:00
[2021-10-16 01:01:11,305] {processor.py:171} INFO - Processing /home/airflow/.local/lib/python3.6/site-packages/airflow/example_dags/example_task_group.py took 0.154 seconds
[2021-10-16 01:01:42,690] {processor.py:163} INFO - Started process (PID=936) to work on /home/airflow/.local/lib/python3.6/site-packages/airflow/example_dags/example_task_group.py
[2021-10-16 01:01:42,695] {processor.py:620} INFO - Processing file /home/airflow/.local/lib/python3.6/site-packages/airflow/example_dags/example_task_group.py for tasks to queue
[2021-10-16 01:01:42,699] {logging_mixin.py:109} INFO - [2021-10-16 01:01:42,699] {dagbag.py:500} INFO - Filling up the DagBag from /home/airflow/.local/lib/python3.6/site-packages/airflow/example_dags/example_task_group.py
[2021-10-16 01:01:42,784] {processor.py:632} INFO - DAG(s) dict_keys(['example_task_group']) retrieved from /home/airflow/.local/lib/python3.6/site-packages/airflow/example_dags/example_task_group.py
[2021-10-16 01:01:42,861] {logging_mixin.py:109} INFO - [2021-10-16 01:01:42,861] {dag.py:2389} INFO - Sync 1 DAGs
[2021-10-16 01:01:42,913] {logging_mixin.py:109} INFO - [2021-10-16 01:01:42,913] {dag.py:2914} INFO - Setting next_dagrun for example_task_group to 2021-10-15T01:01:42.913149+00:00
[2021-10-16 01:01:42,929] {processor.py:171} INFO - Processing /home/airflow/.local/lib/python3.6/site-packages/airflow/example_dags/example_task_group.py took 0.246 seconds
[2021-10-16 01:02:13,073] {processor.py:163} INFO - Started process (PID=992) to work on /home/airflow/.local/lib/python3.6/site-packages/airflow/example_dags/example_task_group.py
[2021-10-16 01:02:13,075] {processor.py:620} INFO - Processing file /home/airflow/.local/lib/python3.6/site-packages/airflow/example_dags/example_task_group.py for tasks to queue
[2021-10-16 01:02:13,077] {logging_mixin.py:109} INFO - [2021-10-16 01:02:13,077] {dagbag.py:500} INFO - Filling up the DagBag from /home/airflow/.local/lib/python3.6/site-packages/airflow/example_dags/example_task_group.py
[2021-10-16 01:02:13,117] {processor.py:632} INFO - DAG(s) dict_keys(['example_task_group']) retrieved from /home/airflow/.local/lib/python3.6/site-packages/airflow/example_dags/example_task_group.py
[2021-10-16 01:02:13,135] {logging_mixin.py:109} INFO - [2021-10-16 01:02:13,135] {dag.py:2389} INFO - Sync 1 DAGs
[2021-10-16 01:02:13,158] {logging_mixin.py:109} INFO - [2021-10-16 01:02:13,158] {dag.py:2914} INFO - Setting next_dagrun for example_task_group to 2021-10-15T01:02:13.157926+00:00
[2021-10-16 01:02:13,172] {processor.py:171} INFO - Processing /home/airflow/.local/lib/python3.6/site-packages/airflow/example_dags/example_task_group.py took 0.103 seconds
[2021-10-16 01:02:44,513] {processor.py:163} INFO - Started process (PID=1061) to work on /home/airflow/.local/lib/python3.6/site-packages/airflow/example_dags/example_task_group.py
[2021-10-16 01:02:44,519] {processor.py:620} INFO - Processing file /home/airflow/.local/lib/python3.6/site-packages/airflow/example_dags/example_task_group.py for tasks to queue
[2021-10-16 01:02:44,523] {logging_mixin.py:109} INFO - [2021-10-16 01:02:44,523] {dagbag.py:500} INFO - Filling up the DagBag from /home/airflow/.local/lib/python3.6/site-packages/airflow/example_dags/example_task_group.py
[2021-10-16 01:02:44,626] {processor.py:632} INFO - DAG(s) dict_keys(['example_task_group']) retrieved from /home/airflow/.local/lib/python3.6/site-packages/airflow/example_dags/example_task_group.py
[2021-10-16 01:02:44,681] {logging_mixin.py:109} INFO - [2021-10-16 01:02:44,680] {dag.py:2389} INFO - Sync 1 DAGs
[2021-10-16 01:02:44,728] {logging_mixin.py:109} INFO - [2021-10-16 01:02:44,728] {dag.py:2914} INFO - Setting next_dagrun for example_task_group to 2021-10-15T01:02:44.728337+00:00
[2021-10-16 01:02:44,774] {processor.py:171} INFO - Processing /home/airflow/.local/lib/python3.6/site-packages/airflow/example_dags/example_task_group.py took 0.274 seconds
[2021-10-16 01:03:14,848] {processor.py:163} INFO - Started process (PID=1113) to work on /home/airflow/.local/lib/python3.6/site-packages/airflow/example_dags/example_task_group.py
[2021-10-16 01:03:14,850] {processor.py:620} INFO - Processing file /home/airflow/.local/lib/python3.6/site-packages/airflow/example_dags/example_task_group.py for tasks to queue
[2021-10-16 01:03:14,852] {logging_mixin.py:109} INFO - [2021-10-16 01:03:14,852] {dagbag.py:500} INFO - Filling up the DagBag from /home/airflow/.local/lib/python3.6/site-packages/airflow/example_dags/example_task_group.py
[2021-10-16 01:03:14,891] {processor.py:632} INFO - DAG(s) dict_keys(['example_task_group']) retrieved from /home/airflow/.local/lib/python3.6/site-packages/airflow/example_dags/example_task_group.py
[2021-10-16 01:03:14,903] {logging_mixin.py:109} INFO - [2021-10-16 01:03:14,903] {dag.py:2389} INFO - Sync 1 DAGs
[2021-10-16 01:03:14,919] {logging_mixin.py:109} INFO - [2021-10-16 01:03:14,919] {dag.py:2914} INFO - Setting next_dagrun for example_task_group to 2021-10-15T01:03:14.918822+00:00
[2021-10-16 01:03:14,930] {processor.py:171} INFO - Processing /home/airflow/.local/lib/python3.6/site-packages/airflow/example_dags/example_task_group.py took 0.087 seconds
[2021-10-16 01:03:45,326] {processor.py:163} INFO - Started process (PID=1167) to work on /home/airflow/.local/lib/python3.6/site-packages/airflow/example_dags/example_task_group.py
[2021-10-16 01:03:45,335] {processor.py:620} INFO - Processing file /home/airflow/.local/lib/python3.6/site-packages/airflow/example_dags/example_task_group.py for tasks to queue
[2021-10-16 01:03:45,336] {logging_mixin.py:109} INFO - [2021-10-16 01:03:45,336] {dagbag.py:500} INFO - Filling up the DagBag from /home/airflow/.local/lib/python3.6/site-packages/airflow/example_dags/example_task_group.py
[2021-10-16 01:03:45,383] {processor.py:632} INFO - DAG(s) dict_keys(['example_task_group']) retrieved from /home/airflow/.local/lib/python3.6/site-packages/airflow/example_dags/example_task_group.py
[2021-10-16 01:03:45,406] {logging_mixin.py:109} INFO - [2021-10-16 01:03:45,406] {dag.py:2389} INFO - Sync 1 DAGs
[2021-10-16 01:03:45,423] {logging_mixin.py:109} INFO - [2021-10-16 01:03:45,423] {dag.py:2914} INFO - Setting next_dagrun for example_task_group to 2021-10-15T01:03:45.423357+00:00
[2021-10-16 01:03:45,434] {processor.py:171} INFO - Processing /home/airflow/.local/lib/python3.6/site-packages/airflow/example_dags/example_task_group.py took 0.114 seconds
[2021-10-16 01:04:16,007] {processor.py:163} INFO - Started process (PID=1233) to work on /home/airflow/.local/lib/python3.6/site-packages/airflow/example_dags/example_task_group.py
[2021-10-16 01:04:16,013] {processor.py:620} INFO - Processing file /home/airflow/.local/lib/python3.6/site-packages/airflow/example_dags/example_task_group.py for tasks to queue
[2021-10-16 01:04:16,019] {logging_mixin.py:109} INFO - [2021-10-16 01:04:16,018] {dagbag.py:500} INFO - Filling up the DagBag from /home/airflow/.local/lib/python3.6/site-packages/airflow/example_dags/example_task_group.py
[2021-10-16 01:04:16,067] {processor.py:632} INFO - DAG(s) dict_keys(['example_task_group']) retrieved from /home/airflow/.local/lib/python3.6/site-packages/airflow/example_dags/example_task_group.py
[2021-10-16 01:04:16,092] {logging_mixin.py:109} INFO - [2021-10-16 01:04:16,092] {dag.py:2389} INFO - Sync 1 DAGs
[2021-10-16 01:04:16,128] {logging_mixin.py:109} INFO - [2021-10-16 01:04:16,128] {dag.py:2914} INFO - Setting next_dagrun for example_task_group to 2021-10-15T01:04:16.127762+00:00
[2021-10-16 01:04:16,149] {processor.py:171} INFO - Processing /home/airflow/.local/lib/python3.6/site-packages/airflow/example_dags/example_task_group.py took 0.164 seconds
[2021-10-16 01:04:47,093] {processor.py:163} INFO - Started process (PID=1287) to work on /home/airflow/.local/lib/python3.6/site-packages/airflow/example_dags/example_task_group.py
[2021-10-16 01:04:47,104] {processor.py:620} INFO - Processing file /home/airflow/.local/lib/python3.6/site-packages/airflow/example_dags/example_task_group.py for tasks to queue
[2021-10-16 01:04:47,109] {logging_mixin.py:109} INFO - [2021-10-16 01:04:47,109] {dagbag.py:500} INFO - Filling up the DagBag from /home/airflow/.local/lib/python3.6/site-packages/airflow/example_dags/example_task_group.py
[2021-10-16 01:04:47,236] {processor.py:632} INFO - DAG(s) dict_keys(['example_task_group']) retrieved from /home/airflow/.local/lib/python3.6/site-packages/airflow/example_dags/example_task_group.py
[2021-10-16 01:04:47,319] {logging_mixin.py:109} INFO - [2021-10-16 01:04:47,319] {dag.py:2389} INFO - Sync 1 DAGs
[2021-10-16 01:04:47,343] {logging_mixin.py:109} INFO - [2021-10-16 01:04:47,343] {dag.py:2914} INFO - Setting next_dagrun for example_task_group to 2021-10-15T01:04:47.343181+00:00
[2021-10-16 01:04:47,359] {processor.py:171} INFO - Processing /home/airflow/.local/lib/python3.6/site-packages/airflow/example_dags/example_task_group.py took 0.274 seconds
[2021-10-16 01:05:19,446] {processor.py:163} INFO - Started process (PID=1342) to work on /home/airflow/.local/lib/python3.6/site-packages/airflow/example_dags/example_task_group.py
[2021-10-16 01:05:19,460] {processor.py:620} INFO - Processing file /home/airflow/.local/lib/python3.6/site-packages/airflow/example_dags/example_task_group.py for tasks to queue
[2021-10-16 01:05:19,463] {logging_mixin.py:109} INFO - [2021-10-16 01:05:19,463] {dagbag.py:500} INFO - Filling up the DagBag from /home/airflow/.local/lib/python3.6/site-packages/airflow/example_dags/example_task_group.py
[2021-10-16 01:05:19,560] {processor.py:632} INFO - DAG(s) dict_keys(['example_task_group']) retrieved from /home/airflow/.local/lib/python3.6/site-packages/airflow/example_dags/example_task_group.py
[2021-10-16 01:05:19,594] {logging_mixin.py:109} INFO - [2021-10-16 01:05:19,594] {dag.py:2389} INFO - Sync 1 DAGs
[2021-10-16 01:05:19,657] {logging_mixin.py:109} INFO - [2021-10-16 01:05:19,657] {dag.py:2914} INFO - Setting next_dagrun for example_task_group to 2021-10-15T01:05:19.656976+00:00
[2021-10-16 01:05:19,856] {processor.py:171} INFO - Processing /home/airflow/.local/lib/python3.6/site-packages/airflow/example_dags/example_task_group.py took 0.421 seconds
[2021-10-16 01:05:50,152] {processor.py:163} INFO - Started process (PID=1395) to work on /home/airflow/.local/lib/python3.6/site-packages/airflow/example_dags/example_task_group.py
[2021-10-16 01:05:50,155] {processor.py:620} INFO - Processing file /home/airflow/.local/lib/python3.6/site-packages/airflow/example_dags/example_task_group.py for tasks to queue
[2021-10-16 01:05:50,158] {logging_mixin.py:109} INFO - [2021-10-16 01:05:50,158] {dagbag.py:500} INFO - Filling up the DagBag from /home/airflow/.local/lib/python3.6/site-packages/airflow/example_dags/example_task_group.py
[2021-10-16 01:05:50,217] {processor.py:632} INFO - DAG(s) dict_keys(['example_task_group']) retrieved from /home/airflow/.local/lib/python3.6/site-packages/airflow/example_dags/example_task_group.py
[2021-10-16 01:05:50,234] {logging_mixin.py:109} INFO - [2021-10-16 01:05:50,234] {dag.py:2389} INFO - Sync 1 DAGs
[2021-10-16 01:05:50,260] {logging_mixin.py:109} INFO - [2021-10-16 01:05:50,259] {dag.py:2914} INFO - Setting next_dagrun for example_task_group to 2021-10-15T01:05:50.259442+00:00
[2021-10-16 01:05:50,276] {processor.py:171} INFO - Processing /home/airflow/.local/lib/python3.6/site-packages/airflow/example_dags/example_task_group.py took 0.130 seconds
[2021-10-16 01:06:20,547] {processor.py:163} INFO - Started process (PID=1460) to work on /home/airflow/.local/lib/python3.6/site-packages/airflow/example_dags/example_task_group.py
[2021-10-16 01:06:20,551] {processor.py:620} INFO - Processing file /home/airflow/.local/lib/python3.6/site-packages/airflow/example_dags/example_task_group.py for tasks to queue
[2021-10-16 01:06:20,554] {logging_mixin.py:109} INFO - [2021-10-16 01:06:20,554] {dagbag.py:500} INFO - Filling up the DagBag from /home/airflow/.local/lib/python3.6/site-packages/airflow/example_dags/example_task_group.py
[2021-10-16 01:06:20,621] {processor.py:632} INFO - DAG(s) dict_keys(['example_task_group']) retrieved from /home/airflow/.local/lib/python3.6/site-packages/airflow/example_dags/example_task_group.py
[2021-10-16 01:06:20,654] {logging_mixin.py:109} INFO - [2021-10-16 01:06:20,654] {dag.py:2389} INFO - Sync 1 DAGs
[2021-10-16 01:06:20,700] {logging_mixin.py:109} INFO - [2021-10-16 01:06:20,700] {dag.py:2914} INFO - Setting next_dagrun for example_task_group to 2021-10-15T01:06:20.699435+00:00
[2021-10-16 01:06:20,725] {processor.py:171} INFO - Processing /home/airflow/.local/lib/python3.6/site-packages/airflow/example_dags/example_task_group.py took 0.188 seconds
[2021-10-16 01:06:51,212] {processor.py:163} INFO - Started process (PID=1514) to work on /home/airflow/.local/lib/python3.6/site-packages/airflow/example_dags/example_task_group.py
[2021-10-16 01:06:51,216] {processor.py:620} INFO - Processing file /home/airflow/.local/lib/python3.6/site-packages/airflow/example_dags/example_task_group.py for tasks to queue
[2021-10-16 01:06:51,220] {logging_mixin.py:109} INFO - [2021-10-16 01:06:51,220] {dagbag.py:500} INFO - Filling up the DagBag from /home/airflow/.local/lib/python3.6/site-packages/airflow/example_dags/example_task_group.py
[2021-10-16 01:06:51,315] {processor.py:632} INFO - DAG(s) dict_keys(['example_task_group']) retrieved from /home/airflow/.local/lib/python3.6/site-packages/airflow/example_dags/example_task_group.py
[2021-10-16 01:06:51,350] {logging_mixin.py:109} INFO - [2021-10-16 01:06:51,350] {dag.py:2389} INFO - Sync 1 DAGs
[2021-10-16 01:06:51,397] {logging_mixin.py:109} INFO - [2021-10-16 01:06:51,397] {dag.py:2914} INFO - Setting next_dagrun for example_task_group to 2021-10-15T01:06:51.396890+00:00
[2021-10-16 01:06:51,426] {processor.py:171} INFO - Processing /home/airflow/.local/lib/python3.6/site-packages/airflow/example_dags/example_task_group.py took 0.228 seconds
[2021-10-16 01:07:22,002] {processor.py:163} INFO - Started process (PID=1567) to work on /home/airflow/.local/lib/python3.6/site-packages/airflow/example_dags/example_task_group.py
[2021-10-16 01:07:22,009] {processor.py:620} INFO - Processing file /home/airflow/.local/lib/python3.6/site-packages/airflow/example_dags/example_task_group.py for tasks to queue
[2021-10-16 01:07:22,011] {logging_mixin.py:109} INFO - [2021-10-16 01:07:22,011] {dagbag.py:500} INFO - Filling up the DagBag from /home/airflow/.local/lib/python3.6/site-packages/airflow/example_dags/example_task_group.py
[2021-10-16 01:07:22,088] {processor.py:632} INFO - DAG(s) dict_keys(['example_task_group']) retrieved from /home/airflow/.local/lib/python3.6/site-packages/airflow/example_dags/example_task_group.py
[2021-10-16 01:07:22,132] {logging_mixin.py:109} INFO - [2021-10-16 01:07:22,131] {dag.py:2389} INFO - Sync 1 DAGs
[2021-10-16 01:07:22,169] {logging_mixin.py:109} INFO - [2021-10-16 01:07:22,169] {dag.py:2914} INFO - Setting next_dagrun for example_task_group to 2021-10-15T01:07:22.169371+00:00
[2021-10-16 01:07:22,190] {processor.py:171} INFO - Processing /home/airflow/.local/lib/python3.6/site-packages/airflow/example_dags/example_task_group.py took 0.201 seconds
[2021-10-16 01:07:52,526] {processor.py:163} INFO - Started process (PID=1621) to work on /home/airflow/.local/lib/python3.6/site-packages/airflow/example_dags/example_task_group.py
[2021-10-16 01:07:52,537] {processor.py:620} INFO - Processing file /home/airflow/.local/lib/python3.6/site-packages/airflow/example_dags/example_task_group.py for tasks to queue
[2021-10-16 01:07:52,539] {logging_mixin.py:109} INFO - [2021-10-16 01:07:52,539] {dagbag.py:500} INFO - Filling up the DagBag from /home/airflow/.local/lib/python3.6/site-packages/airflow/example_dags/example_task_group.py
[2021-10-16 01:07:52,581] {processor.py:632} INFO - DAG(s) dict_keys(['example_task_group']) retrieved from /home/airflow/.local/lib/python3.6/site-packages/airflow/example_dags/example_task_group.py
[2021-10-16 01:07:52,603] {logging_mixin.py:109} INFO - [2021-10-16 01:07:52,603] {dag.py:2389} INFO - Sync 1 DAGs
[2021-10-16 01:07:52,629] {logging_mixin.py:109} INFO - [2021-10-16 01:07:52,629] {dag.py:2914} INFO - Setting next_dagrun for example_task_group to 2021-10-15T01:07:52.629193+00:00
[2021-10-16 01:07:52,648] {processor.py:171} INFO - Processing /home/airflow/.local/lib/python3.6/site-packages/airflow/example_dags/example_task_group.py took 0.129 seconds
[2021-10-16 01:08:22,708] {processor.py:163} INFO - Started process (PID=1688) to work on /home/airflow/.local/lib/python3.6/site-packages/airflow/example_dags/example_task_group.py
[2021-10-16 01:08:22,711] {processor.py:620} INFO - Processing file /home/airflow/.local/lib/python3.6/site-packages/airflow/example_dags/example_task_group.py for tasks to queue
[2021-10-16 01:08:22,714] {logging_mixin.py:109} INFO - [2021-10-16 01:08:22,714] {dagbag.py:500} INFO - Filling up the DagBag from /home/airflow/.local/lib/python3.6/site-packages/airflow/example_dags/example_task_group.py
[2021-10-16 01:08:22,777] {processor.py:632} INFO - DAG(s) dict_keys(['example_task_group']) retrieved from /home/airflow/.local/lib/python3.6/site-packages/airflow/example_dags/example_task_group.py
[2021-10-16 01:08:22,796] {logging_mixin.py:109} INFO - [2021-10-16 01:08:22,796] {dag.py:2389} INFO - Sync 1 DAGs
[2021-10-16 01:08:22,816] {logging_mixin.py:109} INFO - [2021-10-16 01:08:22,816] {dag.py:2914} INFO - Setting next_dagrun for example_task_group to 2021-10-15T01:08:22.816002+00:00
[2021-10-16 01:08:22,828] {processor.py:171} INFO - Processing /home/airflow/.local/lib/python3.6/site-packages/airflow/example_dags/example_task_group.py took 0.126 seconds
[2021-10-16 01:08:53,539] {processor.py:163} INFO - Started process (PID=1742) to work on /home/airflow/.local/lib/python3.6/site-packages/airflow/example_dags/example_task_group.py
[2021-10-16 01:08:53,545] {processor.py:620} INFO - Processing file /home/airflow/.local/lib/python3.6/site-packages/airflow/example_dags/example_task_group.py for tasks to queue
[2021-10-16 01:08:53,549] {logging_mixin.py:109} INFO - [2021-10-16 01:08:53,548] {dagbag.py:500} INFO - Filling up the DagBag from /home/airflow/.local/lib/python3.6/site-packages/airflow/example_dags/example_task_group.py
[2021-10-16 01:08:53,639] {processor.py:632} INFO - DAG(s) dict_keys(['example_task_group']) retrieved from /home/airflow/.local/lib/python3.6/site-packages/airflow/example_dags/example_task_group.py
[2021-10-16 01:08:53,668] {logging_mixin.py:109} INFO - [2021-10-16 01:08:53,668] {dag.py:2389} INFO - Sync 1 DAGs
[2021-10-16 01:08:53,705] {logging_mixin.py:109} INFO - [2021-10-16 01:08:53,704] {dag.py:2914} INFO - Setting next_dagrun for example_task_group to 2021-10-15T01:08:53.704608+00:00
[2021-10-16 01:08:53,728] {processor.py:171} INFO - Processing /home/airflow/.local/lib/python3.6/site-packages/airflow/example_dags/example_task_group.py took 0.208 seconds
[2021-10-16 01:09:23,818] {processor.py:163} INFO - Started process (PID=1812) to work on /home/airflow/.local/lib/python3.6/site-packages/airflow/example_dags/example_task_group.py
[2021-10-16 01:09:23,824] {processor.py:620} INFO - Processing file /home/airflow/.local/lib/python3.6/site-packages/airflow/example_dags/example_task_group.py for tasks to queue
[2021-10-16 01:09:23,826] {logging_mixin.py:109} INFO - [2021-10-16 01:09:23,826] {dagbag.py:500} INFO - Filling up the DagBag from /home/airflow/.local/lib/python3.6/site-packages/airflow/example_dags/example_task_group.py
[2021-10-16 01:09:23,888] {processor.py:632} INFO - DAG(s) dict_keys(['example_task_group']) retrieved from /home/airflow/.local/lib/python3.6/site-packages/airflow/example_dags/example_task_group.py
[2021-10-16 01:09:23,905] {logging_mixin.py:109} INFO - [2021-10-16 01:09:23,905] {dag.py:2389} INFO - Sync 1 DAGs
[2021-10-16 01:09:23,951] {logging_mixin.py:109} INFO - [2021-10-16 01:09:23,951] {dag.py:2914} INFO - Setting next_dagrun for example_task_group to 2021-10-15T01:09:23.951224+00:00
[2021-10-16 01:09:23,974] {processor.py:171} INFO - Processing /home/airflow/.local/lib/python3.6/site-packages/airflow/example_dags/example_task_group.py took 0.160 seconds
[2021-10-16 01:09:54,198] {processor.py:163} INFO - Started process (PID=1865) to work on /home/airflow/.local/lib/python3.6/site-packages/airflow/example_dags/example_task_group.py
[2021-10-16 01:09:54,206] {processor.py:620} INFO - Processing file /home/airflow/.local/lib/python3.6/site-packages/airflow/example_dags/example_task_group.py for tasks to queue
[2021-10-16 01:09:54,207] {logging_mixin.py:109} INFO - [2021-10-16 01:09:54,207] {dagbag.py:500} INFO - Filling up the DagBag from /home/airflow/.local/lib/python3.6/site-packages/airflow/example_dags/example_task_group.py
[2021-10-16 01:09:54,242] {processor.py:632} INFO - DAG(s) dict_keys(['example_task_group']) retrieved from /home/airflow/.local/lib/python3.6/site-packages/airflow/example_dags/example_task_group.py
[2021-10-16 01:09:54,256] {logging_mixin.py:109} INFO - [2021-10-16 01:09:54,256] {dag.py:2389} INFO - Sync 1 DAGs
[2021-10-16 01:09:54,273] {logging_mixin.py:109} INFO - [2021-10-16 01:09:54,273] {dag.py:2914} INFO - Setting next_dagrun for example_task_group to 2021-10-15T01:09:54.272867+00:00
[2021-10-16 01:09:54,287] {processor.py:171} INFO - Processing /home/airflow/.local/lib/python3.6/site-packages/airflow/example_dags/example_task_group.py took 0.093 seconds
[2021-10-16 01:10:24,760] {processor.py:163} INFO - Started process (PID=1918) to work on /home/airflow/.local/lib/python3.6/site-packages/airflow/example_dags/example_task_group.py
[2021-10-16 01:10:24,832] {processor.py:620} INFO - Processing file /home/airflow/.local/lib/python3.6/site-packages/airflow/example_dags/example_task_group.py for tasks to queue
[2021-10-16 01:10:24,837] {logging_mixin.py:109} INFO - [2021-10-16 01:10:24,837] {dagbag.py:500} INFO - Filling up the DagBag from /home/airflow/.local/lib/python3.6/site-packages/airflow/example_dags/example_task_group.py
[2021-10-16 01:10:24,931] {processor.py:632} INFO - DAG(s) dict_keys(['example_task_group']) retrieved from /home/airflow/.local/lib/python3.6/site-packages/airflow/example_dags/example_task_group.py
[2021-10-16 01:10:24,971] {logging_mixin.py:109} INFO - [2021-10-16 01:10:24,971] {dag.py:2389} INFO - Sync 1 DAGs
[2021-10-16 01:10:25,021] {logging_mixin.py:109} INFO - [2021-10-16 01:10:25,021] {dag.py:2914} INFO - Setting next_dagrun for example_task_group to 2021-10-15T01:10:25.020787+00:00
[2021-10-16 01:10:25,061] {processor.py:171} INFO - Processing /home/airflow/.local/lib/python3.6/site-packages/airflow/example_dags/example_task_group.py took 0.307 seconds
[2021-10-16 01:10:55,172] {processor.py:163} INFO - Started process (PID=1975) to work on /home/airflow/.local/lib/python3.6/site-packages/airflow/example_dags/example_task_group.py
[2021-10-16 01:10:55,176] {processor.py:620} INFO - Processing file /home/airflow/.local/lib/python3.6/site-packages/airflow/example_dags/example_task_group.py for tasks to queue
[2021-10-16 01:10:55,179] {logging_mixin.py:109} INFO - [2021-10-16 01:10:55,179] {dagbag.py:500} INFO - Filling up the DagBag from /home/airflow/.local/lib/python3.6/site-packages/airflow/example_dags/example_task_group.py
[2021-10-16 01:10:55,214] {processor.py:632} INFO - DAG(s) dict_keys(['example_task_group']) retrieved from /home/airflow/.local/lib/python3.6/site-packages/airflow/example_dags/example_task_group.py
[2021-10-16 01:10:55,227] {logging_mixin.py:109} INFO - [2021-10-16 01:10:55,227] {dag.py:2389} INFO - Sync 1 DAGs
[2021-10-16 01:10:55,244] {logging_mixin.py:109} INFO - [2021-10-16 01:10:55,244] {dag.py:2914} INFO - Setting next_dagrun for example_task_group to 2021-10-15T01:10:55.243779+00:00
[2021-10-16 01:10:55,264] {processor.py:171} INFO - Processing /home/airflow/.local/lib/python3.6/site-packages/airflow/example_dags/example_task_group.py took 0.098 seconds
[2021-10-16 01:11:25,365] {processor.py:163} INFO - Started process (PID=2029) to work on /home/airflow/.local/lib/python3.6/site-packages/airflow/example_dags/example_task_group.py
[2021-10-16 01:11:25,368] {processor.py:620} INFO - Processing file /home/airflow/.local/lib/python3.6/site-packages/airflow/example_dags/example_task_group.py for tasks to queue
[2021-10-16 01:11:25,370] {logging_mixin.py:109} INFO - [2021-10-16 01:11:25,370] {dagbag.py:500} INFO - Filling up the DagBag from /home/airflow/.local/lib/python3.6/site-packages/airflow/example_dags/example_task_group.py
[2021-10-16 01:11:25,425] {processor.py:632} INFO - DAG(s) dict_keys(['example_task_group']) retrieved from /home/airflow/.local/lib/python3.6/site-packages/airflow/example_dags/example_task_group.py
[2021-10-16 01:11:25,442] {logging_mixin.py:109} INFO - [2021-10-16 01:11:25,442] {dag.py:2389} INFO - Sync 1 DAGs
[2021-10-16 01:11:25,460] {logging_mixin.py:109} INFO - [2021-10-16 01:11:25,460] {dag.py:2914} INFO - Setting next_dagrun for example_task_group to 2021-10-15T01:11:25.460070+00:00
[2021-10-16 01:11:25,477] {processor.py:171} INFO - Processing /home/airflow/.local/lib/python3.6/site-packages/airflow/example_dags/example_task_group.py took 0.118 seconds
[2021-10-16 01:11:55,797] {processor.py:163} INFO - Started process (PID=2094) to work on /home/airflow/.local/lib/python3.6/site-packages/airflow/example_dags/example_task_group.py
[2021-10-16 01:11:55,801] {processor.py:620} INFO - Processing file /home/airflow/.local/lib/python3.6/site-packages/airflow/example_dags/example_task_group.py for tasks to queue
[2021-10-16 01:11:55,805] {logging_mixin.py:109} INFO - [2021-10-16 01:11:55,804] {dagbag.py:500} INFO - Filling up the DagBag from /home/airflow/.local/lib/python3.6/site-packages/airflow/example_dags/example_task_group.py
[2021-10-16 01:11:55,877] {processor.py:632} INFO - DAG(s) dict_keys(['example_task_group']) retrieved from /home/airflow/.local/lib/python3.6/site-packages/airflow/example_dags/example_task_group.py
[2021-10-16 01:11:55,956] {logging_mixin.py:109} INFO - [2021-10-16 01:11:55,956] {dag.py:2389} INFO - Sync 1 DAGs
[2021-10-16 01:11:56,057] {logging_mixin.py:109} INFO - [2021-10-16 01:11:56,057] {dag.py:2914} INFO - Setting next_dagrun for example_task_group to 2021-10-15T01:11:56.057286+00:00
[2021-10-16 01:11:56,103] {processor.py:171} INFO - Processing /home/airflow/.local/lib/python3.6/site-packages/airflow/example_dags/example_task_group.py took 0.318 seconds
[2021-10-16 01:12:26,914] {processor.py:163} INFO - Started process (PID=2151) to work on /home/airflow/.local/lib/python3.6/site-packages/airflow/example_dags/example_task_group.py
[2021-10-16 01:12:26,916] {processor.py:620} INFO - Processing file /home/airflow/.local/lib/python3.6/site-packages/airflow/example_dags/example_task_group.py for tasks to queue
[2021-10-16 01:12:26,918] {logging_mixin.py:109} INFO - [2021-10-16 01:12:26,918] {dagbag.py:500} INFO - Filling up the DagBag from /home/airflow/.local/lib/python3.6/site-packages/airflow/example_dags/example_task_group.py
[2021-10-16 01:12:26,960] {processor.py:632} INFO - DAG(s) dict_keys(['example_task_group']) retrieved from /home/airflow/.local/lib/python3.6/site-packages/airflow/example_dags/example_task_group.py
[2021-10-16 01:12:26,974] {logging_mixin.py:109} INFO - [2021-10-16 01:12:26,974] {dag.py:2389} INFO - Sync 1 DAGs
[2021-10-16 01:12:27,001] {logging_mixin.py:109} INFO - [2021-10-16 01:12:27,000] {dag.py:2914} INFO - Setting next_dagrun for example_task_group to 2021-10-15T01:12:27.000683+00:00
[2021-10-16 01:12:27,017] {processor.py:171} INFO - Processing /home/airflow/.local/lib/python3.6/site-packages/airflow/example_dags/example_task_group.py took 0.108 seconds
[2021-10-16 01:12:57,116] {processor.py:163} INFO - Started process (PID=2203) to work on /home/airflow/.local/lib/python3.6/site-packages/airflow/example_dags/example_task_group.py
[2021-10-16 01:12:57,121] {processor.py:620} INFO - Processing file /home/airflow/.local/lib/python3.6/site-packages/airflow/example_dags/example_task_group.py for tasks to queue
[2021-10-16 01:12:57,124] {logging_mixin.py:109} INFO - [2021-10-16 01:12:57,123] {dagbag.py:500} INFO - Filling up the DagBag from /home/airflow/.local/lib/python3.6/site-packages/airflow/example_dags/example_task_group.py
[2021-10-16 01:12:57,164] {processor.py:632} INFO - DAG(s) dict_keys(['example_task_group']) retrieved from /home/airflow/.local/lib/python3.6/site-packages/airflow/example_dags/example_task_group.py
[2021-10-16 01:12:57,178] {logging_mixin.py:109} INFO - [2021-10-16 01:12:57,178] {dag.py:2389} INFO - Sync 1 DAGs
[2021-10-16 01:12:57,202] {logging_mixin.py:109} INFO - [2021-10-16 01:12:57,202] {dag.py:2914} INFO - Setting next_dagrun for example_task_group to 2021-10-15T01:12:57.202404+00:00
[2021-10-16 01:12:57,219] {processor.py:171} INFO - Processing /home/airflow/.local/lib/python3.6/site-packages/airflow/example_dags/example_task_group.py took 0.110 seconds
[2021-10-16 01:13:27,522] {processor.py:163} INFO - Started process (PID=2257) to work on /home/airflow/.local/lib/python3.6/site-packages/airflow/example_dags/example_task_group.py
[2021-10-16 01:13:27,531] {processor.py:620} INFO - Processing file /home/airflow/.local/lib/python3.6/site-packages/airflow/example_dags/example_task_group.py for tasks to queue
[2021-10-16 01:13:27,533] {logging_mixin.py:109} INFO - [2021-10-16 01:13:27,533] {dagbag.py:500} INFO - Filling up the DagBag from /home/airflow/.local/lib/python3.6/site-packages/airflow/example_dags/example_task_group.py
[2021-10-16 01:13:27,576] {processor.py:632} INFO - DAG(s) dict_keys(['example_task_group']) retrieved from /home/airflow/.local/lib/python3.6/site-packages/airflow/example_dags/example_task_group.py
[2021-10-16 01:13:27,598] {logging_mixin.py:109} INFO - [2021-10-16 01:13:27,597] {dag.py:2389} INFO - Sync 1 DAGs
[2021-10-16 01:13:27,621] {logging_mixin.py:109} INFO - [2021-10-16 01:13:27,620] {dag.py:2914} INFO - Setting next_dagrun for example_task_group to 2021-10-15T01:13:27.620652+00:00
[2021-10-16 01:13:27,643] {processor.py:171} INFO - Processing /home/airflow/.local/lib/python3.6/site-packages/airflow/example_dags/example_task_group.py took 0.130 seconds
[2021-10-16 01:13:58,338] {processor.py:163} INFO - Started process (PID=2314) to work on /home/airflow/.local/lib/python3.6/site-packages/airflow/example_dags/example_task_group.py
[2021-10-16 01:13:58,340] {processor.py:620} INFO - Processing file /home/airflow/.local/lib/python3.6/site-packages/airflow/example_dags/example_task_group.py for tasks to queue
[2021-10-16 01:13:58,343] {logging_mixin.py:109} INFO - [2021-10-16 01:13:58,343] {dagbag.py:500} INFO - Filling up the DagBag from /home/airflow/.local/lib/python3.6/site-packages/airflow/example_dags/example_task_group.py
[2021-10-16 01:13:58,383] {processor.py:632} INFO - DAG(s) dict_keys(['example_task_group']) retrieved from /home/airflow/.local/lib/python3.6/site-packages/airflow/example_dags/example_task_group.py
[2021-10-16 01:13:58,405] {logging_mixin.py:109} INFO - [2021-10-16 01:13:58,405] {dag.py:2389} INFO - Sync 1 DAGs
[2021-10-16 01:13:58,444] {logging_mixin.py:109} INFO - [2021-10-16 01:13:58,444] {dag.py:2914} INFO - Setting next_dagrun for example_task_group to 2021-10-15T01:13:58.443739+00:00
[2021-10-16 01:13:58,459] {processor.py:171} INFO - Processing /home/airflow/.local/lib/python3.6/site-packages/airflow/example_dags/example_task_group.py took 0.126 seconds
[2021-10-16 01:14:29,435] {processor.py:163} INFO - Started process (PID=2368) to work on /home/airflow/.local/lib/python3.6/site-packages/airflow/example_dags/example_task_group.py
[2021-10-16 01:14:29,437] {processor.py:620} INFO - Processing file /home/airflow/.local/lib/python3.6/site-packages/airflow/example_dags/example_task_group.py for tasks to queue
[2021-10-16 01:14:29,439] {logging_mixin.py:109} INFO - [2021-10-16 01:14:29,439] {dagbag.py:500} INFO - Filling up the DagBag from /home/airflow/.local/lib/python3.6/site-packages/airflow/example_dags/example_task_group.py
[2021-10-16 01:14:29,510] {processor.py:632} INFO - DAG(s) dict_keys(['example_task_group']) retrieved from /home/airflow/.local/lib/python3.6/site-packages/airflow/example_dags/example_task_group.py
[2021-10-16 01:14:29,533] {logging_mixin.py:109} INFO - [2021-10-16 01:14:29,532] {dag.py:2389} INFO - Sync 1 DAGs
[2021-10-16 01:14:29,557] {logging_mixin.py:109} INFO - [2021-10-16 01:14:29,557] {dag.py:2914} INFO - Setting next_dagrun for example_task_group to 2021-10-15T01:14:29.557188+00:00
[2021-10-16 01:14:29,575] {processor.py:171} INFO - Processing /home/airflow/.local/lib/python3.6/site-packages/airflow/example_dags/example_task_group.py took 0.156 seconds
[2021-10-16 01:14:59,653] {processor.py:163} INFO - Started process (PID=2422) to work on /home/airflow/.local/lib/python3.6/site-packages/airflow/example_dags/example_task_group.py
[2021-10-16 01:14:59,658] {processor.py:620} INFO - Processing file /home/airflow/.local/lib/python3.6/site-packages/airflow/example_dags/example_task_group.py for tasks to queue
[2021-10-16 01:14:59,660] {logging_mixin.py:109} INFO - [2021-10-16 01:14:59,660] {dagbag.py:500} INFO - Filling up the DagBag from /home/airflow/.local/lib/python3.6/site-packages/airflow/example_dags/example_task_group.py
[2021-10-16 01:14:59,698] {processor.py:632} INFO - DAG(s) dict_keys(['example_task_group']) retrieved from /home/airflow/.local/lib/python3.6/site-packages/airflow/example_dags/example_task_group.py
[2021-10-16 01:14:59,718] {logging_mixin.py:109} INFO - [2021-10-16 01:14:59,718] {dag.py:2389} INFO - Sync 1 DAGs
[2021-10-16 01:14:59,745] {logging_mixin.py:109} INFO - [2021-10-16 01:14:59,745] {dag.py:2914} INFO - Setting next_dagrun for example_task_group to 2021-10-15T01:14:59.745156+00:00
[2021-10-16 01:14:59,760] {processor.py:171} INFO - Processing /home/airflow/.local/lib/python3.6/site-packages/airflow/example_dags/example_task_group.py took 0.111 seconds
