[2021-10-16 00:54:01,755] {processor.py:163} INFO - Started process (PID=87) to work on /home/airflow/.local/lib/python3.6/site-packages/airflow/example_dags/example_time_delta_sensor_async.py
[2021-10-16 00:54:01,774] {processor.py:620} INFO - Processing file /home/airflow/.local/lib/python3.6/site-packages/airflow/example_dags/example_time_delta_sensor_async.py for tasks to queue
[2021-10-16 00:54:01,778] {logging_mixin.py:109} INFO - [2021-10-16 00:54:01,778] {dagbag.py:500} INFO - Filling up the DagBag from /home/airflow/.local/lib/python3.6/site-packages/airflow/example_dags/example_time_delta_sensor_async.py
[2021-10-16 00:54:01,930] {processor.py:632} INFO - DAG(s) dict_keys(['example_time_delta_sensor_async']) retrieved from /home/airflow/.local/lib/python3.6/site-packages/airflow/example_dags/example_time_delta_sensor_async.py
[2021-10-16 00:54:01,985] {logging_mixin.py:109} INFO - [2021-10-16 00:54:01,985] {dag.py:2389} INFO - Sync 1 DAGs
[2021-10-16 00:54:02,072] {logging_mixin.py:109} INFO - [2021-10-16 00:54:02,072] {dag.py:2914} INFO - Setting next_dagrun for example_time_delta_sensor_async to None
[2021-10-16 00:54:02,105] {processor.py:171} INFO - Processing /home/airflow/.local/lib/python3.6/site-packages/airflow/example_dags/example_time_delta_sensor_async.py took 0.363 seconds
[2021-10-16 00:54:32,208] {processor.py:163} INFO - Started process (PID=128) to work on /home/airflow/.local/lib/python3.6/site-packages/airflow/example_dags/example_time_delta_sensor_async.py
[2021-10-16 00:54:32,211] {processor.py:620} INFO - Processing file /home/airflow/.local/lib/python3.6/site-packages/airflow/example_dags/example_time_delta_sensor_async.py for tasks to queue
[2021-10-16 00:54:32,213] {logging_mixin.py:109} INFO - [2021-10-16 00:54:32,213] {dagbag.py:500} INFO - Filling up the DagBag from /home/airflow/.local/lib/python3.6/site-packages/airflow/example_dags/example_time_delta_sensor_async.py
[2021-10-16 00:54:32,249] {processor.py:632} INFO - DAG(s) dict_keys(['example_time_delta_sensor_async']) retrieved from /home/airflow/.local/lib/python3.6/site-packages/airflow/example_dags/example_time_delta_sensor_async.py
[2021-10-16 00:54:32,267] {logging_mixin.py:109} INFO - [2021-10-16 00:54:32,267] {dag.py:2389} INFO - Sync 1 DAGs
[2021-10-16 00:54:32,300] {logging_mixin.py:109} INFO - [2021-10-16 00:54:32,300] {dag.py:2914} INFO - Setting next_dagrun for example_time_delta_sensor_async to None
[2021-10-16 00:54:32,322] {processor.py:171} INFO - Processing /home/airflow/.local/lib/python3.6/site-packages/airflow/example_dags/example_time_delta_sensor_async.py took 0.124 seconds
[2021-10-16 00:55:03,207] {processor.py:163} INFO - Started process (PID=181) to work on /home/airflow/.local/lib/python3.6/site-packages/airflow/example_dags/example_time_delta_sensor_async.py
[2021-10-16 00:55:03,210] {processor.py:620} INFO - Processing file /home/airflow/.local/lib/python3.6/site-packages/airflow/example_dags/example_time_delta_sensor_async.py for tasks to queue
[2021-10-16 00:55:03,217] {logging_mixin.py:109} INFO - [2021-10-16 00:55:03,217] {dagbag.py:500} INFO - Filling up the DagBag from /home/airflow/.local/lib/python3.6/site-packages/airflow/example_dags/example_time_delta_sensor_async.py
[2021-10-16 00:55:03,320] {processor.py:632} INFO - DAG(s) dict_keys(['example_time_delta_sensor_async']) retrieved from /home/airflow/.local/lib/python3.6/site-packages/airflow/example_dags/example_time_delta_sensor_async.py
[2021-10-16 00:55:03,336] {logging_mixin.py:109} INFO - [2021-10-16 00:55:03,335] {dag.py:2389} INFO - Sync 1 DAGs
[2021-10-16 00:55:03,356] {logging_mixin.py:109} INFO - [2021-10-16 00:55:03,356] {dag.py:2914} INFO - Setting next_dagrun for example_time_delta_sensor_async to None
[2021-10-16 00:55:03,352] {processor.py:171} INFO - Processing /home/airflow/.local/lib/python3.6/site-packages/airflow/example_dags/example_time_delta_sensor_async.py took 0.190 seconds
[2021-10-16 00:55:33,908] {processor.py:163} INFO - Started process (PID=246) to work on /home/airflow/.local/lib/python3.6/site-packages/airflow/example_dags/example_time_delta_sensor_async.py
[2021-10-16 00:55:33,911] {processor.py:620} INFO - Processing file /home/airflow/.local/lib/python3.6/site-packages/airflow/example_dags/example_time_delta_sensor_async.py for tasks to queue
[2021-10-16 00:55:33,912] {logging_mixin.py:109} INFO - [2021-10-16 00:55:33,912] {dagbag.py:500} INFO - Filling up the DagBag from /home/airflow/.local/lib/python3.6/site-packages/airflow/example_dags/example_time_delta_sensor_async.py
[2021-10-16 00:55:33,964] {processor.py:632} INFO - DAG(s) dict_keys(['example_time_delta_sensor_async']) retrieved from /home/airflow/.local/lib/python3.6/site-packages/airflow/example_dags/example_time_delta_sensor_async.py
[2021-10-16 00:55:33,986] {logging_mixin.py:109} INFO - [2021-10-16 00:55:33,985] {dag.py:2389} INFO - Sync 1 DAGs
[2021-10-16 00:55:34,009] {logging_mixin.py:109} INFO - [2021-10-16 00:55:34,008] {dag.py:2914} INFO - Setting next_dagrun for example_time_delta_sensor_async to None
[2021-10-16 00:55:34,028] {processor.py:171} INFO - Processing /home/airflow/.local/lib/python3.6/site-packages/airflow/example_dags/example_time_delta_sensor_async.py took 0.124 seconds
[2021-10-16 00:56:04,998] {processor.py:163} INFO - Started process (PID=302) to work on /home/airflow/.local/lib/python3.6/site-packages/airflow/example_dags/example_time_delta_sensor_async.py
[2021-10-16 00:56:05,010] {processor.py:620} INFO - Processing file /home/airflow/.local/lib/python3.6/site-packages/airflow/example_dags/example_time_delta_sensor_async.py for tasks to queue
[2021-10-16 00:56:05,016] {logging_mixin.py:109} INFO - [2021-10-16 00:56:05,015] {dagbag.py:500} INFO - Filling up the DagBag from /home/airflow/.local/lib/python3.6/site-packages/airflow/example_dags/example_time_delta_sensor_async.py
[2021-10-16 00:56:05,634] {processor.py:632} INFO - DAG(s) dict_keys(['example_time_delta_sensor_async']) retrieved from /home/airflow/.local/lib/python3.6/site-packages/airflow/example_dags/example_time_delta_sensor_async.py
[2021-10-16 00:56:05,944] {logging_mixin.py:109} INFO - [2021-10-16 00:56:05,943] {dag.py:2389} INFO - Sync 1 DAGs
[2021-10-16 00:56:06,065] {logging_mixin.py:109} INFO - [2021-10-16 00:56:06,055] {dag.py:2914} INFO - Setting next_dagrun for example_time_delta_sensor_async to None
[2021-10-16 00:56:06,115] {processor.py:171} INFO - Processing /home/airflow/.local/lib/python3.6/site-packages/airflow/example_dags/example_time_delta_sensor_async.py took 1.153 seconds
[2021-10-16 00:56:36,338] {processor.py:163} INFO - Started process (PID=356) to work on /home/airflow/.local/lib/python3.6/site-packages/airflow/example_dags/example_time_delta_sensor_async.py
[2021-10-16 00:56:36,344] {processor.py:620} INFO - Processing file /home/airflow/.local/lib/python3.6/site-packages/airflow/example_dags/example_time_delta_sensor_async.py for tasks to queue
[2021-10-16 00:56:36,349] {logging_mixin.py:109} INFO - [2021-10-16 00:56:36,348] {dagbag.py:500} INFO - Filling up the DagBag from /home/airflow/.local/lib/python3.6/site-packages/airflow/example_dags/example_time_delta_sensor_async.py
[2021-10-16 00:56:36,405] {processor.py:632} INFO - DAG(s) dict_keys(['example_time_delta_sensor_async']) retrieved from /home/airflow/.local/lib/python3.6/site-packages/airflow/example_dags/example_time_delta_sensor_async.py
[2021-10-16 00:56:36,459] {logging_mixin.py:109} INFO - [2021-10-16 00:56:36,459] {dag.py:2389} INFO - Sync 1 DAGs
[2021-10-16 00:56:36,510] {logging_mixin.py:109} INFO - [2021-10-16 00:56:36,510] {dag.py:2914} INFO - Setting next_dagrun for example_time_delta_sensor_async to None
[2021-10-16 00:56:36,523] {processor.py:171} INFO - Processing /home/airflow/.local/lib/python3.6/site-packages/airflow/example_dags/example_time_delta_sensor_async.py took 0.197 seconds
[2021-10-16 00:57:06,678] {processor.py:163} INFO - Started process (PID=411) to work on /home/airflow/.local/lib/python3.6/site-packages/airflow/example_dags/example_time_delta_sensor_async.py
[2021-10-16 00:57:06,681] {processor.py:620} INFO - Processing file /home/airflow/.local/lib/python3.6/site-packages/airflow/example_dags/example_time_delta_sensor_async.py for tasks to queue
[2021-10-16 00:57:06,686] {logging_mixin.py:109} INFO - [2021-10-16 00:57:06,686] {dagbag.py:500} INFO - Filling up the DagBag from /home/airflow/.local/lib/python3.6/site-packages/airflow/example_dags/example_time_delta_sensor_async.py
[2021-10-16 00:57:06,730] {processor.py:632} INFO - DAG(s) dict_keys(['example_time_delta_sensor_async']) retrieved from /home/airflow/.local/lib/python3.6/site-packages/airflow/example_dags/example_time_delta_sensor_async.py
[2021-10-16 00:57:06,744] {logging_mixin.py:109} INFO - [2021-10-16 00:57:06,744] {dag.py:2389} INFO - Sync 1 DAGs
[2021-10-16 00:57:06,770] {logging_mixin.py:109} INFO - [2021-10-16 00:57:06,770] {dag.py:2914} INFO - Setting next_dagrun for example_time_delta_sensor_async to None
[2021-10-16 00:57:06,799] {processor.py:171} INFO - Processing /home/airflow/.local/lib/python3.6/site-packages/airflow/example_dags/example_time_delta_sensor_async.py took 0.127 seconds
[2021-10-16 00:57:36,987] {processor.py:163} INFO - Started process (PID=478) to work on /home/airflow/.local/lib/python3.6/site-packages/airflow/example_dags/example_time_delta_sensor_async.py
[2021-10-16 00:57:36,991] {processor.py:620} INFO - Processing file /home/airflow/.local/lib/python3.6/site-packages/airflow/example_dags/example_time_delta_sensor_async.py for tasks to queue
[2021-10-16 00:57:36,997] {logging_mixin.py:109} INFO - [2021-10-16 00:57:36,996] {dagbag.py:500} INFO - Filling up the DagBag from /home/airflow/.local/lib/python3.6/site-packages/airflow/example_dags/example_time_delta_sensor_async.py
[2021-10-16 00:57:37,135] {processor.py:632} INFO - DAG(s) dict_keys(['example_time_delta_sensor_async']) retrieved from /home/airflow/.local/lib/python3.6/site-packages/airflow/example_dags/example_time_delta_sensor_async.py
[2021-10-16 00:57:37,210] {logging_mixin.py:109} INFO - [2021-10-16 00:57:37,210] {dag.py:2389} INFO - Sync 1 DAGs
[2021-10-16 00:57:37,285] {logging_mixin.py:109} INFO - [2021-10-16 00:57:37,285] {dag.py:2914} INFO - Setting next_dagrun for example_time_delta_sensor_async to None
[2021-10-16 00:57:37,322] {processor.py:171} INFO - Processing /home/airflow/.local/lib/python3.6/site-packages/airflow/example_dags/example_time_delta_sensor_async.py took 0.355 seconds
[2021-10-16 00:58:07,973] {processor.py:163} INFO - Started process (PID=531) to work on /home/airflow/.local/lib/python3.6/site-packages/airflow/example_dags/example_time_delta_sensor_async.py
[2021-10-16 00:58:07,980] {processor.py:620} INFO - Processing file /home/airflow/.local/lib/python3.6/site-packages/airflow/example_dags/example_time_delta_sensor_async.py for tasks to queue
[2021-10-16 00:58:07,983] {logging_mixin.py:109} INFO - [2021-10-16 00:58:07,982] {dagbag.py:500} INFO - Filling up the DagBag from /home/airflow/.local/lib/python3.6/site-packages/airflow/example_dags/example_time_delta_sensor_async.py
[2021-10-16 00:58:08,038] {processor.py:632} INFO - DAG(s) dict_keys(['example_time_delta_sensor_async']) retrieved from /home/airflow/.local/lib/python3.6/site-packages/airflow/example_dags/example_time_delta_sensor_async.py
[2021-10-16 00:58:08,056] {logging_mixin.py:109} INFO - [2021-10-16 00:58:08,056] {dag.py:2389} INFO - Sync 1 DAGs
[2021-10-16 00:58:08,091] {logging_mixin.py:109} INFO - [2021-10-16 00:58:08,090] {dag.py:2914} INFO - Setting next_dagrun for example_time_delta_sensor_async to None
[2021-10-16 00:58:08,107] {processor.py:171} INFO - Processing /home/airflow/.local/lib/python3.6/site-packages/airflow/example_dags/example_time_delta_sensor_async.py took 0.142 seconds
[2021-10-16 00:58:38,624] {processor.py:163} INFO - Started process (PID=584) to work on /home/airflow/.local/lib/python3.6/site-packages/airflow/example_dags/example_time_delta_sensor_async.py
[2021-10-16 00:58:38,628] {processor.py:620} INFO - Processing file /home/airflow/.local/lib/python3.6/site-packages/airflow/example_dags/example_time_delta_sensor_async.py for tasks to queue
[2021-10-16 00:58:38,632] {logging_mixin.py:109} INFO - [2021-10-16 00:58:38,632] {dagbag.py:500} INFO - Filling up the DagBag from /home/airflow/.local/lib/python3.6/site-packages/airflow/example_dags/example_time_delta_sensor_async.py
[2021-10-16 00:58:38,744] {processor.py:632} INFO - DAG(s) dict_keys(['example_time_delta_sensor_async']) retrieved from /home/airflow/.local/lib/python3.6/site-packages/airflow/example_dags/example_time_delta_sensor_async.py
[2021-10-16 00:58:38,783] {logging_mixin.py:109} INFO - [2021-10-16 00:58:38,782] {dag.py:2389} INFO - Sync 1 DAGs
[2021-10-16 00:58:38,833] {logging_mixin.py:109} INFO - [2021-10-16 00:58:38,833] {dag.py:2914} INFO - Setting next_dagrun for example_time_delta_sensor_async to None
[2021-10-16 00:58:38,856] {processor.py:171} INFO - Processing /home/airflow/.local/lib/python3.6/site-packages/airflow/example_dags/example_time_delta_sensor_async.py took 0.247 seconds
[2021-10-16 00:59:09,611] {processor.py:163} INFO - Started process (PID=639) to work on /home/airflow/.local/lib/python3.6/site-packages/airflow/example_dags/example_time_delta_sensor_async.py
[2021-10-16 00:59:09,613] {processor.py:620} INFO - Processing file /home/airflow/.local/lib/python3.6/site-packages/airflow/example_dags/example_time_delta_sensor_async.py for tasks to queue
[2021-10-16 00:59:09,615] {logging_mixin.py:109} INFO - [2021-10-16 00:59:09,614] {dagbag.py:500} INFO - Filling up the DagBag from /home/airflow/.local/lib/python3.6/site-packages/airflow/example_dags/example_time_delta_sensor_async.py
[2021-10-16 00:59:09,659] {processor.py:632} INFO - DAG(s) dict_keys(['example_time_delta_sensor_async']) retrieved from /home/airflow/.local/lib/python3.6/site-packages/airflow/example_dags/example_time_delta_sensor_async.py
[2021-10-16 00:59:09,672] {logging_mixin.py:109} INFO - [2021-10-16 00:59:09,672] {dag.py:2389} INFO - Sync 1 DAGs
[2021-10-16 00:59:09,692] {logging_mixin.py:109} INFO - [2021-10-16 00:59:09,691] {dag.py:2914} INFO - Setting next_dagrun for example_time_delta_sensor_async to None
[2021-10-16 00:59:09,714] {processor.py:171} INFO - Processing /home/airflow/.local/lib/python3.6/site-packages/airflow/example_dags/example_time_delta_sensor_async.py took 0.109 seconds
[2021-10-16 00:59:40,057] {processor.py:163} INFO - Started process (PID=710) to work on /home/airflow/.local/lib/python3.6/site-packages/airflow/example_dags/example_time_delta_sensor_async.py
[2021-10-16 00:59:40,060] {processor.py:620} INFO - Processing file /home/airflow/.local/lib/python3.6/site-packages/airflow/example_dags/example_time_delta_sensor_async.py for tasks to queue
[2021-10-16 00:59:40,067] {logging_mixin.py:109} INFO - [2021-10-16 00:59:40,067] {dagbag.py:500} INFO - Filling up the DagBag from /home/airflow/.local/lib/python3.6/site-packages/airflow/example_dags/example_time_delta_sensor_async.py
[2021-10-16 00:59:40,119] {processor.py:632} INFO - DAG(s) dict_keys(['example_time_delta_sensor_async']) retrieved from /home/airflow/.local/lib/python3.6/site-packages/airflow/example_dags/example_time_delta_sensor_async.py
[2021-10-16 00:59:40,138] {logging_mixin.py:109} INFO - [2021-10-16 00:59:40,138] {dag.py:2389} INFO - Sync 1 DAGs
[2021-10-16 00:59:40,172] {logging_mixin.py:109} INFO - [2021-10-16 00:59:40,171] {dag.py:2914} INFO - Setting next_dagrun for example_time_delta_sensor_async to None
[2021-10-16 00:59:40,187] {processor.py:171} INFO - Processing /home/airflow/.local/lib/python3.6/site-packages/airflow/example_dags/example_time_delta_sensor_async.py took 0.138 seconds
[2021-10-16 01:00:10,345] {processor.py:163} INFO - Started process (PID=762) to work on /home/airflow/.local/lib/python3.6/site-packages/airflow/example_dags/example_time_delta_sensor_async.py
[2021-10-16 01:00:10,347] {processor.py:620} INFO - Processing file /home/airflow/.local/lib/python3.6/site-packages/airflow/example_dags/example_time_delta_sensor_async.py for tasks to queue
[2021-10-16 01:00:10,349] {logging_mixin.py:109} INFO - [2021-10-16 01:00:10,349] {dagbag.py:500} INFO - Filling up the DagBag from /home/airflow/.local/lib/python3.6/site-packages/airflow/example_dags/example_time_delta_sensor_async.py
[2021-10-16 01:00:10,414] {processor.py:632} INFO - DAG(s) dict_keys(['example_time_delta_sensor_async']) retrieved from /home/airflow/.local/lib/python3.6/site-packages/airflow/example_dags/example_time_delta_sensor_async.py
[2021-10-16 01:00:10,438] {logging_mixin.py:109} INFO - [2021-10-16 01:00:10,438] {dag.py:2389} INFO - Sync 1 DAGs
[2021-10-16 01:00:10,494] {logging_mixin.py:109} INFO - [2021-10-16 01:00:10,493] {dag.py:2914} INFO - Setting next_dagrun for example_time_delta_sensor_async to None
[2021-10-16 01:00:10,513] {processor.py:171} INFO - Processing /home/airflow/.local/lib/python3.6/site-packages/airflow/example_dags/example_time_delta_sensor_async.py took 0.173 seconds
[2021-10-16 01:00:40,998] {processor.py:163} INFO - Started process (PID=817) to work on /home/airflow/.local/lib/python3.6/site-packages/airflow/example_dags/example_time_delta_sensor_async.py
[2021-10-16 01:00:41,000] {processor.py:620} INFO - Processing file /home/airflow/.local/lib/python3.6/site-packages/airflow/example_dags/example_time_delta_sensor_async.py for tasks to queue
[2021-10-16 01:00:41,001] {logging_mixin.py:109} INFO - [2021-10-16 01:00:41,001] {dagbag.py:500} INFO - Filling up the DagBag from /home/airflow/.local/lib/python3.6/site-packages/airflow/example_dags/example_time_delta_sensor_async.py
[2021-10-16 01:00:41,079] {processor.py:632} INFO - DAG(s) dict_keys(['example_time_delta_sensor_async']) retrieved from /home/airflow/.local/lib/python3.6/site-packages/airflow/example_dags/example_time_delta_sensor_async.py
[2021-10-16 01:00:41,100] {logging_mixin.py:109} INFO - [2021-10-16 01:00:41,100] {dag.py:2389} INFO - Sync 1 DAGs
[2021-10-16 01:00:41,141] {logging_mixin.py:109} INFO - [2021-10-16 01:00:41,141] {dag.py:2914} INFO - Setting next_dagrun for example_time_delta_sensor_async to None
[2021-10-16 01:00:41,158] {processor.py:171} INFO - Processing /home/airflow/.local/lib/python3.6/site-packages/airflow/example_dags/example_time_delta_sensor_async.py took 0.164 seconds
[2021-10-16 01:01:11,481] {processor.py:163} INFO - Started process (PID=873) to work on /home/airflow/.local/lib/python3.6/site-packages/airflow/example_dags/example_time_delta_sensor_async.py
[2021-10-16 01:01:11,487] {processor.py:620} INFO - Processing file /home/airflow/.local/lib/python3.6/site-packages/airflow/example_dags/example_time_delta_sensor_async.py for tasks to queue
[2021-10-16 01:01:11,489] {logging_mixin.py:109} INFO - [2021-10-16 01:01:11,488] {dagbag.py:500} INFO - Filling up the DagBag from /home/airflow/.local/lib/python3.6/site-packages/airflow/example_dags/example_time_delta_sensor_async.py
[2021-10-16 01:01:11,536] {processor.py:632} INFO - DAG(s) dict_keys(['example_time_delta_sensor_async']) retrieved from /home/airflow/.local/lib/python3.6/site-packages/airflow/example_dags/example_time_delta_sensor_async.py
[2021-10-16 01:01:11,561] {logging_mixin.py:109} INFO - [2021-10-16 01:01:11,561] {dag.py:2389} INFO - Sync 1 DAGs
[2021-10-16 01:01:11,583] {logging_mixin.py:109} INFO - [2021-10-16 01:01:11,583] {dag.py:2914} INFO - Setting next_dagrun for example_time_delta_sensor_async to None
[2021-10-16 01:01:11,601] {processor.py:171} INFO - Processing /home/airflow/.local/lib/python3.6/site-packages/airflow/example_dags/example_time_delta_sensor_async.py took 0.124 seconds
[2021-10-16 01:01:43,383] {processor.py:163} INFO - Started process (PID=939) to work on /home/airflow/.local/lib/python3.6/site-packages/airflow/example_dags/example_time_delta_sensor_async.py
[2021-10-16 01:01:43,388] {processor.py:620} INFO - Processing file /home/airflow/.local/lib/python3.6/site-packages/airflow/example_dags/example_time_delta_sensor_async.py for tasks to queue
[2021-10-16 01:01:43,390] {logging_mixin.py:109} INFO - [2021-10-16 01:01:43,390] {dagbag.py:500} INFO - Filling up the DagBag from /home/airflow/.local/lib/python3.6/site-packages/airflow/example_dags/example_time_delta_sensor_async.py
[2021-10-16 01:01:43,453] {processor.py:632} INFO - DAG(s) dict_keys(['example_time_delta_sensor_async']) retrieved from /home/airflow/.local/lib/python3.6/site-packages/airflow/example_dags/example_time_delta_sensor_async.py
[2021-10-16 01:01:43,469] {logging_mixin.py:109} INFO - [2021-10-16 01:01:43,469] {dag.py:2389} INFO - Sync 1 DAGs
[2021-10-16 01:01:43,490] {logging_mixin.py:109} INFO - [2021-10-16 01:01:43,490] {dag.py:2914} INFO - Setting next_dagrun for example_time_delta_sensor_async to None
[2021-10-16 01:01:43,505] {processor.py:171} INFO - Processing /home/airflow/.local/lib/python3.6/site-packages/airflow/example_dags/example_time_delta_sensor_async.py took 0.125 seconds
[2021-10-16 01:02:14,337] {processor.py:163} INFO - Started process (PID=996) to work on /home/airflow/.local/lib/python3.6/site-packages/airflow/example_dags/example_time_delta_sensor_async.py
[2021-10-16 01:02:14,341] {processor.py:620} INFO - Processing file /home/airflow/.local/lib/python3.6/site-packages/airflow/example_dags/example_time_delta_sensor_async.py for tasks to queue
[2021-10-16 01:02:14,342] {logging_mixin.py:109} INFO - [2021-10-16 01:02:14,342] {dagbag.py:500} INFO - Filling up the DagBag from /home/airflow/.local/lib/python3.6/site-packages/airflow/example_dags/example_time_delta_sensor_async.py
[2021-10-16 01:02:14,372] {processor.py:632} INFO - DAG(s) dict_keys(['example_time_delta_sensor_async']) retrieved from /home/airflow/.local/lib/python3.6/site-packages/airflow/example_dags/example_time_delta_sensor_async.py
[2021-10-16 01:02:14,384] {logging_mixin.py:109} INFO - [2021-10-16 01:02:14,384] {dag.py:2389} INFO - Sync 1 DAGs
[2021-10-16 01:02:14,402] {logging_mixin.py:109} INFO - [2021-10-16 01:02:14,401] {dag.py:2914} INFO - Setting next_dagrun for example_time_delta_sensor_async to None
[2021-10-16 01:02:14,413] {processor.py:171} INFO - Processing /home/airflow/.local/lib/python3.6/site-packages/airflow/example_dags/example_time_delta_sensor_async.py took 0.081 seconds
[2021-10-16 01:02:45,567] {processor.py:163} INFO - Started process (PID=1065) to work on /home/airflow/.local/lib/python3.6/site-packages/airflow/example_dags/example_time_delta_sensor_async.py
[2021-10-16 01:02:45,570] {processor.py:620} INFO - Processing file /home/airflow/.local/lib/python3.6/site-packages/airflow/example_dags/example_time_delta_sensor_async.py for tasks to queue
[2021-10-16 01:02:45,578] {logging_mixin.py:109} INFO - [2021-10-16 01:02:45,578] {dagbag.py:500} INFO - Filling up the DagBag from /home/airflow/.local/lib/python3.6/site-packages/airflow/example_dags/example_time_delta_sensor_async.py
[2021-10-16 01:02:45,729] {processor.py:632} INFO - DAG(s) dict_keys(['example_time_delta_sensor_async']) retrieved from /home/airflow/.local/lib/python3.6/site-packages/airflow/example_dags/example_time_delta_sensor_async.py
[2021-10-16 01:02:45,776] {logging_mixin.py:109} INFO - [2021-10-16 01:02:45,776] {dag.py:2389} INFO - Sync 1 DAGs
[2021-10-16 01:02:45,873] {logging_mixin.py:109} INFO - [2021-10-16 01:02:45,873] {dag.py:2914} INFO - Setting next_dagrun for example_time_delta_sensor_async to None
[2021-10-16 01:02:45,909] {processor.py:171} INFO - Processing /home/airflow/.local/lib/python3.6/site-packages/airflow/example_dags/example_time_delta_sensor_async.py took 0.365 seconds
[2021-10-16 01:03:16,149] {processor.py:163} INFO - Started process (PID=1117) to work on /home/airflow/.local/lib/python3.6/site-packages/airflow/example_dags/example_time_delta_sensor_async.py
[2021-10-16 01:03:16,152] {processor.py:620} INFO - Processing file /home/airflow/.local/lib/python3.6/site-packages/airflow/example_dags/example_time_delta_sensor_async.py for tasks to queue
[2021-10-16 01:03:16,154] {logging_mixin.py:109} INFO - [2021-10-16 01:03:16,154] {dagbag.py:500} INFO - Filling up the DagBag from /home/airflow/.local/lib/python3.6/site-packages/airflow/example_dags/example_time_delta_sensor_async.py
[2021-10-16 01:03:16,185] {processor.py:632} INFO - DAG(s) dict_keys(['example_time_delta_sensor_async']) retrieved from /home/airflow/.local/lib/python3.6/site-packages/airflow/example_dags/example_time_delta_sensor_async.py
[2021-10-16 01:03:16,200] {logging_mixin.py:109} INFO - [2021-10-16 01:03:16,200] {dag.py:2389} INFO - Sync 1 DAGs
[2021-10-16 01:03:16,226] {logging_mixin.py:109} INFO - [2021-10-16 01:03:16,226] {dag.py:2914} INFO - Setting next_dagrun for example_time_delta_sensor_async to None
[2021-10-16 01:03:16,247] {processor.py:171} INFO - Processing /home/airflow/.local/lib/python3.6/site-packages/airflow/example_dags/example_time_delta_sensor_async.py took 0.103 seconds
[2021-10-16 01:03:46,578] {processor.py:163} INFO - Started process (PID=1171) to work on /home/airflow/.local/lib/python3.6/site-packages/airflow/example_dags/example_time_delta_sensor_async.py
[2021-10-16 01:03:46,580] {processor.py:620} INFO - Processing file /home/airflow/.local/lib/python3.6/site-packages/airflow/example_dags/example_time_delta_sensor_async.py for tasks to queue
[2021-10-16 01:03:46,582] {logging_mixin.py:109} INFO - [2021-10-16 01:03:46,582] {dagbag.py:500} INFO - Filling up the DagBag from /home/airflow/.local/lib/python3.6/site-packages/airflow/example_dags/example_time_delta_sensor_async.py
[2021-10-16 01:03:46,614] {processor.py:632} INFO - DAG(s) dict_keys(['example_time_delta_sensor_async']) retrieved from /home/airflow/.local/lib/python3.6/site-packages/airflow/example_dags/example_time_delta_sensor_async.py
[2021-10-16 01:03:46,630] {logging_mixin.py:109} INFO - [2021-10-16 01:03:46,630] {dag.py:2389} INFO - Sync 1 DAGs
[2021-10-16 01:03:46,663] {logging_mixin.py:109} INFO - [2021-10-16 01:03:46,663] {dag.py:2914} INFO - Setting next_dagrun for example_time_delta_sensor_async to None
[2021-10-16 01:03:46,678] {processor.py:171} INFO - Processing /home/airflow/.local/lib/python3.6/site-packages/airflow/example_dags/example_time_delta_sensor_async.py took 0.106 seconds
[2021-10-16 01:04:18,219] {processor.py:163} INFO - Started process (PID=1237) to work on /home/airflow/.local/lib/python3.6/site-packages/airflow/example_dags/example_time_delta_sensor_async.py
[2021-10-16 01:04:18,224] {processor.py:620} INFO - Processing file /home/airflow/.local/lib/python3.6/site-packages/airflow/example_dags/example_time_delta_sensor_async.py for tasks to queue
[2021-10-16 01:04:18,226] {logging_mixin.py:109} INFO - [2021-10-16 01:04:18,226] {dagbag.py:500} INFO - Filling up the DagBag from /home/airflow/.local/lib/python3.6/site-packages/airflow/example_dags/example_time_delta_sensor_async.py
[2021-10-16 01:04:18,302] {processor.py:632} INFO - DAG(s) dict_keys(['example_time_delta_sensor_async']) retrieved from /home/airflow/.local/lib/python3.6/site-packages/airflow/example_dags/example_time_delta_sensor_async.py
[2021-10-16 01:04:18,351] {logging_mixin.py:109} INFO - [2021-10-16 01:04:18,351] {dag.py:2389} INFO - Sync 1 DAGs
[2021-10-16 01:04:18,424] {logging_mixin.py:109} INFO - [2021-10-16 01:04:18,424] {dag.py:2914} INFO - Setting next_dagrun for example_time_delta_sensor_async to None
[2021-10-16 01:04:18,506] {processor.py:171} INFO - Processing /home/airflow/.local/lib/python3.6/site-packages/airflow/example_dags/example_time_delta_sensor_async.py took 0.295 seconds
[2021-10-16 01:04:48,873] {processor.py:163} INFO - Started process (PID=1291) to work on /home/airflow/.local/lib/python3.6/site-packages/airflow/example_dags/example_time_delta_sensor_async.py
[2021-10-16 01:04:48,877] {processor.py:620} INFO - Processing file /home/airflow/.local/lib/python3.6/site-packages/airflow/example_dags/example_time_delta_sensor_async.py for tasks to queue
[2021-10-16 01:04:48,880] {logging_mixin.py:109} INFO - [2021-10-16 01:04:48,880] {dagbag.py:500} INFO - Filling up the DagBag from /home/airflow/.local/lib/python3.6/site-packages/airflow/example_dags/example_time_delta_sensor_async.py
[2021-10-16 01:04:48,939] {processor.py:632} INFO - DAG(s) dict_keys(['example_time_delta_sensor_async']) retrieved from /home/airflow/.local/lib/python3.6/site-packages/airflow/example_dags/example_time_delta_sensor_async.py
[2021-10-16 01:04:48,959] {logging_mixin.py:109} INFO - [2021-10-16 01:04:48,958] {dag.py:2389} INFO - Sync 1 DAGs
[2021-10-16 01:04:48,984] {logging_mixin.py:109} INFO - [2021-10-16 01:04:48,983] {dag.py:2914} INFO - Setting next_dagrun for example_time_delta_sensor_async to None
[2021-10-16 01:04:49,001] {processor.py:171} INFO - Processing /home/airflow/.local/lib/python3.6/site-packages/airflow/example_dags/example_time_delta_sensor_async.py took 0.136 seconds
[2021-10-16 01:05:20,518] {processor.py:163} INFO - Started process (PID=1346) to work on /home/airflow/.local/lib/python3.6/site-packages/airflow/example_dags/example_time_delta_sensor_async.py
[2021-10-16 01:05:20,523] {processor.py:620} INFO - Processing file /home/airflow/.local/lib/python3.6/site-packages/airflow/example_dags/example_time_delta_sensor_async.py for tasks to queue
[2021-10-16 01:05:20,526] {logging_mixin.py:109} INFO - [2021-10-16 01:05:20,526] {dagbag.py:500} INFO - Filling up the DagBag from /home/airflow/.local/lib/python3.6/site-packages/airflow/example_dags/example_time_delta_sensor_async.py
[2021-10-16 01:05:20,593] {processor.py:632} INFO - DAG(s) dict_keys(['example_time_delta_sensor_async']) retrieved from /home/airflow/.local/lib/python3.6/site-packages/airflow/example_dags/example_time_delta_sensor_async.py
[2021-10-16 01:05:20,618] {logging_mixin.py:109} INFO - [2021-10-16 01:05:20,618] {dag.py:2389} INFO - Sync 1 DAGs
[2021-10-16 01:05:20,670] {logging_mixin.py:109} INFO - [2021-10-16 01:05:20,670] {dag.py:2914} INFO - Setting next_dagrun for example_time_delta_sensor_async to None
[2021-10-16 01:05:20,691] {processor.py:171} INFO - Processing /home/airflow/.local/lib/python3.6/site-packages/airflow/example_dags/example_time_delta_sensor_async.py took 0.190 seconds
[2021-10-16 01:05:51,447] {processor.py:163} INFO - Started process (PID=1399) to work on /home/airflow/.local/lib/python3.6/site-packages/airflow/example_dags/example_time_delta_sensor_async.py
[2021-10-16 01:05:51,450] {processor.py:620} INFO - Processing file /home/airflow/.local/lib/python3.6/site-packages/airflow/example_dags/example_time_delta_sensor_async.py for tasks to queue
[2021-10-16 01:05:51,452] {logging_mixin.py:109} INFO - [2021-10-16 01:05:51,452] {dagbag.py:500} INFO - Filling up the DagBag from /home/airflow/.local/lib/python3.6/site-packages/airflow/example_dags/example_time_delta_sensor_async.py
[2021-10-16 01:05:51,498] {processor.py:632} INFO - DAG(s) dict_keys(['example_time_delta_sensor_async']) retrieved from /home/airflow/.local/lib/python3.6/site-packages/airflow/example_dags/example_time_delta_sensor_async.py
[2021-10-16 01:05:51,512] {logging_mixin.py:109} INFO - [2021-10-16 01:05:51,512] {dag.py:2389} INFO - Sync 1 DAGs
[2021-10-16 01:05:51,532] {logging_mixin.py:109} INFO - [2021-10-16 01:05:51,532] {dag.py:2914} INFO - Setting next_dagrun for example_time_delta_sensor_async to None
[2021-10-16 01:05:51,544] {processor.py:171} INFO - Processing /home/airflow/.local/lib/python3.6/site-packages/airflow/example_dags/example_time_delta_sensor_async.py took 0.103 seconds
[2021-10-16 01:06:22,018] {processor.py:163} INFO - Started process (PID=1465) to work on /home/airflow/.local/lib/python3.6/site-packages/airflow/example_dags/example_time_delta_sensor_async.py
[2021-10-16 01:06:22,025] {processor.py:620} INFO - Processing file /home/airflow/.local/lib/python3.6/site-packages/airflow/example_dags/example_time_delta_sensor_async.py for tasks to queue
[2021-10-16 01:06:22,027] {logging_mixin.py:109} INFO - [2021-10-16 01:06:22,027] {dagbag.py:500} INFO - Filling up the DagBag from /home/airflow/.local/lib/python3.6/site-packages/airflow/example_dags/example_time_delta_sensor_async.py
[2021-10-16 01:06:22,082] {processor.py:632} INFO - DAG(s) dict_keys(['example_time_delta_sensor_async']) retrieved from /home/airflow/.local/lib/python3.6/site-packages/airflow/example_dags/example_time_delta_sensor_async.py
[2021-10-16 01:06:22,104] {logging_mixin.py:109} INFO - [2021-10-16 01:06:22,104] {dag.py:2389} INFO - Sync 1 DAGs
[2021-10-16 01:06:22,145] {logging_mixin.py:109} INFO - [2021-10-16 01:06:22,145] {dag.py:2914} INFO - Setting next_dagrun for example_time_delta_sensor_async to None
[2021-10-16 01:06:22,162] {processor.py:171} INFO - Processing /home/airflow/.local/lib/python3.6/site-packages/airflow/example_dags/example_time_delta_sensor_async.py took 0.148 seconds
[2021-10-16 01:06:52,471] {processor.py:163} INFO - Started process (PID=1517) to work on /home/airflow/.local/lib/python3.6/site-packages/airflow/example_dags/example_time_delta_sensor_async.py
[2021-10-16 01:06:52,481] {processor.py:620} INFO - Processing file /home/airflow/.local/lib/python3.6/site-packages/airflow/example_dags/example_time_delta_sensor_async.py for tasks to queue
[2021-10-16 01:06:52,486] {logging_mixin.py:109} INFO - [2021-10-16 01:06:52,486] {dagbag.py:500} INFO - Filling up the DagBag from /home/airflow/.local/lib/python3.6/site-packages/airflow/example_dags/example_time_delta_sensor_async.py
[2021-10-16 01:06:52,614] {processor.py:632} INFO - DAG(s) dict_keys(['example_time_delta_sensor_async']) retrieved from /home/airflow/.local/lib/python3.6/site-packages/airflow/example_dags/example_time_delta_sensor_async.py
[2021-10-16 01:06:52,658] {logging_mixin.py:109} INFO - [2021-10-16 01:06:52,658] {dag.py:2389} INFO - Sync 1 DAGs
[2021-10-16 01:06:52,713] {logging_mixin.py:109} INFO - [2021-10-16 01:06:52,712] {dag.py:2914} INFO - Setting next_dagrun for example_time_delta_sensor_async to None
[2021-10-16 01:06:52,732] {processor.py:171} INFO - Processing /home/airflow/.local/lib/python3.6/site-packages/airflow/example_dags/example_time_delta_sensor_async.py took 0.278 seconds
[2021-10-16 01:07:22,994] {processor.py:163} INFO - Started process (PID=1571) to work on /home/airflow/.local/lib/python3.6/site-packages/airflow/example_dags/example_time_delta_sensor_async.py
[2021-10-16 01:07:22,996] {processor.py:620} INFO - Processing file /home/airflow/.local/lib/python3.6/site-packages/airflow/example_dags/example_time_delta_sensor_async.py for tasks to queue
[2021-10-16 01:07:22,998] {logging_mixin.py:109} INFO - [2021-10-16 01:07:22,998] {dagbag.py:500} INFO - Filling up the DagBag from /home/airflow/.local/lib/python3.6/site-packages/airflow/example_dags/example_time_delta_sensor_async.py
[2021-10-16 01:07:23,063] {processor.py:632} INFO - DAG(s) dict_keys(['example_time_delta_sensor_async']) retrieved from /home/airflow/.local/lib/python3.6/site-packages/airflow/example_dags/example_time_delta_sensor_async.py
[2021-10-16 01:07:23,087] {logging_mixin.py:109} INFO - [2021-10-16 01:07:23,087] {dag.py:2389} INFO - Sync 1 DAGs
[2021-10-16 01:07:23,137] {logging_mixin.py:109} INFO - [2021-10-16 01:07:23,137] {dag.py:2914} INFO - Setting next_dagrun for example_time_delta_sensor_async to None
[2021-10-16 01:07:23,161] {processor.py:171} INFO - Processing /home/airflow/.local/lib/python3.6/site-packages/airflow/example_dags/example_time_delta_sensor_async.py took 0.180 seconds
[2021-10-16 01:07:54,079] {processor.py:163} INFO - Started process (PID=1626) to work on /home/airflow/.local/lib/python3.6/site-packages/airflow/example_dags/example_time_delta_sensor_async.py
[2021-10-16 01:07:54,084] {processor.py:620} INFO - Processing file /home/airflow/.local/lib/python3.6/site-packages/airflow/example_dags/example_time_delta_sensor_async.py for tasks to queue
[2021-10-16 01:07:54,086] {logging_mixin.py:109} INFO - [2021-10-16 01:07:54,086] {dagbag.py:500} INFO - Filling up the DagBag from /home/airflow/.local/lib/python3.6/site-packages/airflow/example_dags/example_time_delta_sensor_async.py
[2021-10-16 01:07:54,138] {processor.py:632} INFO - DAG(s) dict_keys(['example_time_delta_sensor_async']) retrieved from /home/airflow/.local/lib/python3.6/site-packages/airflow/example_dags/example_time_delta_sensor_async.py
[2021-10-16 01:07:54,161] {logging_mixin.py:109} INFO - [2021-10-16 01:07:54,161] {dag.py:2389} INFO - Sync 1 DAGs
[2021-10-16 01:07:54,199] {logging_mixin.py:109} INFO - [2021-10-16 01:07:54,199] {dag.py:2914} INFO - Setting next_dagrun for example_time_delta_sensor_async to None
[2021-10-16 01:07:54,228] {processor.py:171} INFO - Processing /home/airflow/.local/lib/python3.6/site-packages/airflow/example_dags/example_time_delta_sensor_async.py took 0.156 seconds
[2021-10-16 01:08:25,564] {processor.py:163} INFO - Started process (PID=1693) to work on /home/airflow/.local/lib/python3.6/site-packages/airflow/example_dags/example_time_delta_sensor_async.py
[2021-10-16 01:08:25,566] {processor.py:620} INFO - Processing file /home/airflow/.local/lib/python3.6/site-packages/airflow/example_dags/example_time_delta_sensor_async.py for tasks to queue
[2021-10-16 01:08:25,567] {logging_mixin.py:109} INFO - [2021-10-16 01:08:25,567] {dagbag.py:500} INFO - Filling up the DagBag from /home/airflow/.local/lib/python3.6/site-packages/airflow/example_dags/example_time_delta_sensor_async.py
[2021-10-16 01:08:25,625] {processor.py:632} INFO - DAG(s) dict_keys(['example_time_delta_sensor_async']) retrieved from /home/airflow/.local/lib/python3.6/site-packages/airflow/example_dags/example_time_delta_sensor_async.py
[2021-10-16 01:08:25,642] {logging_mixin.py:109} INFO - [2021-10-16 01:08:25,642] {dag.py:2389} INFO - Sync 1 DAGs
[2021-10-16 01:08:25,683] {logging_mixin.py:109} INFO - [2021-10-16 01:08:25,683] {dag.py:2914} INFO - Setting next_dagrun for example_time_delta_sensor_async to None
[2021-10-16 01:08:25,697] {processor.py:171} INFO - Processing /home/airflow/.local/lib/python3.6/site-packages/airflow/example_dags/example_time_delta_sensor_async.py took 0.137 seconds
[2021-10-16 01:08:56,381] {processor.py:163} INFO - Started process (PID=1747) to work on /home/airflow/.local/lib/python3.6/site-packages/airflow/example_dags/example_time_delta_sensor_async.py
[2021-10-16 01:08:56,383] {processor.py:620} INFO - Processing file /home/airflow/.local/lib/python3.6/site-packages/airflow/example_dags/example_time_delta_sensor_async.py for tasks to queue
[2021-10-16 01:08:56,384] {logging_mixin.py:109} INFO - [2021-10-16 01:08:56,384] {dagbag.py:500} INFO - Filling up the DagBag from /home/airflow/.local/lib/python3.6/site-packages/airflow/example_dags/example_time_delta_sensor_async.py
[2021-10-16 01:08:56,427] {processor.py:632} INFO - DAG(s) dict_keys(['example_time_delta_sensor_async']) retrieved from /home/airflow/.local/lib/python3.6/site-packages/airflow/example_dags/example_time_delta_sensor_async.py
[2021-10-16 01:08:56,445] {logging_mixin.py:109} INFO - [2021-10-16 01:08:56,444] {dag.py:2389} INFO - Sync 1 DAGs
[2021-10-16 01:08:56,467] {logging_mixin.py:109} INFO - [2021-10-16 01:08:56,466] {dag.py:2914} INFO - Setting next_dagrun for example_time_delta_sensor_async to None
[2021-10-16 01:08:56,479] {processor.py:171} INFO - Processing /home/airflow/.local/lib/python3.6/site-packages/airflow/example_dags/example_time_delta_sensor_async.py took 0.103 seconds
[2021-10-16 01:09:27,678] {processor.py:163} INFO - Started process (PID=1817) to work on /home/airflow/.local/lib/python3.6/site-packages/airflow/example_dags/example_time_delta_sensor_async.py
[2021-10-16 01:09:27,681] {processor.py:620} INFO - Processing file /home/airflow/.local/lib/python3.6/site-packages/airflow/example_dags/example_time_delta_sensor_async.py for tasks to queue
[2021-10-16 01:09:27,683] {logging_mixin.py:109} INFO - [2021-10-16 01:09:27,683] {dagbag.py:500} INFO - Filling up the DagBag from /home/airflow/.local/lib/python3.6/site-packages/airflow/example_dags/example_time_delta_sensor_async.py
[2021-10-16 01:09:27,734] {processor.py:632} INFO - DAG(s) dict_keys(['example_time_delta_sensor_async']) retrieved from /home/airflow/.local/lib/python3.6/site-packages/airflow/example_dags/example_time_delta_sensor_async.py
[2021-10-16 01:09:27,754] {logging_mixin.py:109} INFO - [2021-10-16 01:09:27,754] {dag.py:2389} INFO - Sync 1 DAGs
[2021-10-16 01:09:27,779] {logging_mixin.py:109} INFO - [2021-10-16 01:09:27,779] {dag.py:2914} INFO - Setting next_dagrun for example_time_delta_sensor_async to None
[2021-10-16 01:09:27,799] {processor.py:171} INFO - Processing /home/airflow/.local/lib/python3.6/site-packages/airflow/example_dags/example_time_delta_sensor_async.py took 0.134 seconds
[2021-10-16 01:09:58,692] {processor.py:163} INFO - Started process (PID=1870) to work on /home/airflow/.local/lib/python3.6/site-packages/airflow/example_dags/example_time_delta_sensor_async.py
[2021-10-16 01:09:58,704] {processor.py:620} INFO - Processing file /home/airflow/.local/lib/python3.6/site-packages/airflow/example_dags/example_time_delta_sensor_async.py for tasks to queue
[2021-10-16 01:09:58,712] {logging_mixin.py:109} INFO - [2021-10-16 01:09:58,711] {dagbag.py:500} INFO - Filling up the DagBag from /home/airflow/.local/lib/python3.6/site-packages/airflow/example_dags/example_time_delta_sensor_async.py
[2021-10-16 01:09:58,768] {processor.py:632} INFO - DAG(s) dict_keys(['example_time_delta_sensor_async']) retrieved from /home/airflow/.local/lib/python3.6/site-packages/airflow/example_dags/example_time_delta_sensor_async.py
[2021-10-16 01:09:58,790] {logging_mixin.py:109} INFO - [2021-10-16 01:09:58,790] {dag.py:2389} INFO - Sync 1 DAGs
[2021-10-16 01:09:58,819] {logging_mixin.py:109} INFO - [2021-10-16 01:09:58,819] {dag.py:2914} INFO - Setting next_dagrun for example_time_delta_sensor_async to None
[2021-10-16 01:09:58,839] {processor.py:171} INFO - Processing /home/airflow/.local/lib/python3.6/site-packages/airflow/example_dags/example_time_delta_sensor_async.py took 0.152 seconds
[2021-10-16 01:10:29,676] {processor.py:163} INFO - Started process (PID=1932) to work on /home/airflow/.local/lib/python3.6/site-packages/airflow/example_dags/example_time_delta_sensor_async.py
[2021-10-16 01:10:29,694] {processor.py:620} INFO - Processing file /home/airflow/.local/lib/python3.6/site-packages/airflow/example_dags/example_time_delta_sensor_async.py for tasks to queue
[2021-10-16 01:10:29,706] {logging_mixin.py:109} INFO - [2021-10-16 01:10:29,706] {dagbag.py:500} INFO - Filling up the DagBag from /home/airflow/.local/lib/python3.6/site-packages/airflow/example_dags/example_time_delta_sensor_async.py
[2021-10-16 01:10:29,809] {processor.py:632} INFO - DAG(s) dict_keys(['example_time_delta_sensor_async']) retrieved from /home/airflow/.local/lib/python3.6/site-packages/airflow/example_dags/example_time_delta_sensor_async.py
[2021-10-16 01:10:29,851] {logging_mixin.py:109} INFO - [2021-10-16 01:10:29,851] {dag.py:2389} INFO - Sync 1 DAGs
[2021-10-16 01:10:29,901] {logging_mixin.py:109} INFO - [2021-10-16 01:10:29,901] {dag.py:2914} INFO - Setting next_dagrun for example_time_delta_sensor_async to None
[2021-10-16 01:10:29,941] {processor.py:171} INFO - Processing /home/airflow/.local/lib/python3.6/site-packages/airflow/example_dags/example_time_delta_sensor_async.py took 0.288 seconds
[2021-10-16 01:11:01,060] {processor.py:163} INFO - Started process (PID=1991) to work on /home/airflow/.local/lib/python3.6/site-packages/airflow/example_dags/example_time_delta_sensor_async.py
[2021-10-16 01:11:01,100] {processor.py:620} INFO - Processing file /home/airflow/.local/lib/python3.6/site-packages/airflow/example_dags/example_time_delta_sensor_async.py for tasks to queue
[2021-10-16 01:11:01,124] {logging_mixin.py:109} INFO - [2021-10-16 01:11:01,110] {dagbag.py:500} INFO - Filling up the DagBag from /home/airflow/.local/lib/python3.6/site-packages/airflow/example_dags/example_time_delta_sensor_async.py
[2021-10-16 01:11:01,364] {processor.py:632} INFO - DAG(s) dict_keys(['example_time_delta_sensor_async']) retrieved from /home/airflow/.local/lib/python3.6/site-packages/airflow/example_dags/example_time_delta_sensor_async.py
[2021-10-16 01:11:01,459] {logging_mixin.py:109} INFO - [2021-10-16 01:11:01,459] {dag.py:2389} INFO - Sync 1 DAGs
[2021-10-16 01:11:01,649] {logging_mixin.py:109} INFO - [2021-10-16 01:11:01,649] {dag.py:2914} INFO - Setting next_dagrun for example_time_delta_sensor_async to None
[2021-10-16 01:11:01,680] {processor.py:171} INFO - Processing /home/airflow/.local/lib/python3.6/site-packages/airflow/example_dags/example_time_delta_sensor_async.py took 0.626 seconds
[2021-10-16 01:11:31,754] {processor.py:163} INFO - Started process (PID=2044) to work on /home/airflow/.local/lib/python3.6/site-packages/airflow/example_dags/example_time_delta_sensor_async.py
[2021-10-16 01:11:31,757] {processor.py:620} INFO - Processing file /home/airflow/.local/lib/python3.6/site-packages/airflow/example_dags/example_time_delta_sensor_async.py for tasks to queue
[2021-10-16 01:11:31,760] {logging_mixin.py:109} INFO - [2021-10-16 01:11:31,759] {dagbag.py:500} INFO - Filling up the DagBag from /home/airflow/.local/lib/python3.6/site-packages/airflow/example_dags/example_time_delta_sensor_async.py
[2021-10-16 01:11:31,804] {processor.py:632} INFO - DAG(s) dict_keys(['example_time_delta_sensor_async']) retrieved from /home/airflow/.local/lib/python3.6/site-packages/airflow/example_dags/example_time_delta_sensor_async.py
[2021-10-16 01:11:31,818] {logging_mixin.py:109} INFO - [2021-10-16 01:11:31,818] {dag.py:2389} INFO - Sync 1 DAGs
[2021-10-16 01:11:31,837] {logging_mixin.py:109} INFO - [2021-10-16 01:11:31,837] {dag.py:2914} INFO - Setting next_dagrun for example_time_delta_sensor_async to None
[2021-10-16 01:11:31,851] {processor.py:171} INFO - Processing /home/airflow/.local/lib/python3.6/site-packages/airflow/example_dags/example_time_delta_sensor_async.py took 0.100 seconds
[2021-10-16 01:12:02,195] {processor.py:163} INFO - Started process (PID=2098) to work on /home/airflow/.local/lib/python3.6/site-packages/airflow/example_dags/example_time_delta_sensor_async.py
[2021-10-16 01:12:02,199] {processor.py:620} INFO - Processing file /home/airflow/.local/lib/python3.6/site-packages/airflow/example_dags/example_time_delta_sensor_async.py for tasks to queue
[2021-10-16 01:12:02,200] {logging_mixin.py:109} INFO - [2021-10-16 01:12:02,200] {dagbag.py:500} INFO - Filling up the DagBag from /home/airflow/.local/lib/python3.6/site-packages/airflow/example_dags/example_time_delta_sensor_async.py
[2021-10-16 01:12:02,239] {processor.py:632} INFO - DAG(s) dict_keys(['example_time_delta_sensor_async']) retrieved from /home/airflow/.local/lib/python3.6/site-packages/airflow/example_dags/example_time_delta_sensor_async.py
[2021-10-16 01:12:02,256] {logging_mixin.py:109} INFO - [2021-10-16 01:12:02,256] {dag.py:2389} INFO - Sync 1 DAGs
[2021-10-16 01:12:02,289] {logging_mixin.py:109} INFO - [2021-10-16 01:12:02,288] {dag.py:2914} INFO - Setting next_dagrun for example_time_delta_sensor_async to None
[2021-10-16 01:12:02,304] {processor.py:171} INFO - Processing /home/airflow/.local/lib/python3.6/site-packages/airflow/example_dags/example_time_delta_sensor_async.py took 0.116 seconds
[2021-10-16 01:12:32,355] {processor.py:163} INFO - Started process (PID=2155) to work on /home/airflow/.local/lib/python3.6/site-packages/airflow/example_dags/example_time_delta_sensor_async.py
[2021-10-16 01:12:32,358] {processor.py:620} INFO - Processing file /home/airflow/.local/lib/python3.6/site-packages/airflow/example_dags/example_time_delta_sensor_async.py for tasks to queue
[2021-10-16 01:12:32,359] {logging_mixin.py:109} INFO - [2021-10-16 01:12:32,359] {dagbag.py:500} INFO - Filling up the DagBag from /home/airflow/.local/lib/python3.6/site-packages/airflow/example_dags/example_time_delta_sensor_async.py
[2021-10-16 01:12:32,397] {processor.py:632} INFO - DAG(s) dict_keys(['example_time_delta_sensor_async']) retrieved from /home/airflow/.local/lib/python3.6/site-packages/airflow/example_dags/example_time_delta_sensor_async.py
[2021-10-16 01:12:32,419] {logging_mixin.py:109} INFO - [2021-10-16 01:12:32,419] {dag.py:2389} INFO - Sync 1 DAGs
[2021-10-16 01:12:32,443] {logging_mixin.py:109} INFO - [2021-10-16 01:12:32,443] {dag.py:2914} INFO - Setting next_dagrun for example_time_delta_sensor_async to None
[2021-10-16 01:12:32,460] {processor.py:171} INFO - Processing /home/airflow/.local/lib/python3.6/site-packages/airflow/example_dags/example_time_delta_sensor_async.py took 0.109 seconds
[2021-10-16 01:13:03,808] {processor.py:163} INFO - Started process (PID=2215) to work on /home/airflow/.local/lib/python3.6/site-packages/airflow/example_dags/example_time_delta_sensor_async.py
[2021-10-16 01:13:03,812] {processor.py:620} INFO - Processing file /home/airflow/.local/lib/python3.6/site-packages/airflow/example_dags/example_time_delta_sensor_async.py for tasks to queue
[2021-10-16 01:13:03,851] {logging_mixin.py:109} INFO - [2021-10-16 01:13:03,851] {dagbag.py:500} INFO - Filling up the DagBag from /home/airflow/.local/lib/python3.6/site-packages/airflow/example_dags/example_time_delta_sensor_async.py
[2021-10-16 01:13:04,035] {processor.py:632} INFO - DAG(s) dict_keys(['example_time_delta_sensor_async']) retrieved from /home/airflow/.local/lib/python3.6/site-packages/airflow/example_dags/example_time_delta_sensor_async.py
[2021-10-16 01:13:04,067] {logging_mixin.py:109} INFO - [2021-10-16 01:13:04,067] {dag.py:2389} INFO - Sync 1 DAGs
[2021-10-16 01:13:04,119] {logging_mixin.py:109} INFO - [2021-10-16 01:13:04,119] {dag.py:2914} INFO - Setting next_dagrun for example_time_delta_sensor_async to None
[2021-10-16 01:13:04,143] {processor.py:171} INFO - Processing /home/airflow/.local/lib/python3.6/site-packages/airflow/example_dags/example_time_delta_sensor_async.py took 0.385 seconds
[2021-10-16 01:13:34,838] {processor.py:163} INFO - Started process (PID=2274) to work on /home/airflow/.local/lib/python3.6/site-packages/airflow/example_dags/example_time_delta_sensor_async.py
[2021-10-16 01:13:34,840] {processor.py:620} INFO - Processing file /home/airflow/.local/lib/python3.6/site-packages/airflow/example_dags/example_time_delta_sensor_async.py for tasks to queue
[2021-10-16 01:13:34,848] {logging_mixin.py:109} INFO - [2021-10-16 01:13:34,848] {dagbag.py:500} INFO - Filling up the DagBag from /home/airflow/.local/lib/python3.6/site-packages/airflow/example_dags/example_time_delta_sensor_async.py
[2021-10-16 01:13:34,881] {processor.py:632} INFO - DAG(s) dict_keys(['example_time_delta_sensor_async']) retrieved from /home/airflow/.local/lib/python3.6/site-packages/airflow/example_dags/example_time_delta_sensor_async.py
[2021-10-16 01:13:34,895] {logging_mixin.py:109} INFO - [2021-10-16 01:13:34,894] {dag.py:2389} INFO - Sync 1 DAGs
[2021-10-16 01:13:34,915] {logging_mixin.py:109} INFO - [2021-10-16 01:13:34,915] {dag.py:2914} INFO - Setting next_dagrun for example_time_delta_sensor_async to None
[2021-10-16 01:13:34,931] {processor.py:171} INFO - Processing /home/airflow/.local/lib/python3.6/site-packages/airflow/example_dags/example_time_delta_sensor_async.py took 0.099 seconds
[2021-10-16 01:14:05,786] {processor.py:163} INFO - Started process (PID=2329) to work on /home/airflow/.local/lib/python3.6/site-packages/airflow/example_dags/example_time_delta_sensor_async.py
[2021-10-16 01:14:05,844] {processor.py:620} INFO - Processing file /home/airflow/.local/lib/python3.6/site-packages/airflow/example_dags/example_time_delta_sensor_async.py for tasks to queue
[2021-10-16 01:14:06,125] {logging_mixin.py:109} INFO - [2021-10-16 01:14:06,124] {dagbag.py:500} INFO - Filling up the DagBag from /home/airflow/.local/lib/python3.6/site-packages/airflow/example_dags/example_time_delta_sensor_async.py
[2021-10-16 01:14:06,891] {processor.py:632} INFO - DAG(s) dict_keys(['example_time_delta_sensor_async']) retrieved from /home/airflow/.local/lib/python3.6/site-packages/airflow/example_dags/example_time_delta_sensor_async.py
[2021-10-16 01:14:06,956] {logging_mixin.py:109} INFO - [2021-10-16 01:14:06,956] {dag.py:2389} INFO - Sync 1 DAGs
[2021-10-16 01:14:07,047] {logging_mixin.py:109} INFO - [2021-10-16 01:14:07,047] {dag.py:2914} INFO - Setting next_dagrun for example_time_delta_sensor_async to None
[2021-10-16 01:14:07,128] {processor.py:171} INFO - Processing /home/airflow/.local/lib/python3.6/site-packages/airflow/example_dags/example_time_delta_sensor_async.py took 1.395 seconds
[2021-10-16 01:14:37,998] {processor.py:163} INFO - Started process (PID=2382) to work on /home/airflow/.local/lib/python3.6/site-packages/airflow/example_dags/example_time_delta_sensor_async.py
[2021-10-16 01:14:38,006] {processor.py:620} INFO - Processing file /home/airflow/.local/lib/python3.6/site-packages/airflow/example_dags/example_time_delta_sensor_async.py for tasks to queue
[2021-10-16 01:14:38,017] {logging_mixin.py:109} INFO - [2021-10-16 01:14:38,017] {dagbag.py:500} INFO - Filling up the DagBag from /home/airflow/.local/lib/python3.6/site-packages/airflow/example_dags/example_time_delta_sensor_async.py
[2021-10-16 01:14:38,146] {processor.py:632} INFO - DAG(s) dict_keys(['example_time_delta_sensor_async']) retrieved from /home/airflow/.local/lib/python3.6/site-packages/airflow/example_dags/example_time_delta_sensor_async.py
[2021-10-16 01:14:38,182] {logging_mixin.py:109} INFO - [2021-10-16 01:14:38,182] {dag.py:2389} INFO - Sync 1 DAGs
[2021-10-16 01:14:38,256] {logging_mixin.py:109} INFO - [2021-10-16 01:14:38,256] {dag.py:2914} INFO - Setting next_dagrun for example_time_delta_sensor_async to None
[2021-10-16 01:14:38,304] {processor.py:171} INFO - Processing /home/airflow/.local/lib/python3.6/site-packages/airflow/example_dags/example_time_delta_sensor_async.py took 0.321 seconds
[2021-10-16 01:15:09,138] {processor.py:163} INFO - Started process (PID=2438) to work on /home/airflow/.local/lib/python3.6/site-packages/airflow/example_dags/example_time_delta_sensor_async.py
[2021-10-16 01:15:09,145] {processor.py:620} INFO - Processing file /home/airflow/.local/lib/python3.6/site-packages/airflow/example_dags/example_time_delta_sensor_async.py for tasks to queue
[2021-10-16 01:15:09,147] {logging_mixin.py:109} INFO - [2021-10-16 01:15:09,146] {dagbag.py:500} INFO - Filling up the DagBag from /home/airflow/.local/lib/python3.6/site-packages/airflow/example_dags/example_time_delta_sensor_async.py
[2021-10-16 01:15:09,183] {processor.py:632} INFO - DAG(s) dict_keys(['example_time_delta_sensor_async']) retrieved from /home/airflow/.local/lib/python3.6/site-packages/airflow/example_dags/example_time_delta_sensor_async.py
[2021-10-16 01:15:09,196] {logging_mixin.py:109} INFO - [2021-10-16 01:15:09,196] {dag.py:2389} INFO - Sync 1 DAGs
[2021-10-16 01:15:09,214] {logging_mixin.py:109} INFO - [2021-10-16 01:15:09,214] {dag.py:2914} INFO - Setting next_dagrun for example_time_delta_sensor_async to None
[2021-10-16 01:15:09,225] {processor.py:171} INFO - Processing /home/airflow/.local/lib/python3.6/site-packages/airflow/example_dags/example_time_delta_sensor_async.py took 0.092 seconds
