[2021-10-16 00:54:01,430] {processor.py:163} INFO - Started process (PID=86) to work on /home/airflow/.local/lib/python3.6/site-packages/airflow/example_dags/tutorial_taskflow_api_etl_virtualenv.py
[2021-10-16 00:54:01,449] {processor.py:620} INFO - Processing file /home/airflow/.local/lib/python3.6/site-packages/airflow/example_dags/tutorial_taskflow_api_etl_virtualenv.py for tasks to queue
[2021-10-16 00:54:01,454] {logging_mixin.py:109} INFO - [2021-10-16 00:54:01,453] {dagbag.py:500} INFO - Filling up the DagBag from /home/airflow/.local/lib/python3.6/site-packages/airflow/example_dags/tutorial_taskflow_api_etl_virtualenv.py
[2021-10-16 00:54:01,615] {processor.py:632} INFO - DAG(s) dict_keys(['tutorial_taskflow_api_etl_virtualenv']) retrieved from /home/airflow/.local/lib/python3.6/site-packages/airflow/example_dags/tutorial_taskflow_api_etl_virtualenv.py
[2021-10-16 00:54:02,812] {logging_mixin.py:109} INFO - [2021-10-16 00:54:02,812] {dag.py:2389} INFO - Sync 1 DAGs
[2021-10-16 00:54:02,903] {logging_mixin.py:109} INFO - [2021-10-16 00:54:02,900] {dag.py:2914} INFO - Setting next_dagrun for tutorial_taskflow_api_etl_virtualenv to None
[2021-10-16 00:54:02,961] {processor.py:171} INFO - Processing /home/airflow/.local/lib/python3.6/site-packages/airflow/example_dags/tutorial_taskflow_api_etl_virtualenv.py took 1.554 seconds
[2021-10-16 00:54:33,366] {processor.py:163} INFO - Started process (PID=129) to work on /home/airflow/.local/lib/python3.6/site-packages/airflow/example_dags/tutorial_taskflow_api_etl_virtualenv.py
[2021-10-16 00:54:33,370] {processor.py:620} INFO - Processing file /home/airflow/.local/lib/python3.6/site-packages/airflow/example_dags/tutorial_taskflow_api_etl_virtualenv.py for tasks to queue
[2021-10-16 00:54:33,372] {logging_mixin.py:109} INFO - [2021-10-16 00:54:33,372] {dagbag.py:500} INFO - Filling up the DagBag from /home/airflow/.local/lib/python3.6/site-packages/airflow/example_dags/tutorial_taskflow_api_etl_virtualenv.py
[2021-10-16 00:54:33,408] {processor.py:632} INFO - DAG(s) dict_keys(['tutorial_taskflow_api_etl_virtualenv']) retrieved from /home/airflow/.local/lib/python3.6/site-packages/airflow/example_dags/tutorial_taskflow_api_etl_virtualenv.py
[2021-10-16 00:54:33,669] {logging_mixin.py:109} INFO - [2021-10-16 00:54:33,669] {dag.py:2389} INFO - Sync 1 DAGs
[2021-10-16 00:54:33,691] {logging_mixin.py:109} INFO - [2021-10-16 00:54:33,691] {dag.py:2914} INFO - Setting next_dagrun for tutorial_taskflow_api_etl_virtualenv to None
[2021-10-16 00:54:33,706] {processor.py:171} INFO - Processing /home/airflow/.local/lib/python3.6/site-packages/airflow/example_dags/tutorial_taskflow_api_etl_virtualenv.py took 0.367 seconds
[2021-10-16 00:55:04,317] {processor.py:163} INFO - Started process (PID=182) to work on /home/airflow/.local/lib/python3.6/site-packages/airflow/example_dags/tutorial_taskflow_api_etl_virtualenv.py
[2021-10-16 00:55:04,324] {processor.py:620} INFO - Processing file /home/airflow/.local/lib/python3.6/site-packages/airflow/example_dags/tutorial_taskflow_api_etl_virtualenv.py for tasks to queue
[2021-10-16 00:55:04,328] {logging_mixin.py:109} INFO - [2021-10-16 00:55:04,327] {dagbag.py:500} INFO - Filling up the DagBag from /home/airflow/.local/lib/python3.6/site-packages/airflow/example_dags/tutorial_taskflow_api_etl_virtualenv.py
[2021-10-16 00:55:04,476] {processor.py:632} INFO - DAG(s) dict_keys(['tutorial_taskflow_api_etl_virtualenv']) retrieved from /home/airflow/.local/lib/python3.6/site-packages/airflow/example_dags/tutorial_taskflow_api_etl_virtualenv.py
[2021-10-16 00:55:04,761] {logging_mixin.py:109} INFO - [2021-10-16 00:55:04,761] {dag.py:2389} INFO - Sync 1 DAGs
[2021-10-16 00:55:04,777] {logging_mixin.py:109} INFO - [2021-10-16 00:55:04,777] {dag.py:2914} INFO - Setting next_dagrun for tutorial_taskflow_api_etl_virtualenv to None
[2021-10-16 00:55:04,791] {processor.py:171} INFO - Processing /home/airflow/.local/lib/python3.6/site-packages/airflow/example_dags/tutorial_taskflow_api_etl_virtualenv.py took 0.479 seconds
[2021-10-16 00:55:35,046] {processor.py:163} INFO - Started process (PID=247) to work on /home/airflow/.local/lib/python3.6/site-packages/airflow/example_dags/tutorial_taskflow_api_etl_virtualenv.py
[2021-10-16 00:55:35,053] {processor.py:620} INFO - Processing file /home/airflow/.local/lib/python3.6/site-packages/airflow/example_dags/tutorial_taskflow_api_etl_virtualenv.py for tasks to queue
[2021-10-16 00:55:35,056] {logging_mixin.py:109} INFO - [2021-10-16 00:55:35,056] {dagbag.py:500} INFO - Filling up the DagBag from /home/airflow/.local/lib/python3.6/site-packages/airflow/example_dags/tutorial_taskflow_api_etl_virtualenv.py
[2021-10-16 00:55:35,121] {processor.py:632} INFO - DAG(s) dict_keys(['tutorial_taskflow_api_etl_virtualenv']) retrieved from /home/airflow/.local/lib/python3.6/site-packages/airflow/example_dags/tutorial_taskflow_api_etl_virtualenv.py
[2021-10-16 00:55:35,440] {logging_mixin.py:109} INFO - [2021-10-16 00:55:35,439] {dag.py:2389} INFO - Sync 1 DAGs
[2021-10-16 00:55:35,458] {logging_mixin.py:109} INFO - [2021-10-16 00:55:35,458] {dag.py:2914} INFO - Setting next_dagrun for tutorial_taskflow_api_etl_virtualenv to None
[2021-10-16 00:55:35,472] {processor.py:171} INFO - Processing /home/airflow/.local/lib/python3.6/site-packages/airflow/example_dags/tutorial_taskflow_api_etl_virtualenv.py took 0.436 seconds
[2021-10-16 00:56:06,154] {processor.py:163} INFO - Started process (PID=304) to work on /home/airflow/.local/lib/python3.6/site-packages/airflow/example_dags/tutorial_taskflow_api_etl_virtualenv.py
[2021-10-16 00:56:06,157] {processor.py:620} INFO - Processing file /home/airflow/.local/lib/python3.6/site-packages/airflow/example_dags/tutorial_taskflow_api_etl_virtualenv.py for tasks to queue
[2021-10-16 00:56:06,161] {logging_mixin.py:109} INFO - [2021-10-16 00:56:06,161] {dagbag.py:500} INFO - Filling up the DagBag from /home/airflow/.local/lib/python3.6/site-packages/airflow/example_dags/tutorial_taskflow_api_etl_virtualenv.py
[2021-10-16 00:56:06,244] {processor.py:632} INFO - DAG(s) dict_keys(['tutorial_taskflow_api_etl_virtualenv']) retrieved from /home/airflow/.local/lib/python3.6/site-packages/airflow/example_dags/tutorial_taskflow_api_etl_virtualenv.py
[2021-10-16 00:56:08,210] {logging_mixin.py:109} INFO - [2021-10-16 00:56:08,210] {dag.py:2389} INFO - Sync 1 DAGs
[2021-10-16 00:56:08,258] {logging_mixin.py:109} INFO - [2021-10-16 00:56:08,258] {dag.py:2914} INFO - Setting next_dagrun for tutorial_taskflow_api_etl_virtualenv to None
[2021-10-16 00:56:08,301] {processor.py:171} INFO - Processing /home/airflow/.local/lib/python3.6/site-packages/airflow/example_dags/tutorial_taskflow_api_etl_virtualenv.py took 2.156 seconds
[2021-10-16 00:56:38,587] {processor.py:163} INFO - Started process (PID=358) to work on /home/airflow/.local/lib/python3.6/site-packages/airflow/example_dags/tutorial_taskflow_api_etl_virtualenv.py
[2021-10-16 00:56:38,590] {processor.py:620} INFO - Processing file /home/airflow/.local/lib/python3.6/site-packages/airflow/example_dags/tutorial_taskflow_api_etl_virtualenv.py for tasks to queue
[2021-10-16 00:56:38,592] {logging_mixin.py:109} INFO - [2021-10-16 00:56:38,592] {dagbag.py:500} INFO - Filling up the DagBag from /home/airflow/.local/lib/python3.6/site-packages/airflow/example_dags/tutorial_taskflow_api_etl_virtualenv.py
[2021-10-16 00:56:38,682] {processor.py:632} INFO - DAG(s) dict_keys(['tutorial_taskflow_api_etl_virtualenv']) retrieved from /home/airflow/.local/lib/python3.6/site-packages/airflow/example_dags/tutorial_taskflow_api_etl_virtualenv.py
[2021-10-16 00:56:39,165] {logging_mixin.py:109} INFO - [2021-10-16 00:56:39,165] {dag.py:2389} INFO - Sync 1 DAGs
[2021-10-16 00:56:39,209] {logging_mixin.py:109} INFO - [2021-10-16 00:56:39,209] {dag.py:2914} INFO - Setting next_dagrun for tutorial_taskflow_api_etl_virtualenv to None
[2021-10-16 00:56:39,229] {processor.py:171} INFO - Processing /home/airflow/.local/lib/python3.6/site-packages/airflow/example_dags/tutorial_taskflow_api_etl_virtualenv.py took 0.650 seconds
[2021-10-16 00:57:09,306] {processor.py:163} INFO - Started process (PID=425) to work on /home/airflow/.local/lib/python3.6/site-packages/airflow/example_dags/tutorial_taskflow_api_etl_virtualenv.py
[2021-10-16 00:57:09,321] {processor.py:620} INFO - Processing file /home/airflow/.local/lib/python3.6/site-packages/airflow/example_dags/tutorial_taskflow_api_etl_virtualenv.py for tasks to queue
[2021-10-16 00:57:09,326] {logging_mixin.py:109} INFO - [2021-10-16 00:57:09,326] {dagbag.py:500} INFO - Filling up the DagBag from /home/airflow/.local/lib/python3.6/site-packages/airflow/example_dags/tutorial_taskflow_api_etl_virtualenv.py
[2021-10-16 00:57:09,491] {processor.py:632} INFO - DAG(s) dict_keys(['tutorial_taskflow_api_etl_virtualenv']) retrieved from /home/airflow/.local/lib/python3.6/site-packages/airflow/example_dags/tutorial_taskflow_api_etl_virtualenv.py
[2021-10-16 00:57:09,982] {logging_mixin.py:109} INFO - [2021-10-16 00:57:09,982] {dag.py:2389} INFO - Sync 1 DAGs
[2021-10-16 00:57:10,021] {logging_mixin.py:109} INFO - [2021-10-16 00:57:10,021] {dag.py:2914} INFO - Setting next_dagrun for tutorial_taskflow_api_etl_virtualenv to None
[2021-10-16 00:57:10,043] {processor.py:171} INFO - Processing /home/airflow/.local/lib/python3.6/site-packages/airflow/example_dags/tutorial_taskflow_api_etl_virtualenv.py took 0.758 seconds
[2021-10-16 00:57:40,567] {processor.py:163} INFO - Started process (PID=482) to work on /home/airflow/.local/lib/python3.6/site-packages/airflow/example_dags/tutorial_taskflow_api_etl_virtualenv.py
[2021-10-16 00:57:40,575] {processor.py:620} INFO - Processing file /home/airflow/.local/lib/python3.6/site-packages/airflow/example_dags/tutorial_taskflow_api_etl_virtualenv.py for tasks to queue
[2021-10-16 00:57:40,578] {logging_mixin.py:109} INFO - [2021-10-16 00:57:40,578] {dagbag.py:500} INFO - Filling up the DagBag from /home/airflow/.local/lib/python3.6/site-packages/airflow/example_dags/tutorial_taskflow_api_etl_virtualenv.py
[2021-10-16 00:57:40,645] {processor.py:632} INFO - DAG(s) dict_keys(['tutorial_taskflow_api_etl_virtualenv']) retrieved from /home/airflow/.local/lib/python3.6/site-packages/airflow/example_dags/tutorial_taskflow_api_etl_virtualenv.py
[2021-10-16 00:57:40,899] {logging_mixin.py:109} INFO - [2021-10-16 00:57:40,899] {dag.py:2389} INFO - Sync 1 DAGs
[2021-10-16 00:57:40,915] {logging_mixin.py:109} INFO - [2021-10-16 00:57:40,915] {dag.py:2914} INFO - Setting next_dagrun for tutorial_taskflow_api_etl_virtualenv to None
[2021-10-16 00:57:40,929] {processor.py:171} INFO - Processing /home/airflow/.local/lib/python3.6/site-packages/airflow/example_dags/tutorial_taskflow_api_etl_virtualenv.py took 0.371 seconds
[2021-10-16 00:58:11,364] {processor.py:163} INFO - Started process (PID=535) to work on /home/airflow/.local/lib/python3.6/site-packages/airflow/example_dags/tutorial_taskflow_api_etl_virtualenv.py
[2021-10-16 00:58:11,367] {processor.py:620} INFO - Processing file /home/airflow/.local/lib/python3.6/site-packages/airflow/example_dags/tutorial_taskflow_api_etl_virtualenv.py for tasks to queue
[2021-10-16 00:58:11,369] {logging_mixin.py:109} INFO - [2021-10-16 00:58:11,368] {dagbag.py:500} INFO - Filling up the DagBag from /home/airflow/.local/lib/python3.6/site-packages/airflow/example_dags/tutorial_taskflow_api_etl_virtualenv.py
[2021-10-16 00:58:11,440] {processor.py:632} INFO - DAG(s) dict_keys(['tutorial_taskflow_api_etl_virtualenv']) retrieved from /home/airflow/.local/lib/python3.6/site-packages/airflow/example_dags/tutorial_taskflow_api_etl_virtualenv.py
[2021-10-16 00:58:11,454] {logging_mixin.py:109} INFO - [2021-10-16 00:58:11,453] {dag.py:2389} INFO - Sync 1 DAGs
[2021-10-16 00:58:11,477] {logging_mixin.py:109} INFO - [2021-10-16 00:58:11,477] {dag.py:2914} INFO - Setting next_dagrun for tutorial_taskflow_api_etl_virtualenv to None
[2021-10-16 00:58:11,497] {processor.py:171} INFO - Processing /home/airflow/.local/lib/python3.6/site-packages/airflow/example_dags/tutorial_taskflow_api_etl_virtualenv.py took 0.138 seconds
[2021-10-16 00:58:42,012] {processor.py:163} INFO - Started process (PID=588) to work on /home/airflow/.local/lib/python3.6/site-packages/airflow/example_dags/tutorial_taskflow_api_etl_virtualenv.py
[2021-10-16 00:58:42,020] {processor.py:620} INFO - Processing file /home/airflow/.local/lib/python3.6/site-packages/airflow/example_dags/tutorial_taskflow_api_etl_virtualenv.py for tasks to queue
[2021-10-16 00:58:42,022] {logging_mixin.py:109} INFO - [2021-10-16 00:58:42,022] {dagbag.py:500} INFO - Filling up the DagBag from /home/airflow/.local/lib/python3.6/site-packages/airflow/example_dags/tutorial_taskflow_api_etl_virtualenv.py
[2021-10-16 00:58:42,066] {processor.py:632} INFO - DAG(s) dict_keys(['tutorial_taskflow_api_etl_virtualenv']) retrieved from /home/airflow/.local/lib/python3.6/site-packages/airflow/example_dags/tutorial_taskflow_api_etl_virtualenv.py
[2021-10-16 00:58:42,392] {logging_mixin.py:109} INFO - [2021-10-16 00:58:42,392] {dag.py:2389} INFO - Sync 1 DAGs
[2021-10-16 00:58:42,409] {logging_mixin.py:109} INFO - [2021-10-16 00:58:42,408] {dag.py:2914} INFO - Setting next_dagrun for tutorial_taskflow_api_etl_virtualenv to None
[2021-10-16 00:58:42,426] {processor.py:171} INFO - Processing /home/airflow/.local/lib/python3.6/site-packages/airflow/example_dags/tutorial_taskflow_api_etl_virtualenv.py took 0.422 seconds
[2021-10-16 00:59:13,071] {processor.py:163} INFO - Started process (PID=659) to work on /home/airflow/.local/lib/python3.6/site-packages/airflow/example_dags/tutorial_taskflow_api_etl_virtualenv.py
[2021-10-16 00:59:13,091] {processor.py:620} INFO - Processing file /home/airflow/.local/lib/python3.6/site-packages/airflow/example_dags/tutorial_taskflow_api_etl_virtualenv.py for tasks to queue
[2021-10-16 00:59:13,101] {logging_mixin.py:109} INFO - [2021-10-16 00:59:13,100] {dagbag.py:500} INFO - Filling up the DagBag from /home/airflow/.local/lib/python3.6/site-packages/airflow/example_dags/tutorial_taskflow_api_etl_virtualenv.py
[2021-10-16 00:59:13,703] {processor.py:632} INFO - DAG(s) dict_keys(['tutorial_taskflow_api_etl_virtualenv']) retrieved from /home/airflow/.local/lib/python3.6/site-packages/airflow/example_dags/tutorial_taskflow_api_etl_virtualenv.py
[2021-10-16 00:59:15,954] {logging_mixin.py:109} INFO - [2021-10-16 00:59:15,953] {dag.py:2389} INFO - Sync 1 DAGs
[2021-10-16 00:59:16,008] {logging_mixin.py:109} INFO - [2021-10-16 00:59:16,008] {dag.py:2914} INFO - Setting next_dagrun for tutorial_taskflow_api_etl_virtualenv to None
[2021-10-16 00:59:16,037] {processor.py:171} INFO - Processing /home/airflow/.local/lib/python3.6/site-packages/airflow/example_dags/tutorial_taskflow_api_etl_virtualenv.py took 2.982 seconds
[2021-10-16 00:59:46,785] {processor.py:163} INFO - Started process (PID=717) to work on /home/airflow/.local/lib/python3.6/site-packages/airflow/example_dags/tutorial_taskflow_api_etl_virtualenv.py
[2021-10-16 00:59:46,792] {processor.py:620} INFO - Processing file /home/airflow/.local/lib/python3.6/site-packages/airflow/example_dags/tutorial_taskflow_api_etl_virtualenv.py for tasks to queue
[2021-10-16 00:59:46,796] {logging_mixin.py:109} INFO - [2021-10-16 00:59:46,796] {dagbag.py:500} INFO - Filling up the DagBag from /home/airflow/.local/lib/python3.6/site-packages/airflow/example_dags/tutorial_taskflow_api_etl_virtualenv.py
[2021-10-16 00:59:46,872] {processor.py:632} INFO - DAG(s) dict_keys(['tutorial_taskflow_api_etl_virtualenv']) retrieved from /home/airflow/.local/lib/python3.6/site-packages/airflow/example_dags/tutorial_taskflow_api_etl_virtualenv.py
[2021-10-16 00:59:47,377] {logging_mixin.py:109} INFO - [2021-10-16 00:59:47,377] {dag.py:2389} INFO - Sync 1 DAGs
[2021-10-16 00:59:47,393] {logging_mixin.py:109} INFO - [2021-10-16 00:59:47,393] {dag.py:2914} INFO - Setting next_dagrun for tutorial_taskflow_api_etl_virtualenv to None
[2021-10-16 00:59:47,406] {processor.py:171} INFO - Processing /home/airflow/.local/lib/python3.6/site-packages/airflow/example_dags/tutorial_taskflow_api_etl_virtualenv.py took 0.630 seconds
[2021-10-16 01:00:17,499] {processor.py:163} INFO - Started process (PID=772) to work on /home/airflow/.local/lib/python3.6/site-packages/airflow/example_dags/tutorial_taskflow_api_etl_virtualenv.py
[2021-10-16 01:00:17,504] {processor.py:620} INFO - Processing file /home/airflow/.local/lib/python3.6/site-packages/airflow/example_dags/tutorial_taskflow_api_etl_virtualenv.py for tasks to queue
[2021-10-16 01:00:17,505] {logging_mixin.py:109} INFO - [2021-10-16 01:00:17,505] {dagbag.py:500} INFO - Filling up the DagBag from /home/airflow/.local/lib/python3.6/site-packages/airflow/example_dags/tutorial_taskflow_api_etl_virtualenv.py
[2021-10-16 01:00:17,569] {processor.py:632} INFO - DAG(s) dict_keys(['tutorial_taskflow_api_etl_virtualenv']) retrieved from /home/airflow/.local/lib/python3.6/site-packages/airflow/example_dags/tutorial_taskflow_api_etl_virtualenv.py
[2021-10-16 01:00:17,870] {logging_mixin.py:109} INFO - [2021-10-16 01:00:17,869] {dag.py:2389} INFO - Sync 1 DAGs
[2021-10-16 01:00:17,884] {logging_mixin.py:109} INFO - [2021-10-16 01:00:17,883] {dag.py:2914} INFO - Setting next_dagrun for tutorial_taskflow_api_etl_virtualenv to None
[2021-10-16 01:00:17,895] {processor.py:171} INFO - Processing /home/airflow/.local/lib/python3.6/site-packages/airflow/example_dags/tutorial_taskflow_api_etl_virtualenv.py took 0.401 seconds
[2021-10-16 01:00:47,958] {processor.py:163} INFO - Started process (PID=828) to work on /home/airflow/.local/lib/python3.6/site-packages/airflow/example_dags/tutorial_taskflow_api_etl_virtualenv.py
[2021-10-16 01:00:47,963] {processor.py:620} INFO - Processing file /home/airflow/.local/lib/python3.6/site-packages/airflow/example_dags/tutorial_taskflow_api_etl_virtualenv.py for tasks to queue
[2021-10-16 01:00:47,964] {logging_mixin.py:109} INFO - [2021-10-16 01:00:47,964] {dagbag.py:500} INFO - Filling up the DagBag from /home/airflow/.local/lib/python3.6/site-packages/airflow/example_dags/tutorial_taskflow_api_etl_virtualenv.py
[2021-10-16 01:00:48,012] {processor.py:632} INFO - DAG(s) dict_keys(['tutorial_taskflow_api_etl_virtualenv']) retrieved from /home/airflow/.local/lib/python3.6/site-packages/airflow/example_dags/tutorial_taskflow_api_etl_virtualenv.py
[2021-10-16 01:00:48,257] {logging_mixin.py:109} INFO - [2021-10-16 01:00:48,257] {dag.py:2389} INFO - Sync 1 DAGs
[2021-10-16 01:00:48,271] {logging_mixin.py:109} INFO - [2021-10-16 01:00:48,271] {dag.py:2914} INFO - Setting next_dagrun for tutorial_taskflow_api_etl_virtualenv to None
[2021-10-16 01:00:48,282] {processor.py:171} INFO - Processing /home/airflow/.local/lib/python3.6/site-packages/airflow/example_dags/tutorial_taskflow_api_etl_virtualenv.py took 0.330 seconds
[2021-10-16 01:01:18,524] {processor.py:163} INFO - Started process (PID=897) to work on /home/airflow/.local/lib/python3.6/site-packages/airflow/example_dags/tutorial_taskflow_api_etl_virtualenv.py
[2021-10-16 01:01:18,527] {processor.py:620} INFO - Processing file /home/airflow/.local/lib/python3.6/site-packages/airflow/example_dags/tutorial_taskflow_api_etl_virtualenv.py for tasks to queue
[2021-10-16 01:01:18,530] {logging_mixin.py:109} INFO - [2021-10-16 01:01:18,530] {dagbag.py:500} INFO - Filling up the DagBag from /home/airflow/.local/lib/python3.6/site-packages/airflow/example_dags/tutorial_taskflow_api_etl_virtualenv.py
[2021-10-16 01:01:18,577] {processor.py:632} INFO - DAG(s) dict_keys(['tutorial_taskflow_api_etl_virtualenv']) retrieved from /home/airflow/.local/lib/python3.6/site-packages/airflow/example_dags/tutorial_taskflow_api_etl_virtualenv.py
[2021-10-16 01:01:18,853] {logging_mixin.py:109} INFO - [2021-10-16 01:01:18,852] {dag.py:2389} INFO - Sync 1 DAGs
[2021-10-16 01:01:18,875] {logging_mixin.py:109} INFO - [2021-10-16 01:01:18,874] {dag.py:2914} INFO - Setting next_dagrun for tutorial_taskflow_api_etl_virtualenv to None
[2021-10-16 01:01:18,887] {processor.py:171} INFO - Processing /home/airflow/.local/lib/python3.6/site-packages/airflow/example_dags/tutorial_taskflow_api_etl_virtualenv.py took 0.366 seconds
[2021-10-16 01:01:49,444] {processor.py:163} INFO - Started process (PID=952) to work on /home/airflow/.local/lib/python3.6/site-packages/airflow/example_dags/tutorial_taskflow_api_etl_virtualenv.py
[2021-10-16 01:01:49,448] {processor.py:620} INFO - Processing file /home/airflow/.local/lib/python3.6/site-packages/airflow/example_dags/tutorial_taskflow_api_etl_virtualenv.py for tasks to queue
[2021-10-16 01:01:49,450] {logging_mixin.py:109} INFO - [2021-10-16 01:01:49,449] {dagbag.py:500} INFO - Filling up the DagBag from /home/airflow/.local/lib/python3.6/site-packages/airflow/example_dags/tutorial_taskflow_api_etl_virtualenv.py
[2021-10-16 01:01:49,489] {processor.py:632} INFO - DAG(s) dict_keys(['tutorial_taskflow_api_etl_virtualenv']) retrieved from /home/airflow/.local/lib/python3.6/site-packages/airflow/example_dags/tutorial_taskflow_api_etl_virtualenv.py
[2021-10-16 01:01:49,718] {logging_mixin.py:109} INFO - [2021-10-16 01:01:49,718] {dag.py:2389} INFO - Sync 1 DAGs
[2021-10-16 01:01:49,734] {logging_mixin.py:109} INFO - [2021-10-16 01:01:49,734] {dag.py:2914} INFO - Setting next_dagrun for tutorial_taskflow_api_etl_virtualenv to None
[2021-10-16 01:01:49,744] {processor.py:171} INFO - Processing /home/airflow/.local/lib/python3.6/site-packages/airflow/example_dags/tutorial_taskflow_api_etl_virtualenv.py took 0.313 seconds
[2021-10-16 01:02:19,941] {processor.py:163} INFO - Started process (PID=1014) to work on /home/airflow/.local/lib/python3.6/site-packages/airflow/example_dags/tutorial_taskflow_api_etl_virtualenv.py
[2021-10-16 01:02:19,950] {processor.py:620} INFO - Processing file /home/airflow/.local/lib/python3.6/site-packages/airflow/example_dags/tutorial_taskflow_api_etl_virtualenv.py for tasks to queue
[2021-10-16 01:02:19,954] {logging_mixin.py:109} INFO - [2021-10-16 01:02:19,953] {dagbag.py:500} INFO - Filling up the DagBag from /home/airflow/.local/lib/python3.6/site-packages/airflow/example_dags/tutorial_taskflow_api_etl_virtualenv.py
[2021-10-16 01:02:20,047] {processor.py:632} INFO - DAG(s) dict_keys(['tutorial_taskflow_api_etl_virtualenv']) retrieved from /home/airflow/.local/lib/python3.6/site-packages/airflow/example_dags/tutorial_taskflow_api_etl_virtualenv.py
[2021-10-16 01:02:20,379] {logging_mixin.py:109} INFO - [2021-10-16 01:02:20,379] {dag.py:2389} INFO - Sync 1 DAGs
[2021-10-16 01:02:20,404] {logging_mixin.py:109} INFO - [2021-10-16 01:02:20,404] {dag.py:2914} INFO - Setting next_dagrun for tutorial_taskflow_api_etl_virtualenv to None
[2021-10-16 01:02:20,420] {processor.py:171} INFO - Processing /home/airflow/.local/lib/python3.6/site-packages/airflow/example_dags/tutorial_taskflow_api_etl_virtualenv.py took 0.486 seconds
[2021-10-16 01:02:50,604] {processor.py:163} INFO - Started process (PID=1075) to work on /home/airflow/.local/lib/python3.6/site-packages/airflow/example_dags/tutorial_taskflow_api_etl_virtualenv.py
[2021-10-16 01:02:50,607] {processor.py:620} INFO - Processing file /home/airflow/.local/lib/python3.6/site-packages/airflow/example_dags/tutorial_taskflow_api_etl_virtualenv.py for tasks to queue
[2021-10-16 01:02:50,609] {logging_mixin.py:109} INFO - [2021-10-16 01:02:50,609] {dagbag.py:500} INFO - Filling up the DagBag from /home/airflow/.local/lib/python3.6/site-packages/airflow/example_dags/tutorial_taskflow_api_etl_virtualenv.py
[2021-10-16 01:02:50,657] {processor.py:632} INFO - DAG(s) dict_keys(['tutorial_taskflow_api_etl_virtualenv']) retrieved from /home/airflow/.local/lib/python3.6/site-packages/airflow/example_dags/tutorial_taskflow_api_etl_virtualenv.py
[2021-10-16 01:02:50,873] {logging_mixin.py:109} INFO - [2021-10-16 01:02:50,873] {dag.py:2389} INFO - Sync 1 DAGs
[2021-10-16 01:02:50,914] {logging_mixin.py:109} INFO - [2021-10-16 01:02:50,914] {dag.py:2914} INFO - Setting next_dagrun for tutorial_taskflow_api_etl_virtualenv to None
[2021-10-16 01:02:50,954] {processor.py:171} INFO - Processing /home/airflow/.local/lib/python3.6/site-packages/airflow/example_dags/tutorial_taskflow_api_etl_virtualenv.py took 0.361 seconds
[2021-10-16 01:03:21,007] {processor.py:163} INFO - Started process (PID=1127) to work on /home/airflow/.local/lib/python3.6/site-packages/airflow/example_dags/tutorial_taskflow_api_etl_virtualenv.py
[2021-10-16 01:03:21,009] {processor.py:620} INFO - Processing file /home/airflow/.local/lib/python3.6/site-packages/airflow/example_dags/tutorial_taskflow_api_etl_virtualenv.py for tasks to queue
[2021-10-16 01:03:21,011] {logging_mixin.py:109} INFO - [2021-10-16 01:03:21,011] {dagbag.py:500} INFO - Filling up the DagBag from /home/airflow/.local/lib/python3.6/site-packages/airflow/example_dags/tutorial_taskflow_api_etl_virtualenv.py
[2021-10-16 01:03:21,081] {processor.py:632} INFO - DAG(s) dict_keys(['tutorial_taskflow_api_etl_virtualenv']) retrieved from /home/airflow/.local/lib/python3.6/site-packages/airflow/example_dags/tutorial_taskflow_api_etl_virtualenv.py
[2021-10-16 01:03:21,300] {logging_mixin.py:109} INFO - [2021-10-16 01:03:21,300] {dag.py:2389} INFO - Sync 1 DAGs
[2021-10-16 01:03:21,314] {logging_mixin.py:109} INFO - [2021-10-16 01:03:21,314] {dag.py:2914} INFO - Setting next_dagrun for tutorial_taskflow_api_etl_virtualenv to None
[2021-10-16 01:03:21,330] {processor.py:171} INFO - Processing /home/airflow/.local/lib/python3.6/site-packages/airflow/example_dags/tutorial_taskflow_api_etl_virtualenv.py took 0.326 seconds
[2021-10-16 01:03:51,376] {processor.py:163} INFO - Started process (PID=1193) to work on /home/airflow/.local/lib/python3.6/site-packages/airflow/example_dags/tutorial_taskflow_api_etl_virtualenv.py
[2021-10-16 01:03:51,379] {processor.py:620} INFO - Processing file /home/airflow/.local/lib/python3.6/site-packages/airflow/example_dags/tutorial_taskflow_api_etl_virtualenv.py for tasks to queue
[2021-10-16 01:03:51,381] {logging_mixin.py:109} INFO - [2021-10-16 01:03:51,381] {dagbag.py:500} INFO - Filling up the DagBag from /home/airflow/.local/lib/python3.6/site-packages/airflow/example_dags/tutorial_taskflow_api_etl_virtualenv.py
[2021-10-16 01:03:51,420] {processor.py:632} INFO - DAG(s) dict_keys(['tutorial_taskflow_api_etl_virtualenv']) retrieved from /home/airflow/.local/lib/python3.6/site-packages/airflow/example_dags/tutorial_taskflow_api_etl_virtualenv.py
[2021-10-16 01:03:51,606] {logging_mixin.py:109} INFO - [2021-10-16 01:03:51,606] {dag.py:2389} INFO - Sync 1 DAGs
[2021-10-16 01:03:51,623] {logging_mixin.py:109} INFO - [2021-10-16 01:03:51,623] {dag.py:2914} INFO - Setting next_dagrun for tutorial_taskflow_api_etl_virtualenv to None
[2021-10-16 01:03:51,644] {processor.py:171} INFO - Processing /home/airflow/.local/lib/python3.6/site-packages/airflow/example_dags/tutorial_taskflow_api_etl_virtualenv.py took 0.272 seconds
[2021-10-16 01:04:22,112] {processor.py:163} INFO - Started process (PID=1244) to work on /home/airflow/.local/lib/python3.6/site-packages/airflow/example_dags/tutorial_taskflow_api_etl_virtualenv.py
[2021-10-16 01:04:22,119] {processor.py:620} INFO - Processing file /home/airflow/.local/lib/python3.6/site-packages/airflow/example_dags/tutorial_taskflow_api_etl_virtualenv.py for tasks to queue
[2021-10-16 01:04:22,121] {logging_mixin.py:109} INFO - [2021-10-16 01:04:22,120] {dagbag.py:500} INFO - Filling up the DagBag from /home/airflow/.local/lib/python3.6/site-packages/airflow/example_dags/tutorial_taskflow_api_etl_virtualenv.py
[2021-10-16 01:04:22,164] {processor.py:632} INFO - DAG(s) dict_keys(['tutorial_taskflow_api_etl_virtualenv']) retrieved from /home/airflow/.local/lib/python3.6/site-packages/airflow/example_dags/tutorial_taskflow_api_etl_virtualenv.py
[2021-10-16 01:04:22,416] {logging_mixin.py:109} INFO - [2021-10-16 01:04:22,416] {dag.py:2389} INFO - Sync 1 DAGs
[2021-10-16 01:04:22,434] {logging_mixin.py:109} INFO - [2021-10-16 01:04:22,434] {dag.py:2914} INFO - Setting next_dagrun for tutorial_taskflow_api_etl_virtualenv to None
[2021-10-16 01:04:22,447] {processor.py:171} INFO - Processing /home/airflow/.local/lib/python3.6/site-packages/airflow/example_dags/tutorial_taskflow_api_etl_virtualenv.py took 0.340 seconds
[2021-10-16 01:04:52,579] {processor.py:163} INFO - Started process (PID=1300) to work on /home/airflow/.local/lib/python3.6/site-packages/airflow/example_dags/tutorial_taskflow_api_etl_virtualenv.py
[2021-10-16 01:04:52,581] {processor.py:620} INFO - Processing file /home/airflow/.local/lib/python3.6/site-packages/airflow/example_dags/tutorial_taskflow_api_etl_virtualenv.py for tasks to queue
[2021-10-16 01:04:52,584] {logging_mixin.py:109} INFO - [2021-10-16 01:04:52,584] {dagbag.py:500} INFO - Filling up the DagBag from /home/airflow/.local/lib/python3.6/site-packages/airflow/example_dags/tutorial_taskflow_api_etl_virtualenv.py
[2021-10-16 01:04:52,619] {processor.py:632} INFO - DAG(s) dict_keys(['tutorial_taskflow_api_etl_virtualenv']) retrieved from /home/airflow/.local/lib/python3.6/site-packages/airflow/example_dags/tutorial_taskflow_api_etl_virtualenv.py
[2021-10-16 01:04:52,839] {logging_mixin.py:109} INFO - [2021-10-16 01:04:52,839] {dag.py:2389} INFO - Sync 1 DAGs
[2021-10-16 01:04:52,857] {logging_mixin.py:109} INFO - [2021-10-16 01:04:52,857] {dag.py:2914} INFO - Setting next_dagrun for tutorial_taskflow_api_etl_virtualenv to None
[2021-10-16 01:04:52,873] {processor.py:171} INFO - Processing /home/airflow/.local/lib/python3.6/site-packages/airflow/example_dags/tutorial_taskflow_api_etl_virtualenv.py took 0.298 seconds
[2021-10-16 01:05:24,215] {processor.py:163} INFO - Started process (PID=1355) to work on /home/airflow/.local/lib/python3.6/site-packages/airflow/example_dags/tutorial_taskflow_api_etl_virtualenv.py
[2021-10-16 01:05:24,218] {processor.py:620} INFO - Processing file /home/airflow/.local/lib/python3.6/site-packages/airflow/example_dags/tutorial_taskflow_api_etl_virtualenv.py for tasks to queue
[2021-10-16 01:05:24,220] {logging_mixin.py:109} INFO - [2021-10-16 01:05:24,220] {dagbag.py:500} INFO - Filling up the DagBag from /home/airflow/.local/lib/python3.6/site-packages/airflow/example_dags/tutorial_taskflow_api_etl_virtualenv.py
[2021-10-16 01:05:24,316] {processor.py:632} INFO - DAG(s) dict_keys(['tutorial_taskflow_api_etl_virtualenv']) retrieved from /home/airflow/.local/lib/python3.6/site-packages/airflow/example_dags/tutorial_taskflow_api_etl_virtualenv.py
[2021-10-16 01:05:24,840] {logging_mixin.py:109} INFO - [2021-10-16 01:05:24,839] {dag.py:2389} INFO - Sync 1 DAGs
[2021-10-16 01:05:24,871] {logging_mixin.py:109} INFO - [2021-10-16 01:05:24,871] {dag.py:2914} INFO - Setting next_dagrun for tutorial_taskflow_api_etl_virtualenv to None
[2021-10-16 01:05:24,886] {processor.py:171} INFO - Processing /home/airflow/.local/lib/python3.6/site-packages/airflow/example_dags/tutorial_taskflow_api_etl_virtualenv.py took 0.693 seconds
[2021-10-16 01:05:55,035] {processor.py:163} INFO - Started process (PID=1416) to work on /home/airflow/.local/lib/python3.6/site-packages/airflow/example_dags/tutorial_taskflow_api_etl_virtualenv.py
[2021-10-16 01:05:55,047] {processor.py:620} INFO - Processing file /home/airflow/.local/lib/python3.6/site-packages/airflow/example_dags/tutorial_taskflow_api_etl_virtualenv.py for tasks to queue
[2021-10-16 01:05:55,048] {logging_mixin.py:109} INFO - [2021-10-16 01:05:55,048] {dagbag.py:500} INFO - Filling up the DagBag from /home/airflow/.local/lib/python3.6/site-packages/airflow/example_dags/tutorial_taskflow_api_etl_virtualenv.py
[2021-10-16 01:05:55,109] {processor.py:632} INFO - DAG(s) dict_keys(['tutorial_taskflow_api_etl_virtualenv']) retrieved from /home/airflow/.local/lib/python3.6/site-packages/airflow/example_dags/tutorial_taskflow_api_etl_virtualenv.py
[2021-10-16 01:05:55,511] {logging_mixin.py:109} INFO - [2021-10-16 01:05:55,511] {dag.py:2389} INFO - Sync 1 DAGs
[2021-10-16 01:05:55,541] {logging_mixin.py:109} INFO - [2021-10-16 01:05:55,541] {dag.py:2914} INFO - Setting next_dagrun for tutorial_taskflow_api_etl_virtualenv to None
[2021-10-16 01:05:55,567] {processor.py:171} INFO - Processing /home/airflow/.local/lib/python3.6/site-packages/airflow/example_dags/tutorial_taskflow_api_etl_virtualenv.py took 0.536 seconds
[2021-10-16 01:06:25,772] {processor.py:163} INFO - Started process (PID=1472) to work on /home/airflow/.local/lib/python3.6/site-packages/airflow/example_dags/tutorial_taskflow_api_etl_virtualenv.py
[2021-10-16 01:06:25,792] {processor.py:620} INFO - Processing file /home/airflow/.local/lib/python3.6/site-packages/airflow/example_dags/tutorial_taskflow_api_etl_virtualenv.py for tasks to queue
[2021-10-16 01:06:25,796] {logging_mixin.py:109} INFO - [2021-10-16 01:06:25,796] {dagbag.py:500} INFO - Filling up the DagBag from /home/airflow/.local/lib/python3.6/site-packages/airflow/example_dags/tutorial_taskflow_api_etl_virtualenv.py
[2021-10-16 01:06:26,066] {processor.py:632} INFO - DAG(s) dict_keys(['tutorial_taskflow_api_etl_virtualenv']) retrieved from /home/airflow/.local/lib/python3.6/site-packages/airflow/example_dags/tutorial_taskflow_api_etl_virtualenv.py
[2021-10-16 01:06:26,436] {logging_mixin.py:109} INFO - [2021-10-16 01:06:26,436] {dag.py:2389} INFO - Sync 1 DAGs
[2021-10-16 01:06:26,461] {logging_mixin.py:109} INFO - [2021-10-16 01:06:26,461] {dag.py:2914} INFO - Setting next_dagrun for tutorial_taskflow_api_etl_virtualenv to None
[2021-10-16 01:06:26,484] {processor.py:171} INFO - Processing /home/airflow/.local/lib/python3.6/site-packages/airflow/example_dags/tutorial_taskflow_api_etl_virtualenv.py took 0.735 seconds
[2021-10-16 01:06:56,757] {processor.py:163} INFO - Started process (PID=1525) to work on /home/airflow/.local/lib/python3.6/site-packages/airflow/example_dags/tutorial_taskflow_api_etl_virtualenv.py
[2021-10-16 01:06:56,759] {processor.py:620} INFO - Processing file /home/airflow/.local/lib/python3.6/site-packages/airflow/example_dags/tutorial_taskflow_api_etl_virtualenv.py for tasks to queue
[2021-10-16 01:06:56,761] {logging_mixin.py:109} INFO - [2021-10-16 01:06:56,760] {dagbag.py:500} INFO - Filling up the DagBag from /home/airflow/.local/lib/python3.6/site-packages/airflow/example_dags/tutorial_taskflow_api_etl_virtualenv.py
[2021-10-16 01:06:56,806] {processor.py:632} INFO - DAG(s) dict_keys(['tutorial_taskflow_api_etl_virtualenv']) retrieved from /home/airflow/.local/lib/python3.6/site-packages/airflow/example_dags/tutorial_taskflow_api_etl_virtualenv.py
[2021-10-16 01:06:57,291] {logging_mixin.py:109} INFO - [2021-10-16 01:06:57,290] {dag.py:2389} INFO - Sync 1 DAGs
[2021-10-16 01:06:57,343] {logging_mixin.py:109} INFO - [2021-10-16 01:06:57,343] {dag.py:2914} INFO - Setting next_dagrun for tutorial_taskflow_api_etl_virtualenv to None
[2021-10-16 01:06:57,367] {processor.py:171} INFO - Processing /home/airflow/.local/lib/python3.6/site-packages/airflow/example_dags/tutorial_taskflow_api_etl_virtualenv.py took 0.614 seconds
[2021-10-16 01:07:27,949] {processor.py:163} INFO - Started process (PID=1580) to work on /home/airflow/.local/lib/python3.6/site-packages/airflow/example_dags/tutorial_taskflow_api_etl_virtualenv.py
[2021-10-16 01:07:27,952] {processor.py:620} INFO - Processing file /home/airflow/.local/lib/python3.6/site-packages/airflow/example_dags/tutorial_taskflow_api_etl_virtualenv.py for tasks to queue
[2021-10-16 01:07:27,955] {logging_mixin.py:109} INFO - [2021-10-16 01:07:27,954] {dagbag.py:500} INFO - Filling up the DagBag from /home/airflow/.local/lib/python3.6/site-packages/airflow/example_dags/tutorial_taskflow_api_etl_virtualenv.py
[2021-10-16 01:07:28,011] {processor.py:632} INFO - DAG(s) dict_keys(['tutorial_taskflow_api_etl_virtualenv']) retrieved from /home/airflow/.local/lib/python3.6/site-packages/airflow/example_dags/tutorial_taskflow_api_etl_virtualenv.py
[2021-10-16 01:07:28,367] {logging_mixin.py:109} INFO - [2021-10-16 01:07:28,367] {dag.py:2389} INFO - Sync 1 DAGs
[2021-10-16 01:07:28,397] {logging_mixin.py:109} INFO - [2021-10-16 01:07:28,397] {dag.py:2914} INFO - Setting next_dagrun for tutorial_taskflow_api_etl_virtualenv to None
[2021-10-16 01:07:28,408] {processor.py:171} INFO - Processing /home/airflow/.local/lib/python3.6/site-packages/airflow/example_dags/tutorial_taskflow_api_etl_virtualenv.py took 0.471 seconds
[2021-10-16 01:07:58,509] {processor.py:163} INFO - Started process (PID=1649) to work on /home/airflow/.local/lib/python3.6/site-packages/airflow/example_dags/tutorial_taskflow_api_etl_virtualenv.py
[2021-10-16 01:07:58,512] {processor.py:620} INFO - Processing file /home/airflow/.local/lib/python3.6/site-packages/airflow/example_dags/tutorial_taskflow_api_etl_virtualenv.py for tasks to queue
[2021-10-16 01:07:58,515] {logging_mixin.py:109} INFO - [2021-10-16 01:07:58,515] {dagbag.py:500} INFO - Filling up the DagBag from /home/airflow/.local/lib/python3.6/site-packages/airflow/example_dags/tutorial_taskflow_api_etl_virtualenv.py
[2021-10-16 01:07:58,563] {processor.py:632} INFO - DAG(s) dict_keys(['tutorial_taskflow_api_etl_virtualenv']) retrieved from /home/airflow/.local/lib/python3.6/site-packages/airflow/example_dags/tutorial_taskflow_api_etl_virtualenv.py
[2021-10-16 01:07:58,790] {logging_mixin.py:109} INFO - [2021-10-16 01:07:58,790] {dag.py:2389} INFO - Sync 1 DAGs
[2021-10-16 01:07:58,805] {logging_mixin.py:109} INFO - [2021-10-16 01:07:58,805] {dag.py:2914} INFO - Setting next_dagrun for tutorial_taskflow_api_etl_virtualenv to None
[2021-10-16 01:07:58,824] {processor.py:171} INFO - Processing /home/airflow/.local/lib/python3.6/site-packages/airflow/example_dags/tutorial_taskflow_api_etl_virtualenv.py took 0.322 seconds
[2021-10-16 01:08:28,990] {processor.py:163} INFO - Started process (PID=1706) to work on /home/airflow/.local/lib/python3.6/site-packages/airflow/example_dags/tutorial_taskflow_api_etl_virtualenv.py
[2021-10-16 01:08:28,999] {processor.py:620} INFO - Processing file /home/airflow/.local/lib/python3.6/site-packages/airflow/example_dags/tutorial_taskflow_api_etl_virtualenv.py for tasks to queue
[2021-10-16 01:08:29,001] {logging_mixin.py:109} INFO - [2021-10-16 01:08:29,001] {dagbag.py:500} INFO - Filling up the DagBag from /home/airflow/.local/lib/python3.6/site-packages/airflow/example_dags/tutorial_taskflow_api_etl_virtualenv.py
[2021-10-16 01:08:29,050] {processor.py:632} INFO - DAG(s) dict_keys(['tutorial_taskflow_api_etl_virtualenv']) retrieved from /home/airflow/.local/lib/python3.6/site-packages/airflow/example_dags/tutorial_taskflow_api_etl_virtualenv.py
[2021-10-16 01:08:29,244] {logging_mixin.py:109} INFO - [2021-10-16 01:08:29,243] {dag.py:2389} INFO - Sync 1 DAGs
[2021-10-16 01:08:29,262] {logging_mixin.py:109} INFO - [2021-10-16 01:08:29,262] {dag.py:2914} INFO - Setting next_dagrun for tutorial_taskflow_api_etl_virtualenv to None
[2021-10-16 01:08:29,276] {processor.py:171} INFO - Processing /home/airflow/.local/lib/python3.6/site-packages/airflow/example_dags/tutorial_taskflow_api_etl_virtualenv.py took 0.291 seconds
[2021-10-16 01:09:00,186] {processor.py:163} INFO - Started process (PID=1774) to work on /home/airflow/.local/lib/python3.6/site-packages/airflow/example_dags/tutorial_taskflow_api_etl_virtualenv.py
[2021-10-16 01:09:00,188] {processor.py:620} INFO - Processing file /home/airflow/.local/lib/python3.6/site-packages/airflow/example_dags/tutorial_taskflow_api_etl_virtualenv.py for tasks to queue
[2021-10-16 01:09:00,189] {logging_mixin.py:109} INFO - [2021-10-16 01:09:00,189] {dagbag.py:500} INFO - Filling up the DagBag from /home/airflow/.local/lib/python3.6/site-packages/airflow/example_dags/tutorial_taskflow_api_etl_virtualenv.py
[2021-10-16 01:09:00,224] {processor.py:632} INFO - DAG(s) dict_keys(['tutorial_taskflow_api_etl_virtualenv']) retrieved from /home/airflow/.local/lib/python3.6/site-packages/airflow/example_dags/tutorial_taskflow_api_etl_virtualenv.py
[2021-10-16 01:09:00,409] {logging_mixin.py:109} INFO - [2021-10-16 01:09:00,408] {dag.py:2389} INFO - Sync 1 DAGs
[2021-10-16 01:09:00,423] {logging_mixin.py:109} INFO - [2021-10-16 01:09:00,423] {dag.py:2914} INFO - Setting next_dagrun for tutorial_taskflow_api_etl_virtualenv to None
[2021-10-16 01:09:00,441] {processor.py:171} INFO - Processing /home/airflow/.local/lib/python3.6/site-packages/airflow/example_dags/tutorial_taskflow_api_etl_virtualenv.py took 0.259 seconds
[2021-10-16 01:09:30,655] {processor.py:163} INFO - Started process (PID=1830) to work on /home/airflow/.local/lib/python3.6/site-packages/airflow/example_dags/tutorial_taskflow_api_etl_virtualenv.py
[2021-10-16 01:09:30,664] {processor.py:620} INFO - Processing file /home/airflow/.local/lib/python3.6/site-packages/airflow/example_dags/tutorial_taskflow_api_etl_virtualenv.py for tasks to queue
[2021-10-16 01:09:30,667] {logging_mixin.py:109} INFO - [2021-10-16 01:09:30,666] {dagbag.py:500} INFO - Filling up the DagBag from /home/airflow/.local/lib/python3.6/site-packages/airflow/example_dags/tutorial_taskflow_api_etl_virtualenv.py
[2021-10-16 01:09:30,714] {processor.py:632} INFO - DAG(s) dict_keys(['tutorial_taskflow_api_etl_virtualenv']) retrieved from /home/airflow/.local/lib/python3.6/site-packages/airflow/example_dags/tutorial_taskflow_api_etl_virtualenv.py
[2021-10-16 01:09:30,937] {logging_mixin.py:109} INFO - [2021-10-16 01:09:30,937] {dag.py:2389} INFO - Sync 1 DAGs
[2021-10-16 01:09:30,951] {logging_mixin.py:109} INFO - [2021-10-16 01:09:30,951] {dag.py:2914} INFO - Setting next_dagrun for tutorial_taskflow_api_etl_virtualenv to None
[2021-10-16 01:09:30,978] {processor.py:171} INFO - Processing /home/airflow/.local/lib/python3.6/site-packages/airflow/example_dags/tutorial_taskflow_api_etl_virtualenv.py took 0.328 seconds
[2021-10-16 01:10:01,187] {processor.py:163} INFO - Started process (PID=1890) to work on /home/airflow/.local/lib/python3.6/site-packages/airflow/example_dags/tutorial_taskflow_api_etl_virtualenv.py
[2021-10-16 01:10:01,198] {processor.py:620} INFO - Processing file /home/airflow/.local/lib/python3.6/site-packages/airflow/example_dags/tutorial_taskflow_api_etl_virtualenv.py for tasks to queue
[2021-10-16 01:10:01,200] {logging_mixin.py:109} INFO - [2021-10-16 01:10:01,200] {dagbag.py:500} INFO - Filling up the DagBag from /home/airflow/.local/lib/python3.6/site-packages/airflow/example_dags/tutorial_taskflow_api_etl_virtualenv.py
[2021-10-16 01:10:01,309] {processor.py:632} INFO - DAG(s) dict_keys(['tutorial_taskflow_api_etl_virtualenv']) retrieved from /home/airflow/.local/lib/python3.6/site-packages/airflow/example_dags/tutorial_taskflow_api_etl_virtualenv.py
[2021-10-16 01:10:01,348] {logging_mixin.py:109} INFO - [2021-10-16 01:10:01,348] {dag.py:2389} INFO - Sync 1 DAGs
[2021-10-16 01:10:01,378] {logging_mixin.py:109} INFO - [2021-10-16 01:10:01,378] {dag.py:2914} INFO - Setting next_dagrun for tutorial_taskflow_api_etl_virtualenv to None
[2021-10-16 01:10:01,401] {processor.py:171} INFO - Processing /home/airflow/.local/lib/python3.6/site-packages/airflow/example_dags/tutorial_taskflow_api_etl_virtualenv.py took 0.232 seconds
[2021-10-16 01:10:32,119] {processor.py:163} INFO - Started process (PID=1946) to work on /home/airflow/.local/lib/python3.6/site-packages/airflow/example_dags/tutorial_taskflow_api_etl_virtualenv.py
[2021-10-16 01:10:32,128] {processor.py:620} INFO - Processing file /home/airflow/.local/lib/python3.6/site-packages/airflow/example_dags/tutorial_taskflow_api_etl_virtualenv.py for tasks to queue
[2021-10-16 01:10:32,145] {logging_mixin.py:109} INFO - [2021-10-16 01:10:32,143] {dagbag.py:500} INFO - Filling up the DagBag from /home/airflow/.local/lib/python3.6/site-packages/airflow/example_dags/tutorial_taskflow_api_etl_virtualenv.py
[2021-10-16 01:10:32,367] {processor.py:632} INFO - DAG(s) dict_keys(['tutorial_taskflow_api_etl_virtualenv']) retrieved from /home/airflow/.local/lib/python3.6/site-packages/airflow/example_dags/tutorial_taskflow_api_etl_virtualenv.py
[2021-10-16 01:10:32,838] {logging_mixin.py:109} INFO - [2021-10-16 01:10:32,838] {dag.py:2389} INFO - Sync 1 DAGs
[2021-10-16 01:10:32,858] {logging_mixin.py:109} INFO - [2021-10-16 01:10:32,858] {dag.py:2914} INFO - Setting next_dagrun for tutorial_taskflow_api_etl_virtualenv to None
[2021-10-16 01:10:32,871] {processor.py:171} INFO - Processing /home/airflow/.local/lib/python3.6/site-packages/airflow/example_dags/tutorial_taskflow_api_etl_virtualenv.py took 0.791 seconds
[2021-10-16 01:11:04,958] {processor.py:163} INFO - Started process (PID=2002) to work on /home/airflow/.local/lib/python3.6/site-packages/airflow/example_dags/tutorial_taskflow_api_etl_virtualenv.py
[2021-10-16 01:11:04,972] {processor.py:620} INFO - Processing file /home/airflow/.local/lib/python3.6/site-packages/airflow/example_dags/tutorial_taskflow_api_etl_virtualenv.py for tasks to queue
[2021-10-16 01:11:04,974] {logging_mixin.py:109} INFO - [2021-10-16 01:11:04,974] {dagbag.py:500} INFO - Filling up the DagBag from /home/airflow/.local/lib/python3.6/site-packages/airflow/example_dags/tutorial_taskflow_api_etl_virtualenv.py
[2021-10-16 01:11:05,086] {processor.py:632} INFO - DAG(s) dict_keys(['tutorial_taskflow_api_etl_virtualenv']) retrieved from /home/airflow/.local/lib/python3.6/site-packages/airflow/example_dags/tutorial_taskflow_api_etl_virtualenv.py
[2021-10-16 01:11:05,979] {logging_mixin.py:109} INFO - [2021-10-16 01:11:05,979] {dag.py:2389} INFO - Sync 1 DAGs
[2021-10-16 01:11:06,021] {logging_mixin.py:109} INFO - [2021-10-16 01:11:06,020] {dag.py:2914} INFO - Setting next_dagrun for tutorial_taskflow_api_etl_virtualenv to None
[2021-10-16 01:11:06,049] {processor.py:171} INFO - Processing /home/airflow/.local/lib/python3.6/site-packages/airflow/example_dags/tutorial_taskflow_api_etl_virtualenv.py took 1.104 seconds
[2021-10-16 01:11:36,928] {processor.py:163} INFO - Started process (PID=2056) to work on /home/airflow/.local/lib/python3.6/site-packages/airflow/example_dags/tutorial_taskflow_api_etl_virtualenv.py
[2021-10-16 01:11:36,936] {processor.py:620} INFO - Processing file /home/airflow/.local/lib/python3.6/site-packages/airflow/example_dags/tutorial_taskflow_api_etl_virtualenv.py for tasks to queue
[2021-10-16 01:11:36,938] {logging_mixin.py:109} INFO - [2021-10-16 01:11:36,938] {dagbag.py:500} INFO - Filling up the DagBag from /home/airflow/.local/lib/python3.6/site-packages/airflow/example_dags/tutorial_taskflow_api_etl_virtualenv.py
[2021-10-16 01:11:36,982] {processor.py:632} INFO - DAG(s) dict_keys(['tutorial_taskflow_api_etl_virtualenv']) retrieved from /home/airflow/.local/lib/python3.6/site-packages/airflow/example_dags/tutorial_taskflow_api_etl_virtualenv.py
[2021-10-16 01:11:37,312] {logging_mixin.py:109} INFO - [2021-10-16 01:11:37,311] {dag.py:2389} INFO - Sync 1 DAGs
[2021-10-16 01:11:37,334] {logging_mixin.py:109} INFO - [2021-10-16 01:11:37,333] {dag.py:2914} INFO - Setting next_dagrun for tutorial_taskflow_api_etl_virtualenv to None
[2021-10-16 01:11:37,347] {processor.py:171} INFO - Processing /home/airflow/.local/lib/python3.6/site-packages/airflow/example_dags/tutorial_taskflow_api_etl_virtualenv.py took 0.423 seconds
[2021-10-16 01:12:08,061] {processor.py:163} INFO - Started process (PID=2118) to work on /home/airflow/.local/lib/python3.6/site-packages/airflow/example_dags/tutorial_taskflow_api_etl_virtualenv.py
[2021-10-16 01:12:08,071] {processor.py:620} INFO - Processing file /home/airflow/.local/lib/python3.6/site-packages/airflow/example_dags/tutorial_taskflow_api_etl_virtualenv.py for tasks to queue
[2021-10-16 01:12:08,074] {logging_mixin.py:109} INFO - [2021-10-16 01:12:08,073] {dagbag.py:500} INFO - Filling up the DagBag from /home/airflow/.local/lib/python3.6/site-packages/airflow/example_dags/tutorial_taskflow_api_etl_virtualenv.py
[2021-10-16 01:12:08,212] {processor.py:632} INFO - DAG(s) dict_keys(['tutorial_taskflow_api_etl_virtualenv']) retrieved from /home/airflow/.local/lib/python3.6/site-packages/airflow/example_dags/tutorial_taskflow_api_etl_virtualenv.py
[2021-10-16 01:12:08,915] {logging_mixin.py:109} INFO - [2021-10-16 01:12:08,915] {dag.py:2389} INFO - Sync 1 DAGs
[2021-10-16 01:12:08,977] {logging_mixin.py:109} INFO - [2021-10-16 01:12:08,977] {dag.py:2914} INFO - Setting next_dagrun for tutorial_taskflow_api_etl_virtualenv to None
[2021-10-16 01:12:09,020] {processor.py:171} INFO - Processing /home/airflow/.local/lib/python3.6/site-packages/airflow/example_dags/tutorial_taskflow_api_etl_virtualenv.py took 0.988 seconds
[2021-10-16 01:12:39,147] {processor.py:163} INFO - Started process (PID=2177) to work on /home/airflow/.local/lib/python3.6/site-packages/airflow/example_dags/tutorial_taskflow_api_etl_virtualenv.py
[2021-10-16 01:12:39,149] {processor.py:620} INFO - Processing file /home/airflow/.local/lib/python3.6/site-packages/airflow/example_dags/tutorial_taskflow_api_etl_virtualenv.py for tasks to queue
[2021-10-16 01:12:39,151] {logging_mixin.py:109} INFO - [2021-10-16 01:12:39,151] {dagbag.py:500} INFO - Filling up the DagBag from /home/airflow/.local/lib/python3.6/site-packages/airflow/example_dags/tutorial_taskflow_api_etl_virtualenv.py
[2021-10-16 01:12:39,201] {processor.py:632} INFO - DAG(s) dict_keys(['tutorial_taskflow_api_etl_virtualenv']) retrieved from /home/airflow/.local/lib/python3.6/site-packages/airflow/example_dags/tutorial_taskflow_api_etl_virtualenv.py
[2021-10-16 01:12:39,431] {logging_mixin.py:109} INFO - [2021-10-16 01:12:39,431] {dag.py:2389} INFO - Sync 1 DAGs
[2021-10-16 01:12:39,448] {logging_mixin.py:109} INFO - [2021-10-16 01:12:39,448] {dag.py:2914} INFO - Setting next_dagrun for tutorial_taskflow_api_etl_virtualenv to None
[2021-10-16 01:12:39,466] {processor.py:171} INFO - Processing /home/airflow/.local/lib/python3.6/site-packages/airflow/example_dags/tutorial_taskflow_api_etl_virtualenv.py took 0.325 seconds
[2021-10-16 01:13:09,788] {processor.py:163} INFO - Started process (PID=2230) to work on /home/airflow/.local/lib/python3.6/site-packages/airflow/example_dags/tutorial_taskflow_api_etl_virtualenv.py
[2021-10-16 01:13:09,797] {processor.py:620} INFO - Processing file /home/airflow/.local/lib/python3.6/site-packages/airflow/example_dags/tutorial_taskflow_api_etl_virtualenv.py for tasks to queue
[2021-10-16 01:13:09,799] {logging_mixin.py:109} INFO - [2021-10-16 01:13:09,799] {dagbag.py:500} INFO - Filling up the DagBag from /home/airflow/.local/lib/python3.6/site-packages/airflow/example_dags/tutorial_taskflow_api_etl_virtualenv.py
[2021-10-16 01:13:09,872] {processor.py:632} INFO - DAG(s) dict_keys(['tutorial_taskflow_api_etl_virtualenv']) retrieved from /home/airflow/.local/lib/python3.6/site-packages/airflow/example_dags/tutorial_taskflow_api_etl_virtualenv.py
[2021-10-16 01:13:10,107] {logging_mixin.py:109} INFO - [2021-10-16 01:13:10,106] {dag.py:2389} INFO - Sync 1 DAGs
[2021-10-16 01:13:10,124] {logging_mixin.py:109} INFO - [2021-10-16 01:13:10,124] {dag.py:2914} INFO - Setting next_dagrun for tutorial_taskflow_api_etl_virtualenv to None
[2021-10-16 01:13:10,137] {processor.py:171} INFO - Processing /home/airflow/.local/lib/python3.6/site-packages/airflow/example_dags/tutorial_taskflow_api_etl_virtualenv.py took 0.353 seconds
[2021-10-16 01:13:40,366] {processor.py:163} INFO - Started process (PID=2286) to work on /home/airflow/.local/lib/python3.6/site-packages/airflow/example_dags/tutorial_taskflow_api_etl_virtualenv.py
[2021-10-16 01:13:40,369] {processor.py:620} INFO - Processing file /home/airflow/.local/lib/python3.6/site-packages/airflow/example_dags/tutorial_taskflow_api_etl_virtualenv.py for tasks to queue
[2021-10-16 01:13:40,372] {logging_mixin.py:109} INFO - [2021-10-16 01:13:40,371] {dagbag.py:500} INFO - Filling up the DagBag from /home/airflow/.local/lib/python3.6/site-packages/airflow/example_dags/tutorial_taskflow_api_etl_virtualenv.py
[2021-10-16 01:13:40,413] {processor.py:632} INFO - DAG(s) dict_keys(['tutorial_taskflow_api_etl_virtualenv']) retrieved from /home/airflow/.local/lib/python3.6/site-packages/airflow/example_dags/tutorial_taskflow_api_etl_virtualenv.py
[2021-10-16 01:13:40,650] {logging_mixin.py:109} INFO - [2021-10-16 01:13:40,649] {dag.py:2389} INFO - Sync 1 DAGs
[2021-10-16 01:13:40,669] {logging_mixin.py:109} INFO - [2021-10-16 01:13:40,668] {dag.py:2914} INFO - Setting next_dagrun for tutorial_taskflow_api_etl_virtualenv to None
[2021-10-16 01:13:40,684] {processor.py:171} INFO - Processing /home/airflow/.local/lib/python3.6/site-packages/airflow/example_dags/tutorial_taskflow_api_etl_virtualenv.py took 0.326 seconds
[2021-10-16 01:14:11,888] {processor.py:163} INFO - Started process (PID=2341) to work on /home/airflow/.local/lib/python3.6/site-packages/airflow/example_dags/tutorial_taskflow_api_etl_virtualenv.py
[2021-10-16 01:14:11,892] {processor.py:620} INFO - Processing file /home/airflow/.local/lib/python3.6/site-packages/airflow/example_dags/tutorial_taskflow_api_etl_virtualenv.py for tasks to queue
[2021-10-16 01:14:11,895] {logging_mixin.py:109} INFO - [2021-10-16 01:14:11,894] {dagbag.py:500} INFO - Filling up the DagBag from /home/airflow/.local/lib/python3.6/site-packages/airflow/example_dags/tutorial_taskflow_api_etl_virtualenv.py
[2021-10-16 01:14:12,073] {processor.py:632} INFO - DAG(s) dict_keys(['tutorial_taskflow_api_etl_virtualenv']) retrieved from /home/airflow/.local/lib/python3.6/site-packages/airflow/example_dags/tutorial_taskflow_api_etl_virtualenv.py
[2021-10-16 01:14:12,485] {logging_mixin.py:109} INFO - [2021-10-16 01:14:12,485] {dag.py:2389} INFO - Sync 1 DAGs
[2021-10-16 01:14:12,525] {logging_mixin.py:109} INFO - [2021-10-16 01:14:12,524] {dag.py:2914} INFO - Setting next_dagrun for tutorial_taskflow_api_etl_virtualenv to None
[2021-10-16 01:14:12,554] {processor.py:171} INFO - Processing /home/airflow/.local/lib/python3.6/site-packages/airflow/example_dags/tutorial_taskflow_api_etl_virtualenv.py took 0.679 seconds
[2021-10-16 01:14:43,115] {processor.py:163} INFO - Started process (PID=2395) to work on /home/airflow/.local/lib/python3.6/site-packages/airflow/example_dags/tutorial_taskflow_api_etl_virtualenv.py
[2021-10-16 01:14:43,118] {processor.py:620} INFO - Processing file /home/airflow/.local/lib/python3.6/site-packages/airflow/example_dags/tutorial_taskflow_api_etl_virtualenv.py for tasks to queue
[2021-10-16 01:14:43,121] {logging_mixin.py:109} INFO - [2021-10-16 01:14:43,121] {dagbag.py:500} INFO - Filling up the DagBag from /home/airflow/.local/lib/python3.6/site-packages/airflow/example_dags/tutorial_taskflow_api_etl_virtualenv.py
[2021-10-16 01:14:43,167] {processor.py:632} INFO - DAG(s) dict_keys(['tutorial_taskflow_api_etl_virtualenv']) retrieved from /home/airflow/.local/lib/python3.6/site-packages/airflow/example_dags/tutorial_taskflow_api_etl_virtualenv.py
[2021-10-16 01:14:43,402] {logging_mixin.py:109} INFO - [2021-10-16 01:14:43,402] {dag.py:2389} INFO - Sync 1 DAGs
[2021-10-16 01:14:43,422] {logging_mixin.py:109} INFO - [2021-10-16 01:14:43,422] {dag.py:2914} INFO - Setting next_dagrun for tutorial_taskflow_api_etl_virtualenv to None
[2021-10-16 01:14:43,440] {processor.py:171} INFO - Processing /home/airflow/.local/lib/python3.6/site-packages/airflow/example_dags/tutorial_taskflow_api_etl_virtualenv.py took 0.330 seconds
