[2021-10-16 00:53:51,270] {processor.py:163} INFO - Started process (PID=60) to work on /home/airflow/.local/lib/python3.6/site-packages/airflow/example_dags/tutorial_taskflow_api_etl.py
[2021-10-16 00:53:51,272] {processor.py:620} INFO - Processing file /home/airflow/.local/lib/python3.6/site-packages/airflow/example_dags/tutorial_taskflow_api_etl.py for tasks to queue
[2021-10-16 00:53:51,280] {logging_mixin.py:109} INFO - [2021-10-16 00:53:51,280] {dagbag.py:500} INFO - Filling up the DagBag from /home/airflow/.local/lib/python3.6/site-packages/airflow/example_dags/tutorial_taskflow_api_etl.py
[2021-10-16 00:53:51,895] {processor.py:632} INFO - DAG(s) dict_keys(['tutorial_taskflow_api_etl']) retrieved from /home/airflow/.local/lib/python3.6/site-packages/airflow/example_dags/tutorial_taskflow_api_etl.py
[2021-10-16 00:53:53,813] {logging_mixin.py:109} INFO - [2021-10-16 00:53:53,813] {dag.py:2389} INFO - Sync 1 DAGs
[2021-10-16 00:53:53,882] {logging_mixin.py:109} INFO - [2021-10-16 00:53:53,882] {dag.py:2914} INFO - Setting next_dagrun for tutorial_taskflow_api_etl to None
[2021-10-16 00:53:53,931] {processor.py:171} INFO - Processing /home/airflow/.local/lib/python3.6/site-packages/airflow/example_dags/tutorial_taskflow_api_etl.py took 2.683 seconds
[2021-10-16 00:54:24,348] {processor.py:163} INFO - Started process (PID=113) to work on /home/airflow/.local/lib/python3.6/site-packages/airflow/example_dags/tutorial_taskflow_api_etl.py
[2021-10-16 00:54:24,358] {processor.py:620} INFO - Processing file /home/airflow/.local/lib/python3.6/site-packages/airflow/example_dags/tutorial_taskflow_api_etl.py for tasks to queue
[2021-10-16 00:54:24,394] {logging_mixin.py:109} INFO - [2021-10-16 00:54:24,383] {dagbag.py:500} INFO - Filling up the DagBag from /home/airflow/.local/lib/python3.6/site-packages/airflow/example_dags/tutorial_taskflow_api_etl.py
[2021-10-16 00:54:24,590] {processor.py:632} INFO - DAG(s) dict_keys(['tutorial_taskflow_api_etl']) retrieved from /home/airflow/.local/lib/python3.6/site-packages/airflow/example_dags/tutorial_taskflow_api_etl.py
[2021-10-16 00:54:27,254] {logging_mixin.py:109} INFO - [2021-10-16 00:54:27,254] {dag.py:2389} INFO - Sync 1 DAGs
[2021-10-16 00:54:27,486] {logging_mixin.py:109} INFO - [2021-10-16 00:54:27,478] {dag.py:2914} INFO - Setting next_dagrun for tutorial_taskflow_api_etl to None
[2021-10-16 00:54:27,603] {processor.py:171} INFO - Processing /home/airflow/.local/lib/python3.6/site-packages/airflow/example_dags/tutorial_taskflow_api_etl.py took 3.280 seconds
[2021-10-16 00:54:58,291] {processor.py:163} INFO - Started process (PID=167) to work on /home/airflow/.local/lib/python3.6/site-packages/airflow/example_dags/tutorial_taskflow_api_etl.py
[2021-10-16 00:54:58,295] {processor.py:620} INFO - Processing file /home/airflow/.local/lib/python3.6/site-packages/airflow/example_dags/tutorial_taskflow_api_etl.py for tasks to queue
[2021-10-16 00:54:58,298] {logging_mixin.py:109} INFO - [2021-10-16 00:54:58,298] {dagbag.py:500} INFO - Filling up the DagBag from /home/airflow/.local/lib/python3.6/site-packages/airflow/example_dags/tutorial_taskflow_api_etl.py
[2021-10-16 00:54:58,344] {processor.py:632} INFO - DAG(s) dict_keys(['tutorial_taskflow_api_etl']) retrieved from /home/airflow/.local/lib/python3.6/site-packages/airflow/example_dags/tutorial_taskflow_api_etl.py
[2021-10-16 00:54:58,666] {logging_mixin.py:109} INFO - [2021-10-16 00:54:58,666] {dag.py:2389} INFO - Sync 1 DAGs
[2021-10-16 00:54:58,702] {logging_mixin.py:109} INFO - [2021-10-16 00:54:58,702] {dag.py:2914} INFO - Setting next_dagrun for tutorial_taskflow_api_etl to None
[2021-10-16 00:54:58,727] {processor.py:171} INFO - Processing /home/airflow/.local/lib/python3.6/site-packages/airflow/example_dags/tutorial_taskflow_api_etl.py took 0.446 seconds
[2021-10-16 00:55:29,453] {processor.py:163} INFO - Started process (PID=222) to work on /home/airflow/.local/lib/python3.6/site-packages/airflow/example_dags/tutorial_taskflow_api_etl.py
[2021-10-16 00:55:29,456] {processor.py:620} INFO - Processing file /home/airflow/.local/lib/python3.6/site-packages/airflow/example_dags/tutorial_taskflow_api_etl.py for tasks to queue
[2021-10-16 00:55:29,459] {logging_mixin.py:109} INFO - [2021-10-16 00:55:29,459] {dagbag.py:500} INFO - Filling up the DagBag from /home/airflow/.local/lib/python3.6/site-packages/airflow/example_dags/tutorial_taskflow_api_etl.py
[2021-10-16 00:55:29,506] {processor.py:632} INFO - DAG(s) dict_keys(['tutorial_taskflow_api_etl']) retrieved from /home/airflow/.local/lib/python3.6/site-packages/airflow/example_dags/tutorial_taskflow_api_etl.py
[2021-10-16 00:55:29,820] {logging_mixin.py:109} INFO - [2021-10-16 00:55:29,820] {dag.py:2389} INFO - Sync 1 DAGs
[2021-10-16 00:55:29,836] {logging_mixin.py:109} INFO - [2021-10-16 00:55:29,836] {dag.py:2914} INFO - Setting next_dagrun for tutorial_taskflow_api_etl to None
[2021-10-16 00:55:29,846] {processor.py:171} INFO - Processing /home/airflow/.local/lib/python3.6/site-packages/airflow/example_dags/tutorial_taskflow_api_etl.py took 0.399 seconds
[2021-10-16 00:55:59,970] {processor.py:163} INFO - Started process (PID=290) to work on /home/airflow/.local/lib/python3.6/site-packages/airflow/example_dags/tutorial_taskflow_api_etl.py
[2021-10-16 00:55:59,973] {processor.py:620} INFO - Processing file /home/airflow/.local/lib/python3.6/site-packages/airflow/example_dags/tutorial_taskflow_api_etl.py for tasks to queue
[2021-10-16 00:55:59,975] {logging_mixin.py:109} INFO - [2021-10-16 00:55:59,974] {dagbag.py:500} INFO - Filling up the DagBag from /home/airflow/.local/lib/python3.6/site-packages/airflow/example_dags/tutorial_taskflow_api_etl.py
[2021-10-16 00:56:00,011] {processor.py:632} INFO - DAG(s) dict_keys(['tutorial_taskflow_api_etl']) retrieved from /home/airflow/.local/lib/python3.6/site-packages/airflow/example_dags/tutorial_taskflow_api_etl.py
[2021-10-16 00:56:00,246] {logging_mixin.py:109} INFO - [2021-10-16 00:56:00,246] {dag.py:2389} INFO - Sync 1 DAGs
[2021-10-16 00:56:00,265] {logging_mixin.py:109} INFO - [2021-10-16 00:56:00,264] {dag.py:2914} INFO - Setting next_dagrun for tutorial_taskflow_api_etl to None
[2021-10-16 00:56:00,282] {processor.py:171} INFO - Processing /home/airflow/.local/lib/python3.6/site-packages/airflow/example_dags/tutorial_taskflow_api_etl.py took 0.318 seconds
[2021-10-16 00:56:31,029] {processor.py:163} INFO - Started process (PID=344) to work on /home/airflow/.local/lib/python3.6/site-packages/airflow/example_dags/tutorial_taskflow_api_etl.py
[2021-10-16 00:56:31,031] {processor.py:620} INFO - Processing file /home/airflow/.local/lib/python3.6/site-packages/airflow/example_dags/tutorial_taskflow_api_etl.py for tasks to queue
[2021-10-16 00:56:31,032] {logging_mixin.py:109} INFO - [2021-10-16 00:56:31,032] {dagbag.py:500} INFO - Filling up the DagBag from /home/airflow/.local/lib/python3.6/site-packages/airflow/example_dags/tutorial_taskflow_api_etl.py
[2021-10-16 00:56:31,071] {processor.py:632} INFO - DAG(s) dict_keys(['tutorial_taskflow_api_etl']) retrieved from /home/airflow/.local/lib/python3.6/site-packages/airflow/example_dags/tutorial_taskflow_api_etl.py
[2021-10-16 00:56:31,277] {logging_mixin.py:109} INFO - [2021-10-16 00:56:31,277] {dag.py:2389} INFO - Sync 1 DAGs
[2021-10-16 00:56:31,295] {logging_mixin.py:109} INFO - [2021-10-16 00:56:31,295] {dag.py:2914} INFO - Setting next_dagrun for tutorial_taskflow_api_etl to None
[2021-10-16 00:56:31,308] {processor.py:171} INFO - Processing /home/airflow/.local/lib/python3.6/site-packages/airflow/example_dags/tutorial_taskflow_api_etl.py took 0.286 seconds
[2021-10-16 00:57:01,769] {processor.py:163} INFO - Started process (PID=399) to work on /home/airflow/.local/lib/python3.6/site-packages/airflow/example_dags/tutorial_taskflow_api_etl.py
[2021-10-16 00:57:01,773] {processor.py:620} INFO - Processing file /home/airflow/.local/lib/python3.6/site-packages/airflow/example_dags/tutorial_taskflow_api_etl.py for tasks to queue
[2021-10-16 00:57:01,774] {logging_mixin.py:109} INFO - [2021-10-16 00:57:01,774] {dagbag.py:500} INFO - Filling up the DagBag from /home/airflow/.local/lib/python3.6/site-packages/airflow/example_dags/tutorial_taskflow_api_etl.py
[2021-10-16 00:57:01,817] {processor.py:632} INFO - DAG(s) dict_keys(['tutorial_taskflow_api_etl']) retrieved from /home/airflow/.local/lib/python3.6/site-packages/airflow/example_dags/tutorial_taskflow_api_etl.py
[2021-10-16 00:57:02,133] {logging_mixin.py:109} INFO - [2021-10-16 00:57:02,133] {dag.py:2389} INFO - Sync 1 DAGs
[2021-10-16 00:57:02,147] {logging_mixin.py:109} INFO - [2021-10-16 00:57:02,147] {dag.py:2914} INFO - Setting next_dagrun for tutorial_taskflow_api_etl to None
[2021-10-16 00:57:02,158] {processor.py:171} INFO - Processing /home/airflow/.local/lib/python3.6/site-packages/airflow/example_dags/tutorial_taskflow_api_etl.py took 0.393 seconds
[2021-10-16 00:57:32,224] {processor.py:163} INFO - Started process (PID=455) to work on /home/airflow/.local/lib/python3.6/site-packages/airflow/example_dags/tutorial_taskflow_api_etl.py
[2021-10-16 00:57:32,232] {processor.py:620} INFO - Processing file /home/airflow/.local/lib/python3.6/site-packages/airflow/example_dags/tutorial_taskflow_api_etl.py for tasks to queue
[2021-10-16 00:57:32,234] {logging_mixin.py:109} INFO - [2021-10-16 00:57:32,234] {dagbag.py:500} INFO - Filling up the DagBag from /home/airflow/.local/lib/python3.6/site-packages/airflow/example_dags/tutorial_taskflow_api_etl.py
[2021-10-16 00:57:32,271] {processor.py:632} INFO - DAG(s) dict_keys(['tutorial_taskflow_api_etl']) retrieved from /home/airflow/.local/lib/python3.6/site-packages/airflow/example_dags/tutorial_taskflow_api_etl.py
[2021-10-16 00:57:32,534] {logging_mixin.py:109} INFO - [2021-10-16 00:57:32,534] {dag.py:2389} INFO - Sync 1 DAGs
[2021-10-16 00:57:32,550] {logging_mixin.py:109} INFO - [2021-10-16 00:57:32,550] {dag.py:2914} INFO - Setting next_dagrun for tutorial_taskflow_api_etl to None
[2021-10-16 00:57:32,564] {processor.py:171} INFO - Processing /home/airflow/.local/lib/python3.6/site-packages/airflow/example_dags/tutorial_taskflow_api_etl.py took 0.344 seconds
[2021-10-16 00:58:03,267] {processor.py:163} INFO - Started process (PID=519) to work on /home/airflow/.local/lib/python3.6/site-packages/airflow/example_dags/tutorial_taskflow_api_etl.py
[2021-10-16 00:58:03,273] {processor.py:620} INFO - Processing file /home/airflow/.local/lib/python3.6/site-packages/airflow/example_dags/tutorial_taskflow_api_etl.py for tasks to queue
[2021-10-16 00:58:03,275] {logging_mixin.py:109} INFO - [2021-10-16 00:58:03,275] {dagbag.py:500} INFO - Filling up the DagBag from /home/airflow/.local/lib/python3.6/site-packages/airflow/example_dags/tutorial_taskflow_api_etl.py
[2021-10-16 00:58:03,361] {processor.py:632} INFO - DAG(s) dict_keys(['tutorial_taskflow_api_etl']) retrieved from /home/airflow/.local/lib/python3.6/site-packages/airflow/example_dags/tutorial_taskflow_api_etl.py
[2021-10-16 00:58:03,798] {logging_mixin.py:109} INFO - [2021-10-16 00:58:03,798] {dag.py:2389} INFO - Sync 1 DAGs
[2021-10-16 00:58:03,816] {logging_mixin.py:109} INFO - [2021-10-16 00:58:03,816] {dag.py:2914} INFO - Setting next_dagrun for tutorial_taskflow_api_etl to None
[2021-10-16 00:58:03,833] {processor.py:171} INFO - Processing /home/airflow/.local/lib/python3.6/site-packages/airflow/example_dags/tutorial_taskflow_api_etl.py took 0.570 seconds
[2021-10-16 00:58:34,300] {processor.py:163} INFO - Started process (PID=572) to work on /home/airflow/.local/lib/python3.6/site-packages/airflow/example_dags/tutorial_taskflow_api_etl.py
[2021-10-16 00:58:34,313] {processor.py:620} INFO - Processing file /home/airflow/.local/lib/python3.6/site-packages/airflow/example_dags/tutorial_taskflow_api_etl.py for tasks to queue
[2021-10-16 00:58:34,315] {logging_mixin.py:109} INFO - [2021-10-16 00:58:34,314] {dagbag.py:500} INFO - Filling up the DagBag from /home/airflow/.local/lib/python3.6/site-packages/airflow/example_dags/tutorial_taskflow_api_etl.py
[2021-10-16 00:58:34,389] {processor.py:632} INFO - DAG(s) dict_keys(['tutorial_taskflow_api_etl']) retrieved from /home/airflow/.local/lib/python3.6/site-packages/airflow/example_dags/tutorial_taskflow_api_etl.py
[2021-10-16 00:58:35,005] {logging_mixin.py:109} INFO - [2021-10-16 00:58:35,005] {dag.py:2389} INFO - Sync 1 DAGs
[2021-10-16 00:58:35,067] {logging_mixin.py:109} INFO - [2021-10-16 00:58:35,066] {dag.py:2914} INFO - Setting next_dagrun for tutorial_taskflow_api_etl to None
[2021-10-16 00:58:35,091] {processor.py:171} INFO - Processing /home/airflow/.local/lib/python3.6/site-packages/airflow/example_dags/tutorial_taskflow_api_etl.py took 0.795 seconds
[2021-10-16 00:59:05,650] {processor.py:163} INFO - Started process (PID=628) to work on /home/airflow/.local/lib/python3.6/site-packages/airflow/example_dags/tutorial_taskflow_api_etl.py
[2021-10-16 00:59:05,659] {processor.py:620} INFO - Processing file /home/airflow/.local/lib/python3.6/site-packages/airflow/example_dags/tutorial_taskflow_api_etl.py for tasks to queue
[2021-10-16 00:59:05,661] {logging_mixin.py:109} INFO - [2021-10-16 00:59:05,661] {dagbag.py:500} INFO - Filling up the DagBag from /home/airflow/.local/lib/python3.6/site-packages/airflow/example_dags/tutorial_taskflow_api_etl.py
[2021-10-16 00:59:05,717] {processor.py:632} INFO - DAG(s) dict_keys(['tutorial_taskflow_api_etl']) retrieved from /home/airflow/.local/lib/python3.6/site-packages/airflow/example_dags/tutorial_taskflow_api_etl.py
[2021-10-16 00:59:05,973] {logging_mixin.py:109} INFO - [2021-10-16 00:59:05,973] {dag.py:2389} INFO - Sync 1 DAGs
[2021-10-16 00:59:05,988] {logging_mixin.py:109} INFO - [2021-10-16 00:59:05,988] {dag.py:2914} INFO - Setting next_dagrun for tutorial_taskflow_api_etl to None
[2021-10-16 00:59:06,005] {processor.py:171} INFO - Processing /home/airflow/.local/lib/python3.6/site-packages/airflow/example_dags/tutorial_taskflow_api_etl.py took 0.363 seconds
[2021-10-16 00:59:36,538] {processor.py:163} INFO - Started process (PID=688) to work on /home/airflow/.local/lib/python3.6/site-packages/airflow/example_dags/tutorial_taskflow_api_etl.py
[2021-10-16 00:59:36,566] {processor.py:620} INFO - Processing file /home/airflow/.local/lib/python3.6/site-packages/airflow/example_dags/tutorial_taskflow_api_etl.py for tasks to queue
[2021-10-16 00:59:36,570] {logging_mixin.py:109} INFO - [2021-10-16 00:59:36,569] {dagbag.py:500} INFO - Filling up the DagBag from /home/airflow/.local/lib/python3.6/site-packages/airflow/example_dags/tutorial_taskflow_api_etl.py
[2021-10-16 00:59:36,640] {processor.py:632} INFO - DAG(s) dict_keys(['tutorial_taskflow_api_etl']) retrieved from /home/airflow/.local/lib/python3.6/site-packages/airflow/example_dags/tutorial_taskflow_api_etl.py
[2021-10-16 00:59:37,017] {logging_mixin.py:109} INFO - [2021-10-16 00:59:37,017] {dag.py:2389} INFO - Sync 1 DAGs
[2021-10-16 00:59:37,032] {logging_mixin.py:109} INFO - [2021-10-16 00:59:37,032] {dag.py:2914} INFO - Setting next_dagrun for tutorial_taskflow_api_etl to None
[2021-10-16 00:59:37,048] {processor.py:171} INFO - Processing /home/airflow/.local/lib/python3.6/site-packages/airflow/example_dags/tutorial_taskflow_api_etl.py took 0.527 seconds
[2021-10-16 01:00:07,328] {processor.py:163} INFO - Started process (PID=742) to work on /home/airflow/.local/lib/python3.6/site-packages/airflow/example_dags/tutorial_taskflow_api_etl.py
[2021-10-16 01:00:07,343] {processor.py:620} INFO - Processing file /home/airflow/.local/lib/python3.6/site-packages/airflow/example_dags/tutorial_taskflow_api_etl.py for tasks to queue
[2021-10-16 01:00:07,344] {logging_mixin.py:109} INFO - [2021-10-16 01:00:07,344] {dagbag.py:500} INFO - Filling up the DagBag from /home/airflow/.local/lib/python3.6/site-packages/airflow/example_dags/tutorial_taskflow_api_etl.py
[2021-10-16 01:00:07,402] {processor.py:632} INFO - DAG(s) dict_keys(['tutorial_taskflow_api_etl']) retrieved from /home/airflow/.local/lib/python3.6/site-packages/airflow/example_dags/tutorial_taskflow_api_etl.py
[2021-10-16 01:00:07,977] {logging_mixin.py:109} INFO - [2021-10-16 01:00:07,976] {dag.py:2389} INFO - Sync 1 DAGs
[2021-10-16 01:00:08,042] {logging_mixin.py:109} INFO - [2021-10-16 01:00:08,042] {dag.py:2914} INFO - Setting next_dagrun for tutorial_taskflow_api_etl to None
[2021-10-16 01:00:08,071] {processor.py:171} INFO - Processing /home/airflow/.local/lib/python3.6/site-packages/airflow/example_dags/tutorial_taskflow_api_etl.py took 0.758 seconds
[2021-10-16 01:00:38,611] {processor.py:163} INFO - Started process (PID=808) to work on /home/airflow/.local/lib/python3.6/site-packages/airflow/example_dags/tutorial_taskflow_api_etl.py
[2021-10-16 01:00:38,620] {processor.py:620} INFO - Processing file /home/airflow/.local/lib/python3.6/site-packages/airflow/example_dags/tutorial_taskflow_api_etl.py for tasks to queue
[2021-10-16 01:00:38,622] {logging_mixin.py:109} INFO - [2021-10-16 01:00:38,622] {dagbag.py:500} INFO - Filling up the DagBag from /home/airflow/.local/lib/python3.6/site-packages/airflow/example_dags/tutorial_taskflow_api_etl.py
[2021-10-16 01:00:38,665] {processor.py:632} INFO - DAG(s) dict_keys(['tutorial_taskflow_api_etl']) retrieved from /home/airflow/.local/lib/python3.6/site-packages/airflow/example_dags/tutorial_taskflow_api_etl.py
[2021-10-16 01:00:38,891] {logging_mixin.py:109} INFO - [2021-10-16 01:00:38,891] {dag.py:2389} INFO - Sync 1 DAGs
[2021-10-16 01:00:38,910] {logging_mixin.py:109} INFO - [2021-10-16 01:00:38,910] {dag.py:2914} INFO - Setting next_dagrun for tutorial_taskflow_api_etl to None
[2021-10-16 01:00:38,938] {processor.py:171} INFO - Processing /home/airflow/.local/lib/python3.6/site-packages/airflow/example_dags/tutorial_taskflow_api_etl.py took 0.334 seconds
[2021-10-16 01:01:09,211] {processor.py:163} INFO - Started process (PID=864) to work on /home/airflow/.local/lib/python3.6/site-packages/airflow/example_dags/tutorial_taskflow_api_etl.py
[2021-10-16 01:01:09,219] {processor.py:620} INFO - Processing file /home/airflow/.local/lib/python3.6/site-packages/airflow/example_dags/tutorial_taskflow_api_etl.py for tasks to queue
[2021-10-16 01:01:09,221] {logging_mixin.py:109} INFO - [2021-10-16 01:01:09,221] {dagbag.py:500} INFO - Filling up the DagBag from /home/airflow/.local/lib/python3.6/site-packages/airflow/example_dags/tutorial_taskflow_api_etl.py
[2021-10-16 01:01:09,296] {processor.py:632} INFO - DAG(s) dict_keys(['tutorial_taskflow_api_etl']) retrieved from /home/airflow/.local/lib/python3.6/site-packages/airflow/example_dags/tutorial_taskflow_api_etl.py
[2021-10-16 01:01:09,602] {logging_mixin.py:109} INFO - [2021-10-16 01:01:09,602] {dag.py:2389} INFO - Sync 1 DAGs
[2021-10-16 01:01:09,621] {logging_mixin.py:109} INFO - [2021-10-16 01:01:09,620] {dag.py:2914} INFO - Setting next_dagrun for tutorial_taskflow_api_etl to None
[2021-10-16 01:01:09,634] {processor.py:171} INFO - Processing /home/airflow/.local/lib/python3.6/site-packages/airflow/example_dags/tutorial_taskflow_api_etl.py took 0.436 seconds
[2021-10-16 01:01:39,674] {processor.py:163} INFO - Started process (PID=931) to work on /home/airflow/.local/lib/python3.6/site-packages/airflow/example_dags/tutorial_taskflow_api_etl.py
[2021-10-16 01:01:39,677] {processor.py:620} INFO - Processing file /home/airflow/.local/lib/python3.6/site-packages/airflow/example_dags/tutorial_taskflow_api_etl.py for tasks to queue
[2021-10-16 01:01:39,680] {logging_mixin.py:109} INFO - [2021-10-16 01:01:39,679] {dagbag.py:500} INFO - Filling up the DagBag from /home/airflow/.local/lib/python3.6/site-packages/airflow/example_dags/tutorial_taskflow_api_etl.py
[2021-10-16 01:01:39,722] {processor.py:632} INFO - DAG(s) dict_keys(['tutorial_taskflow_api_etl']) retrieved from /home/airflow/.local/lib/python3.6/site-packages/airflow/example_dags/tutorial_taskflow_api_etl.py
[2021-10-16 01:01:40,018] {logging_mixin.py:109} INFO - [2021-10-16 01:01:40,018] {dag.py:2389} INFO - Sync 1 DAGs
[2021-10-16 01:01:40,035] {logging_mixin.py:109} INFO - [2021-10-16 01:01:40,035] {dag.py:2914} INFO - Setting next_dagrun for tutorial_taskflow_api_etl to None
[2021-10-16 01:01:40,053] {processor.py:171} INFO - Processing /home/airflow/.local/lib/python3.6/site-packages/airflow/example_dags/tutorial_taskflow_api_etl.py took 0.387 seconds
[2021-10-16 01:02:10,310] {processor.py:163} INFO - Started process (PID=986) to work on /home/airflow/.local/lib/python3.6/site-packages/airflow/example_dags/tutorial_taskflow_api_etl.py
[2021-10-16 01:02:10,312] {processor.py:620} INFO - Processing file /home/airflow/.local/lib/python3.6/site-packages/airflow/example_dags/tutorial_taskflow_api_etl.py for tasks to queue
[2021-10-16 01:02:10,314] {logging_mixin.py:109} INFO - [2021-10-16 01:02:10,314] {dagbag.py:500} INFO - Filling up the DagBag from /home/airflow/.local/lib/python3.6/site-packages/airflow/example_dags/tutorial_taskflow_api_etl.py
[2021-10-16 01:02:10,392] {processor.py:632} INFO - DAG(s) dict_keys(['tutorial_taskflow_api_etl']) retrieved from /home/airflow/.local/lib/python3.6/site-packages/airflow/example_dags/tutorial_taskflow_api_etl.py
[2021-10-16 01:02:10,666] {logging_mixin.py:109} INFO - [2021-10-16 01:02:10,666] {dag.py:2389} INFO - Sync 1 DAGs
[2021-10-16 01:02:10,684] {logging_mixin.py:109} INFO - [2021-10-16 01:02:10,684] {dag.py:2914} INFO - Setting next_dagrun for tutorial_taskflow_api_etl to None
[2021-10-16 01:02:10,701] {processor.py:171} INFO - Processing /home/airflow/.local/lib/python3.6/site-packages/airflow/example_dags/tutorial_taskflow_api_etl.py took 0.403 seconds
[2021-10-16 01:02:41,085] {processor.py:163} INFO - Started process (PID=1044) to work on /home/airflow/.local/lib/python3.6/site-packages/airflow/example_dags/tutorial_taskflow_api_etl.py
[2021-10-16 01:02:41,091] {processor.py:620} INFO - Processing file /home/airflow/.local/lib/python3.6/site-packages/airflow/example_dags/tutorial_taskflow_api_etl.py for tasks to queue
[2021-10-16 01:02:41,096] {logging_mixin.py:109} INFO - [2021-10-16 01:02:41,093] {dagbag.py:500} INFO - Filling up the DagBag from /home/airflow/.local/lib/python3.6/site-packages/airflow/example_dags/tutorial_taskflow_api_etl.py
[2021-10-16 01:02:41,163] {processor.py:632} INFO - DAG(s) dict_keys(['tutorial_taskflow_api_etl']) retrieved from /home/airflow/.local/lib/python3.6/site-packages/airflow/example_dags/tutorial_taskflow_api_etl.py
[2021-10-16 01:02:41,372] {logging_mixin.py:109} INFO - [2021-10-16 01:02:41,372] {dag.py:2389} INFO - Sync 1 DAGs
[2021-10-16 01:02:41,389] {logging_mixin.py:109} INFO - [2021-10-16 01:02:41,389] {dag.py:2914} INFO - Setting next_dagrun for tutorial_taskflow_api_etl to None
[2021-10-16 01:02:41,409] {processor.py:171} INFO - Processing /home/airflow/.local/lib/python3.6/site-packages/airflow/example_dags/tutorial_taskflow_api_etl.py took 0.330 seconds
[2021-10-16 01:03:11,871] {processor.py:163} INFO - Started process (PID=1107) to work on /home/airflow/.local/lib/python3.6/site-packages/airflow/example_dags/tutorial_taskflow_api_etl.py
[2021-10-16 01:03:11,878] {processor.py:620} INFO - Processing file /home/airflow/.local/lib/python3.6/site-packages/airflow/example_dags/tutorial_taskflow_api_etl.py for tasks to queue
[2021-10-16 01:03:11,881] {logging_mixin.py:109} INFO - [2021-10-16 01:03:11,881] {dagbag.py:500} INFO - Filling up the DagBag from /home/airflow/.local/lib/python3.6/site-packages/airflow/example_dags/tutorial_taskflow_api_etl.py
[2021-10-16 01:03:11,938] {processor.py:632} INFO - DAG(s) dict_keys(['tutorial_taskflow_api_etl']) retrieved from /home/airflow/.local/lib/python3.6/site-packages/airflow/example_dags/tutorial_taskflow_api_etl.py
[2021-10-16 01:03:12,242] {logging_mixin.py:109} INFO - [2021-10-16 01:03:12,242] {dag.py:2389} INFO - Sync 1 DAGs
[2021-10-16 01:03:12,260] {logging_mixin.py:109} INFO - [2021-10-16 01:03:12,260] {dag.py:2914} INFO - Setting next_dagrun for tutorial_taskflow_api_etl to None
[2021-10-16 01:03:12,279] {processor.py:171} INFO - Processing /home/airflow/.local/lib/python3.6/site-packages/airflow/example_dags/tutorial_taskflow_api_etl.py took 0.412 seconds
[2021-10-16 01:03:43,142] {processor.py:163} INFO - Started process (PID=1162) to work on /home/airflow/.local/lib/python3.6/site-packages/airflow/example_dags/tutorial_taskflow_api_etl.py
[2021-10-16 01:03:43,144] {processor.py:620} INFO - Processing file /home/airflow/.local/lib/python3.6/site-packages/airflow/example_dags/tutorial_taskflow_api_etl.py for tasks to queue
[2021-10-16 01:03:43,146] {logging_mixin.py:109} INFO - [2021-10-16 01:03:43,146] {dagbag.py:500} INFO - Filling up the DagBag from /home/airflow/.local/lib/python3.6/site-packages/airflow/example_dags/tutorial_taskflow_api_etl.py
[2021-10-16 01:03:43,180] {processor.py:632} INFO - DAG(s) dict_keys(['tutorial_taskflow_api_etl']) retrieved from /home/airflow/.local/lib/python3.6/site-packages/airflow/example_dags/tutorial_taskflow_api_etl.py
[2021-10-16 01:03:43,373] {logging_mixin.py:109} INFO - [2021-10-16 01:03:43,373] {dag.py:2389} INFO - Sync 1 DAGs
[2021-10-16 01:03:43,389] {logging_mixin.py:109} INFO - [2021-10-16 01:03:43,389] {dag.py:2914} INFO - Setting next_dagrun for tutorial_taskflow_api_etl to None
[2021-10-16 01:03:43,408] {processor.py:171} INFO - Processing /home/airflow/.local/lib/python3.6/site-packages/airflow/example_dags/tutorial_taskflow_api_etl.py took 0.270 seconds
[2021-10-16 01:04:14,329] {processor.py:163} INFO - Started process (PID=1227) to work on /home/airflow/.local/lib/python3.6/site-packages/airflow/example_dags/tutorial_taskflow_api_etl.py
[2021-10-16 01:04:14,339] {processor.py:620} INFO - Processing file /home/airflow/.local/lib/python3.6/site-packages/airflow/example_dags/tutorial_taskflow_api_etl.py for tasks to queue
[2021-10-16 01:04:14,343] {logging_mixin.py:109} INFO - [2021-10-16 01:04:14,342] {dagbag.py:500} INFO - Filling up the DagBag from /home/airflow/.local/lib/python3.6/site-packages/airflow/example_dags/tutorial_taskflow_api_etl.py
[2021-10-16 01:04:14,424] {processor.py:632} INFO - DAG(s) dict_keys(['tutorial_taskflow_api_etl']) retrieved from /home/airflow/.local/lib/python3.6/site-packages/airflow/example_dags/tutorial_taskflow_api_etl.py
[2021-10-16 01:04:14,792] {logging_mixin.py:109} INFO - [2021-10-16 01:04:14,792] {dag.py:2389} INFO - Sync 1 DAGs
[2021-10-16 01:04:14,820] {logging_mixin.py:109} INFO - [2021-10-16 01:04:14,820] {dag.py:2914} INFO - Setting next_dagrun for tutorial_taskflow_api_etl to None
[2021-10-16 01:04:14,847] {processor.py:171} INFO - Processing /home/airflow/.local/lib/python3.6/site-packages/airflow/example_dags/tutorial_taskflow_api_etl.py took 0.529 seconds
[2021-10-16 01:04:45,149] {processor.py:163} INFO - Started process (PID=1282) to work on /home/airflow/.local/lib/python3.6/site-packages/airflow/example_dags/tutorial_taskflow_api_etl.py
[2021-10-16 01:04:45,157] {processor.py:620} INFO - Processing file /home/airflow/.local/lib/python3.6/site-packages/airflow/example_dags/tutorial_taskflow_api_etl.py for tasks to queue
[2021-10-16 01:04:45,160] {logging_mixin.py:109} INFO - [2021-10-16 01:04:45,160] {dagbag.py:500} INFO - Filling up the DagBag from /home/airflow/.local/lib/python3.6/site-packages/airflow/example_dags/tutorial_taskflow_api_etl.py
[2021-10-16 01:04:45,274] {processor.py:632} INFO - DAG(s) dict_keys(['tutorial_taskflow_api_etl']) retrieved from /home/airflow/.local/lib/python3.6/site-packages/airflow/example_dags/tutorial_taskflow_api_etl.py
[2021-10-16 01:04:46,013] {logging_mixin.py:109} INFO - [2021-10-16 01:04:46,013] {dag.py:2389} INFO - Sync 1 DAGs
[2021-10-16 01:04:46,053] {logging_mixin.py:109} INFO - [2021-10-16 01:04:46,053] {dag.py:2914} INFO - Setting next_dagrun for tutorial_taskflow_api_etl to None
[2021-10-16 01:04:46,080] {processor.py:171} INFO - Processing /home/airflow/.local/lib/python3.6/site-packages/airflow/example_dags/tutorial_taskflow_api_etl.py took 0.951 seconds
[2021-10-16 01:05:16,297] {processor.py:163} INFO - Started process (PID=1337) to work on /home/airflow/.local/lib/python3.6/site-packages/airflow/example_dags/tutorial_taskflow_api_etl.py
[2021-10-16 01:05:16,305] {processor.py:620} INFO - Processing file /home/airflow/.local/lib/python3.6/site-packages/airflow/example_dags/tutorial_taskflow_api_etl.py for tasks to queue
[2021-10-16 01:05:16,311] {logging_mixin.py:109} INFO - [2021-10-16 01:05:16,308] {dagbag.py:500} INFO - Filling up the DagBag from /home/airflow/.local/lib/python3.6/site-packages/airflow/example_dags/tutorial_taskflow_api_etl.py
[2021-10-16 01:05:16,407] {processor.py:632} INFO - DAG(s) dict_keys(['tutorial_taskflow_api_etl']) retrieved from /home/airflow/.local/lib/python3.6/site-packages/airflow/example_dags/tutorial_taskflow_api_etl.py
[2021-10-16 01:05:16,433] {logging_mixin.py:109} INFO - [2021-10-16 01:05:16,433] {dag.py:2389} INFO - Sync 1 DAGs
[2021-10-16 01:05:16,470] {logging_mixin.py:109} INFO - [2021-10-16 01:05:16,470] {dag.py:2914} INFO - Setting next_dagrun for tutorial_taskflow_api_etl to None
[2021-10-16 01:05:16,495] {processor.py:171} INFO - Processing /home/airflow/.local/lib/python3.6/site-packages/airflow/example_dags/tutorial_taskflow_api_etl.py took 0.224 seconds
[2021-10-16 01:05:46,846] {processor.py:163} INFO - Started process (PID=1390) to work on /home/airflow/.local/lib/python3.6/site-packages/airflow/example_dags/tutorial_taskflow_api_etl.py
[2021-10-16 01:05:46,853] {processor.py:620} INFO - Processing file /home/airflow/.local/lib/python3.6/site-packages/airflow/example_dags/tutorial_taskflow_api_etl.py for tasks to queue
[2021-10-16 01:05:46,854] {logging_mixin.py:109} INFO - [2021-10-16 01:05:46,854] {dagbag.py:500} INFO - Filling up the DagBag from /home/airflow/.local/lib/python3.6/site-packages/airflow/example_dags/tutorial_taskflow_api_etl.py
[2021-10-16 01:05:46,901] {processor.py:632} INFO - DAG(s) dict_keys(['tutorial_taskflow_api_etl']) retrieved from /home/airflow/.local/lib/python3.6/site-packages/airflow/example_dags/tutorial_taskflow_api_etl.py
[2021-10-16 01:05:47,238] {logging_mixin.py:109} INFO - [2021-10-16 01:05:47,238] {dag.py:2389} INFO - Sync 1 DAGs
[2021-10-16 01:05:47,323] {logging_mixin.py:109} INFO - [2021-10-16 01:05:47,323] {dag.py:2914} INFO - Setting next_dagrun for tutorial_taskflow_api_etl to None
[2021-10-16 01:05:47,350] {processor.py:171} INFO - Processing /home/airflow/.local/lib/python3.6/site-packages/airflow/example_dags/tutorial_taskflow_api_etl.py took 0.508 seconds
[2021-10-16 01:06:17,519] {processor.py:163} INFO - Started process (PID=1445) to work on /home/airflow/.local/lib/python3.6/site-packages/airflow/example_dags/tutorial_taskflow_api_etl.py
[2021-10-16 01:06:17,521] {processor.py:620} INFO - Processing file /home/airflow/.local/lib/python3.6/site-packages/airflow/example_dags/tutorial_taskflow_api_etl.py for tasks to queue
[2021-10-16 01:06:17,523] {logging_mixin.py:109} INFO - [2021-10-16 01:06:17,523] {dagbag.py:500} INFO - Filling up the DagBag from /home/airflow/.local/lib/python3.6/site-packages/airflow/example_dags/tutorial_taskflow_api_etl.py
[2021-10-16 01:06:17,585] {processor.py:632} INFO - DAG(s) dict_keys(['tutorial_taskflow_api_etl']) retrieved from /home/airflow/.local/lib/python3.6/site-packages/airflow/example_dags/tutorial_taskflow_api_etl.py
[2021-10-16 01:06:17,875] {logging_mixin.py:109} INFO - [2021-10-16 01:06:17,875] {dag.py:2389} INFO - Sync 1 DAGs
[2021-10-16 01:06:17,892] {logging_mixin.py:109} INFO - [2021-10-16 01:06:17,891] {dag.py:2914} INFO - Setting next_dagrun for tutorial_taskflow_api_etl to None
[2021-10-16 01:06:17,914] {processor.py:171} INFO - Processing /home/airflow/.local/lib/python3.6/site-packages/airflow/example_dags/tutorial_taskflow_api_etl.py took 0.399 seconds
[2021-10-16 01:06:48,028] {processor.py:163} INFO - Started process (PID=1500) to work on /home/airflow/.local/lib/python3.6/site-packages/airflow/example_dags/tutorial_taskflow_api_etl.py
[2021-10-16 01:06:48,032] {processor.py:620} INFO - Processing file /home/airflow/.local/lib/python3.6/site-packages/airflow/example_dags/tutorial_taskflow_api_etl.py for tasks to queue
[2021-10-16 01:06:48,035] {logging_mixin.py:109} INFO - [2021-10-16 01:06:48,035] {dagbag.py:500} INFO - Filling up the DagBag from /home/airflow/.local/lib/python3.6/site-packages/airflow/example_dags/tutorial_taskflow_api_etl.py
[2021-10-16 01:06:48,082] {processor.py:632} INFO - DAG(s) dict_keys(['tutorial_taskflow_api_etl']) retrieved from /home/airflow/.local/lib/python3.6/site-packages/airflow/example_dags/tutorial_taskflow_api_etl.py
[2021-10-16 01:06:48,289] {logging_mixin.py:109} INFO - [2021-10-16 01:06:48,288] {dag.py:2389} INFO - Sync 1 DAGs
[2021-10-16 01:06:48,308] {logging_mixin.py:109} INFO - [2021-10-16 01:06:48,308] {dag.py:2914} INFO - Setting next_dagrun for tutorial_taskflow_api_etl to None
[2021-10-16 01:06:48,323] {processor.py:171} INFO - Processing /home/airflow/.local/lib/python3.6/site-packages/airflow/example_dags/tutorial_taskflow_api_etl.py took 0.304 seconds
[2021-10-16 01:07:18,367] {processor.py:163} INFO - Started process (PID=1563) to work on /home/airflow/.local/lib/python3.6/site-packages/airflow/example_dags/tutorial_taskflow_api_etl.py
[2021-10-16 01:07:18,370] {processor.py:620} INFO - Processing file /home/airflow/.local/lib/python3.6/site-packages/airflow/example_dags/tutorial_taskflow_api_etl.py for tasks to queue
[2021-10-16 01:07:18,372] {logging_mixin.py:109} INFO - [2021-10-16 01:07:18,372] {dagbag.py:500} INFO - Filling up the DagBag from /home/airflow/.local/lib/python3.6/site-packages/airflow/example_dags/tutorial_taskflow_api_etl.py
[2021-10-16 01:07:18,429] {processor.py:632} INFO - DAG(s) dict_keys(['tutorial_taskflow_api_etl']) retrieved from /home/airflow/.local/lib/python3.6/site-packages/airflow/example_dags/tutorial_taskflow_api_etl.py
[2021-10-16 01:07:18,784] {logging_mixin.py:109} INFO - [2021-10-16 01:07:18,783] {dag.py:2389} INFO - Sync 1 DAGs
[2021-10-16 01:07:18,819] {logging_mixin.py:109} INFO - [2021-10-16 01:07:18,819] {dag.py:2914} INFO - Setting next_dagrun for tutorial_taskflow_api_etl to None
[2021-10-16 01:07:18,851] {processor.py:171} INFO - Processing /home/airflow/.local/lib/python3.6/site-packages/airflow/example_dags/tutorial_taskflow_api_etl.py took 0.493 seconds
[2021-10-16 01:07:49,236] {processor.py:163} INFO - Started process (PID=1618) to work on /home/airflow/.local/lib/python3.6/site-packages/airflow/example_dags/tutorial_taskflow_api_etl.py
[2021-10-16 01:07:49,252] {processor.py:620} INFO - Processing file /home/airflow/.local/lib/python3.6/site-packages/airflow/example_dags/tutorial_taskflow_api_etl.py for tasks to queue
[2021-10-16 01:07:49,254] {logging_mixin.py:109} INFO - [2021-10-16 01:07:49,254] {dagbag.py:500} INFO - Filling up the DagBag from /home/airflow/.local/lib/python3.6/site-packages/airflow/example_dags/tutorial_taskflow_api_etl.py
[2021-10-16 01:07:49,368] {processor.py:632} INFO - DAG(s) dict_keys(['tutorial_taskflow_api_etl']) retrieved from /home/airflow/.local/lib/python3.6/site-packages/airflow/example_dags/tutorial_taskflow_api_etl.py
[2021-10-16 01:07:49,740] {logging_mixin.py:109} INFO - [2021-10-16 01:07:49,740] {dag.py:2389} INFO - Sync 1 DAGs
[2021-10-16 01:07:49,769] {logging_mixin.py:109} INFO - [2021-10-16 01:07:49,769] {dag.py:2914} INFO - Setting next_dagrun for tutorial_taskflow_api_etl to None
[2021-10-16 01:07:49,802] {processor.py:171} INFO - Processing /home/airflow/.local/lib/python3.6/site-packages/airflow/example_dags/tutorial_taskflow_api_etl.py took 0.577 seconds
[2021-10-16 01:08:20,594] {processor.py:163} INFO - Started process (PID=1685) to work on /home/airflow/.local/lib/python3.6/site-packages/airflow/example_dags/tutorial_taskflow_api_etl.py
[2021-10-16 01:08:20,597] {processor.py:620} INFO - Processing file /home/airflow/.local/lib/python3.6/site-packages/airflow/example_dags/tutorial_taskflow_api_etl.py for tasks to queue
[2021-10-16 01:08:20,598] {logging_mixin.py:109} INFO - [2021-10-16 01:08:20,598] {dagbag.py:500} INFO - Filling up the DagBag from /home/airflow/.local/lib/python3.6/site-packages/airflow/example_dags/tutorial_taskflow_api_etl.py
[2021-10-16 01:08:20,637] {processor.py:632} INFO - DAG(s) dict_keys(['tutorial_taskflow_api_etl']) retrieved from /home/airflow/.local/lib/python3.6/site-packages/airflow/example_dags/tutorial_taskflow_api_etl.py
[2021-10-16 01:08:20,887] {logging_mixin.py:109} INFO - [2021-10-16 01:08:20,887] {dag.py:2389} INFO - Sync 1 DAGs
[2021-10-16 01:08:20,905] {logging_mixin.py:109} INFO - [2021-10-16 01:08:20,905] {dag.py:2914} INFO - Setting next_dagrun for tutorial_taskflow_api_etl to None
[2021-10-16 01:08:20,921] {processor.py:171} INFO - Processing /home/airflow/.local/lib/python3.6/site-packages/airflow/example_dags/tutorial_taskflow_api_etl.py took 0.331 seconds
[2021-10-16 01:08:51,445] {processor.py:163} INFO - Started process (PID=1740) to work on /home/airflow/.local/lib/python3.6/site-packages/airflow/example_dags/tutorial_taskflow_api_etl.py
[2021-10-16 01:08:51,447] {processor.py:620} INFO - Processing file /home/airflow/.local/lib/python3.6/site-packages/airflow/example_dags/tutorial_taskflow_api_etl.py for tasks to queue
[2021-10-16 01:08:51,449] {logging_mixin.py:109} INFO - [2021-10-16 01:08:51,448] {dagbag.py:500} INFO - Filling up the DagBag from /home/airflow/.local/lib/python3.6/site-packages/airflow/example_dags/tutorial_taskflow_api_etl.py
[2021-10-16 01:08:51,483] {processor.py:632} INFO - DAG(s) dict_keys(['tutorial_taskflow_api_etl']) retrieved from /home/airflow/.local/lib/python3.6/site-packages/airflow/example_dags/tutorial_taskflow_api_etl.py
[2021-10-16 01:08:51,683] {logging_mixin.py:109} INFO - [2021-10-16 01:08:51,683] {dag.py:2389} INFO - Sync 1 DAGs
[2021-10-16 01:08:51,698] {logging_mixin.py:109} INFO - [2021-10-16 01:08:51,698] {dag.py:2914} INFO - Setting next_dagrun for tutorial_taskflow_api_etl to None
[2021-10-16 01:08:51,715] {processor.py:171} INFO - Processing /home/airflow/.local/lib/python3.6/site-packages/airflow/example_dags/tutorial_taskflow_api_etl.py took 0.276 seconds
[2021-10-16 01:09:22,390] {processor.py:163} INFO - Started process (PID=1798) to work on /home/airflow/.local/lib/python3.6/site-packages/airflow/example_dags/tutorial_taskflow_api_etl.py
[2021-10-16 01:09:22,394] {processor.py:620} INFO - Processing file /home/airflow/.local/lib/python3.6/site-packages/airflow/example_dags/tutorial_taskflow_api_etl.py for tasks to queue
[2021-10-16 01:09:22,397] {logging_mixin.py:109} INFO - [2021-10-16 01:09:22,397] {dagbag.py:500} INFO - Filling up the DagBag from /home/airflow/.local/lib/python3.6/site-packages/airflow/example_dags/tutorial_taskflow_api_etl.py
[2021-10-16 01:09:22,438] {processor.py:632} INFO - DAG(s) dict_keys(['tutorial_taskflow_api_etl']) retrieved from /home/airflow/.local/lib/python3.6/site-packages/airflow/example_dags/tutorial_taskflow_api_etl.py
[2021-10-16 01:09:22,727] {logging_mixin.py:109} INFO - [2021-10-16 01:09:22,727] {dag.py:2389} INFO - Sync 1 DAGs
[2021-10-16 01:09:22,758] {logging_mixin.py:109} INFO - [2021-10-16 01:09:22,758] {dag.py:2914} INFO - Setting next_dagrun for tutorial_taskflow_api_etl to None
[2021-10-16 01:09:22,777] {processor.py:171} INFO - Processing /home/airflow/.local/lib/python3.6/site-packages/airflow/example_dags/tutorial_taskflow_api_etl.py took 0.390 seconds
[2021-10-16 01:09:52,859] {processor.py:163} INFO - Started process (PID=1863) to work on /home/airflow/.local/lib/python3.6/site-packages/airflow/example_dags/tutorial_taskflow_api_etl.py
[2021-10-16 01:09:52,861] {processor.py:620} INFO - Processing file /home/airflow/.local/lib/python3.6/site-packages/airflow/example_dags/tutorial_taskflow_api_etl.py for tasks to queue
[2021-10-16 01:09:52,864] {logging_mixin.py:109} INFO - [2021-10-16 01:09:52,864] {dagbag.py:500} INFO - Filling up the DagBag from /home/airflow/.local/lib/python3.6/site-packages/airflow/example_dags/tutorial_taskflow_api_etl.py
[2021-10-16 01:09:52,901] {processor.py:632} INFO - DAG(s) dict_keys(['tutorial_taskflow_api_etl']) retrieved from /home/airflow/.local/lib/python3.6/site-packages/airflow/example_dags/tutorial_taskflow_api_etl.py
[2021-10-16 01:09:53,112] {logging_mixin.py:109} INFO - [2021-10-16 01:09:53,112] {dag.py:2389} INFO - Sync 1 DAGs
[2021-10-16 01:09:53,133] {logging_mixin.py:109} INFO - [2021-10-16 01:09:53,132] {dag.py:2914} INFO - Setting next_dagrun for tutorial_taskflow_api_etl to None
[2021-10-16 01:09:53,146] {processor.py:171} INFO - Processing /home/airflow/.local/lib/python3.6/site-packages/airflow/example_dags/tutorial_taskflow_api_etl.py took 0.291 seconds
[2021-10-16 01:10:23,706] {processor.py:163} INFO - Started process (PID=1916) to work on /home/airflow/.local/lib/python3.6/site-packages/airflow/example_dags/tutorial_taskflow_api_etl.py
[2021-10-16 01:10:23,748] {processor.py:620} INFO - Processing file /home/airflow/.local/lib/python3.6/site-packages/airflow/example_dags/tutorial_taskflow_api_etl.py for tasks to queue
[2021-10-16 01:10:23,763] {logging_mixin.py:109} INFO - [2021-10-16 01:10:23,763] {dagbag.py:500} INFO - Filling up the DagBag from /home/airflow/.local/lib/python3.6/site-packages/airflow/example_dags/tutorial_taskflow_api_etl.py
[2021-10-16 01:10:23,880] {processor.py:632} INFO - DAG(s) dict_keys(['tutorial_taskflow_api_etl']) retrieved from /home/airflow/.local/lib/python3.6/site-packages/airflow/example_dags/tutorial_taskflow_api_etl.py
[2021-10-16 01:10:24,881] {logging_mixin.py:109} INFO - [2021-10-16 01:10:24,880] {dag.py:2389} INFO - Sync 1 DAGs
[2021-10-16 01:10:24,916] {logging_mixin.py:109} INFO - [2021-10-16 01:10:24,916] {dag.py:2914} INFO - Setting next_dagrun for tutorial_taskflow_api_etl to None
[2021-10-16 01:10:24,947] {processor.py:171} INFO - Processing /home/airflow/.local/lib/python3.6/site-packages/airflow/example_dags/tutorial_taskflow_api_etl.py took 1.322 seconds
[2021-10-16 01:10:55,006] {processor.py:163} INFO - Started process (PID=1973) to work on /home/airflow/.local/lib/python3.6/site-packages/airflow/example_dags/tutorial_taskflow_api_etl.py
[2021-10-16 01:10:55,011] {processor.py:620} INFO - Processing file /home/airflow/.local/lib/python3.6/site-packages/airflow/example_dags/tutorial_taskflow_api_etl.py for tasks to queue
[2021-10-16 01:10:55,014] {logging_mixin.py:109} INFO - [2021-10-16 01:10:55,014] {dagbag.py:500} INFO - Filling up the DagBag from /home/airflow/.local/lib/python3.6/site-packages/airflow/example_dags/tutorial_taskflow_api_etl.py
[2021-10-16 01:10:55,072] {processor.py:632} INFO - DAG(s) dict_keys(['tutorial_taskflow_api_etl']) retrieved from /home/airflow/.local/lib/python3.6/site-packages/airflow/example_dags/tutorial_taskflow_api_etl.py
[2021-10-16 01:10:55,371] {logging_mixin.py:109} INFO - [2021-10-16 01:10:55,371] {dag.py:2389} INFO - Sync 1 DAGs
[2021-10-16 01:10:55,389] {logging_mixin.py:109} INFO - [2021-10-16 01:10:55,389] {dag.py:2914} INFO - Setting next_dagrun for tutorial_taskflow_api_etl to None
[2021-10-16 01:10:55,407] {processor.py:171} INFO - Processing /home/airflow/.local/lib/python3.6/site-packages/airflow/example_dags/tutorial_taskflow_api_etl.py took 0.405 seconds
[2021-10-16 01:11:25,513] {processor.py:163} INFO - Started process (PID=2030) to work on /home/airflow/.local/lib/python3.6/site-packages/airflow/example_dags/tutorial_taskflow_api_etl.py
[2021-10-16 01:11:25,516] {processor.py:620} INFO - Processing file /home/airflow/.local/lib/python3.6/site-packages/airflow/example_dags/tutorial_taskflow_api_etl.py for tasks to queue
[2021-10-16 01:11:25,517] {logging_mixin.py:109} INFO - [2021-10-16 01:11:25,517] {dagbag.py:500} INFO - Filling up the DagBag from /home/airflow/.local/lib/python3.6/site-packages/airflow/example_dags/tutorial_taskflow_api_etl.py
[2021-10-16 01:11:25,551] {processor.py:632} INFO - DAG(s) dict_keys(['tutorial_taskflow_api_etl']) retrieved from /home/airflow/.local/lib/python3.6/site-packages/airflow/example_dags/tutorial_taskflow_api_etl.py
[2021-10-16 01:11:25,562] {logging_mixin.py:109} INFO - [2021-10-16 01:11:25,562] {dag.py:2389} INFO - Sync 1 DAGs
[2021-10-16 01:11:25,577] {logging_mixin.py:109} INFO - [2021-10-16 01:11:25,577] {dag.py:2914} INFO - Setting next_dagrun for tutorial_taskflow_api_etl to None
[2021-10-16 01:11:25,589] {processor.py:171} INFO - Processing /home/airflow/.local/lib/python3.6/site-packages/airflow/example_dags/tutorial_taskflow_api_etl.py took 0.083 seconds
[2021-10-16 01:11:55,773] {processor.py:163} INFO - Started process (PID=2093) to work on /home/airflow/.local/lib/python3.6/site-packages/airflow/example_dags/tutorial_taskflow_api_etl.py
[2021-10-16 01:11:55,780] {processor.py:620} INFO - Processing file /home/airflow/.local/lib/python3.6/site-packages/airflow/example_dags/tutorial_taskflow_api_etl.py for tasks to queue
[2021-10-16 01:11:55,788] {logging_mixin.py:109} INFO - [2021-10-16 01:11:55,788] {dagbag.py:500} INFO - Filling up the DagBag from /home/airflow/.local/lib/python3.6/site-packages/airflow/example_dags/tutorial_taskflow_api_etl.py
[2021-10-16 01:11:55,990] {processor.py:632} INFO - DAG(s) dict_keys(['tutorial_taskflow_api_etl']) retrieved from /home/airflow/.local/lib/python3.6/site-packages/airflow/example_dags/tutorial_taskflow_api_etl.py
[2021-10-16 01:11:56,603] {logging_mixin.py:109} INFO - [2021-10-16 01:11:56,602] {dag.py:2389} INFO - Sync 1 DAGs
[2021-10-16 01:11:56,621] {logging_mixin.py:109} INFO - [2021-10-16 01:11:56,621] {dag.py:2914} INFO - Setting next_dagrun for tutorial_taskflow_api_etl to None
[2021-10-16 01:11:56,641] {processor.py:171} INFO - Processing /home/airflow/.local/lib/python3.6/site-packages/airflow/example_dags/tutorial_taskflow_api_etl.py took 0.888 seconds
[2021-10-16 01:12:26,911] {processor.py:163} INFO - Started process (PID=2150) to work on /home/airflow/.local/lib/python3.6/site-packages/airflow/example_dags/tutorial_taskflow_api_etl.py
[2021-10-16 01:12:26,914] {processor.py:620} INFO - Processing file /home/airflow/.local/lib/python3.6/site-packages/airflow/example_dags/tutorial_taskflow_api_etl.py for tasks to queue
[2021-10-16 01:12:26,916] {logging_mixin.py:109} INFO - [2021-10-16 01:12:26,916] {dagbag.py:500} INFO - Filling up the DagBag from /home/airflow/.local/lib/python3.6/site-packages/airflow/example_dags/tutorial_taskflow_api_etl.py
[2021-10-16 01:12:26,957] {processor.py:632} INFO - DAG(s) dict_keys(['tutorial_taskflow_api_etl']) retrieved from /home/airflow/.local/lib/python3.6/site-packages/airflow/example_dags/tutorial_taskflow_api_etl.py
[2021-10-16 01:12:27,257] {logging_mixin.py:109} INFO - [2021-10-16 01:12:27,256] {dag.py:2389} INFO - Sync 1 DAGs
[2021-10-16 01:12:27,279] {logging_mixin.py:109} INFO - [2021-10-16 01:12:27,279] {dag.py:2914} INFO - Setting next_dagrun for tutorial_taskflow_api_etl to None
[2021-10-16 01:12:27,297] {processor.py:171} INFO - Processing /home/airflow/.local/lib/python3.6/site-packages/airflow/example_dags/tutorial_taskflow_api_etl.py took 0.395 seconds
[2021-10-16 01:12:57,404] {processor.py:163} INFO - Started process (PID=2205) to work on /home/airflow/.local/lib/python3.6/site-packages/airflow/example_dags/tutorial_taskflow_api_etl.py
[2021-10-16 01:12:57,407] {processor.py:620} INFO - Processing file /home/airflow/.local/lib/python3.6/site-packages/airflow/example_dags/tutorial_taskflow_api_etl.py for tasks to queue
[2021-10-16 01:12:57,409] {logging_mixin.py:109} INFO - [2021-10-16 01:12:57,409] {dagbag.py:500} INFO - Filling up the DagBag from /home/airflow/.local/lib/python3.6/site-packages/airflow/example_dags/tutorial_taskflow_api_etl.py
[2021-10-16 01:12:57,443] {processor.py:632} INFO - DAG(s) dict_keys(['tutorial_taskflow_api_etl']) retrieved from /home/airflow/.local/lib/python3.6/site-packages/airflow/example_dags/tutorial_taskflow_api_etl.py
[2021-10-16 01:12:57,640] {logging_mixin.py:109} INFO - [2021-10-16 01:12:57,640] {dag.py:2389} INFO - Sync 1 DAGs
[2021-10-16 01:12:57,654] {logging_mixin.py:109} INFO - [2021-10-16 01:12:57,654] {dag.py:2914} INFO - Setting next_dagrun for tutorial_taskflow_api_etl to None
[2021-10-16 01:12:57,673] {processor.py:171} INFO - Processing /home/airflow/.local/lib/python3.6/site-packages/airflow/example_dags/tutorial_taskflow_api_etl.py took 0.276 seconds
[2021-10-16 01:13:28,683] {processor.py:163} INFO - Started process (PID=2259) to work on /home/airflow/.local/lib/python3.6/site-packages/airflow/example_dags/tutorial_taskflow_api_etl.py
[2021-10-16 01:13:28,687] {processor.py:620} INFO - Processing file /home/airflow/.local/lib/python3.6/site-packages/airflow/example_dags/tutorial_taskflow_api_etl.py for tasks to queue
[2021-10-16 01:13:28,688] {logging_mixin.py:109} INFO - [2021-10-16 01:13:28,688] {dagbag.py:500} INFO - Filling up the DagBag from /home/airflow/.local/lib/python3.6/site-packages/airflow/example_dags/tutorial_taskflow_api_etl.py
[2021-10-16 01:13:28,727] {processor.py:632} INFO - DAG(s) dict_keys(['tutorial_taskflow_api_etl']) retrieved from /home/airflow/.local/lib/python3.6/site-packages/airflow/example_dags/tutorial_taskflow_api_etl.py
[2021-10-16 01:13:28,988] {logging_mixin.py:109} INFO - [2021-10-16 01:13:28,988] {dag.py:2389} INFO - Sync 1 DAGs
[2021-10-16 01:13:29,002] {logging_mixin.py:109} INFO - [2021-10-16 01:13:29,002] {dag.py:2914} INFO - Setting next_dagrun for tutorial_taskflow_api_etl to None
[2021-10-16 01:13:29,016] {processor.py:171} INFO - Processing /home/airflow/.local/lib/python3.6/site-packages/airflow/example_dags/tutorial_taskflow_api_etl.py took 0.340 seconds
[2021-10-16 01:13:59,521] {processor.py:163} INFO - Started process (PID=2316) to work on /home/airflow/.local/lib/python3.6/site-packages/airflow/example_dags/tutorial_taskflow_api_etl.py
[2021-10-16 01:13:59,524] {processor.py:620} INFO - Processing file /home/airflow/.local/lib/python3.6/site-packages/airflow/example_dags/tutorial_taskflow_api_etl.py for tasks to queue
[2021-10-16 01:13:59,526] {logging_mixin.py:109} INFO - [2021-10-16 01:13:59,526] {dagbag.py:500} INFO - Filling up the DagBag from /home/airflow/.local/lib/python3.6/site-packages/airflow/example_dags/tutorial_taskflow_api_etl.py
[2021-10-16 01:13:59,759] {processor.py:632} INFO - DAG(s) dict_keys(['tutorial_taskflow_api_etl']) retrieved from /home/airflow/.local/lib/python3.6/site-packages/airflow/example_dags/tutorial_taskflow_api_etl.py
[2021-10-16 01:14:00,316] {logging_mixin.py:109} INFO - [2021-10-16 01:14:00,316] {dag.py:2389} INFO - Sync 1 DAGs
[2021-10-16 01:14:00,341] {logging_mixin.py:109} INFO - [2021-10-16 01:14:00,341] {dag.py:2914} INFO - Setting next_dagrun for tutorial_taskflow_api_etl to None
[2021-10-16 01:14:00,358] {processor.py:171} INFO - Processing /home/airflow/.local/lib/python3.6/site-packages/airflow/example_dags/tutorial_taskflow_api_etl.py took 0.857 seconds
[2021-10-16 01:14:30,470] {processor.py:163} INFO - Started process (PID=2370) to work on /home/airflow/.local/lib/python3.6/site-packages/airflow/example_dags/tutorial_taskflow_api_etl.py
[2021-10-16 01:14:30,479] {processor.py:620} INFO - Processing file /home/airflow/.local/lib/python3.6/site-packages/airflow/example_dags/tutorial_taskflow_api_etl.py for tasks to queue
[2021-10-16 01:14:30,481] {logging_mixin.py:109} INFO - [2021-10-16 01:14:30,481] {dagbag.py:500} INFO - Filling up the DagBag from /home/airflow/.local/lib/python3.6/site-packages/airflow/example_dags/tutorial_taskflow_api_etl.py
[2021-10-16 01:14:30,519] {processor.py:632} INFO - DAG(s) dict_keys(['tutorial_taskflow_api_etl']) retrieved from /home/airflow/.local/lib/python3.6/site-packages/airflow/example_dags/tutorial_taskflow_api_etl.py
[2021-10-16 01:14:30,742] {logging_mixin.py:109} INFO - [2021-10-16 01:14:30,741] {dag.py:2389} INFO - Sync 1 DAGs
[2021-10-16 01:14:30,765] {logging_mixin.py:109} INFO - [2021-10-16 01:14:30,765] {dag.py:2914} INFO - Setting next_dagrun for tutorial_taskflow_api_etl to None
[2021-10-16 01:14:30,780] {processor.py:171} INFO - Processing /home/airflow/.local/lib/python3.6/site-packages/airflow/example_dags/tutorial_taskflow_api_etl.py took 0.315 seconds
[2021-10-16 01:15:01,804] {processor.py:163} INFO - Started process (PID=2424) to work on /home/airflow/.local/lib/python3.6/site-packages/airflow/example_dags/tutorial_taskflow_api_etl.py
[2021-10-16 01:15:01,807] {processor.py:620} INFO - Processing file /home/airflow/.local/lib/python3.6/site-packages/airflow/example_dags/tutorial_taskflow_api_etl.py for tasks to queue
[2021-10-16 01:15:01,809] {logging_mixin.py:109} INFO - [2021-10-16 01:15:01,809] {dagbag.py:500} INFO - Filling up the DagBag from /home/airflow/.local/lib/python3.6/site-packages/airflow/example_dags/tutorial_taskflow_api_etl.py
[2021-10-16 01:15:01,847] {processor.py:632} INFO - DAG(s) dict_keys(['tutorial_taskflow_api_etl']) retrieved from /home/airflow/.local/lib/python3.6/site-packages/airflow/example_dags/tutorial_taskflow_api_etl.py
[2021-10-16 01:15:02,062] {logging_mixin.py:109} INFO - [2021-10-16 01:15:02,062] {dag.py:2389} INFO - Sync 1 DAGs
[2021-10-16 01:15:02,078] {logging_mixin.py:109} INFO - [2021-10-16 01:15:02,078] {dag.py:2914} INFO - Setting next_dagrun for tutorial_taskflow_api_etl to None
[2021-10-16 01:15:02,095] {processor.py:171} INFO - Processing /home/airflow/.local/lib/python3.6/site-packages/airflow/example_dags/tutorial_taskflow_api_etl.py took 0.297 seconds
