[2021-10-16 00:53:54,076] {processor.py:163} INFO - Started process (PID=63) to work on /home/airflow/.local/lib/python3.6/site-packages/airflow/example_dags/tutorial.py
[2021-10-16 00:53:54,099] {processor.py:620} INFO - Processing file /home/airflow/.local/lib/python3.6/site-packages/airflow/example_dags/tutorial.py for tasks to queue
[2021-10-16 00:53:54,102] {logging_mixin.py:109} INFO - [2021-10-16 00:53:54,101] {dagbag.py:500} INFO - Filling up the DagBag from /home/airflow/.local/lib/python3.6/site-packages/airflow/example_dags/tutorial.py
[2021-10-16 00:53:54,769] {processor.py:632} INFO - DAG(s) dict_keys(['tutorial']) retrieved from /home/airflow/.local/lib/python3.6/site-packages/airflow/example_dags/tutorial.py
[2021-10-16 00:53:54,862] {logging_mixin.py:109} INFO - [2021-10-16 00:53:54,861] {dag.py:2389} INFO - Sync 1 DAGs
[2021-10-16 00:53:54,944] {logging_mixin.py:109} INFO - [2021-10-16 00:53:54,943] {dag.py:2914} INFO - Setting next_dagrun for tutorial to 2021-10-15T00:53:54.943331+00:00
[2021-10-16 00:53:54,991] {processor.py:171} INFO - Processing /home/airflow/.local/lib/python3.6/site-packages/airflow/example_dags/tutorial.py took 0.932 seconds
[2021-10-16 00:54:25,365] {processor.py:163} INFO - Started process (PID=114) to work on /home/airflow/.local/lib/python3.6/site-packages/airflow/example_dags/tutorial.py
[2021-10-16 00:54:25,380] {processor.py:620} INFO - Processing file /home/airflow/.local/lib/python3.6/site-packages/airflow/example_dags/tutorial.py for tasks to queue
[2021-10-16 00:54:25,383] {logging_mixin.py:109} INFO - [2021-10-16 00:54:25,383] {dagbag.py:500} INFO - Filling up the DagBag from /home/airflow/.local/lib/python3.6/site-packages/airflow/example_dags/tutorial.py
[2021-10-16 00:54:25,684] {processor.py:632} INFO - DAG(s) dict_keys(['tutorial']) retrieved from /home/airflow/.local/lib/python3.6/site-packages/airflow/example_dags/tutorial.py
[2021-10-16 00:54:25,749] {logging_mixin.py:109} INFO - [2021-10-16 00:54:25,749] {dag.py:2389} INFO - Sync 1 DAGs
[2021-10-16 00:54:26,216] {logging_mixin.py:109} INFO - [2021-10-16 00:54:26,216] {dag.py:2914} INFO - Setting next_dagrun for tutorial to 2021-10-15T00:54:26.188683+00:00
[2021-10-16 00:54:26,774] {processor.py:171} INFO - Processing /home/airflow/.local/lib/python3.6/site-packages/airflow/example_dags/tutorial.py took 1.432 seconds
[2021-10-16 00:54:57,021] {processor.py:163} INFO - Started process (PID=166) to work on /home/airflow/.local/lib/python3.6/site-packages/airflow/example_dags/tutorial.py
[2021-10-16 00:54:57,024] {processor.py:620} INFO - Processing file /home/airflow/.local/lib/python3.6/site-packages/airflow/example_dags/tutorial.py for tasks to queue
[2021-10-16 00:54:57,025] {logging_mixin.py:109} INFO - [2021-10-16 00:54:57,025] {dagbag.py:500} INFO - Filling up the DagBag from /home/airflow/.local/lib/python3.6/site-packages/airflow/example_dags/tutorial.py
[2021-10-16 00:54:57,066] {processor.py:632} INFO - DAG(s) dict_keys(['tutorial']) retrieved from /home/airflow/.local/lib/python3.6/site-packages/airflow/example_dags/tutorial.py
[2021-10-16 00:54:57,080] {logging_mixin.py:109} INFO - [2021-10-16 00:54:57,079] {dag.py:2389} INFO - Sync 1 DAGs
[2021-10-16 00:54:57,095] {logging_mixin.py:109} INFO - [2021-10-16 00:54:57,095] {dag.py:2914} INFO - Setting next_dagrun for tutorial to 2021-10-15T00:54:57.095269+00:00
[2021-10-16 00:54:57,107] {processor.py:171} INFO - Processing /home/airflow/.local/lib/python3.6/site-packages/airflow/example_dags/tutorial.py took 0.091 seconds
[2021-10-16 00:55:27,362] {processor.py:163} INFO - Started process (PID=221) to work on /home/airflow/.local/lib/python3.6/site-packages/airflow/example_dags/tutorial.py
[2021-10-16 00:55:27,366] {processor.py:620} INFO - Processing file /home/airflow/.local/lib/python3.6/site-packages/airflow/example_dags/tutorial.py for tasks to queue
[2021-10-16 00:55:27,369] {logging_mixin.py:109} INFO - [2021-10-16 00:55:27,369] {dagbag.py:500} INFO - Filling up the DagBag from /home/airflow/.local/lib/python3.6/site-packages/airflow/example_dags/tutorial.py
[2021-10-16 00:55:27,410] {processor.py:632} INFO - DAG(s) dict_keys(['tutorial']) retrieved from /home/airflow/.local/lib/python3.6/site-packages/airflow/example_dags/tutorial.py
[2021-10-16 00:55:27,446] {logging_mixin.py:109} INFO - [2021-10-16 00:55:27,446] {dag.py:2389} INFO - Sync 1 DAGs
[2021-10-16 00:55:27,480] {logging_mixin.py:109} INFO - [2021-10-16 00:55:27,480] {dag.py:2914} INFO - Setting next_dagrun for tutorial to 2021-10-15T00:55:27.479648+00:00
[2021-10-16 00:55:27,498] {processor.py:171} INFO - Processing /home/airflow/.local/lib/python3.6/site-packages/airflow/example_dags/tutorial.py took 0.153 seconds
[2021-10-16 00:55:57,691] {processor.py:163} INFO - Started process (PID=275) to work on /home/airflow/.local/lib/python3.6/site-packages/airflow/example_dags/tutorial.py
[2021-10-16 00:55:57,693] {processor.py:620} INFO - Processing file /home/airflow/.local/lib/python3.6/site-packages/airflow/example_dags/tutorial.py for tasks to queue
[2021-10-16 00:55:57,695] {logging_mixin.py:109} INFO - [2021-10-16 00:55:57,695] {dagbag.py:500} INFO - Filling up the DagBag from /home/airflow/.local/lib/python3.6/site-packages/airflow/example_dags/tutorial.py
[2021-10-16 00:55:57,735] {processor.py:632} INFO - DAG(s) dict_keys(['tutorial']) retrieved from /home/airflow/.local/lib/python3.6/site-packages/airflow/example_dags/tutorial.py
[2021-10-16 00:55:57,749] {logging_mixin.py:109} INFO - [2021-10-16 00:55:57,749] {dag.py:2389} INFO - Sync 1 DAGs
[2021-10-16 00:55:57,774] {logging_mixin.py:109} INFO - [2021-10-16 00:55:57,774] {dag.py:2914} INFO - Setting next_dagrun for tutorial to 2021-10-15T00:55:57.774283+00:00
[2021-10-16 00:55:57,786] {processor.py:171} INFO - Processing /home/airflow/.local/lib/python3.6/site-packages/airflow/example_dags/tutorial.py took 0.102 seconds
[2021-10-16 00:56:27,944] {processor.py:163} INFO - Started process (PID=341) to work on /home/airflow/.local/lib/python3.6/site-packages/airflow/example_dags/tutorial.py
[2021-10-16 00:56:27,950] {processor.py:620} INFO - Processing file /home/airflow/.local/lib/python3.6/site-packages/airflow/example_dags/tutorial.py for tasks to queue
[2021-10-16 00:56:27,953] {logging_mixin.py:109} INFO - [2021-10-16 00:56:27,953] {dagbag.py:500} INFO - Filling up the DagBag from /home/airflow/.local/lib/python3.6/site-packages/airflow/example_dags/tutorial.py
[2021-10-16 00:56:28,130] {processor.py:632} INFO - DAG(s) dict_keys(['tutorial']) retrieved from /home/airflow/.local/lib/python3.6/site-packages/airflow/example_dags/tutorial.py
[2021-10-16 00:56:28,188] {logging_mixin.py:109} INFO - [2021-10-16 00:56:28,188] {dag.py:2389} INFO - Sync 1 DAGs
[2021-10-16 00:56:28,254] {logging_mixin.py:109} INFO - [2021-10-16 00:56:28,253] {dag.py:2914} INFO - Setting next_dagrun for tutorial to 2021-10-15T00:56:28.253651+00:00
[2021-10-16 00:56:28,290] {processor.py:171} INFO - Processing /home/airflow/.local/lib/python3.6/site-packages/airflow/example_dags/tutorial.py took 0.370 seconds
[2021-10-16 00:56:58,406] {processor.py:163} INFO - Started process (PID=396) to work on /home/airflow/.local/lib/python3.6/site-packages/airflow/example_dags/tutorial.py
[2021-10-16 00:56:58,409] {processor.py:620} INFO - Processing file /home/airflow/.local/lib/python3.6/site-packages/airflow/example_dags/tutorial.py for tasks to queue
[2021-10-16 00:56:58,410] {logging_mixin.py:109} INFO - [2021-10-16 00:56:58,410] {dagbag.py:500} INFO - Filling up the DagBag from /home/airflow/.local/lib/python3.6/site-packages/airflow/example_dags/tutorial.py
[2021-10-16 00:56:58,452] {processor.py:632} INFO - DAG(s) dict_keys(['tutorial']) retrieved from /home/airflow/.local/lib/python3.6/site-packages/airflow/example_dags/tutorial.py
[2021-10-16 00:56:58,464] {logging_mixin.py:109} INFO - [2021-10-16 00:56:58,464] {dag.py:2389} INFO - Sync 1 DAGs
[2021-10-16 00:56:58,480] {logging_mixin.py:109} INFO - [2021-10-16 00:56:58,480] {dag.py:2914} INFO - Setting next_dagrun for tutorial to 2021-10-15T00:56:58.479858+00:00
[2021-10-16 00:56:58,491] {processor.py:171} INFO - Processing /home/airflow/.local/lib/python3.6/site-packages/airflow/example_dags/tutorial.py took 0.092 seconds
[2021-10-16 00:57:28,975] {processor.py:163} INFO - Started process (PID=452) to work on /home/airflow/.local/lib/python3.6/site-packages/airflow/example_dags/tutorial.py
[2021-10-16 00:57:28,977] {processor.py:620} INFO - Processing file /home/airflow/.local/lib/python3.6/site-packages/airflow/example_dags/tutorial.py for tasks to queue
[2021-10-16 00:57:28,980] {logging_mixin.py:109} INFO - [2021-10-16 00:57:28,979] {dagbag.py:500} INFO - Filling up the DagBag from /home/airflow/.local/lib/python3.6/site-packages/airflow/example_dags/tutorial.py
[2021-10-16 00:57:29,017] {processor.py:632} INFO - DAG(s) dict_keys(['tutorial']) retrieved from /home/airflow/.local/lib/python3.6/site-packages/airflow/example_dags/tutorial.py
[2021-10-16 00:57:29,031] {logging_mixin.py:109} INFO - [2021-10-16 00:57:29,031] {dag.py:2389} INFO - Sync 1 DAGs
[2021-10-16 00:57:29,048] {logging_mixin.py:109} INFO - [2021-10-16 00:57:29,048] {dag.py:2914} INFO - Setting next_dagrun for tutorial to 2021-10-15T00:57:29.047825+00:00
[2021-10-16 00:57:29,059] {processor.py:171} INFO - Processing /home/airflow/.local/lib/python3.6/site-packages/airflow/example_dags/tutorial.py took 0.090 seconds
[2021-10-16 00:57:59,721] {processor.py:163} INFO - Started process (PID=506) to work on /home/airflow/.local/lib/python3.6/site-packages/airflow/example_dags/tutorial.py
[2021-10-16 00:57:59,728] {processor.py:620} INFO - Processing file /home/airflow/.local/lib/python3.6/site-packages/airflow/example_dags/tutorial.py for tasks to queue
[2021-10-16 00:57:59,729] {logging_mixin.py:109} INFO - [2021-10-16 00:57:59,729] {dagbag.py:500} INFO - Filling up the DagBag from /home/airflow/.local/lib/python3.6/site-packages/airflow/example_dags/tutorial.py
[2021-10-16 00:57:59,767] {processor.py:632} INFO - DAG(s) dict_keys(['tutorial']) retrieved from /home/airflow/.local/lib/python3.6/site-packages/airflow/example_dags/tutorial.py
[2021-10-16 00:57:59,781] {logging_mixin.py:109} INFO - [2021-10-16 00:57:59,781] {dag.py:2389} INFO - Sync 1 DAGs
[2021-10-16 00:57:59,804] {logging_mixin.py:109} INFO - [2021-10-16 00:57:59,803] {dag.py:2914} INFO - Setting next_dagrun for tutorial to 2021-10-15T00:57:59.803186+00:00
[2021-10-16 00:57:59,831] {processor.py:171} INFO - Processing /home/airflow/.local/lib/python3.6/site-packages/airflow/example_dags/tutorial.py took 0.116 seconds
[2021-10-16 00:58:30,774] {processor.py:163} INFO - Started process (PID=569) to work on /home/airflow/.local/lib/python3.6/site-packages/airflow/example_dags/tutorial.py
[2021-10-16 00:58:30,777] {processor.py:620} INFO - Processing file /home/airflow/.local/lib/python3.6/site-packages/airflow/example_dags/tutorial.py for tasks to queue
[2021-10-16 00:58:30,778] {logging_mixin.py:109} INFO - [2021-10-16 00:58:30,778] {dagbag.py:500} INFO - Filling up the DagBag from /home/airflow/.local/lib/python3.6/site-packages/airflow/example_dags/tutorial.py
[2021-10-16 00:58:30,879] {processor.py:632} INFO - DAG(s) dict_keys(['tutorial']) retrieved from /home/airflow/.local/lib/python3.6/site-packages/airflow/example_dags/tutorial.py
[2021-10-16 00:58:30,955] {logging_mixin.py:109} INFO - [2021-10-16 00:58:30,955] {dag.py:2389} INFO - Sync 1 DAGs
[2021-10-16 00:58:31,008] {logging_mixin.py:109} INFO - [2021-10-16 00:58:31,008] {dag.py:2914} INFO - Setting next_dagrun for tutorial to 2021-10-15T00:58:31.007794+00:00
[2021-10-16 00:58:31,037] {processor.py:171} INFO - Processing /home/airflow/.local/lib/python3.6/site-packages/airflow/example_dags/tutorial.py took 0.280 seconds
[2021-10-16 00:59:01,321] {processor.py:163} INFO - Started process (PID=624) to work on /home/airflow/.local/lib/python3.6/site-packages/airflow/example_dags/tutorial.py
[2021-10-16 00:59:01,330] {processor.py:620} INFO - Processing file /home/airflow/.local/lib/python3.6/site-packages/airflow/example_dags/tutorial.py for tasks to queue
[2021-10-16 00:59:01,331] {logging_mixin.py:109} INFO - [2021-10-16 00:59:01,331] {dagbag.py:500} INFO - Filling up the DagBag from /home/airflow/.local/lib/python3.6/site-packages/airflow/example_dags/tutorial.py
[2021-10-16 00:59:01,394] {processor.py:632} INFO - DAG(s) dict_keys(['tutorial']) retrieved from /home/airflow/.local/lib/python3.6/site-packages/airflow/example_dags/tutorial.py
[2021-10-16 00:59:01,415] {logging_mixin.py:109} INFO - [2021-10-16 00:59:01,415] {dag.py:2389} INFO - Sync 1 DAGs
[2021-10-16 00:59:01,447] {logging_mixin.py:109} INFO - [2021-10-16 00:59:01,446] {dag.py:2914} INFO - Setting next_dagrun for tutorial to 2021-10-15T00:59:01.446632+00:00
[2021-10-16 00:59:01,463] {processor.py:171} INFO - Processing /home/airflow/.local/lib/python3.6/site-packages/airflow/example_dags/tutorial.py took 0.160 seconds
[2021-10-16 00:59:32,266] {processor.py:163} INFO - Started process (PID=684) to work on /home/airflow/.local/lib/python3.6/site-packages/airflow/example_dags/tutorial.py
[2021-10-16 00:59:32,271] {processor.py:620} INFO - Processing file /home/airflow/.local/lib/python3.6/site-packages/airflow/example_dags/tutorial.py for tasks to queue
[2021-10-16 00:59:32,273] {logging_mixin.py:109} INFO - [2021-10-16 00:59:32,273] {dagbag.py:500} INFO - Filling up the DagBag from /home/airflow/.local/lib/python3.6/site-packages/airflow/example_dags/tutorial.py
[2021-10-16 00:59:32,327] {processor.py:632} INFO - DAG(s) dict_keys(['tutorial']) retrieved from /home/airflow/.local/lib/python3.6/site-packages/airflow/example_dags/tutorial.py
[2021-10-16 00:59:32,347] {logging_mixin.py:109} INFO - [2021-10-16 00:59:32,347] {dag.py:2389} INFO - Sync 1 DAGs
[2021-10-16 00:59:32,374] {logging_mixin.py:109} INFO - [2021-10-16 00:59:32,374] {dag.py:2914} INFO - Setting next_dagrun for tutorial to 2021-10-15T00:59:32.374111+00:00
[2021-10-16 00:59:32,392] {processor.py:171} INFO - Processing /home/airflow/.local/lib/python3.6/site-packages/airflow/example_dags/tutorial.py took 0.134 seconds
[2021-10-16 01:00:03,099] {processor.py:163} INFO - Started process (PID=738) to work on /home/airflow/.local/lib/python3.6/site-packages/airflow/example_dags/tutorial.py
[2021-10-16 01:00:03,103] {processor.py:620} INFO - Processing file /home/airflow/.local/lib/python3.6/site-packages/airflow/example_dags/tutorial.py for tasks to queue
[2021-10-16 01:00:03,106] {logging_mixin.py:109} INFO - [2021-10-16 01:00:03,106] {dagbag.py:500} INFO - Filling up the DagBag from /home/airflow/.local/lib/python3.6/site-packages/airflow/example_dags/tutorial.py
[2021-10-16 01:00:03,154] {processor.py:632} INFO - DAG(s) dict_keys(['tutorial']) retrieved from /home/airflow/.local/lib/python3.6/site-packages/airflow/example_dags/tutorial.py
[2021-10-16 01:00:03,155] {logging_mixin.py:109} INFO - [2021-10-16 01:00:03,155] {dag.py:2389} INFO - Sync 1 DAGs
[2021-10-16 01:00:03,175] {logging_mixin.py:109} INFO - [2021-10-16 01:00:03,175] {dag.py:2914} INFO - Setting next_dagrun for tutorial to 2021-10-15T01:00:03.175544+00:00
[2021-10-16 01:00:03,189] {processor.py:171} INFO - Processing /home/airflow/.local/lib/python3.6/site-packages/airflow/example_dags/tutorial.py took 0.114 seconds
[2021-10-16 01:00:33,228] {processor.py:163} INFO - Started process (PID=792) to work on /home/airflow/.local/lib/python3.6/site-packages/airflow/example_dags/tutorial.py
[2021-10-16 01:00:33,231] {processor.py:620} INFO - Processing file /home/airflow/.local/lib/python3.6/site-packages/airflow/example_dags/tutorial.py for tasks to queue
[2021-10-16 01:00:33,233] {logging_mixin.py:109} INFO - [2021-10-16 01:00:33,233] {dagbag.py:500} INFO - Filling up the DagBag from /home/airflow/.local/lib/python3.6/site-packages/airflow/example_dags/tutorial.py
[2021-10-16 01:00:33,270] {processor.py:632} INFO - DAG(s) dict_keys(['tutorial']) retrieved from /home/airflow/.local/lib/python3.6/site-packages/airflow/example_dags/tutorial.py
[2021-10-16 01:00:33,283] {logging_mixin.py:109} INFO - [2021-10-16 01:00:33,283] {dag.py:2389} INFO - Sync 1 DAGs
[2021-10-16 01:00:33,299] {logging_mixin.py:109} INFO - [2021-10-16 01:00:33,298] {dag.py:2914} INFO - Setting next_dagrun for tutorial to 2021-10-15T01:00:33.298575+00:00
[2021-10-16 01:00:33,313] {processor.py:171} INFO - Processing /home/airflow/.local/lib/python3.6/site-packages/airflow/example_dags/tutorial.py took 0.091 seconds
[2021-10-16 01:01:03,612] {processor.py:163} INFO - Started process (PID=859) to work on /home/airflow/.local/lib/python3.6/site-packages/airflow/example_dags/tutorial.py
[2021-10-16 01:01:03,614] {processor.py:620} INFO - Processing file /home/airflow/.local/lib/python3.6/site-packages/airflow/example_dags/tutorial.py for tasks to queue
[2021-10-16 01:01:03,615] {logging_mixin.py:109} INFO - [2021-10-16 01:01:03,615] {dagbag.py:500} INFO - Filling up the DagBag from /home/airflow/.local/lib/python3.6/site-packages/airflow/example_dags/tutorial.py
[2021-10-16 01:01:03,658] {processor.py:632} INFO - DAG(s) dict_keys(['tutorial']) retrieved from /home/airflow/.local/lib/python3.6/site-packages/airflow/example_dags/tutorial.py
[2021-10-16 01:01:03,672] {logging_mixin.py:109} INFO - [2021-10-16 01:01:03,672] {dag.py:2389} INFO - Sync 1 DAGs
[2021-10-16 01:01:03,687] {logging_mixin.py:109} INFO - [2021-10-16 01:01:03,687] {dag.py:2914} INFO - Setting next_dagrun for tutorial to 2021-10-15T01:01:03.686957+00:00
[2021-10-16 01:01:03,699] {processor.py:171} INFO - Processing /home/airflow/.local/lib/python3.6/site-packages/airflow/example_dags/tutorial.py took 0.092 seconds
[2021-10-16 01:01:33,935] {processor.py:163} INFO - Started process (PID=915) to work on /home/airflow/.local/lib/python3.6/site-packages/airflow/example_dags/tutorial.py
[2021-10-16 01:01:33,940] {processor.py:620} INFO - Processing file /home/airflow/.local/lib/python3.6/site-packages/airflow/example_dags/tutorial.py for tasks to queue
[2021-10-16 01:01:33,943] {logging_mixin.py:109} INFO - [2021-10-16 01:01:33,943] {dagbag.py:500} INFO - Filling up the DagBag from /home/airflow/.local/lib/python3.6/site-packages/airflow/example_dags/tutorial.py
[2021-10-16 01:01:34,005] {processor.py:632} INFO - DAG(s) dict_keys(['tutorial']) retrieved from /home/airflow/.local/lib/python3.6/site-packages/airflow/example_dags/tutorial.py
[2021-10-16 01:01:34,025] {logging_mixin.py:109} INFO - [2021-10-16 01:01:34,024] {dag.py:2389} INFO - Sync 1 DAGs
[2021-10-16 01:01:34,132] {logging_mixin.py:109} INFO - [2021-10-16 01:01:34,131] {dag.py:2914} INFO - Setting next_dagrun for tutorial to 2021-10-15T01:01:34.131606+00:00
[2021-10-16 01:01:34,174] {processor.py:171} INFO - Processing /home/airflow/.local/lib/python3.6/site-packages/airflow/example_dags/tutorial.py took 0.250 seconds
[2021-10-16 01:02:04,967] {processor.py:163} INFO - Started process (PID=969) to work on /home/airflow/.local/lib/python3.6/site-packages/airflow/example_dags/tutorial.py
[2021-10-16 01:02:04,974] {processor.py:620} INFO - Processing file /home/airflow/.local/lib/python3.6/site-packages/airflow/example_dags/tutorial.py for tasks to queue
[2021-10-16 01:02:04,976] {logging_mixin.py:109} INFO - [2021-10-16 01:02:04,976] {dagbag.py:500} INFO - Filling up the DagBag from /home/airflow/.local/lib/python3.6/site-packages/airflow/example_dags/tutorial.py
[2021-10-16 01:02:05,011] {processor.py:632} INFO - DAG(s) dict_keys(['tutorial']) retrieved from /home/airflow/.local/lib/python3.6/site-packages/airflow/example_dags/tutorial.py
[2021-10-16 01:02:05,023] {logging_mixin.py:109} INFO - [2021-10-16 01:02:05,023] {dag.py:2389} INFO - Sync 1 DAGs
[2021-10-16 01:02:05,039] {logging_mixin.py:109} INFO - [2021-10-16 01:02:05,039] {dag.py:2914} INFO - Setting next_dagrun for tutorial to 2021-10-15T01:02:05.038760+00:00
[2021-10-16 01:02:05,050] {processor.py:171} INFO - Processing /home/airflow/.local/lib/python3.6/site-packages/airflow/example_dags/tutorial.py took 0.087 seconds
[2021-10-16 01:02:35,783] {processor.py:163} INFO - Started process (PID=1039) to work on /home/airflow/.local/lib/python3.6/site-packages/airflow/example_dags/tutorial.py
[2021-10-16 01:02:35,786] {processor.py:620} INFO - Processing file /home/airflow/.local/lib/python3.6/site-packages/airflow/example_dags/tutorial.py for tasks to queue
[2021-10-16 01:02:35,787] {logging_mixin.py:109} INFO - [2021-10-16 01:02:35,787] {dagbag.py:500} INFO - Filling up the DagBag from /home/airflow/.local/lib/python3.6/site-packages/airflow/example_dags/tutorial.py
[2021-10-16 01:02:35,822] {processor.py:632} INFO - DAG(s) dict_keys(['tutorial']) retrieved from /home/airflow/.local/lib/python3.6/site-packages/airflow/example_dags/tutorial.py
[2021-10-16 01:02:35,835] {logging_mixin.py:109} INFO - [2021-10-16 01:02:35,835] {dag.py:2389} INFO - Sync 1 DAGs
[2021-10-16 01:02:35,851] {logging_mixin.py:109} INFO - [2021-10-16 01:02:35,851] {dag.py:2914} INFO - Setting next_dagrun for tutorial to 2021-10-15T01:02:35.850758+00:00
[2021-10-16 01:02:35,861] {processor.py:171} INFO - Processing /home/airflow/.local/lib/python3.6/site-packages/airflow/example_dags/tutorial.py took 0.082 seconds
[2021-10-16 01:03:06,345] {processor.py:163} INFO - Started process (PID=1092) to work on /home/airflow/.local/lib/python3.6/site-packages/airflow/example_dags/tutorial.py
[2021-10-16 01:03:06,347] {processor.py:620} INFO - Processing file /home/airflow/.local/lib/python3.6/site-packages/airflow/example_dags/tutorial.py for tasks to queue
[2021-10-16 01:03:06,350] {logging_mixin.py:109} INFO - [2021-10-16 01:03:06,350] {dagbag.py:500} INFO - Filling up the DagBag from /home/airflow/.local/lib/python3.6/site-packages/airflow/example_dags/tutorial.py
[2021-10-16 01:03:06,392] {processor.py:632} INFO - DAG(s) dict_keys(['tutorial']) retrieved from /home/airflow/.local/lib/python3.6/site-packages/airflow/example_dags/tutorial.py
[2021-10-16 01:03:06,408] {logging_mixin.py:109} INFO - [2021-10-16 01:03:06,408] {dag.py:2389} INFO - Sync 1 DAGs
[2021-10-16 01:03:06,428] {logging_mixin.py:109} INFO - [2021-10-16 01:03:06,428] {dag.py:2914} INFO - Setting next_dagrun for tutorial to 2021-10-15T01:03:06.428502+00:00
[2021-10-16 01:03:06,442] {processor.py:171} INFO - Processing /home/airflow/.local/lib/python3.6/site-packages/airflow/example_dags/tutorial.py took 0.103 seconds
[2021-10-16 01:03:36,672] {processor.py:163} INFO - Started process (PID=1156) to work on /home/airflow/.local/lib/python3.6/site-packages/airflow/example_dags/tutorial.py
[2021-10-16 01:03:36,676] {processor.py:620} INFO - Processing file /home/airflow/.local/lib/python3.6/site-packages/airflow/example_dags/tutorial.py for tasks to queue
[2021-10-16 01:03:36,678] {logging_mixin.py:109} INFO - [2021-10-16 01:03:36,678] {dagbag.py:500} INFO - Filling up the DagBag from /home/airflow/.local/lib/python3.6/site-packages/airflow/example_dags/tutorial.py
[2021-10-16 01:03:36,740] {processor.py:632} INFO - DAG(s) dict_keys(['tutorial']) retrieved from /home/airflow/.local/lib/python3.6/site-packages/airflow/example_dags/tutorial.py
[2021-10-16 01:03:36,762] {logging_mixin.py:109} INFO - [2021-10-16 01:03:36,762] {dag.py:2389} INFO - Sync 1 DAGs
[2021-10-16 01:03:36,798] {logging_mixin.py:109} INFO - [2021-10-16 01:03:36,798] {dag.py:2914} INFO - Setting next_dagrun for tutorial to 2021-10-15T01:03:36.797834+00:00
[2021-10-16 01:03:36,809] {processor.py:171} INFO - Processing /home/airflow/.local/lib/python3.6/site-packages/airflow/example_dags/tutorial.py took 0.143 seconds
[2021-10-16 01:04:06,980] {processor.py:163} INFO - Started process (PID=1211) to work on /home/airflow/.local/lib/python3.6/site-packages/airflow/example_dags/tutorial.py
[2021-10-16 01:04:06,988] {processor.py:620} INFO - Processing file /home/airflow/.local/lib/python3.6/site-packages/airflow/example_dags/tutorial.py for tasks to queue
[2021-10-16 01:04:06,990] {logging_mixin.py:109} INFO - [2021-10-16 01:04:06,990] {dagbag.py:500} INFO - Filling up the DagBag from /home/airflow/.local/lib/python3.6/site-packages/airflow/example_dags/tutorial.py
[2021-10-16 01:04:07,035] {processor.py:632} INFO - DAG(s) dict_keys(['tutorial']) retrieved from /home/airflow/.local/lib/python3.6/site-packages/airflow/example_dags/tutorial.py
[2021-10-16 01:04:07,050] {logging_mixin.py:109} INFO - [2021-10-16 01:04:07,050] {dag.py:2389} INFO - Sync 1 DAGs
[2021-10-16 01:04:07,073] {logging_mixin.py:109} INFO - [2021-10-16 01:04:07,073] {dag.py:2914} INFO - Setting next_dagrun for tutorial to 2021-10-15T01:04:07.073322+00:00
[2021-10-16 01:04:07,092] {processor.py:171} INFO - Processing /home/airflow/.local/lib/python3.6/site-packages/airflow/example_dags/tutorial.py took 0.118 seconds
[2021-10-16 01:04:37,286] {processor.py:163} INFO - Started process (PID=1265) to work on /home/airflow/.local/lib/python3.6/site-packages/airflow/example_dags/tutorial.py
[2021-10-16 01:04:37,294] {processor.py:620} INFO - Processing file /home/airflow/.local/lib/python3.6/site-packages/airflow/example_dags/tutorial.py for tasks to queue
[2021-10-16 01:04:37,296] {logging_mixin.py:109} INFO - [2021-10-16 01:04:37,295] {dagbag.py:500} INFO - Filling up the DagBag from /home/airflow/.local/lib/python3.6/site-packages/airflow/example_dags/tutorial.py
[2021-10-16 01:04:37,336] {processor.py:632} INFO - DAG(s) dict_keys(['tutorial']) retrieved from /home/airflow/.local/lib/python3.6/site-packages/airflow/example_dags/tutorial.py
[2021-10-16 01:04:37,350] {logging_mixin.py:109} INFO - [2021-10-16 01:04:37,350] {dag.py:2389} INFO - Sync 1 DAGs
[2021-10-16 01:04:37,369] {logging_mixin.py:109} INFO - [2021-10-16 01:04:37,369] {dag.py:2914} INFO - Setting next_dagrun for tutorial to 2021-10-15T01:04:37.368891+00:00
[2021-10-16 01:04:37,383] {processor.py:171} INFO - Processing /home/airflow/.local/lib/python3.6/site-packages/airflow/example_dags/tutorial.py took 0.103 seconds
[2021-10-16 01:05:07,809] {processor.py:163} INFO - Started process (PID=1321) to work on /home/airflow/.local/lib/python3.6/site-packages/airflow/example_dags/tutorial.py
[2021-10-16 01:05:07,812] {processor.py:620} INFO - Processing file /home/airflow/.local/lib/python3.6/site-packages/airflow/example_dags/tutorial.py for tasks to queue
[2021-10-16 01:05:07,816] {logging_mixin.py:109} INFO - [2021-10-16 01:05:07,815] {dagbag.py:500} INFO - Filling up the DagBag from /home/airflow/.local/lib/python3.6/site-packages/airflow/example_dags/tutorial.py
[2021-10-16 01:05:07,860] {processor.py:632} INFO - DAG(s) dict_keys(['tutorial']) retrieved from /home/airflow/.local/lib/python3.6/site-packages/airflow/example_dags/tutorial.py
[2021-10-16 01:05:07,876] {logging_mixin.py:109} INFO - [2021-10-16 01:05:07,876] {dag.py:2389} INFO - Sync 1 DAGs
[2021-10-16 01:05:07,902] {logging_mixin.py:109} INFO - [2021-10-16 01:05:07,902] {dag.py:2914} INFO - Setting next_dagrun for tutorial to 2021-10-15T01:05:07.901992+00:00
[2021-10-16 01:05:07,918] {processor.py:171} INFO - Processing /home/airflow/.local/lib/python3.6/site-packages/airflow/example_dags/tutorial.py took 0.117 seconds
[2021-10-16 01:05:38,383] {processor.py:163} INFO - Started process (PID=1374) to work on /home/airflow/.local/lib/python3.6/site-packages/airflow/example_dags/tutorial.py
[2021-10-16 01:05:38,386] {processor.py:620} INFO - Processing file /home/airflow/.local/lib/python3.6/site-packages/airflow/example_dags/tutorial.py for tasks to queue
[2021-10-16 01:05:38,389] {logging_mixin.py:109} INFO - [2021-10-16 01:05:38,389] {dagbag.py:500} INFO - Filling up the DagBag from /home/airflow/.local/lib/python3.6/site-packages/airflow/example_dags/tutorial.py
[2021-10-16 01:05:38,427] {processor.py:632} INFO - DAG(s) dict_keys(['tutorial']) retrieved from /home/airflow/.local/lib/python3.6/site-packages/airflow/example_dags/tutorial.py
[2021-10-16 01:05:38,440] {logging_mixin.py:109} INFO - [2021-10-16 01:05:38,440] {dag.py:2389} INFO - Sync 1 DAGs
[2021-10-16 01:05:38,458] {logging_mixin.py:109} INFO - [2021-10-16 01:05:38,458] {dag.py:2914} INFO - Setting next_dagrun for tutorial to 2021-10-15T01:05:38.458542+00:00
[2021-10-16 01:05:38,472] {processor.py:171} INFO - Processing /home/airflow/.local/lib/python3.6/site-packages/airflow/example_dags/tutorial.py took 0.096 seconds
[2021-10-16 01:06:08,911] {processor.py:163} INFO - Started process (PID=1439) to work on /home/airflow/.local/lib/python3.6/site-packages/airflow/example_dags/tutorial.py
[2021-10-16 01:06:08,914] {processor.py:620} INFO - Processing file /home/airflow/.local/lib/python3.6/site-packages/airflow/example_dags/tutorial.py for tasks to queue
[2021-10-16 01:06:08,916] {logging_mixin.py:109} INFO - [2021-10-16 01:06:08,916] {dagbag.py:500} INFO - Filling up the DagBag from /home/airflow/.local/lib/python3.6/site-packages/airflow/example_dags/tutorial.py
[2021-10-16 01:06:08,957] {processor.py:632} INFO - DAG(s) dict_keys(['tutorial']) retrieved from /home/airflow/.local/lib/python3.6/site-packages/airflow/example_dags/tutorial.py
[2021-10-16 01:06:08,971] {logging_mixin.py:109} INFO - [2021-10-16 01:06:08,970] {dag.py:2389} INFO - Sync 1 DAGs
[2021-10-16 01:06:08,990] {logging_mixin.py:109} INFO - [2021-10-16 01:06:08,990] {dag.py:2914} INFO - Setting next_dagrun for tutorial to 2021-10-15T01:06:08.989898+00:00
[2021-10-16 01:06:09,004] {processor.py:171} INFO - Processing /home/airflow/.local/lib/python3.6/site-packages/airflow/example_dags/tutorial.py took 0.097 seconds
[2021-10-16 01:06:39,507] {processor.py:163} INFO - Started process (PID=1493) to work on /home/airflow/.local/lib/python3.6/site-packages/airflow/example_dags/tutorial.py
[2021-10-16 01:06:39,510] {processor.py:620} INFO - Processing file /home/airflow/.local/lib/python3.6/site-packages/airflow/example_dags/tutorial.py for tasks to queue
[2021-10-16 01:06:39,511] {logging_mixin.py:109} INFO - [2021-10-16 01:06:39,511] {dagbag.py:500} INFO - Filling up the DagBag from /home/airflow/.local/lib/python3.6/site-packages/airflow/example_dags/tutorial.py
[2021-10-16 01:06:39,546] {processor.py:632} INFO - DAG(s) dict_keys(['tutorial']) retrieved from /home/airflow/.local/lib/python3.6/site-packages/airflow/example_dags/tutorial.py
[2021-10-16 01:06:39,559] {logging_mixin.py:109} INFO - [2021-10-16 01:06:39,559] {dag.py:2389} INFO - Sync 1 DAGs
[2021-10-16 01:06:39,575] {logging_mixin.py:109} INFO - [2021-10-16 01:06:39,575] {dag.py:2914} INFO - Setting next_dagrun for tutorial to 2021-10-15T01:06:39.575398+00:00
[2021-10-16 01:06:39,588] {processor.py:171} INFO - Processing /home/airflow/.local/lib/python3.6/site-packages/airflow/example_dags/tutorial.py took 0.086 seconds
[2021-10-16 01:07:09,820] {processor.py:163} INFO - Started process (PID=1546) to work on /home/airflow/.local/lib/python3.6/site-packages/airflow/example_dags/tutorial.py
[2021-10-16 01:07:09,834] {processor.py:620} INFO - Processing file /home/airflow/.local/lib/python3.6/site-packages/airflow/example_dags/tutorial.py for tasks to queue
[2021-10-16 01:07:09,839] {logging_mixin.py:109} INFO - [2021-10-16 01:07:09,836] {dagbag.py:500} INFO - Filling up the DagBag from /home/airflow/.local/lib/python3.6/site-packages/airflow/example_dags/tutorial.py
[2021-10-16 01:07:09,929] {processor.py:632} INFO - DAG(s) dict_keys(['tutorial']) retrieved from /home/airflow/.local/lib/python3.6/site-packages/airflow/example_dags/tutorial.py
[2021-10-16 01:07:09,948] {logging_mixin.py:109} INFO - [2021-10-16 01:07:09,948] {dag.py:2389} INFO - Sync 1 DAGs
[2021-10-16 01:07:09,975] {logging_mixin.py:109} INFO - [2021-10-16 01:07:09,974] {dag.py:2914} INFO - Setting next_dagrun for tutorial to 2021-10-15T01:07:09.974720+00:00
[2021-10-16 01:07:09,990] {processor.py:171} INFO - Processing /home/airflow/.local/lib/python3.6/site-packages/airflow/example_dags/tutorial.py took 0.172 seconds
[2021-10-16 01:07:40,658] {processor.py:163} INFO - Started process (PID=1600) to work on /home/airflow/.local/lib/python3.6/site-packages/airflow/example_dags/tutorial.py
[2021-10-16 01:07:40,661] {processor.py:620} INFO - Processing file /home/airflow/.local/lib/python3.6/site-packages/airflow/example_dags/tutorial.py for tasks to queue
[2021-10-16 01:07:40,663] {logging_mixin.py:109} INFO - [2021-10-16 01:07:40,662] {dagbag.py:500} INFO - Filling up the DagBag from /home/airflow/.local/lib/python3.6/site-packages/airflow/example_dags/tutorial.py
[2021-10-16 01:07:40,715] {processor.py:632} INFO - DAG(s) dict_keys(['tutorial']) retrieved from /home/airflow/.local/lib/python3.6/site-packages/airflow/example_dags/tutorial.py
[2021-10-16 01:07:40,730] {logging_mixin.py:109} INFO - [2021-10-16 01:07:40,730] {dag.py:2389} INFO - Sync 1 DAGs
[2021-10-16 01:07:40,755] {logging_mixin.py:109} INFO - [2021-10-16 01:07:40,755] {dag.py:2914} INFO - Setting next_dagrun for tutorial to 2021-10-15T01:07:40.755253+00:00
[2021-10-16 01:07:40,768] {processor.py:171} INFO - Processing /home/airflow/.local/lib/python3.6/site-packages/airflow/example_dags/tutorial.py took 0.120 seconds
[2021-10-16 01:08:10,822] {processor.py:163} INFO - Started process (PID=1669) to work on /home/airflow/.local/lib/python3.6/site-packages/airflow/example_dags/tutorial.py
[2021-10-16 01:08:10,825] {processor.py:620} INFO - Processing file /home/airflow/.local/lib/python3.6/site-packages/airflow/example_dags/tutorial.py for tasks to queue
[2021-10-16 01:08:10,826] {logging_mixin.py:109} INFO - [2021-10-16 01:08:10,826] {dagbag.py:500} INFO - Filling up the DagBag from /home/airflow/.local/lib/python3.6/site-packages/airflow/example_dags/tutorial.py
[2021-10-16 01:08:10,872] {processor.py:632} INFO - DAG(s) dict_keys(['tutorial']) retrieved from /home/airflow/.local/lib/python3.6/site-packages/airflow/example_dags/tutorial.py
[2021-10-16 01:08:10,886] {logging_mixin.py:109} INFO - [2021-10-16 01:08:10,886] {dag.py:2389} INFO - Sync 1 DAGs
[2021-10-16 01:08:10,917] {logging_mixin.py:109} INFO - [2021-10-16 01:08:10,917] {dag.py:2914} INFO - Setting next_dagrun for tutorial to 2021-10-15T01:08:10.917063+00:00
[2021-10-16 01:08:10,930] {processor.py:171} INFO - Processing /home/airflow/.local/lib/python3.6/site-packages/airflow/example_dags/tutorial.py took 0.114 seconds
[2021-10-16 01:08:41,680] {processor.py:163} INFO - Started process (PID=1723) to work on /home/airflow/.local/lib/python3.6/site-packages/airflow/example_dags/tutorial.py
[2021-10-16 01:08:41,682] {processor.py:620} INFO - Processing file /home/airflow/.local/lib/python3.6/site-packages/airflow/example_dags/tutorial.py for tasks to queue
[2021-10-16 01:08:41,687] {logging_mixin.py:109} INFO - [2021-10-16 01:08:41,687] {dagbag.py:500} INFO - Filling up the DagBag from /home/airflow/.local/lib/python3.6/site-packages/airflow/example_dags/tutorial.py
[2021-10-16 01:08:41,794] {processor.py:632} INFO - DAG(s) dict_keys(['tutorial']) retrieved from /home/airflow/.local/lib/python3.6/site-packages/airflow/example_dags/tutorial.py
[2021-10-16 01:08:41,822] {logging_mixin.py:109} INFO - [2021-10-16 01:08:41,822] {dag.py:2389} INFO - Sync 1 DAGs
[2021-10-16 01:08:41,866] {logging_mixin.py:109} INFO - [2021-10-16 01:08:41,866] {dag.py:2914} INFO - Setting next_dagrun for tutorial to 2021-10-15T01:08:41.865991+00:00
[2021-10-16 01:08:41,879] {processor.py:171} INFO - Processing /home/airflow/.local/lib/python3.6/site-packages/airflow/example_dags/tutorial.py took 0.213 seconds
[2021-10-16 01:09:12,731] {processor.py:163} INFO - Started process (PID=1791) to work on /home/airflow/.local/lib/python3.6/site-packages/airflow/example_dags/tutorial.py
[2021-10-16 01:09:12,742] {processor.py:620} INFO - Processing file /home/airflow/.local/lib/python3.6/site-packages/airflow/example_dags/tutorial.py for tasks to queue
[2021-10-16 01:09:12,743] {logging_mixin.py:109} INFO - [2021-10-16 01:09:12,743] {dagbag.py:500} INFO - Filling up the DagBag from /home/airflow/.local/lib/python3.6/site-packages/airflow/example_dags/tutorial.py
[2021-10-16 01:09:12,844] {processor.py:632} INFO - DAG(s) dict_keys(['tutorial']) retrieved from /home/airflow/.local/lib/python3.6/site-packages/airflow/example_dags/tutorial.py
[2021-10-16 01:09:12,858] {logging_mixin.py:109} INFO - [2021-10-16 01:09:12,858] {dag.py:2389} INFO - Sync 1 DAGs
[2021-10-16 01:09:12,875] {logging_mixin.py:109} INFO - [2021-10-16 01:09:12,875] {dag.py:2914} INFO - Setting next_dagrun for tutorial to 2021-10-15T01:09:12.875534+00:00
[2021-10-16 01:09:12,890] {processor.py:171} INFO - Processing /home/airflow/.local/lib/python3.6/site-packages/airflow/example_dags/tutorial.py took 0.163 seconds
[2021-10-16 01:09:43,204] {processor.py:163} INFO - Started process (PID=1846) to work on /home/airflow/.local/lib/python3.6/site-packages/airflow/example_dags/tutorial.py
[2021-10-16 01:09:43,217] {processor.py:620} INFO - Processing file /home/airflow/.local/lib/python3.6/site-packages/airflow/example_dags/tutorial.py for tasks to queue
[2021-10-16 01:09:43,219] {logging_mixin.py:109} INFO - [2021-10-16 01:09:43,219] {dagbag.py:500} INFO - Filling up the DagBag from /home/airflow/.local/lib/python3.6/site-packages/airflow/example_dags/tutorial.py
[2021-10-16 01:09:43,268] {processor.py:632} INFO - DAG(s) dict_keys(['tutorial']) retrieved from /home/airflow/.local/lib/python3.6/site-packages/airflow/example_dags/tutorial.py
[2021-10-16 01:09:43,286] {logging_mixin.py:109} INFO - [2021-10-16 01:09:43,286] {dag.py:2389} INFO - Sync 1 DAGs
[2021-10-16 01:09:43,308] {logging_mixin.py:109} INFO - [2021-10-16 01:09:43,308] {dag.py:2914} INFO - Setting next_dagrun for tutorial to 2021-10-15T01:09:43.308197+00:00
[2021-10-16 01:09:43,323] {processor.py:171} INFO - Processing /home/airflow/.local/lib/python3.6/site-packages/airflow/example_dags/tutorial.py took 0.122 seconds
[2021-10-16 01:10:13,872] {processor.py:163} INFO - Started process (PID=1899) to work on /home/airflow/.local/lib/python3.6/site-packages/airflow/example_dags/tutorial.py
[2021-10-16 01:10:13,896] {processor.py:620} INFO - Processing file /home/airflow/.local/lib/python3.6/site-packages/airflow/example_dags/tutorial.py for tasks to queue
[2021-10-16 01:10:13,901] {logging_mixin.py:109} INFO - [2021-10-16 01:10:13,901] {dagbag.py:500} INFO - Filling up the DagBag from /home/airflow/.local/lib/python3.6/site-packages/airflow/example_dags/tutorial.py
[2021-10-16 01:10:14,350] {processor.py:632} INFO - DAG(s) dict_keys(['tutorial']) retrieved from /home/airflow/.local/lib/python3.6/site-packages/airflow/example_dags/tutorial.py
[2021-10-16 01:10:14,587] {logging_mixin.py:109} INFO - [2021-10-16 01:10:14,587] {dag.py:2389} INFO - Sync 1 DAGs
[2021-10-16 01:10:14,707] {logging_mixin.py:109} INFO - [2021-10-16 01:10:14,707] {dag.py:2914} INFO - Setting next_dagrun for tutorial to 2021-10-15T01:10:14.706854+00:00
[2021-10-16 01:10:14,786] {processor.py:171} INFO - Processing /home/airflow/.local/lib/python3.6/site-packages/airflow/example_dags/tutorial.py took 0.928 seconds
[2021-10-16 01:10:45,160] {processor.py:163} INFO - Started process (PID=1966) to work on /home/airflow/.local/lib/python3.6/site-packages/airflow/example_dags/tutorial.py
[2021-10-16 01:10:45,170] {processor.py:620} INFO - Processing file /home/airflow/.local/lib/python3.6/site-packages/airflow/example_dags/tutorial.py for tasks to queue
[2021-10-16 01:10:45,182] {logging_mixin.py:109} INFO - [2021-10-16 01:10:45,182] {dagbag.py:500} INFO - Filling up the DagBag from /home/airflow/.local/lib/python3.6/site-packages/airflow/example_dags/tutorial.py
[2021-10-16 01:10:45,295] {processor.py:632} INFO - DAG(s) dict_keys(['tutorial']) retrieved from /home/airflow/.local/lib/python3.6/site-packages/airflow/example_dags/tutorial.py
[2021-10-16 01:10:45,349] {logging_mixin.py:109} INFO - [2021-10-16 01:10:45,349] {dag.py:2389} INFO - Sync 1 DAGs
[2021-10-16 01:10:45,418] {logging_mixin.py:109} INFO - [2021-10-16 01:10:45,418] {dag.py:2914} INFO - Setting next_dagrun for tutorial to 2021-10-15T01:10:45.418359+00:00
[2021-10-16 01:10:45,464] {processor.py:171} INFO - Processing /home/airflow/.local/lib/python3.6/site-packages/airflow/example_dags/tutorial.py took 0.310 seconds
[2021-10-16 01:11:15,617] {processor.py:163} INFO - Started process (PID=2010) to work on /home/airflow/.local/lib/python3.6/site-packages/airflow/example_dags/tutorial.py
[2021-10-16 01:11:15,628] {processor.py:620} INFO - Processing file /home/airflow/.local/lib/python3.6/site-packages/airflow/example_dags/tutorial.py for tasks to queue
[2021-10-16 01:11:15,631] {logging_mixin.py:109} INFO - [2021-10-16 01:11:15,631] {dagbag.py:500} INFO - Filling up the DagBag from /home/airflow/.local/lib/python3.6/site-packages/airflow/example_dags/tutorial.py
[2021-10-16 01:11:15,747] {processor.py:632} INFO - DAG(s) dict_keys(['tutorial']) retrieved from /home/airflow/.local/lib/python3.6/site-packages/airflow/example_dags/tutorial.py
[2021-10-16 01:11:15,794] {logging_mixin.py:109} INFO - [2021-10-16 01:11:15,794] {dag.py:2389} INFO - Sync 1 DAGs
[2021-10-16 01:11:15,816] {logging_mixin.py:109} INFO - [2021-10-16 01:11:15,816] {dag.py:2914} INFO - Setting next_dagrun for tutorial to 2021-10-15T01:11:15.815891+00:00
[2021-10-16 01:11:15,833] {processor.py:171} INFO - Processing /home/airflow/.local/lib/python3.6/site-packages/airflow/example_dags/tutorial.py took 0.224 seconds
[2021-10-16 01:11:46,768] {processor.py:163} INFO - Started process (PID=2074) to work on /home/airflow/.local/lib/python3.6/site-packages/airflow/example_dags/tutorial.py
[2021-10-16 01:11:46,770] {processor.py:620} INFO - Processing file /home/airflow/.local/lib/python3.6/site-packages/airflow/example_dags/tutorial.py for tasks to queue
[2021-10-16 01:11:46,772] {logging_mixin.py:109} INFO - [2021-10-16 01:11:46,772] {dagbag.py:500} INFO - Filling up the DagBag from /home/airflow/.local/lib/python3.6/site-packages/airflow/example_dags/tutorial.py
[2021-10-16 01:11:46,824] {processor.py:632} INFO - DAG(s) dict_keys(['tutorial']) retrieved from /home/airflow/.local/lib/python3.6/site-packages/airflow/example_dags/tutorial.py
[2021-10-16 01:11:46,842] {logging_mixin.py:109} INFO - [2021-10-16 01:11:46,842] {dag.py:2389} INFO - Sync 1 DAGs
[2021-10-16 01:11:46,862] {logging_mixin.py:109} INFO - [2021-10-16 01:11:46,862] {dag.py:2914} INFO - Setting next_dagrun for tutorial to 2021-10-15T01:11:46.861806+00:00
[2021-10-16 01:11:46,887] {processor.py:171} INFO - Processing /home/airflow/.local/lib/python3.6/site-packages/airflow/example_dags/tutorial.py took 0.124 seconds
[2021-10-16 01:12:17,776] {processor.py:163} INFO - Started process (PID=2129) to work on /home/airflow/.local/lib/python3.6/site-packages/airflow/example_dags/tutorial.py
[2021-10-16 01:12:17,785] {processor.py:620} INFO - Processing file /home/airflow/.local/lib/python3.6/site-packages/airflow/example_dags/tutorial.py for tasks to queue
[2021-10-16 01:12:17,799] {logging_mixin.py:109} INFO - [2021-10-16 01:12:17,798] {dagbag.py:500} INFO - Filling up the DagBag from /home/airflow/.local/lib/python3.6/site-packages/airflow/example_dags/tutorial.py
[2021-10-16 01:12:17,973] {processor.py:632} INFO - DAG(s) dict_keys(['tutorial']) retrieved from /home/airflow/.local/lib/python3.6/site-packages/airflow/example_dags/tutorial.py
[2021-10-16 01:12:18,064] {logging_mixin.py:109} INFO - [2021-10-16 01:12:18,064] {dag.py:2389} INFO - Sync 1 DAGs
[2021-10-16 01:12:18,130] {logging_mixin.py:109} INFO - [2021-10-16 01:12:18,130] {dag.py:2914} INFO - Setting next_dagrun for tutorial to 2021-10-15T01:12:18.130161+00:00
[2021-10-16 01:12:18,170] {processor.py:171} INFO - Processing /home/airflow/.local/lib/python3.6/site-packages/airflow/example_dags/tutorial.py took 0.419 seconds
[2021-10-16 01:12:48,871] {processor.py:163} INFO - Started process (PID=2185) to work on /home/airflow/.local/lib/python3.6/site-packages/airflow/example_dags/tutorial.py
[2021-10-16 01:12:48,886] {processor.py:620} INFO - Processing file /home/airflow/.local/lib/python3.6/site-packages/airflow/example_dags/tutorial.py for tasks to queue
[2021-10-16 01:12:48,891] {logging_mixin.py:109} INFO - [2021-10-16 01:12:48,890] {dagbag.py:500} INFO - Filling up the DagBag from /home/airflow/.local/lib/python3.6/site-packages/airflow/example_dags/tutorial.py
[2021-10-16 01:12:48,989] {processor.py:632} INFO - DAG(s) dict_keys(['tutorial']) retrieved from /home/airflow/.local/lib/python3.6/site-packages/airflow/example_dags/tutorial.py
[2021-10-16 01:12:49,040] {logging_mixin.py:109} INFO - [2021-10-16 01:12:49,039] {dag.py:2389} INFO - Sync 1 DAGs
[2021-10-16 01:12:49,099] {logging_mixin.py:109} INFO - [2021-10-16 01:12:49,099] {dag.py:2914} INFO - Setting next_dagrun for tutorial to 2021-10-15T01:12:49.099369+00:00
[2021-10-16 01:12:49,125] {processor.py:171} INFO - Processing /home/airflow/.local/lib/python3.6/site-packages/airflow/example_dags/tutorial.py took 0.257 seconds
[2021-10-16 01:13:19,422] {processor.py:163} INFO - Started process (PID=2238) to work on /home/airflow/.local/lib/python3.6/site-packages/airflow/example_dags/tutorial.py
[2021-10-16 01:13:19,439] {processor.py:620} INFO - Processing file /home/airflow/.local/lib/python3.6/site-packages/airflow/example_dags/tutorial.py for tasks to queue
[2021-10-16 01:13:19,446] {logging_mixin.py:109} INFO - [2021-10-16 01:13:19,445] {dagbag.py:500} INFO - Filling up the DagBag from /home/airflow/.local/lib/python3.6/site-packages/airflow/example_dags/tutorial.py
[2021-10-16 01:13:19,632] {processor.py:632} INFO - DAG(s) dict_keys(['tutorial']) retrieved from /home/airflow/.local/lib/python3.6/site-packages/airflow/example_dags/tutorial.py
[2021-10-16 01:13:19,684] {logging_mixin.py:109} INFO - [2021-10-16 01:13:19,683] {dag.py:2389} INFO - Sync 1 DAGs
[2021-10-16 01:13:19,749] {logging_mixin.py:109} INFO - [2021-10-16 01:13:19,749] {dag.py:2914} INFO - Setting next_dagrun for tutorial to 2021-10-15T01:13:19.749114+00:00
[2021-10-16 01:13:19,799] {processor.py:171} INFO - Processing /home/airflow/.local/lib/python3.6/site-packages/airflow/example_dags/tutorial.py took 0.382 seconds
[2021-10-16 01:13:50,272] {processor.py:163} INFO - Started process (PID=2306) to work on /home/airflow/.local/lib/python3.6/site-packages/airflow/example_dags/tutorial.py
[2021-10-16 01:13:50,278] {processor.py:620} INFO - Processing file /home/airflow/.local/lib/python3.6/site-packages/airflow/example_dags/tutorial.py for tasks to queue
[2021-10-16 01:13:50,282] {logging_mixin.py:109} INFO - [2021-10-16 01:13:50,281] {dagbag.py:500} INFO - Filling up the DagBag from /home/airflow/.local/lib/python3.6/site-packages/airflow/example_dags/tutorial.py
[2021-10-16 01:13:50,446] {processor.py:632} INFO - DAG(s) dict_keys(['tutorial']) retrieved from /home/airflow/.local/lib/python3.6/site-packages/airflow/example_dags/tutorial.py
[2021-10-16 01:13:50,520] {logging_mixin.py:109} INFO - [2021-10-16 01:13:50,519] {dag.py:2389} INFO - Sync 1 DAGs
[2021-10-16 01:13:50,573] {logging_mixin.py:109} INFO - [2021-10-16 01:13:50,573] {dag.py:2914} INFO - Setting next_dagrun for tutorial to 2021-10-15T01:13:50.573319+00:00
[2021-10-16 01:13:50,619] {processor.py:171} INFO - Processing /home/airflow/.local/lib/python3.6/site-packages/airflow/example_dags/tutorial.py took 0.365 seconds
[2021-10-16 01:14:21,035] {processor.py:163} INFO - Started process (PID=2360) to work on /home/airflow/.local/lib/python3.6/site-packages/airflow/example_dags/tutorial.py
[2021-10-16 01:14:21,043] {processor.py:620} INFO - Processing file /home/airflow/.local/lib/python3.6/site-packages/airflow/example_dags/tutorial.py for tasks to queue
[2021-10-16 01:14:21,045] {logging_mixin.py:109} INFO - [2021-10-16 01:14:21,045] {dagbag.py:500} INFO - Filling up the DagBag from /home/airflow/.local/lib/python3.6/site-packages/airflow/example_dags/tutorial.py
[2021-10-16 01:14:21,171] {processor.py:632} INFO - DAG(s) dict_keys(['tutorial']) retrieved from /home/airflow/.local/lib/python3.6/site-packages/airflow/example_dags/tutorial.py
[2021-10-16 01:14:21,203] {logging_mixin.py:109} INFO - [2021-10-16 01:14:21,203] {dag.py:2389} INFO - Sync 1 DAGs
[2021-10-16 01:14:21,240] {logging_mixin.py:109} INFO - [2021-10-16 01:14:21,240] {dag.py:2914} INFO - Setting next_dagrun for tutorial to 2021-10-15T01:14:21.239805+00:00
[2021-10-16 01:14:21,275] {processor.py:171} INFO - Processing /home/airflow/.local/lib/python3.6/site-packages/airflow/example_dags/tutorial.py took 0.251 seconds
[2021-10-16 01:14:51,899] {processor.py:163} INFO - Started process (PID=2414) to work on /home/airflow/.local/lib/python3.6/site-packages/airflow/example_dags/tutorial.py
[2021-10-16 01:14:51,905] {processor.py:620} INFO - Processing file /home/airflow/.local/lib/python3.6/site-packages/airflow/example_dags/tutorial.py for tasks to queue
[2021-10-16 01:14:51,910] {logging_mixin.py:109} INFO - [2021-10-16 01:14:51,909] {dagbag.py:500} INFO - Filling up the DagBag from /home/airflow/.local/lib/python3.6/site-packages/airflow/example_dags/tutorial.py
[2021-10-16 01:14:52,001] {processor.py:632} INFO - DAG(s) dict_keys(['tutorial']) retrieved from /home/airflow/.local/lib/python3.6/site-packages/airflow/example_dags/tutorial.py
[2021-10-16 01:14:52,045] {logging_mixin.py:109} INFO - [2021-10-16 01:14:52,045] {dag.py:2389} INFO - Sync 1 DAGs
[2021-10-16 01:14:52,086] {logging_mixin.py:109} INFO - [2021-10-16 01:14:52,086] {dag.py:2914} INFO - Setting next_dagrun for tutorial to 2021-10-15T01:14:52.086358+00:00
[2021-10-16 01:14:52,115] {processor.py:171} INFO - Processing /home/airflow/.local/lib/python3.6/site-packages/airflow/example_dags/tutorial.py took 0.230 seconds
