[2021-10-21 15:53:21,844] {processor.py:163} INFO - Started process (PID=88) to work on /home/airflow/.local/lib/python3.6/site-packages/airflow/example_dags/plugins/workday.py
[2021-10-21 15:53:21,848] {processor.py:620} INFO - Processing file /home/airflow/.local/lib/python3.6/site-packages/airflow/example_dags/plugins/workday.py for tasks to queue
[2021-10-21 15:53:21,851] {logging_mixin.py:109} INFO - [2021-10-21 15:53:21,851] {dagbag.py:500} INFO - Filling up the DagBag from /home/airflow/.local/lib/python3.6/site-packages/airflow/example_dags/plugins/workday.py
[2021-10-21 15:53:21,921] {processor.py:634} WARNING - No viable dags retrieved from /home/airflow/.local/lib/python3.6/site-packages/airflow/example_dags/plugins/workday.py
[2021-10-21 15:53:21,933] {processor.py:171} INFO - Processing /home/airflow/.local/lib/python3.6/site-packages/airflow/example_dags/plugins/workday.py took 0.097 seconds
[2021-10-21 15:53:53,027] {processor.py:163} INFO - Started process (PID=152) to work on /home/airflow/.local/lib/python3.6/site-packages/airflow/example_dags/plugins/workday.py
[2021-10-21 15:53:53,029] {processor.py:620} INFO - Processing file /home/airflow/.local/lib/python3.6/site-packages/airflow/example_dags/plugins/workday.py for tasks to queue
[2021-10-21 15:53:53,031] {logging_mixin.py:109} INFO - [2021-10-21 15:53:53,031] {dagbag.py:500} INFO - Filling up the DagBag from /home/airflow/.local/lib/python3.6/site-packages/airflow/example_dags/plugins/workday.py
[2021-10-21 15:53:53,068] {processor.py:634} WARNING - No viable dags retrieved from /home/airflow/.local/lib/python3.6/site-packages/airflow/example_dags/plugins/workday.py
[2021-10-21 15:53:53,079] {processor.py:171} INFO - Processing /home/airflow/.local/lib/python3.6/site-packages/airflow/example_dags/plugins/workday.py took 0.075 seconds
[2021-10-21 15:54:24,197] {processor.py:163} INFO - Started process (PID=206) to work on /home/airflow/.local/lib/python3.6/site-packages/airflow/example_dags/plugins/workday.py
[2021-10-21 15:54:24,200] {processor.py:620} INFO - Processing file /home/airflow/.local/lib/python3.6/site-packages/airflow/example_dags/plugins/workday.py for tasks to queue
[2021-10-21 15:54:24,203] {logging_mixin.py:109} INFO - [2021-10-21 15:54:24,202] {dagbag.py:500} INFO - Filling up the DagBag from /home/airflow/.local/lib/python3.6/site-packages/airflow/example_dags/plugins/workday.py
[2021-10-21 15:54:24,224] {processor.py:634} WARNING - No viable dags retrieved from /home/airflow/.local/lib/python3.6/site-packages/airflow/example_dags/plugins/workday.py
[2021-10-21 15:54:24,229] {processor.py:171} INFO - Processing /home/airflow/.local/lib/python3.6/site-packages/airflow/example_dags/plugins/workday.py took 0.040 seconds
[2021-10-21 15:54:54,964] {processor.py:163} INFO - Started process (PID=260) to work on /home/airflow/.local/lib/python3.6/site-packages/airflow/example_dags/plugins/workday.py
[2021-10-21 15:54:54,975] {processor.py:620} INFO - Processing file /home/airflow/.local/lib/python3.6/site-packages/airflow/example_dags/plugins/workday.py for tasks to queue
[2021-10-21 15:54:54,977] {logging_mixin.py:109} INFO - [2021-10-21 15:54:54,977] {dagbag.py:500} INFO - Filling up the DagBag from /home/airflow/.local/lib/python3.6/site-packages/airflow/example_dags/plugins/workday.py
[2021-10-21 15:54:55,052] {processor.py:634} WARNING - No viable dags retrieved from /home/airflow/.local/lib/python3.6/site-packages/airflow/example_dags/plugins/workday.py
[2021-10-21 15:54:55,067] {processor.py:171} INFO - Processing /home/airflow/.local/lib/python3.6/site-packages/airflow/example_dags/plugins/workday.py took 0.114 seconds
[2021-10-21 15:55:25,894] {processor.py:163} INFO - Started process (PID=314) to work on /home/airflow/.local/lib/python3.6/site-packages/airflow/example_dags/plugins/workday.py
[2021-10-21 15:55:25,898] {processor.py:620} INFO - Processing file /home/airflow/.local/lib/python3.6/site-packages/airflow/example_dags/plugins/workday.py for tasks to queue
[2021-10-21 15:55:25,900] {logging_mixin.py:109} INFO - [2021-10-21 15:55:25,900] {dagbag.py:500} INFO - Filling up the DagBag from /home/airflow/.local/lib/python3.6/site-packages/airflow/example_dags/plugins/workday.py
[2021-10-21 15:55:25,942] {processor.py:634} WARNING - No viable dags retrieved from /home/airflow/.local/lib/python3.6/site-packages/airflow/example_dags/plugins/workday.py
[2021-10-21 15:55:25,953] {processor.py:171} INFO - Processing /home/airflow/.local/lib/python3.6/site-packages/airflow/example_dags/plugins/workday.py took 0.066 seconds
[2021-10-21 15:55:56,577] {processor.py:163} INFO - Started process (PID=368) to work on /home/airflow/.local/lib/python3.6/site-packages/airflow/example_dags/plugins/workday.py
[2021-10-21 15:55:56,580] {processor.py:620} INFO - Processing file /home/airflow/.local/lib/python3.6/site-packages/airflow/example_dags/plugins/workday.py for tasks to queue
[2021-10-21 15:55:56,583] {logging_mixin.py:109} INFO - [2021-10-21 15:55:56,582] {dagbag.py:500} INFO - Filling up the DagBag from /home/airflow/.local/lib/python3.6/site-packages/airflow/example_dags/plugins/workday.py
[2021-10-21 15:55:56,605] {processor.py:634} WARNING - No viable dags retrieved from /home/airflow/.local/lib/python3.6/site-packages/airflow/example_dags/plugins/workday.py
[2021-10-21 15:55:56,610] {processor.py:171} INFO - Processing /home/airflow/.local/lib/python3.6/site-packages/airflow/example_dags/plugins/workday.py took 0.039 seconds
[2021-10-21 15:56:27,772] {processor.py:163} INFO - Started process (PID=435) to work on /home/airflow/.local/lib/python3.6/site-packages/airflow/example_dags/plugins/workday.py
[2021-10-21 15:56:27,774] {processor.py:620} INFO - Processing file /home/airflow/.local/lib/python3.6/site-packages/airflow/example_dags/plugins/workday.py for tasks to queue
[2021-10-21 15:56:27,776] {logging_mixin.py:109} INFO - [2021-10-21 15:56:27,776] {dagbag.py:500} INFO - Filling up the DagBag from /home/airflow/.local/lib/python3.6/site-packages/airflow/example_dags/plugins/workday.py
[2021-10-21 15:56:27,801] {processor.py:634} WARNING - No viable dags retrieved from /home/airflow/.local/lib/python3.6/site-packages/airflow/example_dags/plugins/workday.py
[2021-10-21 15:56:27,805] {processor.py:171} INFO - Processing /home/airflow/.local/lib/python3.6/site-packages/airflow/example_dags/plugins/workday.py took 0.036 seconds
[2021-10-21 15:56:58,415] {processor.py:163} INFO - Started process (PID=492) to work on /home/airflow/.local/lib/python3.6/site-packages/airflow/example_dags/plugins/workday.py
[2021-10-21 15:56:58,417] {processor.py:620} INFO - Processing file /home/airflow/.local/lib/python3.6/site-packages/airflow/example_dags/plugins/workday.py for tasks to queue
[2021-10-21 15:56:58,418] {logging_mixin.py:109} INFO - [2021-10-21 15:56:58,418] {dagbag.py:500} INFO - Filling up the DagBag from /home/airflow/.local/lib/python3.6/site-packages/airflow/example_dags/plugins/workday.py
[2021-10-21 15:56:58,440] {processor.py:634} WARNING - No viable dags retrieved from /home/airflow/.local/lib/python3.6/site-packages/airflow/example_dags/plugins/workday.py
[2021-10-21 15:56:58,445] {processor.py:171} INFO - Processing /home/airflow/.local/lib/python3.6/site-packages/airflow/example_dags/plugins/workday.py took 0.036 seconds
[2021-10-21 15:57:32,924] {processor.py:163} INFO - Started process (PID=558) to work on /home/airflow/.local/lib/python3.6/site-packages/airflow/example_dags/plugins/workday.py
[2021-10-21 15:57:32,927] {processor.py:620} INFO - Processing file /home/airflow/.local/lib/python3.6/site-packages/airflow/example_dags/plugins/workday.py for tasks to queue
[2021-10-21 15:57:32,929] {logging_mixin.py:109} INFO - [2021-10-21 15:57:32,929] {dagbag.py:500} INFO - Filling up the DagBag from /home/airflow/.local/lib/python3.6/site-packages/airflow/example_dags/plugins/workday.py
[2021-10-21 15:57:33,058] {processor.py:634} WARNING - No viable dags retrieved from /home/airflow/.local/lib/python3.6/site-packages/airflow/example_dags/plugins/workday.py
[2021-10-21 15:57:33,080] {processor.py:171} INFO - Processing /home/airflow/.local/lib/python3.6/site-packages/airflow/example_dags/plugins/workday.py took 0.187 seconds
[2021-10-21 15:58:03,148] {processor.py:163} INFO - Started process (PID=614) to work on /home/airflow/.local/lib/python3.6/site-packages/airflow/example_dags/plugins/workday.py
[2021-10-21 15:58:03,150] {processor.py:620} INFO - Processing file /home/airflow/.local/lib/python3.6/site-packages/airflow/example_dags/plugins/workday.py for tasks to queue
[2021-10-21 15:58:03,152] {logging_mixin.py:109} INFO - [2021-10-21 15:58:03,152] {dagbag.py:500} INFO - Filling up the DagBag from /home/airflow/.local/lib/python3.6/site-packages/airflow/example_dags/plugins/workday.py
[2021-10-21 15:58:03,184] {processor.py:634} WARNING - No viable dags retrieved from /home/airflow/.local/lib/python3.6/site-packages/airflow/example_dags/plugins/workday.py
[2021-10-21 15:58:03,197] {processor.py:171} INFO - Processing /home/airflow/.local/lib/python3.6/site-packages/airflow/example_dags/plugins/workday.py took 0.053 seconds
[2021-10-21 15:58:33,452] {processor.py:163} INFO - Started process (PID=669) to work on /home/airflow/.local/lib/python3.6/site-packages/airflow/example_dags/plugins/workday.py
[2021-10-21 15:58:33,453] {processor.py:620} INFO - Processing file /home/airflow/.local/lib/python3.6/site-packages/airflow/example_dags/plugins/workday.py for tasks to queue
[2021-10-21 15:58:33,454] {logging_mixin.py:109} INFO - [2021-10-21 15:58:33,454] {dagbag.py:500} INFO - Filling up the DagBag from /home/airflow/.local/lib/python3.6/site-packages/airflow/example_dags/plugins/workday.py
[2021-10-21 15:58:33,482] {processor.py:634} WARNING - No viable dags retrieved from /home/airflow/.local/lib/python3.6/site-packages/airflow/example_dags/plugins/workday.py
[2021-10-21 15:58:33,486] {processor.py:171} INFO - Processing /home/airflow/.local/lib/python3.6/site-packages/airflow/example_dags/plugins/workday.py took 0.041 seconds
[2021-10-21 15:59:04,608] {processor.py:163} INFO - Started process (PID=723) to work on /home/airflow/.local/lib/python3.6/site-packages/airflow/example_dags/plugins/workday.py
[2021-10-21 15:59:04,611] {processor.py:620} INFO - Processing file /home/airflow/.local/lib/python3.6/site-packages/airflow/example_dags/plugins/workday.py for tasks to queue
[2021-10-21 15:59:04,613] {logging_mixin.py:109} INFO - [2021-10-21 15:59:04,613] {dagbag.py:500} INFO - Filling up the DagBag from /home/airflow/.local/lib/python3.6/site-packages/airflow/example_dags/plugins/workday.py
[2021-10-21 15:59:04,653] {processor.py:634} WARNING - No viable dags retrieved from /home/airflow/.local/lib/python3.6/site-packages/airflow/example_dags/plugins/workday.py
[2021-10-21 15:59:04,659] {processor.py:171} INFO - Processing /home/airflow/.local/lib/python3.6/site-packages/airflow/example_dags/plugins/workday.py took 0.058 seconds
[2021-10-21 15:59:35,770] {processor.py:163} INFO - Started process (PID=780) to work on /home/airflow/.local/lib/python3.6/site-packages/airflow/example_dags/plugins/workday.py
[2021-10-21 15:59:35,786] {processor.py:620} INFO - Processing file /home/airflow/.local/lib/python3.6/site-packages/airflow/example_dags/plugins/workday.py for tasks to queue
[2021-10-21 15:59:35,789] {logging_mixin.py:109} INFO - [2021-10-21 15:59:35,789] {dagbag.py:500} INFO - Filling up the DagBag from /home/airflow/.local/lib/python3.6/site-packages/airflow/example_dags/plugins/workday.py
[2021-10-21 15:59:35,859] {processor.py:634} WARNING - No viable dags retrieved from /home/airflow/.local/lib/python3.6/site-packages/airflow/example_dags/plugins/workday.py
[2021-10-21 15:59:35,871] {processor.py:171} INFO - Processing /home/airflow/.local/lib/python3.6/site-packages/airflow/example_dags/plugins/workday.py took 0.112 seconds
[2021-10-21 16:00:06,850] {processor.py:163} INFO - Started process (PID=850) to work on /home/airflow/.local/lib/python3.6/site-packages/airflow/example_dags/plugins/workday.py
[2021-10-21 16:00:06,853] {processor.py:620} INFO - Processing file /home/airflow/.local/lib/python3.6/site-packages/airflow/example_dags/plugins/workday.py for tasks to queue
[2021-10-21 16:00:06,858] {logging_mixin.py:109} INFO - [2021-10-21 16:00:06,857] {dagbag.py:500} INFO - Filling up the DagBag from /home/airflow/.local/lib/python3.6/site-packages/airflow/example_dags/plugins/workday.py
[2021-10-21 16:00:06,924] {processor.py:634} WARNING - No viable dags retrieved from /home/airflow/.local/lib/python3.6/site-packages/airflow/example_dags/plugins/workday.py
[2021-10-21 16:00:06,937] {processor.py:171} INFO - Processing /home/airflow/.local/lib/python3.6/site-packages/airflow/example_dags/plugins/workday.py took 0.152 seconds
[2021-10-21 16:00:40,235] {processor.py:163} INFO - Started process (PID=905) to work on /home/airflow/.local/lib/python3.6/site-packages/airflow/example_dags/plugins/workday.py
[2021-10-21 16:00:40,246] {processor.py:620} INFO - Processing file /home/airflow/.local/lib/python3.6/site-packages/airflow/example_dags/plugins/workday.py for tasks to queue
[2021-10-21 16:00:40,251] {logging_mixin.py:109} INFO - [2021-10-21 16:00:40,251] {dagbag.py:500} INFO - Filling up the DagBag from /home/airflow/.local/lib/python3.6/site-packages/airflow/example_dags/plugins/workday.py
[2021-10-21 16:00:40,380] {processor.py:634} WARNING - No viable dags retrieved from /home/airflow/.local/lib/python3.6/site-packages/airflow/example_dags/plugins/workday.py
[2021-10-21 16:00:40,410] {processor.py:171} INFO - Processing /home/airflow/.local/lib/python3.6/site-packages/airflow/example_dags/plugins/workday.py took 0.193 seconds
[2021-10-21 16:01:11,547] {processor.py:163} INFO - Started process (PID=959) to work on /home/airflow/.local/lib/python3.6/site-packages/airflow/example_dags/plugins/workday.py
[2021-10-21 16:01:11,589] {processor.py:620} INFO - Processing file /home/airflow/.local/lib/python3.6/site-packages/airflow/example_dags/plugins/workday.py for tasks to queue
[2021-10-21 16:01:11,596] {logging_mixin.py:109} INFO - [2021-10-21 16:01:11,595] {dagbag.py:500} INFO - Filling up the DagBag from /home/airflow/.local/lib/python3.6/site-packages/airflow/example_dags/plugins/workday.py
[2021-10-21 16:01:11,791] {processor.py:634} WARNING - No viable dags retrieved from /home/airflow/.local/lib/python3.6/site-packages/airflow/example_dags/plugins/workday.py
[2021-10-21 16:01:11,950] {processor.py:171} INFO - Processing /home/airflow/.local/lib/python3.6/site-packages/airflow/example_dags/plugins/workday.py took 0.433 seconds
[2021-10-21 16:01:42,359] {processor.py:163} INFO - Started process (PID=1015) to work on /home/airflow/.local/lib/python3.6/site-packages/airflow/example_dags/plugins/workday.py
[2021-10-21 16:01:42,362] {processor.py:620} INFO - Processing file /home/airflow/.local/lib/python3.6/site-packages/airflow/example_dags/plugins/workday.py for tasks to queue
[2021-10-21 16:01:42,374] {logging_mixin.py:109} INFO - [2021-10-21 16:01:42,373] {dagbag.py:500} INFO - Filling up the DagBag from /home/airflow/.local/lib/python3.6/site-packages/airflow/example_dags/plugins/workday.py
[2021-10-21 16:01:42,510] {processor.py:634} WARNING - No viable dags retrieved from /home/airflow/.local/lib/python3.6/site-packages/airflow/example_dags/plugins/workday.py
[2021-10-21 16:01:42,525] {processor.py:171} INFO - Processing /home/airflow/.local/lib/python3.6/site-packages/airflow/example_dags/plugins/workday.py took 0.198 seconds
[2021-10-21 16:02:15,823] {processor.py:163} INFO - Started process (PID=1069) to work on /home/airflow/.local/lib/python3.6/site-packages/airflow/example_dags/plugins/workday.py
[2021-10-21 16:02:15,838] {processor.py:620} INFO - Processing file /home/airflow/.local/lib/python3.6/site-packages/airflow/example_dags/plugins/workday.py for tasks to queue
[2021-10-21 16:02:15,850] {logging_mixin.py:109} INFO - [2021-10-21 16:02:15,849] {dagbag.py:500} INFO - Filling up the DagBag from /home/airflow/.local/lib/python3.6/site-packages/airflow/example_dags/plugins/workday.py
[2021-10-21 16:02:15,957] {processor.py:634} WARNING - No viable dags retrieved from /home/airflow/.local/lib/python3.6/site-packages/airflow/example_dags/plugins/workday.py
[2021-10-21 16:02:15,972] {processor.py:171} INFO - Processing /home/airflow/.local/lib/python3.6/site-packages/airflow/example_dags/plugins/workday.py took 0.172 seconds
[2021-10-21 16:02:46,540] {processor.py:163} INFO - Started process (PID=1121) to work on /home/airflow/.local/lib/python3.6/site-packages/airflow/example_dags/plugins/workday.py
[2021-10-21 16:02:46,567] {processor.py:620} INFO - Processing file /home/airflow/.local/lib/python3.6/site-packages/airflow/example_dags/plugins/workday.py for tasks to queue
[2021-10-21 16:02:46,574] {logging_mixin.py:109} INFO - [2021-10-21 16:02:46,573] {dagbag.py:500} INFO - Filling up the DagBag from /home/airflow/.local/lib/python3.6/site-packages/airflow/example_dags/plugins/workday.py
[2021-10-21 16:02:46,666] {processor.py:634} WARNING - No viable dags retrieved from /home/airflow/.local/lib/python3.6/site-packages/airflow/example_dags/plugins/workday.py
[2021-10-21 16:02:46,682] {processor.py:171} INFO - Processing /home/airflow/.local/lib/python3.6/site-packages/airflow/example_dags/plugins/workday.py took 0.158 seconds
[2021-10-21 16:03:17,497] {processor.py:163} INFO - Started process (PID=1176) to work on /home/airflow/.local/lib/python3.6/site-packages/airflow/example_dags/plugins/workday.py
[2021-10-21 16:03:17,499] {processor.py:620} INFO - Processing file /home/airflow/.local/lib/python3.6/site-packages/airflow/example_dags/plugins/workday.py for tasks to queue
[2021-10-21 16:03:17,501] {logging_mixin.py:109} INFO - [2021-10-21 16:03:17,501] {dagbag.py:500} INFO - Filling up the DagBag from /home/airflow/.local/lib/python3.6/site-packages/airflow/example_dags/plugins/workday.py
[2021-10-21 16:03:17,527] {processor.py:634} WARNING - No viable dags retrieved from /home/airflow/.local/lib/python3.6/site-packages/airflow/example_dags/plugins/workday.py
[2021-10-21 16:03:17,531] {processor.py:171} INFO - Processing /home/airflow/.local/lib/python3.6/site-packages/airflow/example_dags/plugins/workday.py took 0.043 seconds
[2021-10-21 16:03:47,975] {processor.py:163} INFO - Started process (PID=1235) to work on /home/airflow/.local/lib/python3.6/site-packages/airflow/example_dags/plugins/workday.py
[2021-10-21 16:03:47,980] {processor.py:620} INFO - Processing file /home/airflow/.local/lib/python3.6/site-packages/airflow/example_dags/plugins/workday.py for tasks to queue
[2021-10-21 16:03:47,983] {logging_mixin.py:109} INFO - [2021-10-21 16:03:47,982] {dagbag.py:500} INFO - Filling up the DagBag from /home/airflow/.local/lib/python3.6/site-packages/airflow/example_dags/plugins/workday.py
[2021-10-21 16:03:48,009] {processor.py:634} WARNING - No viable dags retrieved from /home/airflow/.local/lib/python3.6/site-packages/airflow/example_dags/plugins/workday.py
[2021-10-21 16:03:48,013] {processor.py:171} INFO - Processing /home/airflow/.local/lib/python3.6/site-packages/airflow/example_dags/plugins/workday.py took 0.046 seconds
[2021-10-21 16:04:18,271] {processor.py:163} INFO - Started process (PID=1289) to work on /home/airflow/.local/lib/python3.6/site-packages/airflow/example_dags/plugins/workday.py
[2021-10-21 16:04:18,273] {processor.py:620} INFO - Processing file /home/airflow/.local/lib/python3.6/site-packages/airflow/example_dags/plugins/workday.py for tasks to queue
[2021-10-21 16:04:18,275] {logging_mixin.py:109} INFO - [2021-10-21 16:04:18,274] {dagbag.py:500} INFO - Filling up the DagBag from /home/airflow/.local/lib/python3.6/site-packages/airflow/example_dags/plugins/workday.py
[2021-10-21 16:04:18,299] {processor.py:634} WARNING - No viable dags retrieved from /home/airflow/.local/lib/python3.6/site-packages/airflow/example_dags/plugins/workday.py
[2021-10-21 16:04:18,305] {processor.py:171} INFO - Processing /home/airflow/.local/lib/python3.6/site-packages/airflow/example_dags/plugins/workday.py took 0.038 seconds
[2021-10-21 16:04:48,996] {processor.py:163} INFO - Started process (PID=1343) to work on /home/airflow/.local/lib/python3.6/site-packages/airflow/example_dags/plugins/workday.py
[2021-10-21 16:04:48,998] {processor.py:620} INFO - Processing file /home/airflow/.local/lib/python3.6/site-packages/airflow/example_dags/plugins/workday.py for tasks to queue
[2021-10-21 16:04:49,001] {logging_mixin.py:109} INFO - [2021-10-21 16:04:49,000] {dagbag.py:500} INFO - Filling up the DagBag from /home/airflow/.local/lib/python3.6/site-packages/airflow/example_dags/plugins/workday.py
[2021-10-21 16:04:49,054] {processor.py:634} WARNING - No viable dags retrieved from /home/airflow/.local/lib/python3.6/site-packages/airflow/example_dags/plugins/workday.py
[2021-10-21 16:04:49,061] {processor.py:171} INFO - Processing /home/airflow/.local/lib/python3.6/site-packages/airflow/example_dags/plugins/workday.py took 0.079 seconds
[2021-10-21 16:05:21,281] {processor.py:163} INFO - Started process (PID=1408) to work on /home/airflow/.local/lib/python3.6/site-packages/airflow/example_dags/plugins/workday.py
[2021-10-21 16:05:21,287] {processor.py:620} INFO - Processing file /home/airflow/.local/lib/python3.6/site-packages/airflow/example_dags/plugins/workday.py for tasks to queue
[2021-10-21 16:05:21,294] {logging_mixin.py:109} INFO - [2021-10-21 16:05:21,293] {dagbag.py:500} INFO - Filling up the DagBag from /home/airflow/.local/lib/python3.6/site-packages/airflow/example_dags/plugins/workday.py
[2021-10-21 16:05:21,424] {processor.py:634} WARNING - No viable dags retrieved from /home/airflow/.local/lib/python3.6/site-packages/airflow/example_dags/plugins/workday.py
[2021-10-21 16:05:21,444] {processor.py:171} INFO - Processing /home/airflow/.local/lib/python3.6/site-packages/airflow/example_dags/plugins/workday.py took 0.185 seconds
[2021-10-21 16:05:51,687] {processor.py:163} INFO - Started process (PID=1463) to work on /home/airflow/.local/lib/python3.6/site-packages/airflow/example_dags/plugins/workday.py
[2021-10-21 16:05:51,690] {processor.py:620} INFO - Processing file /home/airflow/.local/lib/python3.6/site-packages/airflow/example_dags/plugins/workday.py for tasks to queue
[2021-10-21 16:05:51,692] {logging_mixin.py:109} INFO - [2021-10-21 16:05:51,691] {dagbag.py:500} INFO - Filling up the DagBag from /home/airflow/.local/lib/python3.6/site-packages/airflow/example_dags/plugins/workday.py
[2021-10-21 16:05:51,723] {processor.py:634} WARNING - No viable dags retrieved from /home/airflow/.local/lib/python3.6/site-packages/airflow/example_dags/plugins/workday.py
[2021-10-21 16:05:51,732] {processor.py:171} INFO - Processing /home/airflow/.local/lib/python3.6/site-packages/airflow/example_dags/plugins/workday.py took 0.052 seconds
[2021-10-21 16:06:22,374] {processor.py:163} INFO - Started process (PID=1517) to work on /home/airflow/.local/lib/python3.6/site-packages/airflow/example_dags/plugins/workday.py
[2021-10-21 16:06:22,378] {processor.py:620} INFO - Processing file /home/airflow/.local/lib/python3.6/site-packages/airflow/example_dags/plugins/workday.py for tasks to queue
[2021-10-21 16:06:22,387] {logging_mixin.py:109} INFO - [2021-10-21 16:06:22,387] {dagbag.py:500} INFO - Filling up the DagBag from /home/airflow/.local/lib/python3.6/site-packages/airflow/example_dags/plugins/workday.py
[2021-10-21 16:06:22,432] {processor.py:634} WARNING - No viable dags retrieved from /home/airflow/.local/lib/python3.6/site-packages/airflow/example_dags/plugins/workday.py
[2021-10-21 16:06:22,447] {processor.py:171} INFO - Processing /home/airflow/.local/lib/python3.6/site-packages/airflow/example_dags/plugins/workday.py took 0.093 seconds
[2021-10-21 16:06:53,319] {processor.py:163} INFO - Started process (PID=1585) to work on /home/airflow/.local/lib/python3.6/site-packages/airflow/example_dags/plugins/workday.py
[2021-10-21 16:06:53,322] {processor.py:620} INFO - Processing file /home/airflow/.local/lib/python3.6/site-packages/airflow/example_dags/plugins/workday.py for tasks to queue
[2021-10-21 16:06:53,323] {logging_mixin.py:109} INFO - [2021-10-21 16:06:53,323] {dagbag.py:500} INFO - Filling up the DagBag from /home/airflow/.local/lib/python3.6/site-packages/airflow/example_dags/plugins/workday.py
[2021-10-21 16:06:53,372] {processor.py:634} WARNING - No viable dags retrieved from /home/airflow/.local/lib/python3.6/site-packages/airflow/example_dags/plugins/workday.py
[2021-10-21 16:06:53,378] {processor.py:171} INFO - Processing /home/airflow/.local/lib/python3.6/site-packages/airflow/example_dags/plugins/workday.py took 0.072 seconds
