[2021-10-14 13:49:13,631] {taskinstance.py:1035} INFO - Dependencies all met for <TaskInstance: tutorial_etl_dag.extract manual__2021-10-14T13:49:11.713323+00:00 [queued]>
[2021-10-14 13:49:13,646] {taskinstance.py:1035} INFO - Dependencies all met for <TaskInstance: tutorial_etl_dag.extract manual__2021-10-14T13:49:11.713323+00:00 [queued]>
[2021-10-14 13:49:13,647] {taskinstance.py:1241} INFO - 
--------------------------------------------------------------------------------
[2021-10-14 13:49:13,648] {taskinstance.py:1242} INFO - Starting attempt 1 of 1
[2021-10-14 13:49:13,648] {taskinstance.py:1243} INFO - 
--------------------------------------------------------------------------------
[2021-10-14 13:49:13,680] {taskinstance.py:1262} INFO - Executing <Task(PythonOperator): extract> on 2021-10-14 13:49:11.713323+00:00
[2021-10-14 13:49:13,691] {standard_task_runner.py:52} INFO - Started process 1044 to run task
[2021-10-14 13:49:13,702] {standard_task_runner.py:76} INFO - Running: ['***', 'tasks', 'run', 'tutorial_etl_dag', 'extract', 'manual__2021-10-14T13:49:11.713323+00:00', '--job-id', '11', '--raw', '--subdir', '/home/***/.local/lib/python3.6/site-packages/***/example_dags/tutorial_etl_dag.py', '--cfg-path', '/tmp/tmpuef8ph_y', '--error-file', '/tmp/tmpu7682vt8']
[2021-10-14 13:49:13,705] {standard_task_runner.py:77} INFO - Job 11: Subtask extract
[2021-10-14 13:49:13,787] {logging_mixin.py:109} INFO - Running <TaskInstance: tutorial_etl_dag.extract manual__2021-10-14T13:49:11.713323+00:00 [running]> on host 522ccbfd6863
[2021-10-14 13:49:13,885] {taskinstance.py:1414} INFO - Exporting the following env vars:
AIRFLOW_CTX_DAG_OWNER=***
AIRFLOW_CTX_DAG_ID=tutorial_etl_dag
AIRFLOW_CTX_TASK_ID=extract
AIRFLOW_CTX_EXECUTION_DATE=2021-10-14T13:49:11.713323+00:00
AIRFLOW_CTX_DAG_RUN_ID=manual__2021-10-14T13:49:11.713323+00:00
[2021-10-14 13:49:13,902] {python.py:152} INFO - Done. Returned value was: None
[2021-10-14 13:49:13,918] {taskinstance.py:1280} INFO - Marking task as SUCCESS. dag_id=tutorial_etl_dag, task_id=extract, execution_date=20211014T134911, start_date=20211014T134913, end_date=20211014T134913
[2021-10-14 13:49:14,003] {local_task_job.py:154} INFO - Task exited with return code 0
[2021-10-14 13:49:14,076] {local_task_job.py:264} INFO - 0 downstream tasks scheduled from follow-on schedule check
