[2021-10-14 13:49:14,567] {taskinstance.py:1035} INFO - Dependencies all met for <TaskInstance: tutorial_etl_dag.transform manual__2021-10-14T13:49:11.713323+00:00 [queued]>
[2021-10-14 13:49:14,580] {taskinstance.py:1035} INFO - Dependencies all met for <TaskInstance: tutorial_etl_dag.transform manual__2021-10-14T13:49:11.713323+00:00 [queued]>
[2021-10-14 13:49:14,581] {taskinstance.py:1241} INFO - 
--------------------------------------------------------------------------------
[2021-10-14 13:49:14,581] {taskinstance.py:1242} INFO - Starting attempt 1 of 1
[2021-10-14 13:49:14,597] {taskinstance.py:1243} INFO - 
--------------------------------------------------------------------------------
[2021-10-14 13:49:14,619] {taskinstance.py:1262} INFO - Executing <Task(PythonOperator): transform> on 2021-10-14 13:49:11.713323+00:00
[2021-10-14 13:49:14,630] {standard_task_runner.py:76} INFO - Running: ['***', 'tasks', 'run', 'tutorial_etl_dag', 'transform', 'manual__2021-10-14T13:49:11.713323+00:00', '--job-id', '12', '--raw', '--subdir', '/home/***/.local/lib/python3.6/site-packages/***/example_dags/tutorial_etl_dag.py', '--cfg-path', '/tmp/tmpgmsqv5ob', '--error-file', '/tmp/tmp8f9tcr34']
[2021-10-14 13:49:14,632] {standard_task_runner.py:77} INFO - Job 12: Subtask transform
[2021-10-14 13:49:14,627] {standard_task_runner.py:52} INFO - Started process 1046 to run task
[2021-10-14 13:49:14,677] {logging_mixin.py:109} INFO - Running <TaskInstance: tutorial_etl_dag.transform manual__2021-10-14T13:49:11.713323+00:00 [running]> on host 522ccbfd6863
[2021-10-14 13:49:14,725] {taskinstance.py:1414} INFO - Exporting the following env vars:
AIRFLOW_CTX_DAG_OWNER=***
AIRFLOW_CTX_DAG_ID=tutorial_etl_dag
AIRFLOW_CTX_TASK_ID=transform
AIRFLOW_CTX_EXECUTION_DATE=2021-10-14T13:49:11.713323+00:00
AIRFLOW_CTX_DAG_RUN_ID=manual__2021-10-14T13:49:11.713323+00:00
[2021-10-14 13:49:14,747] {python.py:152} INFO - Done. Returned value was: None
[2021-10-14 13:49:14,764] {taskinstance.py:1280} INFO - Marking task as SUCCESS. dag_id=tutorial_etl_dag, task_id=transform, execution_date=20211014T134911, start_date=20211014T134914, end_date=20211014T134914
[2021-10-14 13:49:14,814] {local_task_job.py:154} INFO - Task exited with return code 0
[2021-10-14 13:49:14,863] {local_task_job.py:264} INFO - 1 downstream tasks scheduled from follow-on schedule check
