[2021-10-14 14:15:49,182] {taskinstance.py:1035} INFO - Dependencies all met for <TaskInstance: example_trigger_target_dag.bash_task manual__2021-10-14T14:14:36.926316+00:00 [queued]>
[2021-10-14 14:15:49,210] {taskinstance.py:1035} INFO - Dependencies all met for <TaskInstance: example_trigger_target_dag.bash_task manual__2021-10-14T14:14:36.926316+00:00 [queued]>
[2021-10-14 14:15:49,210] {taskinstance.py:1241} INFO - 
--------------------------------------------------------------------------------
[2021-10-14 14:15:49,214] {taskinstance.py:1242} INFO - Starting attempt 1 of 1
[2021-10-14 14:15:49,215] {taskinstance.py:1243} INFO - 
--------------------------------------------------------------------------------
[2021-10-14 14:15:49,237] {taskinstance.py:1262} INFO - Executing <Task(BashOperator): bash_task> on 2021-10-14 14:14:36.962054+00:00
[2021-10-14 14:15:49,243] {standard_task_runner.py:52} INFO - Started process 999 to run task
[2021-10-14 14:15:49,257] {standard_task_runner.py:76} INFO - Running: ['***', 'tasks', 'run', 'example_trigger_target_dag', 'bash_task', 'manual__2021-10-14T14:14:36.926316+00:00', '--job-id', '36', '--raw', '--subdir', '/home/***/.local/lib/python3.6/site-packages/***/example_dags/example_trigger_target_dag.py', '--cfg-path', '/tmp/tmptx96glhg', '--error-file', '/tmp/tmpaagh82a5']
[2021-10-14 14:15:49,259] {standard_task_runner.py:77} INFO - Job 36: Subtask bash_task
[2021-10-14 14:15:49,388] {logging_mixin.py:109} INFO - Running <TaskInstance: example_trigger_target_dag.bash_task manual__2021-10-14T14:14:36.926316+00:00 [running]> on host 522ccbfd6863
[2021-10-14 14:15:49,538] {taskinstance.py:1414} INFO - Exporting the following env vars:
AIRFLOW_CTX_DAG_OWNER=***
AIRFLOW_CTX_DAG_ID=example_trigger_target_dag
AIRFLOW_CTX_TASK_ID=bash_task
AIRFLOW_CTX_EXECUTION_DATE=2021-10-14T14:14:36.962054+00:00
AIRFLOW_CTX_DAG_RUN_ID=manual__2021-10-14T14:14:36.926316+00:00
[2021-10-14 14:15:49,540] {subprocess.py:62} INFO - Tmp dir root location: 
 /tmp
[2021-10-14 14:15:49,548] {subprocess.py:74} INFO - Running command: ['bash', '-c', 'echo "Here is the message: $message"']
[2021-10-14 14:15:49,583] {subprocess.py:85} INFO - Output:
[2021-10-14 14:15:49,590] {subprocess.py:89} INFO - Here is the message: Hello World
[2021-10-14 14:15:49,594] {subprocess.py:93} INFO - Command exited with return code 0
[2021-10-14 14:15:49,654] {taskinstance.py:1280} INFO - Marking task as SUCCESS. dag_id=example_trigger_target_dag, task_id=bash_task, execution_date=20211014T141436, start_date=20211014T141549, end_date=20211014T141549
[2021-10-14 14:15:49,678] {local_task_job.py:154} INFO - Task exited with return code 0
[2021-10-14 14:15:49,709] {local_task_job.py:264} INFO - 0 downstream tasks scheduled from follow-on schedule check
