[2021-10-21 15:53:19,572] {processor.py:163} INFO - Started process (PID=80) to work on /home/airflow/.local/lib/python3.6/site-packages/airflow/example_dags/example_complex.py
[2021-10-21 15:53:19,584] {processor.py:620} INFO - Processing file /home/airflow/.local/lib/python3.6/site-packages/airflow/example_dags/example_complex.py for tasks to queue
[2021-10-21 15:53:19,586] {logging_mixin.py:109} INFO - [2021-10-21 15:53:19,585] {dagbag.py:500} INFO - Filling up the DagBag from /home/airflow/.local/lib/python3.6/site-packages/airflow/example_dags/example_complex.py
[2021-10-21 15:53:19,738] {processor.py:632} INFO - DAG(s) dict_keys(['example_complex']) retrieved from /home/airflow/.local/lib/python3.6/site-packages/airflow/example_dags/example_complex.py
[2021-10-21 15:53:19,809] {logging_mixin.py:109} INFO - [2021-10-21 15:53:19,809] {dag.py:2389} INFO - Sync 1 DAGs
[2021-10-21 15:53:19,946] {logging_mixin.py:109} INFO - [2021-10-21 15:53:19,946] {dag.py:2914} INFO - Setting next_dagrun for example_complex to None
[2021-10-21 15:53:20,035] {processor.py:171} INFO - Processing /home/airflow/.local/lib/python3.6/site-packages/airflow/example_dags/example_complex.py took 0.470 seconds
[2021-10-21 15:53:50,120] {processor.py:163} INFO - Started process (PID=134) to work on /home/airflow/.local/lib/python3.6/site-packages/airflow/example_dags/example_complex.py
[2021-10-21 15:53:50,122] {processor.py:620} INFO - Processing file /home/airflow/.local/lib/python3.6/site-packages/airflow/example_dags/example_complex.py for tasks to queue
[2021-10-21 15:53:50,124] {logging_mixin.py:109} INFO - [2021-10-21 15:53:50,124] {dagbag.py:500} INFO - Filling up the DagBag from /home/airflow/.local/lib/python3.6/site-packages/airflow/example_dags/example_complex.py
[2021-10-21 15:53:50,165] {processor.py:632} INFO - DAG(s) dict_keys(['example_complex']) retrieved from /home/airflow/.local/lib/python3.6/site-packages/airflow/example_dags/example_complex.py
[2021-10-21 15:53:50,184] {logging_mixin.py:109} INFO - [2021-10-21 15:53:50,184] {dag.py:2389} INFO - Sync 1 DAGs
[2021-10-21 15:53:50,199] {logging_mixin.py:109} INFO - [2021-10-21 15:53:50,199] {dag.py:2914} INFO - Setting next_dagrun for example_complex to None
[2021-10-21 15:53:50,213] {processor.py:171} INFO - Processing /home/airflow/.local/lib/python3.6/site-packages/airflow/example_dags/example_complex.py took 0.099 seconds
[2021-10-21 15:54:20,731] {processor.py:163} INFO - Started process (PID=198) to work on /home/airflow/.local/lib/python3.6/site-packages/airflow/example_dags/example_complex.py
[2021-10-21 15:54:20,739] {processor.py:620} INFO - Processing file /home/airflow/.local/lib/python3.6/site-packages/airflow/example_dags/example_complex.py for tasks to queue
[2021-10-21 15:54:20,743] {logging_mixin.py:109} INFO - [2021-10-21 15:54:20,743] {dagbag.py:500} INFO - Filling up the DagBag from /home/airflow/.local/lib/python3.6/site-packages/airflow/example_dags/example_complex.py
[2021-10-21 15:54:20,846] {processor.py:632} INFO - DAG(s) dict_keys(['example_complex']) retrieved from /home/airflow/.local/lib/python3.6/site-packages/airflow/example_dags/example_complex.py
[2021-10-21 15:54:20,905] {logging_mixin.py:109} INFO - [2021-10-21 15:54:20,905] {dag.py:2389} INFO - Sync 1 DAGs
[2021-10-21 15:54:20,957] {logging_mixin.py:109} INFO - [2021-10-21 15:54:20,957] {dag.py:2914} INFO - Setting next_dagrun for example_complex to None
[2021-10-21 15:54:20,995] {processor.py:171} INFO - Processing /home/airflow/.local/lib/python3.6/site-packages/airflow/example_dags/example_complex.py took 0.275 seconds
[2021-10-21 15:54:51,638] {processor.py:163} INFO - Started process (PID=252) to work on /home/airflow/.local/lib/python3.6/site-packages/airflow/example_dags/example_complex.py
[2021-10-21 15:54:51,649] {processor.py:620} INFO - Processing file /home/airflow/.local/lib/python3.6/site-packages/airflow/example_dags/example_complex.py for tasks to queue
[2021-10-21 15:54:51,651] {logging_mixin.py:109} INFO - [2021-10-21 15:54:51,651] {dagbag.py:500} INFO - Filling up the DagBag from /home/airflow/.local/lib/python3.6/site-packages/airflow/example_dags/example_complex.py
[2021-10-21 15:54:51,737] {processor.py:632} INFO - DAG(s) dict_keys(['example_complex']) retrieved from /home/airflow/.local/lib/python3.6/site-packages/airflow/example_dags/example_complex.py
[2021-10-21 15:54:51,772] {logging_mixin.py:109} INFO - [2021-10-21 15:54:51,772] {dag.py:2389} INFO - Sync 1 DAGs
[2021-10-21 15:54:51,810] {logging_mixin.py:109} INFO - [2021-10-21 15:54:51,810] {dag.py:2914} INFO - Setting next_dagrun for example_complex to None
[2021-10-21 15:54:51,843] {processor.py:171} INFO - Processing /home/airflow/.local/lib/python3.6/site-packages/airflow/example_dags/example_complex.py took 0.216 seconds
[2021-10-21 15:55:23,025] {processor.py:163} INFO - Started process (PID=306) to work on /home/airflow/.local/lib/python3.6/site-packages/airflow/example_dags/example_complex.py
[2021-10-21 15:55:23,028] {processor.py:620} INFO - Processing file /home/airflow/.local/lib/python3.6/site-packages/airflow/example_dags/example_complex.py for tasks to queue
[2021-10-21 15:55:23,034] {logging_mixin.py:109} INFO - [2021-10-21 15:55:23,034] {dagbag.py:500} INFO - Filling up the DagBag from /home/airflow/.local/lib/python3.6/site-packages/airflow/example_dags/example_complex.py
[2021-10-21 15:55:23,111] {processor.py:632} INFO - DAG(s) dict_keys(['example_complex']) retrieved from /home/airflow/.local/lib/python3.6/site-packages/airflow/example_dags/example_complex.py
[2021-10-21 15:55:23,133] {logging_mixin.py:109} INFO - [2021-10-21 15:55:23,132] {dag.py:2389} INFO - Sync 1 DAGs
[2021-10-21 15:55:23,153] {logging_mixin.py:109} INFO - [2021-10-21 15:55:23,153] {dag.py:2914} INFO - Setting next_dagrun for example_complex to None
[2021-10-21 15:55:23,165] {processor.py:171} INFO - Processing /home/airflow/.local/lib/python3.6/site-packages/airflow/example_dags/example_complex.py took 0.155 seconds
[2021-10-21 15:55:55,820] {processor.py:163} INFO - Started process (PID=361) to work on /home/airflow/.local/lib/python3.6/site-packages/airflow/example_dags/example_complex.py
[2021-10-21 15:55:55,823] {processor.py:620} INFO - Processing file /home/airflow/.local/lib/python3.6/site-packages/airflow/example_dags/example_complex.py for tasks to queue
[2021-10-21 15:55:55,824] {logging_mixin.py:109} INFO - [2021-10-21 15:55:55,824] {dagbag.py:500} INFO - Filling up the DagBag from /home/airflow/.local/lib/python3.6/site-packages/airflow/example_dags/example_complex.py
[2021-10-21 15:55:55,882] {processor.py:632} INFO - DAG(s) dict_keys(['example_complex']) retrieved from /home/airflow/.local/lib/python3.6/site-packages/airflow/example_dags/example_complex.py
[2021-10-21 15:55:55,903] {logging_mixin.py:109} INFO - [2021-10-21 15:55:55,903] {dag.py:2389} INFO - Sync 1 DAGs
[2021-10-21 15:55:55,925] {logging_mixin.py:109} INFO - [2021-10-21 15:55:55,924] {dag.py:2914} INFO - Setting next_dagrun for example_complex to None
[2021-10-21 15:55:55,946] {processor.py:171} INFO - Processing /home/airflow/.local/lib/python3.6/site-packages/airflow/example_dags/example_complex.py took 0.130 seconds
[2021-10-21 15:56:26,830] {processor.py:163} INFO - Started process (PID=427) to work on /home/airflow/.local/lib/python3.6/site-packages/airflow/example_dags/example_complex.py
[2021-10-21 15:56:26,835] {processor.py:620} INFO - Processing file /home/airflow/.local/lib/python3.6/site-packages/airflow/example_dags/example_complex.py for tasks to queue
[2021-10-21 15:56:26,836] {logging_mixin.py:109} INFO - [2021-10-21 15:56:26,836] {dagbag.py:500} INFO - Filling up the DagBag from /home/airflow/.local/lib/python3.6/site-packages/airflow/example_dags/example_complex.py
[2021-10-21 15:56:26,942] {processor.py:632} INFO - DAG(s) dict_keys(['example_complex']) retrieved from /home/airflow/.local/lib/python3.6/site-packages/airflow/example_dags/example_complex.py
[2021-10-21 15:56:26,966] {logging_mixin.py:109} INFO - [2021-10-21 15:56:26,966] {dag.py:2389} INFO - Sync 1 DAGs
[2021-10-21 15:56:26,992] {logging_mixin.py:109} INFO - [2021-10-21 15:56:26,992] {dag.py:2914} INFO - Setting next_dagrun for example_complex to None
[2021-10-21 15:56:27,008] {processor.py:171} INFO - Processing /home/airflow/.local/lib/python3.6/site-packages/airflow/example_dags/example_complex.py took 0.182 seconds
[2021-10-21 15:56:57,770] {processor.py:163} INFO - Started process (PID=484) to work on /home/airflow/.local/lib/python3.6/site-packages/airflow/example_dags/example_complex.py
[2021-10-21 15:56:57,773] {processor.py:620} INFO - Processing file /home/airflow/.local/lib/python3.6/site-packages/airflow/example_dags/example_complex.py for tasks to queue
[2021-10-21 15:56:57,775] {logging_mixin.py:109} INFO - [2021-10-21 15:56:57,774] {dagbag.py:500} INFO - Filling up the DagBag from /home/airflow/.local/lib/python3.6/site-packages/airflow/example_dags/example_complex.py
[2021-10-21 15:56:57,848] {processor.py:632} INFO - DAG(s) dict_keys(['example_complex']) retrieved from /home/airflow/.local/lib/python3.6/site-packages/airflow/example_dags/example_complex.py
[2021-10-21 15:56:57,874] {logging_mixin.py:109} INFO - [2021-10-21 15:56:57,874] {dag.py:2389} INFO - Sync 1 DAGs
[2021-10-21 15:56:57,892] {logging_mixin.py:109} INFO - [2021-10-21 15:56:57,892] {dag.py:2914} INFO - Setting next_dagrun for example_complex to None
[2021-10-21 15:56:57,901] {processor.py:171} INFO - Processing /home/airflow/.local/lib/python3.6/site-packages/airflow/example_dags/example_complex.py took 0.136 seconds
[2021-10-21 15:57:29,016] {processor.py:163} INFO - Started process (PID=550) to work on /home/airflow/.local/lib/python3.6/site-packages/airflow/example_dags/example_complex.py
[2021-10-21 15:57:29,023] {processor.py:620} INFO - Processing file /home/airflow/.local/lib/python3.6/site-packages/airflow/example_dags/example_complex.py for tasks to queue
[2021-10-21 15:57:29,025] {logging_mixin.py:109} INFO - [2021-10-21 15:57:29,025] {dagbag.py:500} INFO - Filling up the DagBag from /home/airflow/.local/lib/python3.6/site-packages/airflow/example_dags/example_complex.py
[2021-10-21 15:57:29,085] {processor.py:632} INFO - DAG(s) dict_keys(['example_complex']) retrieved from /home/airflow/.local/lib/python3.6/site-packages/airflow/example_dags/example_complex.py
[2021-10-21 15:57:29,109] {logging_mixin.py:109} INFO - [2021-10-21 15:57:29,108] {dag.py:2389} INFO - Sync 1 DAGs
[2021-10-21 15:57:29,130] {logging_mixin.py:109} INFO - [2021-10-21 15:57:29,130] {dag.py:2914} INFO - Setting next_dagrun for example_complex to None
[2021-10-21 15:57:29,146] {processor.py:171} INFO - Processing /home/airflow/.local/lib/python3.6/site-packages/airflow/example_dags/example_complex.py took 0.144 seconds
[2021-10-21 15:57:59,684] {processor.py:163} INFO - Started process (PID=596) to work on /home/airflow/.local/lib/python3.6/site-packages/airflow/example_dags/example_complex.py
[2021-10-21 15:57:59,688] {processor.py:620} INFO - Processing file /home/airflow/.local/lib/python3.6/site-packages/airflow/example_dags/example_complex.py for tasks to queue
[2021-10-21 15:57:59,694] {logging_mixin.py:109} INFO - [2021-10-21 15:57:59,693] {dagbag.py:500} INFO - Filling up the DagBag from /home/airflow/.local/lib/python3.6/site-packages/airflow/example_dags/example_complex.py
[2021-10-21 15:57:59,738] {processor.py:632} INFO - DAG(s) dict_keys(['example_complex']) retrieved from /home/airflow/.local/lib/python3.6/site-packages/airflow/example_dags/example_complex.py
[2021-10-21 15:57:59,763] {logging_mixin.py:109} INFO - [2021-10-21 15:57:59,762] {dag.py:2389} INFO - Sync 1 DAGs
[2021-10-21 15:57:59,785] {logging_mixin.py:109} INFO - [2021-10-21 15:57:59,784] {dag.py:2914} INFO - Setting next_dagrun for example_complex to None
[2021-10-21 15:57:59,815] {processor.py:171} INFO - Processing /home/airflow/.local/lib/python3.6/site-packages/airflow/example_dags/example_complex.py took 0.140 seconds
[2021-10-21 15:58:30,522] {processor.py:163} INFO - Started process (PID=662) to work on /home/airflow/.local/lib/python3.6/site-packages/airflow/example_dags/example_complex.py
[2021-10-21 15:58:30,524] {processor.py:620} INFO - Processing file /home/airflow/.local/lib/python3.6/site-packages/airflow/example_dags/example_complex.py for tasks to queue
[2021-10-21 15:58:30,527] {logging_mixin.py:109} INFO - [2021-10-21 15:58:30,526] {dagbag.py:500} INFO - Filling up the DagBag from /home/airflow/.local/lib/python3.6/site-packages/airflow/example_dags/example_complex.py
[2021-10-21 15:58:30,636] {processor.py:632} INFO - DAG(s) dict_keys(['example_complex']) retrieved from /home/airflow/.local/lib/python3.6/site-packages/airflow/example_dags/example_complex.py
[2021-10-21 15:58:30,701] {logging_mixin.py:109} INFO - [2021-10-21 15:58:30,701] {dag.py:2389} INFO - Sync 1 DAGs
[2021-10-21 15:58:30,787] {logging_mixin.py:109} INFO - [2021-10-21 15:58:30,787] {dag.py:2914} INFO - Setting next_dagrun for example_complex to None
[2021-10-21 15:58:30,812] {processor.py:171} INFO - Processing /home/airflow/.local/lib/python3.6/site-packages/airflow/example_dags/example_complex.py took 0.304 seconds
[2021-10-21 15:59:01,560] {processor.py:163} INFO - Started process (PID=716) to work on /home/airflow/.local/lib/python3.6/site-packages/airflow/example_dags/example_complex.py
[2021-10-21 15:59:01,563] {processor.py:620} INFO - Processing file /home/airflow/.local/lib/python3.6/site-packages/airflow/example_dags/example_complex.py for tasks to queue
[2021-10-21 15:59:01,567] {logging_mixin.py:109} INFO - [2021-10-21 15:59:01,566] {dagbag.py:500} INFO - Filling up the DagBag from /home/airflow/.local/lib/python3.6/site-packages/airflow/example_dags/example_complex.py
[2021-10-21 15:59:01,718] {processor.py:632} INFO - DAG(s) dict_keys(['example_complex']) retrieved from /home/airflow/.local/lib/python3.6/site-packages/airflow/example_dags/example_complex.py
[2021-10-21 15:59:01,761] {logging_mixin.py:109} INFO - [2021-10-21 15:59:01,760] {dag.py:2389} INFO - Sync 1 DAGs
[2021-10-21 15:59:01,787] {logging_mixin.py:109} INFO - [2021-10-21 15:59:01,787] {dag.py:2914} INFO - Setting next_dagrun for example_complex to None
[2021-10-21 15:59:01,802] {processor.py:171} INFO - Processing /home/airflow/.local/lib/python3.6/site-packages/airflow/example_dags/example_complex.py took 0.247 seconds
[2021-10-21 15:59:32,766] {processor.py:163} INFO - Started process (PID=772) to work on /home/airflow/.local/lib/python3.6/site-packages/airflow/example_dags/example_complex.py
[2021-10-21 15:59:32,768] {processor.py:620} INFO - Processing file /home/airflow/.local/lib/python3.6/site-packages/airflow/example_dags/example_complex.py for tasks to queue
[2021-10-21 15:59:32,770] {logging_mixin.py:109} INFO - [2021-10-21 15:59:32,770] {dagbag.py:500} INFO - Filling up the DagBag from /home/airflow/.local/lib/python3.6/site-packages/airflow/example_dags/example_complex.py
[2021-10-21 15:59:32,823] {processor.py:632} INFO - DAG(s) dict_keys(['example_complex']) retrieved from /home/airflow/.local/lib/python3.6/site-packages/airflow/example_dags/example_complex.py
[2021-10-21 15:59:32,842] {logging_mixin.py:109} INFO - [2021-10-21 15:59:32,842] {dag.py:2389} INFO - Sync 1 DAGs
[2021-10-21 15:59:32,867] {logging_mixin.py:109} INFO - [2021-10-21 15:59:32,867] {dag.py:2914} INFO - Setting next_dagrun for example_complex to None
[2021-10-21 15:59:32,879] {processor.py:171} INFO - Processing /home/airflow/.local/lib/python3.6/site-packages/airflow/example_dags/example_complex.py took 0.118 seconds
[2021-10-21 16:00:03,073] {processor.py:163} INFO - Started process (PID=842) to work on /home/airflow/.local/lib/python3.6/site-packages/airflow/example_dags/example_complex.py
[2021-10-21 16:00:03,081] {processor.py:620} INFO - Processing file /home/airflow/.local/lib/python3.6/site-packages/airflow/example_dags/example_complex.py for tasks to queue
[2021-10-21 16:00:03,085] {logging_mixin.py:109} INFO - [2021-10-21 16:00:03,085] {dagbag.py:500} INFO - Filling up the DagBag from /home/airflow/.local/lib/python3.6/site-packages/airflow/example_dags/example_complex.py
[2021-10-21 16:00:03,175] {processor.py:632} INFO - DAG(s) dict_keys(['example_complex']) retrieved from /home/airflow/.local/lib/python3.6/site-packages/airflow/example_dags/example_complex.py
[2021-10-21 16:00:03,235] {logging_mixin.py:109} INFO - [2021-10-21 16:00:03,235] {dag.py:2389} INFO - Sync 1 DAGs
[2021-10-21 16:00:03,278] {logging_mixin.py:109} INFO - [2021-10-21 16:00:03,278] {dag.py:2914} INFO - Setting next_dagrun for example_complex to None
[2021-10-21 16:00:03,290] {processor.py:171} INFO - Processing /home/airflow/.local/lib/python3.6/site-packages/airflow/example_dags/example_complex.py took 0.225 seconds
[2021-10-21 16:00:35,644] {processor.py:163} INFO - Started process (PID=897) to work on /home/airflow/.local/lib/python3.6/site-packages/airflow/example_dags/example_complex.py
[2021-10-21 16:00:35,662] {processor.py:620} INFO - Processing file /home/airflow/.local/lib/python3.6/site-packages/airflow/example_dags/example_complex.py for tasks to queue
[2021-10-21 16:00:35,679] {logging_mixin.py:109} INFO - [2021-10-21 16:00:35,679] {dagbag.py:500} INFO - Filling up the DagBag from /home/airflow/.local/lib/python3.6/site-packages/airflow/example_dags/example_complex.py
[2021-10-21 16:00:36,063] {processor.py:632} INFO - DAG(s) dict_keys(['example_complex']) retrieved from /home/airflow/.local/lib/python3.6/site-packages/airflow/example_dags/example_complex.py
[2021-10-21 16:00:36,488] {logging_mixin.py:109} INFO - [2021-10-21 16:00:36,488] {dag.py:2389} INFO - Sync 1 DAGs
[2021-10-21 16:00:36,595] {logging_mixin.py:109} INFO - [2021-10-21 16:00:36,595] {dag.py:2914} INFO - Setting next_dagrun for example_complex to None
[2021-10-21 16:00:36,634] {processor.py:171} INFO - Processing /home/airflow/.local/lib/python3.6/site-packages/airflow/example_dags/example_complex.py took 1.350 seconds
[2021-10-21 16:01:07,357] {processor.py:163} INFO - Started process (PID=951) to work on /home/airflow/.local/lib/python3.6/site-packages/airflow/example_dags/example_complex.py
[2021-10-21 16:01:07,362] {processor.py:620} INFO - Processing file /home/airflow/.local/lib/python3.6/site-packages/airflow/example_dags/example_complex.py for tasks to queue
[2021-10-21 16:01:07,396] {logging_mixin.py:109} INFO - [2021-10-21 16:01:07,396] {dagbag.py:500} INFO - Filling up the DagBag from /home/airflow/.local/lib/python3.6/site-packages/airflow/example_dags/example_complex.py
[2021-10-21 16:01:07,685] {processor.py:632} INFO - DAG(s) dict_keys(['example_complex']) retrieved from /home/airflow/.local/lib/python3.6/site-packages/airflow/example_dags/example_complex.py
[2021-10-21 16:01:07,735] {logging_mixin.py:109} INFO - [2021-10-21 16:01:07,735] {dag.py:2389} INFO - Sync 1 DAGs
[2021-10-21 16:01:07,800] {logging_mixin.py:109} INFO - [2021-10-21 16:01:07,799] {dag.py:2914} INFO - Setting next_dagrun for example_complex to None
[2021-10-21 16:01:07,843] {processor.py:171} INFO - Processing /home/airflow/.local/lib/python3.6/site-packages/airflow/example_dags/example_complex.py took 0.495 seconds
[2021-10-21 16:01:39,027] {processor.py:163} INFO - Started process (PID=1008) to work on /home/airflow/.local/lib/python3.6/site-packages/airflow/example_dags/example_complex.py
[2021-10-21 16:01:39,030] {processor.py:620} INFO - Processing file /home/airflow/.local/lib/python3.6/site-packages/airflow/example_dags/example_complex.py for tasks to queue
[2021-10-21 16:01:39,038] {logging_mixin.py:109} INFO - [2021-10-21 16:01:39,032] {dagbag.py:500} INFO - Filling up the DagBag from /home/airflow/.local/lib/python3.6/site-packages/airflow/example_dags/example_complex.py
[2021-10-21 16:01:39,229] {processor.py:632} INFO - DAG(s) dict_keys(['example_complex']) retrieved from /home/airflow/.local/lib/python3.6/site-packages/airflow/example_dags/example_complex.py
[2021-10-21 16:01:39,265] {logging_mixin.py:109} INFO - [2021-10-21 16:01:39,265] {dag.py:2389} INFO - Sync 1 DAGs
[2021-10-21 16:01:39,336] {logging_mixin.py:109} INFO - [2021-10-21 16:01:39,336] {dag.py:2914} INFO - Setting next_dagrun for example_complex to None
[2021-10-21 16:01:39,379] {processor.py:171} INFO - Processing /home/airflow/.local/lib/python3.6/site-packages/airflow/example_dags/example_complex.py took 0.365 seconds
[2021-10-21 16:02:13,764] {processor.py:163} INFO - Started process (PID=1061) to work on /home/airflow/.local/lib/python3.6/site-packages/airflow/example_dags/example_complex.py
[2021-10-21 16:02:13,790] {processor.py:620} INFO - Processing file /home/airflow/.local/lib/python3.6/site-packages/airflow/example_dags/example_complex.py for tasks to queue
[2021-10-21 16:02:13,800] {logging_mixin.py:109} INFO - [2021-10-21 16:02:13,799] {dagbag.py:500} INFO - Filling up the DagBag from /home/airflow/.local/lib/python3.6/site-packages/airflow/example_dags/example_complex.py
[2021-10-21 16:02:13,985] {processor.py:632} INFO - DAG(s) dict_keys(['example_complex']) retrieved from /home/airflow/.local/lib/python3.6/site-packages/airflow/example_dags/example_complex.py
[2021-10-21 16:02:14,047] {logging_mixin.py:109} INFO - [2021-10-21 16:02:14,047] {dag.py:2389} INFO - Sync 1 DAGs
[2021-10-21 16:02:14,153] {logging_mixin.py:109} INFO - [2021-10-21 16:02:14,153] {dag.py:2914} INFO - Setting next_dagrun for example_complex to None
[2021-10-21 16:02:14,187] {processor.py:171} INFO - Processing /home/airflow/.local/lib/python3.6/site-packages/airflow/example_dags/example_complex.py took 0.436 seconds
[2021-10-21 16:02:44,316] {processor.py:163} INFO - Started process (PID=1113) to work on /home/airflow/.local/lib/python3.6/site-packages/airflow/example_dags/example_complex.py
[2021-10-21 16:02:44,319] {processor.py:620} INFO - Processing file /home/airflow/.local/lib/python3.6/site-packages/airflow/example_dags/example_complex.py for tasks to queue
[2021-10-21 16:02:44,321] {logging_mixin.py:109} INFO - [2021-10-21 16:02:44,321] {dagbag.py:500} INFO - Filling up the DagBag from /home/airflow/.local/lib/python3.6/site-packages/airflow/example_dags/example_complex.py
[2021-10-21 16:02:44,556] {processor.py:632} INFO - DAG(s) dict_keys(['example_complex']) retrieved from /home/airflow/.local/lib/python3.6/site-packages/airflow/example_dags/example_complex.py
[2021-10-21 16:02:44,621] {logging_mixin.py:109} INFO - [2021-10-21 16:02:44,621] {dag.py:2389} INFO - Sync 1 DAGs
[2021-10-21 16:02:44,680] {logging_mixin.py:109} INFO - [2021-10-21 16:02:44,680] {dag.py:2914} INFO - Setting next_dagrun for example_complex to None
[2021-10-21 16:02:44,720] {processor.py:171} INFO - Processing /home/airflow/.local/lib/python3.6/site-packages/airflow/example_dags/example_complex.py took 0.422 seconds
[2021-10-21 16:03:14,825] {processor.py:163} INFO - Started process (PID=1169) to work on /home/airflow/.local/lib/python3.6/site-packages/airflow/example_dags/example_complex.py
[2021-10-21 16:03:14,829] {processor.py:620} INFO - Processing file /home/airflow/.local/lib/python3.6/site-packages/airflow/example_dags/example_complex.py for tasks to queue
[2021-10-21 16:03:14,833] {logging_mixin.py:109} INFO - [2021-10-21 16:03:14,832] {dagbag.py:500} INFO - Filling up the DagBag from /home/airflow/.local/lib/python3.6/site-packages/airflow/example_dags/example_complex.py
[2021-10-21 16:03:14,916] {processor.py:632} INFO - DAG(s) dict_keys(['example_complex']) retrieved from /home/airflow/.local/lib/python3.6/site-packages/airflow/example_dags/example_complex.py
[2021-10-21 16:03:14,956] {logging_mixin.py:109} INFO - [2021-10-21 16:03:14,956] {dag.py:2389} INFO - Sync 1 DAGs
[2021-10-21 16:03:14,991] {logging_mixin.py:109} INFO - [2021-10-21 16:03:14,990] {dag.py:2914} INFO - Setting next_dagrun for example_complex to None
[2021-10-21 16:03:15,007] {processor.py:171} INFO - Processing /home/airflow/.local/lib/python3.6/site-packages/airflow/example_dags/example_complex.py took 0.196 seconds
[2021-10-21 16:03:45,454] {processor.py:163} INFO - Started process (PID=1228) to work on /home/airflow/.local/lib/python3.6/site-packages/airflow/example_dags/example_complex.py
[2021-10-21 16:03:45,456] {processor.py:620} INFO - Processing file /home/airflow/.local/lib/python3.6/site-packages/airflow/example_dags/example_complex.py for tasks to queue
[2021-10-21 16:03:45,458] {logging_mixin.py:109} INFO - [2021-10-21 16:03:45,458] {dagbag.py:500} INFO - Filling up the DagBag from /home/airflow/.local/lib/python3.6/site-packages/airflow/example_dags/example_complex.py
[2021-10-21 16:03:45,517] {processor.py:632} INFO - DAG(s) dict_keys(['example_complex']) retrieved from /home/airflow/.local/lib/python3.6/site-packages/airflow/example_dags/example_complex.py
[2021-10-21 16:03:45,549] {logging_mixin.py:109} INFO - [2021-10-21 16:03:45,549] {dag.py:2389} INFO - Sync 1 DAGs
[2021-10-21 16:03:45,571] {logging_mixin.py:109} INFO - [2021-10-21 16:03:45,571] {dag.py:2914} INFO - Setting next_dagrun for example_complex to None
[2021-10-21 16:03:45,584] {processor.py:171} INFO - Processing /home/airflow/.local/lib/python3.6/site-packages/airflow/example_dags/example_complex.py took 0.136 seconds
[2021-10-21 16:04:16,474] {processor.py:163} INFO - Started process (PID=1282) to work on /home/airflow/.local/lib/python3.6/site-packages/airflow/example_dags/example_complex.py
[2021-10-21 16:04:16,478] {processor.py:620} INFO - Processing file /home/airflow/.local/lib/python3.6/site-packages/airflow/example_dags/example_complex.py for tasks to queue
[2021-10-21 16:04:16,482] {logging_mixin.py:109} INFO - [2021-10-21 16:04:16,480] {dagbag.py:500} INFO - Filling up the DagBag from /home/airflow/.local/lib/python3.6/site-packages/airflow/example_dags/example_complex.py
[2021-10-21 16:04:16,550] {processor.py:632} INFO - DAG(s) dict_keys(['example_complex']) retrieved from /home/airflow/.local/lib/python3.6/site-packages/airflow/example_dags/example_complex.py
[2021-10-21 16:04:16,586] {logging_mixin.py:109} INFO - [2021-10-21 16:04:16,586] {dag.py:2389} INFO - Sync 1 DAGs
[2021-10-21 16:04:16,625] {logging_mixin.py:109} INFO - [2021-10-21 16:04:16,625] {dag.py:2914} INFO - Setting next_dagrun for example_complex to None
[2021-10-21 16:04:16,639] {processor.py:171} INFO - Processing /home/airflow/.local/lib/python3.6/site-packages/airflow/example_dags/example_complex.py took 0.172 seconds
[2021-10-21 16:04:47,260] {processor.py:163} INFO - Started process (PID=1336) to work on /home/airflow/.local/lib/python3.6/site-packages/airflow/example_dags/example_complex.py
[2021-10-21 16:04:47,264] {processor.py:620} INFO - Processing file /home/airflow/.local/lib/python3.6/site-packages/airflow/example_dags/example_complex.py for tasks to queue
[2021-10-21 16:04:47,274] {logging_mixin.py:109} INFO - [2021-10-21 16:04:47,274] {dagbag.py:500} INFO - Filling up the DagBag from /home/airflow/.local/lib/python3.6/site-packages/airflow/example_dags/example_complex.py
[2021-10-21 16:04:47,360] {processor.py:632} INFO - DAG(s) dict_keys(['example_complex']) retrieved from /home/airflow/.local/lib/python3.6/site-packages/airflow/example_dags/example_complex.py
[2021-10-21 16:04:47,384] {logging_mixin.py:109} INFO - [2021-10-21 16:04:47,383] {dag.py:2389} INFO - Sync 1 DAGs
[2021-10-21 16:04:47,404] {logging_mixin.py:109} INFO - [2021-10-21 16:04:47,404] {dag.py:2914} INFO - Setting next_dagrun for example_complex to None
[2021-10-21 16:04:47,451] {processor.py:171} INFO - Processing /home/airflow/.local/lib/python3.6/site-packages/airflow/example_dags/example_complex.py took 0.205 seconds
[2021-10-21 16:05:19,689] {processor.py:163} INFO - Started process (PID=1401) to work on /home/airflow/.local/lib/python3.6/site-packages/airflow/example_dags/example_complex.py
[2021-10-21 16:05:19,693] {processor.py:620} INFO - Processing file /home/airflow/.local/lib/python3.6/site-packages/airflow/example_dags/example_complex.py for tasks to queue
[2021-10-21 16:05:19,696] {logging_mixin.py:109} INFO - [2021-10-21 16:05:19,695] {dagbag.py:500} INFO - Filling up the DagBag from /home/airflow/.local/lib/python3.6/site-packages/airflow/example_dags/example_complex.py
[2021-10-21 16:05:19,814] {processor.py:632} INFO - DAG(s) dict_keys(['example_complex']) retrieved from /home/airflow/.local/lib/python3.6/site-packages/airflow/example_dags/example_complex.py
[2021-10-21 16:05:19,872] {logging_mixin.py:109} INFO - [2021-10-21 16:05:19,871] {dag.py:2389} INFO - Sync 1 DAGs
[2021-10-21 16:05:19,924] {logging_mixin.py:109} INFO - [2021-10-21 16:05:19,924] {dag.py:2914} INFO - Setting next_dagrun for example_complex to None
[2021-10-21 16:05:19,958] {processor.py:171} INFO - Processing /home/airflow/.local/lib/python3.6/site-packages/airflow/example_dags/example_complex.py took 0.286 seconds
[2021-10-21 16:05:50,129] {processor.py:163} INFO - Started process (PID=1456) to work on /home/airflow/.local/lib/python3.6/site-packages/airflow/example_dags/example_complex.py
[2021-10-21 16:05:50,132] {processor.py:620} INFO - Processing file /home/airflow/.local/lib/python3.6/site-packages/airflow/example_dags/example_complex.py for tasks to queue
[2021-10-21 16:05:50,133] {logging_mixin.py:109} INFO - [2021-10-21 16:05:50,133] {dagbag.py:500} INFO - Filling up the DagBag from /home/airflow/.local/lib/python3.6/site-packages/airflow/example_dags/example_complex.py
[2021-10-21 16:05:50,182] {processor.py:632} INFO - DAG(s) dict_keys(['example_complex']) retrieved from /home/airflow/.local/lib/python3.6/site-packages/airflow/example_dags/example_complex.py
[2021-10-21 16:05:50,197] {logging_mixin.py:109} INFO - [2021-10-21 16:05:50,197] {dag.py:2389} INFO - Sync 1 DAGs
[2021-10-21 16:05:50,212] {logging_mixin.py:109} INFO - [2021-10-21 16:05:50,212] {dag.py:2914} INFO - Setting next_dagrun for example_complex to None
[2021-10-21 16:05:50,221] {processor.py:171} INFO - Processing /home/airflow/.local/lib/python3.6/site-packages/airflow/example_dags/example_complex.py took 0.097 seconds
[2021-10-21 16:06:20,769] {processor.py:163} INFO - Started process (PID=1510) to work on /home/airflow/.local/lib/python3.6/site-packages/airflow/example_dags/example_complex.py
[2021-10-21 16:06:20,772] {processor.py:620} INFO - Processing file /home/airflow/.local/lib/python3.6/site-packages/airflow/example_dags/example_complex.py for tasks to queue
[2021-10-21 16:06:20,773] {logging_mixin.py:109} INFO - [2021-10-21 16:06:20,773] {dagbag.py:500} INFO - Filling up the DagBag from /home/airflow/.local/lib/python3.6/site-packages/airflow/example_dags/example_complex.py
[2021-10-21 16:06:20,821] {processor.py:632} INFO - DAG(s) dict_keys(['example_complex']) retrieved from /home/airflow/.local/lib/python3.6/site-packages/airflow/example_dags/example_complex.py
[2021-10-21 16:06:20,840] {logging_mixin.py:109} INFO - [2021-10-21 16:06:20,840] {dag.py:2389} INFO - Sync 1 DAGs
[2021-10-21 16:06:20,859] {logging_mixin.py:109} INFO - [2021-10-21 16:06:20,858] {dag.py:2914} INFO - Setting next_dagrun for example_complex to None
[2021-10-21 16:06:20,873] {processor.py:171} INFO - Processing /home/airflow/.local/lib/python3.6/site-packages/airflow/example_dags/example_complex.py took 0.115 seconds
[2021-10-21 16:06:51,550] {processor.py:163} INFO - Started process (PID=1578) to work on /home/airflow/.local/lib/python3.6/site-packages/airflow/example_dags/example_complex.py
[2021-10-21 16:06:51,554] {processor.py:620} INFO - Processing file /home/airflow/.local/lib/python3.6/site-packages/airflow/example_dags/example_complex.py for tasks to queue
[2021-10-21 16:06:51,557] {logging_mixin.py:109} INFO - [2021-10-21 16:06:51,557] {dagbag.py:500} INFO - Filling up the DagBag from /home/airflow/.local/lib/python3.6/site-packages/airflow/example_dags/example_complex.py
[2021-10-21 16:06:51,621] {processor.py:632} INFO - DAG(s) dict_keys(['example_complex']) retrieved from /home/airflow/.local/lib/python3.6/site-packages/airflow/example_dags/example_complex.py
[2021-10-21 16:06:51,643] {logging_mixin.py:109} INFO - [2021-10-21 16:06:51,643] {dag.py:2389} INFO - Sync 1 DAGs
[2021-10-21 16:06:51,661] {logging_mixin.py:109} INFO - [2021-10-21 16:06:51,661] {dag.py:2914} INFO - Setting next_dagrun for example_complex to None
[2021-10-21 16:06:51,675] {processor.py:171} INFO - Processing /home/airflow/.local/lib/python3.6/site-packages/airflow/example_dags/example_complex.py took 0.130 seconds
