[2021-10-21 15:53:20,704] {processor.py:163} INFO - Started process (PID=83) to work on /home/airflow/.local/lib/python3.6/site-packages/airflow/example_dags/example_trigger_target_dag.py
[2021-10-21 15:53:20,713] {processor.py:620} INFO - Processing file /home/airflow/.local/lib/python3.6/site-packages/airflow/example_dags/example_trigger_target_dag.py for tasks to queue
[2021-10-21 15:53:20,716] {logging_mixin.py:109} INFO - [2021-10-21 15:53:20,716] {dagbag.py:500} INFO - Filling up the DagBag from /home/airflow/.local/lib/python3.6/site-packages/airflow/example_dags/example_trigger_target_dag.py
[2021-10-21 15:53:20,858] {processor.py:632} INFO - DAG(s) dict_keys(['example_trigger_target_dag']) retrieved from /home/airflow/.local/lib/python3.6/site-packages/airflow/example_dags/example_trigger_target_dag.py
[2021-10-21 15:53:20,951] {logging_mixin.py:109} INFO - [2021-10-21 15:53:20,951] {dag.py:2389} INFO - Sync 1 DAGs
[2021-10-21 15:53:21,000] {logging_mixin.py:109} INFO - [2021-10-21 15:53:21,000] {dag.py:2914} INFO - Setting next_dagrun for example_trigger_target_dag to None
[2021-10-21 15:53:21,039] {processor.py:171} INFO - Processing /home/airflow/.local/lib/python3.6/site-packages/airflow/example_dags/example_trigger_target_dag.py took 0.343 seconds
[2021-10-21 15:53:51,154] {processor.py:163} INFO - Started process (PID=136) to work on /home/airflow/.local/lib/python3.6/site-packages/airflow/example_dags/example_trigger_target_dag.py
[2021-10-21 15:53:51,157] {processor.py:620} INFO - Processing file /home/airflow/.local/lib/python3.6/site-packages/airflow/example_dags/example_trigger_target_dag.py for tasks to queue
[2021-10-21 15:53:51,159] {logging_mixin.py:109} INFO - [2021-10-21 15:53:51,159] {dagbag.py:500} INFO - Filling up the DagBag from /home/airflow/.local/lib/python3.6/site-packages/airflow/example_dags/example_trigger_target_dag.py
[2021-10-21 15:53:51,196] {processor.py:632} INFO - DAG(s) dict_keys(['example_trigger_target_dag']) retrieved from /home/airflow/.local/lib/python3.6/site-packages/airflow/example_dags/example_trigger_target_dag.py
[2021-10-21 15:53:51,207] {logging_mixin.py:109} INFO - [2021-10-21 15:53:51,207] {dag.py:2389} INFO - Sync 1 DAGs
[2021-10-21 15:53:51,228] {logging_mixin.py:109} INFO - [2021-10-21 15:53:51,228] {dag.py:2914} INFO - Setting next_dagrun for example_trigger_target_dag to None
[2021-10-21 15:53:51,239] {processor.py:171} INFO - Processing /home/airflow/.local/lib/python3.6/site-packages/airflow/example_dags/example_trigger_target_dag.py took 0.090 seconds
[2021-10-21 15:54:22,532] {processor.py:163} INFO - Started process (PID=201) to work on /home/airflow/.local/lib/python3.6/site-packages/airflow/example_dags/example_trigger_target_dag.py
[2021-10-21 15:54:22,546] {processor.py:620} INFO - Processing file /home/airflow/.local/lib/python3.6/site-packages/airflow/example_dags/example_trigger_target_dag.py for tasks to queue
[2021-10-21 15:54:22,553] {logging_mixin.py:109} INFO - [2021-10-21 15:54:22,553] {dagbag.py:500} INFO - Filling up the DagBag from /home/airflow/.local/lib/python3.6/site-packages/airflow/example_dags/example_trigger_target_dag.py
[2021-10-21 15:54:22,659] {processor.py:632} INFO - DAG(s) dict_keys(['example_trigger_target_dag']) retrieved from /home/airflow/.local/lib/python3.6/site-packages/airflow/example_dags/example_trigger_target_dag.py
[2021-10-21 15:54:22,774] {logging_mixin.py:109} INFO - [2021-10-21 15:54:22,765] {dag.py:2389} INFO - Sync 1 DAGs
[2021-10-21 15:54:23,165] {logging_mixin.py:109} INFO - [2021-10-21 15:54:23,165] {dag.py:2914} INFO - Setting next_dagrun for example_trigger_target_dag to None
[2021-10-21 15:54:23,204] {processor.py:171} INFO - Processing /home/airflow/.local/lib/python3.6/site-packages/airflow/example_dags/example_trigger_target_dag.py took 0.695 seconds
[2021-10-21 15:54:53,895] {processor.py:163} INFO - Started process (PID=255) to work on /home/airflow/.local/lib/python3.6/site-packages/airflow/example_dags/example_trigger_target_dag.py
[2021-10-21 15:54:53,898] {processor.py:620} INFO - Processing file /home/airflow/.local/lib/python3.6/site-packages/airflow/example_dags/example_trigger_target_dag.py for tasks to queue
[2021-10-21 15:54:53,908] {logging_mixin.py:109} INFO - [2021-10-21 15:54:53,907] {dagbag.py:500} INFO - Filling up the DagBag from /home/airflow/.local/lib/python3.6/site-packages/airflow/example_dags/example_trigger_target_dag.py
[2021-10-21 15:54:53,967] {processor.py:632} INFO - DAG(s) dict_keys(['example_trigger_target_dag']) retrieved from /home/airflow/.local/lib/python3.6/site-packages/airflow/example_dags/example_trigger_target_dag.py
[2021-10-21 15:54:54,015] {logging_mixin.py:109} INFO - [2021-10-21 15:54:54,014] {dag.py:2389} INFO - Sync 1 DAGs
[2021-10-21 15:54:54,055] {logging_mixin.py:109} INFO - [2021-10-21 15:54:54,055] {dag.py:2914} INFO - Setting next_dagrun for example_trigger_target_dag to None
[2021-10-21 15:54:54,078] {processor.py:171} INFO - Processing /home/airflow/.local/lib/python3.6/site-packages/airflow/example_dags/example_trigger_target_dag.py took 0.187 seconds
[2021-10-21 15:55:24,213] {processor.py:163} INFO - Started process (PID=308) to work on /home/airflow/.local/lib/python3.6/site-packages/airflow/example_dags/example_trigger_target_dag.py
[2021-10-21 15:55:24,216] {processor.py:620} INFO - Processing file /home/airflow/.local/lib/python3.6/site-packages/airflow/example_dags/example_trigger_target_dag.py for tasks to queue
[2021-10-21 15:55:24,218] {logging_mixin.py:109} INFO - [2021-10-21 15:55:24,217] {dagbag.py:500} INFO - Filling up the DagBag from /home/airflow/.local/lib/python3.6/site-packages/airflow/example_dags/example_trigger_target_dag.py
[2021-10-21 15:55:24,281] {processor.py:632} INFO - DAG(s) dict_keys(['example_trigger_target_dag']) retrieved from /home/airflow/.local/lib/python3.6/site-packages/airflow/example_dags/example_trigger_target_dag.py
[2021-10-21 15:55:24,296] {logging_mixin.py:109} INFO - [2021-10-21 15:55:24,296] {dag.py:2389} INFO - Sync 1 DAGs
[2021-10-21 15:55:24,319] {logging_mixin.py:109} INFO - [2021-10-21 15:55:24,318] {dag.py:2914} INFO - Setting next_dagrun for example_trigger_target_dag to None
[2021-10-21 15:55:24,332] {processor.py:171} INFO - Processing /home/airflow/.local/lib/python3.6/site-packages/airflow/example_dags/example_trigger_target_dag.py took 0.127 seconds
[2021-10-21 15:55:56,146] {processor.py:163} INFO - Started process (PID=363) to work on /home/airflow/.local/lib/python3.6/site-packages/airflow/example_dags/example_trigger_target_dag.py
[2021-10-21 15:55:56,154] {processor.py:620} INFO - Processing file /home/airflow/.local/lib/python3.6/site-packages/airflow/example_dags/example_trigger_target_dag.py for tasks to queue
[2021-10-21 15:55:56,156] {logging_mixin.py:109} INFO - [2021-10-21 15:55:56,156] {dagbag.py:500} INFO - Filling up the DagBag from /home/airflow/.local/lib/python3.6/site-packages/airflow/example_dags/example_trigger_target_dag.py
[2021-10-21 15:55:56,193] {processor.py:632} INFO - DAG(s) dict_keys(['example_trigger_target_dag']) retrieved from /home/airflow/.local/lib/python3.6/site-packages/airflow/example_dags/example_trigger_target_dag.py
[2021-10-21 15:55:56,206] {logging_mixin.py:109} INFO - [2021-10-21 15:55:56,206] {dag.py:2389} INFO - Sync 1 DAGs
[2021-10-21 15:55:56,224] {logging_mixin.py:109} INFO - [2021-10-21 15:55:56,224] {dag.py:2914} INFO - Setting next_dagrun for example_trigger_target_dag to None
[2021-10-21 15:55:56,234] {processor.py:171} INFO - Processing /home/airflow/.local/lib/python3.6/site-packages/airflow/example_dags/example_trigger_target_dag.py took 0.096 seconds
[2021-10-21 15:56:27,047] {processor.py:163} INFO - Started process (PID=429) to work on /home/airflow/.local/lib/python3.6/site-packages/airflow/example_dags/example_trigger_target_dag.py
[2021-10-21 15:56:27,050] {processor.py:620} INFO - Processing file /home/airflow/.local/lib/python3.6/site-packages/airflow/example_dags/example_trigger_target_dag.py for tasks to queue
[2021-10-21 15:56:27,052] {logging_mixin.py:109} INFO - [2021-10-21 15:56:27,052] {dagbag.py:500} INFO - Filling up the DagBag from /home/airflow/.local/lib/python3.6/site-packages/airflow/example_dags/example_trigger_target_dag.py
[2021-10-21 15:56:27,096] {processor.py:632} INFO - DAG(s) dict_keys(['example_trigger_target_dag']) retrieved from /home/airflow/.local/lib/python3.6/site-packages/airflow/example_dags/example_trigger_target_dag.py
[2021-10-21 15:56:27,114] {logging_mixin.py:109} INFO - [2021-10-21 15:56:27,113] {dag.py:2389} INFO - Sync 1 DAGs
[2021-10-21 15:56:27,134] {logging_mixin.py:109} INFO - [2021-10-21 15:56:27,133] {dag.py:2914} INFO - Setting next_dagrun for example_trigger_target_dag to None
[2021-10-21 15:56:27,143] {processor.py:171} INFO - Processing /home/airflow/.local/lib/python3.6/site-packages/airflow/example_dags/example_trigger_target_dag.py took 0.102 seconds
[2021-10-21 15:56:58,002] {processor.py:163} INFO - Started process (PID=486) to work on /home/airflow/.local/lib/python3.6/site-packages/airflow/example_dags/example_trigger_target_dag.py
[2021-10-21 15:56:58,004] {processor.py:620} INFO - Processing file /home/airflow/.local/lib/python3.6/site-packages/airflow/example_dags/example_trigger_target_dag.py for tasks to queue
[2021-10-21 15:56:58,006] {logging_mixin.py:109} INFO - [2021-10-21 15:56:58,006] {dagbag.py:500} INFO - Filling up the DagBag from /home/airflow/.local/lib/python3.6/site-packages/airflow/example_dags/example_trigger_target_dag.py
[2021-10-21 15:56:58,053] {processor.py:632} INFO - DAG(s) dict_keys(['example_trigger_target_dag']) retrieved from /home/airflow/.local/lib/python3.6/site-packages/airflow/example_dags/example_trigger_target_dag.py
[2021-10-21 15:56:58,069] {logging_mixin.py:109} INFO - [2021-10-21 15:56:58,069] {dag.py:2389} INFO - Sync 1 DAGs
[2021-10-21 15:56:58,089] {logging_mixin.py:109} INFO - [2021-10-21 15:56:58,089] {dag.py:2914} INFO - Setting next_dagrun for example_trigger_target_dag to None
[2021-10-21 15:56:58,101] {processor.py:171} INFO - Processing /home/airflow/.local/lib/python3.6/site-packages/airflow/example_dags/example_trigger_target_dag.py took 0.105 seconds
[2021-10-21 15:57:29,619] {processor.py:163} INFO - Started process (PID=552) to work on /home/airflow/.local/lib/python3.6/site-packages/airflow/example_dags/example_trigger_target_dag.py
[2021-10-21 15:57:29,628] {processor.py:620} INFO - Processing file /home/airflow/.local/lib/python3.6/site-packages/airflow/example_dags/example_trigger_target_dag.py for tasks to queue
[2021-10-21 15:57:29,631] {logging_mixin.py:109} INFO - [2021-10-21 15:57:29,631] {dagbag.py:500} INFO - Filling up the DagBag from /home/airflow/.local/lib/python3.6/site-packages/airflow/example_dags/example_trigger_target_dag.py
[2021-10-21 15:57:29,698] {processor.py:632} INFO - DAG(s) dict_keys(['example_trigger_target_dag']) retrieved from /home/airflow/.local/lib/python3.6/site-packages/airflow/example_dags/example_trigger_target_dag.py
[2021-10-21 15:57:29,732] {logging_mixin.py:109} INFO - [2021-10-21 15:57:29,732] {dag.py:2389} INFO - Sync 1 DAGs
[2021-10-21 15:57:29,882] {logging_mixin.py:109} INFO - [2021-10-21 15:57:29,882] {dag.py:2914} INFO - Setting next_dagrun for example_trigger_target_dag to None
[2021-10-21 15:57:29,912] {processor.py:171} INFO - Processing /home/airflow/.local/lib/python3.6/site-packages/airflow/example_dags/example_trigger_target_dag.py took 0.309 seconds
[2021-10-21 15:57:59,993] {processor.py:163} INFO - Started process (PID=598) to work on /home/airflow/.local/lib/python3.6/site-packages/airflow/example_dags/example_trigger_target_dag.py
[2021-10-21 15:57:59,996] {processor.py:620} INFO - Processing file /home/airflow/.local/lib/python3.6/site-packages/airflow/example_dags/example_trigger_target_dag.py for tasks to queue
[2021-10-21 15:57:59,997] {logging_mixin.py:109} INFO - [2021-10-21 15:57:59,997] {dagbag.py:500} INFO - Filling up the DagBag from /home/airflow/.local/lib/python3.6/site-packages/airflow/example_dags/example_trigger_target_dag.py
[2021-10-21 15:58:00,035] {processor.py:632} INFO - DAG(s) dict_keys(['example_trigger_target_dag']) retrieved from /home/airflow/.local/lib/python3.6/site-packages/airflow/example_dags/example_trigger_target_dag.py
[2021-10-21 15:58:00,054] {logging_mixin.py:109} INFO - [2021-10-21 15:58:00,054] {dag.py:2389} INFO - Sync 1 DAGs
[2021-10-21 15:58:00,071] {logging_mixin.py:109} INFO - [2021-10-21 15:58:00,071] {dag.py:2914} INFO - Setting next_dagrun for example_trigger_target_dag to None
[2021-10-21 15:58:00,081] {processor.py:171} INFO - Processing /home/airflow/.local/lib/python3.6/site-packages/airflow/example_dags/example_trigger_target_dag.py took 0.093 seconds
[2021-10-21 15:58:30,869] {processor.py:163} INFO - Started process (PID=664) to work on /home/airflow/.local/lib/python3.6/site-packages/airflow/example_dags/example_trigger_target_dag.py
[2021-10-21 15:58:30,874] {processor.py:620} INFO - Processing file /home/airflow/.local/lib/python3.6/site-packages/airflow/example_dags/example_trigger_target_dag.py for tasks to queue
[2021-10-21 15:58:30,878] {logging_mixin.py:109} INFO - [2021-10-21 15:58:30,877] {dagbag.py:500} INFO - Filling up the DagBag from /home/airflow/.local/lib/python3.6/site-packages/airflow/example_dags/example_trigger_target_dag.py
[2021-10-21 15:58:30,920] {processor.py:632} INFO - DAG(s) dict_keys(['example_trigger_target_dag']) retrieved from /home/airflow/.local/lib/python3.6/site-packages/airflow/example_dags/example_trigger_target_dag.py
[2021-10-21 15:58:30,946] {logging_mixin.py:109} INFO - [2021-10-21 15:58:30,946] {dag.py:2389} INFO - Sync 1 DAGs
[2021-10-21 15:58:31,017] {logging_mixin.py:109} INFO - [2021-10-21 15:58:31,017] {dag.py:2914} INFO - Setting next_dagrun for example_trigger_target_dag to None
[2021-10-21 15:58:31,029] {processor.py:171} INFO - Processing /home/airflow/.local/lib/python3.6/site-packages/airflow/example_dags/example_trigger_target_dag.py took 0.188 seconds
[2021-10-21 15:59:01,839] {processor.py:163} INFO - Started process (PID=718) to work on /home/airflow/.local/lib/python3.6/site-packages/airflow/example_dags/example_trigger_target_dag.py
[2021-10-21 15:59:01,841] {processor.py:620} INFO - Processing file /home/airflow/.local/lib/python3.6/site-packages/airflow/example_dags/example_trigger_target_dag.py for tasks to queue
[2021-10-21 15:59:01,844] {logging_mixin.py:109} INFO - [2021-10-21 15:59:01,843] {dagbag.py:500} INFO - Filling up the DagBag from /home/airflow/.local/lib/python3.6/site-packages/airflow/example_dags/example_trigger_target_dag.py
[2021-10-21 15:59:01,886] {processor.py:632} INFO - DAG(s) dict_keys(['example_trigger_target_dag']) retrieved from /home/airflow/.local/lib/python3.6/site-packages/airflow/example_dags/example_trigger_target_dag.py
[2021-10-21 15:59:01,900] {logging_mixin.py:109} INFO - [2021-10-21 15:59:01,900] {dag.py:2389} INFO - Sync 1 DAGs
[2021-10-21 15:59:01,918] {logging_mixin.py:109} INFO - [2021-10-21 15:59:01,918] {dag.py:2914} INFO - Setting next_dagrun for example_trigger_target_dag to None
[2021-10-21 15:59:01,929] {processor.py:171} INFO - Processing /home/airflow/.local/lib/python3.6/site-packages/airflow/example_dags/example_trigger_target_dag.py took 0.095 seconds
[2021-10-21 15:59:32,917] {processor.py:163} INFO - Started process (PID=774) to work on /home/airflow/.local/lib/python3.6/site-packages/airflow/example_dags/example_trigger_target_dag.py
[2021-10-21 15:59:32,920] {processor.py:620} INFO - Processing file /home/airflow/.local/lib/python3.6/site-packages/airflow/example_dags/example_trigger_target_dag.py for tasks to queue
[2021-10-21 15:59:32,922] {logging_mixin.py:109} INFO - [2021-10-21 15:59:32,922] {dagbag.py:500} INFO - Filling up the DagBag from /home/airflow/.local/lib/python3.6/site-packages/airflow/example_dags/example_trigger_target_dag.py
[2021-10-21 15:59:32,976] {processor.py:632} INFO - DAG(s) dict_keys(['example_trigger_target_dag']) retrieved from /home/airflow/.local/lib/python3.6/site-packages/airflow/example_dags/example_trigger_target_dag.py
[2021-10-21 15:59:32,991] {logging_mixin.py:109} INFO - [2021-10-21 15:59:32,991] {dag.py:2389} INFO - Sync 1 DAGs
[2021-10-21 15:59:33,020] {logging_mixin.py:109} INFO - [2021-10-21 15:59:33,020] {dag.py:2914} INFO - Setting next_dagrun for example_trigger_target_dag to None
[2021-10-21 15:59:33,033] {processor.py:171} INFO - Processing /home/airflow/.local/lib/python3.6/site-packages/airflow/example_dags/example_trigger_target_dag.py took 0.121 seconds
[2021-10-21 16:00:03,335] {processor.py:163} INFO - Started process (PID=844) to work on /home/airflow/.local/lib/python3.6/site-packages/airflow/example_dags/example_trigger_target_dag.py
[2021-10-21 16:00:03,344] {processor.py:620} INFO - Processing file /home/airflow/.local/lib/python3.6/site-packages/airflow/example_dags/example_trigger_target_dag.py for tasks to queue
[2021-10-21 16:00:03,347] {logging_mixin.py:109} INFO - [2021-10-21 16:00:03,347] {dagbag.py:500} INFO - Filling up the DagBag from /home/airflow/.local/lib/python3.6/site-packages/airflow/example_dags/example_trigger_target_dag.py
[2021-10-21 16:00:03,406] {processor.py:632} INFO - DAG(s) dict_keys(['example_trigger_target_dag']) retrieved from /home/airflow/.local/lib/python3.6/site-packages/airflow/example_dags/example_trigger_target_dag.py
[2021-10-21 16:00:03,424] {logging_mixin.py:109} INFO - [2021-10-21 16:00:03,424] {dag.py:2389} INFO - Sync 1 DAGs
[2021-10-21 16:00:03,446] {logging_mixin.py:109} INFO - [2021-10-21 16:00:03,446] {dag.py:2914} INFO - Setting next_dagrun for example_trigger_target_dag to None
[2021-10-21 16:00:03,479] {processor.py:171} INFO - Processing /home/airflow/.local/lib/python3.6/site-packages/airflow/example_dags/example_trigger_target_dag.py took 0.147 seconds
[2021-10-21 16:00:36,830] {processor.py:163} INFO - Started process (PID=899) to work on /home/airflow/.local/lib/python3.6/site-packages/airflow/example_dags/example_trigger_target_dag.py
[2021-10-21 16:00:37,128] {processor.py:620} INFO - Processing file /home/airflow/.local/lib/python3.6/site-packages/airflow/example_dags/example_trigger_target_dag.py for tasks to queue
[2021-10-21 16:00:37,256] {logging_mixin.py:109} INFO - [2021-10-21 16:00:37,256] {dagbag.py:500} INFO - Filling up the DagBag from /home/airflow/.local/lib/python3.6/site-packages/airflow/example_dags/example_trigger_target_dag.py
[2021-10-21 16:00:37,634] {processor.py:632} INFO - DAG(s) dict_keys(['example_trigger_target_dag']) retrieved from /home/airflow/.local/lib/python3.6/site-packages/airflow/example_dags/example_trigger_target_dag.py
[2021-10-21 16:00:37,935] {logging_mixin.py:109} INFO - [2021-10-21 16:00:37,935] {dag.py:2389} INFO - Sync 1 DAGs
[2021-10-21 16:00:38,089] {logging_mixin.py:109} INFO - [2021-10-21 16:00:38,089] {dag.py:2914} INFO - Setting next_dagrun for example_trigger_target_dag to None
[2021-10-21 16:00:38,167] {processor.py:171} INFO - Processing /home/airflow/.local/lib/python3.6/site-packages/airflow/example_dags/example_trigger_target_dag.py took 1.351 seconds
[2021-10-21 16:01:08,308] {processor.py:163} INFO - Started process (PID=953) to work on /home/airflow/.local/lib/python3.6/site-packages/airflow/example_dags/example_trigger_target_dag.py
[2021-10-21 16:01:08,316] {processor.py:620} INFO - Processing file /home/airflow/.local/lib/python3.6/site-packages/airflow/example_dags/example_trigger_target_dag.py for tasks to queue
[2021-10-21 16:01:08,320] {logging_mixin.py:109} INFO - [2021-10-21 16:01:08,320] {dagbag.py:500} INFO - Filling up the DagBag from /home/airflow/.local/lib/python3.6/site-packages/airflow/example_dags/example_trigger_target_dag.py
[2021-10-21 16:01:08,395] {processor.py:632} INFO - DAG(s) dict_keys(['example_trigger_target_dag']) retrieved from /home/airflow/.local/lib/python3.6/site-packages/airflow/example_dags/example_trigger_target_dag.py
[2021-10-21 16:01:08,417] {logging_mixin.py:109} INFO - [2021-10-21 16:01:08,417] {dag.py:2389} INFO - Sync 1 DAGs
[2021-10-21 16:01:08,453] {logging_mixin.py:109} INFO - [2021-10-21 16:01:08,453] {dag.py:2914} INFO - Setting next_dagrun for example_trigger_target_dag to None
[2021-10-21 16:01:08,481] {processor.py:171} INFO - Processing /home/airflow/.local/lib/python3.6/site-packages/airflow/example_dags/example_trigger_target_dag.py took 0.190 seconds
[2021-10-21 16:01:39,496] {processor.py:163} INFO - Started process (PID=1010) to work on /home/airflow/.local/lib/python3.6/site-packages/airflow/example_dags/example_trigger_target_dag.py
[2021-10-21 16:01:39,506] {processor.py:620} INFO - Processing file /home/airflow/.local/lib/python3.6/site-packages/airflow/example_dags/example_trigger_target_dag.py for tasks to queue
[2021-10-21 16:01:39,511] {logging_mixin.py:109} INFO - [2021-10-21 16:01:39,510] {dagbag.py:500} INFO - Filling up the DagBag from /home/airflow/.local/lib/python3.6/site-packages/airflow/example_dags/example_trigger_target_dag.py
[2021-10-21 16:01:39,609] {processor.py:632} INFO - DAG(s) dict_keys(['example_trigger_target_dag']) retrieved from /home/airflow/.local/lib/python3.6/site-packages/airflow/example_dags/example_trigger_target_dag.py
[2021-10-21 16:01:39,673] {logging_mixin.py:109} INFO - [2021-10-21 16:01:39,673] {dag.py:2389} INFO - Sync 1 DAGs
[2021-10-21 16:01:39,749] {logging_mixin.py:109} INFO - [2021-10-21 16:01:39,749] {dag.py:2914} INFO - Setting next_dagrun for example_trigger_target_dag to None
[2021-10-21 16:01:39,790] {processor.py:171} INFO - Processing /home/airflow/.local/lib/python3.6/site-packages/airflow/example_dags/example_trigger_target_dag.py took 0.314 seconds
[2021-10-21 16:02:14,248] {processor.py:163} INFO - Started process (PID=1063) to work on /home/airflow/.local/lib/python3.6/site-packages/airflow/example_dags/example_trigger_target_dag.py
[2021-10-21 16:02:14,251] {processor.py:620} INFO - Processing file /home/airflow/.local/lib/python3.6/site-packages/airflow/example_dags/example_trigger_target_dag.py for tasks to queue
[2021-10-21 16:02:14,254] {logging_mixin.py:109} INFO - [2021-10-21 16:02:14,254] {dagbag.py:500} INFO - Filling up the DagBag from /home/airflow/.local/lib/python3.6/site-packages/airflow/example_dags/example_trigger_target_dag.py
[2021-10-21 16:02:14,366] {processor.py:632} INFO - DAG(s) dict_keys(['example_trigger_target_dag']) retrieved from /home/airflow/.local/lib/python3.6/site-packages/airflow/example_dags/example_trigger_target_dag.py
[2021-10-21 16:02:14,417] {logging_mixin.py:109} INFO - [2021-10-21 16:02:14,416] {dag.py:2389} INFO - Sync 1 DAGs
[2021-10-21 16:02:14,522] {logging_mixin.py:109} INFO - [2021-10-21 16:02:14,522] {dag.py:2914} INFO - Setting next_dagrun for example_trigger_target_dag to None
[2021-10-21 16:02:14,593] {processor.py:171} INFO - Processing /home/airflow/.local/lib/python3.6/site-packages/airflow/example_dags/example_trigger_target_dag.py took 0.362 seconds
[2021-10-21 16:02:44,784] {processor.py:163} INFO - Started process (PID=1115) to work on /home/airflow/.local/lib/python3.6/site-packages/airflow/example_dags/example_trigger_target_dag.py
[2021-10-21 16:02:44,788] {processor.py:620} INFO - Processing file /home/airflow/.local/lib/python3.6/site-packages/airflow/example_dags/example_trigger_target_dag.py for tasks to queue
[2021-10-21 16:02:44,790] {logging_mixin.py:109} INFO - [2021-10-21 16:02:44,789] {dagbag.py:500} INFO - Filling up the DagBag from /home/airflow/.local/lib/python3.6/site-packages/airflow/example_dags/example_trigger_target_dag.py
[2021-10-21 16:02:44,864] {processor.py:632} INFO - DAG(s) dict_keys(['example_trigger_target_dag']) retrieved from /home/airflow/.local/lib/python3.6/site-packages/airflow/example_dags/example_trigger_target_dag.py
[2021-10-21 16:02:44,888] {logging_mixin.py:109} INFO - [2021-10-21 16:02:44,888] {dag.py:2389} INFO - Sync 1 DAGs
[2021-10-21 16:02:44,920] {logging_mixin.py:109} INFO - [2021-10-21 16:02:44,920] {dag.py:2914} INFO - Setting next_dagrun for example_trigger_target_dag to None
[2021-10-21 16:02:44,943] {processor.py:171} INFO - Processing /home/airflow/.local/lib/python3.6/site-packages/airflow/example_dags/example_trigger_target_dag.py took 0.170 seconds
[2021-10-21 16:03:15,020] {processor.py:163} INFO - Started process (PID=1171) to work on /home/airflow/.local/lib/python3.6/site-packages/airflow/example_dags/example_trigger_target_dag.py
[2021-10-21 16:03:15,024] {processor.py:620} INFO - Processing file /home/airflow/.local/lib/python3.6/site-packages/airflow/example_dags/example_trigger_target_dag.py for tasks to queue
[2021-10-21 16:03:15,026] {logging_mixin.py:109} INFO - [2021-10-21 16:03:15,026] {dagbag.py:500} INFO - Filling up the DagBag from /home/airflow/.local/lib/python3.6/site-packages/airflow/example_dags/example_trigger_target_dag.py
[2021-10-21 16:03:15,059] {processor.py:632} INFO - DAG(s) dict_keys(['example_trigger_target_dag']) retrieved from /home/airflow/.local/lib/python3.6/site-packages/airflow/example_dags/example_trigger_target_dag.py
[2021-10-21 16:03:15,070] {logging_mixin.py:109} INFO - [2021-10-21 16:03:15,070] {dag.py:2389} INFO - Sync 1 DAGs
[2021-10-21 16:03:15,088] {logging_mixin.py:109} INFO - [2021-10-21 16:03:15,088] {dag.py:2914} INFO - Setting next_dagrun for example_trigger_target_dag to None
[2021-10-21 16:03:15,100] {processor.py:171} INFO - Processing /home/airflow/.local/lib/python3.6/site-packages/airflow/example_dags/example_trigger_target_dag.py took 0.086 seconds
[2021-10-21 16:03:45,615] {processor.py:163} INFO - Started process (PID=1230) to work on /home/airflow/.local/lib/python3.6/site-packages/airflow/example_dags/example_trigger_target_dag.py
[2021-10-21 16:03:45,617] {processor.py:620} INFO - Processing file /home/airflow/.local/lib/python3.6/site-packages/airflow/example_dags/example_trigger_target_dag.py for tasks to queue
[2021-10-21 16:03:45,621] {logging_mixin.py:109} INFO - [2021-10-21 16:03:45,620] {dagbag.py:500} INFO - Filling up the DagBag from /home/airflow/.local/lib/python3.6/site-packages/airflow/example_dags/example_trigger_target_dag.py
[2021-10-21 16:03:45,670] {processor.py:632} INFO - DAG(s) dict_keys(['example_trigger_target_dag']) retrieved from /home/airflow/.local/lib/python3.6/site-packages/airflow/example_dags/example_trigger_target_dag.py
[2021-10-21 16:03:45,683] {logging_mixin.py:109} INFO - [2021-10-21 16:03:45,683] {dag.py:2389} INFO - Sync 1 DAGs
[2021-10-21 16:03:45,705] {logging_mixin.py:109} INFO - [2021-10-21 16:03:45,705] {dag.py:2914} INFO - Setting next_dagrun for example_trigger_target_dag to None
[2021-10-21 16:03:45,719] {processor.py:171} INFO - Processing /home/airflow/.local/lib/python3.6/site-packages/airflow/example_dags/example_trigger_target_dag.py took 0.110 seconds
[2021-10-21 16:04:16,686] {processor.py:163} INFO - Started process (PID=1284) to work on /home/airflow/.local/lib/python3.6/site-packages/airflow/example_dags/example_trigger_target_dag.py
[2021-10-21 16:04:16,688] {processor.py:620} INFO - Processing file /home/airflow/.local/lib/python3.6/site-packages/airflow/example_dags/example_trigger_target_dag.py for tasks to queue
[2021-10-21 16:04:16,689] {logging_mixin.py:109} INFO - [2021-10-21 16:04:16,689] {dagbag.py:500} INFO - Filling up the DagBag from /home/airflow/.local/lib/python3.6/site-packages/airflow/example_dags/example_trigger_target_dag.py
[2021-10-21 16:04:16,732] {processor.py:632} INFO - DAG(s) dict_keys(['example_trigger_target_dag']) retrieved from /home/airflow/.local/lib/python3.6/site-packages/airflow/example_dags/example_trigger_target_dag.py
[2021-10-21 16:04:16,758] {logging_mixin.py:109} INFO - [2021-10-21 16:04:16,758] {dag.py:2389} INFO - Sync 1 DAGs
[2021-10-21 16:04:16,793] {logging_mixin.py:109} INFO - [2021-10-21 16:04:16,793] {dag.py:2914} INFO - Setting next_dagrun for example_trigger_target_dag to None
[2021-10-21 16:04:16,804] {processor.py:171} INFO - Processing /home/airflow/.local/lib/python3.6/site-packages/airflow/example_dags/example_trigger_target_dag.py took 0.126 seconds
[2021-10-21 16:04:47,507] {processor.py:163} INFO - Started process (PID=1338) to work on /home/airflow/.local/lib/python3.6/site-packages/airflow/example_dags/example_trigger_target_dag.py
[2021-10-21 16:04:47,510] {processor.py:620} INFO - Processing file /home/airflow/.local/lib/python3.6/site-packages/airflow/example_dags/example_trigger_target_dag.py for tasks to queue
[2021-10-21 16:04:47,513] {logging_mixin.py:109} INFO - [2021-10-21 16:04:47,512] {dagbag.py:500} INFO - Filling up the DagBag from /home/airflow/.local/lib/python3.6/site-packages/airflow/example_dags/example_trigger_target_dag.py
[2021-10-21 16:04:47,577] {processor.py:632} INFO - DAG(s) dict_keys(['example_trigger_target_dag']) retrieved from /home/airflow/.local/lib/python3.6/site-packages/airflow/example_dags/example_trigger_target_dag.py
[2021-10-21 16:04:47,595] {logging_mixin.py:109} INFO - [2021-10-21 16:04:47,595] {dag.py:2389} INFO - Sync 1 DAGs
[2021-10-21 16:04:47,621] {logging_mixin.py:109} INFO - [2021-10-21 16:04:47,621] {dag.py:2914} INFO - Setting next_dagrun for example_trigger_target_dag to None
[2021-10-21 16:04:47,638] {processor.py:171} INFO - Processing /home/airflow/.local/lib/python3.6/site-packages/airflow/example_dags/example_trigger_target_dag.py took 0.140 seconds
[2021-10-21 16:05:20,054] {processor.py:163} INFO - Started process (PID=1403) to work on /home/airflow/.local/lib/python3.6/site-packages/airflow/example_dags/example_trigger_target_dag.py
[2021-10-21 16:05:20,064] {processor.py:620} INFO - Processing file /home/airflow/.local/lib/python3.6/site-packages/airflow/example_dags/example_trigger_target_dag.py for tasks to queue
[2021-10-21 16:05:20,068] {logging_mixin.py:109} INFO - [2021-10-21 16:05:20,068] {dagbag.py:500} INFO - Filling up the DagBag from /home/airflow/.local/lib/python3.6/site-packages/airflow/example_dags/example_trigger_target_dag.py
[2021-10-21 16:05:20,186] {processor.py:632} INFO - DAG(s) dict_keys(['example_trigger_target_dag']) retrieved from /home/airflow/.local/lib/python3.6/site-packages/airflow/example_dags/example_trigger_target_dag.py
[2021-10-21 16:05:20,222] {logging_mixin.py:109} INFO - [2021-10-21 16:05:20,221] {dag.py:2389} INFO - Sync 1 DAGs
[2021-10-21 16:05:20,289] {logging_mixin.py:109} INFO - [2021-10-21 16:05:20,289] {dag.py:2914} INFO - Setting next_dagrun for example_trigger_target_dag to None
[2021-10-21 16:05:20,342] {processor.py:171} INFO - Processing /home/airflow/.local/lib/python3.6/site-packages/airflow/example_dags/example_trigger_target_dag.py took 0.302 seconds
[2021-10-21 16:05:51,204] {processor.py:163} INFO - Started process (PID=1458) to work on /home/airflow/.local/lib/python3.6/site-packages/airflow/example_dags/example_trigger_target_dag.py
[2021-10-21 16:05:51,209] {processor.py:620} INFO - Processing file /home/airflow/.local/lib/python3.6/site-packages/airflow/example_dags/example_trigger_target_dag.py for tasks to queue
[2021-10-21 16:05:51,212] {logging_mixin.py:109} INFO - [2021-10-21 16:05:51,212] {dagbag.py:500} INFO - Filling up the DagBag from /home/airflow/.local/lib/python3.6/site-packages/airflow/example_dags/example_trigger_target_dag.py
[2021-10-21 16:05:51,284] {processor.py:632} INFO - DAG(s) dict_keys(['example_trigger_target_dag']) retrieved from /home/airflow/.local/lib/python3.6/site-packages/airflow/example_dags/example_trigger_target_dag.py
[2021-10-21 16:05:51,329] {logging_mixin.py:109} INFO - [2021-10-21 16:05:51,328] {dag.py:2389} INFO - Sync 1 DAGs
[2021-10-21 16:05:51,400] {logging_mixin.py:109} INFO - [2021-10-21 16:05:51,399] {dag.py:2914} INFO - Setting next_dagrun for example_trigger_target_dag to None
[2021-10-21 16:05:51,412] {processor.py:171} INFO - Processing /home/airflow/.local/lib/python3.6/site-packages/airflow/example_dags/example_trigger_target_dag.py took 0.214 seconds
[2021-10-21 16:06:21,832] {processor.py:163} INFO - Started process (PID=1512) to work on /home/airflow/.local/lib/python3.6/site-packages/airflow/example_dags/example_trigger_target_dag.py
[2021-10-21 16:06:21,844] {processor.py:620} INFO - Processing file /home/airflow/.local/lib/python3.6/site-packages/airflow/example_dags/example_trigger_target_dag.py for tasks to queue
[2021-10-21 16:06:21,850] {logging_mixin.py:109} INFO - [2021-10-21 16:06:21,850] {dagbag.py:500} INFO - Filling up the DagBag from /home/airflow/.local/lib/python3.6/site-packages/airflow/example_dags/example_trigger_target_dag.py
[2021-10-21 16:06:21,913] {processor.py:632} INFO - DAG(s) dict_keys(['example_trigger_target_dag']) retrieved from /home/airflow/.local/lib/python3.6/site-packages/airflow/example_dags/example_trigger_target_dag.py
[2021-10-21 16:06:21,930] {logging_mixin.py:109} INFO - [2021-10-21 16:06:21,930] {dag.py:2389} INFO - Sync 1 DAGs
[2021-10-21 16:06:21,957] {logging_mixin.py:109} INFO - [2021-10-21 16:06:21,957] {dag.py:2914} INFO - Setting next_dagrun for example_trigger_target_dag to None
[2021-10-21 16:06:21,968] {processor.py:171} INFO - Processing /home/airflow/.local/lib/python3.6/site-packages/airflow/example_dags/example_trigger_target_dag.py took 0.148 seconds
[2021-10-21 16:06:52,659] {processor.py:163} INFO - Started process (PID=1580) to work on /home/airflow/.local/lib/python3.6/site-packages/airflow/example_dags/example_trigger_target_dag.py
[2021-10-21 16:06:52,671] {processor.py:620} INFO - Processing file /home/airflow/.local/lib/python3.6/site-packages/airflow/example_dags/example_trigger_target_dag.py for tasks to queue
[2021-10-21 16:06:52,674] {logging_mixin.py:109} INFO - [2021-10-21 16:06:52,674] {dagbag.py:500} INFO - Filling up the DagBag from /home/airflow/.local/lib/python3.6/site-packages/airflow/example_dags/example_trigger_target_dag.py
[2021-10-21 16:06:52,758] {processor.py:632} INFO - DAG(s) dict_keys(['example_trigger_target_dag']) retrieved from /home/airflow/.local/lib/python3.6/site-packages/airflow/example_dags/example_trigger_target_dag.py
[2021-10-21 16:06:52,785] {logging_mixin.py:109} INFO - [2021-10-21 16:06:52,784] {dag.py:2389} INFO - Sync 1 DAGs
[2021-10-21 16:06:52,822] {logging_mixin.py:109} INFO - [2021-10-21 16:06:52,821] {dag.py:2914} INFO - Setting next_dagrun for example_trigger_target_dag to None
[2021-10-21 16:06:52,861] {processor.py:171} INFO - Processing /home/airflow/.local/lib/python3.6/site-packages/airflow/example_dags/example_trigger_target_dag.py took 0.209 seconds
