[2021-10-21 15:53:21,615] {processor.py:163} INFO - Started process (PID=87) to work on /home/airflow/.local/lib/python3.6/site-packages/airflow/example_dags/example_kubernetes_executor_config.py
[2021-10-21 15:53:21,622] {processor.py:620} INFO - Processing file /home/airflow/.local/lib/python3.6/site-packages/airflow/example_dags/example_kubernetes_executor_config.py for tasks to queue
[2021-10-21 15:53:21,627] {logging_mixin.py:109} INFO - [2021-10-21 15:53:21,625] {dagbag.py:500} INFO - Filling up the DagBag from /home/airflow/.local/lib/python3.6/site-packages/airflow/example_dags/example_kubernetes_executor_config.py
[2021-10-21 15:53:21,692] {processor.py:632} INFO - DAG(s) dict_keys(['example_kubernetes_executor_config']) retrieved from /home/airflow/.local/lib/python3.6/site-packages/airflow/example_dags/example_kubernetes_executor_config.py
[2021-10-21 15:53:21,723] {logging_mixin.py:109} INFO - [2021-10-21 15:53:21,723] {dag.py:2389} INFO - Sync 1 DAGs
[2021-10-21 15:53:21,760] {logging_mixin.py:109} INFO - [2021-10-21 15:53:21,760] {dag.py:2914} INFO - Setting next_dagrun for example_kubernetes_executor_config to None
[2021-10-21 15:53:21,785] {processor.py:171} INFO - Processing /home/airflow/.local/lib/python3.6/site-packages/airflow/example_dags/example_kubernetes_executor_config.py took 0.182 seconds
[2021-10-21 15:53:52,778] {processor.py:163} INFO - Started process (PID=151) to work on /home/airflow/.local/lib/python3.6/site-packages/airflow/example_dags/example_kubernetes_executor_config.py
[2021-10-21 15:53:52,783] {processor.py:620} INFO - Processing file /home/airflow/.local/lib/python3.6/site-packages/airflow/example_dags/example_kubernetes_executor_config.py for tasks to queue
[2021-10-21 15:53:52,786] {logging_mixin.py:109} INFO - [2021-10-21 15:53:52,786] {dagbag.py:500} INFO - Filling up the DagBag from /home/airflow/.local/lib/python3.6/site-packages/airflow/example_dags/example_kubernetes_executor_config.py
[2021-10-21 15:53:52,860] {processor.py:632} INFO - DAG(s) dict_keys(['example_kubernetes_executor_config']) retrieved from /home/airflow/.local/lib/python3.6/site-packages/airflow/example_dags/example_kubernetes_executor_config.py
[2021-10-21 15:53:52,895] {logging_mixin.py:109} INFO - [2021-10-21 15:53:52,894] {dag.py:2389} INFO - Sync 1 DAGs
[2021-10-21 15:53:52,933] {logging_mixin.py:109} INFO - [2021-10-21 15:53:52,933] {dag.py:2914} INFO - Setting next_dagrun for example_kubernetes_executor_config to None
[2021-10-21 15:53:52,958] {processor.py:171} INFO - Processing /home/airflow/.local/lib/python3.6/site-packages/airflow/example_dags/example_kubernetes_executor_config.py took 0.191 seconds
[2021-10-21 15:54:23,944] {processor.py:163} INFO - Started process (PID=205) to work on /home/airflow/.local/lib/python3.6/site-packages/airflow/example_dags/example_kubernetes_executor_config.py
[2021-10-21 15:54:23,949] {processor.py:620} INFO - Processing file /home/airflow/.local/lib/python3.6/site-packages/airflow/example_dags/example_kubernetes_executor_config.py for tasks to queue
[2021-10-21 15:54:23,950] {logging_mixin.py:109} INFO - [2021-10-21 15:54:23,950] {dagbag.py:500} INFO - Filling up the DagBag from /home/airflow/.local/lib/python3.6/site-packages/airflow/example_dags/example_kubernetes_executor_config.py
[2021-10-21 15:54:24,047] {processor.py:632} INFO - DAG(s) dict_keys(['example_kubernetes_executor_config']) retrieved from /home/airflow/.local/lib/python3.6/site-packages/airflow/example_dags/example_kubernetes_executor_config.py
[2021-10-21 15:54:24,090] {logging_mixin.py:109} INFO - [2021-10-21 15:54:24,089] {dag.py:2389} INFO - Sync 1 DAGs
[2021-10-21 15:54:24,142] {logging_mixin.py:109} INFO - [2021-10-21 15:54:24,142] {dag.py:2914} INFO - Setting next_dagrun for example_kubernetes_executor_config to None
[2021-10-21 15:54:24,166] {processor.py:171} INFO - Processing /home/airflow/.local/lib/python3.6/site-packages/airflow/example_dags/example_kubernetes_executor_config.py took 0.228 seconds
[2021-10-21 15:54:54,681] {processor.py:163} INFO - Started process (PID=259) to work on /home/airflow/.local/lib/python3.6/site-packages/airflow/example_dags/example_kubernetes_executor_config.py
[2021-10-21 15:54:54,689] {processor.py:620} INFO - Processing file /home/airflow/.local/lib/python3.6/site-packages/airflow/example_dags/example_kubernetes_executor_config.py for tasks to queue
[2021-10-21 15:54:54,695] {logging_mixin.py:109} INFO - [2021-10-21 15:54:54,695] {dagbag.py:500} INFO - Filling up the DagBag from /home/airflow/.local/lib/python3.6/site-packages/airflow/example_dags/example_kubernetes_executor_config.py
[2021-10-21 15:54:54,882] {processor.py:632} INFO - DAG(s) dict_keys(['example_kubernetes_executor_config']) retrieved from /home/airflow/.local/lib/python3.6/site-packages/airflow/example_dags/example_kubernetes_executor_config.py
[2021-10-21 15:54:54,936] {logging_mixin.py:109} INFO - [2021-10-21 15:54:54,933] {dag.py:2389} INFO - Sync 1 DAGs
[2021-10-21 15:54:55,004] {logging_mixin.py:109} INFO - [2021-10-21 15:54:55,004] {dag.py:2914} INFO - Setting next_dagrun for example_kubernetes_executor_config to None
[2021-10-21 15:54:55,027] {processor.py:171} INFO - Processing /home/airflow/.local/lib/python3.6/site-packages/airflow/example_dags/example_kubernetes_executor_config.py took 0.355 seconds
[2021-10-21 15:55:25,729] {processor.py:163} INFO - Started process (PID=313) to work on /home/airflow/.local/lib/python3.6/site-packages/airflow/example_dags/example_kubernetes_executor_config.py
[2021-10-21 15:55:25,734] {processor.py:620} INFO - Processing file /home/airflow/.local/lib/python3.6/site-packages/airflow/example_dags/example_kubernetes_executor_config.py for tasks to queue
[2021-10-21 15:55:25,741] {logging_mixin.py:109} INFO - [2021-10-21 15:55:25,741] {dagbag.py:500} INFO - Filling up the DagBag from /home/airflow/.local/lib/python3.6/site-packages/airflow/example_dags/example_kubernetes_executor_config.py
[2021-10-21 15:55:25,800] {processor.py:632} INFO - DAG(s) dict_keys(['example_kubernetes_executor_config']) retrieved from /home/airflow/.local/lib/python3.6/site-packages/airflow/example_dags/example_kubernetes_executor_config.py
[2021-10-21 15:55:25,817] {logging_mixin.py:109} INFO - [2021-10-21 15:55:25,816] {dag.py:2389} INFO - Sync 1 DAGs
[2021-10-21 15:55:25,838] {logging_mixin.py:109} INFO - [2021-10-21 15:55:25,837] {dag.py:2914} INFO - Setting next_dagrun for example_kubernetes_executor_config to None
[2021-10-21 15:55:25,849] {processor.py:171} INFO - Processing /home/airflow/.local/lib/python3.6/site-packages/airflow/example_dags/example_kubernetes_executor_config.py took 0.134 seconds
[2021-10-21 15:55:56,459] {processor.py:163} INFO - Started process (PID=367) to work on /home/airflow/.local/lib/python3.6/site-packages/airflow/example_dags/example_kubernetes_executor_config.py
[2021-10-21 15:55:56,462] {processor.py:620} INFO - Processing file /home/airflow/.local/lib/python3.6/site-packages/airflow/example_dags/example_kubernetes_executor_config.py for tasks to queue
[2021-10-21 15:55:56,463] {logging_mixin.py:109} INFO - [2021-10-21 15:55:56,463] {dagbag.py:500} INFO - Filling up the DagBag from /home/airflow/.local/lib/python3.6/site-packages/airflow/example_dags/example_kubernetes_executor_config.py
[2021-10-21 15:55:56,498] {processor.py:632} INFO - DAG(s) dict_keys(['example_kubernetes_executor_config']) retrieved from /home/airflow/.local/lib/python3.6/site-packages/airflow/example_dags/example_kubernetes_executor_config.py
[2021-10-21 15:55:56,511] {logging_mixin.py:109} INFO - [2021-10-21 15:55:56,510] {dag.py:2389} INFO - Sync 1 DAGs
[2021-10-21 15:55:56,526] {logging_mixin.py:109} INFO - [2021-10-21 15:55:56,526] {dag.py:2914} INFO - Setting next_dagrun for example_kubernetes_executor_config to None
[2021-10-21 15:55:56,538] {processor.py:171} INFO - Processing /home/airflow/.local/lib/python3.6/site-packages/airflow/example_dags/example_kubernetes_executor_config.py took 0.086 seconds
[2021-10-21 15:56:27,631] {processor.py:163} INFO - Started process (PID=434) to work on /home/airflow/.local/lib/python3.6/site-packages/airflow/example_dags/example_kubernetes_executor_config.py
[2021-10-21 15:56:27,634] {processor.py:620} INFO - Processing file /home/airflow/.local/lib/python3.6/site-packages/airflow/example_dags/example_kubernetes_executor_config.py for tasks to queue
[2021-10-21 15:56:27,635] {logging_mixin.py:109} INFO - [2021-10-21 15:56:27,635] {dagbag.py:500} INFO - Filling up the DagBag from /home/airflow/.local/lib/python3.6/site-packages/airflow/example_dags/example_kubernetes_executor_config.py
[2021-10-21 15:56:27,671] {processor.py:632} INFO - DAG(s) dict_keys(['example_kubernetes_executor_config']) retrieved from /home/airflow/.local/lib/python3.6/site-packages/airflow/example_dags/example_kubernetes_executor_config.py
[2021-10-21 15:56:27,692] {logging_mixin.py:109} INFO - [2021-10-21 15:56:27,691] {dag.py:2389} INFO - Sync 1 DAGs
[2021-10-21 15:56:27,718] {logging_mixin.py:109} INFO - [2021-10-21 15:56:27,718] {dag.py:2914} INFO - Setting next_dagrun for example_kubernetes_executor_config to None
[2021-10-21 15:56:27,729] {processor.py:171} INFO - Processing /home/airflow/.local/lib/python3.6/site-packages/airflow/example_dags/example_kubernetes_executor_config.py took 0.106 seconds
[2021-10-21 15:56:58,295] {processor.py:163} INFO - Started process (PID=491) to work on /home/airflow/.local/lib/python3.6/site-packages/airflow/example_dags/example_kubernetes_executor_config.py
[2021-10-21 15:56:58,297] {processor.py:620} INFO - Processing file /home/airflow/.local/lib/python3.6/site-packages/airflow/example_dags/example_kubernetes_executor_config.py for tasks to queue
[2021-10-21 15:56:58,299] {logging_mixin.py:109} INFO - [2021-10-21 15:56:58,299] {dagbag.py:500} INFO - Filling up the DagBag from /home/airflow/.local/lib/python3.6/site-packages/airflow/example_dags/example_kubernetes_executor_config.py
[2021-10-21 15:56:58,342] {processor.py:632} INFO - DAG(s) dict_keys(['example_kubernetes_executor_config']) retrieved from /home/airflow/.local/lib/python3.6/site-packages/airflow/example_dags/example_kubernetes_executor_config.py
[2021-10-21 15:56:58,354] {logging_mixin.py:109} INFO - [2021-10-21 15:56:58,354] {dag.py:2389} INFO - Sync 1 DAGs
[2021-10-21 15:56:58,373] {logging_mixin.py:109} INFO - [2021-10-21 15:56:58,373] {dag.py:2914} INFO - Setting next_dagrun for example_kubernetes_executor_config to None
[2021-10-21 15:56:58,387] {processor.py:171} INFO - Processing /home/airflow/.local/lib/python3.6/site-packages/airflow/example_dags/example_kubernetes_executor_config.py took 0.096 seconds
[2021-10-21 15:57:32,971] {processor.py:163} INFO - Started process (PID=557) to work on /home/airflow/.local/lib/python3.6/site-packages/airflow/example_dags/example_kubernetes_executor_config.py
[2021-10-21 15:57:32,993] {processor.py:620} INFO - Processing file /home/airflow/.local/lib/python3.6/site-packages/airflow/example_dags/example_kubernetes_executor_config.py for tasks to queue
[2021-10-21 15:57:32,998] {logging_mixin.py:109} INFO - [2021-10-21 15:57:32,998] {dagbag.py:500} INFO - Filling up the DagBag from /home/airflow/.local/lib/python3.6/site-packages/airflow/example_dags/example_kubernetes_executor_config.py
[2021-10-21 15:57:33,200] {processor.py:632} INFO - DAG(s) dict_keys(['example_kubernetes_executor_config']) retrieved from /home/airflow/.local/lib/python3.6/site-packages/airflow/example_dags/example_kubernetes_executor_config.py
[2021-10-21 15:57:33,272] {logging_mixin.py:109} INFO - [2021-10-21 15:57:33,271] {dag.py:2389} INFO - Sync 1 DAGs
[2021-10-21 15:57:33,568] {logging_mixin.py:109} INFO - [2021-10-21 15:57:33,561] {dag.py:2914} INFO - Setting next_dagrun for example_kubernetes_executor_config to None
[2021-10-21 15:57:33,622] {processor.py:171} INFO - Processing /home/airflow/.local/lib/python3.6/site-packages/airflow/example_dags/example_kubernetes_executor_config.py took 0.833 seconds
[2021-10-21 15:58:04,167] {processor.py:163} INFO - Started process (PID=615) to work on /home/airflow/.local/lib/python3.6/site-packages/airflow/example_dags/example_kubernetes_executor_config.py
[2021-10-21 15:58:04,175] {processor.py:620} INFO - Processing file /home/airflow/.local/lib/python3.6/site-packages/airflow/example_dags/example_kubernetes_executor_config.py for tasks to queue
[2021-10-21 15:58:04,180] {logging_mixin.py:109} INFO - [2021-10-21 15:58:04,179] {dagbag.py:500} INFO - Filling up the DagBag from /home/airflow/.local/lib/python3.6/site-packages/airflow/example_dags/example_kubernetes_executor_config.py
[2021-10-21 15:58:04,317] {processor.py:632} INFO - DAG(s) dict_keys(['example_kubernetes_executor_config']) retrieved from /home/airflow/.local/lib/python3.6/site-packages/airflow/example_dags/example_kubernetes_executor_config.py
[2021-10-21 15:58:04,344] {logging_mixin.py:109} INFO - [2021-10-21 15:58:04,343] {dag.py:2389} INFO - Sync 1 DAGs
[2021-10-21 15:58:04,363] {logging_mixin.py:109} INFO - [2021-10-21 15:58:04,363] {dag.py:2914} INFO - Setting next_dagrun for example_kubernetes_executor_config to None
[2021-10-21 15:58:04,373] {processor.py:171} INFO - Processing /home/airflow/.local/lib/python3.6/site-packages/airflow/example_dags/example_kubernetes_executor_config.py took 0.226 seconds
[2021-10-21 15:58:34,469] {processor.py:163} INFO - Started process (PID=670) to work on /home/airflow/.local/lib/python3.6/site-packages/airflow/example_dags/example_kubernetes_executor_config.py
[2021-10-21 15:58:34,473] {processor.py:620} INFO - Processing file /home/airflow/.local/lib/python3.6/site-packages/airflow/example_dags/example_kubernetes_executor_config.py for tasks to queue
[2021-10-21 15:58:34,475] {logging_mixin.py:109} INFO - [2021-10-21 15:58:34,474] {dagbag.py:500} INFO - Filling up the DagBag from /home/airflow/.local/lib/python3.6/site-packages/airflow/example_dags/example_kubernetes_executor_config.py
[2021-10-21 15:58:34,539] {processor.py:632} INFO - DAG(s) dict_keys(['example_kubernetes_executor_config']) retrieved from /home/airflow/.local/lib/python3.6/site-packages/airflow/example_dags/example_kubernetes_executor_config.py
[2021-10-21 15:58:34,566] {logging_mixin.py:109} INFO - [2021-10-21 15:58:34,566] {dag.py:2389} INFO - Sync 1 DAGs
[2021-10-21 15:58:34,586] {logging_mixin.py:109} INFO - [2021-10-21 15:58:34,586] {dag.py:2914} INFO - Setting next_dagrun for example_kubernetes_executor_config to None
[2021-10-21 15:58:34,595] {processor.py:171} INFO - Processing /home/airflow/.local/lib/python3.6/site-packages/airflow/example_dags/example_kubernetes_executor_config.py took 0.130 seconds
[2021-10-21 15:59:04,706] {processor.py:163} INFO - Started process (PID=724) to work on /home/airflow/.local/lib/python3.6/site-packages/airflow/example_dags/example_kubernetes_executor_config.py
[2021-10-21 15:59:04,711] {processor.py:620} INFO - Processing file /home/airflow/.local/lib/python3.6/site-packages/airflow/example_dags/example_kubernetes_executor_config.py for tasks to queue
[2021-10-21 15:59:04,712] {logging_mixin.py:109} INFO - [2021-10-21 15:59:04,712] {dagbag.py:500} INFO - Filling up the DagBag from /home/airflow/.local/lib/python3.6/site-packages/airflow/example_dags/example_kubernetes_executor_config.py
[2021-10-21 15:59:04,757] {processor.py:632} INFO - DAG(s) dict_keys(['example_kubernetes_executor_config']) retrieved from /home/airflow/.local/lib/python3.6/site-packages/airflow/example_dags/example_kubernetes_executor_config.py
[2021-10-21 15:59:04,774] {logging_mixin.py:109} INFO - [2021-10-21 15:59:04,774] {dag.py:2389} INFO - Sync 1 DAGs
[2021-10-21 15:59:04,802] {logging_mixin.py:109} INFO - [2021-10-21 15:59:04,802] {dag.py:2914} INFO - Setting next_dagrun for example_kubernetes_executor_config to None
[2021-10-21 15:59:04,817] {processor.py:171} INFO - Processing /home/airflow/.local/lib/python3.6/site-packages/airflow/example_dags/example_kubernetes_executor_config.py took 0.125 seconds
[2021-10-21 15:59:35,531] {processor.py:163} INFO - Started process (PID=779) to work on /home/airflow/.local/lib/python3.6/site-packages/airflow/example_dags/example_kubernetes_executor_config.py
[2021-10-21 15:59:35,537] {processor.py:620} INFO - Processing file /home/airflow/.local/lib/python3.6/site-packages/airflow/example_dags/example_kubernetes_executor_config.py for tasks to queue
[2021-10-21 15:59:35,539] {logging_mixin.py:109} INFO - [2021-10-21 15:59:35,539] {dagbag.py:500} INFO - Filling up the DagBag from /home/airflow/.local/lib/python3.6/site-packages/airflow/example_dags/example_kubernetes_executor_config.py
[2021-10-21 15:59:35,598] {processor.py:632} INFO - DAG(s) dict_keys(['example_kubernetes_executor_config']) retrieved from /home/airflow/.local/lib/python3.6/site-packages/airflow/example_dags/example_kubernetes_executor_config.py
[2021-10-21 15:59:35,631] {logging_mixin.py:109} INFO - [2021-10-21 15:59:35,631] {dag.py:2389} INFO - Sync 1 DAGs
[2021-10-21 15:59:35,685] {logging_mixin.py:109} INFO - [2021-10-21 15:59:35,685] {dag.py:2914} INFO - Setting next_dagrun for example_kubernetes_executor_config to None
[2021-10-21 15:59:35,710] {processor.py:171} INFO - Processing /home/airflow/.local/lib/python3.6/site-packages/airflow/example_dags/example_kubernetes_executor_config.py took 0.183 seconds
[2021-10-21 16:00:06,287] {processor.py:163} INFO - Started process (PID=849) to work on /home/airflow/.local/lib/python3.6/site-packages/airflow/example_dags/example_kubernetes_executor_config.py
[2021-10-21 16:00:06,298] {processor.py:620} INFO - Processing file /home/airflow/.local/lib/python3.6/site-packages/airflow/example_dags/example_kubernetes_executor_config.py for tasks to queue
[2021-10-21 16:00:06,302] {logging_mixin.py:109} INFO - [2021-10-21 16:00:06,302] {dagbag.py:500} INFO - Filling up the DagBag from /home/airflow/.local/lib/python3.6/site-packages/airflow/example_dags/example_kubernetes_executor_config.py
[2021-10-21 16:00:06,508] {processor.py:632} INFO - DAG(s) dict_keys(['example_kubernetes_executor_config']) retrieved from /home/airflow/.local/lib/python3.6/site-packages/airflow/example_dags/example_kubernetes_executor_config.py
[2021-10-21 16:00:06,554] {logging_mixin.py:109} INFO - [2021-10-21 16:00:06,554] {dag.py:2389} INFO - Sync 1 DAGs
[2021-10-21 16:00:06,612] {logging_mixin.py:109} INFO - [2021-10-21 16:00:06,612] {dag.py:2914} INFO - Setting next_dagrun for example_kubernetes_executor_config to None
[2021-10-21 16:00:06,696] {processor.py:171} INFO - Processing /home/airflow/.local/lib/python3.6/site-packages/airflow/example_dags/example_kubernetes_executor_config.py took 0.438 seconds
[2021-10-21 16:00:39,553] {processor.py:163} INFO - Started process (PID=904) to work on /home/airflow/.local/lib/python3.6/site-packages/airflow/example_dags/example_kubernetes_executor_config.py
[2021-10-21 16:00:39,561] {processor.py:620} INFO - Processing file /home/airflow/.local/lib/python3.6/site-packages/airflow/example_dags/example_kubernetes_executor_config.py for tasks to queue
[2021-10-21 16:00:39,564] {logging_mixin.py:109} INFO - [2021-10-21 16:00:39,563] {dagbag.py:500} INFO - Filling up the DagBag from /home/airflow/.local/lib/python3.6/site-packages/airflow/example_dags/example_kubernetes_executor_config.py
[2021-10-21 16:00:39,761] {processor.py:632} INFO - DAG(s) dict_keys(['example_kubernetes_executor_config']) retrieved from /home/airflow/.local/lib/python3.6/site-packages/airflow/example_dags/example_kubernetes_executor_config.py
[2021-10-21 16:00:39,848] {logging_mixin.py:109} INFO - [2021-10-21 16:00:39,845] {dag.py:2389} INFO - Sync 1 DAGs
[2021-10-21 16:00:40,123] {logging_mixin.py:109} INFO - [2021-10-21 16:00:40,120] {dag.py:2914} INFO - Setting next_dagrun for example_kubernetes_executor_config to None
[2021-10-21 16:00:40,199] {processor.py:171} INFO - Processing /home/airflow/.local/lib/python3.6/site-packages/airflow/example_dags/example_kubernetes_executor_config.py took 0.665 seconds
[2021-10-21 16:01:10,961] {processor.py:163} INFO - Started process (PID=958) to work on /home/airflow/.local/lib/python3.6/site-packages/airflow/example_dags/example_kubernetes_executor_config.py
[2021-10-21 16:01:10,969] {processor.py:620} INFO - Processing file /home/airflow/.local/lib/python3.6/site-packages/airflow/example_dags/example_kubernetes_executor_config.py for tasks to queue
[2021-10-21 16:01:10,971] {logging_mixin.py:109} INFO - [2021-10-21 16:01:10,971] {dagbag.py:500} INFO - Filling up the DagBag from /home/airflow/.local/lib/python3.6/site-packages/airflow/example_dags/example_kubernetes_executor_config.py
[2021-10-21 16:01:11,034] {processor.py:632} INFO - DAG(s) dict_keys(['example_kubernetes_executor_config']) retrieved from /home/airflow/.local/lib/python3.6/site-packages/airflow/example_dags/example_kubernetes_executor_config.py
[2021-10-21 16:01:11,102] {logging_mixin.py:109} INFO - [2021-10-21 16:01:11,102] {dag.py:2389} INFO - Sync 1 DAGs
[2021-10-21 16:01:11,217] {logging_mixin.py:109} INFO - [2021-10-21 16:01:11,217] {dag.py:2914} INFO - Setting next_dagrun for example_kubernetes_executor_config to None
[2021-10-21 16:01:11,269] {processor.py:171} INFO - Processing /home/airflow/.local/lib/python3.6/site-packages/airflow/example_dags/example_kubernetes_executor_config.py took 0.314 seconds
[2021-10-21 16:01:41,944] {processor.py:163} INFO - Started process (PID=1014) to work on /home/airflow/.local/lib/python3.6/site-packages/airflow/example_dags/example_kubernetes_executor_config.py
[2021-10-21 16:01:41,949] {processor.py:620} INFO - Processing file /home/airflow/.local/lib/python3.6/site-packages/airflow/example_dags/example_kubernetes_executor_config.py for tasks to queue
[2021-10-21 16:01:41,958] {logging_mixin.py:109} INFO - [2021-10-21 16:01:41,951] {dagbag.py:500} INFO - Filling up the DagBag from /home/airflow/.local/lib/python3.6/site-packages/airflow/example_dags/example_kubernetes_executor_config.py
[2021-10-21 16:01:42,079] {processor.py:632} INFO - DAG(s) dict_keys(['example_kubernetes_executor_config']) retrieved from /home/airflow/.local/lib/python3.6/site-packages/airflow/example_dags/example_kubernetes_executor_config.py
[2021-10-21 16:01:42,146] {logging_mixin.py:109} INFO - [2021-10-21 16:01:42,146] {dag.py:2389} INFO - Sync 1 DAGs
[2021-10-21 16:01:42,214] {logging_mixin.py:109} INFO - [2021-10-21 16:01:42,214] {dag.py:2914} INFO - Setting next_dagrun for example_kubernetes_executor_config to None
[2021-10-21 16:01:42,234] {processor.py:171} INFO - Processing /home/airflow/.local/lib/python3.6/site-packages/airflow/example_dags/example_kubernetes_executor_config.py took 0.308 seconds
[2021-10-21 16:02:15,338] {processor.py:163} INFO - Started process (PID=1068) to work on /home/airflow/.local/lib/python3.6/site-packages/airflow/example_dags/example_kubernetes_executor_config.py
[2021-10-21 16:02:15,340] {processor.py:620} INFO - Processing file /home/airflow/.local/lib/python3.6/site-packages/airflow/example_dags/example_kubernetes_executor_config.py for tasks to queue
[2021-10-21 16:02:15,342] {logging_mixin.py:109} INFO - [2021-10-21 16:02:15,342] {dagbag.py:500} INFO - Filling up the DagBag from /home/airflow/.local/lib/python3.6/site-packages/airflow/example_dags/example_kubernetes_executor_config.py
[2021-10-21 16:02:15,455] {processor.py:632} INFO - DAG(s) dict_keys(['example_kubernetes_executor_config']) retrieved from /home/airflow/.local/lib/python3.6/site-packages/airflow/example_dags/example_kubernetes_executor_config.py
[2021-10-21 16:02:15,552] {logging_mixin.py:109} INFO - [2021-10-21 16:02:15,552] {dag.py:2389} INFO - Sync 1 DAGs
[2021-10-21 16:02:15,696] {logging_mixin.py:109} INFO - [2021-10-21 16:02:15,696] {dag.py:2914} INFO - Setting next_dagrun for example_kubernetes_executor_config to None
[2021-10-21 16:02:15,732] {processor.py:171} INFO - Processing /home/airflow/.local/lib/python3.6/site-packages/airflow/example_dags/example_kubernetes_executor_config.py took 0.412 seconds
[2021-10-21 16:02:46,065] {processor.py:163} INFO - Started process (PID=1120) to work on /home/airflow/.local/lib/python3.6/site-packages/airflow/example_dags/example_kubernetes_executor_config.py
[2021-10-21 16:02:46,071] {processor.py:620} INFO - Processing file /home/airflow/.local/lib/python3.6/site-packages/airflow/example_dags/example_kubernetes_executor_config.py for tasks to queue
[2021-10-21 16:02:46,074] {logging_mixin.py:109} INFO - [2021-10-21 16:02:46,073] {dagbag.py:500} INFO - Filling up the DagBag from /home/airflow/.local/lib/python3.6/site-packages/airflow/example_dags/example_kubernetes_executor_config.py
[2021-10-21 16:02:46,186] {processor.py:632} INFO - DAG(s) dict_keys(['example_kubernetes_executor_config']) retrieved from /home/airflow/.local/lib/python3.6/site-packages/airflow/example_dags/example_kubernetes_executor_config.py
[2021-10-21 16:02:46,287] {logging_mixin.py:109} INFO - [2021-10-21 16:02:46,287] {dag.py:2389} INFO - Sync 1 DAGs
[2021-10-21 16:02:46,376] {logging_mixin.py:109} INFO - [2021-10-21 16:02:46,376] {dag.py:2914} INFO - Setting next_dagrun for example_kubernetes_executor_config to None
[2021-10-21 16:02:46,444] {processor.py:171} INFO - Processing /home/airflow/.local/lib/python3.6/site-packages/airflow/example_dags/example_kubernetes_executor_config.py took 0.397 seconds
[2021-10-21 16:03:17,346] {processor.py:163} INFO - Started process (PID=1175) to work on /home/airflow/.local/lib/python3.6/site-packages/airflow/example_dags/example_kubernetes_executor_config.py
[2021-10-21 16:03:17,348] {processor.py:620} INFO - Processing file /home/airflow/.local/lib/python3.6/site-packages/airflow/example_dags/example_kubernetes_executor_config.py for tasks to queue
[2021-10-21 16:03:17,350] {logging_mixin.py:109} INFO - [2021-10-21 16:03:17,350] {dagbag.py:500} INFO - Filling up the DagBag from /home/airflow/.local/lib/python3.6/site-packages/airflow/example_dags/example_kubernetes_executor_config.py
[2021-10-21 16:03:17,399] {processor.py:632} INFO - DAG(s) dict_keys(['example_kubernetes_executor_config']) retrieved from /home/airflow/.local/lib/python3.6/site-packages/airflow/example_dags/example_kubernetes_executor_config.py
[2021-10-21 16:03:17,421] {logging_mixin.py:109} INFO - [2021-10-21 16:03:17,421] {dag.py:2389} INFO - Sync 1 DAGs
[2021-10-21 16:03:17,442] {logging_mixin.py:109} INFO - [2021-10-21 16:03:17,442] {dag.py:2914} INFO - Setting next_dagrun for example_kubernetes_executor_config to None
[2021-10-21 16:03:17,456] {processor.py:171} INFO - Processing /home/airflow/.local/lib/python3.6/site-packages/airflow/example_dags/example_kubernetes_executor_config.py took 0.114 seconds
[2021-10-21 16:03:47,863] {processor.py:163} INFO - Started process (PID=1234) to work on /home/airflow/.local/lib/python3.6/site-packages/airflow/example_dags/example_kubernetes_executor_config.py
[2021-10-21 16:03:47,866] {processor.py:620} INFO - Processing file /home/airflow/.local/lib/python3.6/site-packages/airflow/example_dags/example_kubernetes_executor_config.py for tasks to queue
[2021-10-21 16:03:47,868] {logging_mixin.py:109} INFO - [2021-10-21 16:03:47,868] {dagbag.py:500} INFO - Filling up the DagBag from /home/airflow/.local/lib/python3.6/site-packages/airflow/example_dags/example_kubernetes_executor_config.py
[2021-10-21 16:03:47,914] {processor.py:632} INFO - DAG(s) dict_keys(['example_kubernetes_executor_config']) retrieved from /home/airflow/.local/lib/python3.6/site-packages/airflow/example_dags/example_kubernetes_executor_config.py
[2021-10-21 16:03:47,940] {logging_mixin.py:109} INFO - [2021-10-21 16:03:47,939] {dag.py:2389} INFO - Sync 1 DAGs
[2021-10-21 16:03:47,974] {logging_mixin.py:109} INFO - [2021-10-21 16:03:47,973] {dag.py:2914} INFO - Setting next_dagrun for example_kubernetes_executor_config to None
[2021-10-21 16:03:47,987] {processor.py:171} INFO - Processing /home/airflow/.local/lib/python3.6/site-packages/airflow/example_dags/example_kubernetes_executor_config.py took 0.129 seconds
[2021-10-21 16:04:18,080] {processor.py:163} INFO - Started process (PID=1288) to work on /home/airflow/.local/lib/python3.6/site-packages/airflow/example_dags/example_kubernetes_executor_config.py
[2021-10-21 16:04:18,084] {processor.py:620} INFO - Processing file /home/airflow/.local/lib/python3.6/site-packages/airflow/example_dags/example_kubernetes_executor_config.py for tasks to queue
[2021-10-21 16:04:18,086] {logging_mixin.py:109} INFO - [2021-10-21 16:04:18,086] {dagbag.py:500} INFO - Filling up the DagBag from /home/airflow/.local/lib/python3.6/site-packages/airflow/example_dags/example_kubernetes_executor_config.py
[2021-10-21 16:04:18,147] {processor.py:632} INFO - DAG(s) dict_keys(['example_kubernetes_executor_config']) retrieved from /home/airflow/.local/lib/python3.6/site-packages/airflow/example_dags/example_kubernetes_executor_config.py
[2021-10-21 16:04:18,178] {logging_mixin.py:109} INFO - [2021-10-21 16:04:18,178] {dag.py:2389} INFO - Sync 1 DAGs
[2021-10-21 16:04:18,222] {logging_mixin.py:109} INFO - [2021-10-21 16:04:18,222] {dag.py:2914} INFO - Setting next_dagrun for example_kubernetes_executor_config to None
[2021-10-21 16:04:18,242] {processor.py:171} INFO - Processing /home/airflow/.local/lib/python3.6/site-packages/airflow/example_dags/example_kubernetes_executor_config.py took 0.168 seconds
[2021-10-21 16:04:48,832] {processor.py:163} INFO - Started process (PID=1342) to work on /home/airflow/.local/lib/python3.6/site-packages/airflow/example_dags/example_kubernetes_executor_config.py
[2021-10-21 16:04:48,834] {processor.py:620} INFO - Processing file /home/airflow/.local/lib/python3.6/site-packages/airflow/example_dags/example_kubernetes_executor_config.py for tasks to queue
[2021-10-21 16:04:48,836] {logging_mixin.py:109} INFO - [2021-10-21 16:04:48,836] {dagbag.py:500} INFO - Filling up the DagBag from /home/airflow/.local/lib/python3.6/site-packages/airflow/example_dags/example_kubernetes_executor_config.py
[2021-10-21 16:04:48,874] {processor.py:632} INFO - DAG(s) dict_keys(['example_kubernetes_executor_config']) retrieved from /home/airflow/.local/lib/python3.6/site-packages/airflow/example_dags/example_kubernetes_executor_config.py
[2021-10-21 16:04:48,892] {logging_mixin.py:109} INFO - [2021-10-21 16:04:48,892] {dag.py:2389} INFO - Sync 1 DAGs
[2021-10-21 16:04:48,917] {logging_mixin.py:109} INFO - [2021-10-21 16:04:48,917] {dag.py:2914} INFO - Setting next_dagrun for example_kubernetes_executor_config to None
[2021-10-21 16:04:48,937] {processor.py:171} INFO - Processing /home/airflow/.local/lib/python3.6/site-packages/airflow/example_dags/example_kubernetes_executor_config.py took 0.111 seconds
[2021-10-21 16:05:21,097] {processor.py:163} INFO - Started process (PID=1407) to work on /home/airflow/.local/lib/python3.6/site-packages/airflow/example_dags/example_kubernetes_executor_config.py
[2021-10-21 16:05:21,105] {processor.py:620} INFO - Processing file /home/airflow/.local/lib/python3.6/site-packages/airflow/example_dags/example_kubernetes_executor_config.py for tasks to queue
[2021-10-21 16:05:21,108] {logging_mixin.py:109} INFO - [2021-10-21 16:05:21,108] {dagbag.py:500} INFO - Filling up the DagBag from /home/airflow/.local/lib/python3.6/site-packages/airflow/example_dags/example_kubernetes_executor_config.py
[2021-10-21 16:05:21,242] {processor.py:632} INFO - DAG(s) dict_keys(['example_kubernetes_executor_config']) retrieved from /home/airflow/.local/lib/python3.6/site-packages/airflow/example_dags/example_kubernetes_executor_config.py
[2021-10-21 16:05:21,273] {logging_mixin.py:109} INFO - [2021-10-21 16:05:21,273] {dag.py:2389} INFO - Sync 1 DAGs
[2021-10-21 16:05:21,315] {logging_mixin.py:109} INFO - [2021-10-21 16:05:21,315] {dag.py:2914} INFO - Setting next_dagrun for example_kubernetes_executor_config to None
[2021-10-21 16:05:21,330] {processor.py:171} INFO - Processing /home/airflow/.local/lib/python3.6/site-packages/airflow/example_dags/example_kubernetes_executor_config.py took 0.253 seconds
[2021-10-21 16:05:51,605] {processor.py:163} INFO - Started process (PID=1462) to work on /home/airflow/.local/lib/python3.6/site-packages/airflow/example_dags/example_kubernetes_executor_config.py
[2021-10-21 16:05:51,608] {processor.py:620} INFO - Processing file /home/airflow/.local/lib/python3.6/site-packages/airflow/example_dags/example_kubernetes_executor_config.py for tasks to queue
[2021-10-21 16:05:51,610] {logging_mixin.py:109} INFO - [2021-10-21 16:05:51,610] {dagbag.py:500} INFO - Filling up the DagBag from /home/airflow/.local/lib/python3.6/site-packages/airflow/example_dags/example_kubernetes_executor_config.py
[2021-10-21 16:05:51,644] {processor.py:632} INFO - DAG(s) dict_keys(['example_kubernetes_executor_config']) retrieved from /home/airflow/.local/lib/python3.6/site-packages/airflow/example_dags/example_kubernetes_executor_config.py
[2021-10-21 16:05:51,660] {logging_mixin.py:109} INFO - [2021-10-21 16:05:51,660] {dag.py:2389} INFO - Sync 1 DAGs
[2021-10-21 16:05:51,684] {logging_mixin.py:109} INFO - [2021-10-21 16:05:51,684] {dag.py:2914} INFO - Setting next_dagrun for example_kubernetes_executor_config to None
[2021-10-21 16:05:51,700] {processor.py:171} INFO - Processing /home/airflow/.local/lib/python3.6/site-packages/airflow/example_dags/example_kubernetes_executor_config.py took 0.099 seconds
[2021-10-21 16:06:22,220] {processor.py:163} INFO - Started process (PID=1516) to work on /home/airflow/.local/lib/python3.6/site-packages/airflow/example_dags/example_kubernetes_executor_config.py
[2021-10-21 16:06:22,229] {processor.py:620} INFO - Processing file /home/airflow/.local/lib/python3.6/site-packages/airflow/example_dags/example_kubernetes_executor_config.py for tasks to queue
[2021-10-21 16:06:22,231] {logging_mixin.py:109} INFO - [2021-10-21 16:06:22,230] {dagbag.py:500} INFO - Filling up the DagBag from /home/airflow/.local/lib/python3.6/site-packages/airflow/example_dags/example_kubernetes_executor_config.py
[2021-10-21 16:06:22,304] {processor.py:632} INFO - DAG(s) dict_keys(['example_kubernetes_executor_config']) retrieved from /home/airflow/.local/lib/python3.6/site-packages/airflow/example_dags/example_kubernetes_executor_config.py
[2021-10-21 16:06:22,341] {logging_mixin.py:109} INFO - [2021-10-21 16:06:22,341] {dag.py:2389} INFO - Sync 1 DAGs
[2021-10-21 16:06:22,362] {logging_mixin.py:109} INFO - [2021-10-21 16:06:22,362] {dag.py:2914} INFO - Setting next_dagrun for example_kubernetes_executor_config to None
[2021-10-21 16:06:22,383] {processor.py:171} INFO - Processing /home/airflow/.local/lib/python3.6/site-packages/airflow/example_dags/example_kubernetes_executor_config.py took 0.169 seconds
[2021-10-21 16:06:53,275] {processor.py:163} INFO - Started process (PID=1584) to work on /home/airflow/.local/lib/python3.6/site-packages/airflow/example_dags/example_kubernetes_executor_config.py
[2021-10-21 16:06:53,289] {processor.py:620} INFO - Processing file /home/airflow/.local/lib/python3.6/site-packages/airflow/example_dags/example_kubernetes_executor_config.py for tasks to queue
[2021-10-21 16:06:53,290] {logging_mixin.py:109} INFO - [2021-10-21 16:06:53,290] {dagbag.py:500} INFO - Filling up the DagBag from /home/airflow/.local/lib/python3.6/site-packages/airflow/example_dags/example_kubernetes_executor_config.py
[2021-10-21 16:06:53,344] {processor.py:632} INFO - DAG(s) dict_keys(['example_kubernetes_executor_config']) retrieved from /home/airflow/.local/lib/python3.6/site-packages/airflow/example_dags/example_kubernetes_executor_config.py
[2021-10-21 16:06:53,387] {logging_mixin.py:109} INFO - [2021-10-21 16:06:53,387] {dag.py:2389} INFO - Sync 1 DAGs
[2021-10-21 16:06:53,422] {logging_mixin.py:109} INFO - [2021-10-21 16:06:53,422] {dag.py:2914} INFO - Setting next_dagrun for example_kubernetes_executor_config to None
[2021-10-21 16:06:53,435] {processor.py:171} INFO - Processing /home/airflow/.local/lib/python3.6/site-packages/airflow/example_dags/example_kubernetes_executor_config.py took 0.170 seconds
