[2021-10-21 15:53:14,001] {processor.py:163} INFO - Started process (PID=65) to work on /home/airflow/.local/lib/python3.6/site-packages/airflow/example_dags/example_latest_only.py
[2021-10-21 15:53:14,011] {processor.py:620} INFO - Processing file /home/airflow/.local/lib/python3.6/site-packages/airflow/example_dags/example_latest_only.py for tasks to queue
[2021-10-21 15:53:14,014] {logging_mixin.py:109} INFO - [2021-10-21 15:53:14,014] {dagbag.py:500} INFO - Filling up the DagBag from /home/airflow/.local/lib/python3.6/site-packages/airflow/example_dags/example_latest_only.py
[2021-10-21 15:53:14,179] {processor.py:632} INFO - DAG(s) dict_keys(['latest_only']) retrieved from /home/airflow/.local/lib/python3.6/site-packages/airflow/example_dags/example_latest_only.py
[2021-10-21 15:53:14,272] {logging_mixin.py:109} INFO - [2021-10-21 15:53:14,272] {dag.py:2389} INFO - Sync 1 DAGs
[2021-10-21 15:53:14,373] {logging_mixin.py:109} INFO - [2021-10-21 15:53:14,373] {dag.py:2914} INFO - Setting next_dagrun for latest_only to 2021-10-21T11:53:14.373122+00:00
[2021-10-21 15:53:14,436] {processor.py:171} INFO - Processing /home/airflow/.local/lib/python3.6/site-packages/airflow/example_dags/example_latest_only.py took 0.449 seconds
[2021-10-21 15:53:44,695] {processor.py:163} INFO - Started process (PID=119) to work on /home/airflow/.local/lib/python3.6/site-packages/airflow/example_dags/example_latest_only.py
[2021-10-21 15:53:44,708] {processor.py:620} INFO - Processing file /home/airflow/.local/lib/python3.6/site-packages/airflow/example_dags/example_latest_only.py for tasks to queue
[2021-10-21 15:53:44,711] {logging_mixin.py:109} INFO - [2021-10-21 15:53:44,710] {dagbag.py:500} INFO - Filling up the DagBag from /home/airflow/.local/lib/python3.6/site-packages/airflow/example_dags/example_latest_only.py
[2021-10-21 15:53:44,757] {processor.py:632} INFO - DAG(s) dict_keys(['latest_only']) retrieved from /home/airflow/.local/lib/python3.6/site-packages/airflow/example_dags/example_latest_only.py
[2021-10-21 15:53:44,781] {logging_mixin.py:109} INFO - [2021-10-21 15:53:44,781] {dag.py:2389} INFO - Sync 1 DAGs
[2021-10-21 15:53:44,805] {logging_mixin.py:109} INFO - [2021-10-21 15:53:44,805] {dag.py:2914} INFO - Setting next_dagrun for latest_only to 2021-10-21T11:53:44.805418+00:00
[2021-10-21 15:53:44,822] {processor.py:171} INFO - Processing /home/airflow/.local/lib/python3.6/site-packages/airflow/example_dags/example_latest_only.py took 0.138 seconds
[2021-10-21 15:54:15,806] {processor.py:163} INFO - Started process (PID=172) to work on /home/airflow/.local/lib/python3.6/site-packages/airflow/example_dags/example_latest_only.py
[2021-10-21 15:54:15,809] {processor.py:620} INFO - Processing file /home/airflow/.local/lib/python3.6/site-packages/airflow/example_dags/example_latest_only.py for tasks to queue
[2021-10-21 15:54:15,814] {logging_mixin.py:109} INFO - [2021-10-21 15:54:15,814] {dagbag.py:500} INFO - Filling up the DagBag from /home/airflow/.local/lib/python3.6/site-packages/airflow/example_dags/example_latest_only.py
[2021-10-21 15:54:15,883] {processor.py:632} INFO - DAG(s) dict_keys(['latest_only']) retrieved from /home/airflow/.local/lib/python3.6/site-packages/airflow/example_dags/example_latest_only.py
[2021-10-21 15:54:15,898] {logging_mixin.py:109} INFO - [2021-10-21 15:54:15,898] {dag.py:2389} INFO - Sync 1 DAGs
[2021-10-21 15:54:15,931] {logging_mixin.py:109} INFO - [2021-10-21 15:54:15,931] {dag.py:2914} INFO - Setting next_dagrun for latest_only to 2021-10-21T11:54:15.928002+00:00
[2021-10-21 15:54:15,945] {processor.py:171} INFO - Processing /home/airflow/.local/lib/python3.6/site-packages/airflow/example_dags/example_latest_only.py took 0.147 seconds
[2021-10-21 15:54:46,573] {processor.py:163} INFO - Started process (PID=227) to work on /home/airflow/.local/lib/python3.6/site-packages/airflow/example_dags/example_latest_only.py
[2021-10-21 15:54:46,581] {processor.py:620} INFO - Processing file /home/airflow/.local/lib/python3.6/site-packages/airflow/example_dags/example_latest_only.py for tasks to queue
[2021-10-21 15:54:46,583] {logging_mixin.py:109} INFO - [2021-10-21 15:54:46,583] {dagbag.py:500} INFO - Filling up the DagBag from /home/airflow/.local/lib/python3.6/site-packages/airflow/example_dags/example_latest_only.py
[2021-10-21 15:54:46,663] {processor.py:632} INFO - DAG(s) dict_keys(['latest_only']) retrieved from /home/airflow/.local/lib/python3.6/site-packages/airflow/example_dags/example_latest_only.py
[2021-10-21 15:54:46,744] {logging_mixin.py:109} INFO - [2021-10-21 15:54:46,743] {dag.py:2389} INFO - Sync 1 DAGs
[2021-10-21 15:54:46,823] {logging_mixin.py:109} INFO - [2021-10-21 15:54:46,823] {dag.py:2914} INFO - Setting next_dagrun for latest_only to 2021-10-21T11:54:46.822865+00:00
[2021-10-21 15:54:46,872] {processor.py:171} INFO - Processing /home/airflow/.local/lib/python3.6/site-packages/airflow/example_dags/example_latest_only.py took 0.303 seconds
[2021-10-21 15:55:17,954] {processor.py:163} INFO - Started process (PID=291) to work on /home/airflow/.local/lib/python3.6/site-packages/airflow/example_dags/example_latest_only.py
[2021-10-21 15:55:17,971] {processor.py:620} INFO - Processing file /home/airflow/.local/lib/python3.6/site-packages/airflow/example_dags/example_latest_only.py for tasks to queue
[2021-10-21 15:55:17,973] {logging_mixin.py:109} INFO - [2021-10-21 15:55:17,973] {dagbag.py:500} INFO - Filling up the DagBag from /home/airflow/.local/lib/python3.6/site-packages/airflow/example_dags/example_latest_only.py
[2021-10-21 15:55:18,032] {processor.py:632} INFO - DAG(s) dict_keys(['latest_only']) retrieved from /home/airflow/.local/lib/python3.6/site-packages/airflow/example_dags/example_latest_only.py
[2021-10-21 15:55:18,051] {logging_mixin.py:109} INFO - [2021-10-21 15:55:18,051] {dag.py:2389} INFO - Sync 1 DAGs
[2021-10-21 15:55:18,091] {logging_mixin.py:109} INFO - [2021-10-21 15:55:18,091] {dag.py:2914} INFO - Setting next_dagrun for latest_only to 2021-10-21T11:55:18.091288+00:00
[2021-10-21 15:55:18,117] {processor.py:171} INFO - Processing /home/airflow/.local/lib/python3.6/site-packages/airflow/example_dags/example_latest_only.py took 0.169 seconds
[2021-10-21 15:55:49,256] {processor.py:163} INFO - Started process (PID=346) to work on /home/airflow/.local/lib/python3.6/site-packages/airflow/example_dags/example_latest_only.py
[2021-10-21 15:55:49,258] {processor.py:620} INFO - Processing file /home/airflow/.local/lib/python3.6/site-packages/airflow/example_dags/example_latest_only.py for tasks to queue
[2021-10-21 15:55:49,260] {logging_mixin.py:109} INFO - [2021-10-21 15:55:49,260] {dagbag.py:500} INFO - Filling up the DagBag from /home/airflow/.local/lib/python3.6/site-packages/airflow/example_dags/example_latest_only.py
[2021-10-21 15:55:49,298] {processor.py:632} INFO - DAG(s) dict_keys(['latest_only']) retrieved from /home/airflow/.local/lib/python3.6/site-packages/airflow/example_dags/example_latest_only.py
[2021-10-21 15:55:49,310] {logging_mixin.py:109} INFO - [2021-10-21 15:55:49,310] {dag.py:2389} INFO - Sync 1 DAGs
[2021-10-21 15:55:49,333] {logging_mixin.py:109} INFO - [2021-10-21 15:55:49,333] {dag.py:2914} INFO - Setting next_dagrun for latest_only to 2021-10-21T11:55:49.333350+00:00
[2021-10-21 15:55:49,346] {processor.py:171} INFO - Processing /home/airflow/.local/lib/python3.6/site-packages/airflow/example_dags/example_latest_only.py took 0.093 seconds
[2021-10-21 15:56:21,548] {processor.py:163} INFO - Started process (PID=402) to work on /home/airflow/.local/lib/python3.6/site-packages/airflow/example_dags/example_latest_only.py
[2021-10-21 15:56:21,550] {processor.py:620} INFO - Processing file /home/airflow/.local/lib/python3.6/site-packages/airflow/example_dags/example_latest_only.py for tasks to queue
[2021-10-21 15:56:21,562] {logging_mixin.py:109} INFO - [2021-10-21 15:56:21,562] {dagbag.py:500} INFO - Filling up the DagBag from /home/airflow/.local/lib/python3.6/site-packages/airflow/example_dags/example_latest_only.py
[2021-10-21 15:56:21,675] {processor.py:632} INFO - DAG(s) dict_keys(['latest_only']) retrieved from /home/airflow/.local/lib/python3.6/site-packages/airflow/example_dags/example_latest_only.py
[2021-10-21 15:56:21,703] {logging_mixin.py:109} INFO - [2021-10-21 15:56:21,703] {dag.py:2389} INFO - Sync 1 DAGs
[2021-10-21 15:56:21,784] {logging_mixin.py:109} INFO - [2021-10-21 15:56:21,783] {dag.py:2914} INFO - Setting next_dagrun for latest_only to 2021-10-21T11:56:21.783584+00:00
[2021-10-21 15:56:21,820] {processor.py:171} INFO - Processing /home/airflow/.local/lib/python3.6/site-packages/airflow/example_dags/example_latest_only.py took 0.281 seconds
[2021-10-21 15:56:52,550] {processor.py:163} INFO - Started process (PID=469) to work on /home/airflow/.local/lib/python3.6/site-packages/airflow/example_dags/example_latest_only.py
[2021-10-21 15:56:52,558] {processor.py:620} INFO - Processing file /home/airflow/.local/lib/python3.6/site-packages/airflow/example_dags/example_latest_only.py for tasks to queue
[2021-10-21 15:56:52,561] {logging_mixin.py:109} INFO - [2021-10-21 15:56:52,561] {dagbag.py:500} INFO - Filling up the DagBag from /home/airflow/.local/lib/python3.6/site-packages/airflow/example_dags/example_latest_only.py
[2021-10-21 15:56:52,610] {processor.py:632} INFO - DAG(s) dict_keys(['latest_only']) retrieved from /home/airflow/.local/lib/python3.6/site-packages/airflow/example_dags/example_latest_only.py
[2021-10-21 15:56:52,625] {logging_mixin.py:109} INFO - [2021-10-21 15:56:52,625] {dag.py:2389} INFO - Sync 1 DAGs
[2021-10-21 15:56:52,653] {logging_mixin.py:109} INFO - [2021-10-21 15:56:52,653] {dag.py:2914} INFO - Setting next_dagrun for latest_only to 2021-10-21T11:56:52.652678+00:00
[2021-10-21 15:56:52,672] {processor.py:171} INFO - Processing /home/airflow/.local/lib/python3.6/site-packages/airflow/example_dags/example_latest_only.py took 0.129 seconds
[2021-10-21 15:57:23,488] {processor.py:163} INFO - Started process (PID=524) to work on /home/airflow/.local/lib/python3.6/site-packages/airflow/example_dags/example_latest_only.py
[2021-10-21 15:57:23,490] {processor.py:620} INFO - Processing file /home/airflow/.local/lib/python3.6/site-packages/airflow/example_dags/example_latest_only.py for tasks to queue
[2021-10-21 15:57:23,494] {logging_mixin.py:109} INFO - [2021-10-21 15:57:23,493] {dagbag.py:500} INFO - Filling up the DagBag from /home/airflow/.local/lib/python3.6/site-packages/airflow/example_dags/example_latest_only.py
[2021-10-21 15:57:23,611] {processor.py:632} INFO - DAG(s) dict_keys(['latest_only']) retrieved from /home/airflow/.local/lib/python3.6/site-packages/airflow/example_dags/example_latest_only.py
[2021-10-21 15:57:23,632] {logging_mixin.py:109} INFO - [2021-10-21 15:57:23,632] {dag.py:2389} INFO - Sync 1 DAGs
[2021-10-21 15:57:23,695] {logging_mixin.py:109} INFO - [2021-10-21 15:57:23,694] {dag.py:2914} INFO - Setting next_dagrun for latest_only to 2021-10-21T11:57:23.693519+00:00
[2021-10-21 15:57:23,747] {processor.py:171} INFO - Processing /home/airflow/.local/lib/python3.6/site-packages/airflow/example_dags/example_latest_only.py took 0.266 seconds
[2021-10-21 15:57:54,058] {processor.py:163} INFO - Started process (PID=582) to work on /home/airflow/.local/lib/python3.6/site-packages/airflow/example_dags/example_latest_only.py
[2021-10-21 15:57:54,060] {processor.py:620} INFO - Processing file /home/airflow/.local/lib/python3.6/site-packages/airflow/example_dags/example_latest_only.py for tasks to queue
[2021-10-21 15:57:54,062] {logging_mixin.py:109} INFO - [2021-10-21 15:57:54,062] {dagbag.py:500} INFO - Filling up the DagBag from /home/airflow/.local/lib/python3.6/site-packages/airflow/example_dags/example_latest_only.py
[2021-10-21 15:57:54,137] {processor.py:632} INFO - DAG(s) dict_keys(['latest_only']) retrieved from /home/airflow/.local/lib/python3.6/site-packages/airflow/example_dags/example_latest_only.py
[2021-10-21 15:57:54,181] {logging_mixin.py:109} INFO - [2021-10-21 15:57:54,181] {dag.py:2389} INFO - Sync 1 DAGs
[2021-10-21 15:57:54,228] {logging_mixin.py:109} INFO - [2021-10-21 15:57:54,227] {dag.py:2914} INFO - Setting next_dagrun for latest_only to 2021-10-21T11:57:54.227610+00:00
[2021-10-21 15:57:54,270] {processor.py:171} INFO - Processing /home/airflow/.local/lib/python3.6/site-packages/airflow/example_dags/example_latest_only.py took 0.218 seconds
[2021-10-21 15:58:24,707] {processor.py:163} INFO - Started process (PID=638) to work on /home/airflow/.local/lib/python3.6/site-packages/airflow/example_dags/example_latest_only.py
[2021-10-21 15:58:24,709] {processor.py:620} INFO - Processing file /home/airflow/.local/lib/python3.6/site-packages/airflow/example_dags/example_latest_only.py for tasks to queue
[2021-10-21 15:58:24,713] {logging_mixin.py:109} INFO - [2021-10-21 15:58:24,711] {dagbag.py:500} INFO - Filling up the DagBag from /home/airflow/.local/lib/python3.6/site-packages/airflow/example_dags/example_latest_only.py
[2021-10-21 15:58:24,750] {processor.py:632} INFO - DAG(s) dict_keys(['latest_only']) retrieved from /home/airflow/.local/lib/python3.6/site-packages/airflow/example_dags/example_latest_only.py
[2021-10-21 15:58:24,767] {logging_mixin.py:109} INFO - [2021-10-21 15:58:24,767] {dag.py:2389} INFO - Sync 1 DAGs
[2021-10-21 15:58:24,793] {logging_mixin.py:109} INFO - [2021-10-21 15:58:24,793] {dag.py:2914} INFO - Setting next_dagrun for latest_only to 2021-10-21T11:58:24.793264+00:00
[2021-10-21 15:58:24,808] {processor.py:171} INFO - Processing /home/airflow/.local/lib/python3.6/site-packages/airflow/example_dags/example_latest_only.py took 0.108 seconds
[2021-10-21 15:58:55,861] {processor.py:163} INFO - Started process (PID=702) to work on /home/airflow/.local/lib/python3.6/site-packages/airflow/example_dags/example_latest_only.py
[2021-10-21 15:58:55,863] {processor.py:620} INFO - Processing file /home/airflow/.local/lib/python3.6/site-packages/airflow/example_dags/example_latest_only.py for tasks to queue
[2021-10-21 15:58:55,873] {logging_mixin.py:109} INFO - [2021-10-21 15:58:55,873] {dagbag.py:500} INFO - Filling up the DagBag from /home/airflow/.local/lib/python3.6/site-packages/airflow/example_dags/example_latest_only.py
[2021-10-21 15:58:55,948] {processor.py:632} INFO - DAG(s) dict_keys(['latest_only']) retrieved from /home/airflow/.local/lib/python3.6/site-packages/airflow/example_dags/example_latest_only.py
[2021-10-21 15:58:55,985] {logging_mixin.py:109} INFO - [2021-10-21 15:58:55,985] {dag.py:2389} INFO - Sync 1 DAGs
[2021-10-21 15:58:56,035] {logging_mixin.py:109} INFO - [2021-10-21 15:58:56,035] {dag.py:2914} INFO - Setting next_dagrun for latest_only to 2021-10-21T11:58:56.035201+00:00
[2021-10-21 15:58:56,071] {processor.py:171} INFO - Processing /home/airflow/.local/lib/python3.6/site-packages/airflow/example_dags/example_latest_only.py took 0.213 seconds
[2021-10-21 15:59:26,178] {processor.py:163} INFO - Started process (PID=758) to work on /home/airflow/.local/lib/python3.6/site-packages/airflow/example_dags/example_latest_only.py
[2021-10-21 15:59:26,185] {processor.py:620} INFO - Processing file /home/airflow/.local/lib/python3.6/site-packages/airflow/example_dags/example_latest_only.py for tasks to queue
[2021-10-21 15:59:26,186] {logging_mixin.py:109} INFO - [2021-10-21 15:59:26,186] {dagbag.py:500} INFO - Filling up the DagBag from /home/airflow/.local/lib/python3.6/site-packages/airflow/example_dags/example_latest_only.py
[2021-10-21 15:59:26,240] {processor.py:632} INFO - DAG(s) dict_keys(['latest_only']) retrieved from /home/airflow/.local/lib/python3.6/site-packages/airflow/example_dags/example_latest_only.py
[2021-10-21 15:59:26,252] {logging_mixin.py:109} INFO - [2021-10-21 15:59:26,252] {dag.py:2389} INFO - Sync 1 DAGs
[2021-10-21 15:59:26,270] {logging_mixin.py:109} INFO - [2021-10-21 15:59:26,270] {dag.py:2914} INFO - Setting next_dagrun for latest_only to 2021-10-21T11:59:26.270608+00:00
[2021-10-21 15:59:26,281] {processor.py:171} INFO - Processing /home/airflow/.local/lib/python3.6/site-packages/airflow/example_dags/example_latest_only.py took 0.115 seconds
[2021-10-21 15:59:58,314] {processor.py:163} INFO - Started process (PID=815) to work on /home/airflow/.local/lib/python3.6/site-packages/airflow/example_dags/example_latest_only.py
[2021-10-21 15:59:58,317] {processor.py:620} INFO - Processing file /home/airflow/.local/lib/python3.6/site-packages/airflow/example_dags/example_latest_only.py for tasks to queue
[2021-10-21 15:59:58,320] {logging_mixin.py:109} INFO - [2021-10-21 15:59:58,320] {dagbag.py:500} INFO - Filling up the DagBag from /home/airflow/.local/lib/python3.6/site-packages/airflow/example_dags/example_latest_only.py
[2021-10-21 15:59:58,437] {processor.py:632} INFO - DAG(s) dict_keys(['latest_only']) retrieved from /home/airflow/.local/lib/python3.6/site-packages/airflow/example_dags/example_latest_only.py
[2021-10-21 15:59:58,460] {logging_mixin.py:109} INFO - [2021-10-21 15:59:58,460] {dag.py:2389} INFO - Sync 1 DAGs
[2021-10-21 15:59:58,518] {logging_mixin.py:109} INFO - [2021-10-21 15:59:58,517] {dag.py:2914} INFO - Setting next_dagrun for latest_only to 2021-10-21T11:59:58.517695+00:00
[2021-10-21 15:59:58,532] {processor.py:171} INFO - Processing /home/airflow/.local/lib/python3.6/site-packages/airflow/example_dags/example_latest_only.py took 0.224 seconds
[2021-10-21 16:00:31,193] {processor.py:163} INFO - Started process (PID=883) to work on /home/airflow/.local/lib/python3.6/site-packages/airflow/example_dags/example_latest_only.py
[2021-10-21 16:00:31,197] {processor.py:620} INFO - Processing file /home/airflow/.local/lib/python3.6/site-packages/airflow/example_dags/example_latest_only.py for tasks to queue
[2021-10-21 16:00:31,206] {logging_mixin.py:109} INFO - [2021-10-21 16:00:31,205] {dagbag.py:500} INFO - Filling up the DagBag from /home/airflow/.local/lib/python3.6/site-packages/airflow/example_dags/example_latest_only.py
[2021-10-21 16:00:31,295] {processor.py:632} INFO - DAG(s) dict_keys(['latest_only']) retrieved from /home/airflow/.local/lib/python3.6/site-packages/airflow/example_dags/example_latest_only.py
[2021-10-21 16:00:31,335] {logging_mixin.py:109} INFO - [2021-10-21 16:00:31,335] {dag.py:2389} INFO - Sync 1 DAGs
[2021-10-21 16:00:31,394] {logging_mixin.py:109} INFO - [2021-10-21 16:00:31,394] {dag.py:2914} INFO - Setting next_dagrun for latest_only to 2021-10-21T12:00:31.393899+00:00
[2021-10-21 16:00:31,425] {processor.py:171} INFO - Processing /home/airflow/.local/lib/python3.6/site-packages/airflow/example_dags/example_latest_only.py took 0.246 seconds
[2021-10-21 16:01:03,968] {processor.py:163} INFO - Started process (PID=936) to work on /home/airflow/.local/lib/python3.6/site-packages/airflow/example_dags/example_latest_only.py
[2021-10-21 16:01:03,981] {processor.py:620} INFO - Processing file /home/airflow/.local/lib/python3.6/site-packages/airflow/example_dags/example_latest_only.py for tasks to queue
[2021-10-21 16:01:03,983] {logging_mixin.py:109} INFO - [2021-10-21 16:01:03,983] {dagbag.py:500} INFO - Filling up the DagBag from /home/airflow/.local/lib/python3.6/site-packages/airflow/example_dags/example_latest_only.py
[2021-10-21 16:01:04,032] {processor.py:632} INFO - DAG(s) dict_keys(['latest_only']) retrieved from /home/airflow/.local/lib/python3.6/site-packages/airflow/example_dags/example_latest_only.py
[2021-10-21 16:01:04,057] {logging_mixin.py:109} INFO - [2021-10-21 16:01:04,057] {dag.py:2389} INFO - Sync 1 DAGs
[2021-10-21 16:01:04,082] {logging_mixin.py:109} INFO - [2021-10-21 16:01:04,082] {dag.py:2914} INFO - Setting next_dagrun for latest_only to 2021-10-21T12:01:04.082509+00:00
[2021-10-21 16:01:04,107] {processor.py:171} INFO - Processing /home/airflow/.local/lib/python3.6/site-packages/airflow/example_dags/example_latest_only.py took 0.146 seconds
[2021-10-21 16:01:35,908] {processor.py:163} INFO - Started process (PID=983) to work on /home/airflow/.local/lib/python3.6/site-packages/airflow/example_dags/example_latest_only.py
[2021-10-21 16:01:35,911] {processor.py:620} INFO - Processing file /home/airflow/.local/lib/python3.6/site-packages/airflow/example_dags/example_latest_only.py for tasks to queue
[2021-10-21 16:01:35,913] {logging_mixin.py:109} INFO - [2021-10-21 16:01:35,913] {dagbag.py:500} INFO - Filling up the DagBag from /home/airflow/.local/lib/python3.6/site-packages/airflow/example_dags/example_latest_only.py
[2021-10-21 16:01:35,986] {processor.py:632} INFO - DAG(s) dict_keys(['latest_only']) retrieved from /home/airflow/.local/lib/python3.6/site-packages/airflow/example_dags/example_latest_only.py
[2021-10-21 16:01:36,024] {logging_mixin.py:109} INFO - [2021-10-21 16:01:36,024] {dag.py:2389} INFO - Sync 1 DAGs
[2021-10-21 16:01:36,115] {logging_mixin.py:109} INFO - [2021-10-21 16:01:36,115] {dag.py:2914} INFO - Setting next_dagrun for latest_only to 2021-10-21T12:01:36.114706+00:00
[2021-10-21 16:01:36,156] {processor.py:171} INFO - Processing /home/airflow/.local/lib/python3.6/site-packages/airflow/example_dags/example_latest_only.py took 0.260 seconds
[2021-10-21 16:02:06,898] {processor.py:163} INFO - Started process (PID=1037) to work on /home/airflow/.local/lib/python3.6/site-packages/airflow/example_dags/example_latest_only.py
[2021-10-21 16:02:06,927] {processor.py:620} INFO - Processing file /home/airflow/.local/lib/python3.6/site-packages/airflow/example_dags/example_latest_only.py for tasks to queue
[2021-10-21 16:02:06,932] {logging_mixin.py:109} INFO - [2021-10-21 16:02:06,932] {dagbag.py:500} INFO - Filling up the DagBag from /home/airflow/.local/lib/python3.6/site-packages/airflow/example_dags/example_latest_only.py
[2021-10-21 16:02:07,125] {processor.py:632} INFO - DAG(s) dict_keys(['latest_only']) retrieved from /home/airflow/.local/lib/python3.6/site-packages/airflow/example_dags/example_latest_only.py
[2021-10-21 16:02:07,194] {logging_mixin.py:109} INFO - [2021-10-21 16:02:07,194] {dag.py:2389} INFO - Sync 1 DAGs
[2021-10-21 16:02:07,314] {logging_mixin.py:109} INFO - [2021-10-21 16:02:07,313] {dag.py:2914} INFO - Setting next_dagrun for latest_only to 2021-10-21T12:02:07.312771+00:00
[2021-10-21 16:02:07,383] {processor.py:171} INFO - Processing /home/airflow/.local/lib/python3.6/site-packages/airflow/example_dags/example_latest_only.py took 0.502 seconds
[2021-10-21 16:02:40,383] {processor.py:163} INFO - Started process (PID=1090) to work on /home/airflow/.local/lib/python3.6/site-packages/airflow/example_dags/example_latest_only.py
[2021-10-21 16:02:40,394] {processor.py:620} INFO - Processing file /home/airflow/.local/lib/python3.6/site-packages/airflow/example_dags/example_latest_only.py for tasks to queue
[2021-10-21 16:02:40,399] {logging_mixin.py:109} INFO - [2021-10-21 16:02:40,397] {dagbag.py:500} INFO - Filling up the DagBag from /home/airflow/.local/lib/python3.6/site-packages/airflow/example_dags/example_latest_only.py
[2021-10-21 16:02:40,566] {processor.py:632} INFO - DAG(s) dict_keys(['latest_only']) retrieved from /home/airflow/.local/lib/python3.6/site-packages/airflow/example_dags/example_latest_only.py
[2021-10-21 16:02:40,654] {logging_mixin.py:109} INFO - [2021-10-21 16:02:40,653] {dag.py:2389} INFO - Sync 1 DAGs
[2021-10-21 16:02:40,801] {logging_mixin.py:109} INFO - [2021-10-21 16:02:40,801] {dag.py:2914} INFO - Setting next_dagrun for latest_only to 2021-10-21T12:02:40.800675+00:00
[2021-10-21 16:02:40,912] {processor.py:171} INFO - Processing /home/airflow/.local/lib/python3.6/site-packages/airflow/example_dags/example_latest_only.py took 0.557 seconds
[2021-10-21 16:03:11,569] {processor.py:163} INFO - Started process (PID=1144) to work on /home/airflow/.local/lib/python3.6/site-packages/airflow/example_dags/example_latest_only.py
[2021-10-21 16:03:11,578] {processor.py:620} INFO - Processing file /home/airflow/.local/lib/python3.6/site-packages/airflow/example_dags/example_latest_only.py for tasks to queue
[2021-10-21 16:03:11,581] {logging_mixin.py:109} INFO - [2021-10-21 16:03:11,580] {dagbag.py:500} INFO - Filling up the DagBag from /home/airflow/.local/lib/python3.6/site-packages/airflow/example_dags/example_latest_only.py
[2021-10-21 16:03:11,650] {processor.py:632} INFO - DAG(s) dict_keys(['latest_only']) retrieved from /home/airflow/.local/lib/python3.6/site-packages/airflow/example_dags/example_latest_only.py
[2021-10-21 16:03:11,674] {logging_mixin.py:109} INFO - [2021-10-21 16:03:11,674] {dag.py:2389} INFO - Sync 1 DAGs
[2021-10-21 16:03:11,716] {logging_mixin.py:109} INFO - [2021-10-21 16:03:11,715] {dag.py:2914} INFO - Setting next_dagrun for latest_only to 2021-10-21T12:03:11.715687+00:00
[2021-10-21 16:03:11,736] {processor.py:171} INFO - Processing /home/airflow/.local/lib/python3.6/site-packages/airflow/example_dags/example_latest_only.py took 0.177 seconds
[2021-10-21 16:03:41,955] {processor.py:163} INFO - Started process (PID=1214) to work on /home/airflow/.local/lib/python3.6/site-packages/airflow/example_dags/example_latest_only.py
[2021-10-21 16:03:41,959] {processor.py:620} INFO - Processing file /home/airflow/.local/lib/python3.6/site-packages/airflow/example_dags/example_latest_only.py for tasks to queue
[2021-10-21 16:03:41,961] {logging_mixin.py:109} INFO - [2021-10-21 16:03:41,961] {dagbag.py:500} INFO - Filling up the DagBag from /home/airflow/.local/lib/python3.6/site-packages/airflow/example_dags/example_latest_only.py
[2021-10-21 16:03:41,990] {processor.py:632} INFO - DAG(s) dict_keys(['latest_only']) retrieved from /home/airflow/.local/lib/python3.6/site-packages/airflow/example_dags/example_latest_only.py
[2021-10-21 16:03:42,001] {logging_mixin.py:109} INFO - [2021-10-21 16:03:42,001] {dag.py:2389} INFO - Sync 1 DAGs
[2021-10-21 16:03:42,017] {logging_mixin.py:109} INFO - [2021-10-21 16:03:42,017] {dag.py:2914} INFO - Setting next_dagrun for latest_only to 2021-10-21T12:03:42.017490+00:00
[2021-10-21 16:03:42,029] {processor.py:171} INFO - Processing /home/airflow/.local/lib/python3.6/site-packages/airflow/example_dags/example_latest_only.py took 0.079 seconds
[2021-10-21 16:04:13,531] {processor.py:163} INFO - Started process (PID=1268) to work on /home/airflow/.local/lib/python3.6/site-packages/airflow/example_dags/example_latest_only.py
[2021-10-21 16:04:13,538] {processor.py:620} INFO - Processing file /home/airflow/.local/lib/python3.6/site-packages/airflow/example_dags/example_latest_only.py for tasks to queue
[2021-10-21 16:04:13,540] {logging_mixin.py:109} INFO - [2021-10-21 16:04:13,540] {dagbag.py:500} INFO - Filling up the DagBag from /home/airflow/.local/lib/python3.6/site-packages/airflow/example_dags/example_latest_only.py
[2021-10-21 16:04:13,623] {processor.py:632} INFO - DAG(s) dict_keys(['latest_only']) retrieved from /home/airflow/.local/lib/python3.6/site-packages/airflow/example_dags/example_latest_only.py
[2021-10-21 16:04:13,707] {logging_mixin.py:109} INFO - [2021-10-21 16:04:13,696] {dag.py:2389} INFO - Sync 1 DAGs
[2021-10-21 16:04:13,759] {logging_mixin.py:109} INFO - [2021-10-21 16:04:13,758] {dag.py:2914} INFO - Setting next_dagrun for latest_only to 2021-10-21T12:04:13.758274+00:00
[2021-10-21 16:04:13,799] {processor.py:171} INFO - Processing /home/airflow/.local/lib/python3.6/site-packages/airflow/example_dags/example_latest_only.py took 0.273 seconds
[2021-10-21 16:04:44,876] {processor.py:163} INFO - Started process (PID=1322) to work on /home/airflow/.local/lib/python3.6/site-packages/airflow/example_dags/example_latest_only.py
[2021-10-21 16:04:44,880] {processor.py:620} INFO - Processing file /home/airflow/.local/lib/python3.6/site-packages/airflow/example_dags/example_latest_only.py for tasks to queue
[2021-10-21 16:04:44,881] {logging_mixin.py:109} INFO - [2021-10-21 16:04:44,881] {dagbag.py:500} INFO - Filling up the DagBag from /home/airflow/.local/lib/python3.6/site-packages/airflow/example_dags/example_latest_only.py
[2021-10-21 16:04:44,932] {processor.py:632} INFO - DAG(s) dict_keys(['latest_only']) retrieved from /home/airflow/.local/lib/python3.6/site-packages/airflow/example_dags/example_latest_only.py
[2021-10-21 16:04:44,954] {logging_mixin.py:109} INFO - [2021-10-21 16:04:44,954] {dag.py:2389} INFO - Sync 1 DAGs
[2021-10-21 16:04:44,976] {logging_mixin.py:109} INFO - [2021-10-21 16:04:44,976] {dag.py:2914} INFO - Setting next_dagrun for latest_only to 2021-10-21T12:04:44.976418+00:00
[2021-10-21 16:04:44,994] {processor.py:171} INFO - Processing /home/airflow/.local/lib/python3.6/site-packages/airflow/example_dags/example_latest_only.py took 0.127 seconds
[2021-10-21 16:05:15,485] {processor.py:163} INFO - Started process (PID=1384) to work on /home/airflow/.local/lib/python3.6/site-packages/airflow/example_dags/example_latest_only.py
[2021-10-21 16:05:15,488] {processor.py:620} INFO - Processing file /home/airflow/.local/lib/python3.6/site-packages/airflow/example_dags/example_latest_only.py for tasks to queue
[2021-10-21 16:05:15,491] {logging_mixin.py:109} INFO - [2021-10-21 16:05:15,491] {dagbag.py:500} INFO - Filling up the DagBag from /home/airflow/.local/lib/python3.6/site-packages/airflow/example_dags/example_latest_only.py
[2021-10-21 16:05:15,550] {processor.py:632} INFO - DAG(s) dict_keys(['latest_only']) retrieved from /home/airflow/.local/lib/python3.6/site-packages/airflow/example_dags/example_latest_only.py
[2021-10-21 16:05:15,570] {logging_mixin.py:109} INFO - [2021-10-21 16:05:15,569] {dag.py:2389} INFO - Sync 1 DAGs
[2021-10-21 16:05:15,601] {logging_mixin.py:109} INFO - [2021-10-21 16:05:15,601] {dag.py:2914} INFO - Setting next_dagrun for latest_only to 2021-10-21T12:05:15.601148+00:00
[2021-10-21 16:05:15,623] {processor.py:171} INFO - Processing /home/airflow/.local/lib/python3.6/site-packages/airflow/example_dags/example_latest_only.py took 0.142 seconds
[2021-10-21 16:05:45,877] {processor.py:163} INFO - Started process (PID=1442) to work on /home/airflow/.local/lib/python3.6/site-packages/airflow/example_dags/example_latest_only.py
[2021-10-21 16:05:45,880] {processor.py:620} INFO - Processing file /home/airflow/.local/lib/python3.6/site-packages/airflow/example_dags/example_latest_only.py for tasks to queue
[2021-10-21 16:05:45,883] {logging_mixin.py:109} INFO - [2021-10-21 16:05:45,883] {dagbag.py:500} INFO - Filling up the DagBag from /home/airflow/.local/lib/python3.6/site-packages/airflow/example_dags/example_latest_only.py
[2021-10-21 16:05:45,987] {processor.py:632} INFO - DAG(s) dict_keys(['latest_only']) retrieved from /home/airflow/.local/lib/python3.6/site-packages/airflow/example_dags/example_latest_only.py
[2021-10-21 16:05:46,021] {logging_mixin.py:109} INFO - [2021-10-21 16:05:46,020] {dag.py:2389} INFO - Sync 1 DAGs
[2021-10-21 16:05:46,109] {logging_mixin.py:109} INFO - [2021-10-21 16:05:46,109] {dag.py:2914} INFO - Setting next_dagrun for latest_only to 2021-10-21T12:05:46.109038+00:00
[2021-10-21 16:05:46,137] {processor.py:171} INFO - Processing /home/airflow/.local/lib/python3.6/site-packages/airflow/example_dags/example_latest_only.py took 0.264 seconds
[2021-10-21 16:06:17,159] {processor.py:163} INFO - Started process (PID=1496) to work on /home/airflow/.local/lib/python3.6/site-packages/airflow/example_dags/example_latest_only.py
[2021-10-21 16:06:17,161] {processor.py:620} INFO - Processing file /home/airflow/.local/lib/python3.6/site-packages/airflow/example_dags/example_latest_only.py for tasks to queue
[2021-10-21 16:06:17,163] {logging_mixin.py:109} INFO - [2021-10-21 16:06:17,163] {dagbag.py:500} INFO - Filling up the DagBag from /home/airflow/.local/lib/python3.6/site-packages/airflow/example_dags/example_latest_only.py
[2021-10-21 16:06:17,214] {processor.py:632} INFO - DAG(s) dict_keys(['latest_only']) retrieved from /home/airflow/.local/lib/python3.6/site-packages/airflow/example_dags/example_latest_only.py
[2021-10-21 16:06:17,225] {logging_mixin.py:109} INFO - [2021-10-21 16:06:17,225] {dag.py:2389} INFO - Sync 1 DAGs
[2021-10-21 16:06:17,260] {logging_mixin.py:109} INFO - [2021-10-21 16:06:17,260] {dag.py:2914} INFO - Setting next_dagrun for latest_only to 2021-10-21T12:06:17.259847+00:00
[2021-10-21 16:06:17,271] {processor.py:171} INFO - Processing /home/airflow/.local/lib/python3.6/site-packages/airflow/example_dags/example_latest_only.py took 0.126 seconds
[2021-10-21 16:06:47,514] {processor.py:163} INFO - Started process (PID=1553) to work on /home/airflow/.local/lib/python3.6/site-packages/airflow/example_dags/example_latest_only.py
[2021-10-21 16:06:47,516] {processor.py:620} INFO - Processing file /home/airflow/.local/lib/python3.6/site-packages/airflow/example_dags/example_latest_only.py for tasks to queue
[2021-10-21 16:06:47,518] {logging_mixin.py:109} INFO - [2021-10-21 16:06:47,518] {dagbag.py:500} INFO - Filling up the DagBag from /home/airflow/.local/lib/python3.6/site-packages/airflow/example_dags/example_latest_only.py
[2021-10-21 16:06:47,569] {processor.py:632} INFO - DAG(s) dict_keys(['latest_only']) retrieved from /home/airflow/.local/lib/python3.6/site-packages/airflow/example_dags/example_latest_only.py
[2021-10-21 16:06:47,586] {logging_mixin.py:109} INFO - [2021-10-21 16:06:47,586] {dag.py:2389} INFO - Sync 1 DAGs
[2021-10-21 16:06:47,624] {logging_mixin.py:109} INFO - [2021-10-21 16:06:47,624] {dag.py:2914} INFO - Setting next_dagrun for latest_only to 2021-10-21T12:06:47.624202+00:00
[2021-10-21 16:06:47,649] {processor.py:171} INFO - Processing /home/airflow/.local/lib/python3.6/site-packages/airflow/example_dags/example_latest_only.py took 0.143 seconds
