[2021-10-21 15:53:10,197] {processor.py:163} INFO - Started process (PID=59) to work on /home/airflow/.local/lib/python3.6/site-packages/airflow/example_dags/example_kubernetes_executor.py
[2021-10-21 15:53:10,204] {processor.py:620} INFO - Processing file /home/airflow/.local/lib/python3.6/site-packages/airflow/example_dags/example_kubernetes_executor.py for tasks to queue
[2021-10-21 15:53:10,206] {logging_mixin.py:109} INFO - [2021-10-21 15:53:10,205] {dagbag.py:500} INFO - Filling up the DagBag from /home/airflow/.local/lib/python3.6/site-packages/airflow/example_dags/example_kubernetes_executor.py
[2021-10-21 15:53:10,358] {processor.py:632} INFO - DAG(s) dict_keys(['example_kubernetes_executor']) retrieved from /home/airflow/.local/lib/python3.6/site-packages/airflow/example_dags/example_kubernetes_executor.py
[2021-10-21 15:53:10,418] {logging_mixin.py:109} INFO - [2021-10-21 15:53:10,418] {dag.py:2389} INFO - Sync 1 DAGs
[2021-10-21 15:53:10,489] {logging_mixin.py:109} INFO - [2021-10-21 15:53:10,489] {dag.py:2914} INFO - Setting next_dagrun for example_kubernetes_executor to None
[2021-10-21 15:53:10,532] {processor.py:171} INFO - Processing /home/airflow/.local/lib/python3.6/site-packages/airflow/example_dags/example_kubernetes_executor.py took 0.349 seconds
[2021-10-21 15:53:40,666] {processor.py:163} INFO - Started process (PID=113) to work on /home/airflow/.local/lib/python3.6/site-packages/airflow/example_dags/example_kubernetes_executor.py
[2021-10-21 15:53:40,669] {processor.py:620} INFO - Processing file /home/airflow/.local/lib/python3.6/site-packages/airflow/example_dags/example_kubernetes_executor.py for tasks to queue
[2021-10-21 15:53:40,674] {logging_mixin.py:109} INFO - [2021-10-21 15:53:40,674] {dagbag.py:500} INFO - Filling up the DagBag from /home/airflow/.local/lib/python3.6/site-packages/airflow/example_dags/example_kubernetes_executor.py
[2021-10-21 15:53:40,754] {processor.py:632} INFO - DAG(s) dict_keys(['example_kubernetes_executor']) retrieved from /home/airflow/.local/lib/python3.6/site-packages/airflow/example_dags/example_kubernetes_executor.py
[2021-10-21 15:53:40,783] {logging_mixin.py:109} INFO - [2021-10-21 15:53:40,783] {dag.py:2389} INFO - Sync 1 DAGs
[2021-10-21 15:53:40,813] {logging_mixin.py:109} INFO - [2021-10-21 15:53:40,813] {dag.py:2914} INFO - Setting next_dagrun for example_kubernetes_executor to None
[2021-10-21 15:53:40,834] {processor.py:171} INFO - Processing /home/airflow/.local/lib/python3.6/site-packages/airflow/example_dags/example_kubernetes_executor.py took 0.181 seconds
[2021-10-21 15:54:12,030] {processor.py:163} INFO - Started process (PID=166) to work on /home/airflow/.local/lib/python3.6/site-packages/airflow/example_dags/example_kubernetes_executor.py
[2021-10-21 15:54:12,038] {processor.py:620} INFO - Processing file /home/airflow/.local/lib/python3.6/site-packages/airflow/example_dags/example_kubernetes_executor.py for tasks to queue
[2021-10-21 15:54:12,043] {logging_mixin.py:109} INFO - [2021-10-21 15:54:12,043] {dagbag.py:500} INFO - Filling up the DagBag from /home/airflow/.local/lib/python3.6/site-packages/airflow/example_dags/example_kubernetes_executor.py
[2021-10-21 15:54:12,213] {processor.py:632} INFO - DAG(s) dict_keys(['example_kubernetes_executor']) retrieved from /home/airflow/.local/lib/python3.6/site-packages/airflow/example_dags/example_kubernetes_executor.py
[2021-10-21 15:54:12,325] {logging_mixin.py:109} INFO - [2021-10-21 15:54:12,309] {dag.py:2389} INFO - Sync 1 DAGs
[2021-10-21 15:54:12,353] {logging_mixin.py:109} INFO - [2021-10-21 15:54:12,353] {dag.py:2914} INFO - Setting next_dagrun for example_kubernetes_executor to None
[2021-10-21 15:54:12,411] {processor.py:171} INFO - Processing /home/airflow/.local/lib/python3.6/site-packages/airflow/example_dags/example_kubernetes_executor.py took 0.397 seconds
[2021-10-21 15:54:42,620] {processor.py:163} INFO - Started process (PID=221) to work on /home/airflow/.local/lib/python3.6/site-packages/airflow/example_dags/example_kubernetes_executor.py
[2021-10-21 15:54:42,623] {processor.py:620} INFO - Processing file /home/airflow/.local/lib/python3.6/site-packages/airflow/example_dags/example_kubernetes_executor.py for tasks to queue
[2021-10-21 15:54:42,631] {logging_mixin.py:109} INFO - [2021-10-21 15:54:42,631] {dagbag.py:500} INFO - Filling up the DagBag from /home/airflow/.local/lib/python3.6/site-packages/airflow/example_dags/example_kubernetes_executor.py
[2021-10-21 15:54:42,754] {processor.py:632} INFO - DAG(s) dict_keys(['example_kubernetes_executor']) retrieved from /home/airflow/.local/lib/python3.6/site-packages/airflow/example_dags/example_kubernetes_executor.py
[2021-10-21 15:54:42,799] {logging_mixin.py:109} INFO - [2021-10-21 15:54:42,799] {dag.py:2389} INFO - Sync 1 DAGs
[2021-10-21 15:54:42,849] {logging_mixin.py:109} INFO - [2021-10-21 15:54:42,849] {dag.py:2914} INFO - Setting next_dagrun for example_kubernetes_executor to None
[2021-10-21 15:54:42,872] {processor.py:171} INFO - Processing /home/airflow/.local/lib/python3.6/site-packages/airflow/example_dags/example_kubernetes_executor.py took 0.264 seconds
[2021-10-21 15:55:13,964] {processor.py:163} INFO - Started process (PID=274) to work on /home/airflow/.local/lib/python3.6/site-packages/airflow/example_dags/example_kubernetes_executor.py
[2021-10-21 15:55:13,972] {processor.py:620} INFO - Processing file /home/airflow/.local/lib/python3.6/site-packages/airflow/example_dags/example_kubernetes_executor.py for tasks to queue
[2021-10-21 15:55:13,977] {logging_mixin.py:109} INFO - [2021-10-21 15:55:13,977] {dagbag.py:500} INFO - Filling up the DagBag from /home/airflow/.local/lib/python3.6/site-packages/airflow/example_dags/example_kubernetes_executor.py
[2021-10-21 15:55:14,050] {processor.py:632} INFO - DAG(s) dict_keys(['example_kubernetes_executor']) retrieved from /home/airflow/.local/lib/python3.6/site-packages/airflow/example_dags/example_kubernetes_executor.py
[2021-10-21 15:55:14,072] {logging_mixin.py:109} INFO - [2021-10-21 15:55:14,072] {dag.py:2389} INFO - Sync 1 DAGs
[2021-10-21 15:55:14,097] {logging_mixin.py:109} INFO - [2021-10-21 15:55:14,097] {dag.py:2914} INFO - Setting next_dagrun for example_kubernetes_executor to None
[2021-10-21 15:55:14,121] {processor.py:171} INFO - Processing /home/airflow/.local/lib/python3.6/site-packages/airflow/example_dags/example_kubernetes_executor.py took 0.169 seconds
[2021-10-21 15:55:44,626] {processor.py:163} INFO - Started process (PID=339) to work on /home/airflow/.local/lib/python3.6/site-packages/airflow/example_dags/example_kubernetes_executor.py
[2021-10-21 15:55:44,634] {processor.py:620} INFO - Processing file /home/airflow/.local/lib/python3.6/site-packages/airflow/example_dags/example_kubernetes_executor.py for tasks to queue
[2021-10-21 15:55:44,637] {logging_mixin.py:109} INFO - [2021-10-21 15:55:44,637] {dagbag.py:500} INFO - Filling up the DagBag from /home/airflow/.local/lib/python3.6/site-packages/airflow/example_dags/example_kubernetes_executor.py
[2021-10-21 15:55:44,700] {processor.py:632} INFO - DAG(s) dict_keys(['example_kubernetes_executor']) retrieved from /home/airflow/.local/lib/python3.6/site-packages/airflow/example_dags/example_kubernetes_executor.py
[2021-10-21 15:55:44,725] {logging_mixin.py:109} INFO - [2021-10-21 15:55:44,725] {dag.py:2389} INFO - Sync 1 DAGs
[2021-10-21 15:55:44,759] {logging_mixin.py:109} INFO - [2021-10-21 15:55:44,759] {dag.py:2914} INFO - Setting next_dagrun for example_kubernetes_executor to None
[2021-10-21 15:55:44,790] {processor.py:171} INFO - Processing /home/airflow/.local/lib/python3.6/site-packages/airflow/example_dags/example_kubernetes_executor.py took 0.173 seconds
[2021-10-21 15:56:15,082] {processor.py:163} INFO - Started process (PID=396) to work on /home/airflow/.local/lib/python3.6/site-packages/airflow/example_dags/example_kubernetes_executor.py
[2021-10-21 15:56:15,084] {processor.py:620} INFO - Processing file /home/airflow/.local/lib/python3.6/site-packages/airflow/example_dags/example_kubernetes_executor.py for tasks to queue
[2021-10-21 15:56:15,086] {logging_mixin.py:109} INFO - [2021-10-21 15:56:15,086] {dagbag.py:500} INFO - Filling up the DagBag from /home/airflow/.local/lib/python3.6/site-packages/airflow/example_dags/example_kubernetes_executor.py
[2021-10-21 15:56:15,131] {processor.py:632} INFO - DAG(s) dict_keys(['example_kubernetes_executor']) retrieved from /home/airflow/.local/lib/python3.6/site-packages/airflow/example_dags/example_kubernetes_executor.py
[2021-10-21 15:56:15,152] {logging_mixin.py:109} INFO - [2021-10-21 15:56:15,151] {dag.py:2389} INFO - Sync 1 DAGs
[2021-10-21 15:56:15,188] {logging_mixin.py:109} INFO - [2021-10-21 15:56:15,188] {dag.py:2914} INFO - Setting next_dagrun for example_kubernetes_executor to None
[2021-10-21 15:56:15,202] {processor.py:171} INFO - Processing /home/airflow/.local/lib/python3.6/site-packages/airflow/example_dags/example_kubernetes_executor.py took 0.124 seconds
[2021-10-21 15:56:46,039] {processor.py:163} INFO - Started process (PID=450) to work on /home/airflow/.local/lib/python3.6/site-packages/airflow/example_dags/example_kubernetes_executor.py
[2021-10-21 15:56:46,041] {processor.py:620} INFO - Processing file /home/airflow/.local/lib/python3.6/site-packages/airflow/example_dags/example_kubernetes_executor.py for tasks to queue
[2021-10-21 15:56:46,048] {logging_mixin.py:109} INFO - [2021-10-21 15:56:46,048] {dagbag.py:500} INFO - Filling up the DagBag from /home/airflow/.local/lib/python3.6/site-packages/airflow/example_dags/example_kubernetes_executor.py
[2021-10-21 15:56:46,086] {processor.py:632} INFO - DAG(s) dict_keys(['example_kubernetes_executor']) retrieved from /home/airflow/.local/lib/python3.6/site-packages/airflow/example_dags/example_kubernetes_executor.py
[2021-10-21 15:56:46,098] {logging_mixin.py:109} INFO - [2021-10-21 15:56:46,098] {dag.py:2389} INFO - Sync 1 DAGs
[2021-10-21 15:56:46,117] {logging_mixin.py:109} INFO - [2021-10-21 15:56:46,117] {dag.py:2914} INFO - Setting next_dagrun for example_kubernetes_executor to None
[2021-10-21 15:56:46,126] {processor.py:171} INFO - Processing /home/airflow/.local/lib/python3.6/site-packages/airflow/example_dags/example_kubernetes_executor.py took 0.091 seconds
[2021-10-21 15:57:17,045] {processor.py:163} INFO - Started process (PID=518) to work on /home/airflow/.local/lib/python3.6/site-packages/airflow/example_dags/example_kubernetes_executor.py
[2021-10-21 15:57:17,060] {processor.py:620} INFO - Processing file /home/airflow/.local/lib/python3.6/site-packages/airflow/example_dags/example_kubernetes_executor.py for tasks to queue
[2021-10-21 15:57:17,062] {logging_mixin.py:109} INFO - [2021-10-21 15:57:17,061] {dagbag.py:500} INFO - Filling up the DagBag from /home/airflow/.local/lib/python3.6/site-packages/airflow/example_dags/example_kubernetes_executor.py
[2021-10-21 15:57:17,152] {processor.py:632} INFO - DAG(s) dict_keys(['example_kubernetes_executor']) retrieved from /home/airflow/.local/lib/python3.6/site-packages/airflow/example_dags/example_kubernetes_executor.py
[2021-10-21 15:57:17,169] {logging_mixin.py:109} INFO - [2021-10-21 15:57:17,169] {dag.py:2389} INFO - Sync 1 DAGs
[2021-10-21 15:57:17,202] {logging_mixin.py:109} INFO - [2021-10-21 15:57:17,202] {dag.py:2914} INFO - Setting next_dagrun for example_kubernetes_executor to None
[2021-10-21 15:57:17,229] {processor.py:171} INFO - Processing /home/airflow/.local/lib/python3.6/site-packages/airflow/example_dags/example_kubernetes_executor.py took 0.199 seconds
[2021-10-21 15:57:48,478] {processor.py:163} INFO - Started process (PID=576) to work on /home/airflow/.local/lib/python3.6/site-packages/airflow/example_dags/example_kubernetes_executor.py
[2021-10-21 15:57:48,483] {processor.py:620} INFO - Processing file /home/airflow/.local/lib/python3.6/site-packages/airflow/example_dags/example_kubernetes_executor.py for tasks to queue
[2021-10-21 15:57:48,486] {logging_mixin.py:109} INFO - [2021-10-21 15:57:48,486] {dagbag.py:500} INFO - Filling up the DagBag from /home/airflow/.local/lib/python3.6/site-packages/airflow/example_dags/example_kubernetes_executor.py
[2021-10-21 15:57:48,652] {processor.py:632} INFO - DAG(s) dict_keys(['example_kubernetes_executor']) retrieved from /home/airflow/.local/lib/python3.6/site-packages/airflow/example_dags/example_kubernetes_executor.py
[2021-10-21 15:57:48,807] {logging_mixin.py:109} INFO - [2021-10-21 15:57:48,807] {dag.py:2389} INFO - Sync 1 DAGs
[2021-10-21 15:57:48,985] {logging_mixin.py:109} INFO - [2021-10-21 15:57:48,985] {dag.py:2914} INFO - Setting next_dagrun for example_kubernetes_executor to None
[2021-10-21 15:57:49,030] {processor.py:171} INFO - Processing /home/airflow/.local/lib/python3.6/site-packages/airflow/example_dags/example_kubernetes_executor.py took 0.563 seconds
[2021-10-21 15:58:20,097] {processor.py:163} INFO - Started process (PID=632) to work on /home/airflow/.local/lib/python3.6/site-packages/airflow/example_dags/example_kubernetes_executor.py
[2021-10-21 15:58:20,105] {processor.py:620} INFO - Processing file /home/airflow/.local/lib/python3.6/site-packages/airflow/example_dags/example_kubernetes_executor.py for tasks to queue
[2021-10-21 15:58:20,108] {logging_mixin.py:109} INFO - [2021-10-21 15:58:20,107] {dagbag.py:500} INFO - Filling up the DagBag from /home/airflow/.local/lib/python3.6/site-packages/airflow/example_dags/example_kubernetes_executor.py
[2021-10-21 15:58:20,146] {processor.py:632} INFO - DAG(s) dict_keys(['example_kubernetes_executor']) retrieved from /home/airflow/.local/lib/python3.6/site-packages/airflow/example_dags/example_kubernetes_executor.py
[2021-10-21 15:58:20,162] {logging_mixin.py:109} INFO - [2021-10-21 15:58:20,162] {dag.py:2389} INFO - Sync 1 DAGs
[2021-10-21 15:58:20,182] {logging_mixin.py:109} INFO - [2021-10-21 15:58:20,182] {dag.py:2914} INFO - Setting next_dagrun for example_kubernetes_executor to None
[2021-10-21 15:58:20,197] {processor.py:171} INFO - Processing /home/airflow/.local/lib/python3.6/site-packages/airflow/example_dags/example_kubernetes_executor.py took 0.105 seconds
[2021-10-21 15:58:50,869] {processor.py:163} INFO - Started process (PID=685) to work on /home/airflow/.local/lib/python3.6/site-packages/airflow/example_dags/example_kubernetes_executor.py
[2021-10-21 15:58:50,871] {processor.py:620} INFO - Processing file /home/airflow/.local/lib/python3.6/site-packages/airflow/example_dags/example_kubernetes_executor.py for tasks to queue
[2021-10-21 15:58:50,872] {logging_mixin.py:109} INFO - [2021-10-21 15:58:50,872] {dagbag.py:500} INFO - Filling up the DagBag from /home/airflow/.local/lib/python3.6/site-packages/airflow/example_dags/example_kubernetes_executor.py
[2021-10-21 15:58:50,912] {processor.py:632} INFO - DAG(s) dict_keys(['example_kubernetes_executor']) retrieved from /home/airflow/.local/lib/python3.6/site-packages/airflow/example_dags/example_kubernetes_executor.py
[2021-10-21 15:58:50,938] {logging_mixin.py:109} INFO - [2021-10-21 15:58:50,938] {dag.py:2389} INFO - Sync 1 DAGs
[2021-10-21 15:58:50,964] {logging_mixin.py:109} INFO - [2021-10-21 15:58:50,964] {dag.py:2914} INFO - Setting next_dagrun for example_kubernetes_executor to None
[2021-10-21 15:58:50,979] {processor.py:171} INFO - Processing /home/airflow/.local/lib/python3.6/site-packages/airflow/example_dags/example_kubernetes_executor.py took 0.114 seconds
[2021-10-21 15:59:21,188] {processor.py:163} INFO - Started process (PID=742) to work on /home/airflow/.local/lib/python3.6/site-packages/airflow/example_dags/example_kubernetes_executor.py
[2021-10-21 15:59:21,195] {processor.py:620} INFO - Processing file /home/airflow/.local/lib/python3.6/site-packages/airflow/example_dags/example_kubernetes_executor.py for tasks to queue
[2021-10-21 15:59:21,197] {logging_mixin.py:109} INFO - [2021-10-21 15:59:21,196] {dagbag.py:500} INFO - Filling up the DagBag from /home/airflow/.local/lib/python3.6/site-packages/airflow/example_dags/example_kubernetes_executor.py
[2021-10-21 15:59:21,259] {processor.py:632} INFO - DAG(s) dict_keys(['example_kubernetes_executor']) retrieved from /home/airflow/.local/lib/python3.6/site-packages/airflow/example_dags/example_kubernetes_executor.py
[2021-10-21 15:59:21,312] {logging_mixin.py:109} INFO - [2021-10-21 15:59:21,312] {dag.py:2389} INFO - Sync 1 DAGs
[2021-10-21 15:59:21,372] {logging_mixin.py:109} INFO - [2021-10-21 15:59:21,371] {dag.py:2914} INFO - Setting next_dagrun for example_kubernetes_executor to None
[2021-10-21 15:59:21,387] {processor.py:171} INFO - Processing /home/airflow/.local/lib/python3.6/site-packages/airflow/example_dags/example_kubernetes_executor.py took 0.205 seconds
[2021-10-21 15:59:51,581] {processor.py:163} INFO - Started process (PID=809) to work on /home/airflow/.local/lib/python3.6/site-packages/airflow/example_dags/example_kubernetes_executor.py
[2021-10-21 15:59:51,587] {processor.py:620} INFO - Processing file /home/airflow/.local/lib/python3.6/site-packages/airflow/example_dags/example_kubernetes_executor.py for tasks to queue
[2021-10-21 15:59:51,592] {logging_mixin.py:109} INFO - [2021-10-21 15:59:51,592] {dagbag.py:500} INFO - Filling up the DagBag from /home/airflow/.local/lib/python3.6/site-packages/airflow/example_dags/example_kubernetes_executor.py
[2021-10-21 15:59:51,660] {processor.py:632} INFO - DAG(s) dict_keys(['example_kubernetes_executor']) retrieved from /home/airflow/.local/lib/python3.6/site-packages/airflow/example_dags/example_kubernetes_executor.py
[2021-10-21 15:59:51,689] {logging_mixin.py:109} INFO - [2021-10-21 15:59:51,689] {dag.py:2389} INFO - Sync 1 DAGs
[2021-10-21 15:59:51,729] {logging_mixin.py:109} INFO - [2021-10-21 15:59:51,729] {dag.py:2914} INFO - Setting next_dagrun for example_kubernetes_executor to None
[2021-10-21 15:59:51,753] {processor.py:171} INFO - Processing /home/airflow/.local/lib/python3.6/site-packages/airflow/example_dags/example_kubernetes_executor.py took 0.184 seconds
[2021-10-21 16:00:21,924] {processor.py:163} INFO - Started process (PID=867) to work on /home/airflow/.local/lib/python3.6/site-packages/airflow/example_dags/example_kubernetes_executor.py
[2021-10-21 16:00:21,927] {processor.py:620} INFO - Processing file /home/airflow/.local/lib/python3.6/site-packages/airflow/example_dags/example_kubernetes_executor.py for tasks to queue
[2021-10-21 16:00:21,931] {logging_mixin.py:109} INFO - [2021-10-21 16:00:21,930] {dagbag.py:500} INFO - Filling up the DagBag from /home/airflow/.local/lib/python3.6/site-packages/airflow/example_dags/example_kubernetes_executor.py
[2021-10-21 16:00:22,104] {processor.py:632} INFO - DAG(s) dict_keys(['example_kubernetes_executor']) retrieved from /home/airflow/.local/lib/python3.6/site-packages/airflow/example_dags/example_kubernetes_executor.py
[2021-10-21 16:00:22,318] {logging_mixin.py:109} INFO - [2021-10-21 16:00:22,318] {dag.py:2389} INFO - Sync 1 DAGs
[2021-10-21 16:00:22,980] {logging_mixin.py:109} INFO - [2021-10-21 16:00:22,980] {dag.py:2914} INFO - Setting next_dagrun for example_kubernetes_executor to None
[2021-10-21 16:00:23,527] {processor.py:171} INFO - Processing /home/airflow/.local/lib/python3.6/site-packages/airflow/example_dags/example_kubernetes_executor.py took 1.612 seconds
[2021-10-21 16:00:54,189] {processor.py:163} INFO - Started process (PID=920) to work on /home/airflow/.local/lib/python3.6/site-packages/airflow/example_dags/example_kubernetes_executor.py
[2021-10-21 16:00:54,191] {processor.py:620} INFO - Processing file /home/airflow/.local/lib/python3.6/site-packages/airflow/example_dags/example_kubernetes_executor.py for tasks to queue
[2021-10-21 16:00:54,194] {logging_mixin.py:109} INFO - [2021-10-21 16:00:54,194] {dagbag.py:500} INFO - Filling up the DagBag from /home/airflow/.local/lib/python3.6/site-packages/airflow/example_dags/example_kubernetes_executor.py
[2021-10-21 16:00:54,286] {processor.py:632} INFO - DAG(s) dict_keys(['example_kubernetes_executor']) retrieved from /home/airflow/.local/lib/python3.6/site-packages/airflow/example_dags/example_kubernetes_executor.py
[2021-10-21 16:00:54,326] {logging_mixin.py:109} INFO - [2021-10-21 16:00:54,326] {dag.py:2389} INFO - Sync 1 DAGs
[2021-10-21 16:00:54,395] {logging_mixin.py:109} INFO - [2021-10-21 16:00:54,395] {dag.py:2914} INFO - Setting next_dagrun for example_kubernetes_executor to None
[2021-10-21 16:00:54,412] {processor.py:171} INFO - Processing /home/airflow/.local/lib/python3.6/site-packages/airflow/example_dags/example_kubernetes_executor.py took 0.231 seconds
[2021-10-21 16:01:24,594] {processor.py:163} INFO - Started process (PID=977) to work on /home/airflow/.local/lib/python3.6/site-packages/airflow/example_dags/example_kubernetes_executor.py
[2021-10-21 16:01:24,629] {processor.py:620} INFO - Processing file /home/airflow/.local/lib/python3.6/site-packages/airflow/example_dags/example_kubernetes_executor.py for tasks to queue
[2021-10-21 16:01:24,642] {logging_mixin.py:109} INFO - [2021-10-21 16:01:24,642] {dagbag.py:500} INFO - Filling up the DagBag from /home/airflow/.local/lib/python3.6/site-packages/airflow/example_dags/example_kubernetes_executor.py
[2021-10-21 16:01:24,861] {processor.py:632} INFO - DAG(s) dict_keys(['example_kubernetes_executor']) retrieved from /home/airflow/.local/lib/python3.6/site-packages/airflow/example_dags/example_kubernetes_executor.py
[2021-10-21 16:01:24,899] {logging_mixin.py:109} INFO - [2021-10-21 16:01:24,899] {dag.py:2389} INFO - Sync 1 DAGs
[2021-10-21 16:01:24,955] {logging_mixin.py:109} INFO - [2021-10-21 16:01:24,955] {dag.py:2914} INFO - Setting next_dagrun for example_kubernetes_executor to None
[2021-10-21 16:01:24,981] {processor.py:171} INFO - Processing /home/airflow/.local/lib/python3.6/site-packages/airflow/example_dags/example_kubernetes_executor.py took 0.399 seconds
[2021-10-21 16:01:55,317] {processor.py:163} INFO - Started process (PID=1030) to work on /home/airflow/.local/lib/python3.6/site-packages/airflow/example_dags/example_kubernetes_executor.py
[2021-10-21 16:01:55,349] {processor.py:620} INFO - Processing file /home/airflow/.local/lib/python3.6/site-packages/airflow/example_dags/example_kubernetes_executor.py for tasks to queue
[2021-10-21 16:01:55,352] {logging_mixin.py:109} INFO - [2021-10-21 16:01:55,351] {dagbag.py:500} INFO - Filling up the DagBag from /home/airflow/.local/lib/python3.6/site-packages/airflow/example_dags/example_kubernetes_executor.py
[2021-10-21 16:01:55,516] {processor.py:632} INFO - DAG(s) dict_keys(['example_kubernetes_executor']) retrieved from /home/airflow/.local/lib/python3.6/site-packages/airflow/example_dags/example_kubernetes_executor.py
[2021-10-21 16:01:55,567] {logging_mixin.py:109} INFO - [2021-10-21 16:01:55,567] {dag.py:2389} INFO - Sync 1 DAGs
[2021-10-21 16:01:55,640] {logging_mixin.py:109} INFO - [2021-10-21 16:01:55,640] {dag.py:2914} INFO - Setting next_dagrun for example_kubernetes_executor to None
[2021-10-21 16:01:55,674] {processor.py:171} INFO - Processing /home/airflow/.local/lib/python3.6/site-packages/airflow/example_dags/example_kubernetes_executor.py took 0.373 seconds
[2021-10-21 16:02:26,557] {processor.py:163} INFO - Started process (PID=1074) to work on /home/airflow/.local/lib/python3.6/site-packages/airflow/example_dags/example_kubernetes_executor.py
[2021-10-21 16:02:26,574] {processor.py:620} INFO - Processing file /home/airflow/.local/lib/python3.6/site-packages/airflow/example_dags/example_kubernetes_executor.py for tasks to queue
[2021-10-21 16:02:26,580] {logging_mixin.py:109} INFO - [2021-10-21 16:02:26,579] {dagbag.py:500} INFO - Filling up the DagBag from /home/airflow/.local/lib/python3.6/site-packages/airflow/example_dags/example_kubernetes_executor.py
[2021-10-21 16:02:26,646] {processor.py:632} INFO - DAG(s) dict_keys(['example_kubernetes_executor']) retrieved from /home/airflow/.local/lib/python3.6/site-packages/airflow/example_dags/example_kubernetes_executor.py
[2021-10-21 16:02:26,665] {logging_mixin.py:109} INFO - [2021-10-21 16:02:26,665] {dag.py:2389} INFO - Sync 1 DAGs
[2021-10-21 16:02:26,708] {logging_mixin.py:109} INFO - [2021-10-21 16:02:26,708] {dag.py:2914} INFO - Setting next_dagrun for example_kubernetes_executor to None
[2021-10-21 16:02:26,758] {processor.py:171} INFO - Processing /home/airflow/.local/lib/python3.6/site-packages/airflow/example_dags/example_kubernetes_executor.py took 0.213 seconds
[2021-10-21 16:02:57,832] {processor.py:163} INFO - Started process (PID=1127) to work on /home/airflow/.local/lib/python3.6/site-packages/airflow/example_dags/example_kubernetes_executor.py
[2021-10-21 16:02:57,840] {processor.py:620} INFO - Processing file /home/airflow/.local/lib/python3.6/site-packages/airflow/example_dags/example_kubernetes_executor.py for tasks to queue
[2021-10-21 16:02:57,843] {logging_mixin.py:109} INFO - [2021-10-21 16:02:57,843] {dagbag.py:500} INFO - Filling up the DagBag from /home/airflow/.local/lib/python3.6/site-packages/airflow/example_dags/example_kubernetes_executor.py
[2021-10-21 16:02:58,019] {processor.py:632} INFO - DAG(s) dict_keys(['example_kubernetes_executor']) retrieved from /home/airflow/.local/lib/python3.6/site-packages/airflow/example_dags/example_kubernetes_executor.py
[2021-10-21 16:02:58,052] {logging_mixin.py:109} INFO - [2021-10-21 16:02:58,052] {dag.py:2389} INFO - Sync 1 DAGs
[2021-10-21 16:02:58,094] {logging_mixin.py:109} INFO - [2021-10-21 16:02:58,093] {dag.py:2914} INFO - Setting next_dagrun for example_kubernetes_executor to None
[2021-10-21 16:02:58,107] {processor.py:171} INFO - Processing /home/airflow/.local/lib/python3.6/site-packages/airflow/example_dags/example_kubernetes_executor.py took 0.320 seconds
[2021-10-21 16:03:28,156] {processor.py:163} INFO - Started process (PID=1194) to work on /home/airflow/.local/lib/python3.6/site-packages/airflow/example_dags/example_kubernetes_executor.py
[2021-10-21 16:03:28,163] {processor.py:620} INFO - Processing file /home/airflow/.local/lib/python3.6/site-packages/airflow/example_dags/example_kubernetes_executor.py for tasks to queue
[2021-10-21 16:03:28,165] {logging_mixin.py:109} INFO - [2021-10-21 16:03:28,165] {dagbag.py:500} INFO - Filling up the DagBag from /home/airflow/.local/lib/python3.6/site-packages/airflow/example_dags/example_kubernetes_executor.py
[2021-10-21 16:03:28,206] {processor.py:632} INFO - DAG(s) dict_keys(['example_kubernetes_executor']) retrieved from /home/airflow/.local/lib/python3.6/site-packages/airflow/example_dags/example_kubernetes_executor.py
[2021-10-21 16:03:28,220] {logging_mixin.py:109} INFO - [2021-10-21 16:03:28,220] {dag.py:2389} INFO - Sync 1 DAGs
[2021-10-21 16:03:28,242] {logging_mixin.py:109} INFO - [2021-10-21 16:03:28,242] {dag.py:2914} INFO - Setting next_dagrun for example_kubernetes_executor to None
[2021-10-21 16:03:28,254] {processor.py:171} INFO - Processing /home/airflow/.local/lib/python3.6/site-packages/airflow/example_dags/example_kubernetes_executor.py took 0.104 seconds
[2021-10-21 16:03:58,547] {processor.py:163} INFO - Started process (PID=1252) to work on /home/airflow/.local/lib/python3.6/site-packages/airflow/example_dags/example_kubernetes_executor.py
[2021-10-21 16:03:58,551] {processor.py:620} INFO - Processing file /home/airflow/.local/lib/python3.6/site-packages/airflow/example_dags/example_kubernetes_executor.py for tasks to queue
[2021-10-21 16:03:58,554] {logging_mixin.py:109} INFO - [2021-10-21 16:03:58,554] {dagbag.py:500} INFO - Filling up the DagBag from /home/airflow/.local/lib/python3.6/site-packages/airflow/example_dags/example_kubernetes_executor.py
[2021-10-21 16:03:58,596] {processor.py:632} INFO - DAG(s) dict_keys(['example_kubernetes_executor']) retrieved from /home/airflow/.local/lib/python3.6/site-packages/airflow/example_dags/example_kubernetes_executor.py
[2021-10-21 16:03:58,628] {logging_mixin.py:109} INFO - [2021-10-21 16:03:58,627] {dag.py:2389} INFO - Sync 1 DAGs
[2021-10-21 16:03:58,653] {logging_mixin.py:109} INFO - [2021-10-21 16:03:58,653] {dag.py:2914} INFO - Setting next_dagrun for example_kubernetes_executor to None
[2021-10-21 16:03:58,667] {processor.py:171} INFO - Processing /home/airflow/.local/lib/python3.6/site-packages/airflow/example_dags/example_kubernetes_executor.py took 0.126 seconds
[2021-10-21 16:04:28,994] {processor.py:163} INFO - Started process (PID=1305) to work on /home/airflow/.local/lib/python3.6/site-packages/airflow/example_dags/example_kubernetes_executor.py
[2021-10-21 16:04:28,997] {processor.py:620} INFO - Processing file /home/airflow/.local/lib/python3.6/site-packages/airflow/example_dags/example_kubernetes_executor.py for tasks to queue
[2021-10-21 16:04:29,000] {logging_mixin.py:109} INFO - [2021-10-21 16:04:29,000] {dagbag.py:500} INFO - Filling up the DagBag from /home/airflow/.local/lib/python3.6/site-packages/airflow/example_dags/example_kubernetes_executor.py
[2021-10-21 16:04:29,041] {processor.py:632} INFO - DAG(s) dict_keys(['example_kubernetes_executor']) retrieved from /home/airflow/.local/lib/python3.6/site-packages/airflow/example_dags/example_kubernetes_executor.py
[2021-10-21 16:04:29,071] {logging_mixin.py:109} INFO - [2021-10-21 16:04:29,071] {dag.py:2389} INFO - Sync 1 DAGs
[2021-10-21 16:04:29,122] {logging_mixin.py:109} INFO - [2021-10-21 16:04:29,122] {dag.py:2914} INFO - Setting next_dagrun for example_kubernetes_executor to None
[2021-10-21 16:04:29,147] {processor.py:171} INFO - Processing /home/airflow/.local/lib/python3.6/site-packages/airflow/example_dags/example_kubernetes_executor.py took 0.159 seconds
[2021-10-21 16:04:59,406] {processor.py:163} INFO - Started process (PID=1361) to work on /home/airflow/.local/lib/python3.6/site-packages/airflow/example_dags/example_kubernetes_executor.py
[2021-10-21 16:04:59,420] {processor.py:620} INFO - Processing file /home/airflow/.local/lib/python3.6/site-packages/airflow/example_dags/example_kubernetes_executor.py for tasks to queue
[2021-10-21 16:04:59,423] {logging_mixin.py:109} INFO - [2021-10-21 16:04:59,423] {dagbag.py:500} INFO - Filling up the DagBag from /home/airflow/.local/lib/python3.6/site-packages/airflow/example_dags/example_kubernetes_executor.py
[2021-10-21 16:04:59,505] {processor.py:632} INFO - DAG(s) dict_keys(['example_kubernetes_executor']) retrieved from /home/airflow/.local/lib/python3.6/site-packages/airflow/example_dags/example_kubernetes_executor.py
[2021-10-21 16:04:59,548] {logging_mixin.py:109} INFO - [2021-10-21 16:04:59,548] {dag.py:2389} INFO - Sync 1 DAGs
[2021-10-21 16:04:59,596] {logging_mixin.py:109} INFO - [2021-10-21 16:04:59,596] {dag.py:2914} INFO - Setting next_dagrun for example_kubernetes_executor to None
[2021-10-21 16:04:59,619] {processor.py:171} INFO - Processing /home/airflow/.local/lib/python3.6/site-packages/airflow/example_dags/example_kubernetes_executor.py took 0.217 seconds
[2021-10-21 16:05:30,038] {processor.py:163} INFO - Started process (PID=1414) to work on /home/airflow/.local/lib/python3.6/site-packages/airflow/example_dags/example_kubernetes_executor.py
[2021-10-21 16:05:30,046] {processor.py:620} INFO - Processing file /home/airflow/.local/lib/python3.6/site-packages/airflow/example_dags/example_kubernetes_executor.py for tasks to queue
[2021-10-21 16:05:30,048] {logging_mixin.py:109} INFO - [2021-10-21 16:05:30,047] {dagbag.py:500} INFO - Filling up the DagBag from /home/airflow/.local/lib/python3.6/site-packages/airflow/example_dags/example_kubernetes_executor.py
[2021-10-21 16:05:30,094] {processor.py:632} INFO - DAG(s) dict_keys(['example_kubernetes_executor']) retrieved from /home/airflow/.local/lib/python3.6/site-packages/airflow/example_dags/example_kubernetes_executor.py
[2021-10-21 16:05:30,112] {logging_mixin.py:109} INFO - [2021-10-21 16:05:30,112] {dag.py:2389} INFO - Sync 1 DAGs
[2021-10-21 16:05:30,135] {logging_mixin.py:109} INFO - [2021-10-21 16:05:30,135] {dag.py:2914} INFO - Setting next_dagrun for example_kubernetes_executor to None
[2021-10-21 16:05:30,150] {processor.py:171} INFO - Processing /home/airflow/.local/lib/python3.6/site-packages/airflow/example_dags/example_kubernetes_executor.py took 0.116 seconds
[2021-10-21 16:06:00,384] {processor.py:163} INFO - Started process (PID=1480) to work on /home/airflow/.local/lib/python3.6/site-packages/airflow/example_dags/example_kubernetes_executor.py
[2021-10-21 16:06:00,386] {processor.py:620} INFO - Processing file /home/airflow/.local/lib/python3.6/site-packages/airflow/example_dags/example_kubernetes_executor.py for tasks to queue
[2021-10-21 16:06:00,388] {logging_mixin.py:109} INFO - [2021-10-21 16:06:00,387] {dagbag.py:500} INFO - Filling up the DagBag from /home/airflow/.local/lib/python3.6/site-packages/airflow/example_dags/example_kubernetes_executor.py
[2021-10-21 16:06:00,445] {processor.py:632} INFO - DAG(s) dict_keys(['example_kubernetes_executor']) retrieved from /home/airflow/.local/lib/python3.6/site-packages/airflow/example_dags/example_kubernetes_executor.py
[2021-10-21 16:06:00,475] {logging_mixin.py:109} INFO - [2021-10-21 16:06:00,475] {dag.py:2389} INFO - Sync 1 DAGs
[2021-10-21 16:06:00,518] {logging_mixin.py:109} INFO - [2021-10-21 16:06:00,518] {dag.py:2914} INFO - Setting next_dagrun for example_kubernetes_executor to None
[2021-10-21 16:06:00,546] {processor.py:171} INFO - Processing /home/airflow/.local/lib/python3.6/site-packages/airflow/example_dags/example_kubernetes_executor.py took 0.171 seconds
[2021-10-21 16:06:30,736] {processor.py:163} INFO - Started process (PID=1536) to work on /home/airflow/.local/lib/python3.6/site-packages/airflow/example_dags/example_kubernetes_executor.py
[2021-10-21 16:06:30,739] {processor.py:620} INFO - Processing file /home/airflow/.local/lib/python3.6/site-packages/airflow/example_dags/example_kubernetes_executor.py for tasks to queue
[2021-10-21 16:06:30,742] {logging_mixin.py:109} INFO - [2021-10-21 16:06:30,742] {dagbag.py:500} INFO - Filling up the DagBag from /home/airflow/.local/lib/python3.6/site-packages/airflow/example_dags/example_kubernetes_executor.py
[2021-10-21 16:06:30,777] {processor.py:632} INFO - DAG(s) dict_keys(['example_kubernetes_executor']) retrieved from /home/airflow/.local/lib/python3.6/site-packages/airflow/example_dags/example_kubernetes_executor.py
[2021-10-21 16:06:30,793] {logging_mixin.py:109} INFO - [2021-10-21 16:06:30,793] {dag.py:2389} INFO - Sync 1 DAGs
[2021-10-21 16:06:30,812] {logging_mixin.py:109} INFO - [2021-10-21 16:06:30,812] {dag.py:2914} INFO - Setting next_dagrun for example_kubernetes_executor to None
[2021-10-21 16:06:30,823] {processor.py:171} INFO - Processing /home/airflow/.local/lib/python3.6/site-packages/airflow/example_dags/example_kubernetes_executor.py took 0.091 seconds
[2021-10-21 16:07:01,013] {processor.py:163} INFO - Started process (PID=1591) to work on /home/airflow/.local/lib/python3.6/site-packages/airflow/example_dags/example_kubernetes_executor.py
[2021-10-21 16:07:01,017] {processor.py:620} INFO - Processing file /home/airflow/.local/lib/python3.6/site-packages/airflow/example_dags/example_kubernetes_executor.py for tasks to queue
[2021-10-21 16:07:01,019] {logging_mixin.py:109} INFO - [2021-10-21 16:07:01,019] {dagbag.py:500} INFO - Filling up the DagBag from /home/airflow/.local/lib/python3.6/site-packages/airflow/example_dags/example_kubernetes_executor.py
[2021-10-21 16:07:01,114] {processor.py:632} INFO - DAG(s) dict_keys(['example_kubernetes_executor']) retrieved from /home/airflow/.local/lib/python3.6/site-packages/airflow/example_dags/example_kubernetes_executor.py
[2021-10-21 16:07:01,137] {logging_mixin.py:109} INFO - [2021-10-21 16:07:01,137] {dag.py:2389} INFO - Sync 1 DAGs
[2021-10-21 16:07:01,164] {logging_mixin.py:109} INFO - [2021-10-21 16:07:01,164] {dag.py:2914} INFO - Setting next_dagrun for example_kubernetes_executor to None
[2021-10-21 16:07:01,179] {processor.py:171} INFO - Processing /home/airflow/.local/lib/python3.6/site-packages/airflow/example_dags/example_kubernetes_executor.py took 0.179 seconds
