[2021-10-21 15:53:16,851] {processor.py:163} INFO - Started process (PID=73) to work on /home/airflow/.local/lib/python3.6/site-packages/airflow/example_dags/example_task_group.py
[2021-10-21 15:53:16,860] {processor.py:620} INFO - Processing file /home/airflow/.local/lib/python3.6/site-packages/airflow/example_dags/example_task_group.py for tasks to queue
[2021-10-21 15:53:16,867] {logging_mixin.py:109} INFO - [2021-10-21 15:53:16,867] {dagbag.py:500} INFO - Filling up the DagBag from /home/airflow/.local/lib/python3.6/site-packages/airflow/example_dags/example_task_group.py
[2021-10-21 15:53:17,042] {processor.py:632} INFO - DAG(s) dict_keys(['example_task_group']) retrieved from /home/airflow/.local/lib/python3.6/site-packages/airflow/example_dags/example_task_group.py
[2021-10-21 15:53:17,091] {logging_mixin.py:109} INFO - [2021-10-21 15:53:17,091] {dag.py:2389} INFO - Sync 1 DAGs
[2021-10-21 15:53:17,182] {logging_mixin.py:109} INFO - [2021-10-21 15:53:17,182] {dag.py:2914} INFO - Setting next_dagrun for example_task_group to 2021-10-20T15:53:17.181963+00:00
[2021-10-21 15:53:17,261] {processor.py:171} INFO - Processing /home/airflow/.local/lib/python3.6/site-packages/airflow/example_dags/example_task_group.py took 0.423 seconds
[2021-10-21 15:53:47,408] {processor.py:163} INFO - Started process (PID=127) to work on /home/airflow/.local/lib/python3.6/site-packages/airflow/example_dags/example_task_group.py
[2021-10-21 15:53:47,411] {processor.py:620} INFO - Processing file /home/airflow/.local/lib/python3.6/site-packages/airflow/example_dags/example_task_group.py for tasks to queue
[2021-10-21 15:53:47,413] {logging_mixin.py:109} INFO - [2021-10-21 15:53:47,413] {dagbag.py:500} INFO - Filling up the DagBag from /home/airflow/.local/lib/python3.6/site-packages/airflow/example_dags/example_task_group.py
[2021-10-21 15:53:47,466] {processor.py:632} INFO - DAG(s) dict_keys(['example_task_group']) retrieved from /home/airflow/.local/lib/python3.6/site-packages/airflow/example_dags/example_task_group.py
[2021-10-21 15:53:47,481] {logging_mixin.py:109} INFO - [2021-10-21 15:53:47,481] {dag.py:2389} INFO - Sync 1 DAGs
[2021-10-21 15:53:47,507] {logging_mixin.py:109} INFO - [2021-10-21 15:53:47,507] {dag.py:2914} INFO - Setting next_dagrun for example_task_group to 2021-10-20T15:53:47.507370+00:00
[2021-10-21 15:53:47,518] {processor.py:171} INFO - Processing /home/airflow/.local/lib/python3.6/site-packages/airflow/example_dags/example_task_group.py took 0.118 seconds
[2021-10-21 15:54:18,560] {processor.py:163} INFO - Started process (PID=190) to work on /home/airflow/.local/lib/python3.6/site-packages/airflow/example_dags/example_task_group.py
[2021-10-21 15:54:18,575] {processor.py:620} INFO - Processing file /home/airflow/.local/lib/python3.6/site-packages/airflow/example_dags/example_task_group.py for tasks to queue
[2021-10-21 15:54:18,582] {logging_mixin.py:109} INFO - [2021-10-21 15:54:18,577] {dagbag.py:500} INFO - Filling up the DagBag from /home/airflow/.local/lib/python3.6/site-packages/airflow/example_dags/example_task_group.py
[2021-10-21 15:54:18,689] {processor.py:632} INFO - DAG(s) dict_keys(['example_task_group']) retrieved from /home/airflow/.local/lib/python3.6/site-packages/airflow/example_dags/example_task_group.py
[2021-10-21 15:54:18,832] {logging_mixin.py:109} INFO - [2021-10-21 15:54:18,832] {dag.py:2389} INFO - Sync 1 DAGs
[2021-10-21 15:54:18,890] {logging_mixin.py:109} INFO - [2021-10-21 15:54:18,890] {dag.py:2914} INFO - Setting next_dagrun for example_task_group to 2021-10-20T15:54:18.884542+00:00
[2021-10-21 15:54:18,933] {processor.py:171} INFO - Processing /home/airflow/.local/lib/python3.6/site-packages/airflow/example_dags/example_task_group.py took 0.377 seconds
[2021-10-21 15:54:50,714] {processor.py:163} INFO - Started process (PID=245) to work on /home/airflow/.local/lib/python3.6/site-packages/airflow/example_dags/example_task_group.py
[2021-10-21 15:54:50,717] {processor.py:620} INFO - Processing file /home/airflow/.local/lib/python3.6/site-packages/airflow/example_dags/example_task_group.py for tasks to queue
[2021-10-21 15:54:50,720] {logging_mixin.py:109} INFO - [2021-10-21 15:54:50,719] {dagbag.py:500} INFO - Filling up the DagBag from /home/airflow/.local/lib/python3.6/site-packages/airflow/example_dags/example_task_group.py
[2021-10-21 15:54:50,759] {processor.py:632} INFO - DAG(s) dict_keys(['example_task_group']) retrieved from /home/airflow/.local/lib/python3.6/site-packages/airflow/example_dags/example_task_group.py
[2021-10-21 15:54:50,777] {logging_mixin.py:109} INFO - [2021-10-21 15:54:50,777] {dag.py:2389} INFO - Sync 1 DAGs
[2021-10-21 15:54:50,800] {logging_mixin.py:109} INFO - [2021-10-21 15:54:50,800] {dag.py:2914} INFO - Setting next_dagrun for example_task_group to 2021-10-20T15:54:50.800037+00:00
[2021-10-21 15:54:50,812] {processor.py:171} INFO - Processing /home/airflow/.local/lib/python3.6/site-packages/airflow/example_dags/example_task_group.py took 0.106 seconds
[2021-10-21 15:55:22,263] {processor.py:163} INFO - Started process (PID=299) to work on /home/airflow/.local/lib/python3.6/site-packages/airflow/example_dags/example_task_group.py
[2021-10-21 15:55:22,268] {processor.py:620} INFO - Processing file /home/airflow/.local/lib/python3.6/site-packages/airflow/example_dags/example_task_group.py for tasks to queue
[2021-10-21 15:55:22,270] {logging_mixin.py:109} INFO - [2021-10-21 15:55:22,269] {dagbag.py:500} INFO - Filling up the DagBag from /home/airflow/.local/lib/python3.6/site-packages/airflow/example_dags/example_task_group.py
[2021-10-21 15:55:22,317] {processor.py:632} INFO - DAG(s) dict_keys(['example_task_group']) retrieved from /home/airflow/.local/lib/python3.6/site-packages/airflow/example_dags/example_task_group.py
[2021-10-21 15:55:22,333] {logging_mixin.py:109} INFO - [2021-10-21 15:55:22,333] {dag.py:2389} INFO - Sync 1 DAGs
[2021-10-21 15:55:22,365] {logging_mixin.py:109} INFO - [2021-10-21 15:55:22,364] {dag.py:2914} INFO - Setting next_dagrun for example_task_group to 2021-10-20T15:55:22.364591+00:00
[2021-10-21 15:55:22,379] {processor.py:171} INFO - Processing /home/airflow/.local/lib/python3.6/site-packages/airflow/example_dags/example_task_group.py took 0.124 seconds
[2021-10-21 15:55:54,114] {processor.py:163} INFO - Started process (PID=353) to work on /home/airflow/.local/lib/python3.6/site-packages/airflow/example_dags/example_task_group.py
[2021-10-21 15:55:54,124] {processor.py:620} INFO - Processing file /home/airflow/.local/lib/python3.6/site-packages/airflow/example_dags/example_task_group.py for tasks to queue
[2021-10-21 15:55:54,189] {logging_mixin.py:109} INFO - [2021-10-21 15:55:54,188] {dagbag.py:500} INFO - Filling up the DagBag from /home/airflow/.local/lib/python3.6/site-packages/airflow/example_dags/example_task_group.py
[2021-10-21 15:55:54,397] {processor.py:632} INFO - DAG(s) dict_keys(['example_task_group']) retrieved from /home/airflow/.local/lib/python3.6/site-packages/airflow/example_dags/example_task_group.py
[2021-10-21 15:55:54,591] {logging_mixin.py:109} INFO - [2021-10-21 15:55:54,582] {dag.py:2389} INFO - Sync 1 DAGs
[2021-10-21 15:55:54,929] {logging_mixin.py:109} INFO - [2021-10-21 15:55:54,929] {dag.py:2914} INFO - Setting next_dagrun for example_task_group to 2021-10-20T15:55:54.928433+00:00
[2021-10-21 15:55:54,994] {processor.py:171} INFO - Processing /home/airflow/.local/lib/python3.6/site-packages/airflow/example_dags/example_task_group.py took 0.892 seconds
[2021-10-21 15:56:25,816] {processor.py:163} INFO - Started process (PID=420) to work on /home/airflow/.local/lib/python3.6/site-packages/airflow/example_dags/example_task_group.py
[2021-10-21 15:56:25,819] {processor.py:620} INFO - Processing file /home/airflow/.local/lib/python3.6/site-packages/airflow/example_dags/example_task_group.py for tasks to queue
[2021-10-21 15:56:25,821] {logging_mixin.py:109} INFO - [2021-10-21 15:56:25,821] {dagbag.py:500} INFO - Filling up the DagBag from /home/airflow/.local/lib/python3.6/site-packages/airflow/example_dags/example_task_group.py
[2021-10-21 15:56:25,894] {processor.py:632} INFO - DAG(s) dict_keys(['example_task_group']) retrieved from /home/airflow/.local/lib/python3.6/site-packages/airflow/example_dags/example_task_group.py
[2021-10-21 15:56:25,929] {logging_mixin.py:109} INFO - [2021-10-21 15:56:25,929] {dag.py:2389} INFO - Sync 1 DAGs
[2021-10-21 15:56:25,963] {logging_mixin.py:109} INFO - [2021-10-21 15:56:25,963] {dag.py:2914} INFO - Setting next_dagrun for example_task_group to 2021-10-20T15:56:25.962925+00:00
[2021-10-21 15:56:25,993] {processor.py:171} INFO - Processing /home/airflow/.local/lib/python3.6/site-packages/airflow/example_dags/example_task_group.py took 0.191 seconds
[2021-10-21 15:56:56,101] {processor.py:163} INFO - Started process (PID=477) to work on /home/airflow/.local/lib/python3.6/site-packages/airflow/example_dags/example_task_group.py
[2021-10-21 15:56:56,112] {processor.py:620} INFO - Processing file /home/airflow/.local/lib/python3.6/site-packages/airflow/example_dags/example_task_group.py for tasks to queue
[2021-10-21 15:56:56,114] {logging_mixin.py:109} INFO - [2021-10-21 15:56:56,114] {dagbag.py:500} INFO - Filling up the DagBag from /home/airflow/.local/lib/python3.6/site-packages/airflow/example_dags/example_task_group.py
[2021-10-21 15:56:56,199] {processor.py:632} INFO - DAG(s) dict_keys(['example_task_group']) retrieved from /home/airflow/.local/lib/python3.6/site-packages/airflow/example_dags/example_task_group.py
[2021-10-21 15:56:56,233] {logging_mixin.py:109} INFO - [2021-10-21 15:56:56,233] {dag.py:2389} INFO - Sync 1 DAGs
[2021-10-21 15:56:56,280] {logging_mixin.py:109} INFO - [2021-10-21 15:56:56,279] {dag.py:2914} INFO - Setting next_dagrun for example_task_group to 2021-10-20T15:56:56.279748+00:00
[2021-10-21 15:56:56,292] {processor.py:171} INFO - Processing /home/airflow/.local/lib/python3.6/site-packages/airflow/example_dags/example_task_group.py took 0.199 seconds
[2021-10-21 15:57:26,459] {processor.py:163} INFO - Started process (PID=532) to work on /home/airflow/.local/lib/python3.6/site-packages/airflow/example_dags/example_task_group.py
[2021-10-21 15:57:26,462] {processor.py:620} INFO - Processing file /home/airflow/.local/lib/python3.6/site-packages/airflow/example_dags/example_task_group.py for tasks to queue
[2021-10-21 15:57:26,465] {logging_mixin.py:109} INFO - [2021-10-21 15:57:26,465] {dagbag.py:500} INFO - Filling up the DagBag from /home/airflow/.local/lib/python3.6/site-packages/airflow/example_dags/example_task_group.py
[2021-10-21 15:57:26,720] {processor.py:632} INFO - DAG(s) dict_keys(['example_task_group']) retrieved from /home/airflow/.local/lib/python3.6/site-packages/airflow/example_dags/example_task_group.py
[2021-10-21 15:57:26,865] {logging_mixin.py:109} INFO - [2021-10-21 15:57:26,865] {dag.py:2389} INFO - Sync 1 DAGs
[2021-10-21 15:57:26,914] {logging_mixin.py:109} INFO - [2021-10-21 15:57:26,913] {dag.py:2914} INFO - Setting next_dagrun for example_task_group to 2021-10-20T15:57:26.913526+00:00
[2021-10-21 15:57:26,955] {processor.py:171} INFO - Processing /home/airflow/.local/lib/python3.6/site-packages/airflow/example_dags/example_task_group.py took 0.507 seconds
[2021-10-21 15:57:57,126] {processor.py:163} INFO - Started process (PID=590) to work on /home/airflow/.local/lib/python3.6/site-packages/airflow/example_dags/example_task_group.py
[2021-10-21 15:57:57,138] {processor.py:620} INFO - Processing file /home/airflow/.local/lib/python3.6/site-packages/airflow/example_dags/example_task_group.py for tasks to queue
[2021-10-21 15:57:57,143] {logging_mixin.py:109} INFO - [2021-10-21 15:57:57,142] {dagbag.py:500} INFO - Filling up the DagBag from /home/airflow/.local/lib/python3.6/site-packages/airflow/example_dags/example_task_group.py
[2021-10-21 15:57:57,233] {processor.py:632} INFO - DAG(s) dict_keys(['example_task_group']) retrieved from /home/airflow/.local/lib/python3.6/site-packages/airflow/example_dags/example_task_group.py
[2021-10-21 15:57:57,266] {logging_mixin.py:109} INFO - [2021-10-21 15:57:57,266] {dag.py:2389} INFO - Sync 1 DAGs
[2021-10-21 15:57:57,293] {logging_mixin.py:109} INFO - [2021-10-21 15:57:57,293] {dag.py:2914} INFO - Setting next_dagrun for example_task_group to 2021-10-20T15:57:57.292675+00:00
[2021-10-21 15:57:57,304] {processor.py:171} INFO - Processing /home/airflow/.local/lib/python3.6/site-packages/airflow/example_dags/example_task_group.py took 0.187 seconds
[2021-10-21 15:58:27,829] {processor.py:163} INFO - Started process (PID=646) to work on /home/airflow/.local/lib/python3.6/site-packages/airflow/example_dags/example_task_group.py
[2021-10-21 15:58:27,838] {processor.py:620} INFO - Processing file /home/airflow/.local/lib/python3.6/site-packages/airflow/example_dags/example_task_group.py for tasks to queue
[2021-10-21 15:58:27,841] {logging_mixin.py:109} INFO - [2021-10-21 15:58:27,840] {dagbag.py:500} INFO - Filling up the DagBag from /home/airflow/.local/lib/python3.6/site-packages/airflow/example_dags/example_task_group.py
[2021-10-21 15:58:27,918] {processor.py:632} INFO - DAG(s) dict_keys(['example_task_group']) retrieved from /home/airflow/.local/lib/python3.6/site-packages/airflow/example_dags/example_task_group.py
[2021-10-21 15:58:27,953] {logging_mixin.py:109} INFO - [2021-10-21 15:58:27,952] {dag.py:2389} INFO - Sync 1 DAGs
[2021-10-21 15:58:27,981] {logging_mixin.py:109} INFO - [2021-10-21 15:58:27,980] {dag.py:2914} INFO - Setting next_dagrun for example_task_group to 2021-10-20T15:58:27.980438+00:00
[2021-10-21 15:58:28,004] {processor.py:171} INFO - Processing /home/airflow/.local/lib/python3.6/site-packages/airflow/example_dags/example_task_group.py took 0.183 seconds
[2021-10-21 15:58:59,041] {processor.py:163} INFO - Started process (PID=710) to work on /home/airflow/.local/lib/python3.6/site-packages/airflow/example_dags/example_task_group.py
[2021-10-21 15:58:59,044] {processor.py:620} INFO - Processing file /home/airflow/.local/lib/python3.6/site-packages/airflow/example_dags/example_task_group.py for tasks to queue
[2021-10-21 15:58:59,046] {logging_mixin.py:109} INFO - [2021-10-21 15:58:59,046] {dagbag.py:500} INFO - Filling up the DagBag from /home/airflow/.local/lib/python3.6/site-packages/airflow/example_dags/example_task_group.py
[2021-10-21 15:58:59,121] {processor.py:632} INFO - DAG(s) dict_keys(['example_task_group']) retrieved from /home/airflow/.local/lib/python3.6/site-packages/airflow/example_dags/example_task_group.py
[2021-10-21 15:58:59,172] {logging_mixin.py:109} INFO - [2021-10-21 15:58:59,172] {dag.py:2389} INFO - Sync 1 DAGs
[2021-10-21 15:58:59,235] {logging_mixin.py:109} INFO - [2021-10-21 15:58:59,234] {dag.py:2914} INFO - Setting next_dagrun for example_task_group to 2021-10-20T15:58:59.234153+00:00
[2021-10-21 15:58:59,246] {processor.py:171} INFO - Processing /home/airflow/.local/lib/python3.6/site-packages/airflow/example_dags/example_task_group.py took 0.208 seconds
[2021-10-21 15:59:29,454] {processor.py:163} INFO - Started process (PID=766) to work on /home/airflow/.local/lib/python3.6/site-packages/airflow/example_dags/example_task_group.py
[2021-10-21 15:59:29,457] {processor.py:620} INFO - Processing file /home/airflow/.local/lib/python3.6/site-packages/airflow/example_dags/example_task_group.py for tasks to queue
[2021-10-21 15:59:29,459] {logging_mixin.py:109} INFO - [2021-10-21 15:59:29,459] {dagbag.py:500} INFO - Filling up the DagBag from /home/airflow/.local/lib/python3.6/site-packages/airflow/example_dags/example_task_group.py
[2021-10-21 15:59:29,502] {processor.py:632} INFO - DAG(s) dict_keys(['example_task_group']) retrieved from /home/airflow/.local/lib/python3.6/site-packages/airflow/example_dags/example_task_group.py
[2021-10-21 15:59:29,518] {logging_mixin.py:109} INFO - [2021-10-21 15:59:29,518] {dag.py:2389} INFO - Sync 1 DAGs
[2021-10-21 15:59:29,559] {logging_mixin.py:109} INFO - [2021-10-21 15:59:29,559] {dag.py:2914} INFO - Setting next_dagrun for example_task_group to 2021-10-20T15:59:29.559203+00:00
[2021-10-21 15:59:29,575] {processor.py:171} INFO - Processing /home/airflow/.local/lib/python3.6/site-packages/airflow/example_dags/example_task_group.py took 0.125 seconds
[2021-10-21 16:00:01,352] {processor.py:163} INFO - Started process (PID=823) to work on /home/airflow/.local/lib/python3.6/site-packages/airflow/example_dags/example_task_group.py
[2021-10-21 16:00:01,356] {processor.py:620} INFO - Processing file /home/airflow/.local/lib/python3.6/site-packages/airflow/example_dags/example_task_group.py for tasks to queue
[2021-10-21 16:00:01,361] {logging_mixin.py:109} INFO - [2021-10-21 16:00:01,361] {dagbag.py:500} INFO - Filling up the DagBag from /home/airflow/.local/lib/python3.6/site-packages/airflow/example_dags/example_task_group.py
[2021-10-21 16:00:01,552] {processor.py:632} INFO - DAG(s) dict_keys(['example_task_group']) retrieved from /home/airflow/.local/lib/python3.6/site-packages/airflow/example_dags/example_task_group.py
[2021-10-21 16:00:01,603] {logging_mixin.py:109} INFO - [2021-10-21 16:00:01,603] {dag.py:2389} INFO - Sync 1 DAGs
[2021-10-21 16:00:01,685] {logging_mixin.py:109} INFO - [2021-10-21 16:00:01,684] {dag.py:2914} INFO - Setting next_dagrun for example_task_group to 2021-10-20T16:00:01.684660+00:00
[2021-10-21 16:00:01,727] {processor.py:171} INFO - Processing /home/airflow/.local/lib/python3.6/site-packages/airflow/example_dags/example_task_group.py took 0.383 seconds
[2021-10-21 16:00:33,664] {processor.py:163} INFO - Started process (PID=891) to work on /home/airflow/.local/lib/python3.6/site-packages/airflow/example_dags/example_task_group.py
[2021-10-21 16:00:33,678] {processor.py:620} INFO - Processing file /home/airflow/.local/lib/python3.6/site-packages/airflow/example_dags/example_task_group.py for tasks to queue
[2021-10-21 16:00:33,681] {logging_mixin.py:109} INFO - [2021-10-21 16:00:33,681] {dagbag.py:500} INFO - Filling up the DagBag from /home/airflow/.local/lib/python3.6/site-packages/airflow/example_dags/example_task_group.py
[2021-10-21 16:00:33,828] {processor.py:632} INFO - DAG(s) dict_keys(['example_task_group']) retrieved from /home/airflow/.local/lib/python3.6/site-packages/airflow/example_dags/example_task_group.py
[2021-10-21 16:00:33,881] {logging_mixin.py:109} INFO - [2021-10-21 16:00:33,881] {dag.py:2389} INFO - Sync 1 DAGs
[2021-10-21 16:00:33,927] {logging_mixin.py:109} INFO - [2021-10-21 16:00:33,927] {dag.py:2914} INFO - Setting next_dagrun for example_task_group to 2021-10-20T16:00:33.926402+00:00
[2021-10-21 16:00:33,942] {processor.py:171} INFO - Processing /home/airflow/.local/lib/python3.6/site-packages/airflow/example_dags/example_task_group.py took 0.283 seconds
[2021-10-21 16:01:06,219] {processor.py:163} INFO - Started process (PID=945) to work on /home/airflow/.local/lib/python3.6/site-packages/airflow/example_dags/example_task_group.py
[2021-10-21 16:01:06,226] {processor.py:620} INFO - Processing file /home/airflow/.local/lib/python3.6/site-packages/airflow/example_dags/example_task_group.py for tasks to queue
[2021-10-21 16:01:06,228] {logging_mixin.py:109} INFO - [2021-10-21 16:01:06,228] {dagbag.py:500} INFO - Filling up the DagBag from /home/airflow/.local/lib/python3.6/site-packages/airflow/example_dags/example_task_group.py
[2021-10-21 16:01:06,305] {processor.py:632} INFO - DAG(s) dict_keys(['example_task_group']) retrieved from /home/airflow/.local/lib/python3.6/site-packages/airflow/example_dags/example_task_group.py
[2021-10-21 16:01:06,367] {logging_mixin.py:109} INFO - [2021-10-21 16:01:06,367] {dag.py:2389} INFO - Sync 1 DAGs
[2021-10-21 16:01:06,405] {logging_mixin.py:109} INFO - [2021-10-21 16:01:06,402] {dag.py:2914} INFO - Setting next_dagrun for example_task_group to 2021-10-20T16:01:06.402334+00:00
[2021-10-21 16:01:06,430] {processor.py:171} INFO - Processing /home/airflow/.local/lib/python3.6/site-packages/airflow/example_dags/example_task_group.py took 0.216 seconds
[2021-10-21 16:01:37,842] {processor.py:163} INFO - Started process (PID=1001) to work on /home/airflow/.local/lib/python3.6/site-packages/airflow/example_dags/example_task_group.py
[2021-10-21 16:01:37,844] {processor.py:620} INFO - Processing file /home/airflow/.local/lib/python3.6/site-packages/airflow/example_dags/example_task_group.py for tasks to queue
[2021-10-21 16:01:37,846] {logging_mixin.py:109} INFO - [2021-10-21 16:01:37,845] {dagbag.py:500} INFO - Filling up the DagBag from /home/airflow/.local/lib/python3.6/site-packages/airflow/example_dags/example_task_group.py
[2021-10-21 16:01:38,002] {processor.py:632} INFO - DAG(s) dict_keys(['example_task_group']) retrieved from /home/airflow/.local/lib/python3.6/site-packages/airflow/example_dags/example_task_group.py
[2021-10-21 16:01:38,031] {logging_mixin.py:109} INFO - [2021-10-21 16:01:38,031] {dag.py:2389} INFO - Sync 1 DAGs
[2021-10-21 16:01:38,075] {logging_mixin.py:109} INFO - [2021-10-21 16:01:38,075] {dag.py:2914} INFO - Setting next_dagrun for example_task_group to 2021-10-20T16:01:38.074995+00:00
[2021-10-21 16:01:38,142] {processor.py:171} INFO - Processing /home/airflow/.local/lib/python3.6/site-packages/airflow/example_dags/example_task_group.py took 0.314 seconds
[2021-10-21 16:02:12,230] {processor.py:163} INFO - Started process (PID=1054) to work on /home/airflow/.local/lib/python3.6/site-packages/airflow/example_dags/example_task_group.py
[2021-10-21 16:02:12,252] {processor.py:620} INFO - Processing file /home/airflow/.local/lib/python3.6/site-packages/airflow/example_dags/example_task_group.py for tasks to queue
[2021-10-21 16:02:12,254] {logging_mixin.py:109} INFO - [2021-10-21 16:02:12,254] {dagbag.py:500} INFO - Filling up the DagBag from /home/airflow/.local/lib/python3.6/site-packages/airflow/example_dags/example_task_group.py
[2021-10-21 16:02:12,451] {processor.py:632} INFO - DAG(s) dict_keys(['example_task_group']) retrieved from /home/airflow/.local/lib/python3.6/site-packages/airflow/example_dags/example_task_group.py
[2021-10-21 16:02:12,534] {logging_mixin.py:109} INFO - [2021-10-21 16:02:12,534] {dag.py:2389} INFO - Sync 1 DAGs
[2021-10-21 16:02:12,663] {logging_mixin.py:109} INFO - [2021-10-21 16:02:12,663] {dag.py:2914} INFO - Setting next_dagrun for example_task_group to 2021-10-20T16:02:12.662869+00:00
[2021-10-21 16:02:12,752] {processor.py:171} INFO - Processing /home/airflow/.local/lib/python3.6/site-packages/airflow/example_dags/example_task_group.py took 0.547 seconds
[2021-10-21 16:02:43,112] {processor.py:163} INFO - Started process (PID=1098) to work on /home/airflow/.local/lib/python3.6/site-packages/airflow/example_dags/example_task_group.py
[2021-10-21 16:02:43,114] {processor.py:620} INFO - Processing file /home/airflow/.local/lib/python3.6/site-packages/airflow/example_dags/example_task_group.py for tasks to queue
[2021-10-21 16:02:43,115] {logging_mixin.py:109} INFO - [2021-10-21 16:02:43,115] {dagbag.py:500} INFO - Filling up the DagBag from /home/airflow/.local/lib/python3.6/site-packages/airflow/example_dags/example_task_group.py
[2021-10-21 16:02:43,189] {processor.py:632} INFO - DAG(s) dict_keys(['example_task_group']) retrieved from /home/airflow/.local/lib/python3.6/site-packages/airflow/example_dags/example_task_group.py
[2021-10-21 16:02:43,222] {logging_mixin.py:109} INFO - [2021-10-21 16:02:43,221] {dag.py:2389} INFO - Sync 1 DAGs
[2021-10-21 16:02:43,270] {logging_mixin.py:109} INFO - [2021-10-21 16:02:43,270] {dag.py:2914} INFO - Setting next_dagrun for example_task_group to 2021-10-20T16:02:43.270097+00:00
[2021-10-21 16:02:43,300] {processor.py:171} INFO - Processing /home/airflow/.local/lib/python3.6/site-packages/airflow/example_dags/example_task_group.py took 0.197 seconds
[2021-10-21 16:03:14,172] {processor.py:163} INFO - Started process (PID=1163) to work on /home/airflow/.local/lib/python3.6/site-packages/airflow/example_dags/example_task_group.py
[2021-10-21 16:03:14,176] {processor.py:620} INFO - Processing file /home/airflow/.local/lib/python3.6/site-packages/airflow/example_dags/example_task_group.py for tasks to queue
[2021-10-21 16:03:14,178] {logging_mixin.py:109} INFO - [2021-10-21 16:03:14,178] {dagbag.py:500} INFO - Filling up the DagBag from /home/airflow/.local/lib/python3.6/site-packages/airflow/example_dags/example_task_group.py
[2021-10-21 16:03:14,239] {processor.py:632} INFO - DAG(s) dict_keys(['example_task_group']) retrieved from /home/airflow/.local/lib/python3.6/site-packages/airflow/example_dags/example_task_group.py
[2021-10-21 16:03:14,270] {logging_mixin.py:109} INFO - [2021-10-21 16:03:14,269] {dag.py:2389} INFO - Sync 1 DAGs
[2021-10-21 16:03:14,310] {logging_mixin.py:109} INFO - [2021-10-21 16:03:14,310] {dag.py:2914} INFO - Setting next_dagrun for example_task_group to 2021-10-20T16:03:14.310101+00:00
[2021-10-21 16:03:14,332] {processor.py:171} INFO - Processing /home/airflow/.local/lib/python3.6/site-packages/airflow/example_dags/example_task_group.py took 0.172 seconds
[2021-10-21 16:03:45,047] {processor.py:163} INFO - Started process (PID=1222) to work on /home/airflow/.local/lib/python3.6/site-packages/airflow/example_dags/example_task_group.py
[2021-10-21 16:03:45,050] {processor.py:620} INFO - Processing file /home/airflow/.local/lib/python3.6/site-packages/airflow/example_dags/example_task_group.py for tasks to queue
[2021-10-21 16:03:45,054] {logging_mixin.py:109} INFO - [2021-10-21 16:03:45,054] {dagbag.py:500} INFO - Filling up the DagBag from /home/airflow/.local/lib/python3.6/site-packages/airflow/example_dags/example_task_group.py
[2021-10-21 16:03:45,102] {processor.py:632} INFO - DAG(s) dict_keys(['example_task_group']) retrieved from /home/airflow/.local/lib/python3.6/site-packages/airflow/example_dags/example_task_group.py
[2021-10-21 16:03:45,117] {logging_mixin.py:109} INFO - [2021-10-21 16:03:45,117] {dag.py:2389} INFO - Sync 1 DAGs
[2021-10-21 16:03:45,134] {logging_mixin.py:109} INFO - [2021-10-21 16:03:45,134] {dag.py:2914} INFO - Setting next_dagrun for example_task_group to 2021-10-20T16:03:45.133784+00:00
[2021-10-21 16:03:45,153] {processor.py:171} INFO - Processing /home/airflow/.local/lib/python3.6/site-packages/airflow/example_dags/example_task_group.py took 0.115 seconds
[2021-10-21 16:04:16,018] {processor.py:163} INFO - Started process (PID=1276) to work on /home/airflow/.local/lib/python3.6/site-packages/airflow/example_dags/example_task_group.py
[2021-10-21 16:04:16,020] {processor.py:620} INFO - Processing file /home/airflow/.local/lib/python3.6/site-packages/airflow/example_dags/example_task_group.py for tasks to queue
[2021-10-21 16:04:16,022] {logging_mixin.py:109} INFO - [2021-10-21 16:04:16,022] {dagbag.py:500} INFO - Filling up the DagBag from /home/airflow/.local/lib/python3.6/site-packages/airflow/example_dags/example_task_group.py
[2021-10-21 16:04:16,068] {processor.py:632} INFO - DAG(s) dict_keys(['example_task_group']) retrieved from /home/airflow/.local/lib/python3.6/site-packages/airflow/example_dags/example_task_group.py
[2021-10-21 16:04:16,087] {logging_mixin.py:109} INFO - [2021-10-21 16:04:16,087] {dag.py:2389} INFO - Sync 1 DAGs
[2021-10-21 16:04:16,108] {logging_mixin.py:109} INFO - [2021-10-21 16:04:16,108] {dag.py:2914} INFO - Setting next_dagrun for example_task_group to 2021-10-20T16:04:16.108291+00:00
[2021-10-21 16:04:16,127] {processor.py:171} INFO - Processing /home/airflow/.local/lib/python3.6/site-packages/airflow/example_dags/example_task_group.py took 0.113 seconds
[2021-10-21 16:04:46,664] {processor.py:163} INFO - Started process (PID=1330) to work on /home/airflow/.local/lib/python3.6/site-packages/airflow/example_dags/example_task_group.py
[2021-10-21 16:04:46,667] {processor.py:620} INFO - Processing file /home/airflow/.local/lib/python3.6/site-packages/airflow/example_dags/example_task_group.py for tasks to queue
[2021-10-21 16:04:46,669] {logging_mixin.py:109} INFO - [2021-10-21 16:04:46,669] {dagbag.py:500} INFO - Filling up the DagBag from /home/airflow/.local/lib/python3.6/site-packages/airflow/example_dags/example_task_group.py
[2021-10-21 16:04:46,721] {processor.py:632} INFO - DAG(s) dict_keys(['example_task_group']) retrieved from /home/airflow/.local/lib/python3.6/site-packages/airflow/example_dags/example_task_group.py
[2021-10-21 16:04:46,741] {logging_mixin.py:109} INFO - [2021-10-21 16:04:46,740] {dag.py:2389} INFO - Sync 1 DAGs
[2021-10-21 16:04:46,765] {logging_mixin.py:109} INFO - [2021-10-21 16:04:46,764] {dag.py:2914} INFO - Setting next_dagrun for example_task_group to 2021-10-20T16:04:46.764461+00:00
[2021-10-21 16:04:46,783] {processor.py:171} INFO - Processing /home/airflow/.local/lib/python3.6/site-packages/airflow/example_dags/example_task_group.py took 0.129 seconds
[2021-10-21 16:05:18,423] {processor.py:163} INFO - Started process (PID=1395) to work on /home/airflow/.local/lib/python3.6/site-packages/airflow/example_dags/example_task_group.py
[2021-10-21 16:05:18,427] {processor.py:620} INFO - Processing file /home/airflow/.local/lib/python3.6/site-packages/airflow/example_dags/example_task_group.py for tasks to queue
[2021-10-21 16:05:18,431] {logging_mixin.py:109} INFO - [2021-10-21 16:05:18,431] {dagbag.py:500} INFO - Filling up the DagBag from /home/airflow/.local/lib/python3.6/site-packages/airflow/example_dags/example_task_group.py
[2021-10-21 16:05:18,738] {processor.py:632} INFO - DAG(s) dict_keys(['example_task_group']) retrieved from /home/airflow/.local/lib/python3.6/site-packages/airflow/example_dags/example_task_group.py
[2021-10-21 16:05:18,795] {logging_mixin.py:109} INFO - [2021-10-21 16:05:18,795] {dag.py:2389} INFO - Sync 1 DAGs
[2021-10-21 16:05:18,855] {logging_mixin.py:109} INFO - [2021-10-21 16:05:18,855] {dag.py:2914} INFO - Setting next_dagrun for example_task_group to 2021-10-20T16:05:18.855359+00:00
[2021-10-21 16:05:18,884] {processor.py:171} INFO - Processing /home/airflow/.local/lib/python3.6/site-packages/airflow/example_dags/example_task_group.py took 0.468 seconds
[2021-10-21 16:05:49,731] {processor.py:163} INFO - Started process (PID=1450) to work on /home/airflow/.local/lib/python3.6/site-packages/airflow/example_dags/example_task_group.py
[2021-10-21 16:05:49,733] {processor.py:620} INFO - Processing file /home/airflow/.local/lib/python3.6/site-packages/airflow/example_dags/example_task_group.py for tasks to queue
[2021-10-21 16:05:49,735] {logging_mixin.py:109} INFO - [2021-10-21 16:05:49,735] {dagbag.py:500} INFO - Filling up the DagBag from /home/airflow/.local/lib/python3.6/site-packages/airflow/example_dags/example_task_group.py
[2021-10-21 16:05:49,772] {processor.py:632} INFO - DAG(s) dict_keys(['example_task_group']) retrieved from /home/airflow/.local/lib/python3.6/site-packages/airflow/example_dags/example_task_group.py
[2021-10-21 16:05:49,790] {logging_mixin.py:109} INFO - [2021-10-21 16:05:49,790] {dag.py:2389} INFO - Sync 1 DAGs
[2021-10-21 16:05:49,813] {logging_mixin.py:109} INFO - [2021-10-21 16:05:49,813] {dag.py:2914} INFO - Setting next_dagrun for example_task_group to 2021-10-20T16:05:49.813099+00:00
[2021-10-21 16:05:49,827] {processor.py:171} INFO - Processing /home/airflow/.local/lib/python3.6/site-packages/airflow/example_dags/example_task_group.py took 0.101 seconds
[2021-10-21 16:06:20,258] {processor.py:163} INFO - Started process (PID=1504) to work on /home/airflow/.local/lib/python3.6/site-packages/airflow/example_dags/example_task_group.py
[2021-10-21 16:06:20,261] {processor.py:620} INFO - Processing file /home/airflow/.local/lib/python3.6/site-packages/airflow/example_dags/example_task_group.py for tasks to queue
[2021-10-21 16:06:20,264] {logging_mixin.py:109} INFO - [2021-10-21 16:06:20,264] {dagbag.py:500} INFO - Filling up the DagBag from /home/airflow/.local/lib/python3.6/site-packages/airflow/example_dags/example_task_group.py
[2021-10-21 16:06:20,326] {processor.py:632} INFO - DAG(s) dict_keys(['example_task_group']) retrieved from /home/airflow/.local/lib/python3.6/site-packages/airflow/example_dags/example_task_group.py
[2021-10-21 16:06:20,354] {logging_mixin.py:109} INFO - [2021-10-21 16:06:20,354] {dag.py:2389} INFO - Sync 1 DAGs
[2021-10-21 16:06:20,381] {logging_mixin.py:109} INFO - [2021-10-21 16:06:20,380] {dag.py:2914} INFO - Setting next_dagrun for example_task_group to 2021-10-20T16:06:20.379567+00:00
[2021-10-21 16:06:20,394] {processor.py:171} INFO - Processing /home/airflow/.local/lib/python3.6/site-packages/airflow/example_dags/example_task_group.py took 0.143 seconds
[2021-10-21 16:06:50,892] {processor.py:163} INFO - Started process (PID=1572) to work on /home/airflow/.local/lib/python3.6/site-packages/airflow/example_dags/example_task_group.py
[2021-10-21 16:06:50,901] {processor.py:620} INFO - Processing file /home/airflow/.local/lib/python3.6/site-packages/airflow/example_dags/example_task_group.py for tasks to queue
[2021-10-21 16:06:50,903] {logging_mixin.py:109} INFO - [2021-10-21 16:06:50,903] {dagbag.py:500} INFO - Filling up the DagBag from /home/airflow/.local/lib/python3.6/site-packages/airflow/example_dags/example_task_group.py
[2021-10-21 16:06:50,961] {processor.py:632} INFO - DAG(s) dict_keys(['example_task_group']) retrieved from /home/airflow/.local/lib/python3.6/site-packages/airflow/example_dags/example_task_group.py
[2021-10-21 16:06:50,980] {logging_mixin.py:109} INFO - [2021-10-21 16:06:50,980] {dag.py:2389} INFO - Sync 1 DAGs
[2021-10-21 16:06:51,011] {logging_mixin.py:109} INFO - [2021-10-21 16:06:51,011] {dag.py:2914} INFO - Setting next_dagrun for example_task_group to 2021-10-20T16:06:51.011049+00:00
[2021-10-21 16:06:51,025] {processor.py:171} INFO - Processing /home/airflow/.local/lib/python3.6/site-packages/airflow/example_dags/example_task_group.py took 0.136 seconds
