[2021-10-21 15:53:10,625] {processor.py:163} INFO - Started process (PID=61) to work on /home/airflow/.local/lib/python3.6/site-packages/airflow/example_dags/example_nested_branch_dag.py
[2021-10-21 15:53:10,638] {processor.py:620} INFO - Processing file /home/airflow/.local/lib/python3.6/site-packages/airflow/example_dags/example_nested_branch_dag.py for tasks to queue
[2021-10-21 15:53:10,647] {logging_mixin.py:109} INFO - [2021-10-21 15:53:10,645] {dagbag.py:500} INFO - Filling up the DagBag from /home/airflow/.local/lib/python3.6/site-packages/airflow/example_dags/example_nested_branch_dag.py
[2021-10-21 15:53:10,791] {processor.py:632} INFO - DAG(s) dict_keys(['example_nested_branch_dag']) retrieved from /home/airflow/.local/lib/python3.6/site-packages/airflow/example_dags/example_nested_branch_dag.py
[2021-10-21 15:53:10,852] {logging_mixin.py:109} INFO - [2021-10-21 15:53:10,852] {dag.py:2389} INFO - Sync 1 DAGs
[2021-10-21 15:53:10,932] {logging_mixin.py:109} INFO - [2021-10-21 15:53:10,932] {dag.py:2914} INFO - Setting next_dagrun for example_nested_branch_dag to 2021-10-20 00:00:00+00:00
[2021-10-21 15:53:10,968] {processor.py:171} INFO - Processing /home/airflow/.local/lib/python3.6/site-packages/airflow/example_dags/example_nested_branch_dag.py took 0.362 seconds
[2021-10-21 15:53:41,750] {processor.py:163} INFO - Started process (PID=114) to work on /home/airflow/.local/lib/python3.6/site-packages/airflow/example_dags/example_nested_branch_dag.py
[2021-10-21 15:53:41,762] {processor.py:620} INFO - Processing file /home/airflow/.local/lib/python3.6/site-packages/airflow/example_dags/example_nested_branch_dag.py for tasks to queue
[2021-10-21 15:53:41,765] {logging_mixin.py:109} INFO - [2021-10-21 15:53:41,765] {dagbag.py:500} INFO - Filling up the DagBag from /home/airflow/.local/lib/python3.6/site-packages/airflow/example_dags/example_nested_branch_dag.py
[2021-10-21 15:53:41,854] {processor.py:632} INFO - DAG(s) dict_keys(['example_nested_branch_dag']) retrieved from /home/airflow/.local/lib/python3.6/site-packages/airflow/example_dags/example_nested_branch_dag.py
[2021-10-21 15:53:41,868] {logging_mixin.py:109} INFO - [2021-10-21 15:53:41,868] {dag.py:2389} INFO - Sync 1 DAGs
[2021-10-21 15:53:41,887] {logging_mixin.py:109} INFO - [2021-10-21 15:53:41,887] {dag.py:2914} INFO - Setting next_dagrun for example_nested_branch_dag to 2021-10-20 00:00:00+00:00
[2021-10-21 15:53:41,900] {processor.py:171} INFO - Processing /home/airflow/.local/lib/python3.6/site-packages/airflow/example_dags/example_nested_branch_dag.py took 0.173 seconds
[2021-10-21 15:54:12,124] {processor.py:163} INFO - Started process (PID=167) to work on /home/airflow/.local/lib/python3.6/site-packages/airflow/example_dags/example_nested_branch_dag.py
[2021-10-21 15:54:12,137] {processor.py:620} INFO - Processing file /home/airflow/.local/lib/python3.6/site-packages/airflow/example_dags/example_nested_branch_dag.py for tasks to queue
[2021-10-21 15:54:12,154] {logging_mixin.py:109} INFO - [2021-10-21 15:54:12,143] {dagbag.py:500} INFO - Filling up the DagBag from /home/airflow/.local/lib/python3.6/site-packages/airflow/example_dags/example_nested_branch_dag.py
[2021-10-21 15:54:12,457] {processor.py:632} INFO - DAG(s) dict_keys(['example_nested_branch_dag']) retrieved from /home/airflow/.local/lib/python3.6/site-packages/airflow/example_dags/example_nested_branch_dag.py
[2021-10-21 15:54:12,504] {logging_mixin.py:109} INFO - [2021-10-21 15:54:12,504] {dag.py:2389} INFO - Sync 1 DAGs
[2021-10-21 15:54:12,529] {logging_mixin.py:109} INFO - [2021-10-21 15:54:12,529] {dag.py:2914} INFO - Setting next_dagrun for example_nested_branch_dag to 2021-10-20 00:00:00+00:00
[2021-10-21 15:54:12,543] {processor.py:171} INFO - Processing /home/airflow/.local/lib/python3.6/site-packages/airflow/example_dags/example_nested_branch_dag.py took 0.441 seconds
[2021-10-21 15:54:42,802] {processor.py:163} INFO - Started process (PID=222) to work on /home/airflow/.local/lib/python3.6/site-packages/airflow/example_dags/example_nested_branch_dag.py
[2021-10-21 15:54:42,805] {processor.py:620} INFO - Processing file /home/airflow/.local/lib/python3.6/site-packages/airflow/example_dags/example_nested_branch_dag.py for tasks to queue
[2021-10-21 15:54:42,815] {logging_mixin.py:109} INFO - [2021-10-21 15:54:42,815] {dagbag.py:500} INFO - Filling up the DagBag from /home/airflow/.local/lib/python3.6/site-packages/airflow/example_dags/example_nested_branch_dag.py
[2021-10-21 15:54:42,888] {processor.py:632} INFO - DAG(s) dict_keys(['example_nested_branch_dag']) retrieved from /home/airflow/.local/lib/python3.6/site-packages/airflow/example_dags/example_nested_branch_dag.py
[2021-10-21 15:54:42,923] {logging_mixin.py:109} INFO - [2021-10-21 15:54:42,923] {dag.py:2389} INFO - Sync 1 DAGs
[2021-10-21 15:54:42,949] {logging_mixin.py:109} INFO - [2021-10-21 15:54:42,949] {dag.py:2914} INFO - Setting next_dagrun for example_nested_branch_dag to 2021-10-20 00:00:00+00:00
[2021-10-21 15:54:42,963] {processor.py:171} INFO - Processing /home/airflow/.local/lib/python3.6/site-packages/airflow/example_dags/example_nested_branch_dag.py took 0.176 seconds
[2021-10-21 15:55:13,988] {processor.py:163} INFO - Started process (PID=275) to work on /home/airflow/.local/lib/python3.6/site-packages/airflow/example_dags/example_nested_branch_dag.py
[2021-10-21 15:55:13,991] {processor.py:620} INFO - Processing file /home/airflow/.local/lib/python3.6/site-packages/airflow/example_dags/example_nested_branch_dag.py for tasks to queue
[2021-10-21 15:55:14,002] {logging_mixin.py:109} INFO - [2021-10-21 15:55:14,001] {dagbag.py:500} INFO - Filling up the DagBag from /home/airflow/.local/lib/python3.6/site-packages/airflow/example_dags/example_nested_branch_dag.py
[2021-10-21 15:55:14,147] {processor.py:632} INFO - DAG(s) dict_keys(['example_nested_branch_dag']) retrieved from /home/airflow/.local/lib/python3.6/site-packages/airflow/example_dags/example_nested_branch_dag.py
[2021-10-21 15:55:14,176] {logging_mixin.py:109} INFO - [2021-10-21 15:55:14,175] {dag.py:2389} INFO - Sync 1 DAGs
[2021-10-21 15:55:14,200] {logging_mixin.py:109} INFO - [2021-10-21 15:55:14,200] {dag.py:2914} INFO - Setting next_dagrun for example_nested_branch_dag to 2021-10-20 00:00:00+00:00
[2021-10-21 15:55:14,213] {processor.py:171} INFO - Processing /home/airflow/.local/lib/python3.6/site-packages/airflow/example_dags/example_nested_branch_dag.py took 0.249 seconds
[2021-10-21 15:55:44,842] {processor.py:163} INFO - Started process (PID=340) to work on /home/airflow/.local/lib/python3.6/site-packages/airflow/example_dags/example_nested_branch_dag.py
[2021-10-21 15:55:44,845] {processor.py:620} INFO - Processing file /home/airflow/.local/lib/python3.6/site-packages/airflow/example_dags/example_nested_branch_dag.py for tasks to queue
[2021-10-21 15:55:44,850] {logging_mixin.py:109} INFO - [2021-10-21 15:55:44,849] {dagbag.py:500} INFO - Filling up the DagBag from /home/airflow/.local/lib/python3.6/site-packages/airflow/example_dags/example_nested_branch_dag.py
[2021-10-21 15:55:44,923] {processor.py:632} INFO - DAG(s) dict_keys(['example_nested_branch_dag']) retrieved from /home/airflow/.local/lib/python3.6/site-packages/airflow/example_dags/example_nested_branch_dag.py
[2021-10-21 15:55:44,965] {logging_mixin.py:109} INFO - [2021-10-21 15:55:44,964] {dag.py:2389} INFO - Sync 1 DAGs
[2021-10-21 15:55:45,023] {logging_mixin.py:109} INFO - [2021-10-21 15:55:45,023] {dag.py:2914} INFO - Setting next_dagrun for example_nested_branch_dag to 2021-10-20 00:00:00+00:00
[2021-10-21 15:55:45,053] {processor.py:171} INFO - Processing /home/airflow/.local/lib/python3.6/site-packages/airflow/example_dags/example_nested_branch_dag.py took 0.219 seconds
[2021-10-21 15:56:15,106] {processor.py:163} INFO - Started process (PID=397) to work on /home/airflow/.local/lib/python3.6/site-packages/airflow/example_dags/example_nested_branch_dag.py
[2021-10-21 15:56:15,108] {processor.py:620} INFO - Processing file /home/airflow/.local/lib/python3.6/site-packages/airflow/example_dags/example_nested_branch_dag.py for tasks to queue
[2021-10-21 15:56:15,117] {logging_mixin.py:109} INFO - [2021-10-21 15:56:15,116] {dagbag.py:500} INFO - Filling up the DagBag from /home/airflow/.local/lib/python3.6/site-packages/airflow/example_dags/example_nested_branch_dag.py
[2021-10-21 15:56:15,174] {processor.py:632} INFO - DAG(s) dict_keys(['example_nested_branch_dag']) retrieved from /home/airflow/.local/lib/python3.6/site-packages/airflow/example_dags/example_nested_branch_dag.py
[2021-10-21 15:56:15,193] {logging_mixin.py:109} INFO - [2021-10-21 15:56:15,193] {dag.py:2389} INFO - Sync 1 DAGs
[2021-10-21 15:56:15,226] {logging_mixin.py:109} INFO - [2021-10-21 15:56:15,226] {dag.py:2914} INFO - Setting next_dagrun for example_nested_branch_dag to 2021-10-20 00:00:00+00:00
[2021-10-21 15:56:15,240] {processor.py:171} INFO - Processing /home/airflow/.local/lib/python3.6/site-packages/airflow/example_dags/example_nested_branch_dag.py took 0.140 seconds
[2021-10-21 15:56:46,069] {processor.py:163} INFO - Started process (PID=451) to work on /home/airflow/.local/lib/python3.6/site-packages/airflow/example_dags/example_nested_branch_dag.py
[2021-10-21 15:56:46,072] {processor.py:620} INFO - Processing file /home/airflow/.local/lib/python3.6/site-packages/airflow/example_dags/example_nested_branch_dag.py for tasks to queue
[2021-10-21 15:56:46,075] {logging_mixin.py:109} INFO - [2021-10-21 15:56:46,074] {dagbag.py:500} INFO - Filling up the DagBag from /home/airflow/.local/lib/python3.6/site-packages/airflow/example_dags/example_nested_branch_dag.py
[2021-10-21 15:56:46,116] {processor.py:632} INFO - DAG(s) dict_keys(['example_nested_branch_dag']) retrieved from /home/airflow/.local/lib/python3.6/site-packages/airflow/example_dags/example_nested_branch_dag.py
[2021-10-21 15:56:46,131] {logging_mixin.py:109} INFO - [2021-10-21 15:56:46,131] {dag.py:2389} INFO - Sync 1 DAGs
[2021-10-21 15:56:46,153] {logging_mixin.py:109} INFO - [2021-10-21 15:56:46,153] {dag.py:2914} INFO - Setting next_dagrun for example_nested_branch_dag to 2021-10-20 00:00:00+00:00
[2021-10-21 15:56:46,164] {processor.py:171} INFO - Processing /home/airflow/.local/lib/python3.6/site-packages/airflow/example_dags/example_nested_branch_dag.py took 0.100 seconds
[2021-10-21 15:57:17,090] {processor.py:163} INFO - Started process (PID=519) to work on /home/airflow/.local/lib/python3.6/site-packages/airflow/example_dags/example_nested_branch_dag.py
[2021-10-21 15:57:17,105] {processor.py:620} INFO - Processing file /home/airflow/.local/lib/python3.6/site-packages/airflow/example_dags/example_nested_branch_dag.py for tasks to queue
[2021-10-21 15:57:17,117] {logging_mixin.py:109} INFO - [2021-10-21 15:57:17,117] {dagbag.py:500} INFO - Filling up the DagBag from /home/airflow/.local/lib/python3.6/site-packages/airflow/example_dags/example_nested_branch_dag.py
[2021-10-21 15:57:17,234] {processor.py:632} INFO - DAG(s) dict_keys(['example_nested_branch_dag']) retrieved from /home/airflow/.local/lib/python3.6/site-packages/airflow/example_dags/example_nested_branch_dag.py
[2021-10-21 15:57:17,262] {logging_mixin.py:109} INFO - [2021-10-21 15:57:17,261] {dag.py:2389} INFO - Sync 1 DAGs
[2021-10-21 15:57:17,287] {logging_mixin.py:109} INFO - [2021-10-21 15:57:17,287] {dag.py:2914} INFO - Setting next_dagrun for example_nested_branch_dag to 2021-10-20 00:00:00+00:00
[2021-10-21 15:57:17,314] {processor.py:171} INFO - Processing /home/airflow/.local/lib/python3.6/site-packages/airflow/example_dags/example_nested_branch_dag.py took 0.246 seconds
[2021-10-21 15:57:48,534] {processor.py:163} INFO - Started process (PID=577) to work on /home/airflow/.local/lib/python3.6/site-packages/airflow/example_dags/example_nested_branch_dag.py
[2021-10-21 15:57:48,550] {processor.py:620} INFO - Processing file /home/airflow/.local/lib/python3.6/site-packages/airflow/example_dags/example_nested_branch_dag.py for tasks to queue
[2021-10-21 15:57:48,553] {logging_mixin.py:109} INFO - [2021-10-21 15:57:48,552] {dagbag.py:500} INFO - Filling up the DagBag from /home/airflow/.local/lib/python3.6/site-packages/airflow/example_dags/example_nested_branch_dag.py
[2021-10-21 15:57:48,717] {processor.py:632} INFO - DAG(s) dict_keys(['example_nested_branch_dag']) retrieved from /home/airflow/.local/lib/python3.6/site-packages/airflow/example_dags/example_nested_branch_dag.py
[2021-10-21 15:57:48,893] {logging_mixin.py:109} INFO - [2021-10-21 15:57:48,893] {dag.py:2389} INFO - Sync 1 DAGs
[2021-10-21 15:57:49,013] {logging_mixin.py:109} INFO - [2021-10-21 15:57:49,013] {dag.py:2914} INFO - Setting next_dagrun for example_nested_branch_dag to 2021-10-20 00:00:00+00:00
[2021-10-21 15:57:49,082] {processor.py:171} INFO - Processing /home/airflow/.local/lib/python3.6/site-packages/airflow/example_dags/example_nested_branch_dag.py took 0.563 seconds
[2021-10-21 15:58:20,106] {processor.py:163} INFO - Started process (PID=633) to work on /home/airflow/.local/lib/python3.6/site-packages/airflow/example_dags/example_nested_branch_dag.py
[2021-10-21 15:58:20,108] {processor.py:620} INFO - Processing file /home/airflow/.local/lib/python3.6/site-packages/airflow/example_dags/example_nested_branch_dag.py for tasks to queue
[2021-10-21 15:58:20,109] {logging_mixin.py:109} INFO - [2021-10-21 15:58:20,109] {dagbag.py:500} INFO - Filling up the DagBag from /home/airflow/.local/lib/python3.6/site-packages/airflow/example_dags/example_nested_branch_dag.py
[2021-10-21 15:58:20,149] {processor.py:632} INFO - DAG(s) dict_keys(['example_nested_branch_dag']) retrieved from /home/airflow/.local/lib/python3.6/site-packages/airflow/example_dags/example_nested_branch_dag.py
[2021-10-21 15:58:20,163] {logging_mixin.py:109} INFO - [2021-10-21 15:58:20,163] {dag.py:2389} INFO - Sync 1 DAGs
[2021-10-21 15:58:20,185] {logging_mixin.py:109} INFO - [2021-10-21 15:58:20,184] {dag.py:2914} INFO - Setting next_dagrun for example_nested_branch_dag to 2021-10-20 00:00:00+00:00
[2021-10-21 15:58:20,197] {processor.py:171} INFO - Processing /home/airflow/.local/lib/python3.6/site-packages/airflow/example_dags/example_nested_branch_dag.py took 0.095 seconds
[2021-10-21 15:58:50,886] {processor.py:163} INFO - Started process (PID=686) to work on /home/airflow/.local/lib/python3.6/site-packages/airflow/example_dags/example_nested_branch_dag.py
[2021-10-21 15:58:50,888] {processor.py:620} INFO - Processing file /home/airflow/.local/lib/python3.6/site-packages/airflow/example_dags/example_nested_branch_dag.py for tasks to queue
[2021-10-21 15:58:50,890] {logging_mixin.py:109} INFO - [2021-10-21 15:58:50,890] {dagbag.py:500} INFO - Filling up the DagBag from /home/airflow/.local/lib/python3.6/site-packages/airflow/example_dags/example_nested_branch_dag.py
[2021-10-21 15:58:50,939] {processor.py:632} INFO - DAG(s) dict_keys(['example_nested_branch_dag']) retrieved from /home/airflow/.local/lib/python3.6/site-packages/airflow/example_dags/example_nested_branch_dag.py
[2021-10-21 15:58:50,964] {logging_mixin.py:109} INFO - [2021-10-21 15:58:50,964] {dag.py:2389} INFO - Sync 1 DAGs
[2021-10-21 15:58:50,989] {logging_mixin.py:109} INFO - [2021-10-21 15:58:50,989] {dag.py:2914} INFO - Setting next_dagrun for example_nested_branch_dag to 2021-10-20 00:00:00+00:00
[2021-10-21 15:58:51,001] {processor.py:171} INFO - Processing /home/airflow/.local/lib/python3.6/site-packages/airflow/example_dags/example_nested_branch_dag.py took 0.120 seconds
[2021-10-21 15:59:21,190] {processor.py:163} INFO - Started process (PID=743) to work on /home/airflow/.local/lib/python3.6/site-packages/airflow/example_dags/example_nested_branch_dag.py
[2021-10-21 15:59:21,195] {processor.py:620} INFO - Processing file /home/airflow/.local/lib/python3.6/site-packages/airflow/example_dags/example_nested_branch_dag.py for tasks to queue
[2021-10-21 15:59:21,198] {logging_mixin.py:109} INFO - [2021-10-21 15:59:21,198] {dagbag.py:500} INFO - Filling up the DagBag from /home/airflow/.local/lib/python3.6/site-packages/airflow/example_dags/example_nested_branch_dag.py
[2021-10-21 15:59:21,270] {processor.py:632} INFO - DAG(s) dict_keys(['example_nested_branch_dag']) retrieved from /home/airflow/.local/lib/python3.6/site-packages/airflow/example_dags/example_nested_branch_dag.py
[2021-10-21 15:59:21,321] {logging_mixin.py:109} INFO - [2021-10-21 15:59:21,320] {dag.py:2389} INFO - Sync 1 DAGs
[2021-10-21 15:59:21,410] {logging_mixin.py:109} INFO - [2021-10-21 15:59:21,409] {dag.py:2914} INFO - Setting next_dagrun for example_nested_branch_dag to 2021-10-20 00:00:00+00:00
[2021-10-21 15:59:21,440] {processor.py:171} INFO - Processing /home/airflow/.local/lib/python3.6/site-packages/airflow/example_dags/example_nested_branch_dag.py took 0.255 seconds
[2021-10-21 15:59:51,580] {processor.py:163} INFO - Started process (PID=810) to work on /home/airflow/.local/lib/python3.6/site-packages/airflow/example_dags/example_nested_branch_dag.py
[2021-10-21 15:59:51,586] {processor.py:620} INFO - Processing file /home/airflow/.local/lib/python3.6/site-packages/airflow/example_dags/example_nested_branch_dag.py for tasks to queue
[2021-10-21 15:59:51,589] {logging_mixin.py:109} INFO - [2021-10-21 15:59:51,589] {dagbag.py:500} INFO - Filling up the DagBag from /home/airflow/.local/lib/python3.6/site-packages/airflow/example_dags/example_nested_branch_dag.py
[2021-10-21 15:59:51,654] {processor.py:632} INFO - DAG(s) dict_keys(['example_nested_branch_dag']) retrieved from /home/airflow/.local/lib/python3.6/site-packages/airflow/example_dags/example_nested_branch_dag.py
[2021-10-21 15:59:51,693] {logging_mixin.py:109} INFO - [2021-10-21 15:59:51,693] {dag.py:2389} INFO - Sync 1 DAGs
[2021-10-21 15:59:51,738] {logging_mixin.py:109} INFO - [2021-10-21 15:59:51,738] {dag.py:2914} INFO - Setting next_dagrun for example_nested_branch_dag to 2021-10-20 00:00:00+00:00
[2021-10-21 15:59:51,761] {processor.py:171} INFO - Processing /home/airflow/.local/lib/python3.6/site-packages/airflow/example_dags/example_nested_branch_dag.py took 0.196 seconds
[2021-10-21 16:00:21,954] {processor.py:163} INFO - Started process (PID=868) to work on /home/airflow/.local/lib/python3.6/site-packages/airflow/example_dags/example_nested_branch_dag.py
[2021-10-21 16:00:21,966] {processor.py:620} INFO - Processing file /home/airflow/.local/lib/python3.6/site-packages/airflow/example_dags/example_nested_branch_dag.py for tasks to queue
[2021-10-21 16:00:21,973] {logging_mixin.py:109} INFO - [2021-10-21 16:00:21,973] {dagbag.py:500} INFO - Filling up the DagBag from /home/airflow/.local/lib/python3.6/site-packages/airflow/example_dags/example_nested_branch_dag.py
[2021-10-21 16:00:22,151] {processor.py:632} INFO - DAG(s) dict_keys(['example_nested_branch_dag']) retrieved from /home/airflow/.local/lib/python3.6/site-packages/airflow/example_dags/example_nested_branch_dag.py
[2021-10-21 16:00:22,308] {logging_mixin.py:109} INFO - [2021-10-21 16:00:22,308] {dag.py:2389} INFO - Sync 1 DAGs
[2021-10-21 16:00:22,776] {logging_mixin.py:109} INFO - [2021-10-21 16:00:22,776] {dag.py:2914} INFO - Setting next_dagrun for example_nested_branch_dag to 2021-10-20 00:00:00+00:00
[2021-10-21 16:00:23,525] {processor.py:171} INFO - Processing /home/airflow/.local/lib/python3.6/site-packages/airflow/example_dags/example_nested_branch_dag.py took 1.578 seconds
[2021-10-21 16:00:54,211] {processor.py:163} INFO - Started process (PID=921) to work on /home/airflow/.local/lib/python3.6/site-packages/airflow/example_dags/example_nested_branch_dag.py
[2021-10-21 16:00:54,216] {processor.py:620} INFO - Processing file /home/airflow/.local/lib/python3.6/site-packages/airflow/example_dags/example_nested_branch_dag.py for tasks to queue
[2021-10-21 16:00:54,219] {logging_mixin.py:109} INFO - [2021-10-21 16:00:54,218] {dagbag.py:500} INFO - Filling up the DagBag from /home/airflow/.local/lib/python3.6/site-packages/airflow/example_dags/example_nested_branch_dag.py
[2021-10-21 16:00:54,304] {processor.py:632} INFO - DAG(s) dict_keys(['example_nested_branch_dag']) retrieved from /home/airflow/.local/lib/python3.6/site-packages/airflow/example_dags/example_nested_branch_dag.py
[2021-10-21 16:00:54,350] {logging_mixin.py:109} INFO - [2021-10-21 16:00:54,350] {dag.py:2389} INFO - Sync 1 DAGs
[2021-10-21 16:00:54,391] {logging_mixin.py:109} INFO - [2021-10-21 16:00:54,391] {dag.py:2914} INFO - Setting next_dagrun for example_nested_branch_dag to 2021-10-20 00:00:00+00:00
[2021-10-21 16:00:54,411] {processor.py:171} INFO - Processing /home/airflow/.local/lib/python3.6/site-packages/airflow/example_dags/example_nested_branch_dag.py took 0.206 seconds
[2021-10-21 16:01:24,497] {processor.py:163} INFO - Started process (PID=978) to work on /home/airflow/.local/lib/python3.6/site-packages/airflow/example_dags/example_nested_branch_dag.py
[2021-10-21 16:01:24,648] {processor.py:620} INFO - Processing file /home/airflow/.local/lib/python3.6/site-packages/airflow/example_dags/example_nested_branch_dag.py for tasks to queue
[2021-10-21 16:01:24,676] {logging_mixin.py:109} INFO - [2021-10-21 16:01:24,675] {dagbag.py:500} INFO - Filling up the DagBag from /home/airflow/.local/lib/python3.6/site-packages/airflow/example_dags/example_nested_branch_dag.py
[2021-10-21 16:01:24,973] {processor.py:632} INFO - DAG(s) dict_keys(['example_nested_branch_dag']) retrieved from /home/airflow/.local/lib/python3.6/site-packages/airflow/example_dags/example_nested_branch_dag.py
[2021-10-21 16:01:25,012] {logging_mixin.py:109} INFO - [2021-10-21 16:01:25,012] {dag.py:2389} INFO - Sync 1 DAGs
[2021-10-21 16:01:25,049] {logging_mixin.py:109} INFO - [2021-10-21 16:01:25,049] {dag.py:2914} INFO - Setting next_dagrun for example_nested_branch_dag to 2021-10-20 00:00:00+00:00
[2021-10-21 16:01:25,065] {processor.py:171} INFO - Processing /home/airflow/.local/lib/python3.6/site-packages/airflow/example_dags/example_nested_branch_dag.py took 0.577 seconds
[2021-10-21 16:01:55,342] {processor.py:163} INFO - Started process (PID=1031) to work on /home/airflow/.local/lib/python3.6/site-packages/airflow/example_dags/example_nested_branch_dag.py
[2021-10-21 16:01:55,347] {processor.py:620} INFO - Processing file /home/airflow/.local/lib/python3.6/site-packages/airflow/example_dags/example_nested_branch_dag.py for tasks to queue
[2021-10-21 16:01:55,368] {logging_mixin.py:109} INFO - [2021-10-21 16:01:55,368] {dagbag.py:500} INFO - Filling up the DagBag from /home/airflow/.local/lib/python3.6/site-packages/airflow/example_dags/example_nested_branch_dag.py
[2021-10-21 16:01:55,471] {processor.py:632} INFO - DAG(s) dict_keys(['example_nested_branch_dag']) retrieved from /home/airflow/.local/lib/python3.6/site-packages/airflow/example_dags/example_nested_branch_dag.py
[2021-10-21 16:01:55,536] {logging_mixin.py:109} INFO - [2021-10-21 16:01:55,536] {dag.py:2389} INFO - Sync 1 DAGs
[2021-10-21 16:01:55,616] {logging_mixin.py:109} INFO - [2021-10-21 16:01:55,606] {dag.py:2914} INFO - Setting next_dagrun for example_nested_branch_dag to 2021-10-20 00:00:00+00:00
[2021-10-21 16:01:55,690] {processor.py:171} INFO - Processing /home/airflow/.local/lib/python3.6/site-packages/airflow/example_dags/example_nested_branch_dag.py took 0.353 seconds
[2021-10-21 16:02:26,577] {processor.py:163} INFO - Started process (PID=1075) to work on /home/airflow/.local/lib/python3.6/site-packages/airflow/example_dags/example_nested_branch_dag.py
[2021-10-21 16:02:26,583] {processor.py:620} INFO - Processing file /home/airflow/.local/lib/python3.6/site-packages/airflow/example_dags/example_nested_branch_dag.py for tasks to queue
[2021-10-21 16:02:26,589] {logging_mixin.py:109} INFO - [2021-10-21 16:02:26,588] {dagbag.py:500} INFO - Filling up the DagBag from /home/airflow/.local/lib/python3.6/site-packages/airflow/example_dags/example_nested_branch_dag.py
[2021-10-21 16:02:26,686] {processor.py:632} INFO - DAG(s) dict_keys(['example_nested_branch_dag']) retrieved from /home/airflow/.local/lib/python3.6/site-packages/airflow/example_dags/example_nested_branch_dag.py
[2021-10-21 16:02:26,732] {logging_mixin.py:109} INFO - [2021-10-21 16:02:26,732] {dag.py:2389} INFO - Sync 1 DAGs
[2021-10-21 16:02:26,790] {logging_mixin.py:109} INFO - [2021-10-21 16:02:26,790] {dag.py:2914} INFO - Setting next_dagrun for example_nested_branch_dag to 2021-10-20 00:00:00+00:00
[2021-10-21 16:02:26,807] {processor.py:171} INFO - Processing /home/airflow/.local/lib/python3.6/site-packages/airflow/example_dags/example_nested_branch_dag.py took 0.236 seconds
[2021-10-21 16:02:57,931] {processor.py:163} INFO - Started process (PID=1128) to work on /home/airflow/.local/lib/python3.6/site-packages/airflow/example_dags/example_nested_branch_dag.py
[2021-10-21 16:02:57,940] {processor.py:620} INFO - Processing file /home/airflow/.local/lib/python3.6/site-packages/airflow/example_dags/example_nested_branch_dag.py for tasks to queue
[2021-10-21 16:02:57,944] {logging_mixin.py:109} INFO - [2021-10-21 16:02:57,944] {dagbag.py:500} INFO - Filling up the DagBag from /home/airflow/.local/lib/python3.6/site-packages/airflow/example_dags/example_nested_branch_dag.py
[2021-10-21 16:02:58,118] {processor.py:632} INFO - DAG(s) dict_keys(['example_nested_branch_dag']) retrieved from /home/airflow/.local/lib/python3.6/site-packages/airflow/example_dags/example_nested_branch_dag.py
[2021-10-21 16:02:58,141] {logging_mixin.py:109} INFO - [2021-10-21 16:02:58,140] {dag.py:2389} INFO - Sync 1 DAGs
[2021-10-21 16:02:58,174] {logging_mixin.py:109} INFO - [2021-10-21 16:02:58,174] {dag.py:2914} INFO - Setting next_dagrun for example_nested_branch_dag to 2021-10-20 00:00:00+00:00
[2021-10-21 16:02:58,188] {processor.py:171} INFO - Processing /home/airflow/.local/lib/python3.6/site-packages/airflow/example_dags/example_nested_branch_dag.py took 0.275 seconds
[2021-10-21 16:03:28,292] {processor.py:163} INFO - Started process (PID=1195) to work on /home/airflow/.local/lib/python3.6/site-packages/airflow/example_dags/example_nested_branch_dag.py
[2021-10-21 16:03:28,294] {processor.py:620} INFO - Processing file /home/airflow/.local/lib/python3.6/site-packages/airflow/example_dags/example_nested_branch_dag.py for tasks to queue
[2021-10-21 16:03:28,296] {logging_mixin.py:109} INFO - [2021-10-21 16:03:28,296] {dagbag.py:500} INFO - Filling up the DagBag from /home/airflow/.local/lib/python3.6/site-packages/airflow/example_dags/example_nested_branch_dag.py
[2021-10-21 16:03:28,328] {processor.py:632} INFO - DAG(s) dict_keys(['example_nested_branch_dag']) retrieved from /home/airflow/.local/lib/python3.6/site-packages/airflow/example_dags/example_nested_branch_dag.py
[2021-10-21 16:03:28,342] {logging_mixin.py:109} INFO - [2021-10-21 16:03:28,342] {dag.py:2389} INFO - Sync 1 DAGs
[2021-10-21 16:03:28,362] {logging_mixin.py:109} INFO - [2021-10-21 16:03:28,362] {dag.py:2914} INFO - Setting next_dagrun for example_nested_branch_dag to 2021-10-20 00:00:00+00:00
[2021-10-21 16:03:28,374] {processor.py:171} INFO - Processing /home/airflow/.local/lib/python3.6/site-packages/airflow/example_dags/example_nested_branch_dag.py took 0.087 seconds
[2021-10-21 16:03:58,558] {processor.py:163} INFO - Started process (PID=1253) to work on /home/airflow/.local/lib/python3.6/site-packages/airflow/example_dags/example_nested_branch_dag.py
[2021-10-21 16:03:58,560] {processor.py:620} INFO - Processing file /home/airflow/.local/lib/python3.6/site-packages/airflow/example_dags/example_nested_branch_dag.py for tasks to queue
[2021-10-21 16:03:58,562] {logging_mixin.py:109} INFO - [2021-10-21 16:03:58,562] {dagbag.py:500} INFO - Filling up the DagBag from /home/airflow/.local/lib/python3.6/site-packages/airflow/example_dags/example_nested_branch_dag.py
[2021-10-21 16:03:58,619] {processor.py:632} INFO - DAG(s) dict_keys(['example_nested_branch_dag']) retrieved from /home/airflow/.local/lib/python3.6/site-packages/airflow/example_dags/example_nested_branch_dag.py
[2021-10-21 16:03:58,644] {logging_mixin.py:109} INFO - [2021-10-21 16:03:58,643] {dag.py:2389} INFO - Sync 1 DAGs
[2021-10-21 16:03:58,676] {logging_mixin.py:109} INFO - [2021-10-21 16:03:58,676] {dag.py:2914} INFO - Setting next_dagrun for example_nested_branch_dag to 2021-10-20 00:00:00+00:00
[2021-10-21 16:03:58,686] {processor.py:171} INFO - Processing /home/airflow/.local/lib/python3.6/site-packages/airflow/example_dags/example_nested_branch_dag.py took 0.132 seconds
[2021-10-21 16:04:29,009] {processor.py:163} INFO - Started process (PID=1306) to work on /home/airflow/.local/lib/python3.6/site-packages/airflow/example_dags/example_nested_branch_dag.py
[2021-10-21 16:04:29,012] {processor.py:620} INFO - Processing file /home/airflow/.local/lib/python3.6/site-packages/airflow/example_dags/example_nested_branch_dag.py for tasks to queue
[2021-10-21 16:04:29,015] {logging_mixin.py:109} INFO - [2021-10-21 16:04:29,014] {dagbag.py:500} INFO - Filling up the DagBag from /home/airflow/.local/lib/python3.6/site-packages/airflow/example_dags/example_nested_branch_dag.py
[2021-10-21 16:04:29,089] {processor.py:632} INFO - DAG(s) dict_keys(['example_nested_branch_dag']) retrieved from /home/airflow/.local/lib/python3.6/site-packages/airflow/example_dags/example_nested_branch_dag.py
[2021-10-21 16:04:29,129] {logging_mixin.py:109} INFO - [2021-10-21 16:04:29,128] {dag.py:2389} INFO - Sync 1 DAGs
[2021-10-21 16:04:29,175] {logging_mixin.py:109} INFO - [2021-10-21 16:04:29,174] {dag.py:2914} INFO - Setting next_dagrun for example_nested_branch_dag to 2021-10-20 00:00:00+00:00
[2021-10-21 16:04:29,189] {processor.py:171} INFO - Processing /home/airflow/.local/lib/python3.6/site-packages/airflow/example_dags/example_nested_branch_dag.py took 0.187 seconds
[2021-10-21 16:04:59,411] {processor.py:163} INFO - Started process (PID=1362) to work on /home/airflow/.local/lib/python3.6/site-packages/airflow/example_dags/example_nested_branch_dag.py
[2021-10-21 16:04:59,421] {processor.py:620} INFO - Processing file /home/airflow/.local/lib/python3.6/site-packages/airflow/example_dags/example_nested_branch_dag.py for tasks to queue
[2021-10-21 16:04:59,425] {logging_mixin.py:109} INFO - [2021-10-21 16:04:59,424] {dagbag.py:500} INFO - Filling up the DagBag from /home/airflow/.local/lib/python3.6/site-packages/airflow/example_dags/example_nested_branch_dag.py
[2021-10-21 16:04:59,525] {processor.py:632} INFO - DAG(s) dict_keys(['example_nested_branch_dag']) retrieved from /home/airflow/.local/lib/python3.6/site-packages/airflow/example_dags/example_nested_branch_dag.py
[2021-10-21 16:04:59,569] {logging_mixin.py:109} INFO - [2021-10-21 16:04:59,569] {dag.py:2389} INFO - Sync 1 DAGs
[2021-10-21 16:04:59,616] {logging_mixin.py:109} INFO - [2021-10-21 16:04:59,616] {dag.py:2914} INFO - Setting next_dagrun for example_nested_branch_dag to 2021-10-20 00:00:00+00:00
[2021-10-21 16:04:59,626] {processor.py:171} INFO - Processing /home/airflow/.local/lib/python3.6/site-packages/airflow/example_dags/example_nested_branch_dag.py took 0.219 seconds
[2021-10-21 16:05:30,051] {processor.py:163} INFO - Started process (PID=1415) to work on /home/airflow/.local/lib/python3.6/site-packages/airflow/example_dags/example_nested_branch_dag.py
[2021-10-21 16:05:30,054] {processor.py:620} INFO - Processing file /home/airflow/.local/lib/python3.6/site-packages/airflow/example_dags/example_nested_branch_dag.py for tasks to queue
[2021-10-21 16:05:30,056] {logging_mixin.py:109} INFO - [2021-10-21 16:05:30,056] {dagbag.py:500} INFO - Filling up the DagBag from /home/airflow/.local/lib/python3.6/site-packages/airflow/example_dags/example_nested_branch_dag.py
[2021-10-21 16:05:30,108] {processor.py:632} INFO - DAG(s) dict_keys(['example_nested_branch_dag']) retrieved from /home/airflow/.local/lib/python3.6/site-packages/airflow/example_dags/example_nested_branch_dag.py
[2021-10-21 16:05:30,128] {logging_mixin.py:109} INFO - [2021-10-21 16:05:30,127] {dag.py:2389} INFO - Sync 1 DAGs
[2021-10-21 16:05:30,160] {logging_mixin.py:109} INFO - [2021-10-21 16:05:30,160] {dag.py:2914} INFO - Setting next_dagrun for example_nested_branch_dag to 2021-10-20 00:00:00+00:00
[2021-10-21 16:05:30,176] {processor.py:171} INFO - Processing /home/airflow/.local/lib/python3.6/site-packages/airflow/example_dags/example_nested_branch_dag.py took 0.133 seconds
[2021-10-21 16:06:00,383] {processor.py:163} INFO - Started process (PID=1481) to work on /home/airflow/.local/lib/python3.6/site-packages/airflow/example_dags/example_nested_branch_dag.py
[2021-10-21 16:06:00,385] {processor.py:620} INFO - Processing file /home/airflow/.local/lib/python3.6/site-packages/airflow/example_dags/example_nested_branch_dag.py for tasks to queue
[2021-10-21 16:06:00,389] {logging_mixin.py:109} INFO - [2021-10-21 16:06:00,389] {dagbag.py:500} INFO - Filling up the DagBag from /home/airflow/.local/lib/python3.6/site-packages/airflow/example_dags/example_nested_branch_dag.py
[2021-10-21 16:06:00,457] {processor.py:632} INFO - DAG(s) dict_keys(['example_nested_branch_dag']) retrieved from /home/airflow/.local/lib/python3.6/site-packages/airflow/example_dags/example_nested_branch_dag.py
[2021-10-21 16:06:00,480] {logging_mixin.py:109} INFO - [2021-10-21 16:06:00,480] {dag.py:2389} INFO - Sync 1 DAGs
[2021-10-21 16:06:00,523] {logging_mixin.py:109} INFO - [2021-10-21 16:06:00,523] {dag.py:2914} INFO - Setting next_dagrun for example_nested_branch_dag to 2021-10-20 00:00:00+00:00
[2021-10-21 16:06:00,551] {processor.py:171} INFO - Processing /home/airflow/.local/lib/python3.6/site-packages/airflow/example_dags/example_nested_branch_dag.py took 0.180 seconds
[2021-10-21 16:06:30,746] {processor.py:163} INFO - Started process (PID=1537) to work on /home/airflow/.local/lib/python3.6/site-packages/airflow/example_dags/example_nested_branch_dag.py
[2021-10-21 16:06:30,749] {processor.py:620} INFO - Processing file /home/airflow/.local/lib/python3.6/site-packages/airflow/example_dags/example_nested_branch_dag.py for tasks to queue
[2021-10-21 16:06:30,751] {logging_mixin.py:109} INFO - [2021-10-21 16:06:30,751] {dagbag.py:500} INFO - Filling up the DagBag from /home/airflow/.local/lib/python3.6/site-packages/airflow/example_dags/example_nested_branch_dag.py
[2021-10-21 16:06:30,795] {processor.py:632} INFO - DAG(s) dict_keys(['example_nested_branch_dag']) retrieved from /home/airflow/.local/lib/python3.6/site-packages/airflow/example_dags/example_nested_branch_dag.py
[2021-10-21 16:06:30,810] {logging_mixin.py:109} INFO - [2021-10-21 16:06:30,809] {dag.py:2389} INFO - Sync 1 DAGs
[2021-10-21 16:06:30,851] {logging_mixin.py:109} INFO - [2021-10-21 16:06:30,851] {dag.py:2914} INFO - Setting next_dagrun for example_nested_branch_dag to 2021-10-20 00:00:00+00:00
[2021-10-21 16:06:30,863] {processor.py:171} INFO - Processing /home/airflow/.local/lib/python3.6/site-packages/airflow/example_dags/example_nested_branch_dag.py took 0.123 seconds
[2021-10-21 16:07:01,016] {processor.py:163} INFO - Started process (PID=1592) to work on /home/airflow/.local/lib/python3.6/site-packages/airflow/example_dags/example_nested_branch_dag.py
[2021-10-21 16:07:01,019] {processor.py:620} INFO - Processing file /home/airflow/.local/lib/python3.6/site-packages/airflow/example_dags/example_nested_branch_dag.py for tasks to queue
[2021-10-21 16:07:01,021] {logging_mixin.py:109} INFO - [2021-10-21 16:07:01,021] {dagbag.py:500} INFO - Filling up the DagBag from /home/airflow/.local/lib/python3.6/site-packages/airflow/example_dags/example_nested_branch_dag.py
[2021-10-21 16:07:01,056] {processor.py:632} INFO - DAG(s) dict_keys(['example_nested_branch_dag']) retrieved from /home/airflow/.local/lib/python3.6/site-packages/airflow/example_dags/example_nested_branch_dag.py
[2021-10-21 16:07:01,070] {logging_mixin.py:109} INFO - [2021-10-21 16:07:01,070] {dag.py:2389} INFO - Sync 1 DAGs
[2021-10-21 16:07:01,098] {logging_mixin.py:109} INFO - [2021-10-21 16:07:01,098] {dag.py:2914} INFO - Setting next_dagrun for example_nested_branch_dag to 2021-10-20 00:00:00+00:00
[2021-10-21 16:07:01,109] {processor.py:171} INFO - Processing /home/airflow/.local/lib/python3.6/site-packages/airflow/example_dags/example_nested_branch_dag.py took 0.106 seconds
