[2021-10-21 15:53:16,078] {processor.py:163} INFO - Started process (PID=70) to work on /home/airflow/.local/lib/python3.6/site-packages/airflow/example_dags/example_branch_day_of_week_operator.py
[2021-10-21 15:53:16,090] {processor.py:620} INFO - Processing file /home/airflow/.local/lib/python3.6/site-packages/airflow/example_dags/example_branch_day_of_week_operator.py for tasks to queue
[2021-10-21 15:53:16,094] {logging_mixin.py:109} INFO - [2021-10-21 15:53:16,094] {dagbag.py:500} INFO - Filling up the DagBag from /home/airflow/.local/lib/python3.6/site-packages/airflow/example_dags/example_branch_day_of_week_operator.py
[2021-10-21 15:53:16,229] {processor.py:632} INFO - DAG(s) dict_keys(['example_weekday_branch_operator']) retrieved from /home/airflow/.local/lib/python3.6/site-packages/airflow/example_dags/example_branch_day_of_week_operator.py
[2021-10-21 15:53:16,268] {logging_mixin.py:109} INFO - [2021-10-21 15:53:16,268] {dag.py:2389} INFO - Sync 1 DAGs
[2021-10-21 15:53:16,319] {logging_mixin.py:109} INFO - [2021-10-21 15:53:16,319] {dag.py:2914} INFO - Setting next_dagrun for example_weekday_branch_operator to 2021-10-20 00:00:00+00:00
[2021-10-21 15:53:16,369] {processor.py:171} INFO - Processing /home/airflow/.local/lib/python3.6/site-packages/airflow/example_dags/example_branch_day_of_week_operator.py took 0.299 seconds
[2021-10-21 15:53:47,224] {processor.py:163} INFO - Started process (PID=124) to work on /home/airflow/.local/lib/python3.6/site-packages/airflow/example_dags/example_branch_day_of_week_operator.py
[2021-10-21 15:53:47,226] {processor.py:620} INFO - Processing file /home/airflow/.local/lib/python3.6/site-packages/airflow/example_dags/example_branch_day_of_week_operator.py for tasks to queue
[2021-10-21 15:53:47,229] {logging_mixin.py:109} INFO - [2021-10-21 15:53:47,228] {dagbag.py:500} INFO - Filling up the DagBag from /home/airflow/.local/lib/python3.6/site-packages/airflow/example_dags/example_branch_day_of_week_operator.py
[2021-10-21 15:53:47,271] {processor.py:632} INFO - DAG(s) dict_keys(['example_weekday_branch_operator']) retrieved from /home/airflow/.local/lib/python3.6/site-packages/airflow/example_dags/example_branch_day_of_week_operator.py
[2021-10-21 15:53:47,288] {logging_mixin.py:109} INFO - [2021-10-21 15:53:47,288] {dag.py:2389} INFO - Sync 1 DAGs
[2021-10-21 15:53:47,320] {logging_mixin.py:109} INFO - [2021-10-21 15:53:47,320] {dag.py:2914} INFO - Setting next_dagrun for example_weekday_branch_operator to 2021-10-20 00:00:00+00:00
[2021-10-21 15:53:47,331] {processor.py:171} INFO - Processing /home/airflow/.local/lib/python3.6/site-packages/airflow/example_dags/example_branch_day_of_week_operator.py took 0.114 seconds
[2021-10-21 15:54:18,127] {processor.py:163} INFO - Started process (PID=187) to work on /home/airflow/.local/lib/python3.6/site-packages/airflow/example_dags/example_branch_day_of_week_operator.py
[2021-10-21 15:54:18,131] {processor.py:620} INFO - Processing file /home/airflow/.local/lib/python3.6/site-packages/airflow/example_dags/example_branch_day_of_week_operator.py for tasks to queue
[2021-10-21 15:54:18,133] {logging_mixin.py:109} INFO - [2021-10-21 15:54:18,132] {dagbag.py:500} INFO - Filling up the DagBag from /home/airflow/.local/lib/python3.6/site-packages/airflow/example_dags/example_branch_day_of_week_operator.py
[2021-10-21 15:54:18,232] {processor.py:632} INFO - DAG(s) dict_keys(['example_weekday_branch_operator']) retrieved from /home/airflow/.local/lib/python3.6/site-packages/airflow/example_dags/example_branch_day_of_week_operator.py
[2021-10-21 15:54:18,257] {logging_mixin.py:109} INFO - [2021-10-21 15:54:18,257] {dag.py:2389} INFO - Sync 1 DAGs
[2021-10-21 15:54:18,320] {logging_mixin.py:109} INFO - [2021-10-21 15:54:18,320] {dag.py:2914} INFO - Setting next_dagrun for example_weekday_branch_operator to 2021-10-20 00:00:00+00:00
[2021-10-21 15:54:18,337] {processor.py:171} INFO - Processing /home/airflow/.local/lib/python3.6/site-packages/airflow/example_dags/example_branch_day_of_week_operator.py took 0.214 seconds
[2021-10-21 15:54:50,450] {processor.py:163} INFO - Started process (PID=242) to work on /home/airflow/.local/lib/python3.6/site-packages/airflow/example_dags/example_branch_day_of_week_operator.py
[2021-10-21 15:54:50,458] {processor.py:620} INFO - Processing file /home/airflow/.local/lib/python3.6/site-packages/airflow/example_dags/example_branch_day_of_week_operator.py for tasks to queue
[2021-10-21 15:54:50,461] {logging_mixin.py:109} INFO - [2021-10-21 15:54:50,461] {dagbag.py:500} INFO - Filling up the DagBag from /home/airflow/.local/lib/python3.6/site-packages/airflow/example_dags/example_branch_day_of_week_operator.py
[2021-10-21 15:54:50,555] {processor.py:632} INFO - DAG(s) dict_keys(['example_weekday_branch_operator']) retrieved from /home/airflow/.local/lib/python3.6/site-packages/airflow/example_dags/example_branch_day_of_week_operator.py
[2021-10-21 15:54:50,583] {logging_mixin.py:109} INFO - [2021-10-21 15:54:50,583] {dag.py:2389} INFO - Sync 1 DAGs
[2021-10-21 15:54:50,627] {logging_mixin.py:109} INFO - [2021-10-21 15:54:50,626] {dag.py:2914} INFO - Setting next_dagrun for example_weekday_branch_operator to 2021-10-20 00:00:00+00:00
[2021-10-21 15:54:50,651] {processor.py:171} INFO - Processing /home/airflow/.local/lib/python3.6/site-packages/airflow/example_dags/example_branch_day_of_week_operator.py took 0.226 seconds
[2021-10-21 15:55:21,774] {processor.py:163} INFO - Started process (PID=296) to work on /home/airflow/.local/lib/python3.6/site-packages/airflow/example_dags/example_branch_day_of_week_operator.py
[2021-10-21 15:55:21,779] {processor.py:620} INFO - Processing file /home/airflow/.local/lib/python3.6/site-packages/airflow/example_dags/example_branch_day_of_week_operator.py for tasks to queue
[2021-10-21 15:55:21,781] {logging_mixin.py:109} INFO - [2021-10-21 15:55:21,780] {dagbag.py:500} INFO - Filling up the DagBag from /home/airflow/.local/lib/python3.6/site-packages/airflow/example_dags/example_branch_day_of_week_operator.py
[2021-10-21 15:55:21,836] {processor.py:632} INFO - DAG(s) dict_keys(['example_weekday_branch_operator']) retrieved from /home/airflow/.local/lib/python3.6/site-packages/airflow/example_dags/example_branch_day_of_week_operator.py
[2021-10-21 15:55:21,864] {logging_mixin.py:109} INFO - [2021-10-21 15:55:21,864] {dag.py:2389} INFO - Sync 1 DAGs
[2021-10-21 15:55:21,896] {logging_mixin.py:109} INFO - [2021-10-21 15:55:21,896] {dag.py:2914} INFO - Setting next_dagrun for example_weekday_branch_operator to 2021-10-20 00:00:00+00:00
[2021-10-21 15:55:21,919] {processor.py:171} INFO - Processing /home/airflow/.local/lib/python3.6/site-packages/airflow/example_dags/example_branch_day_of_week_operator.py took 0.174 seconds
[2021-10-21 15:55:53,806] {processor.py:163} INFO - Started process (PID=351) to work on /home/airflow/.local/lib/python3.6/site-packages/airflow/example_dags/example_branch_day_of_week_operator.py
[2021-10-21 15:55:53,828] {processor.py:620} INFO - Processing file /home/airflow/.local/lib/python3.6/site-packages/airflow/example_dags/example_branch_day_of_week_operator.py for tasks to queue
[2021-10-21 15:55:53,839] {logging_mixin.py:109} INFO - [2021-10-21 15:55:53,837] {dagbag.py:500} INFO - Filling up the DagBag from /home/airflow/.local/lib/python3.6/site-packages/airflow/example_dags/example_branch_day_of_week_operator.py
[2021-10-21 15:55:53,972] {processor.py:632} INFO - DAG(s) dict_keys(['example_weekday_branch_operator']) retrieved from /home/airflow/.local/lib/python3.6/site-packages/airflow/example_dags/example_branch_day_of_week_operator.py
[2021-10-21 15:55:54,003] {logging_mixin.py:109} INFO - [2021-10-21 15:55:54,003] {dag.py:2389} INFO - Sync 1 DAGs
[2021-10-21 15:55:54,048] {logging_mixin.py:109} INFO - [2021-10-21 15:55:54,048] {dag.py:2914} INFO - Setting next_dagrun for example_weekday_branch_operator to 2021-10-20 00:00:00+00:00
[2021-10-21 15:55:54,098] {processor.py:171} INFO - Processing /home/airflow/.local/lib/python3.6/site-packages/airflow/example_dags/example_branch_day_of_week_operator.py took 0.318 seconds
[2021-10-21 15:56:24,689] {processor.py:163} INFO - Started process (PID=417) to work on /home/airflow/.local/lib/python3.6/site-packages/airflow/example_dags/example_branch_day_of_week_operator.py
[2021-10-21 15:56:24,696] {processor.py:620} INFO - Processing file /home/airflow/.local/lib/python3.6/site-packages/airflow/example_dags/example_branch_day_of_week_operator.py for tasks to queue
[2021-10-21 15:56:24,698] {logging_mixin.py:109} INFO - [2021-10-21 15:56:24,697] {dagbag.py:500} INFO - Filling up the DagBag from /home/airflow/.local/lib/python3.6/site-packages/airflow/example_dags/example_branch_day_of_week_operator.py
[2021-10-21 15:56:24,765] {processor.py:632} INFO - DAG(s) dict_keys(['example_weekday_branch_operator']) retrieved from /home/airflow/.local/lib/python3.6/site-packages/airflow/example_dags/example_branch_day_of_week_operator.py
[2021-10-21 15:56:24,782] {logging_mixin.py:109} INFO - [2021-10-21 15:56:24,782] {dag.py:2389} INFO - Sync 1 DAGs
[2021-10-21 15:56:24,807] {logging_mixin.py:109} INFO - [2021-10-21 15:56:24,807] {dag.py:2914} INFO - Setting next_dagrun for example_weekday_branch_operator to 2021-10-20 00:00:00+00:00
[2021-10-21 15:56:24,820] {processor.py:171} INFO - Processing /home/airflow/.local/lib/python3.6/site-packages/airflow/example_dags/example_branch_day_of_week_operator.py took 0.135 seconds
[2021-10-21 15:56:54,984] {processor.py:163} INFO - Started process (PID=475) to work on /home/airflow/.local/lib/python3.6/site-packages/airflow/example_dags/example_branch_day_of_week_operator.py
[2021-10-21 15:56:54,987] {processor.py:620} INFO - Processing file /home/airflow/.local/lib/python3.6/site-packages/airflow/example_dags/example_branch_day_of_week_operator.py for tasks to queue
[2021-10-21 15:56:54,988] {logging_mixin.py:109} INFO - [2021-10-21 15:56:54,988] {dagbag.py:500} INFO - Filling up the DagBag from /home/airflow/.local/lib/python3.6/site-packages/airflow/example_dags/example_branch_day_of_week_operator.py
[2021-10-21 15:56:55,018] {processor.py:632} INFO - DAG(s) dict_keys(['example_weekday_branch_operator']) retrieved from /home/airflow/.local/lib/python3.6/site-packages/airflow/example_dags/example_branch_day_of_week_operator.py
[2021-10-21 15:56:55,030] {logging_mixin.py:109} INFO - [2021-10-21 15:56:55,030] {dag.py:2389} INFO - Sync 1 DAGs
[2021-10-21 15:56:55,049] {logging_mixin.py:109} INFO - [2021-10-21 15:56:55,049] {dag.py:2914} INFO - Setting next_dagrun for example_weekday_branch_operator to 2021-10-20 00:00:00+00:00
[2021-10-21 15:56:55,059] {processor.py:171} INFO - Processing /home/airflow/.local/lib/python3.6/site-packages/airflow/example_dags/example_branch_day_of_week_operator.py took 0.079 seconds
[2021-10-21 15:57:25,179] {processor.py:163} INFO - Started process (PID=528) to work on /home/airflow/.local/lib/python3.6/site-packages/airflow/example_dags/example_branch_day_of_week_operator.py
[2021-10-21 15:57:25,188] {processor.py:620} INFO - Processing file /home/airflow/.local/lib/python3.6/site-packages/airflow/example_dags/example_branch_day_of_week_operator.py for tasks to queue
[2021-10-21 15:57:25,192] {logging_mixin.py:109} INFO - [2021-10-21 15:57:25,191] {dagbag.py:500} INFO - Filling up the DagBag from /home/airflow/.local/lib/python3.6/site-packages/airflow/example_dags/example_branch_day_of_week_operator.py
[2021-10-21 15:57:25,371] {processor.py:632} INFO - DAG(s) dict_keys(['example_weekday_branch_operator']) retrieved from /home/airflow/.local/lib/python3.6/site-packages/airflow/example_dags/example_branch_day_of_week_operator.py
[2021-10-21 15:57:25,386] {logging_mixin.py:109} INFO - [2021-10-21 15:57:25,385] {dag.py:2389} INFO - Sync 1 DAGs
[2021-10-21 15:57:25,412] {logging_mixin.py:109} INFO - [2021-10-21 15:57:25,412] {dag.py:2914} INFO - Setting next_dagrun for example_weekday_branch_operator to 2021-10-20 00:00:00+00:00
[2021-10-21 15:57:25,435] {processor.py:171} INFO - Processing /home/airflow/.local/lib/python3.6/site-packages/airflow/example_dags/example_branch_day_of_week_operator.py took 0.275 seconds
[2021-10-21 15:57:55,481] {processor.py:163} INFO - Started process (PID=585) to work on /home/airflow/.local/lib/python3.6/site-packages/airflow/example_dags/example_branch_day_of_week_operator.py
[2021-10-21 15:57:55,485] {processor.py:620} INFO - Processing file /home/airflow/.local/lib/python3.6/site-packages/airflow/example_dags/example_branch_day_of_week_operator.py for tasks to queue
[2021-10-21 15:57:55,487] {logging_mixin.py:109} INFO - [2021-10-21 15:57:55,487] {dagbag.py:500} INFO - Filling up the DagBag from /home/airflow/.local/lib/python3.6/site-packages/airflow/example_dags/example_branch_day_of_week_operator.py
[2021-10-21 15:57:55,520] {processor.py:632} INFO - DAG(s) dict_keys(['example_weekday_branch_operator']) retrieved from /home/airflow/.local/lib/python3.6/site-packages/airflow/example_dags/example_branch_day_of_week_operator.py
[2021-10-21 15:57:55,535] {logging_mixin.py:109} INFO - [2021-10-21 15:57:55,535] {dag.py:2389} INFO - Sync 1 DAGs
[2021-10-21 15:57:55,558] {logging_mixin.py:109} INFO - [2021-10-21 15:57:55,557] {dag.py:2914} INFO - Setting next_dagrun for example_weekday_branch_operator to 2021-10-20 00:00:00+00:00
[2021-10-21 15:57:55,574] {processor.py:171} INFO - Processing /home/airflow/.local/lib/python3.6/site-packages/airflow/example_dags/example_branch_day_of_week_operator.py took 0.098 seconds
[2021-10-21 15:58:25,880] {processor.py:163} INFO - Started process (PID=641) to work on /home/airflow/.local/lib/python3.6/site-packages/airflow/example_dags/example_branch_day_of_week_operator.py
[2021-10-21 15:58:25,889] {processor.py:620} INFO - Processing file /home/airflow/.local/lib/python3.6/site-packages/airflow/example_dags/example_branch_day_of_week_operator.py for tasks to queue
[2021-10-21 15:58:25,891] {logging_mixin.py:109} INFO - [2021-10-21 15:58:25,891] {dagbag.py:500} INFO - Filling up the DagBag from /home/airflow/.local/lib/python3.6/site-packages/airflow/example_dags/example_branch_day_of_week_operator.py
[2021-10-21 15:58:25,925] {processor.py:632} INFO - DAG(s) dict_keys(['example_weekday_branch_operator']) retrieved from /home/airflow/.local/lib/python3.6/site-packages/airflow/example_dags/example_branch_day_of_week_operator.py
[2021-10-21 15:58:25,939] {logging_mixin.py:109} INFO - [2021-10-21 15:58:25,938] {dag.py:2389} INFO - Sync 1 DAGs
[2021-10-21 15:58:25,960] {logging_mixin.py:109} INFO - [2021-10-21 15:58:25,960] {dag.py:2914} INFO - Setting next_dagrun for example_weekday_branch_operator to 2021-10-20 00:00:00+00:00
[2021-10-21 15:58:25,983] {processor.py:171} INFO - Processing /home/airflow/.local/lib/python3.6/site-packages/airflow/example_dags/example_branch_day_of_week_operator.py took 0.107 seconds
[2021-10-21 15:58:56,337] {processor.py:163} INFO - Started process (PID=705) to work on /home/airflow/.local/lib/python3.6/site-packages/airflow/example_dags/example_branch_day_of_week_operator.py
[2021-10-21 15:58:56,347] {processor.py:620} INFO - Processing file /home/airflow/.local/lib/python3.6/site-packages/airflow/example_dags/example_branch_day_of_week_operator.py for tasks to queue
[2021-10-21 15:58:56,348] {logging_mixin.py:109} INFO - [2021-10-21 15:58:56,348] {dagbag.py:500} INFO - Filling up the DagBag from /home/airflow/.local/lib/python3.6/site-packages/airflow/example_dags/example_branch_day_of_week_operator.py
[2021-10-21 15:58:56,399] {processor.py:632} INFO - DAG(s) dict_keys(['example_weekday_branch_operator']) retrieved from /home/airflow/.local/lib/python3.6/site-packages/airflow/example_dags/example_branch_day_of_week_operator.py
[2021-10-21 15:58:56,415] {logging_mixin.py:109} INFO - [2021-10-21 15:58:56,415] {dag.py:2389} INFO - Sync 1 DAGs
[2021-10-21 15:58:56,449] {logging_mixin.py:109} INFO - [2021-10-21 15:58:56,449] {dag.py:2914} INFO - Setting next_dagrun for example_weekday_branch_operator to 2021-10-20 00:00:00+00:00
[2021-10-21 15:58:56,474] {processor.py:171} INFO - Processing /home/airflow/.local/lib/python3.6/site-packages/airflow/example_dags/example_branch_day_of_week_operator.py took 0.155 seconds
[2021-10-21 15:59:26,564] {processor.py:163} INFO - Started process (PID=761) to work on /home/airflow/.local/lib/python3.6/site-packages/airflow/example_dags/example_branch_day_of_week_operator.py
[2021-10-21 15:59:26,567] {processor.py:620} INFO - Processing file /home/airflow/.local/lib/python3.6/site-packages/airflow/example_dags/example_branch_day_of_week_operator.py for tasks to queue
[2021-10-21 15:59:26,568] {logging_mixin.py:109} INFO - [2021-10-21 15:59:26,568] {dagbag.py:500} INFO - Filling up the DagBag from /home/airflow/.local/lib/python3.6/site-packages/airflow/example_dags/example_branch_day_of_week_operator.py
[2021-10-21 15:59:26,604] {processor.py:632} INFO - DAG(s) dict_keys(['example_weekday_branch_operator']) retrieved from /home/airflow/.local/lib/python3.6/site-packages/airflow/example_dags/example_branch_day_of_week_operator.py
[2021-10-21 15:59:26,622] {logging_mixin.py:109} INFO - [2021-10-21 15:59:26,622] {dag.py:2389} INFO - Sync 1 DAGs
[2021-10-21 15:59:26,644] {logging_mixin.py:109} INFO - [2021-10-21 15:59:26,644] {dag.py:2914} INFO - Setting next_dagrun for example_weekday_branch_operator to 2021-10-20 00:00:00+00:00
[2021-10-21 15:59:26,655] {processor.py:171} INFO - Processing /home/airflow/.local/lib/python3.6/site-packages/airflow/example_dags/example_branch_day_of_week_operator.py took 0.095 seconds
[2021-10-21 15:59:58,706] {processor.py:163} INFO - Started process (PID=818) to work on /home/airflow/.local/lib/python3.6/site-packages/airflow/example_dags/example_branch_day_of_week_operator.py
[2021-10-21 15:59:58,711] {processor.py:620} INFO - Processing file /home/airflow/.local/lib/python3.6/site-packages/airflow/example_dags/example_branch_day_of_week_operator.py for tasks to queue
[2021-10-21 15:59:58,716] {logging_mixin.py:109} INFO - [2021-10-21 15:59:58,716] {dagbag.py:500} INFO - Filling up the DagBag from /home/airflow/.local/lib/python3.6/site-packages/airflow/example_dags/example_branch_day_of_week_operator.py
[2021-10-21 15:59:58,782] {processor.py:632} INFO - DAG(s) dict_keys(['example_weekday_branch_operator']) retrieved from /home/airflow/.local/lib/python3.6/site-packages/airflow/example_dags/example_branch_day_of_week_operator.py
[2021-10-21 15:59:58,802] {logging_mixin.py:109} INFO - [2021-10-21 15:59:58,802] {dag.py:2389} INFO - Sync 1 DAGs
[2021-10-21 15:59:58,823] {logging_mixin.py:109} INFO - [2021-10-21 15:59:58,822] {dag.py:2914} INFO - Setting next_dagrun for example_weekday_branch_operator to 2021-10-20 00:00:00+00:00
[2021-10-21 15:59:58,837] {processor.py:171} INFO - Processing /home/airflow/.local/lib/python3.6/site-packages/airflow/example_dags/example_branch_day_of_week_operator.py took 0.141 seconds
[2021-10-21 16:00:32,838] {processor.py:163} INFO - Started process (PID=888) to work on /home/airflow/.local/lib/python3.6/site-packages/airflow/example_dags/example_branch_day_of_week_operator.py
[2021-10-21 16:00:32,846] {processor.py:620} INFO - Processing file /home/airflow/.local/lib/python3.6/site-packages/airflow/example_dags/example_branch_day_of_week_operator.py for tasks to queue
[2021-10-21 16:00:32,848] {logging_mixin.py:109} INFO - [2021-10-21 16:00:32,847] {dagbag.py:500} INFO - Filling up the DagBag from /home/airflow/.local/lib/python3.6/site-packages/airflow/example_dags/example_branch_day_of_week_operator.py
[2021-10-21 16:00:33,120] {processor.py:632} INFO - DAG(s) dict_keys(['example_weekday_branch_operator']) retrieved from /home/airflow/.local/lib/python3.6/site-packages/airflow/example_dags/example_branch_day_of_week_operator.py
[2021-10-21 16:00:33,208] {logging_mixin.py:109} INFO - [2021-10-21 16:00:33,208] {dag.py:2389} INFO - Sync 1 DAGs
[2021-10-21 16:00:33,280] {logging_mixin.py:109} INFO - [2021-10-21 16:00:33,279] {dag.py:2914} INFO - Setting next_dagrun for example_weekday_branch_operator to 2021-10-20 00:00:00+00:00
[2021-10-21 16:00:33,304] {processor.py:171} INFO - Processing /home/airflow/.local/lib/python3.6/site-packages/airflow/example_dags/example_branch_day_of_week_operator.py took 0.479 seconds
[2021-10-21 16:01:05,362] {processor.py:163} INFO - Started process (PID=942) to work on /home/airflow/.local/lib/python3.6/site-packages/airflow/example_dags/example_branch_day_of_week_operator.py
[2021-10-21 16:01:05,530] {processor.py:620} INFO - Processing file /home/airflow/.local/lib/python3.6/site-packages/airflow/example_dags/example_branch_day_of_week_operator.py for tasks to queue
[2021-10-21 16:01:05,536] {logging_mixin.py:109} INFO - [2021-10-21 16:01:05,536] {dagbag.py:500} INFO - Filling up the DagBag from /home/airflow/.local/lib/python3.6/site-packages/airflow/example_dags/example_branch_day_of_week_operator.py
[2021-10-21 16:01:05,705] {processor.py:632} INFO - DAG(s) dict_keys(['example_weekday_branch_operator']) retrieved from /home/airflow/.local/lib/python3.6/site-packages/airflow/example_dags/example_branch_day_of_week_operator.py
[2021-10-21 16:01:05,929] {logging_mixin.py:109} INFO - [2021-10-21 16:01:05,929] {dag.py:2389} INFO - Sync 1 DAGs
[2021-10-21 16:01:06,046] {logging_mixin.py:109} INFO - [2021-10-21 16:01:06,046] {dag.py:2914} INFO - Setting next_dagrun for example_weekday_branch_operator to 2021-10-20 00:00:00+00:00
[2021-10-21 16:01:06,072] {processor.py:171} INFO - Processing /home/airflow/.local/lib/python3.6/site-packages/airflow/example_dags/example_branch_day_of_week_operator.py took 0.721 seconds
[2021-10-21 16:01:37,113] {processor.py:163} INFO - Started process (PID=996) to work on /home/airflow/.local/lib/python3.6/site-packages/airflow/example_dags/example_branch_day_of_week_operator.py
[2021-10-21 16:01:37,124] {processor.py:620} INFO - Processing file /home/airflow/.local/lib/python3.6/site-packages/airflow/example_dags/example_branch_day_of_week_operator.py for tasks to queue
[2021-10-21 16:01:37,126] {logging_mixin.py:109} INFO - [2021-10-21 16:01:37,126] {dagbag.py:500} INFO - Filling up the DagBag from /home/airflow/.local/lib/python3.6/site-packages/airflow/example_dags/example_branch_day_of_week_operator.py
[2021-10-21 16:01:37,226] {processor.py:632} INFO - DAG(s) dict_keys(['example_weekday_branch_operator']) retrieved from /home/airflow/.local/lib/python3.6/site-packages/airflow/example_dags/example_branch_day_of_week_operator.py
[2021-10-21 16:01:37,255] {logging_mixin.py:109} INFO - [2021-10-21 16:01:37,254] {dag.py:2389} INFO - Sync 1 DAGs
[2021-10-21 16:01:37,296] {logging_mixin.py:109} INFO - [2021-10-21 16:01:37,296] {dag.py:2914} INFO - Setting next_dagrun for example_weekday_branch_operator to 2021-10-20 00:00:00+00:00
[2021-10-21 16:01:37,314] {processor.py:171} INFO - Processing /home/airflow/.local/lib/python3.6/site-packages/airflow/example_dags/example_branch_day_of_week_operator.py took 0.206 seconds
[2021-10-21 16:02:11,269] {processor.py:163} INFO - Started process (PID=1049) to work on /home/airflow/.local/lib/python3.6/site-packages/airflow/example_dags/example_branch_day_of_week_operator.py
[2021-10-21 16:02:11,292] {processor.py:620} INFO - Processing file /home/airflow/.local/lib/python3.6/site-packages/airflow/example_dags/example_branch_day_of_week_operator.py for tasks to queue
[2021-10-21 16:02:11,299] {logging_mixin.py:109} INFO - [2021-10-21 16:02:11,295] {dagbag.py:500} INFO - Filling up the DagBag from /home/airflow/.local/lib/python3.6/site-packages/airflow/example_dags/example_branch_day_of_week_operator.py
[2021-10-21 16:02:11,494] {processor.py:632} INFO - DAG(s) dict_keys(['example_weekday_branch_operator']) retrieved from /home/airflow/.local/lib/python3.6/site-packages/airflow/example_dags/example_branch_day_of_week_operator.py
[2021-10-21 16:02:11,550] {logging_mixin.py:109} INFO - [2021-10-21 16:02:11,549] {dag.py:2389} INFO - Sync 1 DAGs
[2021-10-21 16:02:11,617] {logging_mixin.py:109} INFO - [2021-10-21 16:02:11,617] {dag.py:2914} INFO - Setting next_dagrun for example_weekday_branch_operator to 2021-10-20 00:00:00+00:00
[2021-10-21 16:02:11,669] {processor.py:171} INFO - Processing /home/airflow/.local/lib/python3.6/site-packages/airflow/example_dags/example_branch_day_of_week_operator.py took 0.451 seconds
[2021-10-21 16:02:42,633] {processor.py:163} INFO - Started process (PID=1095) to work on /home/airflow/.local/lib/python3.6/site-packages/airflow/example_dags/example_branch_day_of_week_operator.py
[2021-10-21 16:02:42,637] {processor.py:620} INFO - Processing file /home/airflow/.local/lib/python3.6/site-packages/airflow/example_dags/example_branch_day_of_week_operator.py for tasks to queue
[2021-10-21 16:02:42,640] {logging_mixin.py:109} INFO - [2021-10-21 16:02:42,640] {dagbag.py:500} INFO - Filling up the DagBag from /home/airflow/.local/lib/python3.6/site-packages/airflow/example_dags/example_branch_day_of_week_operator.py
[2021-10-21 16:02:42,718] {processor.py:632} INFO - DAG(s) dict_keys(['example_weekday_branch_operator']) retrieved from /home/airflow/.local/lib/python3.6/site-packages/airflow/example_dags/example_branch_day_of_week_operator.py
[2021-10-21 16:02:42,752] {logging_mixin.py:109} INFO - [2021-10-21 16:02:42,752] {dag.py:2389} INFO - Sync 1 DAGs
[2021-10-21 16:02:42,805] {logging_mixin.py:109} INFO - [2021-10-21 16:02:42,803] {dag.py:2914} INFO - Setting next_dagrun for example_weekday_branch_operator to 2021-10-20 00:00:00+00:00
[2021-10-21 16:02:42,833] {processor.py:171} INFO - Processing /home/airflow/.local/lib/python3.6/site-packages/airflow/example_dags/example_branch_day_of_week_operator.py took 0.212 seconds
[2021-10-21 16:03:13,979] {processor.py:163} INFO - Started process (PID=1160) to work on /home/airflow/.local/lib/python3.6/site-packages/airflow/example_dags/example_branch_day_of_week_operator.py
[2021-10-21 16:03:13,983] {processor.py:620} INFO - Processing file /home/airflow/.local/lib/python3.6/site-packages/airflow/example_dags/example_branch_day_of_week_operator.py for tasks to queue
[2021-10-21 16:03:13,985] {logging_mixin.py:109} INFO - [2021-10-21 16:03:13,985] {dagbag.py:500} INFO - Filling up the DagBag from /home/airflow/.local/lib/python3.6/site-packages/airflow/example_dags/example_branch_day_of_week_operator.py
[2021-10-21 16:03:14,033] {processor.py:632} INFO - DAG(s) dict_keys(['example_weekday_branch_operator']) retrieved from /home/airflow/.local/lib/python3.6/site-packages/airflow/example_dags/example_branch_day_of_week_operator.py
[2021-10-21 16:03:14,060] {logging_mixin.py:109} INFO - [2021-10-21 16:03:14,060] {dag.py:2389} INFO - Sync 1 DAGs
[2021-10-21 16:03:14,100] {logging_mixin.py:109} INFO - [2021-10-21 16:03:14,100] {dag.py:2914} INFO - Setting next_dagrun for example_weekday_branch_operator to 2021-10-20 00:00:00+00:00
[2021-10-21 16:03:14,117] {processor.py:171} INFO - Processing /home/airflow/.local/lib/python3.6/site-packages/airflow/example_dags/example_branch_day_of_week_operator.py took 0.149 seconds
[2021-10-21 16:03:44,794] {processor.py:163} INFO - Started process (PID=1219) to work on /home/airflow/.local/lib/python3.6/site-packages/airflow/example_dags/example_branch_day_of_week_operator.py
[2021-10-21 16:03:44,796] {processor.py:620} INFO - Processing file /home/airflow/.local/lib/python3.6/site-packages/airflow/example_dags/example_branch_day_of_week_operator.py for tasks to queue
[2021-10-21 16:03:44,798] {logging_mixin.py:109} INFO - [2021-10-21 16:03:44,798] {dagbag.py:500} INFO - Filling up the DagBag from /home/airflow/.local/lib/python3.6/site-packages/airflow/example_dags/example_branch_day_of_week_operator.py
[2021-10-21 16:03:44,837] {processor.py:632} INFO - DAG(s) dict_keys(['example_weekday_branch_operator']) retrieved from /home/airflow/.local/lib/python3.6/site-packages/airflow/example_dags/example_branch_day_of_week_operator.py
[2021-10-21 16:03:44,851] {logging_mixin.py:109} INFO - [2021-10-21 16:03:44,851] {dag.py:2389} INFO - Sync 1 DAGs
[2021-10-21 16:03:44,895] {logging_mixin.py:109} INFO - [2021-10-21 16:03:44,895] {dag.py:2914} INFO - Setting next_dagrun for example_weekday_branch_operator to 2021-10-20 00:00:00+00:00
[2021-10-21 16:03:44,914] {processor.py:171} INFO - Processing /home/airflow/.local/lib/python3.6/site-packages/airflow/example_dags/example_branch_day_of_week_operator.py took 0.124 seconds
[2021-10-21 16:04:15,772] {processor.py:163} INFO - Started process (PID=1273) to work on /home/airflow/.local/lib/python3.6/site-packages/airflow/example_dags/example_branch_day_of_week_operator.py
[2021-10-21 16:04:15,779] {processor.py:620} INFO - Processing file /home/airflow/.local/lib/python3.6/site-packages/airflow/example_dags/example_branch_day_of_week_operator.py for tasks to queue
[2021-10-21 16:04:15,783] {logging_mixin.py:109} INFO - [2021-10-21 16:04:15,782] {dagbag.py:500} INFO - Filling up the DagBag from /home/airflow/.local/lib/python3.6/site-packages/airflow/example_dags/example_branch_day_of_week_operator.py
[2021-10-21 16:04:15,814] {processor.py:632} INFO - DAG(s) dict_keys(['example_weekday_branch_operator']) retrieved from /home/airflow/.local/lib/python3.6/site-packages/airflow/example_dags/example_branch_day_of_week_operator.py
[2021-10-21 16:04:15,828] {logging_mixin.py:109} INFO - [2021-10-21 16:04:15,828] {dag.py:2389} INFO - Sync 1 DAGs
[2021-10-21 16:04:15,849] {logging_mixin.py:109} INFO - [2021-10-21 16:04:15,849] {dag.py:2914} INFO - Setting next_dagrun for example_weekday_branch_operator to 2021-10-20 00:00:00+00:00
[2021-10-21 16:04:15,860] {processor.py:171} INFO - Processing /home/airflow/.local/lib/python3.6/site-packages/airflow/example_dags/example_branch_day_of_week_operator.py took 0.093 seconds
[2021-10-21 16:04:46,336] {processor.py:163} INFO - Started process (PID=1327) to work on /home/airflow/.local/lib/python3.6/site-packages/airflow/example_dags/example_branch_day_of_week_operator.py
[2021-10-21 16:04:46,338] {processor.py:620} INFO - Processing file /home/airflow/.local/lib/python3.6/site-packages/airflow/example_dags/example_branch_day_of_week_operator.py for tasks to queue
[2021-10-21 16:04:46,342] {logging_mixin.py:109} INFO - [2021-10-21 16:04:46,341] {dagbag.py:500} INFO - Filling up the DagBag from /home/airflow/.local/lib/python3.6/site-packages/airflow/example_dags/example_branch_day_of_week_operator.py
[2021-10-21 16:04:46,394] {processor.py:632} INFO - DAG(s) dict_keys(['example_weekday_branch_operator']) retrieved from /home/airflow/.local/lib/python3.6/site-packages/airflow/example_dags/example_branch_day_of_week_operator.py
[2021-10-21 16:04:46,414] {logging_mixin.py:109} INFO - [2021-10-21 16:04:46,414] {dag.py:2389} INFO - Sync 1 DAGs
[2021-10-21 16:04:46,439] {logging_mixin.py:109} INFO - [2021-10-21 16:04:46,439] {dag.py:2914} INFO - Setting next_dagrun for example_weekday_branch_operator to 2021-10-20 00:00:00+00:00
[2021-10-21 16:04:46,452] {processor.py:171} INFO - Processing /home/airflow/.local/lib/python3.6/site-packages/airflow/example_dags/example_branch_day_of_week_operator.py took 0.123 seconds
[2021-10-21 16:05:18,124] {processor.py:163} INFO - Started process (PID=1392) to work on /home/airflow/.local/lib/python3.6/site-packages/airflow/example_dags/example_branch_day_of_week_operator.py
[2021-10-21 16:05:18,127] {processor.py:620} INFO - Processing file /home/airflow/.local/lib/python3.6/site-packages/airflow/example_dags/example_branch_day_of_week_operator.py for tasks to queue
[2021-10-21 16:05:18,138] {logging_mixin.py:109} INFO - [2021-10-21 16:05:18,138] {dagbag.py:500} INFO - Filling up the DagBag from /home/airflow/.local/lib/python3.6/site-packages/airflow/example_dags/example_branch_day_of_week_operator.py
[2021-10-21 16:05:18,224] {processor.py:632} INFO - DAG(s) dict_keys(['example_weekday_branch_operator']) retrieved from /home/airflow/.local/lib/python3.6/site-packages/airflow/example_dags/example_branch_day_of_week_operator.py
[2021-10-21 16:05:18,258] {logging_mixin.py:109} INFO - [2021-10-21 16:05:18,258] {dag.py:2389} INFO - Sync 1 DAGs
[2021-10-21 16:05:18,320] {logging_mixin.py:109} INFO - [2021-10-21 16:05:18,315] {dag.py:2914} INFO - Setting next_dagrun for example_weekday_branch_operator to 2021-10-20 00:00:00+00:00
[2021-10-21 16:05:18,351] {processor.py:171} INFO - Processing /home/airflow/.local/lib/python3.6/site-packages/airflow/example_dags/example_branch_day_of_week_operator.py took 0.244 seconds
[2021-10-21 16:05:49,448] {processor.py:163} INFO - Started process (PID=1447) to work on /home/airflow/.local/lib/python3.6/site-packages/airflow/example_dags/example_branch_day_of_week_operator.py
[2021-10-21 16:05:49,451] {processor.py:620} INFO - Processing file /home/airflow/.local/lib/python3.6/site-packages/airflow/example_dags/example_branch_day_of_week_operator.py for tasks to queue
[2021-10-21 16:05:49,452] {logging_mixin.py:109} INFO - [2021-10-21 16:05:49,452] {dagbag.py:500} INFO - Filling up the DagBag from /home/airflow/.local/lib/python3.6/site-packages/airflow/example_dags/example_branch_day_of_week_operator.py
[2021-10-21 16:05:49,517] {processor.py:632} INFO - DAG(s) dict_keys(['example_weekday_branch_operator']) retrieved from /home/airflow/.local/lib/python3.6/site-packages/airflow/example_dags/example_branch_day_of_week_operator.py
[2021-10-21 16:05:49,532] {logging_mixin.py:109} INFO - [2021-10-21 16:05:49,532] {dag.py:2389} INFO - Sync 1 DAGs
[2021-10-21 16:05:49,556] {logging_mixin.py:109} INFO - [2021-10-21 16:05:49,555] {dag.py:2914} INFO - Setting next_dagrun for example_weekday_branch_operator to 2021-10-20 00:00:00+00:00
[2021-10-21 16:05:49,573] {processor.py:171} INFO - Processing /home/airflow/.local/lib/python3.6/site-packages/airflow/example_dags/example_branch_day_of_week_operator.py took 0.130 seconds
[2021-10-21 16:06:19,822] {processor.py:163} INFO - Started process (PID=1501) to work on /home/airflow/.local/lib/python3.6/site-packages/airflow/example_dags/example_branch_day_of_week_operator.py
[2021-10-21 16:06:19,839] {processor.py:620} INFO - Processing file /home/airflow/.local/lib/python3.6/site-packages/airflow/example_dags/example_branch_day_of_week_operator.py for tasks to queue
[2021-10-21 16:06:19,841] {logging_mixin.py:109} INFO - [2021-10-21 16:06:19,841] {dagbag.py:500} INFO - Filling up the DagBag from /home/airflow/.local/lib/python3.6/site-packages/airflow/example_dags/example_branch_day_of_week_operator.py
[2021-10-21 16:06:19,884] {processor.py:632} INFO - DAG(s) dict_keys(['example_weekday_branch_operator']) retrieved from /home/airflow/.local/lib/python3.6/site-packages/airflow/example_dags/example_branch_day_of_week_operator.py
[2021-10-21 16:06:19,901] {logging_mixin.py:109} INFO - [2021-10-21 16:06:19,901] {dag.py:2389} INFO - Sync 1 DAGs
[2021-10-21 16:06:19,924] {logging_mixin.py:109} INFO - [2021-10-21 16:06:19,923] {dag.py:2914} INFO - Setting next_dagrun for example_weekday_branch_operator to 2021-10-20 00:00:00+00:00
[2021-10-21 16:06:19,943] {processor.py:171} INFO - Processing /home/airflow/.local/lib/python3.6/site-packages/airflow/example_dags/example_branch_day_of_week_operator.py took 0.125 seconds
[2021-10-21 16:06:50,206] {processor.py:163} INFO - Started process (PID=1568) to work on /home/airflow/.local/lib/python3.6/site-packages/airflow/example_dags/example_branch_day_of_week_operator.py
[2021-10-21 16:06:50,215] {processor.py:620} INFO - Processing file /home/airflow/.local/lib/python3.6/site-packages/airflow/example_dags/example_branch_day_of_week_operator.py for tasks to queue
[2021-10-21 16:06:50,218] {logging_mixin.py:109} INFO - [2021-10-21 16:06:50,217] {dagbag.py:500} INFO - Filling up the DagBag from /home/airflow/.local/lib/python3.6/site-packages/airflow/example_dags/example_branch_day_of_week_operator.py
[2021-10-21 16:06:50,275] {processor.py:632} INFO - DAG(s) dict_keys(['example_weekday_branch_operator']) retrieved from /home/airflow/.local/lib/python3.6/site-packages/airflow/example_dags/example_branch_day_of_week_operator.py
[2021-10-21 16:06:50,319] {logging_mixin.py:109} INFO - [2021-10-21 16:06:50,319] {dag.py:2389} INFO - Sync 1 DAGs
[2021-10-21 16:06:50,355] {logging_mixin.py:109} INFO - [2021-10-21 16:06:50,355] {dag.py:2914} INFO - Setting next_dagrun for example_weekday_branch_operator to 2021-10-20 00:00:00+00:00
[2021-10-21 16:06:50,373] {processor.py:171} INFO - Processing /home/airflow/.local/lib/python3.6/site-packages/airflow/example_dags/example_branch_day_of_week_operator.py took 0.187 seconds
