[2021-10-21 15:53:13,526] {processor.py:163} INFO - Started process (PID=64) to work on /home/airflow/.local/lib/python3.6/site-packages/airflow/example_dags/example_bash_operator.py
[2021-10-21 15:53:13,539] {processor.py:620} INFO - Processing file /home/airflow/.local/lib/python3.6/site-packages/airflow/example_dags/example_bash_operator.py for tasks to queue
[2021-10-21 15:53:13,542] {logging_mixin.py:109} INFO - [2021-10-21 15:53:13,542] {dagbag.py:500} INFO - Filling up the DagBag from /home/airflow/.local/lib/python3.6/site-packages/airflow/example_dags/example_bash_operator.py
[2021-10-21 15:53:13,703] {processor.py:632} INFO - DAG(s) dict_keys(['example_bash_operator']) retrieved from /home/airflow/.local/lib/python3.6/site-packages/airflow/example_dags/example_bash_operator.py
[2021-10-21 15:53:13,770] {logging_mixin.py:109} INFO - [2021-10-21 15:53:13,767] {dag.py:2389} INFO - Sync 1 DAGs
[2021-10-21 15:53:13,873] {logging_mixin.py:109} INFO - [2021-10-21 15:53:13,872] {dag.py:2914} INFO - Setting next_dagrun for example_bash_operator to 2021-10-20 00:00:00+00:00
[2021-10-21 15:53:13,914] {processor.py:171} INFO - Processing /home/airflow/.local/lib/python3.6/site-packages/airflow/example_dags/example_bash_operator.py took 0.410 seconds
[2021-10-21 15:53:44,532] {processor.py:163} INFO - Started process (PID=118) to work on /home/airflow/.local/lib/python3.6/site-packages/airflow/example_dags/example_bash_operator.py
[2021-10-21 15:53:44,536] {processor.py:620} INFO - Processing file /home/airflow/.local/lib/python3.6/site-packages/airflow/example_dags/example_bash_operator.py for tasks to queue
[2021-10-21 15:53:44,537] {logging_mixin.py:109} INFO - [2021-10-21 15:53:44,537] {dagbag.py:500} INFO - Filling up the DagBag from /home/airflow/.local/lib/python3.6/site-packages/airflow/example_dags/example_bash_operator.py
[2021-10-21 15:53:44,625] {processor.py:632} INFO - DAG(s) dict_keys(['example_bash_operator']) retrieved from /home/airflow/.local/lib/python3.6/site-packages/airflow/example_dags/example_bash_operator.py
[2021-10-21 15:53:44,644] {logging_mixin.py:109} INFO - [2021-10-21 15:53:44,644] {dag.py:2389} INFO - Sync 1 DAGs
[2021-10-21 15:53:44,712] {logging_mixin.py:109} INFO - [2021-10-21 15:53:44,712] {dag.py:2914} INFO - Setting next_dagrun for example_bash_operator to 2021-10-20 00:00:00+00:00
[2021-10-21 15:53:44,725] {processor.py:171} INFO - Processing /home/airflow/.local/lib/python3.6/site-packages/airflow/example_dags/example_bash_operator.py took 0.203 seconds
[2021-10-21 15:54:15,614] {processor.py:163} INFO - Started process (PID=171) to work on /home/airflow/.local/lib/python3.6/site-packages/airflow/example_dags/example_bash_operator.py
[2021-10-21 15:54:15,619] {processor.py:620} INFO - Processing file /home/airflow/.local/lib/python3.6/site-packages/airflow/example_dags/example_bash_operator.py for tasks to queue
[2021-10-21 15:54:15,622] {logging_mixin.py:109} INFO - [2021-10-21 15:54:15,621] {dagbag.py:500} INFO - Filling up the DagBag from /home/airflow/.local/lib/python3.6/site-packages/airflow/example_dags/example_bash_operator.py
[2021-10-21 15:54:15,748] {processor.py:632} INFO - DAG(s) dict_keys(['example_bash_operator']) retrieved from /home/airflow/.local/lib/python3.6/site-packages/airflow/example_dags/example_bash_operator.py
[2021-10-21 15:54:15,773] {logging_mixin.py:109} INFO - [2021-10-21 15:54:15,772] {dag.py:2389} INFO - Sync 1 DAGs
[2021-10-21 15:54:15,803] {logging_mixin.py:109} INFO - [2021-10-21 15:54:15,802] {dag.py:2914} INFO - Setting next_dagrun for example_bash_operator to 2021-10-20 00:00:00+00:00
[2021-10-21 15:54:15,817] {processor.py:171} INFO - Processing /home/airflow/.local/lib/python3.6/site-packages/airflow/example_dags/example_bash_operator.py took 0.215 seconds
[2021-10-21 15:54:46,442] {processor.py:163} INFO - Started process (PID=226) to work on /home/airflow/.local/lib/python3.6/site-packages/airflow/example_dags/example_bash_operator.py
[2021-10-21 15:54:46,446] {processor.py:620} INFO - Processing file /home/airflow/.local/lib/python3.6/site-packages/airflow/example_dags/example_bash_operator.py for tasks to queue
[2021-10-21 15:54:46,449] {logging_mixin.py:109} INFO - [2021-10-21 15:54:46,448] {dagbag.py:500} INFO - Filling up the DagBag from /home/airflow/.local/lib/python3.6/site-packages/airflow/example_dags/example_bash_operator.py
[2021-10-21 15:54:46,501] {processor.py:632} INFO - DAG(s) dict_keys(['example_bash_operator']) retrieved from /home/airflow/.local/lib/python3.6/site-packages/airflow/example_dags/example_bash_operator.py
[2021-10-21 15:54:46,524] {logging_mixin.py:109} INFO - [2021-10-21 15:54:46,524] {dag.py:2389} INFO - Sync 1 DAGs
[2021-10-21 15:54:46,565] {logging_mixin.py:109} INFO - [2021-10-21 15:54:46,565] {dag.py:2914} INFO - Setting next_dagrun for example_bash_operator to 2021-10-20 00:00:00+00:00
[2021-10-21 15:54:46,577] {processor.py:171} INFO - Processing /home/airflow/.local/lib/python3.6/site-packages/airflow/example_dags/example_bash_operator.py took 0.143 seconds
[2021-10-21 15:55:17,781] {processor.py:163} INFO - Started process (PID=290) to work on /home/airflow/.local/lib/python3.6/site-packages/airflow/example_dags/example_bash_operator.py
[2021-10-21 15:55:17,783] {processor.py:620} INFO - Processing file /home/airflow/.local/lib/python3.6/site-packages/airflow/example_dags/example_bash_operator.py for tasks to queue
[2021-10-21 15:55:17,785] {logging_mixin.py:109} INFO - [2021-10-21 15:55:17,785] {dagbag.py:500} INFO - Filling up the DagBag from /home/airflow/.local/lib/python3.6/site-packages/airflow/example_dags/example_bash_operator.py
[2021-10-21 15:55:17,877] {processor.py:632} INFO - DAG(s) dict_keys(['example_bash_operator']) retrieved from /home/airflow/.local/lib/python3.6/site-packages/airflow/example_dags/example_bash_operator.py
[2021-10-21 15:55:17,907] {logging_mixin.py:109} INFO - [2021-10-21 15:55:17,907] {dag.py:2389} INFO - Sync 1 DAGs
[2021-10-21 15:55:17,940] {logging_mixin.py:109} INFO - [2021-10-21 15:55:17,939] {dag.py:2914} INFO - Setting next_dagrun for example_bash_operator to 2021-10-20 00:00:00+00:00
[2021-10-21 15:55:17,960] {processor.py:171} INFO - Processing /home/airflow/.local/lib/python3.6/site-packages/airflow/example_dags/example_bash_operator.py took 0.183 seconds
[2021-10-21 15:55:49,117] {processor.py:163} INFO - Started process (PID=345) to work on /home/airflow/.local/lib/python3.6/site-packages/airflow/example_dags/example_bash_operator.py
[2021-10-21 15:55:49,120] {processor.py:620} INFO - Processing file /home/airflow/.local/lib/python3.6/site-packages/airflow/example_dags/example_bash_operator.py for tasks to queue
[2021-10-21 15:55:49,122] {logging_mixin.py:109} INFO - [2021-10-21 15:55:49,122] {dagbag.py:500} INFO - Filling up the DagBag from /home/airflow/.local/lib/python3.6/site-packages/airflow/example_dags/example_bash_operator.py
[2021-10-21 15:55:49,162] {processor.py:632} INFO - DAG(s) dict_keys(['example_bash_operator']) retrieved from /home/airflow/.local/lib/python3.6/site-packages/airflow/example_dags/example_bash_operator.py
[2021-10-21 15:55:49,176] {logging_mixin.py:109} INFO - [2021-10-21 15:55:49,176] {dag.py:2389} INFO - Sync 1 DAGs
[2021-10-21 15:55:49,195] {logging_mixin.py:109} INFO - [2021-10-21 15:55:49,195] {dag.py:2914} INFO - Setting next_dagrun for example_bash_operator to 2021-10-20 00:00:00+00:00
[2021-10-21 15:55:49,213] {processor.py:171} INFO - Processing /home/airflow/.local/lib/python3.6/site-packages/airflow/example_dags/example_bash_operator.py took 0.102 seconds
[2021-10-21 15:56:21,357] {processor.py:163} INFO - Started process (PID=401) to work on /home/airflow/.local/lib/python3.6/site-packages/airflow/example_dags/example_bash_operator.py
[2021-10-21 15:56:21,362] {processor.py:620} INFO - Processing file /home/airflow/.local/lib/python3.6/site-packages/airflow/example_dags/example_bash_operator.py for tasks to queue
[2021-10-21 15:56:21,363] {logging_mixin.py:109} INFO - [2021-10-21 15:56:21,363] {dagbag.py:500} INFO - Filling up the DagBag from /home/airflow/.local/lib/python3.6/site-packages/airflow/example_dags/example_bash_operator.py
[2021-10-21 15:56:21,440] {processor.py:632} INFO - DAG(s) dict_keys(['example_bash_operator']) retrieved from /home/airflow/.local/lib/python3.6/site-packages/airflow/example_dags/example_bash_operator.py
[2021-10-21 15:56:21,461] {logging_mixin.py:109} INFO - [2021-10-21 15:56:21,461] {dag.py:2389} INFO - Sync 1 DAGs
[2021-10-21 15:56:21,489] {logging_mixin.py:109} INFO - [2021-10-21 15:56:21,489] {dag.py:2914} INFO - Setting next_dagrun for example_bash_operator to 2021-10-20 00:00:00+00:00
[2021-10-21 15:56:21,512] {processor.py:171} INFO - Processing /home/airflow/.local/lib/python3.6/site-packages/airflow/example_dags/example_bash_operator.py took 0.160 seconds
[2021-10-21 15:56:51,543] {processor.py:163} INFO - Started process (PID=468) to work on /home/airflow/.local/lib/python3.6/site-packages/airflow/example_dags/example_bash_operator.py
[2021-10-21 15:56:51,545] {processor.py:620} INFO - Processing file /home/airflow/.local/lib/python3.6/site-packages/airflow/example_dags/example_bash_operator.py for tasks to queue
[2021-10-21 15:56:51,547] {logging_mixin.py:109} INFO - [2021-10-21 15:56:51,547] {dagbag.py:500} INFO - Filling up the DagBag from /home/airflow/.local/lib/python3.6/site-packages/airflow/example_dags/example_bash_operator.py
[2021-10-21 15:56:51,585] {processor.py:632} INFO - DAG(s) dict_keys(['example_bash_operator']) retrieved from /home/airflow/.local/lib/python3.6/site-packages/airflow/example_dags/example_bash_operator.py
[2021-10-21 15:56:51,601] {logging_mixin.py:109} INFO - [2021-10-21 15:56:51,601] {dag.py:2389} INFO - Sync 1 DAGs
[2021-10-21 15:56:51,620] {logging_mixin.py:109} INFO - [2021-10-21 15:56:51,620] {dag.py:2914} INFO - Setting next_dagrun for example_bash_operator to 2021-10-20 00:00:00+00:00
[2021-10-21 15:56:51,640] {processor.py:171} INFO - Processing /home/airflow/.local/lib/python3.6/site-packages/airflow/example_dags/example_bash_operator.py took 0.102 seconds
[2021-10-21 15:57:23,177] {processor.py:163} INFO - Started process (PID=523) to work on /home/airflow/.local/lib/python3.6/site-packages/airflow/example_dags/example_bash_operator.py
[2021-10-21 15:57:23,185] {processor.py:620} INFO - Processing file /home/airflow/.local/lib/python3.6/site-packages/airflow/example_dags/example_bash_operator.py for tasks to queue
[2021-10-21 15:57:23,187] {logging_mixin.py:109} INFO - [2021-10-21 15:57:23,186] {dagbag.py:500} INFO - Filling up the DagBag from /home/airflow/.local/lib/python3.6/site-packages/airflow/example_dags/example_bash_operator.py
[2021-10-21 15:57:23,309] {processor.py:632} INFO - DAG(s) dict_keys(['example_bash_operator']) retrieved from /home/airflow/.local/lib/python3.6/site-packages/airflow/example_dags/example_bash_operator.py
[2021-10-21 15:57:23,349] {logging_mixin.py:109} INFO - [2021-10-21 15:57:23,349] {dag.py:2389} INFO - Sync 1 DAGs
[2021-10-21 15:57:23,390] {logging_mixin.py:109} INFO - [2021-10-21 15:57:23,390] {dag.py:2914} INFO - Setting next_dagrun for example_bash_operator to 2021-10-20 00:00:00+00:00
[2021-10-21 15:57:23,409] {processor.py:171} INFO - Processing /home/airflow/.local/lib/python3.6/site-packages/airflow/example_dags/example_bash_operator.py took 0.246 seconds
[2021-10-21 15:57:53,850] {processor.py:163} INFO - Started process (PID=581) to work on /home/airflow/.local/lib/python3.6/site-packages/airflow/example_dags/example_bash_operator.py
[2021-10-21 15:57:53,853] {processor.py:620} INFO - Processing file /home/airflow/.local/lib/python3.6/site-packages/airflow/example_dags/example_bash_operator.py for tasks to queue
[2021-10-21 15:57:53,854] {logging_mixin.py:109} INFO - [2021-10-21 15:57:53,854] {dagbag.py:500} INFO - Filling up the DagBag from /home/airflow/.local/lib/python3.6/site-packages/airflow/example_dags/example_bash_operator.py
[2021-10-21 15:57:53,935] {processor.py:632} INFO - DAG(s) dict_keys(['example_bash_operator']) retrieved from /home/airflow/.local/lib/python3.6/site-packages/airflow/example_dags/example_bash_operator.py
[2021-10-21 15:57:53,954] {logging_mixin.py:109} INFO - [2021-10-21 15:57:53,954] {dag.py:2389} INFO - Sync 1 DAGs
[2021-10-21 15:57:54,000] {logging_mixin.py:109} INFO - [2021-10-21 15:57:54,000] {dag.py:2914} INFO - Setting next_dagrun for example_bash_operator to 2021-10-20 00:00:00+00:00
[2021-10-21 15:57:54,028] {processor.py:171} INFO - Processing /home/airflow/.local/lib/python3.6/site-packages/airflow/example_dags/example_bash_operator.py took 0.181 seconds
[2021-10-21 15:58:24,600] {processor.py:163} INFO - Started process (PID=637) to work on /home/airflow/.local/lib/python3.6/site-packages/airflow/example_dags/example_bash_operator.py
[2021-10-21 15:58:24,602] {processor.py:620} INFO - Processing file /home/airflow/.local/lib/python3.6/site-packages/airflow/example_dags/example_bash_operator.py for tasks to queue
[2021-10-21 15:58:24,604] {logging_mixin.py:109} INFO - [2021-10-21 15:58:24,604] {dagbag.py:500} INFO - Filling up the DagBag from /home/airflow/.local/lib/python3.6/site-packages/airflow/example_dags/example_bash_operator.py
[2021-10-21 15:58:24,650] {processor.py:632} INFO - DAG(s) dict_keys(['example_bash_operator']) retrieved from /home/airflow/.local/lib/python3.6/site-packages/airflow/example_dags/example_bash_operator.py
[2021-10-21 15:58:24,666] {logging_mixin.py:109} INFO - [2021-10-21 15:58:24,666] {dag.py:2389} INFO - Sync 1 DAGs
[2021-10-21 15:58:24,691] {logging_mixin.py:109} INFO - [2021-10-21 15:58:24,691] {dag.py:2914} INFO - Setting next_dagrun for example_bash_operator to 2021-10-20 00:00:00+00:00
[2021-10-21 15:58:24,702] {processor.py:171} INFO - Processing /home/airflow/.local/lib/python3.6/site-packages/airflow/example_dags/example_bash_operator.py took 0.107 seconds
[2021-10-21 15:58:55,599] {processor.py:163} INFO - Started process (PID=701) to work on /home/airflow/.local/lib/python3.6/site-packages/airflow/example_dags/example_bash_operator.py
[2021-10-21 15:58:55,610] {processor.py:620} INFO - Processing file /home/airflow/.local/lib/python3.6/site-packages/airflow/example_dags/example_bash_operator.py for tasks to queue
[2021-10-21 15:58:55,611] {logging_mixin.py:109} INFO - [2021-10-21 15:58:55,611] {dagbag.py:500} INFO - Filling up the DagBag from /home/airflow/.local/lib/python3.6/site-packages/airflow/example_dags/example_bash_operator.py
[2021-10-21 15:58:55,708] {processor.py:632} INFO - DAG(s) dict_keys(['example_bash_operator']) retrieved from /home/airflow/.local/lib/python3.6/site-packages/airflow/example_dags/example_bash_operator.py
[2021-10-21 15:58:55,739] {logging_mixin.py:109} INFO - [2021-10-21 15:58:55,739] {dag.py:2389} INFO - Sync 1 DAGs
[2021-10-21 15:58:55,780] {logging_mixin.py:109} INFO - [2021-10-21 15:58:55,780] {dag.py:2914} INFO - Setting next_dagrun for example_bash_operator to 2021-10-20 00:00:00+00:00
[2021-10-21 15:58:55,804] {processor.py:171} INFO - Processing /home/airflow/.local/lib/python3.6/site-packages/airflow/example_dags/example_bash_operator.py took 0.209 seconds
[2021-10-21 15:59:25,955] {processor.py:163} INFO - Started process (PID=756) to work on /home/airflow/.local/lib/python3.6/site-packages/airflow/example_dags/example_bash_operator.py
[2021-10-21 15:59:25,957] {processor.py:620} INFO - Processing file /home/airflow/.local/lib/python3.6/site-packages/airflow/example_dags/example_bash_operator.py for tasks to queue
[2021-10-21 15:59:25,959] {logging_mixin.py:109} INFO - [2021-10-21 15:59:25,959] {dagbag.py:500} INFO - Filling up the DagBag from /home/airflow/.local/lib/python3.6/site-packages/airflow/example_dags/example_bash_operator.py
[2021-10-21 15:59:26,026] {processor.py:632} INFO - DAG(s) dict_keys(['example_bash_operator']) retrieved from /home/airflow/.local/lib/python3.6/site-packages/airflow/example_dags/example_bash_operator.py
[2021-10-21 15:59:26,041] {logging_mixin.py:109} INFO - [2021-10-21 15:59:26,040] {dag.py:2389} INFO - Sync 1 DAGs
[2021-10-21 15:59:26,066] {logging_mixin.py:109} INFO - [2021-10-21 15:59:26,066] {dag.py:2914} INFO - Setting next_dagrun for example_bash_operator to 2021-10-20 00:00:00+00:00
[2021-10-21 15:59:26,075] {processor.py:171} INFO - Processing /home/airflow/.local/lib/python3.6/site-packages/airflow/example_dags/example_bash_operator.py took 0.133 seconds
[2021-10-21 15:59:58,114] {processor.py:163} INFO - Started process (PID=814) to work on /home/airflow/.local/lib/python3.6/site-packages/airflow/example_dags/example_bash_operator.py
[2021-10-21 15:59:58,118] {processor.py:620} INFO - Processing file /home/airflow/.local/lib/python3.6/site-packages/airflow/example_dags/example_bash_operator.py for tasks to queue
[2021-10-21 15:59:58,122] {logging_mixin.py:109} INFO - [2021-10-21 15:59:58,122] {dagbag.py:500} INFO - Filling up the DagBag from /home/airflow/.local/lib/python3.6/site-packages/airflow/example_dags/example_bash_operator.py
[2021-10-21 15:59:58,225] {processor.py:632} INFO - DAG(s) dict_keys(['example_bash_operator']) retrieved from /home/airflow/.local/lib/python3.6/site-packages/airflow/example_dags/example_bash_operator.py
[2021-10-21 15:59:58,267] {logging_mixin.py:109} INFO - [2021-10-21 15:59:58,266] {dag.py:2389} INFO - Sync 1 DAGs
[2021-10-21 15:59:58,331] {logging_mixin.py:109} INFO - [2021-10-21 15:59:58,331] {dag.py:2914} INFO - Setting next_dagrun for example_bash_operator to 2021-10-20 00:00:00+00:00
[2021-10-21 15:59:58,362] {processor.py:171} INFO - Processing /home/airflow/.local/lib/python3.6/site-packages/airflow/example_dags/example_bash_operator.py took 0.256 seconds
[2021-10-21 16:00:30,834] {processor.py:163} INFO - Started process (PID=882) to work on /home/airflow/.local/lib/python3.6/site-packages/airflow/example_dags/example_bash_operator.py
[2021-10-21 16:00:30,837] {processor.py:620} INFO - Processing file /home/airflow/.local/lib/python3.6/site-packages/airflow/example_dags/example_bash_operator.py for tasks to queue
[2021-10-21 16:00:30,840] {logging_mixin.py:109} INFO - [2021-10-21 16:00:30,839] {dagbag.py:500} INFO - Filling up the DagBag from /home/airflow/.local/lib/python3.6/site-packages/airflow/example_dags/example_bash_operator.py
[2021-10-21 16:00:31,016] {processor.py:632} INFO - DAG(s) dict_keys(['example_bash_operator']) retrieved from /home/airflow/.local/lib/python3.6/site-packages/airflow/example_dags/example_bash_operator.py
[2021-10-21 16:00:31,075] {logging_mixin.py:109} INFO - [2021-10-21 16:00:31,075] {dag.py:2389} INFO - Sync 1 DAGs
[2021-10-21 16:00:31,126] {logging_mixin.py:109} INFO - [2021-10-21 16:00:31,126] {dag.py:2914} INFO - Setting next_dagrun for example_bash_operator to 2021-10-20 00:00:00+00:00
[2021-10-21 16:00:31,146] {processor.py:171} INFO - Processing /home/airflow/.local/lib/python3.6/site-packages/airflow/example_dags/example_bash_operator.py took 0.319 seconds
[2021-10-21 16:01:03,775] {processor.py:163} INFO - Started process (PID=935) to work on /home/airflow/.local/lib/python3.6/site-packages/airflow/example_dags/example_bash_operator.py
[2021-10-21 16:01:03,778] {processor.py:620} INFO - Processing file /home/airflow/.local/lib/python3.6/site-packages/airflow/example_dags/example_bash_operator.py for tasks to queue
[2021-10-21 16:01:03,779] {logging_mixin.py:109} INFO - [2021-10-21 16:01:03,779] {dagbag.py:500} INFO - Filling up the DagBag from /home/airflow/.local/lib/python3.6/site-packages/airflow/example_dags/example_bash_operator.py
[2021-10-21 16:01:03,845] {processor.py:632} INFO - DAG(s) dict_keys(['example_bash_operator']) retrieved from /home/airflow/.local/lib/python3.6/site-packages/airflow/example_dags/example_bash_operator.py
[2021-10-21 16:01:03,864] {logging_mixin.py:109} INFO - [2021-10-21 16:01:03,864] {dag.py:2389} INFO - Sync 1 DAGs
[2021-10-21 16:01:03,906] {logging_mixin.py:109} INFO - [2021-10-21 16:01:03,906] {dag.py:2914} INFO - Setting next_dagrun for example_bash_operator to 2021-10-20 00:00:00+00:00
[2021-10-21 16:01:03,931] {processor.py:171} INFO - Processing /home/airflow/.local/lib/python3.6/site-packages/airflow/example_dags/example_bash_operator.py took 0.166 seconds
[2021-10-21 16:01:35,742] {processor.py:163} INFO - Started process (PID=982) to work on /home/airflow/.local/lib/python3.6/site-packages/airflow/example_dags/example_bash_operator.py
[2021-10-21 16:01:35,756] {processor.py:620} INFO - Processing file /home/airflow/.local/lib/python3.6/site-packages/airflow/example_dags/example_bash_operator.py for tasks to queue
[2021-10-21 16:01:35,759] {logging_mixin.py:109} INFO - [2021-10-21 16:01:35,758] {dagbag.py:500} INFO - Filling up the DagBag from /home/airflow/.local/lib/python3.6/site-packages/airflow/example_dags/example_bash_operator.py
[2021-10-21 16:01:35,890] {processor.py:632} INFO - DAG(s) dict_keys(['example_bash_operator']) retrieved from /home/airflow/.local/lib/python3.6/site-packages/airflow/example_dags/example_bash_operator.py
[2021-10-21 16:01:35,924] {logging_mixin.py:109} INFO - [2021-10-21 16:01:35,924] {dag.py:2389} INFO - Sync 1 DAGs
[2021-10-21 16:01:35,964] {logging_mixin.py:109} INFO - [2021-10-21 16:01:35,963] {dag.py:2914} INFO - Setting next_dagrun for example_bash_operator to 2021-10-20 00:00:00+00:00
[2021-10-21 16:01:35,993] {processor.py:171} INFO - Processing /home/airflow/.local/lib/python3.6/site-packages/airflow/example_dags/example_bash_operator.py took 0.281 seconds
[2021-10-21 16:02:06,497] {processor.py:163} INFO - Started process (PID=1036) to work on /home/airflow/.local/lib/python3.6/site-packages/airflow/example_dags/example_bash_operator.py
[2021-10-21 16:02:06,499] {processor.py:620} INFO - Processing file /home/airflow/.local/lib/python3.6/site-packages/airflow/example_dags/example_bash_operator.py for tasks to queue
[2021-10-21 16:02:06,501] {logging_mixin.py:109} INFO - [2021-10-21 16:02:06,501] {dagbag.py:500} INFO - Filling up the DagBag from /home/airflow/.local/lib/python3.6/site-packages/airflow/example_dags/example_bash_operator.py
[2021-10-21 16:02:06,658] {processor.py:632} INFO - DAG(s) dict_keys(['example_bash_operator']) retrieved from /home/airflow/.local/lib/python3.6/site-packages/airflow/example_dags/example_bash_operator.py
[2021-10-21 16:02:06,682] {logging_mixin.py:109} INFO - [2021-10-21 16:02:06,682] {dag.py:2389} INFO - Sync 1 DAGs
[2021-10-21 16:02:06,774] {logging_mixin.py:109} INFO - [2021-10-21 16:02:06,751] {dag.py:2914} INFO - Setting next_dagrun for example_bash_operator to 2021-10-20 00:00:00+00:00
[2021-10-21 16:02:06,797] {processor.py:171} INFO - Processing /home/airflow/.local/lib/python3.6/site-packages/airflow/example_dags/example_bash_operator.py took 0.307 seconds
[2021-10-21 16:02:39,884] {processor.py:163} INFO - Started process (PID=1089) to work on /home/airflow/.local/lib/python3.6/site-packages/airflow/example_dags/example_bash_operator.py
[2021-10-21 16:02:39,919] {processor.py:620} INFO - Processing file /home/airflow/.local/lib/python3.6/site-packages/airflow/example_dags/example_bash_operator.py for tasks to queue
[2021-10-21 16:02:39,949] {logging_mixin.py:109} INFO - [2021-10-21 16:02:39,949] {dagbag.py:500} INFO - Filling up the DagBag from /home/airflow/.local/lib/python3.6/site-packages/airflow/example_dags/example_bash_operator.py
[2021-10-21 16:02:40,380] {processor.py:632} INFO - DAG(s) dict_keys(['example_bash_operator']) retrieved from /home/airflow/.local/lib/python3.6/site-packages/airflow/example_dags/example_bash_operator.py
[2021-10-21 16:02:40,477] {logging_mixin.py:109} INFO - [2021-10-21 16:02:40,476] {dag.py:2389} INFO - Sync 1 DAGs
[2021-10-21 16:02:40,580] {logging_mixin.py:109} INFO - [2021-10-21 16:02:40,580] {dag.py:2914} INFO - Setting next_dagrun for example_bash_operator to 2021-10-20 00:00:00+00:00
[2021-10-21 16:02:40,632] {processor.py:171} INFO - Processing /home/airflow/.local/lib/python3.6/site-packages/airflow/example_dags/example_bash_operator.py took 0.769 seconds
[2021-10-21 16:03:11,373] {processor.py:163} INFO - Started process (PID=1143) to work on /home/airflow/.local/lib/python3.6/site-packages/airflow/example_dags/example_bash_operator.py
[2021-10-21 16:03:11,375] {processor.py:620} INFO - Processing file /home/airflow/.local/lib/python3.6/site-packages/airflow/example_dags/example_bash_operator.py for tasks to queue
[2021-10-21 16:03:11,377] {logging_mixin.py:109} INFO - [2021-10-21 16:03:11,377] {dagbag.py:500} INFO - Filling up the DagBag from /home/airflow/.local/lib/python3.6/site-packages/airflow/example_dags/example_bash_operator.py
[2021-10-21 16:03:11,433] {processor.py:632} INFO - DAG(s) dict_keys(['example_bash_operator']) retrieved from /home/airflow/.local/lib/python3.6/site-packages/airflow/example_dags/example_bash_operator.py
[2021-10-21 16:03:11,458] {logging_mixin.py:109} INFO - [2021-10-21 16:03:11,458] {dag.py:2389} INFO - Sync 1 DAGs
[2021-10-21 16:03:11,501] {logging_mixin.py:109} INFO - [2021-10-21 16:03:11,501] {dag.py:2914} INFO - Setting next_dagrun for example_bash_operator to 2021-10-20 00:00:00+00:00
[2021-10-21 16:03:11,526] {processor.py:171} INFO - Processing /home/airflow/.local/lib/python3.6/site-packages/airflow/example_dags/example_bash_operator.py took 0.157 seconds
[2021-10-21 16:03:41,798] {processor.py:163} INFO - Started process (PID=1213) to work on /home/airflow/.local/lib/python3.6/site-packages/airflow/example_dags/example_bash_operator.py
[2021-10-21 16:03:41,803] {processor.py:620} INFO - Processing file /home/airflow/.local/lib/python3.6/site-packages/airflow/example_dags/example_bash_operator.py for tasks to queue
[2021-10-21 16:03:41,805] {logging_mixin.py:109} INFO - [2021-10-21 16:03:41,805] {dagbag.py:500} INFO - Filling up the DagBag from /home/airflow/.local/lib/python3.6/site-packages/airflow/example_dags/example_bash_operator.py
[2021-10-21 16:03:41,885] {processor.py:632} INFO - DAG(s) dict_keys(['example_bash_operator']) retrieved from /home/airflow/.local/lib/python3.6/site-packages/airflow/example_dags/example_bash_operator.py
[2021-10-21 16:03:41,908] {logging_mixin.py:109} INFO - [2021-10-21 16:03:41,908] {dag.py:2389} INFO - Sync 1 DAGs
[2021-10-21 16:03:41,940] {logging_mixin.py:109} INFO - [2021-10-21 16:03:41,940] {dag.py:2914} INFO - Setting next_dagrun for example_bash_operator to 2021-10-20 00:00:00+00:00
[2021-10-21 16:03:41,951] {processor.py:171} INFO - Processing /home/airflow/.local/lib/python3.6/site-packages/airflow/example_dags/example_bash_operator.py took 0.159 seconds
[2021-10-21 16:04:13,429] {processor.py:163} INFO - Started process (PID=1267) to work on /home/airflow/.local/lib/python3.6/site-packages/airflow/example_dags/example_bash_operator.py
[2021-10-21 16:04:13,435] {processor.py:620} INFO - Processing file /home/airflow/.local/lib/python3.6/site-packages/airflow/example_dags/example_bash_operator.py for tasks to queue
[2021-10-21 16:04:13,438] {logging_mixin.py:109} INFO - [2021-10-21 16:04:13,438] {dagbag.py:500} INFO - Filling up the DagBag from /home/airflow/.local/lib/python3.6/site-packages/airflow/example_dags/example_bash_operator.py
[2021-10-21 16:04:13,513] {processor.py:632} INFO - DAG(s) dict_keys(['example_bash_operator']) retrieved from /home/airflow/.local/lib/python3.6/site-packages/airflow/example_dags/example_bash_operator.py
[2021-10-21 16:04:13,582] {logging_mixin.py:109} INFO - [2021-10-21 16:04:13,582] {dag.py:2389} INFO - Sync 1 DAGs
[2021-10-21 16:04:13,616] {logging_mixin.py:109} INFO - [2021-10-21 16:04:13,616] {dag.py:2914} INFO - Setting next_dagrun for example_bash_operator to 2021-10-20 00:00:00+00:00
[2021-10-21 16:04:13,638] {processor.py:171} INFO - Processing /home/airflow/.local/lib/python3.6/site-packages/airflow/example_dags/example_bash_operator.py took 0.220 seconds
[2021-10-21 16:04:44,793] {processor.py:163} INFO - Started process (PID=1321) to work on /home/airflow/.local/lib/python3.6/site-packages/airflow/example_dags/example_bash_operator.py
[2021-10-21 16:04:44,803] {processor.py:620} INFO - Processing file /home/airflow/.local/lib/python3.6/site-packages/airflow/example_dags/example_bash_operator.py for tasks to queue
[2021-10-21 16:04:44,805] {logging_mixin.py:109} INFO - [2021-10-21 16:04:44,805] {dagbag.py:500} INFO - Filling up the DagBag from /home/airflow/.local/lib/python3.6/site-packages/airflow/example_dags/example_bash_operator.py
[2021-10-21 16:04:44,873] {processor.py:632} INFO - DAG(s) dict_keys(['example_bash_operator']) retrieved from /home/airflow/.local/lib/python3.6/site-packages/airflow/example_dags/example_bash_operator.py
[2021-10-21 16:04:44,891] {logging_mixin.py:109} INFO - [2021-10-21 16:04:44,890] {dag.py:2389} INFO - Sync 1 DAGs
[2021-10-21 16:04:44,916] {logging_mixin.py:109} INFO - [2021-10-21 16:04:44,915] {dag.py:2914} INFO - Setting next_dagrun for example_bash_operator to 2021-10-20 00:00:00+00:00
[2021-10-21 16:04:44,939] {processor.py:171} INFO - Processing /home/airflow/.local/lib/python3.6/site-packages/airflow/example_dags/example_bash_operator.py took 0.153 seconds
[2021-10-21 16:05:15,301] {processor.py:163} INFO - Started process (PID=1383) to work on /home/airflow/.local/lib/python3.6/site-packages/airflow/example_dags/example_bash_operator.py
[2021-10-21 16:05:15,304] {processor.py:620} INFO - Processing file /home/airflow/.local/lib/python3.6/site-packages/airflow/example_dags/example_bash_operator.py for tasks to queue
[2021-10-21 16:05:15,311] {logging_mixin.py:109} INFO - [2021-10-21 16:05:15,311] {dagbag.py:500} INFO - Filling up the DagBag from /home/airflow/.local/lib/python3.6/site-packages/airflow/example_dags/example_bash_operator.py
[2021-10-21 16:05:15,373] {processor.py:632} INFO - DAG(s) dict_keys(['example_bash_operator']) retrieved from /home/airflow/.local/lib/python3.6/site-packages/airflow/example_dags/example_bash_operator.py
[2021-10-21 16:05:15,392] {logging_mixin.py:109} INFO - [2021-10-21 16:05:15,392] {dag.py:2389} INFO - Sync 1 DAGs
[2021-10-21 16:05:15,421] {logging_mixin.py:109} INFO - [2021-10-21 16:05:15,421] {dag.py:2914} INFO - Setting next_dagrun for example_bash_operator to 2021-10-20 00:00:00+00:00
[2021-10-21 16:05:15,442] {processor.py:171} INFO - Processing /home/airflow/.local/lib/python3.6/site-packages/airflow/example_dags/example_bash_operator.py took 0.144 seconds
[2021-10-21 16:05:45,568] {processor.py:163} INFO - Started process (PID=1440) to work on /home/airflow/.local/lib/python3.6/site-packages/airflow/example_dags/example_bash_operator.py
[2021-10-21 16:05:45,570] {processor.py:620} INFO - Processing file /home/airflow/.local/lib/python3.6/site-packages/airflow/example_dags/example_bash_operator.py for tasks to queue
[2021-10-21 16:05:45,572] {logging_mixin.py:109} INFO - [2021-10-21 16:05:45,572] {dagbag.py:500} INFO - Filling up the DagBag from /home/airflow/.local/lib/python3.6/site-packages/airflow/example_dags/example_bash_operator.py
[2021-10-21 16:05:45,642] {processor.py:632} INFO - DAG(s) dict_keys(['example_bash_operator']) retrieved from /home/airflow/.local/lib/python3.6/site-packages/airflow/example_dags/example_bash_operator.py
[2021-10-21 16:05:45,665] {logging_mixin.py:109} INFO - [2021-10-21 16:05:45,665] {dag.py:2389} INFO - Sync 1 DAGs
[2021-10-21 16:05:45,695] {logging_mixin.py:109} INFO - [2021-10-21 16:05:45,695] {dag.py:2914} INFO - Setting next_dagrun for example_bash_operator to 2021-10-20 00:00:00+00:00
[2021-10-21 16:05:45,710] {processor.py:171} INFO - Processing /home/airflow/.local/lib/python3.6/site-packages/airflow/example_dags/example_bash_operator.py took 0.146 seconds
[2021-10-21 16:06:15,737] {processor.py:163} INFO - Started process (PID=1493) to work on /home/airflow/.local/lib/python3.6/site-packages/airflow/example_dags/example_bash_operator.py
[2021-10-21 16:06:15,739] {processor.py:620} INFO - Processing file /home/airflow/.local/lib/python3.6/site-packages/airflow/example_dags/example_bash_operator.py for tasks to queue
[2021-10-21 16:06:15,740] {logging_mixin.py:109} INFO - [2021-10-21 16:06:15,740] {dagbag.py:500} INFO - Filling up the DagBag from /home/airflow/.local/lib/python3.6/site-packages/airflow/example_dags/example_bash_operator.py
[2021-10-21 16:06:15,778] {processor.py:632} INFO - DAG(s) dict_keys(['example_bash_operator']) retrieved from /home/airflow/.local/lib/python3.6/site-packages/airflow/example_dags/example_bash_operator.py
[2021-10-21 16:06:15,790] {logging_mixin.py:109} INFO - [2021-10-21 16:06:15,790] {dag.py:2389} INFO - Sync 1 DAGs
[2021-10-21 16:06:15,808] {logging_mixin.py:109} INFO - [2021-10-21 16:06:15,807] {dag.py:2914} INFO - Setting next_dagrun for example_bash_operator to 2021-10-20 00:00:00+00:00
[2021-10-21 16:06:15,819] {processor.py:171} INFO - Processing /home/airflow/.local/lib/python3.6/site-packages/airflow/example_dags/example_bash_operator.py took 0.086 seconds
[2021-10-21 16:06:45,946] {processor.py:163} INFO - Started process (PID=1550) to work on /home/airflow/.local/lib/python3.6/site-packages/airflow/example_dags/example_bash_operator.py
[2021-10-21 16:06:45,949] {processor.py:620} INFO - Processing file /home/airflow/.local/lib/python3.6/site-packages/airflow/example_dags/example_bash_operator.py for tasks to queue
[2021-10-21 16:06:45,952] {logging_mixin.py:109} INFO - [2021-10-21 16:06:45,951] {dagbag.py:500} INFO - Filling up the DagBag from /home/airflow/.local/lib/python3.6/site-packages/airflow/example_dags/example_bash_operator.py
[2021-10-21 16:06:46,029] {processor.py:632} INFO - DAG(s) dict_keys(['example_bash_operator']) retrieved from /home/airflow/.local/lib/python3.6/site-packages/airflow/example_dags/example_bash_operator.py
[2021-10-21 16:06:46,058] {logging_mixin.py:109} INFO - [2021-10-21 16:06:46,057] {dag.py:2389} INFO - Sync 1 DAGs
[2021-10-21 16:06:46,080] {logging_mixin.py:109} INFO - [2021-10-21 16:06:46,080] {dag.py:2914} INFO - Setting next_dagrun for example_bash_operator to 2021-10-20 00:00:00+00:00
[2021-10-21 16:06:46,094] {processor.py:171} INFO - Processing /home/airflow/.local/lib/python3.6/site-packages/airflow/example_dags/example_bash_operator.py took 0.156 seconds
