[2021-10-21 15:53:17,681] {processor.py:163} INFO - Started process (PID=77) to work on /home/airflow/.local/lib/python3.6/site-packages/airflow/example_dags/example_time_delta_sensor_async.py
[2021-10-21 15:53:17,689] {processor.py:620} INFO - Processing file /home/airflow/.local/lib/python3.6/site-packages/airflow/example_dags/example_time_delta_sensor_async.py for tasks to queue
[2021-10-21 15:53:17,694] {logging_mixin.py:109} INFO - [2021-10-21 15:53:17,693] {dagbag.py:500} INFO - Filling up the DagBag from /home/airflow/.local/lib/python3.6/site-packages/airflow/example_dags/example_time_delta_sensor_async.py
[2021-10-21 15:53:17,814] {processor.py:632} INFO - DAG(s) dict_keys(['example_time_delta_sensor_async']) retrieved from /home/airflow/.local/lib/python3.6/site-packages/airflow/example_dags/example_time_delta_sensor_async.py
[2021-10-21 15:53:17,866] {logging_mixin.py:109} INFO - [2021-10-21 15:53:17,866] {dag.py:2389} INFO - Sync 1 DAGs
[2021-10-21 15:53:17,939] {logging_mixin.py:109} INFO - [2021-10-21 15:53:17,939] {dag.py:2914} INFO - Setting next_dagrun for example_time_delta_sensor_async to None
[2021-10-21 15:53:17,994] {processor.py:171} INFO - Processing /home/airflow/.local/lib/python3.6/site-packages/airflow/example_dags/example_time_delta_sensor_async.py took 0.334 seconds
[2021-10-21 15:53:48,639] {processor.py:163} INFO - Started process (PID=130) to work on /home/airflow/.local/lib/python3.6/site-packages/airflow/example_dags/example_time_delta_sensor_async.py
[2021-10-21 15:53:48,646] {processor.py:620} INFO - Processing file /home/airflow/.local/lib/python3.6/site-packages/airflow/example_dags/example_time_delta_sensor_async.py for tasks to queue
[2021-10-21 15:53:48,662] {logging_mixin.py:109} INFO - [2021-10-21 15:53:48,662] {dagbag.py:500} INFO - Filling up the DagBag from /home/airflow/.local/lib/python3.6/site-packages/airflow/example_dags/example_time_delta_sensor_async.py
[2021-10-21 15:53:48,694] {processor.py:632} INFO - DAG(s) dict_keys(['example_time_delta_sensor_async']) retrieved from /home/airflow/.local/lib/python3.6/site-packages/airflow/example_dags/example_time_delta_sensor_async.py
[2021-10-21 15:53:48,706] {logging_mixin.py:109} INFO - [2021-10-21 15:53:48,706] {dag.py:2389} INFO - Sync 1 DAGs
[2021-10-21 15:53:48,724] {logging_mixin.py:109} INFO - [2021-10-21 15:53:48,724] {dag.py:2914} INFO - Setting next_dagrun for example_time_delta_sensor_async to None
[2021-10-21 15:53:48,736] {processor.py:171} INFO - Processing /home/airflow/.local/lib/python3.6/site-packages/airflow/example_dags/example_time_delta_sensor_async.py took 0.103 seconds
[2021-10-21 15:54:19,050] {processor.py:163} INFO - Started process (PID=194) to work on /home/airflow/.local/lib/python3.6/site-packages/airflow/example_dags/example_time_delta_sensor_async.py
[2021-10-21 15:54:19,060] {processor.py:620} INFO - Processing file /home/airflow/.local/lib/python3.6/site-packages/airflow/example_dags/example_time_delta_sensor_async.py for tasks to queue
[2021-10-21 15:54:19,066] {logging_mixin.py:109} INFO - [2021-10-21 15:54:19,065] {dagbag.py:500} INFO - Filling up the DagBag from /home/airflow/.local/lib/python3.6/site-packages/airflow/example_dags/example_time_delta_sensor_async.py
[2021-10-21 15:54:19,182] {processor.py:632} INFO - DAG(s) dict_keys(['example_time_delta_sensor_async']) retrieved from /home/airflow/.local/lib/python3.6/site-packages/airflow/example_dags/example_time_delta_sensor_async.py
[2021-10-21 15:54:19,211] {logging_mixin.py:109} INFO - [2021-10-21 15:54:19,211] {dag.py:2389} INFO - Sync 1 DAGs
[2021-10-21 15:54:19,235] {logging_mixin.py:109} INFO - [2021-10-21 15:54:19,235] {dag.py:2914} INFO - Setting next_dagrun for example_time_delta_sensor_async to None
[2021-10-21 15:54:19,265] {processor.py:171} INFO - Processing /home/airflow/.local/lib/python3.6/site-packages/airflow/example_dags/example_time_delta_sensor_async.py took 0.229 seconds
[2021-10-21 15:54:51,110] {processor.py:163} INFO - Started process (PID=248) to work on /home/airflow/.local/lib/python3.6/site-packages/airflow/example_dags/example_time_delta_sensor_async.py
[2021-10-21 15:54:51,115] {processor.py:620} INFO - Processing file /home/airflow/.local/lib/python3.6/site-packages/airflow/example_dags/example_time_delta_sensor_async.py for tasks to queue
[2021-10-21 15:54:51,117] {logging_mixin.py:109} INFO - [2021-10-21 15:54:51,116] {dagbag.py:500} INFO - Filling up the DagBag from /home/airflow/.local/lib/python3.6/site-packages/airflow/example_dags/example_time_delta_sensor_async.py
[2021-10-21 15:54:51,171] {processor.py:632} INFO - DAG(s) dict_keys(['example_time_delta_sensor_async']) retrieved from /home/airflow/.local/lib/python3.6/site-packages/airflow/example_dags/example_time_delta_sensor_async.py
[2021-10-21 15:54:51,194] {logging_mixin.py:109} INFO - [2021-10-21 15:54:51,193] {dag.py:2389} INFO - Sync 1 DAGs
[2021-10-21 15:54:51,231] {logging_mixin.py:109} INFO - [2021-10-21 15:54:51,231] {dag.py:2914} INFO - Setting next_dagrun for example_time_delta_sensor_async to None
[2021-10-21 15:54:51,254] {processor.py:171} INFO - Processing /home/airflow/.local/lib/python3.6/site-packages/airflow/example_dags/example_time_delta_sensor_async.py took 0.151 seconds
[2021-10-21 15:55:22,714] {processor.py:163} INFO - Started process (PID=303) to work on /home/airflow/.local/lib/python3.6/site-packages/airflow/example_dags/example_time_delta_sensor_async.py
[2021-10-21 15:55:22,724] {processor.py:620} INFO - Processing file /home/airflow/.local/lib/python3.6/site-packages/airflow/example_dags/example_time_delta_sensor_async.py for tasks to queue
[2021-10-21 15:55:22,740] {logging_mixin.py:109} INFO - [2021-10-21 15:55:22,740] {dagbag.py:500} INFO - Filling up the DagBag from /home/airflow/.local/lib/python3.6/site-packages/airflow/example_dags/example_time_delta_sensor_async.py
[2021-10-21 15:55:22,842] {processor.py:632} INFO - DAG(s) dict_keys(['example_time_delta_sensor_async']) retrieved from /home/airflow/.local/lib/python3.6/site-packages/airflow/example_dags/example_time_delta_sensor_async.py
[2021-10-21 15:55:22,877] {logging_mixin.py:109} INFO - [2021-10-21 15:55:22,877] {dag.py:2389} INFO - Sync 1 DAGs
[2021-10-21 15:55:22,930] {logging_mixin.py:109} INFO - [2021-10-21 15:55:22,930] {dag.py:2914} INFO - Setting next_dagrun for example_time_delta_sensor_async to None
[2021-10-21 15:55:22,965] {processor.py:171} INFO - Processing /home/airflow/.local/lib/python3.6/site-packages/airflow/example_dags/example_time_delta_sensor_async.py took 0.257 seconds
[2021-10-21 15:55:55,416] {processor.py:163} INFO - Started process (PID=358) to work on /home/airflow/.local/lib/python3.6/site-packages/airflow/example_dags/example_time_delta_sensor_async.py
[2021-10-21 15:55:55,420] {processor.py:620} INFO - Processing file /home/airflow/.local/lib/python3.6/site-packages/airflow/example_dags/example_time_delta_sensor_async.py for tasks to queue
[2021-10-21 15:55:55,429] {logging_mixin.py:109} INFO - [2021-10-21 15:55:55,428] {dagbag.py:500} INFO - Filling up the DagBag from /home/airflow/.local/lib/python3.6/site-packages/airflow/example_dags/example_time_delta_sensor_async.py
[2021-10-21 15:55:55,477] {processor.py:632} INFO - DAG(s) dict_keys(['example_time_delta_sensor_async']) retrieved from /home/airflow/.local/lib/python3.6/site-packages/airflow/example_dags/example_time_delta_sensor_async.py
[2021-10-21 15:55:55,493] {logging_mixin.py:109} INFO - [2021-10-21 15:55:55,493] {dag.py:2389} INFO - Sync 1 DAGs
[2021-10-21 15:55:55,516] {logging_mixin.py:109} INFO - [2021-10-21 15:55:55,516] {dag.py:2914} INFO - Setting next_dagrun for example_time_delta_sensor_async to None
[2021-10-21 15:55:55,529] {processor.py:171} INFO - Processing /home/airflow/.local/lib/python3.6/site-packages/airflow/example_dags/example_time_delta_sensor_async.py took 0.128 seconds
[2021-10-21 15:56:26,227] {processor.py:163} INFO - Started process (PID=423) to work on /home/airflow/.local/lib/python3.6/site-packages/airflow/example_dags/example_time_delta_sensor_async.py
[2021-10-21 15:56:26,232] {processor.py:620} INFO - Processing file /home/airflow/.local/lib/python3.6/site-packages/airflow/example_dags/example_time_delta_sensor_async.py for tasks to queue
[2021-10-21 15:56:26,235] {logging_mixin.py:109} INFO - [2021-10-21 15:56:26,234] {dagbag.py:500} INFO - Filling up the DagBag from /home/airflow/.local/lib/python3.6/site-packages/airflow/example_dags/example_time_delta_sensor_async.py
[2021-10-21 15:56:26,295] {processor.py:632} INFO - DAG(s) dict_keys(['example_time_delta_sensor_async']) retrieved from /home/airflow/.local/lib/python3.6/site-packages/airflow/example_dags/example_time_delta_sensor_async.py
[2021-10-21 15:56:26,320] {logging_mixin.py:109} INFO - [2021-10-21 15:56:26,319] {dag.py:2389} INFO - Sync 1 DAGs
[2021-10-21 15:56:26,358] {logging_mixin.py:109} INFO - [2021-10-21 15:56:26,358] {dag.py:2914} INFO - Setting next_dagrun for example_time_delta_sensor_async to None
[2021-10-21 15:56:26,377] {processor.py:171} INFO - Processing /home/airflow/.local/lib/python3.6/site-packages/airflow/example_dags/example_time_delta_sensor_async.py took 0.159 seconds
[2021-10-21 15:56:56,485] {processor.py:163} INFO - Started process (PID=480) to work on /home/airflow/.local/lib/python3.6/site-packages/airflow/example_dags/example_time_delta_sensor_async.py
[2021-10-21 15:56:56,488] {processor.py:620} INFO - Processing file /home/airflow/.local/lib/python3.6/site-packages/airflow/example_dags/example_time_delta_sensor_async.py for tasks to queue
[2021-10-21 15:56:56,491] {logging_mixin.py:109} INFO - [2021-10-21 15:56:56,490] {dagbag.py:500} INFO - Filling up the DagBag from /home/airflow/.local/lib/python3.6/site-packages/airflow/example_dags/example_time_delta_sensor_async.py
[2021-10-21 15:56:56,523] {processor.py:632} INFO - DAG(s) dict_keys(['example_time_delta_sensor_async']) retrieved from /home/airflow/.local/lib/python3.6/site-packages/airflow/example_dags/example_time_delta_sensor_async.py
[2021-10-21 15:56:56,536] {logging_mixin.py:109} INFO - [2021-10-21 15:56:56,535] {dag.py:2389} INFO - Sync 1 DAGs
[2021-10-21 15:56:56,554] {logging_mixin.py:109} INFO - [2021-10-21 15:56:56,554] {dag.py:2914} INFO - Setting next_dagrun for example_time_delta_sensor_async to None
[2021-10-21 15:56:56,566] {processor.py:171} INFO - Processing /home/airflow/.local/lib/python3.6/site-packages/airflow/example_dags/example_time_delta_sensor_async.py took 0.086 seconds
[2021-10-21 15:57:27,390] {processor.py:163} INFO - Started process (PID=535) to work on /home/airflow/.local/lib/python3.6/site-packages/airflow/example_dags/example_time_delta_sensor_async.py
[2021-10-21 15:57:27,393] {processor.py:620} INFO - Processing file /home/airflow/.local/lib/python3.6/site-packages/airflow/example_dags/example_time_delta_sensor_async.py for tasks to queue
[2021-10-21 15:57:27,402] {logging_mixin.py:109} INFO - [2021-10-21 15:57:27,402] {dagbag.py:500} INFO - Filling up the DagBag from /home/airflow/.local/lib/python3.6/site-packages/airflow/example_dags/example_time_delta_sensor_async.py
[2021-10-21 15:57:27,508] {processor.py:632} INFO - DAG(s) dict_keys(['example_time_delta_sensor_async']) retrieved from /home/airflow/.local/lib/python3.6/site-packages/airflow/example_dags/example_time_delta_sensor_async.py
[2021-10-21 15:57:27,545] {logging_mixin.py:109} INFO - [2021-10-21 15:57:27,545] {dag.py:2389} INFO - Sync 1 DAGs
[2021-10-21 15:57:27,584] {logging_mixin.py:109} INFO - [2021-10-21 15:57:27,584] {dag.py:2914} INFO - Setting next_dagrun for example_time_delta_sensor_async to None
[2021-10-21 15:57:27,613] {processor.py:171} INFO - Processing /home/airflow/.local/lib/python3.6/site-packages/airflow/example_dags/example_time_delta_sensor_async.py took 0.239 seconds
[2021-10-21 15:57:58,528] {processor.py:163} INFO - Started process (PID=593) to work on /home/airflow/.local/lib/python3.6/site-packages/airflow/example_dags/example_time_delta_sensor_async.py
[2021-10-21 15:57:58,531] {processor.py:620} INFO - Processing file /home/airflow/.local/lib/python3.6/site-packages/airflow/example_dags/example_time_delta_sensor_async.py for tasks to queue
[2021-10-21 15:57:58,532] {logging_mixin.py:109} INFO - [2021-10-21 15:57:58,532] {dagbag.py:500} INFO - Filling up the DagBag from /home/airflow/.local/lib/python3.6/site-packages/airflow/example_dags/example_time_delta_sensor_async.py
[2021-10-21 15:57:58,566] {processor.py:632} INFO - DAG(s) dict_keys(['example_time_delta_sensor_async']) retrieved from /home/airflow/.local/lib/python3.6/site-packages/airflow/example_dags/example_time_delta_sensor_async.py
[2021-10-21 15:57:58,584] {logging_mixin.py:109} INFO - [2021-10-21 15:57:58,584] {dag.py:2389} INFO - Sync 1 DAGs
[2021-10-21 15:57:58,604] {logging_mixin.py:109} INFO - [2021-10-21 15:57:58,604] {dag.py:2914} INFO - Setting next_dagrun for example_time_delta_sensor_async to None
[2021-10-21 15:57:58,618] {processor.py:171} INFO - Processing /home/airflow/.local/lib/python3.6/site-packages/airflow/example_dags/example_time_delta_sensor_async.py took 0.093 seconds
[2021-10-21 15:58:29,147] {processor.py:163} INFO - Started process (PID=659) to work on /home/airflow/.local/lib/python3.6/site-packages/airflow/example_dags/example_time_delta_sensor_async.py
[2021-10-21 15:58:29,159] {processor.py:620} INFO - Processing file /home/airflow/.local/lib/python3.6/site-packages/airflow/example_dags/example_time_delta_sensor_async.py for tasks to queue
[2021-10-21 15:58:29,168] {logging_mixin.py:109} INFO - [2021-10-21 15:58:29,167] {dagbag.py:500} INFO - Filling up the DagBag from /home/airflow/.local/lib/python3.6/site-packages/airflow/example_dags/example_time_delta_sensor_async.py
[2021-10-21 15:58:29,292] {processor.py:632} INFO - DAG(s) dict_keys(['example_time_delta_sensor_async']) retrieved from /home/airflow/.local/lib/python3.6/site-packages/airflow/example_dags/example_time_delta_sensor_async.py
[2021-10-21 15:58:29,328] {logging_mixin.py:109} INFO - [2021-10-21 15:58:29,327] {dag.py:2389} INFO - Sync 1 DAGs
[2021-10-21 15:58:29,392] {logging_mixin.py:109} INFO - [2021-10-21 15:58:29,392] {dag.py:2914} INFO - Setting next_dagrun for example_time_delta_sensor_async to None
[2021-10-21 15:58:29,436] {processor.py:171} INFO - Processing /home/airflow/.local/lib/python3.6/site-packages/airflow/example_dags/example_time_delta_sensor_async.py took 0.311 seconds
[2021-10-21 15:59:00,409] {processor.py:163} INFO - Started process (PID=713) to work on /home/airflow/.local/lib/python3.6/site-packages/airflow/example_dags/example_time_delta_sensor_async.py
[2021-10-21 15:59:00,412] {processor.py:620} INFO - Processing file /home/airflow/.local/lib/python3.6/site-packages/airflow/example_dags/example_time_delta_sensor_async.py for tasks to queue
[2021-10-21 15:59:00,416] {logging_mixin.py:109} INFO - [2021-10-21 15:59:00,415] {dagbag.py:500} INFO - Filling up the DagBag from /home/airflow/.local/lib/python3.6/site-packages/airflow/example_dags/example_time_delta_sensor_async.py
[2021-10-21 15:59:00,461] {processor.py:632} INFO - DAG(s) dict_keys(['example_time_delta_sensor_async']) retrieved from /home/airflow/.local/lib/python3.6/site-packages/airflow/example_dags/example_time_delta_sensor_async.py
[2021-10-21 15:59:00,482] {logging_mixin.py:109} INFO - [2021-10-21 15:59:00,482] {dag.py:2389} INFO - Sync 1 DAGs
[2021-10-21 15:59:00,511] {logging_mixin.py:109} INFO - [2021-10-21 15:59:00,511] {dag.py:2914} INFO - Setting next_dagrun for example_time_delta_sensor_async to None
[2021-10-21 15:59:00,538] {processor.py:171} INFO - Processing /home/airflow/.local/lib/python3.6/site-packages/airflow/example_dags/example_time_delta_sensor_async.py took 0.132 seconds
[2021-10-21 15:59:30,613] {processor.py:163} INFO - Started process (PID=769) to work on /home/airflow/.local/lib/python3.6/site-packages/airflow/example_dags/example_time_delta_sensor_async.py
[2021-10-21 15:59:30,621] {processor.py:620} INFO - Processing file /home/airflow/.local/lib/python3.6/site-packages/airflow/example_dags/example_time_delta_sensor_async.py for tasks to queue
[2021-10-21 15:59:30,623] {logging_mixin.py:109} INFO - [2021-10-21 15:59:30,622] {dagbag.py:500} INFO - Filling up the DagBag from /home/airflow/.local/lib/python3.6/site-packages/airflow/example_dags/example_time_delta_sensor_async.py
[2021-10-21 15:59:30,672] {processor.py:632} INFO - DAG(s) dict_keys(['example_time_delta_sensor_async']) retrieved from /home/airflow/.local/lib/python3.6/site-packages/airflow/example_dags/example_time_delta_sensor_async.py
[2021-10-21 15:59:30,691] {logging_mixin.py:109} INFO - [2021-10-21 15:59:30,691] {dag.py:2389} INFO - Sync 1 DAGs
[2021-10-21 15:59:30,716] {logging_mixin.py:109} INFO - [2021-10-21 15:59:30,716] {dag.py:2914} INFO - Setting next_dagrun for example_time_delta_sensor_async to None
[2021-10-21 15:59:30,735] {processor.py:171} INFO - Processing /home/airflow/.local/lib/python3.6/site-packages/airflow/example_dags/example_time_delta_sensor_async.py took 0.129 seconds
[2021-10-21 16:00:01,886] {processor.py:163} INFO - Started process (PID=836) to work on /home/airflow/.local/lib/python3.6/site-packages/airflow/example_dags/example_time_delta_sensor_async.py
[2021-10-21 16:00:01,894] {processor.py:620} INFO - Processing file /home/airflow/.local/lib/python3.6/site-packages/airflow/example_dags/example_time_delta_sensor_async.py for tasks to queue
[2021-10-21 16:00:01,895] {logging_mixin.py:109} INFO - [2021-10-21 16:00:01,895] {dagbag.py:500} INFO - Filling up the DagBag from /home/airflow/.local/lib/python3.6/site-packages/airflow/example_dags/example_time_delta_sensor_async.py
[2021-10-21 16:00:01,966] {processor.py:632} INFO - DAG(s) dict_keys(['example_time_delta_sensor_async']) retrieved from /home/airflow/.local/lib/python3.6/site-packages/airflow/example_dags/example_time_delta_sensor_async.py
[2021-10-21 16:00:01,998] {logging_mixin.py:109} INFO - [2021-10-21 16:00:01,998] {dag.py:2389} INFO - Sync 1 DAGs
[2021-10-21 16:00:02,018] {logging_mixin.py:109} INFO - [2021-10-21 16:00:02,018] {dag.py:2914} INFO - Setting next_dagrun for example_time_delta_sensor_async to None
[2021-10-21 16:00:02,030] {processor.py:171} INFO - Processing /home/airflow/.local/lib/python3.6/site-packages/airflow/example_dags/example_time_delta_sensor_async.py took 0.151 seconds
[2021-10-21 16:00:34,232] {processor.py:163} INFO - Started process (PID=894) to work on /home/airflow/.local/lib/python3.6/site-packages/airflow/example_dags/example_time_delta_sensor_async.py
[2021-10-21 16:00:34,249] {processor.py:620} INFO - Processing file /home/airflow/.local/lib/python3.6/site-packages/airflow/example_dags/example_time_delta_sensor_async.py for tasks to queue
[2021-10-21 16:00:34,256] {logging_mixin.py:109} INFO - [2021-10-21 16:00:34,256] {dagbag.py:500} INFO - Filling up the DagBag from /home/airflow/.local/lib/python3.6/site-packages/airflow/example_dags/example_time_delta_sensor_async.py
[2021-10-21 16:00:34,428] {processor.py:632} INFO - DAG(s) dict_keys(['example_time_delta_sensor_async']) retrieved from /home/airflow/.local/lib/python3.6/site-packages/airflow/example_dags/example_time_delta_sensor_async.py
[2021-10-21 16:00:34,491] {logging_mixin.py:109} INFO - [2021-10-21 16:00:34,490] {dag.py:2389} INFO - Sync 1 DAGs
[2021-10-21 16:00:34,608] {logging_mixin.py:109} INFO - [2021-10-21 16:00:34,608] {dag.py:2914} INFO - Setting next_dagrun for example_time_delta_sensor_async to None
[2021-10-21 16:00:34,657] {processor.py:171} INFO - Processing /home/airflow/.local/lib/python3.6/site-packages/airflow/example_dags/example_time_delta_sensor_async.py took 0.441 seconds
[2021-10-21 16:01:06,767] {processor.py:163} INFO - Started process (PID=948) to work on /home/airflow/.local/lib/python3.6/site-packages/airflow/example_dags/example_time_delta_sensor_async.py
[2021-10-21 16:01:06,769] {processor.py:620} INFO - Processing file /home/airflow/.local/lib/python3.6/site-packages/airflow/example_dags/example_time_delta_sensor_async.py for tasks to queue
[2021-10-21 16:01:06,780] {logging_mixin.py:109} INFO - [2021-10-21 16:01:06,780] {dagbag.py:500} INFO - Filling up the DagBag from /home/airflow/.local/lib/python3.6/site-packages/airflow/example_dags/example_time_delta_sensor_async.py
[2021-10-21 16:01:06,866] {processor.py:632} INFO - DAG(s) dict_keys(['example_time_delta_sensor_async']) retrieved from /home/airflow/.local/lib/python3.6/site-packages/airflow/example_dags/example_time_delta_sensor_async.py
[2021-10-21 16:01:06,967] {logging_mixin.py:109} INFO - [2021-10-21 16:01:06,967] {dag.py:2389} INFO - Sync 1 DAGs
[2021-10-21 16:01:07,085] {logging_mixin.py:109} INFO - [2021-10-21 16:01:07,085] {dag.py:2914} INFO - Setting next_dagrun for example_time_delta_sensor_async to None
[2021-10-21 16:01:07,148] {processor.py:171} INFO - Processing /home/airflow/.local/lib/python3.6/site-packages/airflow/example_dags/example_time_delta_sensor_async.py took 0.428 seconds
[2021-10-21 16:01:38,487] {processor.py:163} INFO - Started process (PID=1005) to work on /home/airflow/.local/lib/python3.6/site-packages/airflow/example_dags/example_time_delta_sensor_async.py
[2021-10-21 16:01:38,491] {processor.py:620} INFO - Processing file /home/airflow/.local/lib/python3.6/site-packages/airflow/example_dags/example_time_delta_sensor_async.py for tasks to queue
[2021-10-21 16:01:38,494] {logging_mixin.py:109} INFO - [2021-10-21 16:01:38,494] {dagbag.py:500} INFO - Filling up the DagBag from /home/airflow/.local/lib/python3.6/site-packages/airflow/example_dags/example_time_delta_sensor_async.py
[2021-10-21 16:01:38,627] {processor.py:632} INFO - DAG(s) dict_keys(['example_time_delta_sensor_async']) retrieved from /home/airflow/.local/lib/python3.6/site-packages/airflow/example_dags/example_time_delta_sensor_async.py
[2021-10-21 16:01:38,657] {logging_mixin.py:109} INFO - [2021-10-21 16:01:38,657] {dag.py:2389} INFO - Sync 1 DAGs
[2021-10-21 16:01:38,689] {logging_mixin.py:109} INFO - [2021-10-21 16:01:38,682] {dag.py:2914} INFO - Setting next_dagrun for example_time_delta_sensor_async to None
[2021-10-21 16:01:38,706] {processor.py:171} INFO - Processing /home/airflow/.local/lib/python3.6/site-packages/airflow/example_dags/example_time_delta_sensor_async.py took 0.242 seconds
[2021-10-21 16:02:12,986] {processor.py:163} INFO - Started process (PID=1057) to work on /home/airflow/.local/lib/python3.6/site-packages/airflow/example_dags/example_time_delta_sensor_async.py
[2021-10-21 16:02:12,993] {processor.py:620} INFO - Processing file /home/airflow/.local/lib/python3.6/site-packages/airflow/example_dags/example_time_delta_sensor_async.py for tasks to queue
[2021-10-21 16:02:12,997] {logging_mixin.py:109} INFO - [2021-10-21 16:02:12,996] {dagbag.py:500} INFO - Filling up the DagBag from /home/airflow/.local/lib/python3.6/site-packages/airflow/example_dags/example_time_delta_sensor_async.py
[2021-10-21 16:02:13,173] {processor.py:632} INFO - DAG(s) dict_keys(['example_time_delta_sensor_async']) retrieved from /home/airflow/.local/lib/python3.6/site-packages/airflow/example_dags/example_time_delta_sensor_async.py
[2021-10-21 16:02:13,227] {logging_mixin.py:109} INFO - [2021-10-21 16:02:13,227] {dag.py:2389} INFO - Sync 1 DAGs
[2021-10-21 16:02:13,351] {logging_mixin.py:109} INFO - [2021-10-21 16:02:13,351] {dag.py:2914} INFO - Setting next_dagrun for example_time_delta_sensor_async to None
[2021-10-21 16:02:13,385] {processor.py:171} INFO - Processing /home/airflow/.local/lib/python3.6/site-packages/airflow/example_dags/example_time_delta_sensor_async.py took 0.405 seconds
[2021-10-21 16:02:43,588] {processor.py:163} INFO - Started process (PID=1101) to work on /home/airflow/.local/lib/python3.6/site-packages/airflow/example_dags/example_time_delta_sensor_async.py
[2021-10-21 16:02:43,596] {processor.py:620} INFO - Processing file /home/airflow/.local/lib/python3.6/site-packages/airflow/example_dags/example_time_delta_sensor_async.py for tasks to queue
[2021-10-21 16:02:43,598] {logging_mixin.py:109} INFO - [2021-10-21 16:02:43,598] {dagbag.py:500} INFO - Filling up the DagBag from /home/airflow/.local/lib/python3.6/site-packages/airflow/example_dags/example_time_delta_sensor_async.py
[2021-10-21 16:02:43,686] {processor.py:632} INFO - DAG(s) dict_keys(['example_time_delta_sensor_async']) retrieved from /home/airflow/.local/lib/python3.6/site-packages/airflow/example_dags/example_time_delta_sensor_async.py
[2021-10-21 16:02:43,726] {logging_mixin.py:109} INFO - [2021-10-21 16:02:43,725] {dag.py:2389} INFO - Sync 1 DAGs
[2021-10-21 16:02:43,771] {logging_mixin.py:109} INFO - [2021-10-21 16:02:43,771] {dag.py:2914} INFO - Setting next_dagrun for example_time_delta_sensor_async to None
[2021-10-21 16:02:43,801] {processor.py:171} INFO - Processing /home/airflow/.local/lib/python3.6/site-packages/airflow/example_dags/example_time_delta_sensor_async.py took 0.218 seconds
[2021-10-21 16:03:14,523] {processor.py:163} INFO - Started process (PID=1166) to work on /home/airflow/.local/lib/python3.6/site-packages/airflow/example_dags/example_time_delta_sensor_async.py
[2021-10-21 16:03:14,526] {processor.py:620} INFO - Processing file /home/airflow/.local/lib/python3.6/site-packages/airflow/example_dags/example_time_delta_sensor_async.py for tasks to queue
[2021-10-21 16:03:14,528] {logging_mixin.py:109} INFO - [2021-10-21 16:03:14,528] {dagbag.py:500} INFO - Filling up the DagBag from /home/airflow/.local/lib/python3.6/site-packages/airflow/example_dags/example_time_delta_sensor_async.py
[2021-10-21 16:03:14,584] {processor.py:632} INFO - DAG(s) dict_keys(['example_time_delta_sensor_async']) retrieved from /home/airflow/.local/lib/python3.6/site-packages/airflow/example_dags/example_time_delta_sensor_async.py
[2021-10-21 16:03:14,611] {logging_mixin.py:109} INFO - [2021-10-21 16:03:14,611] {dag.py:2389} INFO - Sync 1 DAGs
[2021-10-21 16:03:14,644] {logging_mixin.py:109} INFO - [2021-10-21 16:03:14,644] {dag.py:2914} INFO - Setting next_dagrun for example_time_delta_sensor_async to None
[2021-10-21 16:03:14,662] {processor.py:171} INFO - Processing /home/airflow/.local/lib/python3.6/site-packages/airflow/example_dags/example_time_delta_sensor_async.py took 0.145 seconds
[2021-10-21 16:03:45,259] {processor.py:163} INFO - Started process (PID=1225) to work on /home/airflow/.local/lib/python3.6/site-packages/airflow/example_dags/example_time_delta_sensor_async.py
[2021-10-21 16:03:45,261] {processor.py:620} INFO - Processing file /home/airflow/.local/lib/python3.6/site-packages/airflow/example_dags/example_time_delta_sensor_async.py for tasks to queue
[2021-10-21 16:03:45,263] {logging_mixin.py:109} INFO - [2021-10-21 16:03:45,263] {dagbag.py:500} INFO - Filling up the DagBag from /home/airflow/.local/lib/python3.6/site-packages/airflow/example_dags/example_time_delta_sensor_async.py
[2021-10-21 16:03:45,309] {processor.py:632} INFO - DAG(s) dict_keys(['example_time_delta_sensor_async']) retrieved from /home/airflow/.local/lib/python3.6/site-packages/airflow/example_dags/example_time_delta_sensor_async.py
[2021-10-21 16:03:45,325] {logging_mixin.py:109} INFO - [2021-10-21 16:03:45,325] {dag.py:2389} INFO - Sync 1 DAGs
[2021-10-21 16:03:45,356] {logging_mixin.py:109} INFO - [2021-10-21 16:03:45,356] {dag.py:2914} INFO - Setting next_dagrun for example_time_delta_sensor_async to None
[2021-10-21 16:03:45,369] {processor.py:171} INFO - Processing /home/airflow/.local/lib/python3.6/site-packages/airflow/example_dags/example_time_delta_sensor_async.py took 0.117 seconds
[2021-10-21 16:04:16,234] {processor.py:163} INFO - Started process (PID=1279) to work on /home/airflow/.local/lib/python3.6/site-packages/airflow/example_dags/example_time_delta_sensor_async.py
[2021-10-21 16:04:16,237] {processor.py:620} INFO - Processing file /home/airflow/.local/lib/python3.6/site-packages/airflow/example_dags/example_time_delta_sensor_async.py for tasks to queue
[2021-10-21 16:04:16,240] {logging_mixin.py:109} INFO - [2021-10-21 16:04:16,239] {dagbag.py:500} INFO - Filling up the DagBag from /home/airflow/.local/lib/python3.6/site-packages/airflow/example_dags/example_time_delta_sensor_async.py
[2021-10-21 16:04:16,305] {processor.py:632} INFO - DAG(s) dict_keys(['example_time_delta_sensor_async']) retrieved from /home/airflow/.local/lib/python3.6/site-packages/airflow/example_dags/example_time_delta_sensor_async.py
[2021-10-21 16:04:16,326] {logging_mixin.py:109} INFO - [2021-10-21 16:04:16,326] {dag.py:2389} INFO - Sync 1 DAGs
[2021-10-21 16:04:16,352] {logging_mixin.py:109} INFO - [2021-10-21 16:04:16,352] {dag.py:2914} INFO - Setting next_dagrun for example_time_delta_sensor_async to None
[2021-10-21 16:04:16,381] {processor.py:171} INFO - Processing /home/airflow/.local/lib/python3.6/site-packages/airflow/example_dags/example_time_delta_sensor_async.py took 0.159 seconds
[2021-10-21 16:04:46,941] {processor.py:163} INFO - Started process (PID=1333) to work on /home/airflow/.local/lib/python3.6/site-packages/airflow/example_dags/example_time_delta_sensor_async.py
[2021-10-21 16:04:46,944] {processor.py:620} INFO - Processing file /home/airflow/.local/lib/python3.6/site-packages/airflow/example_dags/example_time_delta_sensor_async.py for tasks to queue
[2021-10-21 16:04:46,948] {logging_mixin.py:109} INFO - [2021-10-21 16:04:46,948] {dagbag.py:500} INFO - Filling up the DagBag from /home/airflow/.local/lib/python3.6/site-packages/airflow/example_dags/example_time_delta_sensor_async.py
[2021-10-21 16:04:46,992] {processor.py:632} INFO - DAG(s) dict_keys(['example_time_delta_sensor_async']) retrieved from /home/airflow/.local/lib/python3.6/site-packages/airflow/example_dags/example_time_delta_sensor_async.py
[2021-10-21 16:04:47,008] {logging_mixin.py:109} INFO - [2021-10-21 16:04:47,007] {dag.py:2389} INFO - Sync 1 DAGs
[2021-10-21 16:04:47,045] {logging_mixin.py:109} INFO - [2021-10-21 16:04:47,044] {dag.py:2914} INFO - Setting next_dagrun for example_time_delta_sensor_async to None
[2021-10-21 16:04:47,062] {processor.py:171} INFO - Processing /home/airflow/.local/lib/python3.6/site-packages/airflow/example_dags/example_time_delta_sensor_async.py took 0.129 seconds
[2021-10-21 16:05:19,167] {processor.py:163} INFO - Started process (PID=1398) to work on /home/airflow/.local/lib/python3.6/site-packages/airflow/example_dags/example_time_delta_sensor_async.py
[2021-10-21 16:05:19,176] {processor.py:620} INFO - Processing file /home/airflow/.local/lib/python3.6/site-packages/airflow/example_dags/example_time_delta_sensor_async.py for tasks to queue
[2021-10-21 16:05:19,179] {logging_mixin.py:109} INFO - [2021-10-21 16:05:19,178] {dagbag.py:500} INFO - Filling up the DagBag from /home/airflow/.local/lib/python3.6/site-packages/airflow/example_dags/example_time_delta_sensor_async.py
[2021-10-21 16:05:19,272] {processor.py:632} INFO - DAG(s) dict_keys(['example_time_delta_sensor_async']) retrieved from /home/airflow/.local/lib/python3.6/site-packages/airflow/example_dags/example_time_delta_sensor_async.py
[2021-10-21 16:05:19,327] {logging_mixin.py:109} INFO - [2021-10-21 16:05:19,327] {dag.py:2389} INFO - Sync 1 DAGs
[2021-10-21 16:05:19,365] {logging_mixin.py:109} INFO - [2021-10-21 16:05:19,365] {dag.py:2914} INFO - Setting next_dagrun for example_time_delta_sensor_async to None
[2021-10-21 16:05:19,396] {processor.py:171} INFO - Processing /home/airflow/.local/lib/python3.6/site-packages/airflow/example_dags/example_time_delta_sensor_async.py took 0.241 seconds
[2021-10-21 16:05:49,904] {processor.py:163} INFO - Started process (PID=1453) to work on /home/airflow/.local/lib/python3.6/site-packages/airflow/example_dags/example_time_delta_sensor_async.py
[2021-10-21 16:05:49,907] {processor.py:620} INFO - Processing file /home/airflow/.local/lib/python3.6/site-packages/airflow/example_dags/example_time_delta_sensor_async.py for tasks to queue
[2021-10-21 16:05:49,908] {logging_mixin.py:109} INFO - [2021-10-21 16:05:49,908] {dagbag.py:500} INFO - Filling up the DagBag from /home/airflow/.local/lib/python3.6/site-packages/airflow/example_dags/example_time_delta_sensor_async.py
[2021-10-21 16:05:49,956] {processor.py:632} INFO - DAG(s) dict_keys(['example_time_delta_sensor_async']) retrieved from /home/airflow/.local/lib/python3.6/site-packages/airflow/example_dags/example_time_delta_sensor_async.py
[2021-10-21 16:05:49,968] {logging_mixin.py:109} INFO - [2021-10-21 16:05:49,967] {dag.py:2389} INFO - Sync 1 DAGs
[2021-10-21 16:05:49,986] {logging_mixin.py:109} INFO - [2021-10-21 16:05:49,986] {dag.py:2914} INFO - Setting next_dagrun for example_time_delta_sensor_async to None
[2021-10-21 16:05:50,001] {processor.py:171} INFO - Processing /home/airflow/.local/lib/python3.6/site-packages/airflow/example_dags/example_time_delta_sensor_async.py took 0.104 seconds
[2021-10-21 16:06:20,459] {processor.py:163} INFO - Started process (PID=1507) to work on /home/airflow/.local/lib/python3.6/site-packages/airflow/example_dags/example_time_delta_sensor_async.py
[2021-10-21 16:06:20,464] {processor.py:620} INFO - Processing file /home/airflow/.local/lib/python3.6/site-packages/airflow/example_dags/example_time_delta_sensor_async.py for tasks to queue
[2021-10-21 16:06:20,467] {logging_mixin.py:109} INFO - [2021-10-21 16:06:20,466] {dagbag.py:500} INFO - Filling up the DagBag from /home/airflow/.local/lib/python3.6/site-packages/airflow/example_dags/example_time_delta_sensor_async.py
[2021-10-21 16:06:20,510] {processor.py:632} INFO - DAG(s) dict_keys(['example_time_delta_sensor_async']) retrieved from /home/airflow/.local/lib/python3.6/site-packages/airflow/example_dags/example_time_delta_sensor_async.py
[2021-10-21 16:06:20,528] {logging_mixin.py:109} INFO - [2021-10-21 16:06:20,527] {dag.py:2389} INFO - Sync 1 DAGs
[2021-10-21 16:06:20,561] {logging_mixin.py:109} INFO - [2021-10-21 16:06:20,561] {dag.py:2914} INFO - Setting next_dagrun for example_time_delta_sensor_async to None
[2021-10-21 16:06:20,580] {processor.py:171} INFO - Processing /home/airflow/.local/lib/python3.6/site-packages/airflow/example_dags/example_time_delta_sensor_async.py took 0.126 seconds
[2021-10-21 16:06:51,268] {processor.py:163} INFO - Started process (PID=1575) to work on /home/airflow/.local/lib/python3.6/site-packages/airflow/example_dags/example_time_delta_sensor_async.py
[2021-10-21 16:06:51,271] {processor.py:620} INFO - Processing file /home/airflow/.local/lib/python3.6/site-packages/airflow/example_dags/example_time_delta_sensor_async.py for tasks to queue
[2021-10-21 16:06:51,272] {logging_mixin.py:109} INFO - [2021-10-21 16:06:51,272] {dagbag.py:500} INFO - Filling up the DagBag from /home/airflow/.local/lib/python3.6/site-packages/airflow/example_dags/example_time_delta_sensor_async.py
[2021-10-21 16:06:51,330] {processor.py:632} INFO - DAG(s) dict_keys(['example_time_delta_sensor_async']) retrieved from /home/airflow/.local/lib/python3.6/site-packages/airflow/example_dags/example_time_delta_sensor_async.py
[2021-10-21 16:06:51,361] {logging_mixin.py:109} INFO - [2021-10-21 16:06:51,361] {dag.py:2389} INFO - Sync 1 DAGs
[2021-10-21 16:06:51,405] {logging_mixin.py:109} INFO - [2021-10-21 16:06:51,405] {dag.py:2914} INFO - Setting next_dagrun for example_time_delta_sensor_async to None
[2021-10-21 16:06:51,421] {processor.py:171} INFO - Processing /home/airflow/.local/lib/python3.6/site-packages/airflow/example_dags/example_time_delta_sensor_async.py took 0.156 seconds
