[2021-10-21 15:53:16,878] {processor.py:163} INFO - Started process (PID=74) to work on /home/airflow/.local/lib/python3.6/site-packages/airflow/example_dags/example_branch_operator.py
[2021-10-21 15:53:16,879] {processor.py:620} INFO - Processing file /home/airflow/.local/lib/python3.6/site-packages/airflow/example_dags/example_branch_operator.py for tasks to queue
[2021-10-21 15:53:16,887] {logging_mixin.py:109} INFO - [2021-10-21 15:53:16,887] {dagbag.py:500} INFO - Filling up the DagBag from /home/airflow/.local/lib/python3.6/site-packages/airflow/example_dags/example_branch_operator.py
[2021-10-21 15:53:17,056] {processor.py:632} INFO - DAG(s) dict_keys(['example_branch_operator']) retrieved from /home/airflow/.local/lib/python3.6/site-packages/airflow/example_dags/example_branch_operator.py
[2021-10-21 15:53:17,129] {logging_mixin.py:109} INFO - [2021-10-21 15:53:17,129] {dag.py:2389} INFO - Sync 1 DAGs
[2021-10-21 15:53:17,231] {logging_mixin.py:109} INFO - [2021-10-21 15:53:17,231] {dag.py:2914} INFO - Setting next_dagrun for example_branch_operator to 2021-10-20 00:00:00+00:00
[2021-10-21 15:53:17,273] {processor.py:171} INFO - Processing /home/airflow/.local/lib/python3.6/site-packages/airflow/example_dags/example_branch_operator.py took 0.423 seconds
[2021-10-21 15:53:47,488] {processor.py:163} INFO - Started process (PID=128) to work on /home/airflow/.local/lib/python3.6/site-packages/airflow/example_dags/example_branch_operator.py
[2021-10-21 15:53:47,491] {processor.py:620} INFO - Processing file /home/airflow/.local/lib/python3.6/site-packages/airflow/example_dags/example_branch_operator.py for tasks to queue
[2021-10-21 15:53:47,493] {logging_mixin.py:109} INFO - [2021-10-21 15:53:47,493] {dagbag.py:500} INFO - Filling up the DagBag from /home/airflow/.local/lib/python3.6/site-packages/airflow/example_dags/example_branch_operator.py
[2021-10-21 15:53:47,548] {processor.py:632} INFO - DAG(s) dict_keys(['example_branch_operator']) retrieved from /home/airflow/.local/lib/python3.6/site-packages/airflow/example_dags/example_branch_operator.py
[2021-10-21 15:53:47,562] {logging_mixin.py:109} INFO - [2021-10-21 15:53:47,562] {dag.py:2389} INFO - Sync 1 DAGs
[2021-10-21 15:53:47,587] {logging_mixin.py:109} INFO - [2021-10-21 15:53:47,586] {dag.py:2914} INFO - Setting next_dagrun for example_branch_operator to 2021-10-20 00:00:00+00:00
[2021-10-21 15:53:47,598] {processor.py:171} INFO - Processing /home/airflow/.local/lib/python3.6/site-packages/airflow/example_dags/example_branch_operator.py took 0.115 seconds
[2021-10-21 15:54:18,654] {processor.py:163} INFO - Started process (PID=191) to work on /home/airflow/.local/lib/python3.6/site-packages/airflow/example_dags/example_branch_operator.py
[2021-10-21 15:54:18,656] {processor.py:620} INFO - Processing file /home/airflow/.local/lib/python3.6/site-packages/airflow/example_dags/example_branch_operator.py for tasks to queue
[2021-10-21 15:54:18,660] {logging_mixin.py:109} INFO - [2021-10-21 15:54:18,660] {dagbag.py:500} INFO - Filling up the DagBag from /home/airflow/.local/lib/python3.6/site-packages/airflow/example_dags/example_branch_operator.py
[2021-10-21 15:54:18,890] {processor.py:632} INFO - DAG(s) dict_keys(['example_branch_operator']) retrieved from /home/airflow/.local/lib/python3.6/site-packages/airflow/example_dags/example_branch_operator.py
[2021-10-21 15:54:18,912] {logging_mixin.py:109} INFO - [2021-10-21 15:54:18,912] {dag.py:2389} INFO - Sync 1 DAGs
[2021-10-21 15:54:18,955] {logging_mixin.py:109} INFO - [2021-10-21 15:54:18,955] {dag.py:2914} INFO - Setting next_dagrun for example_branch_operator to 2021-10-20 00:00:00+00:00
[2021-10-21 15:54:18,968] {processor.py:171} INFO - Processing /home/airflow/.local/lib/python3.6/site-packages/airflow/example_dags/example_branch_operator.py took 0.329 seconds
[2021-10-21 15:54:50,847] {processor.py:163} INFO - Started process (PID=246) to work on /home/airflow/.local/lib/python3.6/site-packages/airflow/example_dags/example_branch_operator.py
[2021-10-21 15:54:50,849] {processor.py:620} INFO - Processing file /home/airflow/.local/lib/python3.6/site-packages/airflow/example_dags/example_branch_operator.py for tasks to queue
[2021-10-21 15:54:50,860] {logging_mixin.py:109} INFO - [2021-10-21 15:54:50,860] {dagbag.py:500} INFO - Filling up the DagBag from /home/airflow/.local/lib/python3.6/site-packages/airflow/example_dags/example_branch_operator.py
[2021-10-21 15:54:50,959] {processor.py:632} INFO - DAG(s) dict_keys(['example_branch_operator']) retrieved from /home/airflow/.local/lib/python3.6/site-packages/airflow/example_dags/example_branch_operator.py
[2021-10-21 15:54:50,989] {logging_mixin.py:109} INFO - [2021-10-21 15:54:50,989] {dag.py:2389} INFO - Sync 1 DAGs
[2021-10-21 15:54:51,033] {logging_mixin.py:109} INFO - [2021-10-21 15:54:51,033] {dag.py:2914} INFO - Setting next_dagrun for example_branch_operator to 2021-10-20 00:00:00+00:00
[2021-10-21 15:54:51,060] {processor.py:171} INFO - Processing /home/airflow/.local/lib/python3.6/site-packages/airflow/example_dags/example_branch_operator.py took 0.217 seconds
[2021-10-21 15:55:22,436] {processor.py:163} INFO - Started process (PID=300) to work on /home/airflow/.local/lib/python3.6/site-packages/airflow/example_dags/example_branch_operator.py
[2021-10-21 15:55:22,440] {processor.py:620} INFO - Processing file /home/airflow/.local/lib/python3.6/site-packages/airflow/example_dags/example_branch_operator.py for tasks to queue
[2021-10-21 15:55:22,445] {logging_mixin.py:109} INFO - [2021-10-21 15:55:22,444] {dagbag.py:500} INFO - Filling up the DagBag from /home/airflow/.local/lib/python3.6/site-packages/airflow/example_dags/example_branch_operator.py
[2021-10-21 15:55:22,574] {processor.py:632} INFO - DAG(s) dict_keys(['example_branch_operator']) retrieved from /home/airflow/.local/lib/python3.6/site-packages/airflow/example_dags/example_branch_operator.py
[2021-10-21 15:55:22,603] {logging_mixin.py:109} INFO - [2021-10-21 15:55:22,603] {dag.py:2389} INFO - Sync 1 DAGs
[2021-10-21 15:55:22,650] {logging_mixin.py:109} INFO - [2021-10-21 15:55:22,650] {dag.py:2914} INFO - Setting next_dagrun for example_branch_operator to 2021-10-20 00:00:00+00:00
[2021-10-21 15:55:22,677] {processor.py:171} INFO - Processing /home/airflow/.local/lib/python3.6/site-packages/airflow/example_dags/example_branch_operator.py took 0.253 seconds
[2021-10-21 15:55:55,091] {processor.py:163} INFO - Started process (PID=355) to work on /home/airflow/.local/lib/python3.6/site-packages/airflow/example_dags/example_branch_operator.py
[2021-10-21 15:55:55,103] {processor.py:620} INFO - Processing file /home/airflow/.local/lib/python3.6/site-packages/airflow/example_dags/example_branch_operator.py for tasks to queue
[2021-10-21 15:55:55,105] {logging_mixin.py:109} INFO - [2021-10-21 15:55:55,105] {dagbag.py:500} INFO - Filling up the DagBag from /home/airflow/.local/lib/python3.6/site-packages/airflow/example_dags/example_branch_operator.py
[2021-10-21 15:55:55,241] {processor.py:632} INFO - DAG(s) dict_keys(['example_branch_operator']) retrieved from /home/airflow/.local/lib/python3.6/site-packages/airflow/example_dags/example_branch_operator.py
[2021-10-21 15:55:55,285] {logging_mixin.py:109} INFO - [2021-10-21 15:55:55,285] {dag.py:2389} INFO - Sync 1 DAGs
[2021-10-21 15:55:55,326] {logging_mixin.py:109} INFO - [2021-10-21 15:55:55,326] {dag.py:2914} INFO - Setting next_dagrun for example_branch_operator to 2021-10-20 00:00:00+00:00
[2021-10-21 15:55:55,353] {processor.py:171} INFO - Processing /home/airflow/.local/lib/python3.6/site-packages/airflow/example_dags/example_branch_operator.py took 0.266 seconds
[2021-10-21 15:56:26,022] {processor.py:163} INFO - Started process (PID=421) to work on /home/airflow/.local/lib/python3.6/site-packages/airflow/example_dags/example_branch_operator.py
[2021-10-21 15:56:26,024] {processor.py:620} INFO - Processing file /home/airflow/.local/lib/python3.6/site-packages/airflow/example_dags/example_branch_operator.py for tasks to queue
[2021-10-21 15:56:26,029] {logging_mixin.py:109} INFO - [2021-10-21 15:56:26,028] {dagbag.py:500} INFO - Filling up the DagBag from /home/airflow/.local/lib/python3.6/site-packages/airflow/example_dags/example_branch_operator.py
[2021-10-21 15:56:26,102] {processor.py:632} INFO - DAG(s) dict_keys(['example_branch_operator']) retrieved from /home/airflow/.local/lib/python3.6/site-packages/airflow/example_dags/example_branch_operator.py
[2021-10-21 15:56:26,134] {logging_mixin.py:109} INFO - [2021-10-21 15:56:26,134] {dag.py:2389} INFO - Sync 1 DAGs
[2021-10-21 15:56:26,175] {logging_mixin.py:109} INFO - [2021-10-21 15:56:26,175] {dag.py:2914} INFO - Setting next_dagrun for example_branch_operator to 2021-10-20 00:00:00+00:00
[2021-10-21 15:56:26,201] {processor.py:171} INFO - Processing /home/airflow/.local/lib/python3.6/site-packages/airflow/example_dags/example_branch_operator.py took 0.188 seconds
[2021-10-21 15:56:56,286] {processor.py:163} INFO - Started process (PID=478) to work on /home/airflow/.local/lib/python3.6/site-packages/airflow/example_dags/example_branch_operator.py
[2021-10-21 15:56:56,301] {processor.py:620} INFO - Processing file /home/airflow/.local/lib/python3.6/site-packages/airflow/example_dags/example_branch_operator.py for tasks to queue
[2021-10-21 15:56:56,304] {logging_mixin.py:109} INFO - [2021-10-21 15:56:56,304] {dagbag.py:500} INFO - Filling up the DagBag from /home/airflow/.local/lib/python3.6/site-packages/airflow/example_dags/example_branch_operator.py
[2021-10-21 15:56:56,401] {processor.py:632} INFO - DAG(s) dict_keys(['example_branch_operator']) retrieved from /home/airflow/.local/lib/python3.6/site-packages/airflow/example_dags/example_branch_operator.py
[2021-10-21 15:56:56,417] {logging_mixin.py:109} INFO - [2021-10-21 15:56:56,417] {dag.py:2389} INFO - Sync 1 DAGs
[2021-10-21 15:56:56,438] {logging_mixin.py:109} INFO - [2021-10-21 15:56:56,437] {dag.py:2914} INFO - Setting next_dagrun for example_branch_operator to 2021-10-20 00:00:00+00:00
[2021-10-21 15:56:56,447] {processor.py:171} INFO - Processing /home/airflow/.local/lib/python3.6/site-packages/airflow/example_dags/example_branch_operator.py took 0.165 seconds
[2021-10-21 15:57:27,000] {processor.py:163} INFO - Started process (PID=533) to work on /home/airflow/.local/lib/python3.6/site-packages/airflow/example_dags/example_branch_operator.py
[2021-10-21 15:57:27,003] {processor.py:620} INFO - Processing file /home/airflow/.local/lib/python3.6/site-packages/airflow/example_dags/example_branch_operator.py for tasks to queue
[2021-10-21 15:57:27,005] {logging_mixin.py:109} INFO - [2021-10-21 15:57:27,004] {dagbag.py:500} INFO - Filling up the DagBag from /home/airflow/.local/lib/python3.6/site-packages/airflow/example_dags/example_branch_operator.py
[2021-10-21 15:57:27,119] {processor.py:632} INFO - DAG(s) dict_keys(['example_branch_operator']) retrieved from /home/airflow/.local/lib/python3.6/site-packages/airflow/example_dags/example_branch_operator.py
[2021-10-21 15:57:27,168] {logging_mixin.py:109} INFO - [2021-10-21 15:57:27,159] {dag.py:2389} INFO - Sync 1 DAGs
[2021-10-21 15:57:27,309] {logging_mixin.py:109} INFO - [2021-10-21 15:57:27,309] {dag.py:2914} INFO - Setting next_dagrun for example_branch_operator to 2021-10-20 00:00:00+00:00
[2021-10-21 15:57:27,348] {processor.py:171} INFO - Processing /home/airflow/.local/lib/python3.6/site-packages/airflow/example_dags/example_branch_operator.py took 0.355 seconds
[2021-10-21 15:57:58,278] {processor.py:163} INFO - Started process (PID=591) to work on /home/airflow/.local/lib/python3.6/site-packages/airflow/example_dags/example_branch_operator.py
[2021-10-21 15:57:58,282] {processor.py:620} INFO - Processing file /home/airflow/.local/lib/python3.6/site-packages/airflow/example_dags/example_branch_operator.py for tasks to queue
[2021-10-21 15:57:58,287] {logging_mixin.py:109} INFO - [2021-10-21 15:57:58,285] {dagbag.py:500} INFO - Filling up the DagBag from /home/airflow/.local/lib/python3.6/site-packages/airflow/example_dags/example_branch_operator.py
[2021-10-21 15:57:58,388] {processor.py:632} INFO - DAG(s) dict_keys(['example_branch_operator']) retrieved from /home/airflow/.local/lib/python3.6/site-packages/airflow/example_dags/example_branch_operator.py
[2021-10-21 15:57:58,418] {logging_mixin.py:109} INFO - [2021-10-21 15:57:58,418] {dag.py:2389} INFO - Sync 1 DAGs
[2021-10-21 15:57:58,460] {logging_mixin.py:109} INFO - [2021-10-21 15:57:58,460] {dag.py:2914} INFO - Setting next_dagrun for example_branch_operator to 2021-10-20 00:00:00+00:00
[2021-10-21 15:57:58,490] {processor.py:171} INFO - Processing /home/airflow/.local/lib/python3.6/site-packages/airflow/example_dags/example_branch_operator.py took 0.218 seconds
[2021-10-21 15:58:28,837] {processor.py:163} INFO - Started process (PID=657) to work on /home/airflow/.local/lib/python3.6/site-packages/airflow/example_dags/example_branch_operator.py
[2021-10-21 15:58:28,846] {processor.py:620} INFO - Processing file /home/airflow/.local/lib/python3.6/site-packages/airflow/example_dags/example_branch_operator.py for tasks to queue
[2021-10-21 15:58:28,848] {logging_mixin.py:109} INFO - [2021-10-21 15:58:28,848] {dagbag.py:500} INFO - Filling up the DagBag from /home/airflow/.local/lib/python3.6/site-packages/airflow/example_dags/example_branch_operator.py
[2021-10-21 15:58:28,930] {processor.py:632} INFO - DAG(s) dict_keys(['example_branch_operator']) retrieved from /home/airflow/.local/lib/python3.6/site-packages/airflow/example_dags/example_branch_operator.py
[2021-10-21 15:58:28,981] {logging_mixin.py:109} INFO - [2021-10-21 15:58:28,981] {dag.py:2389} INFO - Sync 1 DAGs
[2021-10-21 15:58:29,039] {logging_mixin.py:109} INFO - [2021-10-21 15:58:29,039] {dag.py:2914} INFO - Setting next_dagrun for example_branch_operator to 2021-10-20 00:00:00+00:00
[2021-10-21 15:58:29,069] {processor.py:171} INFO - Processing /home/airflow/.local/lib/python3.6/site-packages/airflow/example_dags/example_branch_operator.py took 0.248 seconds
[2021-10-21 15:58:59,175] {processor.py:163} INFO - Started process (PID=711) to work on /home/airflow/.local/lib/python3.6/site-packages/airflow/example_dags/example_branch_operator.py
[2021-10-21 15:58:59,180] {processor.py:620} INFO - Processing file /home/airflow/.local/lib/python3.6/site-packages/airflow/example_dags/example_branch_operator.py for tasks to queue
[2021-10-21 15:58:59,183] {logging_mixin.py:109} INFO - [2021-10-21 15:58:59,183] {dagbag.py:500} INFO - Filling up the DagBag from /home/airflow/.local/lib/python3.6/site-packages/airflow/example_dags/example_branch_operator.py
[2021-10-21 15:58:59,298] {processor.py:632} INFO - DAG(s) dict_keys(['example_branch_operator']) retrieved from /home/airflow/.local/lib/python3.6/site-packages/airflow/example_dags/example_branch_operator.py
[2021-10-21 15:58:59,326] {logging_mixin.py:109} INFO - [2021-10-21 15:58:59,326] {dag.py:2389} INFO - Sync 1 DAGs
[2021-10-21 15:58:59,348] {logging_mixin.py:109} INFO - [2021-10-21 15:58:59,348] {dag.py:2914} INFO - Setting next_dagrun for example_branch_operator to 2021-10-20 00:00:00+00:00
[2021-10-21 15:58:59,372] {processor.py:171} INFO - Processing /home/airflow/.local/lib/python3.6/site-packages/airflow/example_dags/example_branch_operator.py took 0.218 seconds
[2021-10-21 15:59:29,463] {processor.py:163} INFO - Started process (PID=767) to work on /home/airflow/.local/lib/python3.6/site-packages/airflow/example_dags/example_branch_operator.py
[2021-10-21 15:59:29,465] {processor.py:620} INFO - Processing file /home/airflow/.local/lib/python3.6/site-packages/airflow/example_dags/example_branch_operator.py for tasks to queue
[2021-10-21 15:59:29,467] {logging_mixin.py:109} INFO - [2021-10-21 15:59:29,467] {dagbag.py:500} INFO - Filling up the DagBag from /home/airflow/.local/lib/python3.6/site-packages/airflow/example_dags/example_branch_operator.py
[2021-10-21 15:59:29,505] {processor.py:632} INFO - DAG(s) dict_keys(['example_branch_operator']) retrieved from /home/airflow/.local/lib/python3.6/site-packages/airflow/example_dags/example_branch_operator.py
[2021-10-21 15:59:29,518] {logging_mixin.py:109} INFO - [2021-10-21 15:59:29,518] {dag.py:2389} INFO - Sync 1 DAGs
[2021-10-21 15:59:29,538] {logging_mixin.py:109} INFO - [2021-10-21 15:59:29,538] {dag.py:2914} INFO - Setting next_dagrun for example_branch_operator to 2021-10-20 00:00:00+00:00
[2021-10-21 15:59:29,551] {processor.py:171} INFO - Processing /home/airflow/.local/lib/python3.6/site-packages/airflow/example_dags/example_branch_operator.py took 0.092 seconds
[2021-10-21 16:00:01,481] {processor.py:163} INFO - Started process (PID=828) to work on /home/airflow/.local/lib/python3.6/site-packages/airflow/example_dags/example_branch_operator.py
[2021-10-21 16:00:01,500] {processor.py:620} INFO - Processing file /home/airflow/.local/lib/python3.6/site-packages/airflow/example_dags/example_branch_operator.py for tasks to queue
[2021-10-21 16:00:01,502] {logging_mixin.py:109} INFO - [2021-10-21 16:00:01,502] {dagbag.py:500} INFO - Filling up the DagBag from /home/airflow/.local/lib/python3.6/site-packages/airflow/example_dags/example_branch_operator.py
[2021-10-21 16:00:01,651] {processor.py:632} INFO - DAG(s) dict_keys(['example_branch_operator']) retrieved from /home/airflow/.local/lib/python3.6/site-packages/airflow/example_dags/example_branch_operator.py
[2021-10-21 16:00:01,710] {logging_mixin.py:109} INFO - [2021-10-21 16:00:01,710] {dag.py:2389} INFO - Sync 1 DAGs
[2021-10-21 16:00:01,771] {logging_mixin.py:109} INFO - [2021-10-21 16:00:01,771] {dag.py:2914} INFO - Setting next_dagrun for example_branch_operator to 2021-10-20 00:00:00+00:00
[2021-10-21 16:00:01,840] {processor.py:171} INFO - Processing /home/airflow/.local/lib/python3.6/site-packages/airflow/example_dags/example_branch_operator.py took 0.381 seconds
[2021-10-21 16:00:33,862] {processor.py:163} INFO - Started process (PID=892) to work on /home/airflow/.local/lib/python3.6/site-packages/airflow/example_dags/example_branch_operator.py
[2021-10-21 16:00:33,893] {processor.py:620} INFO - Processing file /home/airflow/.local/lib/python3.6/site-packages/airflow/example_dags/example_branch_operator.py for tasks to queue
[2021-10-21 16:00:33,897] {logging_mixin.py:109} INFO - [2021-10-21 16:00:33,896] {dagbag.py:500} INFO - Filling up the DagBag from /home/airflow/.local/lib/python3.6/site-packages/airflow/example_dags/example_branch_operator.py
[2021-10-21 16:00:34,047] {processor.py:632} INFO - DAG(s) dict_keys(['example_branch_operator']) retrieved from /home/airflow/.local/lib/python3.6/site-packages/airflow/example_dags/example_branch_operator.py
[2021-10-21 16:00:34,097] {logging_mixin.py:109} INFO - [2021-10-21 16:00:34,097] {dag.py:2389} INFO - Sync 1 DAGs
[2021-10-21 16:00:34,143] {logging_mixin.py:109} INFO - [2021-10-21 16:00:34,143] {dag.py:2914} INFO - Setting next_dagrun for example_branch_operator to 2021-10-20 00:00:00+00:00
[2021-10-21 16:00:34,173] {processor.py:171} INFO - Processing /home/airflow/.local/lib/python3.6/site-packages/airflow/example_dags/example_branch_operator.py took 0.325 seconds
[2021-10-21 16:01:06,490] {processor.py:163} INFO - Started process (PID=946) to work on /home/airflow/.local/lib/python3.6/site-packages/airflow/example_dags/example_branch_operator.py
[2021-10-21 16:01:06,493] {processor.py:620} INFO - Processing file /home/airflow/.local/lib/python3.6/site-packages/airflow/example_dags/example_branch_operator.py for tasks to queue
[2021-10-21 16:01:06,496] {logging_mixin.py:109} INFO - [2021-10-21 16:01:06,496] {dagbag.py:500} INFO - Filling up the DagBag from /home/airflow/.local/lib/python3.6/site-packages/airflow/example_dags/example_branch_operator.py
[2021-10-21 16:01:06,564] {processor.py:632} INFO - DAG(s) dict_keys(['example_branch_operator']) retrieved from /home/airflow/.local/lib/python3.6/site-packages/airflow/example_dags/example_branch_operator.py
[2021-10-21 16:01:06,586] {logging_mixin.py:109} INFO - [2021-10-21 16:01:06,585] {dag.py:2389} INFO - Sync 1 DAGs
[2021-10-21 16:01:06,635] {logging_mixin.py:109} INFO - [2021-10-21 16:01:06,634] {dag.py:2914} INFO - Setting next_dagrun for example_branch_operator to 2021-10-20 00:00:00+00:00
[2021-10-21 16:01:06,659] {processor.py:171} INFO - Processing /home/airflow/.local/lib/python3.6/site-packages/airflow/example_dags/example_branch_operator.py took 0.178 seconds
[2021-10-21 16:01:38,043] {processor.py:163} INFO - Started process (PID=1002) to work on /home/airflow/.local/lib/python3.6/site-packages/airflow/example_dags/example_branch_operator.py
[2021-10-21 16:01:38,055] {processor.py:620} INFO - Processing file /home/airflow/.local/lib/python3.6/site-packages/airflow/example_dags/example_branch_operator.py for tasks to queue
[2021-10-21 16:01:38,059] {logging_mixin.py:109} INFO - [2021-10-21 16:01:38,058] {dagbag.py:500} INFO - Filling up the DagBag from /home/airflow/.local/lib/python3.6/site-packages/airflow/example_dags/example_branch_operator.py
[2021-10-21 16:01:38,177] {processor.py:632} INFO - DAG(s) dict_keys(['example_branch_operator']) retrieved from /home/airflow/.local/lib/python3.6/site-packages/airflow/example_dags/example_branch_operator.py
[2021-10-21 16:01:38,256] {logging_mixin.py:109} INFO - [2021-10-21 16:01:38,256] {dag.py:2389} INFO - Sync 1 DAGs
[2021-10-21 16:01:38,329] {logging_mixin.py:109} INFO - [2021-10-21 16:01:38,329] {dag.py:2914} INFO - Setting next_dagrun for example_branch_operator to 2021-10-20 00:00:00+00:00
[2021-10-21 16:01:38,393] {processor.py:171} INFO - Processing /home/airflow/.local/lib/python3.6/site-packages/airflow/example_dags/example_branch_operator.py took 0.382 seconds
[2021-10-21 16:02:12,384] {processor.py:163} INFO - Started process (PID=1055) to work on /home/airflow/.local/lib/python3.6/site-packages/airflow/example_dags/example_branch_operator.py
[2021-10-21 16:02:12,396] {processor.py:620} INFO - Processing file /home/airflow/.local/lib/python3.6/site-packages/airflow/example_dags/example_branch_operator.py for tasks to queue
[2021-10-21 16:02:12,403] {logging_mixin.py:109} INFO - [2021-10-21 16:02:12,401] {dagbag.py:500} INFO - Filling up the DagBag from /home/airflow/.local/lib/python3.6/site-packages/airflow/example_dags/example_branch_operator.py
[2021-10-21 16:02:12,558] {processor.py:632} INFO - DAG(s) dict_keys(['example_branch_operator']) retrieved from /home/airflow/.local/lib/python3.6/site-packages/airflow/example_dags/example_branch_operator.py
[2021-10-21 16:02:12,616] {logging_mixin.py:109} INFO - [2021-10-21 16:02:12,616] {dag.py:2389} INFO - Sync 1 DAGs
[2021-10-21 16:02:12,801] {logging_mixin.py:109} INFO - [2021-10-21 16:02:12,801] {dag.py:2914} INFO - Setting next_dagrun for example_branch_operator to 2021-10-20 00:00:00+00:00
[2021-10-21 16:02:12,909] {processor.py:171} INFO - Processing /home/airflow/.local/lib/python3.6/site-packages/airflow/example_dags/example_branch_operator.py took 0.549 seconds
[2021-10-21 16:02:43,147] {processor.py:163} INFO - Started process (PID=1099) to work on /home/airflow/.local/lib/python3.6/site-packages/airflow/example_dags/example_branch_operator.py
[2021-10-21 16:02:43,150] {processor.py:620} INFO - Processing file /home/airflow/.local/lib/python3.6/site-packages/airflow/example_dags/example_branch_operator.py for tasks to queue
[2021-10-21 16:02:43,153] {logging_mixin.py:109} INFO - [2021-10-21 16:02:43,152] {dagbag.py:500} INFO - Filling up the DagBag from /home/airflow/.local/lib/python3.6/site-packages/airflow/example_dags/example_branch_operator.py
[2021-10-21 16:02:43,243] {processor.py:632} INFO - DAG(s) dict_keys(['example_branch_operator']) retrieved from /home/airflow/.local/lib/python3.6/site-packages/airflow/example_dags/example_branch_operator.py
[2021-10-21 16:02:43,284] {logging_mixin.py:109} INFO - [2021-10-21 16:02:43,283] {dag.py:2389} INFO - Sync 1 DAGs
[2021-10-21 16:02:43,337] {logging_mixin.py:109} INFO - [2021-10-21 16:02:43,337] {dag.py:2914} INFO - Setting next_dagrun for example_branch_operator to 2021-10-20 00:00:00+00:00
[2021-10-21 16:02:43,365] {processor.py:171} INFO - Processing /home/airflow/.local/lib/python3.6/site-packages/airflow/example_dags/example_branch_operator.py took 0.229 seconds
[2021-10-21 16:03:14,387] {processor.py:163} INFO - Started process (PID=1164) to work on /home/airflow/.local/lib/python3.6/site-packages/airflow/example_dags/example_branch_operator.py
[2021-10-21 16:03:14,389] {processor.py:620} INFO - Processing file /home/airflow/.local/lib/python3.6/site-packages/airflow/example_dags/example_branch_operator.py for tasks to queue
[2021-10-21 16:03:14,397] {logging_mixin.py:109} INFO - [2021-10-21 16:03:14,397] {dagbag.py:500} INFO - Filling up the DagBag from /home/airflow/.local/lib/python3.6/site-packages/airflow/example_dags/example_branch_operator.py
[2021-10-21 16:03:14,435] {processor.py:632} INFO - DAG(s) dict_keys(['example_branch_operator']) retrieved from /home/airflow/.local/lib/python3.6/site-packages/airflow/example_dags/example_branch_operator.py
[2021-10-21 16:03:14,453] {logging_mixin.py:109} INFO - [2021-10-21 16:03:14,453] {dag.py:2389} INFO - Sync 1 DAGs
[2021-10-21 16:03:14,477] {logging_mixin.py:109} INFO - [2021-10-21 16:03:14,477] {dag.py:2914} INFO - Setting next_dagrun for example_branch_operator to 2021-10-20 00:00:00+00:00
[2021-10-21 16:03:14,487] {processor.py:171} INFO - Processing /home/airflow/.local/lib/python3.6/site-packages/airflow/example_dags/example_branch_operator.py took 0.113 seconds
[2021-10-21 16:03:45,096] {processor.py:163} INFO - Started process (PID=1223) to work on /home/airflow/.local/lib/python3.6/site-packages/airflow/example_dags/example_branch_operator.py
[2021-10-21 16:03:45,098] {processor.py:620} INFO - Processing file /home/airflow/.local/lib/python3.6/site-packages/airflow/example_dags/example_branch_operator.py for tasks to queue
[2021-10-21 16:03:45,103] {logging_mixin.py:109} INFO - [2021-10-21 16:03:45,102] {dagbag.py:500} INFO - Filling up the DagBag from /home/airflow/.local/lib/python3.6/site-packages/airflow/example_dags/example_branch_operator.py
[2021-10-21 16:03:45,150] {processor.py:632} INFO - DAG(s) dict_keys(['example_branch_operator']) retrieved from /home/airflow/.local/lib/python3.6/site-packages/airflow/example_dags/example_branch_operator.py
[2021-10-21 16:03:45,187] {logging_mixin.py:109} INFO - [2021-10-21 16:03:45,187] {dag.py:2389} INFO - Sync 1 DAGs
[2021-10-21 16:03:45,207] {logging_mixin.py:109} INFO - [2021-10-21 16:03:45,207] {dag.py:2914} INFO - Setting next_dagrun for example_branch_operator to 2021-10-20 00:00:00+00:00
[2021-10-21 16:03:45,226] {processor.py:171} INFO - Processing /home/airflow/.local/lib/python3.6/site-packages/airflow/example_dags/example_branch_operator.py took 0.141 seconds
[2021-10-21 16:04:16,069] {processor.py:163} INFO - Started process (PID=1277) to work on /home/airflow/.local/lib/python3.6/site-packages/airflow/example_dags/example_branch_operator.py
[2021-10-21 16:04:16,071] {processor.py:620} INFO - Processing file /home/airflow/.local/lib/python3.6/site-packages/airflow/example_dags/example_branch_operator.py for tasks to queue
[2021-10-21 16:04:16,074] {logging_mixin.py:109} INFO - [2021-10-21 16:04:16,074] {dagbag.py:500} INFO - Filling up the DagBag from /home/airflow/.local/lib/python3.6/site-packages/airflow/example_dags/example_branch_operator.py
[2021-10-21 16:04:16,118] {processor.py:632} INFO - DAG(s) dict_keys(['example_branch_operator']) retrieved from /home/airflow/.local/lib/python3.6/site-packages/airflow/example_dags/example_branch_operator.py
[2021-10-21 16:04:16,144] {logging_mixin.py:109} INFO - [2021-10-21 16:04:16,144] {dag.py:2389} INFO - Sync 1 DAGs
[2021-10-21 16:04:16,178] {logging_mixin.py:109} INFO - [2021-10-21 16:04:16,178] {dag.py:2914} INFO - Setting next_dagrun for example_branch_operator to 2021-10-20 00:00:00+00:00
[2021-10-21 16:04:16,193] {processor.py:171} INFO - Processing /home/airflow/.local/lib/python3.6/site-packages/airflow/example_dags/example_branch_operator.py took 0.132 seconds
[2021-10-21 16:04:46,750] {processor.py:163} INFO - Started process (PID=1331) to work on /home/airflow/.local/lib/python3.6/site-packages/airflow/example_dags/example_branch_operator.py
[2021-10-21 16:04:46,753] {processor.py:620} INFO - Processing file /home/airflow/.local/lib/python3.6/site-packages/airflow/example_dags/example_branch_operator.py for tasks to queue
[2021-10-21 16:04:46,756] {logging_mixin.py:109} INFO - [2021-10-21 16:04:46,756] {dagbag.py:500} INFO - Filling up the DagBag from /home/airflow/.local/lib/python3.6/site-packages/airflow/example_dags/example_branch_operator.py
[2021-10-21 16:04:46,828] {processor.py:632} INFO - DAG(s) dict_keys(['example_branch_operator']) retrieved from /home/airflow/.local/lib/python3.6/site-packages/airflow/example_dags/example_branch_operator.py
[2021-10-21 16:04:46,862] {logging_mixin.py:109} INFO - [2021-10-21 16:04:46,862] {dag.py:2389} INFO - Sync 1 DAGs
[2021-10-21 16:04:46,891] {logging_mixin.py:109} INFO - [2021-10-21 16:04:46,891] {dag.py:2914} INFO - Setting next_dagrun for example_branch_operator to 2021-10-20 00:00:00+00:00
[2021-10-21 16:04:46,904] {processor.py:171} INFO - Processing /home/airflow/.local/lib/python3.6/site-packages/airflow/example_dags/example_branch_operator.py took 0.160 seconds
[2021-10-21 16:05:18,815] {processor.py:163} INFO - Started process (PID=1396) to work on /home/airflow/.local/lib/python3.6/site-packages/airflow/example_dags/example_branch_operator.py
[2021-10-21 16:05:18,821] {processor.py:620} INFO - Processing file /home/airflow/.local/lib/python3.6/site-packages/airflow/example_dags/example_branch_operator.py for tasks to queue
[2021-10-21 16:05:18,823] {logging_mixin.py:109} INFO - [2021-10-21 16:05:18,823] {dagbag.py:500} INFO - Filling up the DagBag from /home/airflow/.local/lib/python3.6/site-packages/airflow/example_dags/example_branch_operator.py
[2021-10-21 16:05:18,913] {processor.py:632} INFO - DAG(s) dict_keys(['example_branch_operator']) retrieved from /home/airflow/.local/lib/python3.6/site-packages/airflow/example_dags/example_branch_operator.py
[2021-10-21 16:05:18,974] {logging_mixin.py:109} INFO - [2021-10-21 16:05:18,974] {dag.py:2389} INFO - Sync 1 DAGs
[2021-10-21 16:05:19,053] {logging_mixin.py:109} INFO - [2021-10-21 16:05:19,053] {dag.py:2914} INFO - Setting next_dagrun for example_branch_operator to 2021-10-20 00:00:00+00:00
[2021-10-21 16:05:19,093] {processor.py:171} INFO - Processing /home/airflow/.local/lib/python3.6/site-packages/airflow/example_dags/example_branch_operator.py took 0.288 seconds
[2021-10-21 16:05:49,751] {processor.py:163} INFO - Started process (PID=1451) to work on /home/airflow/.local/lib/python3.6/site-packages/airflow/example_dags/example_branch_operator.py
[2021-10-21 16:05:49,753] {processor.py:620} INFO - Processing file /home/airflow/.local/lib/python3.6/site-packages/airflow/example_dags/example_branch_operator.py for tasks to queue
[2021-10-21 16:05:49,755] {logging_mixin.py:109} INFO - [2021-10-21 16:05:49,755] {dagbag.py:500} INFO - Filling up the DagBag from /home/airflow/.local/lib/python3.6/site-packages/airflow/example_dags/example_branch_operator.py
[2021-10-21 16:05:49,801] {processor.py:632} INFO - DAG(s) dict_keys(['example_branch_operator']) retrieved from /home/airflow/.local/lib/python3.6/site-packages/airflow/example_dags/example_branch_operator.py
[2021-10-21 16:05:49,818] {logging_mixin.py:109} INFO - [2021-10-21 16:05:49,818] {dag.py:2389} INFO - Sync 1 DAGs
[2021-10-21 16:05:49,846] {logging_mixin.py:109} INFO - [2021-10-21 16:05:49,846] {dag.py:2914} INFO - Setting next_dagrun for example_branch_operator to 2021-10-20 00:00:00+00:00
[2021-10-21 16:05:49,863] {processor.py:171} INFO - Processing /home/airflow/.local/lib/python3.6/site-packages/airflow/example_dags/example_branch_operator.py took 0.117 seconds
[2021-10-21 16:06:20,299] {processor.py:163} INFO - Started process (PID=1505) to work on /home/airflow/.local/lib/python3.6/site-packages/airflow/example_dags/example_branch_operator.py
[2021-10-21 16:06:20,301] {processor.py:620} INFO - Processing file /home/airflow/.local/lib/python3.6/site-packages/airflow/example_dags/example_branch_operator.py for tasks to queue
[2021-10-21 16:06:20,303] {logging_mixin.py:109} INFO - [2021-10-21 16:06:20,303] {dagbag.py:500} INFO - Filling up the DagBag from /home/airflow/.local/lib/python3.6/site-packages/airflow/example_dags/example_branch_operator.py
[2021-10-21 16:06:20,356] {processor.py:632} INFO - DAG(s) dict_keys(['example_branch_operator']) retrieved from /home/airflow/.local/lib/python3.6/site-packages/airflow/example_dags/example_branch_operator.py
[2021-10-21 16:06:20,372] {logging_mixin.py:109} INFO - [2021-10-21 16:06:20,372] {dag.py:2389} INFO - Sync 1 DAGs
[2021-10-21 16:06:20,403] {logging_mixin.py:109} INFO - [2021-10-21 16:06:20,403] {dag.py:2914} INFO - Setting next_dagrun for example_branch_operator to 2021-10-20 00:00:00+00:00
[2021-10-21 16:06:20,424] {processor.py:171} INFO - Processing /home/airflow/.local/lib/python3.6/site-packages/airflow/example_dags/example_branch_operator.py took 0.132 seconds
[2021-10-21 16:06:51,065] {processor.py:163} INFO - Started process (PID=1573) to work on /home/airflow/.local/lib/python3.6/site-packages/airflow/example_dags/example_branch_operator.py
[2021-10-21 16:06:51,068] {processor.py:620} INFO - Processing file /home/airflow/.local/lib/python3.6/site-packages/airflow/example_dags/example_branch_operator.py for tasks to queue
[2021-10-21 16:06:51,070] {logging_mixin.py:109} INFO - [2021-10-21 16:06:51,070] {dagbag.py:500} INFO - Filling up the DagBag from /home/airflow/.local/lib/python3.6/site-packages/airflow/example_dags/example_branch_operator.py
[2021-10-21 16:06:51,141] {processor.py:632} INFO - DAG(s) dict_keys(['example_branch_operator']) retrieved from /home/airflow/.local/lib/python3.6/site-packages/airflow/example_dags/example_branch_operator.py
[2021-10-21 16:06:51,166] {logging_mixin.py:109} INFO - [2021-10-21 16:06:51,166] {dag.py:2389} INFO - Sync 1 DAGs
[2021-10-21 16:06:51,204] {logging_mixin.py:109} INFO - [2021-10-21 16:06:51,204] {dag.py:2914} INFO - Setting next_dagrun for example_branch_operator to 2021-10-20 00:00:00+00:00
[2021-10-21 16:06:51,223] {processor.py:171} INFO - Processing /home/airflow/.local/lib/python3.6/site-packages/airflow/example_dags/example_branch_operator.py took 0.165 seconds
