[2021-10-21 15:53:21,394] {processor.py:163} INFO - Started process (PID=86) to work on /home/airflow/.local/lib/python3.6/site-packages/airflow/example_dags/example_branch_labels.py
[2021-10-21 15:53:21,403] {processor.py:620} INFO - Processing file /home/airflow/.local/lib/python3.6/site-packages/airflow/example_dags/example_branch_labels.py for tasks to queue
[2021-10-21 15:53:21,405] {logging_mixin.py:109} INFO - [2021-10-21 15:53:21,404] {dagbag.py:500} INFO - Filling up the DagBag from /home/airflow/.local/lib/python3.6/site-packages/airflow/example_dags/example_branch_labels.py
[2021-10-21 15:53:21,461] {processor.py:632} INFO - DAG(s) dict_keys(['example_branch_labels']) retrieved from /home/airflow/.local/lib/python3.6/site-packages/airflow/example_dags/example_branch_labels.py
[2021-10-21 15:53:21,491] {logging_mixin.py:109} INFO - [2021-10-21 15:53:21,491] {dag.py:2389} INFO - Sync 1 DAGs
[2021-10-21 15:53:21,531] {logging_mixin.py:109} INFO - [2021-10-21 15:53:21,530] {dag.py:2914} INFO - Setting next_dagrun for example_branch_labels to 2021-10-20 00:00:00+00:00
[2021-10-21 15:53:21,556] {processor.py:171} INFO - Processing /home/airflow/.local/lib/python3.6/site-packages/airflow/example_dags/example_branch_labels.py took 0.179 seconds
[2021-10-21 15:53:51,637] {processor.py:163} INFO - Started process (PID=139) to work on /home/airflow/.local/lib/python3.6/site-packages/airflow/example_dags/example_branch_labels.py
[2021-10-21 15:53:51,642] {processor.py:620} INFO - Processing file /home/airflow/.local/lib/python3.6/site-packages/airflow/example_dags/example_branch_labels.py for tasks to queue
[2021-10-21 15:53:51,647] {logging_mixin.py:109} INFO - [2021-10-21 15:53:51,646] {dagbag.py:500} INFO - Filling up the DagBag from /home/airflow/.local/lib/python3.6/site-packages/airflow/example_dags/example_branch_labels.py
[2021-10-21 15:53:51,695] {processor.py:632} INFO - DAG(s) dict_keys(['example_branch_labels']) retrieved from /home/airflow/.local/lib/python3.6/site-packages/airflow/example_dags/example_branch_labels.py
[2021-10-21 15:53:51,711] {logging_mixin.py:109} INFO - [2021-10-21 15:53:51,711] {dag.py:2389} INFO - Sync 1 DAGs
[2021-10-21 15:53:51,733] {logging_mixin.py:109} INFO - [2021-10-21 15:53:51,733] {dag.py:2914} INFO - Setting next_dagrun for example_branch_labels to 2021-10-20 00:00:00+00:00
[2021-10-21 15:53:51,742] {processor.py:171} INFO - Processing /home/airflow/.local/lib/python3.6/site-packages/airflow/example_dags/example_branch_labels.py took 0.115 seconds
[2021-10-21 15:54:23,713] {processor.py:163} INFO - Started process (PID=203) to work on /home/airflow/.local/lib/python3.6/site-packages/airflow/example_dags/example_branch_labels.py
[2021-10-21 15:54:23,716] {processor.py:620} INFO - Processing file /home/airflow/.local/lib/python3.6/site-packages/airflow/example_dags/example_branch_labels.py for tasks to queue
[2021-10-21 15:54:23,718] {logging_mixin.py:109} INFO - [2021-10-21 15:54:23,717] {dagbag.py:500} INFO - Filling up the DagBag from /home/airflow/.local/lib/python3.6/site-packages/airflow/example_dags/example_branch_labels.py
[2021-10-21 15:54:23,814] {processor.py:632} INFO - DAG(s) dict_keys(['example_branch_labels']) retrieved from /home/airflow/.local/lib/python3.6/site-packages/airflow/example_dags/example_branch_labels.py
[2021-10-21 15:54:23,857] {logging_mixin.py:109} INFO - [2021-10-21 15:54:23,857] {dag.py:2389} INFO - Sync 1 DAGs
[2021-10-21 15:54:23,889] {logging_mixin.py:109} INFO - [2021-10-21 15:54:23,889] {dag.py:2914} INFO - Setting next_dagrun for example_branch_labels to 2021-10-20 00:00:00+00:00
[2021-10-21 15:54:23,904] {processor.py:171} INFO - Processing /home/airflow/.local/lib/python3.6/site-packages/airflow/example_dags/example_branch_labels.py took 0.197 seconds
[2021-10-21 15:54:54,581] {processor.py:163} INFO - Started process (PID=258) to work on /home/airflow/.local/lib/python3.6/site-packages/airflow/example_dags/example_branch_labels.py
[2021-10-21 15:54:54,583] {processor.py:620} INFO - Processing file /home/airflow/.local/lib/python3.6/site-packages/airflow/example_dags/example_branch_labels.py for tasks to queue
[2021-10-21 15:54:54,587] {logging_mixin.py:109} INFO - [2021-10-21 15:54:54,587] {dagbag.py:500} INFO - Filling up the DagBag from /home/airflow/.local/lib/python3.6/site-packages/airflow/example_dags/example_branch_labels.py
[2021-10-21 15:54:54,678] {processor.py:632} INFO - DAG(s) dict_keys(['example_branch_labels']) retrieved from /home/airflow/.local/lib/python3.6/site-packages/airflow/example_dags/example_branch_labels.py
[2021-10-21 15:54:54,770] {logging_mixin.py:109} INFO - [2021-10-21 15:54:54,770] {dag.py:2389} INFO - Sync 1 DAGs
[2021-10-21 15:54:54,866] {logging_mixin.py:109} INFO - [2021-10-21 15:54:54,866] {dag.py:2914} INFO - Setting next_dagrun for example_branch_labels to 2021-10-20 00:00:00+00:00
[2021-10-21 15:54:54,896] {processor.py:171} INFO - Processing /home/airflow/.local/lib/python3.6/site-packages/airflow/example_dags/example_branch_labels.py took 0.321 seconds
[2021-10-21 15:55:25,555] {processor.py:163} INFO - Started process (PID=312) to work on /home/airflow/.local/lib/python3.6/site-packages/airflow/example_dags/example_branch_labels.py
[2021-10-21 15:55:25,559] {processor.py:620} INFO - Processing file /home/airflow/.local/lib/python3.6/site-packages/airflow/example_dags/example_branch_labels.py for tasks to queue
[2021-10-21 15:55:25,561] {logging_mixin.py:109} INFO - [2021-10-21 15:55:25,560] {dagbag.py:500} INFO - Filling up the DagBag from /home/airflow/.local/lib/python3.6/site-packages/airflow/example_dags/example_branch_labels.py
[2021-10-21 15:55:25,630] {processor.py:632} INFO - DAG(s) dict_keys(['example_branch_labels']) retrieved from /home/airflow/.local/lib/python3.6/site-packages/airflow/example_dags/example_branch_labels.py
[2021-10-21 15:55:25,647] {logging_mixin.py:109} INFO - [2021-10-21 15:55:25,646] {dag.py:2389} INFO - Sync 1 DAGs
[2021-10-21 15:55:25,667] {logging_mixin.py:109} INFO - [2021-10-21 15:55:25,667] {dag.py:2914} INFO - Setting next_dagrun for example_branch_labels to 2021-10-20 00:00:00+00:00
[2021-10-21 15:55:25,679] {processor.py:171} INFO - Processing /home/airflow/.local/lib/python3.6/site-packages/airflow/example_dags/example_branch_labels.py took 0.130 seconds
[2021-10-21 15:55:56,315] {processor.py:163} INFO - Started process (PID=366) to work on /home/airflow/.local/lib/python3.6/site-packages/airflow/example_dags/example_branch_labels.py
[2021-10-21 15:55:56,318] {processor.py:620} INFO - Processing file /home/airflow/.local/lib/python3.6/site-packages/airflow/example_dags/example_branch_labels.py for tasks to queue
[2021-10-21 15:55:56,321] {logging_mixin.py:109} INFO - [2021-10-21 15:55:56,321] {dagbag.py:500} INFO - Filling up the DagBag from /home/airflow/.local/lib/python3.6/site-packages/airflow/example_dags/example_branch_labels.py
[2021-10-21 15:55:56,365] {processor.py:632} INFO - DAG(s) dict_keys(['example_branch_labels']) retrieved from /home/airflow/.local/lib/python3.6/site-packages/airflow/example_dags/example_branch_labels.py
[2021-10-21 15:55:56,380] {logging_mixin.py:109} INFO - [2021-10-21 15:55:56,380] {dag.py:2389} INFO - Sync 1 DAGs
[2021-10-21 15:55:56,408] {logging_mixin.py:109} INFO - [2021-10-21 15:55:56,407] {dag.py:2914} INFO - Setting next_dagrun for example_branch_labels to 2021-10-20 00:00:00+00:00
[2021-10-21 15:55:56,429] {processor.py:171} INFO - Processing /home/airflow/.local/lib/python3.6/site-packages/airflow/example_dags/example_branch_labels.py took 0.126 seconds
[2021-10-21 15:56:27,436] {processor.py:163} INFO - Started process (PID=433) to work on /home/airflow/.local/lib/python3.6/site-packages/airflow/example_dags/example_branch_labels.py
[2021-10-21 15:56:27,443] {processor.py:620} INFO - Processing file /home/airflow/.local/lib/python3.6/site-packages/airflow/example_dags/example_branch_labels.py for tasks to queue
[2021-10-21 15:56:27,445] {logging_mixin.py:109} INFO - [2021-10-21 15:56:27,444] {dagbag.py:500} INFO - Filling up the DagBag from /home/airflow/.local/lib/python3.6/site-packages/airflow/example_dags/example_branch_labels.py
[2021-10-21 15:56:27,490] {processor.py:632} INFO - DAG(s) dict_keys(['example_branch_labels']) retrieved from /home/airflow/.local/lib/python3.6/site-packages/airflow/example_dags/example_branch_labels.py
[2021-10-21 15:56:27,516] {logging_mixin.py:109} INFO - [2021-10-21 15:56:27,516] {dag.py:2389} INFO - Sync 1 DAGs
[2021-10-21 15:56:27,561] {logging_mixin.py:109} INFO - [2021-10-21 15:56:27,561] {dag.py:2914} INFO - Setting next_dagrun for example_branch_labels to 2021-10-20 00:00:00+00:00
[2021-10-21 15:56:27,581] {processor.py:171} INFO - Processing /home/airflow/.local/lib/python3.6/site-packages/airflow/example_dags/example_branch_labels.py took 0.152 seconds
[2021-10-21 15:56:58,153] {processor.py:163} INFO - Started process (PID=489) to work on /home/airflow/.local/lib/python3.6/site-packages/airflow/example_dags/example_branch_labels.py
[2021-10-21 15:56:58,155] {processor.py:620} INFO - Processing file /home/airflow/.local/lib/python3.6/site-packages/airflow/example_dags/example_branch_labels.py for tasks to queue
[2021-10-21 15:56:58,156] {logging_mixin.py:109} INFO - [2021-10-21 15:56:58,156] {dagbag.py:500} INFO - Filling up the DagBag from /home/airflow/.local/lib/python3.6/site-packages/airflow/example_dags/example_branch_labels.py
[2021-10-21 15:56:58,185] {processor.py:632} INFO - DAG(s) dict_keys(['example_branch_labels']) retrieved from /home/airflow/.local/lib/python3.6/site-packages/airflow/example_dags/example_branch_labels.py
[2021-10-21 15:56:58,198] {logging_mixin.py:109} INFO - [2021-10-21 15:56:58,198] {dag.py:2389} INFO - Sync 1 DAGs
[2021-10-21 15:56:58,217] {logging_mixin.py:109} INFO - [2021-10-21 15:56:58,217] {dag.py:2914} INFO - Setting next_dagrun for example_branch_labels to 2021-10-20 00:00:00+00:00
[2021-10-21 15:56:58,228] {processor.py:171} INFO - Processing /home/airflow/.local/lib/python3.6/site-packages/airflow/example_dags/example_branch_labels.py took 0.079 seconds
[2021-10-21 15:57:31,696] {processor.py:163} INFO - Started process (PID=556) to work on /home/airflow/.local/lib/python3.6/site-packages/airflow/example_dags/example_branch_labels.py
[2021-10-21 15:57:31,701] {processor.py:620} INFO - Processing file /home/airflow/.local/lib/python3.6/site-packages/airflow/example_dags/example_branch_labels.py for tasks to queue
[2021-10-21 15:57:31,706] {logging_mixin.py:109} INFO - [2021-10-21 15:57:31,705] {dagbag.py:500} INFO - Filling up the DagBag from /home/airflow/.local/lib/python3.6/site-packages/airflow/example_dags/example_branch_labels.py
[2021-10-21 15:57:31,864] {processor.py:632} INFO - DAG(s) dict_keys(['example_branch_labels']) retrieved from /home/airflow/.local/lib/python3.6/site-packages/airflow/example_dags/example_branch_labels.py
[2021-10-21 15:57:31,908] {logging_mixin.py:109} INFO - [2021-10-21 15:57:31,908] {dag.py:2389} INFO - Sync 1 DAGs
[2021-10-21 15:57:32,433] {logging_mixin.py:109} INFO - [2021-10-21 15:57:32,426] {dag.py:2914} INFO - Setting next_dagrun for example_branch_labels to 2021-10-20 00:00:00+00:00
[2021-10-21 15:57:32,637] {processor.py:171} INFO - Processing /home/airflow/.local/lib/python3.6/site-packages/airflow/example_dags/example_branch_labels.py took 0.971 seconds
[2021-10-21 15:58:02,807] {processor.py:163} INFO - Started process (PID=612) to work on /home/airflow/.local/lib/python3.6/site-packages/airflow/example_dags/example_branch_labels.py
[2021-10-21 15:58:02,813] {processor.py:620} INFO - Processing file /home/airflow/.local/lib/python3.6/site-packages/airflow/example_dags/example_branch_labels.py for tasks to queue
[2021-10-21 15:58:02,815] {logging_mixin.py:109} INFO - [2021-10-21 15:58:02,815] {dagbag.py:500} INFO - Filling up the DagBag from /home/airflow/.local/lib/python3.6/site-packages/airflow/example_dags/example_branch_labels.py
[2021-10-21 15:58:02,928] {processor.py:632} INFO - DAG(s) dict_keys(['example_branch_labels']) retrieved from /home/airflow/.local/lib/python3.6/site-packages/airflow/example_dags/example_branch_labels.py
[2021-10-21 15:58:02,957] {logging_mixin.py:109} INFO - [2021-10-21 15:58:02,957] {dag.py:2389} INFO - Sync 1 DAGs
[2021-10-21 15:58:03,017] {logging_mixin.py:109} INFO - [2021-10-21 15:58:03,017] {dag.py:2914} INFO - Setting next_dagrun for example_branch_labels to 2021-10-20 00:00:00+00:00
[2021-10-21 15:58:03,042] {processor.py:171} INFO - Processing /home/airflow/.local/lib/python3.6/site-packages/airflow/example_dags/example_branch_labels.py took 0.250 seconds
[2021-10-21 15:58:33,318] {processor.py:163} INFO - Started process (PID=668) to work on /home/airflow/.local/lib/python3.6/site-packages/airflow/example_dags/example_branch_labels.py
[2021-10-21 15:58:33,321] {processor.py:620} INFO - Processing file /home/airflow/.local/lib/python3.6/site-packages/airflow/example_dags/example_branch_labels.py for tasks to queue
[2021-10-21 15:58:33,323] {logging_mixin.py:109} INFO - [2021-10-21 15:58:33,322] {dagbag.py:500} INFO - Filling up the DagBag from /home/airflow/.local/lib/python3.6/site-packages/airflow/example_dags/example_branch_labels.py
[2021-10-21 15:58:33,355] {processor.py:632} INFO - DAG(s) dict_keys(['example_branch_labels']) retrieved from /home/airflow/.local/lib/python3.6/site-packages/airflow/example_dags/example_branch_labels.py
[2021-10-21 15:58:33,368] {logging_mixin.py:109} INFO - [2021-10-21 15:58:33,368] {dag.py:2389} INFO - Sync 1 DAGs
[2021-10-21 15:58:33,389] {logging_mixin.py:109} INFO - [2021-10-21 15:58:33,389] {dag.py:2914} INFO - Setting next_dagrun for example_branch_labels to 2021-10-20 00:00:00+00:00
[2021-10-21 15:58:33,405] {processor.py:171} INFO - Processing /home/airflow/.local/lib/python3.6/site-packages/airflow/example_dags/example_branch_labels.py took 0.092 seconds
[2021-10-21 15:59:04,300] {processor.py:163} INFO - Started process (PID=722) to work on /home/airflow/.local/lib/python3.6/site-packages/airflow/example_dags/example_branch_labels.py
[2021-10-21 15:59:04,304] {processor.py:620} INFO - Processing file /home/airflow/.local/lib/python3.6/site-packages/airflow/example_dags/example_branch_labels.py for tasks to queue
[2021-10-21 15:59:04,308] {logging_mixin.py:109} INFO - [2021-10-21 15:59:04,308] {dagbag.py:500} INFO - Filling up the DagBag from /home/airflow/.local/lib/python3.6/site-packages/airflow/example_dags/example_branch_labels.py
[2021-10-21 15:59:04,452] {processor.py:632} INFO - DAG(s) dict_keys(['example_branch_labels']) retrieved from /home/airflow/.local/lib/python3.6/site-packages/airflow/example_dags/example_branch_labels.py
[2021-10-21 15:59:04,500] {logging_mixin.py:109} INFO - [2021-10-21 15:59:04,500] {dag.py:2389} INFO - Sync 1 DAGs
[2021-10-21 15:59:04,531] {logging_mixin.py:109} INFO - [2021-10-21 15:59:04,531] {dag.py:2914} INFO - Setting next_dagrun for example_branch_labels to 2021-10-20 00:00:00+00:00
[2021-10-21 15:59:04,554] {processor.py:171} INFO - Processing /home/airflow/.local/lib/python3.6/site-packages/airflow/example_dags/example_branch_labels.py took 0.264 seconds
[2021-10-21 15:59:35,328] {processor.py:163} INFO - Started process (PID=778) to work on /home/airflow/.local/lib/python3.6/site-packages/airflow/example_dags/example_branch_labels.py
[2021-10-21 15:59:35,330] {processor.py:620} INFO - Processing file /home/airflow/.local/lib/python3.6/site-packages/airflow/example_dags/example_branch_labels.py for tasks to queue
[2021-10-21 15:59:35,333] {logging_mixin.py:109} INFO - [2021-10-21 15:59:35,333] {dagbag.py:500} INFO - Filling up the DagBag from /home/airflow/.local/lib/python3.6/site-packages/airflow/example_dags/example_branch_labels.py
[2021-10-21 15:59:35,385] {processor.py:632} INFO - DAG(s) dict_keys(['example_branch_labels']) retrieved from /home/airflow/.local/lib/python3.6/site-packages/airflow/example_dags/example_branch_labels.py
[2021-10-21 15:59:35,408] {logging_mixin.py:109} INFO - [2021-10-21 15:59:35,408] {dag.py:2389} INFO - Sync 1 DAGs
[2021-10-21 15:59:35,455] {logging_mixin.py:109} INFO - [2021-10-21 15:59:35,454] {dag.py:2914} INFO - Setting next_dagrun for example_branch_labels to 2021-10-20 00:00:00+00:00
[2021-10-21 15:59:35,482] {processor.py:171} INFO - Processing /home/airflow/.local/lib/python3.6/site-packages/airflow/example_dags/example_branch_labels.py took 0.160 seconds
[2021-10-21 16:00:05,657] {processor.py:163} INFO - Started process (PID=847) to work on /home/airflow/.local/lib/python3.6/site-packages/airflow/example_dags/example_branch_labels.py
[2021-10-21 16:00:05,662] {processor.py:620} INFO - Processing file /home/airflow/.local/lib/python3.6/site-packages/airflow/example_dags/example_branch_labels.py for tasks to queue
[2021-10-21 16:00:05,667] {logging_mixin.py:109} INFO - [2021-10-21 16:00:05,667] {dagbag.py:500} INFO - Filling up the DagBag from /home/airflow/.local/lib/python3.6/site-packages/airflow/example_dags/example_branch_labels.py
[2021-10-21 16:00:05,735] {processor.py:632} INFO - DAG(s) dict_keys(['example_branch_labels']) retrieved from /home/airflow/.local/lib/python3.6/site-packages/airflow/example_dags/example_branch_labels.py
[2021-10-21 16:00:05,753] {logging_mixin.py:109} INFO - [2021-10-21 16:00:05,753] {dag.py:2389} INFO - Sync 1 DAGs
[2021-10-21 16:00:05,796] {logging_mixin.py:109} INFO - [2021-10-21 16:00:05,795] {dag.py:2914} INFO - Setting next_dagrun for example_branch_labels to 2021-10-20 00:00:00+00:00
[2021-10-21 16:00:05,835] {processor.py:171} INFO - Processing /home/airflow/.local/lib/python3.6/site-packages/airflow/example_dags/example_branch_labels.py took 0.191 seconds
[2021-10-21 16:00:39,143] {processor.py:163} INFO - Started process (PID=903) to work on /home/airflow/.local/lib/python3.6/site-packages/airflow/example_dags/example_branch_labels.py
[2021-10-21 16:00:39,149] {processor.py:620} INFO - Processing file /home/airflow/.local/lib/python3.6/site-packages/airflow/example_dags/example_branch_labels.py for tasks to queue
[2021-10-21 16:00:39,157] {logging_mixin.py:109} INFO - [2021-10-21 16:00:39,156] {dagbag.py:500} INFO - Filling up the DagBag from /home/airflow/.local/lib/python3.6/site-packages/airflow/example_dags/example_branch_labels.py
[2021-10-21 16:00:39,281] {processor.py:632} INFO - DAG(s) dict_keys(['example_branch_labels']) retrieved from /home/airflow/.local/lib/python3.6/site-packages/airflow/example_dags/example_branch_labels.py
[2021-10-21 16:00:39,319] {logging_mixin.py:109} INFO - [2021-10-21 16:00:39,319] {dag.py:2389} INFO - Sync 1 DAGs
[2021-10-21 16:00:39,429] {logging_mixin.py:109} INFO - [2021-10-21 16:00:39,428] {dag.py:2914} INFO - Setting next_dagrun for example_branch_labels to 2021-10-20 00:00:00+00:00
[2021-10-21 16:00:39,479] {processor.py:171} INFO - Processing /home/airflow/.local/lib/python3.6/site-packages/airflow/example_dags/example_branch_labels.py took 0.378 seconds
[2021-10-21 16:01:09,648] {processor.py:163} INFO - Started process (PID=956) to work on /home/airflow/.local/lib/python3.6/site-packages/airflow/example_dags/example_branch_labels.py
[2021-10-21 16:01:09,655] {processor.py:620} INFO - Processing file /home/airflow/.local/lib/python3.6/site-packages/airflow/example_dags/example_branch_labels.py for tasks to queue
[2021-10-21 16:01:09,659] {logging_mixin.py:109} INFO - [2021-10-21 16:01:09,658] {dagbag.py:500} INFO - Filling up the DagBag from /home/airflow/.local/lib/python3.6/site-packages/airflow/example_dags/example_branch_labels.py
[2021-10-21 16:01:09,768] {processor.py:632} INFO - DAG(s) dict_keys(['example_branch_labels']) retrieved from /home/airflow/.local/lib/python3.6/site-packages/airflow/example_dags/example_branch_labels.py
[2021-10-21 16:01:09,805] {logging_mixin.py:109} INFO - [2021-10-21 16:01:09,805] {dag.py:2389} INFO - Sync 1 DAGs
[2021-10-21 16:01:09,885] {logging_mixin.py:109} INFO - [2021-10-21 16:01:09,885] {dag.py:2914} INFO - Setting next_dagrun for example_branch_labels to 2021-10-20 00:00:00+00:00
[2021-10-21 16:01:09,904] {processor.py:171} INFO - Processing /home/airflow/.local/lib/python3.6/site-packages/airflow/example_dags/example_branch_labels.py took 0.276 seconds
[2021-10-21 16:01:40,362] {processor.py:163} INFO - Started process (PID=1013) to work on /home/airflow/.local/lib/python3.6/site-packages/airflow/example_dags/example_branch_labels.py
[2021-10-21 16:01:40,373] {processor.py:620} INFO - Processing file /home/airflow/.local/lib/python3.6/site-packages/airflow/example_dags/example_branch_labels.py for tasks to queue
[2021-10-21 16:01:40,378] {logging_mixin.py:109} INFO - [2021-10-21 16:01:40,378] {dagbag.py:500} INFO - Filling up the DagBag from /home/airflow/.local/lib/python3.6/site-packages/airflow/example_dags/example_branch_labels.py
[2021-10-21 16:01:40,575] {processor.py:632} INFO - DAG(s) dict_keys(['example_branch_labels']) retrieved from /home/airflow/.local/lib/python3.6/site-packages/airflow/example_dags/example_branch_labels.py
[2021-10-21 16:01:40,624] {logging_mixin.py:109} INFO - [2021-10-21 16:01:40,624] {dag.py:2389} INFO - Sync 1 DAGs
[2021-10-21 16:01:40,779] {logging_mixin.py:109} INFO - [2021-10-21 16:01:40,779] {dag.py:2914} INFO - Setting next_dagrun for example_branch_labels to 2021-10-20 00:00:00+00:00
[2021-10-21 16:01:40,829] {processor.py:171} INFO - Processing /home/airflow/.local/lib/python3.6/site-packages/airflow/example_dags/example_branch_labels.py took 0.479 seconds
[2021-10-21 16:02:15,128] {processor.py:163} INFO - Started process (PID=1066) to work on /home/airflow/.local/lib/python3.6/site-packages/airflow/example_dags/example_branch_labels.py
[2021-10-21 16:02:15,134] {processor.py:620} INFO - Processing file /home/airflow/.local/lib/python3.6/site-packages/airflow/example_dags/example_branch_labels.py for tasks to queue
[2021-10-21 16:02:15,136] {logging_mixin.py:109} INFO - [2021-10-21 16:02:15,135] {dagbag.py:500} INFO - Filling up the DagBag from /home/airflow/.local/lib/python3.6/site-packages/airflow/example_dags/example_branch_labels.py
[2021-10-21 16:02:15,185] {processor.py:632} INFO - DAG(s) dict_keys(['example_branch_labels']) retrieved from /home/airflow/.local/lib/python3.6/site-packages/airflow/example_dags/example_branch_labels.py
[2021-10-21 16:02:15,204] {logging_mixin.py:109} INFO - [2021-10-21 16:02:15,204] {dag.py:2389} INFO - Sync 1 DAGs
[2021-10-21 16:02:15,235] {logging_mixin.py:109} INFO - [2021-10-21 16:02:15,235] {dag.py:2914} INFO - Setting next_dagrun for example_branch_labels to 2021-10-20 00:00:00+00:00
[2021-10-21 16:02:15,254] {processor.py:171} INFO - Processing /home/airflow/.local/lib/python3.6/site-packages/airflow/example_dags/example_branch_labels.py took 0.135 seconds
[2021-10-21 16:02:46,024] {processor.py:163} INFO - Started process (PID=1119) to work on /home/airflow/.local/lib/python3.6/site-packages/airflow/example_dags/example_branch_labels.py
[2021-10-21 16:02:46,032] {processor.py:620} INFO - Processing file /home/airflow/.local/lib/python3.6/site-packages/airflow/example_dags/example_branch_labels.py for tasks to queue
[2021-10-21 16:02:46,039] {logging_mixin.py:109} INFO - [2021-10-21 16:02:46,039] {dagbag.py:500} INFO - Filling up the DagBag from /home/airflow/.local/lib/python3.6/site-packages/airflow/example_dags/example_branch_labels.py
[2021-10-21 16:02:46,273] {processor.py:632} INFO - DAG(s) dict_keys(['example_branch_labels']) retrieved from /home/airflow/.local/lib/python3.6/site-packages/airflow/example_dags/example_branch_labels.py
[2021-10-21 16:02:46,407] {logging_mixin.py:109} INFO - [2021-10-21 16:02:46,407] {dag.py:2389} INFO - Sync 1 DAGs
[2021-10-21 16:02:46,515] {logging_mixin.py:109} INFO - [2021-10-21 16:02:46,513] {dag.py:2914} INFO - Setting next_dagrun for example_branch_labels to 2021-10-20 00:00:00+00:00
[2021-10-21 16:02:46,540] {processor.py:171} INFO - Processing /home/airflow/.local/lib/python3.6/site-packages/airflow/example_dags/example_branch_labels.py took 0.544 seconds
[2021-10-21 16:03:17,358] {processor.py:163} INFO - Started process (PID=1174) to work on /home/airflow/.local/lib/python3.6/site-packages/airflow/example_dags/example_branch_labels.py
[2021-10-21 16:03:17,360] {processor.py:620} INFO - Processing file /home/airflow/.local/lib/python3.6/site-packages/airflow/example_dags/example_branch_labels.py for tasks to queue
[2021-10-21 16:03:17,366] {logging_mixin.py:109} INFO - [2021-10-21 16:03:17,366] {dagbag.py:500} INFO - Filling up the DagBag from /home/airflow/.local/lib/python3.6/site-packages/airflow/example_dags/example_branch_labels.py
[2021-10-21 16:03:17,422] {processor.py:632} INFO - DAG(s) dict_keys(['example_branch_labels']) retrieved from /home/airflow/.local/lib/python3.6/site-packages/airflow/example_dags/example_branch_labels.py
[2021-10-21 16:03:17,437] {logging_mixin.py:109} INFO - [2021-10-21 16:03:17,437] {dag.py:2389} INFO - Sync 1 DAGs
[2021-10-21 16:03:17,467] {logging_mixin.py:109} INFO - [2021-10-21 16:03:17,466] {dag.py:2914} INFO - Setting next_dagrun for example_branch_labels to 2021-10-20 00:00:00+00:00
[2021-10-21 16:03:17,480] {processor.py:171} INFO - Processing /home/airflow/.local/lib/python3.6/site-packages/airflow/example_dags/example_branch_labels.py took 0.145 seconds
[2021-10-21 16:03:47,847] {processor.py:163} INFO - Started process (PID=1233) to work on /home/airflow/.local/lib/python3.6/site-packages/airflow/example_dags/example_branch_labels.py
[2021-10-21 16:03:47,849] {processor.py:620} INFO - Processing file /home/airflow/.local/lib/python3.6/site-packages/airflow/example_dags/example_branch_labels.py for tasks to queue
[2021-10-21 16:03:47,850] {logging_mixin.py:109} INFO - [2021-10-21 16:03:47,850] {dagbag.py:500} INFO - Filling up the DagBag from /home/airflow/.local/lib/python3.6/site-packages/airflow/example_dags/example_branch_labels.py
[2021-10-21 16:03:47,883] {processor.py:632} INFO - DAG(s) dict_keys(['example_branch_labels']) retrieved from /home/airflow/.local/lib/python3.6/site-packages/airflow/example_dags/example_branch_labels.py
[2021-10-21 16:03:47,897] {logging_mixin.py:109} INFO - [2021-10-21 16:03:47,897] {dag.py:2389} INFO - Sync 1 DAGs
[2021-10-21 16:03:47,927] {logging_mixin.py:109} INFO - [2021-10-21 16:03:47,927] {dag.py:2914} INFO - Setting next_dagrun for example_branch_labels to 2021-10-20 00:00:00+00:00
[2021-10-21 16:03:47,938] {processor.py:171} INFO - Processing /home/airflow/.local/lib/python3.6/site-packages/airflow/example_dags/example_branch_labels.py took 0.095 seconds
[2021-10-21 16:04:18,041] {processor.py:163} INFO - Started process (PID=1287) to work on /home/airflow/.local/lib/python3.6/site-packages/airflow/example_dags/example_branch_labels.py
[2021-10-21 16:04:18,044] {processor.py:620} INFO - Processing file /home/airflow/.local/lib/python3.6/site-packages/airflow/example_dags/example_branch_labels.py for tasks to queue
[2021-10-21 16:04:18,056] {logging_mixin.py:109} INFO - [2021-10-21 16:04:18,056] {dagbag.py:500} INFO - Filling up the DagBag from /home/airflow/.local/lib/python3.6/site-packages/airflow/example_dags/example_branch_labels.py
[2021-10-21 16:04:18,150] {processor.py:632} INFO - DAG(s) dict_keys(['example_branch_labels']) retrieved from /home/airflow/.local/lib/python3.6/site-packages/airflow/example_dags/example_branch_labels.py
[2021-10-21 16:04:18,179] {logging_mixin.py:109} INFO - [2021-10-21 16:04:18,179] {dag.py:2389} INFO - Sync 1 DAGs
[2021-10-21 16:04:18,205] {logging_mixin.py:109} INFO - [2021-10-21 16:04:18,205] {dag.py:2914} INFO - Setting next_dagrun for example_branch_labels to 2021-10-20 00:00:00+00:00
[2021-10-21 16:04:18,233] {processor.py:171} INFO - Processing /home/airflow/.local/lib/python3.6/site-packages/airflow/example_dags/example_branch_labels.py took 0.210 seconds
[2021-10-21 16:04:48,804] {processor.py:163} INFO - Started process (PID=1341) to work on /home/airflow/.local/lib/python3.6/site-packages/airflow/example_dags/example_branch_labels.py
[2021-10-21 16:04:48,807] {processor.py:620} INFO - Processing file /home/airflow/.local/lib/python3.6/site-packages/airflow/example_dags/example_branch_labels.py for tasks to queue
[2021-10-21 16:04:48,819] {logging_mixin.py:109} INFO - [2021-10-21 16:04:48,819] {dagbag.py:500} INFO - Filling up the DagBag from /home/airflow/.local/lib/python3.6/site-packages/airflow/example_dags/example_branch_labels.py
[2021-10-21 16:04:48,926] {processor.py:632} INFO - DAG(s) dict_keys(['example_branch_labels']) retrieved from /home/airflow/.local/lib/python3.6/site-packages/airflow/example_dags/example_branch_labels.py
[2021-10-21 16:04:48,964] {logging_mixin.py:109} INFO - [2021-10-21 16:04:48,964] {dag.py:2389} INFO - Sync 1 DAGs
[2021-10-21 16:04:48,995] {logging_mixin.py:109} INFO - [2021-10-21 16:04:48,995] {dag.py:2914} INFO - Setting next_dagrun for example_branch_labels to 2021-10-20 00:00:00+00:00
[2021-10-21 16:04:49,014] {processor.py:171} INFO - Processing /home/airflow/.local/lib/python3.6/site-packages/airflow/example_dags/example_branch_labels.py took 0.213 seconds
[2021-10-21 16:05:21,042] {processor.py:163} INFO - Started process (PID=1406) to work on /home/airflow/.local/lib/python3.6/site-packages/airflow/example_dags/example_branch_labels.py
[2021-10-21 16:05:21,044] {processor.py:620} INFO - Processing file /home/airflow/.local/lib/python3.6/site-packages/airflow/example_dags/example_branch_labels.py for tasks to queue
[2021-10-21 16:05:21,045] {logging_mixin.py:109} INFO - [2021-10-21 16:05:21,045] {dagbag.py:500} INFO - Filling up the DagBag from /home/airflow/.local/lib/python3.6/site-packages/airflow/example_dags/example_branch_labels.py
[2021-10-21 16:05:21,126] {processor.py:632} INFO - DAG(s) dict_keys(['example_branch_labels']) retrieved from /home/airflow/.local/lib/python3.6/site-packages/airflow/example_dags/example_branch_labels.py
[2021-10-21 16:05:21,143] {logging_mixin.py:109} INFO - [2021-10-21 16:05:21,143] {dag.py:2389} INFO - Sync 1 DAGs
[2021-10-21 16:05:21,164] {logging_mixin.py:109} INFO - [2021-10-21 16:05:21,164] {dag.py:2914} INFO - Setting next_dagrun for example_branch_labels to 2021-10-20 00:00:00+00:00
[2021-10-21 16:05:21,183] {processor.py:171} INFO - Processing /home/airflow/.local/lib/python3.6/site-packages/airflow/example_dags/example_branch_labels.py took 0.161 seconds
[2021-10-21 16:05:51,559] {processor.py:163} INFO - Started process (PID=1461) to work on /home/airflow/.local/lib/python3.6/site-packages/airflow/example_dags/example_branch_labels.py
[2021-10-21 16:05:51,561] {processor.py:620} INFO - Processing file /home/airflow/.local/lib/python3.6/site-packages/airflow/example_dags/example_branch_labels.py for tasks to queue
[2021-10-21 16:05:51,562] {logging_mixin.py:109} INFO - [2021-10-21 16:05:51,562] {dagbag.py:500} INFO - Filling up the DagBag from /home/airflow/.local/lib/python3.6/site-packages/airflow/example_dags/example_branch_labels.py
[2021-10-21 16:05:51,604] {processor.py:632} INFO - DAG(s) dict_keys(['example_branch_labels']) retrieved from /home/airflow/.local/lib/python3.6/site-packages/airflow/example_dags/example_branch_labels.py
[2021-10-21 16:05:51,621] {logging_mixin.py:109} INFO - [2021-10-21 16:05:51,621] {dag.py:2389} INFO - Sync 1 DAGs
[2021-10-21 16:05:51,642] {logging_mixin.py:109} INFO - [2021-10-21 16:05:51,642] {dag.py:2914} INFO - Setting next_dagrun for example_branch_labels to 2021-10-20 00:00:00+00:00
[2021-10-21 16:05:51,653] {processor.py:171} INFO - Processing /home/airflow/.local/lib/python3.6/site-packages/airflow/example_dags/example_branch_labels.py took 0.099 seconds
[2021-10-21 16:06:22,123] {processor.py:163} INFO - Started process (PID=1515) to work on /home/airflow/.local/lib/python3.6/site-packages/airflow/example_dags/example_branch_labels.py
[2021-10-21 16:06:22,125] {processor.py:620} INFO - Processing file /home/airflow/.local/lib/python3.6/site-packages/airflow/example_dags/example_branch_labels.py for tasks to queue
[2021-10-21 16:06:22,128] {logging_mixin.py:109} INFO - [2021-10-21 16:06:22,128] {dagbag.py:500} INFO - Filling up the DagBag from /home/airflow/.local/lib/python3.6/site-packages/airflow/example_dags/example_branch_labels.py
[2021-10-21 16:06:22,176] {processor.py:632} INFO - DAG(s) dict_keys(['example_branch_labels']) retrieved from /home/airflow/.local/lib/python3.6/site-packages/airflow/example_dags/example_branch_labels.py
[2021-10-21 16:06:22,217] {logging_mixin.py:109} INFO - [2021-10-21 16:06:22,217] {dag.py:2389} INFO - Sync 1 DAGs
[2021-10-21 16:06:22,267] {logging_mixin.py:109} INFO - [2021-10-21 16:06:22,267] {dag.py:2914} INFO - Setting next_dagrun for example_branch_labels to 2021-10-20 00:00:00+00:00
[2021-10-21 16:06:22,303] {processor.py:171} INFO - Processing /home/airflow/.local/lib/python3.6/site-packages/airflow/example_dags/example_branch_labels.py took 0.184 seconds
[2021-10-21 16:06:53,028] {processor.py:163} INFO - Started process (PID=1583) to work on /home/airflow/.local/lib/python3.6/site-packages/airflow/example_dags/example_branch_labels.py
[2021-10-21 16:06:53,038] {processor.py:620} INFO - Processing file /home/airflow/.local/lib/python3.6/site-packages/airflow/example_dags/example_branch_labels.py for tasks to queue
[2021-10-21 16:06:53,040] {logging_mixin.py:109} INFO - [2021-10-21 16:06:53,039] {dagbag.py:500} INFO - Filling up the DagBag from /home/airflow/.local/lib/python3.6/site-packages/airflow/example_dags/example_branch_labels.py
[2021-10-21 16:06:53,118] {processor.py:632} INFO - DAG(s) dict_keys(['example_branch_labels']) retrieved from /home/airflow/.local/lib/python3.6/site-packages/airflow/example_dags/example_branch_labels.py
[2021-10-21 16:06:53,173] {logging_mixin.py:109} INFO - [2021-10-21 16:06:53,172] {dag.py:2389} INFO - Sync 1 DAGs
[2021-10-21 16:06:53,235] {logging_mixin.py:109} INFO - [2021-10-21 16:06:53,234] {dag.py:2914} INFO - Setting next_dagrun for example_branch_labels to 2021-10-20 00:00:00+00:00
[2021-10-21 16:06:53,257] {processor.py:171} INFO - Processing /home/airflow/.local/lib/python3.6/site-packages/airflow/example_dags/example_branch_labels.py took 0.237 seconds
