[2021-10-21 15:53:11,055] {processor.py:163} INFO - Started process (PID=62) to work on /home/airflow/.local/lib/python3.6/site-packages/airflow/example_dags/example_dag_decorator.py
[2021-10-21 15:53:11,067] {processor.py:620} INFO - Processing file /home/airflow/.local/lib/python3.6/site-packages/airflow/example_dags/example_dag_decorator.py for tasks to queue
[2021-10-21 15:53:11,070] {logging_mixin.py:109} INFO - [2021-10-21 15:53:11,070] {dagbag.py:500} INFO - Filling up the DagBag from /home/airflow/.local/lib/python3.6/site-packages/airflow/example_dags/example_dag_decorator.py
[2021-10-21 15:53:11,276] {processor.py:632} INFO - DAG(s) dict_keys(['example_dag_decorator']) retrieved from /home/airflow/.local/lib/python3.6/site-packages/airflow/example_dags/example_dag_decorator.py
[2021-10-21 15:53:13,243] {logging_mixin.py:109} INFO - [2021-10-21 15:53:13,243] {dag.py:2389} INFO - Sync 1 DAGs
[2021-10-21 15:53:13,334] {logging_mixin.py:109} INFO - [2021-10-21 15:53:13,333] {dag.py:2914} INFO - Setting next_dagrun for example_dag_decorator to None
[2021-10-21 15:53:13,384] {processor.py:171} INFO - Processing /home/airflow/.local/lib/python3.6/site-packages/airflow/example_dags/example_dag_decorator.py took 2.341 seconds
[2021-10-21 15:53:43,905] {processor.py:163} INFO - Started process (PID=116) to work on /home/airflow/.local/lib/python3.6/site-packages/airflow/example_dags/example_dag_decorator.py
[2021-10-21 15:53:43,910] {processor.py:620} INFO - Processing file /home/airflow/.local/lib/python3.6/site-packages/airflow/example_dags/example_dag_decorator.py for tasks to queue
[2021-10-21 15:53:43,914] {logging_mixin.py:109} INFO - [2021-10-21 15:53:43,913] {dagbag.py:500} INFO - Filling up the DagBag from /home/airflow/.local/lib/python3.6/site-packages/airflow/example_dags/example_dag_decorator.py
[2021-10-21 15:53:43,990] {processor.py:632} INFO - DAG(s) dict_keys(['example_dag_decorator']) retrieved from /home/airflow/.local/lib/python3.6/site-packages/airflow/example_dags/example_dag_decorator.py
[2021-10-21 15:53:44,434] {logging_mixin.py:109} INFO - [2021-10-21 15:53:44,434] {dag.py:2389} INFO - Sync 1 DAGs
[2021-10-21 15:53:44,470] {logging_mixin.py:109} INFO - [2021-10-21 15:53:44,469] {dag.py:2914} INFO - Setting next_dagrun for example_dag_decorator to None
[2021-10-21 15:53:44,482] {processor.py:171} INFO - Processing /home/airflow/.local/lib/python3.6/site-packages/airflow/example_dags/example_dag_decorator.py took 0.585 seconds
[2021-10-21 15:54:14,646] {processor.py:163} INFO - Started process (PID=169) to work on /home/airflow/.local/lib/python3.6/site-packages/airflow/example_dags/example_dag_decorator.py
[2021-10-21 15:54:14,649] {processor.py:620} INFO - Processing file /home/airflow/.local/lib/python3.6/site-packages/airflow/example_dags/example_dag_decorator.py for tasks to queue
[2021-10-21 15:54:14,656] {logging_mixin.py:109} INFO - [2021-10-21 15:54:14,656] {dagbag.py:500} INFO - Filling up the DagBag from /home/airflow/.local/lib/python3.6/site-packages/airflow/example_dags/example_dag_decorator.py
[2021-10-21 15:54:14,760] {processor.py:632} INFO - DAG(s) dict_keys(['example_dag_decorator']) retrieved from /home/airflow/.local/lib/python3.6/site-packages/airflow/example_dags/example_dag_decorator.py
[2021-10-21 15:54:15,472] {logging_mixin.py:109} INFO - [2021-10-21 15:54:15,472] {dag.py:2389} INFO - Sync 1 DAGs
[2021-10-21 15:54:15,532] {logging_mixin.py:109} INFO - [2021-10-21 15:54:15,532] {dag.py:2914} INFO - Setting next_dagrun for example_dag_decorator to None
[2021-10-21 15:54:15,559] {processor.py:171} INFO - Processing /home/airflow/.local/lib/python3.6/site-packages/airflow/example_dags/example_dag_decorator.py took 0.917 seconds
[2021-10-21 15:54:45,953] {processor.py:163} INFO - Started process (PID=224) to work on /home/airflow/.local/lib/python3.6/site-packages/airflow/example_dags/example_dag_decorator.py
[2021-10-21 15:54:45,956] {processor.py:620} INFO - Processing file /home/airflow/.local/lib/python3.6/site-packages/airflow/example_dags/example_dag_decorator.py for tasks to queue
[2021-10-21 15:54:45,959] {logging_mixin.py:109} INFO - [2021-10-21 15:54:45,958] {dagbag.py:500} INFO - Filling up the DagBag from /home/airflow/.local/lib/python3.6/site-packages/airflow/example_dags/example_dag_decorator.py
[2021-10-21 15:54:46,008] {processor.py:632} INFO - DAG(s) dict_keys(['example_dag_decorator']) retrieved from /home/airflow/.local/lib/python3.6/site-packages/airflow/example_dags/example_dag_decorator.py
[2021-10-21 15:54:46,354] {logging_mixin.py:109} INFO - [2021-10-21 15:54:46,354] {dag.py:2389} INFO - Sync 1 DAGs
[2021-10-21 15:54:46,378] {logging_mixin.py:109} INFO - [2021-10-21 15:54:46,378] {dag.py:2914} INFO - Setting next_dagrun for example_dag_decorator to None
[2021-10-21 15:54:46,393] {processor.py:171} INFO - Processing /home/airflow/.local/lib/python3.6/site-packages/airflow/example_dags/example_dag_decorator.py took 0.447 seconds
[2021-10-21 15:55:17,211] {processor.py:163} INFO - Started process (PID=288) to work on /home/airflow/.local/lib/python3.6/site-packages/airflow/example_dags/example_dag_decorator.py
[2021-10-21 15:55:17,214] {processor.py:620} INFO - Processing file /home/airflow/.local/lib/python3.6/site-packages/airflow/example_dags/example_dag_decorator.py for tasks to queue
[2021-10-21 15:55:17,216] {logging_mixin.py:109} INFO - [2021-10-21 15:55:17,216] {dagbag.py:500} INFO - Filling up the DagBag from /home/airflow/.local/lib/python3.6/site-packages/airflow/example_dags/example_dag_decorator.py
[2021-10-21 15:55:17,350] {processor.py:632} INFO - DAG(s) dict_keys(['example_dag_decorator']) retrieved from /home/airflow/.local/lib/python3.6/site-packages/airflow/example_dags/example_dag_decorator.py
[2021-10-21 15:55:17,399] {logging_mixin.py:109} INFO - [2021-10-21 15:55:17,399] {dag.py:2389} INFO - Sync 1 DAGs
[2021-10-21 15:55:17,440] {logging_mixin.py:109} INFO - [2021-10-21 15:55:17,440] {dag.py:2914} INFO - Setting next_dagrun for example_dag_decorator to None
[2021-10-21 15:55:17,459] {processor.py:171} INFO - Processing /home/airflow/.local/lib/python3.6/site-packages/airflow/example_dags/example_dag_decorator.py took 0.260 seconds
[2021-10-21 15:55:48,160] {processor.py:163} INFO - Started process (PID=342) to work on /home/airflow/.local/lib/python3.6/site-packages/airflow/example_dags/example_dag_decorator.py
[2021-10-21 15:55:48,219] {processor.py:620} INFO - Processing file /home/airflow/.local/lib/python3.6/site-packages/airflow/example_dags/example_dag_decorator.py for tasks to queue
[2021-10-21 15:55:48,237] {logging_mixin.py:109} INFO - [2021-10-21 15:55:48,236] {dagbag.py:500} INFO - Filling up the DagBag from /home/airflow/.local/lib/python3.6/site-packages/airflow/example_dags/example_dag_decorator.py
[2021-10-21 15:55:48,768] {processor.py:632} INFO - DAG(s) dict_keys(['example_dag_decorator']) retrieved from /home/airflow/.local/lib/python3.6/site-packages/airflow/example_dags/example_dag_decorator.py
[2021-10-21 15:55:49,057] {logging_mixin.py:109} INFO - [2021-10-21 15:55:49,056] {dag.py:2389} INFO - Sync 1 DAGs
[2021-10-21 15:55:49,072] {logging_mixin.py:109} INFO - [2021-10-21 15:55:49,072] {dag.py:2914} INFO - Setting next_dagrun for example_dag_decorator to None
[2021-10-21 15:55:49,084] {processor.py:171} INFO - Processing /home/airflow/.local/lib/python3.6/site-packages/airflow/example_dags/example_dag_decorator.py took 1.073 seconds
[2021-10-21 15:56:19,520] {processor.py:163} INFO - Started process (PID=399) to work on /home/airflow/.local/lib/python3.6/site-packages/airflow/example_dags/example_dag_decorator.py
[2021-10-21 15:56:19,534] {processor.py:620} INFO - Processing file /home/airflow/.local/lib/python3.6/site-packages/airflow/example_dags/example_dag_decorator.py for tasks to queue
[2021-10-21 15:56:19,547] {logging_mixin.py:109} INFO - [2021-10-21 15:56:19,546] {dagbag.py:500} INFO - Filling up the DagBag from /home/airflow/.local/lib/python3.6/site-packages/airflow/example_dags/example_dag_decorator.py
[2021-10-21 15:56:19,991] {processor.py:632} INFO - DAG(s) dict_keys(['example_dag_decorator']) retrieved from /home/airflow/.local/lib/python3.6/site-packages/airflow/example_dags/example_dag_decorator.py
[2021-10-21 15:56:21,044] {logging_mixin.py:109} INFO - [2021-10-21 15:56:21,044] {dag.py:2389} INFO - Sync 1 DAGs
[2021-10-21 15:56:21,083] {logging_mixin.py:109} INFO - [2021-10-21 15:56:21,083] {dag.py:2914} INFO - Setting next_dagrun for example_dag_decorator to None
[2021-10-21 15:56:21,118] {processor.py:171} INFO - Processing /home/airflow/.local/lib/python3.6/site-packages/airflow/example_dags/example_dag_decorator.py took 1.703 seconds
[2021-10-21 15:56:51,198] {processor.py:163} INFO - Started process (PID=466) to work on /home/airflow/.local/lib/python3.6/site-packages/airflow/example_dags/example_dag_decorator.py
[2021-10-21 15:56:51,208] {processor.py:620} INFO - Processing file /home/airflow/.local/lib/python3.6/site-packages/airflow/example_dags/example_dag_decorator.py for tasks to queue
[2021-10-21 15:56:51,212] {logging_mixin.py:109} INFO - [2021-10-21 15:56:51,211] {dagbag.py:500} INFO - Filling up the DagBag from /home/airflow/.local/lib/python3.6/site-packages/airflow/example_dags/example_dag_decorator.py
[2021-10-21 15:56:51,297] {processor.py:632} INFO - DAG(s) dict_keys(['example_dag_decorator']) retrieved from /home/airflow/.local/lib/python3.6/site-packages/airflow/example_dags/example_dag_decorator.py
[2021-10-21 15:56:51,324] {logging_mixin.py:109} INFO - [2021-10-21 15:56:51,324] {dag.py:2389} INFO - Sync 1 DAGs
[2021-10-21 15:56:51,350] {logging_mixin.py:109} INFO - [2021-10-21 15:56:51,349] {dag.py:2914} INFO - Setting next_dagrun for example_dag_decorator to None
[2021-10-21 15:56:51,375] {processor.py:171} INFO - Processing /home/airflow/.local/lib/python3.6/site-packages/airflow/example_dags/example_dag_decorator.py took 0.186 seconds
[2021-10-21 15:57:22,321] {processor.py:163} INFO - Started process (PID=521) to work on /home/airflow/.local/lib/python3.6/site-packages/airflow/example_dags/example_dag_decorator.py
[2021-10-21 15:57:22,328] {processor.py:620} INFO - Processing file /home/airflow/.local/lib/python3.6/site-packages/airflow/example_dags/example_dag_decorator.py for tasks to queue
[2021-10-21 15:57:22,333] {logging_mixin.py:109} INFO - [2021-10-21 15:57:22,333] {dagbag.py:500} INFO - Filling up the DagBag from /home/airflow/.local/lib/python3.6/site-packages/airflow/example_dags/example_dag_decorator.py
[2021-10-21 15:57:22,409] {processor.py:632} INFO - DAG(s) dict_keys(['example_dag_decorator']) retrieved from /home/airflow/.local/lib/python3.6/site-packages/airflow/example_dags/example_dag_decorator.py
[2021-10-21 15:57:22,775] {logging_mixin.py:109} INFO - [2021-10-21 15:57:22,775] {dag.py:2389} INFO - Sync 1 DAGs
[2021-10-21 15:57:22,844] {logging_mixin.py:109} INFO - [2021-10-21 15:57:22,844] {dag.py:2914} INFO - Setting next_dagrun for example_dag_decorator to None
[2021-10-21 15:57:22,899] {processor.py:171} INFO - Processing /home/airflow/.local/lib/python3.6/site-packages/airflow/example_dags/example_dag_decorator.py took 0.585 seconds
[2021-10-21 15:57:53,182] {processor.py:163} INFO - Started process (PID=579) to work on /home/airflow/.local/lib/python3.6/site-packages/airflow/example_dags/example_dag_decorator.py
[2021-10-21 15:57:53,187] {processor.py:620} INFO - Processing file /home/airflow/.local/lib/python3.6/site-packages/airflow/example_dags/example_dag_decorator.py for tasks to queue
[2021-10-21 15:57:53,193] {logging_mixin.py:109} INFO - [2021-10-21 15:57:53,192] {dagbag.py:500} INFO - Filling up the DagBag from /home/airflow/.local/lib/python3.6/site-packages/airflow/example_dags/example_dag_decorator.py
[2021-10-21 15:57:53,285] {processor.py:632} INFO - DAG(s) dict_keys(['example_dag_decorator']) retrieved from /home/airflow/.local/lib/python3.6/site-packages/airflow/example_dags/example_dag_decorator.py
[2021-10-21 15:57:53,740] {logging_mixin.py:109} INFO - [2021-10-21 15:57:53,740] {dag.py:2389} INFO - Sync 1 DAGs
[2021-10-21 15:57:53,759] {logging_mixin.py:109} INFO - [2021-10-21 15:57:53,759] {dag.py:2914} INFO - Setting next_dagrun for example_dag_decorator to None
[2021-10-21 15:57:53,781] {processor.py:171} INFO - Processing /home/airflow/.local/lib/python3.6/site-packages/airflow/example_dags/example_dag_decorator.py took 0.617 seconds
[2021-10-21 15:58:24,260] {processor.py:163} INFO - Started process (PID=635) to work on /home/airflow/.local/lib/python3.6/site-packages/airflow/example_dags/example_dag_decorator.py
[2021-10-21 15:58:24,262] {processor.py:620} INFO - Processing file /home/airflow/.local/lib/python3.6/site-packages/airflow/example_dags/example_dag_decorator.py for tasks to queue
[2021-10-21 15:58:24,264] {logging_mixin.py:109} INFO - [2021-10-21 15:58:24,264] {dagbag.py:500} INFO - Filling up the DagBag from /home/airflow/.local/lib/python3.6/site-packages/airflow/example_dags/example_dag_decorator.py
[2021-10-21 15:58:24,309] {processor.py:632} INFO - DAG(s) dict_keys(['example_dag_decorator']) retrieved from /home/airflow/.local/lib/python3.6/site-packages/airflow/example_dags/example_dag_decorator.py
[2021-10-21 15:58:24,517] {logging_mixin.py:109} INFO - [2021-10-21 15:58:24,517] {dag.py:2389} INFO - Sync 1 DAGs
[2021-10-21 15:58:24,537] {logging_mixin.py:109} INFO - [2021-10-21 15:58:24,537] {dag.py:2914} INFO - Setting next_dagrun for example_dag_decorator to None
[2021-10-21 15:58:24,564] {processor.py:171} INFO - Processing /home/airflow/.local/lib/python3.6/site-packages/airflow/example_dags/example_dag_decorator.py took 0.310 seconds
[2021-10-21 15:58:55,034] {processor.py:163} INFO - Started process (PID=699) to work on /home/airflow/.local/lib/python3.6/site-packages/airflow/example_dags/example_dag_decorator.py
[2021-10-21 15:58:55,044] {processor.py:620} INFO - Processing file /home/airflow/.local/lib/python3.6/site-packages/airflow/example_dags/example_dag_decorator.py for tasks to queue
[2021-10-21 15:58:55,050] {logging_mixin.py:109} INFO - [2021-10-21 15:58:55,050] {dagbag.py:500} INFO - Filling up the DagBag from /home/airflow/.local/lib/python3.6/site-packages/airflow/example_dags/example_dag_decorator.py
[2021-10-21 15:58:55,202] {processor.py:632} INFO - DAG(s) dict_keys(['example_dag_decorator']) retrieved from /home/airflow/.local/lib/python3.6/site-packages/airflow/example_dags/example_dag_decorator.py
[2021-10-21 15:58:55,888] {logging_mixin.py:109} INFO - [2021-10-21 15:58:55,888] {dag.py:2389} INFO - Sync 1 DAGs
[2021-10-21 15:58:55,926] {logging_mixin.py:109} INFO - [2021-10-21 15:58:55,926] {dag.py:2914} INFO - Setting next_dagrun for example_dag_decorator to None
[2021-10-21 15:58:55,951] {processor.py:171} INFO - Processing /home/airflow/.local/lib/python3.6/site-packages/airflow/example_dags/example_dag_decorator.py took 0.919 seconds
[2021-10-21 15:59:26,116] {processor.py:163} INFO - Started process (PID=757) to work on /home/airflow/.local/lib/python3.6/site-packages/airflow/example_dags/example_dag_decorator.py
[2021-10-21 15:59:26,118] {processor.py:620} INFO - Processing file /home/airflow/.local/lib/python3.6/site-packages/airflow/example_dags/example_dag_decorator.py for tasks to queue
[2021-10-21 15:59:26,120] {logging_mixin.py:109} INFO - [2021-10-21 15:59:26,120] {dagbag.py:500} INFO - Filling up the DagBag from /home/airflow/.local/lib/python3.6/site-packages/airflow/example_dags/example_dag_decorator.py
[2021-10-21 15:59:26,183] {processor.py:632} INFO - DAG(s) dict_keys(['example_dag_decorator']) retrieved from /home/airflow/.local/lib/python3.6/site-packages/airflow/example_dags/example_dag_decorator.py
[2021-10-21 15:59:26,431] {logging_mixin.py:109} INFO - [2021-10-21 15:59:26,431] {dag.py:2389} INFO - Sync 1 DAGs
[2021-10-21 15:59:26,448] {logging_mixin.py:109} INFO - [2021-10-21 15:59:26,448] {dag.py:2914} INFO - Setting next_dagrun for example_dag_decorator to None
[2021-10-21 15:59:26,465] {processor.py:171} INFO - Processing /home/airflow/.local/lib/python3.6/site-packages/airflow/example_dags/example_dag_decorator.py took 0.355 seconds
[2021-10-21 15:59:56,946] {processor.py:163} INFO - Started process (PID=812) to work on /home/airflow/.local/lib/python3.6/site-packages/airflow/example_dags/example_dag_decorator.py
[2021-10-21 15:59:56,952] {processor.py:620} INFO - Processing file /home/airflow/.local/lib/python3.6/site-packages/airflow/example_dags/example_dag_decorator.py for tasks to queue
[2021-10-21 15:59:56,955] {logging_mixin.py:109} INFO - [2021-10-21 15:59:56,954] {dagbag.py:500} INFO - Filling up the DagBag from /home/airflow/.local/lib/python3.6/site-packages/airflow/example_dags/example_dag_decorator.py
[2021-10-21 15:59:57,036] {processor.py:632} INFO - DAG(s) dict_keys(['example_dag_decorator']) retrieved from /home/airflow/.local/lib/python3.6/site-packages/airflow/example_dags/example_dag_decorator.py
[2021-10-21 15:59:57,898] {logging_mixin.py:109} INFO - [2021-10-21 15:59:57,898] {dag.py:2389} INFO - Sync 1 DAGs
[2021-10-21 15:59:58,029] {logging_mixin.py:109} INFO - [2021-10-21 15:59:58,029] {dag.py:2914} INFO - Setting next_dagrun for example_dag_decorator to None
[2021-10-21 15:59:58,054] {processor.py:171} INFO - Processing /home/airflow/.local/lib/python3.6/site-packages/airflow/example_dags/example_dag_decorator.py took 1.132 seconds
[2021-10-21 16:00:28,325] {processor.py:163} INFO - Started process (PID=879) to work on /home/airflow/.local/lib/python3.6/site-packages/airflow/example_dags/example_dag_decorator.py
[2021-10-21 16:00:28,329] {processor.py:620} INFO - Processing file /home/airflow/.local/lib/python3.6/site-packages/airflow/example_dags/example_dag_decorator.py for tasks to queue
[2021-10-21 16:00:28,332] {logging_mixin.py:109} INFO - [2021-10-21 16:00:28,332] {dagbag.py:500} INFO - Filling up the DagBag from /home/airflow/.local/lib/python3.6/site-packages/airflow/example_dags/example_dag_decorator.py
[2021-10-21 16:00:28,597] {processor.py:632} INFO - DAG(s) dict_keys(['example_dag_decorator']) retrieved from /home/airflow/.local/lib/python3.6/site-packages/airflow/example_dags/example_dag_decorator.py
[2021-10-21 16:00:30,581] {logging_mixin.py:109} INFO - [2021-10-21 16:00:30,581] {dag.py:2389} INFO - Sync 1 DAGs
[2021-10-21 16:00:30,746] {logging_mixin.py:109} INFO - [2021-10-21 16:00:30,744] {dag.py:2914} INFO - Setting next_dagrun for example_dag_decorator to None
[2021-10-21 16:00:30,793] {processor.py:171} INFO - Processing /home/airflow/.local/lib/python3.6/site-packages/airflow/example_dags/example_dag_decorator.py took 2.544 seconds
[2021-10-21 16:01:01,549] {processor.py:163} INFO - Started process (PID=923) to work on /home/airflow/.local/lib/python3.6/site-packages/airflow/example_dags/example_dag_decorator.py
[2021-10-21 16:01:01,559] {processor.py:620} INFO - Processing file /home/airflow/.local/lib/python3.6/site-packages/airflow/example_dags/example_dag_decorator.py for tasks to queue
[2021-10-21 16:01:01,562] {logging_mixin.py:109} INFO - [2021-10-21 16:01:01,561] {dagbag.py:500} INFO - Filling up the DagBag from /home/airflow/.local/lib/python3.6/site-packages/airflow/example_dags/example_dag_decorator.py
[2021-10-21 16:01:01,728] {processor.py:632} INFO - DAG(s) dict_keys(['example_dag_decorator']) retrieved from /home/airflow/.local/lib/python3.6/site-packages/airflow/example_dags/example_dag_decorator.py
[2021-10-21 16:01:03,608] {logging_mixin.py:109} INFO - [2021-10-21 16:01:03,607] {dag.py:2389} INFO - Sync 1 DAGs
[2021-10-21 16:01:03,654] {logging_mixin.py:109} INFO - [2021-10-21 16:01:03,654] {dag.py:2914} INFO - Setting next_dagrun for example_dag_decorator to None
[2021-10-21 16:01:03,683] {processor.py:171} INFO - Processing /home/airflow/.local/lib/python3.6/site-packages/airflow/example_dags/example_dag_decorator.py took 2.139 seconds
[2021-10-21 16:01:34,259] {processor.py:163} INFO - Started process (PID=980) to work on /home/airflow/.local/lib/python3.6/site-packages/airflow/example_dags/example_dag_decorator.py
[2021-10-21 16:01:34,270] {processor.py:620} INFO - Processing file /home/airflow/.local/lib/python3.6/site-packages/airflow/example_dags/example_dag_decorator.py for tasks to queue
[2021-10-21 16:01:34,274] {logging_mixin.py:109} INFO - [2021-10-21 16:01:34,274] {dagbag.py:500} INFO - Filling up the DagBag from /home/airflow/.local/lib/python3.6/site-packages/airflow/example_dags/example_dag_decorator.py
[2021-10-21 16:01:34,478] {processor.py:632} INFO - DAG(s) dict_keys(['example_dag_decorator']) retrieved from /home/airflow/.local/lib/python3.6/site-packages/airflow/example_dags/example_dag_decorator.py
[2021-10-21 16:01:35,536] {logging_mixin.py:109} INFO - [2021-10-21 16:01:35,536] {dag.py:2389} INFO - Sync 1 DAGs
[2021-10-21 16:01:35,573] {logging_mixin.py:109} INFO - [2021-10-21 16:01:35,572] {dag.py:2914} INFO - Setting next_dagrun for example_dag_decorator to None
[2021-10-21 16:01:35,610] {processor.py:171} INFO - Processing /home/airflow/.local/lib/python3.6/site-packages/airflow/example_dags/example_dag_decorator.py took 1.387 seconds
[2021-10-21 16:02:05,809] {processor.py:163} INFO - Started process (PID=1034) to work on /home/airflow/.local/lib/python3.6/site-packages/airflow/example_dags/example_dag_decorator.py
[2021-10-21 16:02:05,812] {processor.py:620} INFO - Processing file /home/airflow/.local/lib/python3.6/site-packages/airflow/example_dags/example_dag_decorator.py for tasks to queue
[2021-10-21 16:02:05,815] {logging_mixin.py:109} INFO - [2021-10-21 16:02:05,815] {dagbag.py:500} INFO - Filling up the DagBag from /home/airflow/.local/lib/python3.6/site-packages/airflow/example_dags/example_dag_decorator.py
[2021-10-21 16:02:05,894] {processor.py:632} INFO - DAG(s) dict_keys(['example_dag_decorator']) retrieved from /home/airflow/.local/lib/python3.6/site-packages/airflow/example_dags/example_dag_decorator.py
[2021-10-21 16:02:06,300] {logging_mixin.py:109} INFO - [2021-10-21 16:02:06,300] {dag.py:2389} INFO - Sync 1 DAGs
[2021-10-21 16:02:06,325] {logging_mixin.py:109} INFO - [2021-10-21 16:02:06,324] {dag.py:2914} INFO - Setting next_dagrun for example_dag_decorator to None
[2021-10-21 16:02:06,345] {processor.py:171} INFO - Processing /home/airflow/.local/lib/python3.6/site-packages/airflow/example_dags/example_dag_decorator.py took 0.544 seconds
[2021-10-21 16:02:36,994] {processor.py:163} INFO - Started process (PID=1087) to work on /home/airflow/.local/lib/python3.6/site-packages/airflow/example_dags/example_dag_decorator.py
[2021-10-21 16:02:37,018] {processor.py:620} INFO - Processing file /home/airflow/.local/lib/python3.6/site-packages/airflow/example_dags/example_dag_decorator.py for tasks to queue
[2021-10-21 16:02:37,034] {logging_mixin.py:109} INFO - [2021-10-21 16:02:37,034] {dagbag.py:500} INFO - Filling up the DagBag from /home/airflow/.local/lib/python3.6/site-packages/airflow/example_dags/example_dag_decorator.py
[2021-10-21 16:02:37,342] {processor.py:632} INFO - DAG(s) dict_keys(['example_dag_decorator']) retrieved from /home/airflow/.local/lib/python3.6/site-packages/airflow/example_dags/example_dag_decorator.py
[2021-10-21 16:02:39,245] {logging_mixin.py:109} INFO - [2021-10-21 16:02:39,245] {dag.py:2389} INFO - Sync 1 DAGs
[2021-10-21 16:02:39,336] {logging_mixin.py:109} INFO - [2021-10-21 16:02:39,336] {dag.py:2914} INFO - Setting next_dagrun for example_dag_decorator to None
[2021-10-21 16:02:39,410] {processor.py:171} INFO - Processing /home/airflow/.local/lib/python3.6/site-packages/airflow/example_dags/example_dag_decorator.py took 2.428 seconds
[2021-10-21 16:03:10,460] {processor.py:163} INFO - Started process (PID=1141) to work on /home/airflow/.local/lib/python3.6/site-packages/airflow/example_dags/example_dag_decorator.py
[2021-10-21 16:03:10,466] {processor.py:620} INFO - Processing file /home/airflow/.local/lib/python3.6/site-packages/airflow/example_dags/example_dag_decorator.py for tasks to queue
[2021-10-21 16:03:10,469] {logging_mixin.py:109} INFO - [2021-10-21 16:03:10,469] {dagbag.py:500} INFO - Filling up the DagBag from /home/airflow/.local/lib/python3.6/site-packages/airflow/example_dags/example_dag_decorator.py
[2021-10-21 16:03:10,606] {processor.py:632} INFO - DAG(s) dict_keys(['example_dag_decorator']) retrieved from /home/airflow/.local/lib/python3.6/site-packages/airflow/example_dags/example_dag_decorator.py
[2021-10-21 16:03:11,280] {logging_mixin.py:109} INFO - [2021-10-21 16:03:11,280] {dag.py:2389} INFO - Sync 1 DAGs
[2021-10-21 16:03:11,304] {logging_mixin.py:109} INFO - [2021-10-21 16:03:11,303] {dag.py:2914} INFO - Setting next_dagrun for example_dag_decorator to None
[2021-10-21 16:03:11,319] {processor.py:171} INFO - Processing /home/airflow/.local/lib/python3.6/site-packages/airflow/example_dags/example_dag_decorator.py took 0.868 seconds
[2021-10-21 16:03:41,428] {processor.py:163} INFO - Started process (PID=1211) to work on /home/airflow/.local/lib/python3.6/site-packages/airflow/example_dags/example_dag_decorator.py
[2021-10-21 16:03:41,430] {processor.py:620} INFO - Processing file /home/airflow/.local/lib/python3.6/site-packages/airflow/example_dags/example_dag_decorator.py for tasks to queue
[2021-10-21 16:03:41,432] {logging_mixin.py:109} INFO - [2021-10-21 16:03:41,432] {dagbag.py:500} INFO - Filling up the DagBag from /home/airflow/.local/lib/python3.6/site-packages/airflow/example_dags/example_dag_decorator.py
[2021-10-21 16:03:41,489] {processor.py:632} INFO - DAG(s) dict_keys(['example_dag_decorator']) retrieved from /home/airflow/.local/lib/python3.6/site-packages/airflow/example_dags/example_dag_decorator.py
[2021-10-21 16:03:41,716] {logging_mixin.py:109} INFO - [2021-10-21 16:03:41,716] {dag.py:2389} INFO - Sync 1 DAGs
[2021-10-21 16:03:41,735] {logging_mixin.py:109} INFO - [2021-10-21 16:03:41,735] {dag.py:2914} INFO - Setting next_dagrun for example_dag_decorator to None
[2021-10-21 16:03:41,753] {processor.py:171} INFO - Processing /home/airflow/.local/lib/python3.6/site-packages/airflow/example_dags/example_dag_decorator.py took 0.329 seconds
[2021-10-21 16:04:12,791] {processor.py:163} INFO - Started process (PID=1265) to work on /home/airflow/.local/lib/python3.6/site-packages/airflow/example_dags/example_dag_decorator.py
[2021-10-21 16:04:12,796] {processor.py:620} INFO - Processing file /home/airflow/.local/lib/python3.6/site-packages/airflow/example_dags/example_dag_decorator.py for tasks to queue
[2021-10-21 16:04:12,798] {logging_mixin.py:109} INFO - [2021-10-21 16:04:12,797] {dagbag.py:500} INFO - Filling up the DagBag from /home/airflow/.local/lib/python3.6/site-packages/airflow/example_dags/example_dag_decorator.py
[2021-10-21 16:04:12,883] {processor.py:632} INFO - DAG(s) dict_keys(['example_dag_decorator']) retrieved from /home/airflow/.local/lib/python3.6/site-packages/airflow/example_dags/example_dag_decorator.py
[2021-10-21 16:04:13,320] {logging_mixin.py:109} INFO - [2021-10-21 16:04:13,319] {dag.py:2389} INFO - Sync 1 DAGs
[2021-10-21 16:04:13,347] {logging_mixin.py:109} INFO - [2021-10-21 16:04:13,347] {dag.py:2914} INFO - Setting next_dagrun for example_dag_decorator to None
[2021-10-21 16:04:13,370] {processor.py:171} INFO - Processing /home/airflow/.local/lib/python3.6/site-packages/airflow/example_dags/example_dag_decorator.py took 0.585 seconds
[2021-10-21 16:04:44,287] {processor.py:163} INFO - Started process (PID=1319) to work on /home/airflow/.local/lib/python3.6/site-packages/airflow/example_dags/example_dag_decorator.py
[2021-10-21 16:04:44,289] {processor.py:620} INFO - Processing file /home/airflow/.local/lib/python3.6/site-packages/airflow/example_dags/example_dag_decorator.py for tasks to queue
[2021-10-21 16:04:44,291] {logging_mixin.py:109} INFO - [2021-10-21 16:04:44,291] {dagbag.py:500} INFO - Filling up the DagBag from /home/airflow/.local/lib/python3.6/site-packages/airflow/example_dags/example_dag_decorator.py
[2021-10-21 16:04:44,370] {processor.py:632} INFO - DAG(s) dict_keys(['example_dag_decorator']) retrieved from /home/airflow/.local/lib/python3.6/site-packages/airflow/example_dags/example_dag_decorator.py
[2021-10-21 16:04:44,693] {logging_mixin.py:109} INFO - [2021-10-21 16:04:44,693] {dag.py:2389} INFO - Sync 1 DAGs
[2021-10-21 16:04:44,726] {logging_mixin.py:109} INFO - [2021-10-21 16:04:44,726] {dag.py:2914} INFO - Setting next_dagrun for example_dag_decorator to None
[2021-10-21 16:04:44,746] {processor.py:171} INFO - Processing /home/airflow/.local/lib/python3.6/site-packages/airflow/example_dags/example_dag_decorator.py took 0.467 seconds
[2021-10-21 16:05:15,056] {processor.py:163} INFO - Started process (PID=1375) to work on /home/airflow/.local/lib/python3.6/site-packages/airflow/example_dags/example_dag_decorator.py
[2021-10-21 16:05:15,058] {processor.py:620} INFO - Processing file /home/airflow/.local/lib/python3.6/site-packages/airflow/example_dags/example_dag_decorator.py for tasks to queue
[2021-10-21 16:05:15,061] {logging_mixin.py:109} INFO - [2021-10-21 16:05:15,060] {dagbag.py:500} INFO - Filling up the DagBag from /home/airflow/.local/lib/python3.6/site-packages/airflow/example_dags/example_dag_decorator.py
[2021-10-21 16:05:15,145] {processor.py:632} INFO - DAG(s) dict_keys(['example_dag_decorator']) retrieved from /home/airflow/.local/lib/python3.6/site-packages/airflow/example_dags/example_dag_decorator.py
[2021-10-21 16:05:15,517] {logging_mixin.py:109} INFO - [2021-10-21 16:05:15,517] {dag.py:2389} INFO - Sync 1 DAGs
[2021-10-21 16:05:15,541] {logging_mixin.py:109} INFO - [2021-10-21 16:05:15,541] {dag.py:2914} INFO - Setting next_dagrun for example_dag_decorator to None
[2021-10-21 16:05:15,558] {processor.py:171} INFO - Processing /home/airflow/.local/lib/python3.6/site-packages/airflow/example_dags/example_dag_decorator.py took 0.511 seconds
[2021-10-21 16:05:45,745] {processor.py:163} INFO - Started process (PID=1441) to work on /home/airflow/.local/lib/python3.6/site-packages/airflow/example_dags/example_dag_decorator.py
[2021-10-21 16:05:45,748] {processor.py:620} INFO - Processing file /home/airflow/.local/lib/python3.6/site-packages/airflow/example_dags/example_dag_decorator.py for tasks to queue
[2021-10-21 16:05:45,749] {logging_mixin.py:109} INFO - [2021-10-21 16:05:45,749] {dagbag.py:500} INFO - Filling up the DagBag from /home/airflow/.local/lib/python3.6/site-packages/airflow/example_dags/example_dag_decorator.py
[2021-10-21 16:05:45,827] {processor.py:632} INFO - DAG(s) dict_keys(['example_dag_decorator']) retrieved from /home/airflow/.local/lib/python3.6/site-packages/airflow/example_dags/example_dag_decorator.py
[2021-10-21 16:05:46,633] {logging_mixin.py:109} INFO - [2021-10-21 16:05:46,633] {dag.py:2389} INFO - Sync 1 DAGs
[2021-10-21 16:05:46,664] {logging_mixin.py:109} INFO - [2021-10-21 16:05:46,664] {dag.py:2914} INFO - Setting next_dagrun for example_dag_decorator to None
[2021-10-21 16:05:46,699] {processor.py:171} INFO - Processing /home/airflow/.local/lib/python3.6/site-packages/airflow/example_dags/example_dag_decorator.py took 0.958 seconds
[2021-10-21 16:06:16,765] {processor.py:163} INFO - Started process (PID=1495) to work on /home/airflow/.local/lib/python3.6/site-packages/airflow/example_dags/example_dag_decorator.py
[2021-10-21 16:06:16,767] {processor.py:620} INFO - Processing file /home/airflow/.local/lib/python3.6/site-packages/airflow/example_dags/example_dag_decorator.py for tasks to queue
[2021-10-21 16:06:16,769] {logging_mixin.py:109} INFO - [2021-10-21 16:06:16,769] {dagbag.py:500} INFO - Filling up the DagBag from /home/airflow/.local/lib/python3.6/site-packages/airflow/example_dags/example_dag_decorator.py
[2021-10-21 16:06:16,818] {processor.py:632} INFO - DAG(s) dict_keys(['example_dag_decorator']) retrieved from /home/airflow/.local/lib/python3.6/site-packages/airflow/example_dags/example_dag_decorator.py
[2021-10-21 16:06:17,065] {logging_mixin.py:109} INFO - [2021-10-21 16:06:17,065] {dag.py:2389} INFO - Sync 1 DAGs
[2021-10-21 16:06:17,092] {logging_mixin.py:109} INFO - [2021-10-21 16:06:17,092] {dag.py:2914} INFO - Setting next_dagrun for example_dag_decorator to None
[2021-10-21 16:06:17,120] {processor.py:171} INFO - Processing /home/airflow/.local/lib/python3.6/site-packages/airflow/example_dags/example_dag_decorator.py took 0.361 seconds
[2021-10-21 16:06:47,498] {processor.py:163} INFO - Started process (PID=1552) to work on /home/airflow/.local/lib/python3.6/site-packages/airflow/example_dags/example_dag_decorator.py
[2021-10-21 16:06:47,503] {processor.py:620} INFO - Processing file /home/airflow/.local/lib/python3.6/site-packages/airflow/example_dags/example_dag_decorator.py for tasks to queue
[2021-10-21 16:06:47,509] {logging_mixin.py:109} INFO - [2021-10-21 16:06:47,506] {dagbag.py:500} INFO - Filling up the DagBag from /home/airflow/.local/lib/python3.6/site-packages/airflow/example_dags/example_dag_decorator.py
[2021-10-21 16:06:47,597] {processor.py:632} INFO - DAG(s) dict_keys(['example_dag_decorator']) retrieved from /home/airflow/.local/lib/python3.6/site-packages/airflow/example_dags/example_dag_decorator.py
[2021-10-21 16:06:48,126] {logging_mixin.py:109} INFO - [2021-10-21 16:06:48,126] {dag.py:2389} INFO - Sync 1 DAGs
[2021-10-21 16:06:48,145] {logging_mixin.py:109} INFO - [2021-10-21 16:06:48,145] {dag.py:2914} INFO - Setting next_dagrun for example_dag_decorator to None
[2021-10-21 16:06:48,158] {processor.py:171} INFO - Processing /home/airflow/.local/lib/python3.6/site-packages/airflow/example_dags/example_dag_decorator.py took 0.664 seconds
