[2021-10-21 15:53:19,311] {processor.py:163} INFO - Started process (PID=79) to work on /home/airflow/.local/lib/python3.6/site-packages/airflow/example_dags/example_skip_dag.py
[2021-10-21 15:53:19,314] {processor.py:620} INFO - Processing file /home/airflow/.local/lib/python3.6/site-packages/airflow/example_dags/example_skip_dag.py for tasks to queue
[2021-10-21 15:53:19,324] {logging_mixin.py:109} INFO - [2021-10-21 15:53:19,324] {dagbag.py:500} INFO - Filling up the DagBag from /home/airflow/.local/lib/python3.6/site-packages/airflow/example_dags/example_skip_dag.py
[2021-10-21 15:53:19,442] {processor.py:632} INFO - DAG(s) dict_keys(['example_skip_dag']) retrieved from /home/airflow/.local/lib/python3.6/site-packages/airflow/example_dags/example_skip_dag.py
[2021-10-21 15:53:19,508] {logging_mixin.py:109} INFO - [2021-10-21 15:53:19,508] {dag.py:2389} INFO - Sync 1 DAGs
[2021-10-21 15:53:19,570] {logging_mixin.py:109} INFO - [2021-10-21 15:53:19,570] {dag.py:2914} INFO - Setting next_dagrun for example_skip_dag to 2021-10-20T15:53:19.569734+00:00
[2021-10-21 15:53:19,607] {processor.py:171} INFO - Processing /home/airflow/.local/lib/python3.6/site-packages/airflow/example_dags/example_skip_dag.py took 0.302 seconds
[2021-10-21 15:53:49,861] {processor.py:163} INFO - Started process (PID=133) to work on /home/airflow/.local/lib/python3.6/site-packages/airflow/example_dags/example_skip_dag.py
[2021-10-21 15:53:49,864] {processor.py:620} INFO - Processing file /home/airflow/.local/lib/python3.6/site-packages/airflow/example_dags/example_skip_dag.py for tasks to queue
[2021-10-21 15:53:49,865] {logging_mixin.py:109} INFO - [2021-10-21 15:53:49,865] {dagbag.py:500} INFO - Filling up the DagBag from /home/airflow/.local/lib/python3.6/site-packages/airflow/example_dags/example_skip_dag.py
[2021-10-21 15:53:49,893] {processor.py:632} INFO - DAG(s) dict_keys(['example_skip_dag']) retrieved from /home/airflow/.local/lib/python3.6/site-packages/airflow/example_dags/example_skip_dag.py
[2021-10-21 15:53:49,906] {logging_mixin.py:109} INFO - [2021-10-21 15:53:49,906] {dag.py:2389} INFO - Sync 1 DAGs
[2021-10-21 15:53:49,923] {logging_mixin.py:109} INFO - [2021-10-21 15:53:49,923] {dag.py:2914} INFO - Setting next_dagrun for example_skip_dag to 2021-10-20T15:53:49.923393+00:00
[2021-10-21 15:53:49,935] {processor.py:171} INFO - Processing /home/airflow/.local/lib/python3.6/site-packages/airflow/example_dags/example_skip_dag.py took 0.078 seconds
[2021-10-21 15:54:20,476] {processor.py:163} INFO - Started process (PID=197) to work on /home/airflow/.local/lib/python3.6/site-packages/airflow/example_dags/example_skip_dag.py
[2021-10-21 15:54:20,480] {processor.py:620} INFO - Processing file /home/airflow/.local/lib/python3.6/site-packages/airflow/example_dags/example_skip_dag.py for tasks to queue
[2021-10-21 15:54:20,483] {logging_mixin.py:109} INFO - [2021-10-21 15:54:20,483] {dagbag.py:500} INFO - Filling up the DagBag from /home/airflow/.local/lib/python3.6/site-packages/airflow/example_dags/example_skip_dag.py
[2021-10-21 15:54:20,559] {processor.py:632} INFO - DAG(s) dict_keys(['example_skip_dag']) retrieved from /home/airflow/.local/lib/python3.6/site-packages/airflow/example_dags/example_skip_dag.py
[2021-10-21 15:54:20,600] {logging_mixin.py:109} INFO - [2021-10-21 15:54:20,600] {dag.py:2389} INFO - Sync 1 DAGs
[2021-10-21 15:54:20,646] {logging_mixin.py:109} INFO - [2021-10-21 15:54:20,646] {dag.py:2914} INFO - Setting next_dagrun for example_skip_dag to 2021-10-20T15:54:20.646069+00:00
[2021-10-21 15:54:20,677] {processor.py:171} INFO - Processing /home/airflow/.local/lib/python3.6/site-packages/airflow/example_dags/example_skip_dag.py took 0.209 seconds
[2021-10-21 15:54:51,334] {processor.py:163} INFO - Started process (PID=250) to work on /home/airflow/.local/lib/python3.6/site-packages/airflow/example_dags/example_skip_dag.py
[2021-10-21 15:54:51,337] {processor.py:620} INFO - Processing file /home/airflow/.local/lib/python3.6/site-packages/airflow/example_dags/example_skip_dag.py for tasks to queue
[2021-10-21 15:54:51,343] {logging_mixin.py:109} INFO - [2021-10-21 15:54:51,341] {dagbag.py:500} INFO - Filling up the DagBag from /home/airflow/.local/lib/python3.6/site-packages/airflow/example_dags/example_skip_dag.py
[2021-10-21 15:54:51,431] {processor.py:632} INFO - DAG(s) dict_keys(['example_skip_dag']) retrieved from /home/airflow/.local/lib/python3.6/site-packages/airflow/example_dags/example_skip_dag.py
[2021-10-21 15:54:51,470] {logging_mixin.py:109} INFO - [2021-10-21 15:54:51,470] {dag.py:2389} INFO - Sync 1 DAGs
[2021-10-21 15:54:51,524] {logging_mixin.py:109} INFO - [2021-10-21 15:54:51,523] {dag.py:2914} INFO - Setting next_dagrun for example_skip_dag to 2021-10-20T15:54:51.522234+00:00
[2021-10-21 15:54:51,562] {processor.py:171} INFO - Processing /home/airflow/.local/lib/python3.6/site-packages/airflow/example_dags/example_skip_dag.py took 0.238 seconds
[2021-10-21 15:55:22,956] {processor.py:163} INFO - Started process (PID=305) to work on /home/airflow/.local/lib/python3.6/site-packages/airflow/example_dags/example_skip_dag.py
[2021-10-21 15:55:22,958] {processor.py:620} INFO - Processing file /home/airflow/.local/lib/python3.6/site-packages/airflow/example_dags/example_skip_dag.py for tasks to queue
[2021-10-21 15:55:22,960] {logging_mixin.py:109} INFO - [2021-10-21 15:55:22,960] {dagbag.py:500} INFO - Filling up the DagBag from /home/airflow/.local/lib/python3.6/site-packages/airflow/example_dags/example_skip_dag.py
[2021-10-21 15:55:23,005] {processor.py:632} INFO - DAG(s) dict_keys(['example_skip_dag']) retrieved from /home/airflow/.local/lib/python3.6/site-packages/airflow/example_dags/example_skip_dag.py
[2021-10-21 15:55:23,022] {logging_mixin.py:109} INFO - [2021-10-21 15:55:23,022] {dag.py:2389} INFO - Sync 1 DAGs
[2021-10-21 15:55:23,050] {logging_mixin.py:109} INFO - [2021-10-21 15:55:23,050] {dag.py:2914} INFO - Setting next_dagrun for example_skip_dag to 2021-10-20T15:55:23.049757+00:00
[2021-10-21 15:55:23,062] {processor.py:171} INFO - Processing /home/airflow/.local/lib/python3.6/site-packages/airflow/example_dags/example_skip_dag.py took 0.112 seconds
[2021-10-21 15:55:55,706] {processor.py:163} INFO - Started process (PID=360) to work on /home/airflow/.local/lib/python3.6/site-packages/airflow/example_dags/example_skip_dag.py
[2021-10-21 15:55:55,708] {processor.py:620} INFO - Processing file /home/airflow/.local/lib/python3.6/site-packages/airflow/example_dags/example_skip_dag.py for tasks to queue
[2021-10-21 15:55:55,710] {logging_mixin.py:109} INFO - [2021-10-21 15:55:55,710] {dagbag.py:500} INFO - Filling up the DagBag from /home/airflow/.local/lib/python3.6/site-packages/airflow/example_dags/example_skip_dag.py
[2021-10-21 15:55:55,745] {processor.py:632} INFO - DAG(s) dict_keys(['example_skip_dag']) retrieved from /home/airflow/.local/lib/python3.6/site-packages/airflow/example_dags/example_skip_dag.py
[2021-10-21 15:55:55,764] {logging_mixin.py:109} INFO - [2021-10-21 15:55:55,764] {dag.py:2389} INFO - Sync 1 DAGs
[2021-10-21 15:55:55,784] {logging_mixin.py:109} INFO - [2021-10-21 15:55:55,784] {dag.py:2914} INFO - Setting next_dagrun for example_skip_dag to 2021-10-20T15:55:55.784408+00:00
[2021-10-21 15:55:55,795] {processor.py:171} INFO - Processing /home/airflow/.local/lib/python3.6/site-packages/airflow/example_dags/example_skip_dag.py took 0.093 seconds
[2021-10-21 15:56:26,834] {processor.py:163} INFO - Started process (PID=426) to work on /home/airflow/.local/lib/python3.6/site-packages/airflow/example_dags/example_skip_dag.py
[2021-10-21 15:56:26,839] {processor.py:620} INFO - Processing file /home/airflow/.local/lib/python3.6/site-packages/airflow/example_dags/example_skip_dag.py for tasks to queue
[2021-10-21 15:56:26,844] {logging_mixin.py:109} INFO - [2021-10-21 15:56:26,843] {dagbag.py:500} INFO - Filling up the DagBag from /home/airflow/.local/lib/python3.6/site-packages/airflow/example_dags/example_skip_dag.py
[2021-10-21 15:56:26,887] {processor.py:632} INFO - DAG(s) dict_keys(['example_skip_dag']) retrieved from /home/airflow/.local/lib/python3.6/site-packages/airflow/example_dags/example_skip_dag.py
[2021-10-21 15:56:26,909] {logging_mixin.py:109} INFO - [2021-10-21 15:56:26,909] {dag.py:2389} INFO - Sync 1 DAGs
[2021-10-21 15:56:26,960] {logging_mixin.py:109} INFO - [2021-10-21 15:56:26,959] {dag.py:2914} INFO - Setting next_dagrun for example_skip_dag to 2021-10-20T15:56:26.959741+00:00
[2021-10-21 15:56:26,970] {processor.py:171} INFO - Processing /home/airflow/.local/lib/python3.6/site-packages/airflow/example_dags/example_skip_dag.py took 0.142 seconds
[2021-10-21 15:56:57,649] {processor.py:163} INFO - Started process (PID=483) to work on /home/airflow/.local/lib/python3.6/site-packages/airflow/example_dags/example_skip_dag.py
[2021-10-21 15:56:57,652] {processor.py:620} INFO - Processing file /home/airflow/.local/lib/python3.6/site-packages/airflow/example_dags/example_skip_dag.py for tasks to queue
[2021-10-21 15:56:57,658] {logging_mixin.py:109} INFO - [2021-10-21 15:56:57,657] {dagbag.py:500} INFO - Filling up the DagBag from /home/airflow/.local/lib/python3.6/site-packages/airflow/example_dags/example_skip_dag.py
[2021-10-21 15:56:57,692] {processor.py:632} INFO - DAG(s) dict_keys(['example_skip_dag']) retrieved from /home/airflow/.local/lib/python3.6/site-packages/airflow/example_dags/example_skip_dag.py
[2021-10-21 15:56:57,706] {logging_mixin.py:109} INFO - [2021-10-21 15:56:57,706] {dag.py:2389} INFO - Sync 1 DAGs
[2021-10-21 15:56:57,723] {logging_mixin.py:109} INFO - [2021-10-21 15:56:57,723] {dag.py:2914} INFO - Setting next_dagrun for example_skip_dag to 2021-10-20T15:56:57.722827+00:00
[2021-10-21 15:56:57,733] {processor.py:171} INFO - Processing /home/airflow/.local/lib/python3.6/site-packages/airflow/example_dags/example_skip_dag.py took 0.094 seconds
[2021-10-21 15:57:28,646] {processor.py:163} INFO - Started process (PID=549) to work on /home/airflow/.local/lib/python3.6/site-packages/airflow/example_dags/example_skip_dag.py
[2021-10-21 15:57:28,650] {processor.py:620} INFO - Processing file /home/airflow/.local/lib/python3.6/site-packages/airflow/example_dags/example_skip_dag.py for tasks to queue
[2021-10-21 15:57:28,661] {logging_mixin.py:109} INFO - [2021-10-21 15:57:28,661] {dagbag.py:500} INFO - Filling up the DagBag from /home/airflow/.local/lib/python3.6/site-packages/airflow/example_dags/example_skip_dag.py
[2021-10-21 15:57:28,744] {processor.py:632} INFO - DAG(s) dict_keys(['example_skip_dag']) retrieved from /home/airflow/.local/lib/python3.6/site-packages/airflow/example_dags/example_skip_dag.py
[2021-10-21 15:57:28,784] {logging_mixin.py:109} INFO - [2021-10-21 15:57:28,784] {dag.py:2389} INFO - Sync 1 DAGs
[2021-10-21 15:57:28,865] {logging_mixin.py:109} INFO - [2021-10-21 15:57:28,865] {dag.py:2914} INFO - Setting next_dagrun for example_skip_dag to 2021-10-20T15:57:28.864758+00:00
[2021-10-21 15:57:28,966] {processor.py:171} INFO - Processing /home/airflow/.local/lib/python3.6/site-packages/airflow/example_dags/example_skip_dag.py took 0.334 seconds
[2021-10-21 15:57:59,675] {processor.py:163} INFO - Started process (PID=595) to work on /home/airflow/.local/lib/python3.6/site-packages/airflow/example_dags/example_skip_dag.py
[2021-10-21 15:57:59,683] {processor.py:620} INFO - Processing file /home/airflow/.local/lib/python3.6/site-packages/airflow/example_dags/example_skip_dag.py for tasks to queue
[2021-10-21 15:57:59,687] {logging_mixin.py:109} INFO - [2021-10-21 15:57:59,687] {dagbag.py:500} INFO - Filling up the DagBag from /home/airflow/.local/lib/python3.6/site-packages/airflow/example_dags/example_skip_dag.py
[2021-10-21 15:57:59,794] {processor.py:632} INFO - DAG(s) dict_keys(['example_skip_dag']) retrieved from /home/airflow/.local/lib/python3.6/site-packages/airflow/example_dags/example_skip_dag.py
[2021-10-21 15:57:59,807] {logging_mixin.py:109} INFO - [2021-10-21 15:57:59,807] {dag.py:2389} INFO - Sync 1 DAGs
[2021-10-21 15:57:59,825] {logging_mixin.py:109} INFO - [2021-10-21 15:57:59,825] {dag.py:2914} INFO - Setting next_dagrun for example_skip_dag to 2021-10-20T15:57:59.825550+00:00
[2021-10-21 15:57:59,837] {processor.py:171} INFO - Processing /home/airflow/.local/lib/python3.6/site-packages/airflow/example_dags/example_skip_dag.py took 0.171 seconds
[2021-10-21 15:58:30,502] {processor.py:163} INFO - Started process (PID=661) to work on /home/airflow/.local/lib/python3.6/site-packages/airflow/example_dags/example_skip_dag.py
[2021-10-21 15:58:30,509] {processor.py:620} INFO - Processing file /home/airflow/.local/lib/python3.6/site-packages/airflow/example_dags/example_skip_dag.py for tasks to queue
[2021-10-21 15:58:30,510] {logging_mixin.py:109} INFO - [2021-10-21 15:58:30,510] {dagbag.py:500} INFO - Filling up the DagBag from /home/airflow/.local/lib/python3.6/site-packages/airflow/example_dags/example_skip_dag.py
[2021-10-21 15:58:30,603] {processor.py:632} INFO - DAG(s) dict_keys(['example_skip_dag']) retrieved from /home/airflow/.local/lib/python3.6/site-packages/airflow/example_dags/example_skip_dag.py
[2021-10-21 15:58:30,644] {logging_mixin.py:109} INFO - [2021-10-21 15:58:30,644] {dag.py:2389} INFO - Sync 1 DAGs
[2021-10-21 15:58:30,700] {logging_mixin.py:109} INFO - [2021-10-21 15:58:30,700] {dag.py:2914} INFO - Setting next_dagrun for example_skip_dag to 2021-10-20T15:58:30.699832+00:00
[2021-10-21 15:58:30,742] {processor.py:171} INFO - Processing /home/airflow/.local/lib/python3.6/site-packages/airflow/example_dags/example_skip_dag.py took 0.257 seconds
[2021-10-21 15:59:01,568] {processor.py:163} INFO - Started process (PID=715) to work on /home/airflow/.local/lib/python3.6/site-packages/airflow/example_dags/example_skip_dag.py
[2021-10-21 15:59:01,571] {processor.py:620} INFO - Processing file /home/airflow/.local/lib/python3.6/site-packages/airflow/example_dags/example_skip_dag.py for tasks to queue
[2021-10-21 15:59:01,576] {logging_mixin.py:109} INFO - [2021-10-21 15:59:01,576] {dagbag.py:500} INFO - Filling up the DagBag from /home/airflow/.local/lib/python3.6/site-packages/airflow/example_dags/example_skip_dag.py
[2021-10-21 15:59:01,642] {processor.py:632} INFO - DAG(s) dict_keys(['example_skip_dag']) retrieved from /home/airflow/.local/lib/python3.6/site-packages/airflow/example_dags/example_skip_dag.py
[2021-10-21 15:59:01,660] {logging_mixin.py:109} INFO - [2021-10-21 15:59:01,659] {dag.py:2389} INFO - Sync 1 DAGs
[2021-10-21 15:59:01,694] {logging_mixin.py:109} INFO - [2021-10-21 15:59:01,694] {dag.py:2914} INFO - Setting next_dagrun for example_skip_dag to 2021-10-20T15:59:01.694153+00:00
[2021-10-21 15:59:01,736] {processor.py:171} INFO - Processing /home/airflow/.local/lib/python3.6/site-packages/airflow/example_dags/example_skip_dag.py took 0.172 seconds
[2021-10-21 15:59:32,761] {processor.py:163} INFO - Started process (PID=771) to work on /home/airflow/.local/lib/python3.6/site-packages/airflow/example_dags/example_skip_dag.py
[2021-10-21 15:59:32,764] {processor.py:620} INFO - Processing file /home/airflow/.local/lib/python3.6/site-packages/airflow/example_dags/example_skip_dag.py for tasks to queue
[2021-10-21 15:59:32,766] {logging_mixin.py:109} INFO - [2021-10-21 15:59:32,766] {dagbag.py:500} INFO - Filling up the DagBag from /home/airflow/.local/lib/python3.6/site-packages/airflow/example_dags/example_skip_dag.py
[2021-10-21 15:59:32,800] {processor.py:632} INFO - DAG(s) dict_keys(['example_skip_dag']) retrieved from /home/airflow/.local/lib/python3.6/site-packages/airflow/example_dags/example_skip_dag.py
[2021-10-21 15:59:32,822] {logging_mixin.py:109} INFO - [2021-10-21 15:59:32,821] {dag.py:2389} INFO - Sync 1 DAGs
[2021-10-21 15:59:32,845] {logging_mixin.py:109} INFO - [2021-10-21 15:59:32,845] {dag.py:2914} INFO - Setting next_dagrun for example_skip_dag to 2021-10-20T15:59:32.844781+00:00
[2021-10-21 15:59:32,859] {processor.py:171} INFO - Processing /home/airflow/.local/lib/python3.6/site-packages/airflow/example_dags/example_skip_dag.py took 0.106 seconds
[2021-10-21 16:00:03,086] {processor.py:163} INFO - Started process (PID=841) to work on /home/airflow/.local/lib/python3.6/site-packages/airflow/example_dags/example_skip_dag.py
[2021-10-21 16:00:03,091] {processor.py:620} INFO - Processing file /home/airflow/.local/lib/python3.6/site-packages/airflow/example_dags/example_skip_dag.py for tasks to queue
[2021-10-21 16:00:03,095] {logging_mixin.py:109} INFO - [2021-10-21 16:00:03,094] {dagbag.py:500} INFO - Filling up the DagBag from /home/airflow/.local/lib/python3.6/site-packages/airflow/example_dags/example_skip_dag.py
[2021-10-21 16:00:03,133] {processor.py:632} INFO - DAG(s) dict_keys(['example_skip_dag']) retrieved from /home/airflow/.local/lib/python3.6/site-packages/airflow/example_dags/example_skip_dag.py
[2021-10-21 16:00:03,149] {logging_mixin.py:109} INFO - [2021-10-21 16:00:03,149] {dag.py:2389} INFO - Sync 1 DAGs
[2021-10-21 16:00:03,178] {logging_mixin.py:109} INFO - [2021-10-21 16:00:03,178] {dag.py:2914} INFO - Setting next_dagrun for example_skip_dag to 2021-10-20T16:00:03.177316+00:00
[2021-10-21 16:00:03,193] {processor.py:171} INFO - Processing /home/airflow/.local/lib/python3.6/site-packages/airflow/example_dags/example_skip_dag.py took 0.119 seconds
[2021-10-21 16:00:34,834] {processor.py:163} INFO - Started process (PID=896) to work on /home/airflow/.local/lib/python3.6/site-packages/airflow/example_dags/example_skip_dag.py
[2021-10-21 16:00:34,899] {processor.py:620} INFO - Processing file /home/airflow/.local/lib/python3.6/site-packages/airflow/example_dags/example_skip_dag.py for tasks to queue
[2021-10-21 16:00:34,911] {logging_mixin.py:109} INFO - [2021-10-21 16:00:34,910] {dagbag.py:500} INFO - Filling up the DagBag from /home/airflow/.local/lib/python3.6/site-packages/airflow/example_dags/example_skip_dag.py
[2021-10-21 16:00:35,256] {processor.py:632} INFO - DAG(s) dict_keys(['example_skip_dag']) retrieved from /home/airflow/.local/lib/python3.6/site-packages/airflow/example_dags/example_skip_dag.py
[2021-10-21 16:00:35,439] {logging_mixin.py:109} INFO - [2021-10-21 16:00:35,439] {dag.py:2389} INFO - Sync 1 DAGs
[2021-10-21 16:00:35,625] {logging_mixin.py:109} INFO - [2021-10-21 16:00:35,625] {dag.py:2914} INFO - Setting next_dagrun for example_skip_dag to 2021-10-20T16:00:35.624367+00:00
[2021-10-21 16:00:35,705] {processor.py:171} INFO - Processing /home/airflow/.local/lib/python3.6/site-packages/airflow/example_dags/example_skip_dag.py took 0.889 seconds
[2021-10-21 16:01:07,232] {processor.py:163} INFO - Started process (PID=950) to work on /home/airflow/.local/lib/python3.6/site-packages/airflow/example_dags/example_skip_dag.py
[2021-10-21 16:01:07,235] {processor.py:620} INFO - Processing file /home/airflow/.local/lib/python3.6/site-packages/airflow/example_dags/example_skip_dag.py for tasks to queue
[2021-10-21 16:01:07,244] {logging_mixin.py:109} INFO - [2021-10-21 16:01:07,237] {dagbag.py:500} INFO - Filling up the DagBag from /home/airflow/.local/lib/python3.6/site-packages/airflow/example_dags/example_skip_dag.py
[2021-10-21 16:01:07,361] {processor.py:632} INFO - DAG(s) dict_keys(['example_skip_dag']) retrieved from /home/airflow/.local/lib/python3.6/site-packages/airflow/example_dags/example_skip_dag.py
[2021-10-21 16:01:07,467] {logging_mixin.py:109} INFO - [2021-10-21 16:01:07,467] {dag.py:2389} INFO - Sync 1 DAGs
[2021-10-21 16:01:07,619] {logging_mixin.py:109} INFO - [2021-10-21 16:01:07,619] {dag.py:2914} INFO - Setting next_dagrun for example_skip_dag to 2021-10-20T16:01:07.619033+00:00
[2021-10-21 16:01:07,649] {processor.py:171} INFO - Processing /home/airflow/.local/lib/python3.6/site-packages/airflow/example_dags/example_skip_dag.py took 0.426 seconds
[2021-10-21 16:01:38,765] {processor.py:163} INFO - Started process (PID=1007) to work on /home/airflow/.local/lib/python3.6/site-packages/airflow/example_dags/example_skip_dag.py
[2021-10-21 16:01:38,772] {processor.py:620} INFO - Processing file /home/airflow/.local/lib/python3.6/site-packages/airflow/example_dags/example_skip_dag.py for tasks to queue
[2021-10-21 16:01:38,777] {logging_mixin.py:109} INFO - [2021-10-21 16:01:38,777] {dagbag.py:500} INFO - Filling up the DagBag from /home/airflow/.local/lib/python3.6/site-packages/airflow/example_dags/example_skip_dag.py
[2021-10-21 16:01:38,858] {processor.py:632} INFO - DAG(s) dict_keys(['example_skip_dag']) retrieved from /home/airflow/.local/lib/python3.6/site-packages/airflow/example_dags/example_skip_dag.py
[2021-10-21 16:01:38,889] {logging_mixin.py:109} INFO - [2021-10-21 16:01:38,889] {dag.py:2389} INFO - Sync 1 DAGs
[2021-10-21 16:01:38,938] {logging_mixin.py:109} INFO - [2021-10-21 16:01:38,938] {dag.py:2914} INFO - Setting next_dagrun for example_skip_dag to 2021-10-20T16:01:38.937965+00:00
[2021-10-21 16:01:38,973] {processor.py:171} INFO - Processing /home/airflow/.local/lib/python3.6/site-packages/airflow/example_dags/example_skip_dag.py took 0.216 seconds
[2021-10-21 16:02:13,463] {processor.py:163} INFO - Started process (PID=1060) to work on /home/airflow/.local/lib/python3.6/site-packages/airflow/example_dags/example_skip_dag.py
[2021-10-21 16:02:13,469] {processor.py:620} INFO - Processing file /home/airflow/.local/lib/python3.6/site-packages/airflow/example_dags/example_skip_dag.py for tasks to queue
[2021-10-21 16:02:13,472] {logging_mixin.py:109} INFO - [2021-10-21 16:02:13,472] {dagbag.py:500} INFO - Filling up the DagBag from /home/airflow/.local/lib/python3.6/site-packages/airflow/example_dags/example_skip_dag.py
[2021-10-21 16:02:13,605] {processor.py:632} INFO - DAG(s) dict_keys(['example_skip_dag']) retrieved from /home/airflow/.local/lib/python3.6/site-packages/airflow/example_dags/example_skip_dag.py
[2021-10-21 16:02:13,688] {logging_mixin.py:109} INFO - [2021-10-21 16:02:13,688] {dag.py:2389} INFO - Sync 1 DAGs
[2021-10-21 16:02:13,780] {logging_mixin.py:109} INFO - [2021-10-21 16:02:13,780] {dag.py:2914} INFO - Setting next_dagrun for example_skip_dag to 2021-10-20T16:02:13.779761+00:00
[2021-10-21 16:02:13,822] {processor.py:171} INFO - Processing /home/airflow/.local/lib/python3.6/site-packages/airflow/example_dags/example_skip_dag.py took 0.375 seconds
[2021-10-21 16:02:44,070] {processor.py:163} INFO - Started process (PID=1110) to work on /home/airflow/.local/lib/python3.6/site-packages/airflow/example_dags/example_skip_dag.py
[2021-10-21 16:02:44,072] {processor.py:620} INFO - Processing file /home/airflow/.local/lib/python3.6/site-packages/airflow/example_dags/example_skip_dag.py for tasks to queue
[2021-10-21 16:02:44,079] {logging_mixin.py:109} INFO - [2021-10-21 16:02:44,073] {dagbag.py:500} INFO - Filling up the DagBag from /home/airflow/.local/lib/python3.6/site-packages/airflow/example_dags/example_skip_dag.py
[2021-10-21 16:02:44,131] {processor.py:632} INFO - DAG(s) dict_keys(['example_skip_dag']) retrieved from /home/airflow/.local/lib/python3.6/site-packages/airflow/example_dags/example_skip_dag.py
[2021-10-21 16:02:44,174] {logging_mixin.py:109} INFO - [2021-10-21 16:02:44,174] {dag.py:2389} INFO - Sync 1 DAGs
[2021-10-21 16:02:44,216] {logging_mixin.py:109} INFO - [2021-10-21 16:02:44,215] {dag.py:2914} INFO - Setting next_dagrun for example_skip_dag to 2021-10-20T16:02:44.214270+00:00
[2021-10-21 16:02:44,242] {processor.py:171} INFO - Processing /home/airflow/.local/lib/python3.6/site-packages/airflow/example_dags/example_skip_dag.py took 0.191 seconds
[2021-10-21 16:03:14,705] {processor.py:163} INFO - Started process (PID=1168) to work on /home/airflow/.local/lib/python3.6/site-packages/airflow/example_dags/example_skip_dag.py
[2021-10-21 16:03:14,706] {processor.py:620} INFO - Processing file /home/airflow/.local/lib/python3.6/site-packages/airflow/example_dags/example_skip_dag.py for tasks to queue
[2021-10-21 16:03:14,708] {logging_mixin.py:109} INFO - [2021-10-21 16:03:14,707] {dagbag.py:500} INFO - Filling up the DagBag from /home/airflow/.local/lib/python3.6/site-packages/airflow/example_dags/example_skip_dag.py
[2021-10-21 16:03:14,736] {processor.py:632} INFO - DAG(s) dict_keys(['example_skip_dag']) retrieved from /home/airflow/.local/lib/python3.6/site-packages/airflow/example_dags/example_skip_dag.py
[2021-10-21 16:03:14,750] {logging_mixin.py:109} INFO - [2021-10-21 16:03:14,750] {dag.py:2389} INFO - Sync 1 DAGs
[2021-10-21 16:03:14,769] {logging_mixin.py:109} INFO - [2021-10-21 16:03:14,769] {dag.py:2914} INFO - Setting next_dagrun for example_skip_dag to 2021-10-20T16:03:14.769028+00:00
[2021-10-21 16:03:14,778] {processor.py:171} INFO - Processing /home/airflow/.local/lib/python3.6/site-packages/airflow/example_dags/example_skip_dag.py took 0.083 seconds
[2021-10-21 16:03:45,413] {processor.py:163} INFO - Started process (PID=1227) to work on /home/airflow/.local/lib/python3.6/site-packages/airflow/example_dags/example_skip_dag.py
[2021-10-21 16:03:45,415] {processor.py:620} INFO - Processing file /home/airflow/.local/lib/python3.6/site-packages/airflow/example_dags/example_skip_dag.py for tasks to queue
[2021-10-21 16:03:45,418] {logging_mixin.py:109} INFO - [2021-10-21 16:03:45,418] {dagbag.py:500} INFO - Filling up the DagBag from /home/airflow/.local/lib/python3.6/site-packages/airflow/example_dags/example_skip_dag.py
[2021-10-21 16:03:45,468] {processor.py:632} INFO - DAG(s) dict_keys(['example_skip_dag']) retrieved from /home/airflow/.local/lib/python3.6/site-packages/airflow/example_dags/example_skip_dag.py
[2021-10-21 16:03:45,481] {logging_mixin.py:109} INFO - [2021-10-21 16:03:45,481] {dag.py:2389} INFO - Sync 1 DAGs
[2021-10-21 16:03:45,504] {logging_mixin.py:109} INFO - [2021-10-21 16:03:45,502] {dag.py:2914} INFO - Setting next_dagrun for example_skip_dag to 2021-10-20T16:03:45.502237+00:00
[2021-10-21 16:03:45,522] {processor.py:171} INFO - Processing /home/airflow/.local/lib/python3.6/site-packages/airflow/example_dags/example_skip_dag.py took 0.116 seconds
[2021-10-21 16:04:16,439] {processor.py:163} INFO - Started process (PID=1281) to work on /home/airflow/.local/lib/python3.6/site-packages/airflow/example_dags/example_skip_dag.py
[2021-10-21 16:04:16,441] {processor.py:620} INFO - Processing file /home/airflow/.local/lib/python3.6/site-packages/airflow/example_dags/example_skip_dag.py for tasks to queue
[2021-10-21 16:04:16,443] {logging_mixin.py:109} INFO - [2021-10-21 16:04:16,443] {dagbag.py:500} INFO - Filling up the DagBag from /home/airflow/.local/lib/python3.6/site-packages/airflow/example_dags/example_skip_dag.py
[2021-10-21 16:04:16,494] {processor.py:632} INFO - DAG(s) dict_keys(['example_skip_dag']) retrieved from /home/airflow/.local/lib/python3.6/site-packages/airflow/example_dags/example_skip_dag.py
[2021-10-21 16:04:16,510] {logging_mixin.py:109} INFO - [2021-10-21 16:04:16,509] {dag.py:2389} INFO - Sync 1 DAGs
[2021-10-21 16:04:16,542] {logging_mixin.py:109} INFO - [2021-10-21 16:04:16,542] {dag.py:2914} INFO - Setting next_dagrun for example_skip_dag to 2021-10-20T16:04:16.541758+00:00
[2021-10-21 16:04:16,563] {processor.py:171} INFO - Processing /home/airflow/.local/lib/python3.6/site-packages/airflow/example_dags/example_skip_dag.py took 0.132 seconds
[2021-10-21 16:04:47,108] {processor.py:163} INFO - Started process (PID=1335) to work on /home/airflow/.local/lib/python3.6/site-packages/airflow/example_dags/example_skip_dag.py
[2021-10-21 16:04:47,111] {processor.py:620} INFO - Processing file /home/airflow/.local/lib/python3.6/site-packages/airflow/example_dags/example_skip_dag.py for tasks to queue
[2021-10-21 16:04:47,113] {logging_mixin.py:109} INFO - [2021-10-21 16:04:47,113] {dagbag.py:500} INFO - Filling up the DagBag from /home/airflow/.local/lib/python3.6/site-packages/airflow/example_dags/example_skip_dag.py
[2021-10-21 16:04:47,164] {processor.py:632} INFO - DAG(s) dict_keys(['example_skip_dag']) retrieved from /home/airflow/.local/lib/python3.6/site-packages/airflow/example_dags/example_skip_dag.py
[2021-10-21 16:04:47,205] {logging_mixin.py:109} INFO - [2021-10-21 16:04:47,204] {dag.py:2389} INFO - Sync 1 DAGs
[2021-10-21 16:04:47,243] {logging_mixin.py:109} INFO - [2021-10-21 16:04:47,243] {dag.py:2914} INFO - Setting next_dagrun for example_skip_dag to 2021-10-20T16:04:47.242759+00:00
[2021-10-21 16:04:47,261] {processor.py:171} INFO - Processing /home/airflow/.local/lib/python3.6/site-packages/airflow/example_dags/example_skip_dag.py took 0.163 seconds
[2021-10-21 16:05:19,664] {processor.py:163} INFO - Started process (PID=1400) to work on /home/airflow/.local/lib/python3.6/site-packages/airflow/example_dags/example_skip_dag.py
[2021-10-21 16:05:19,675] {processor.py:620} INFO - Processing file /home/airflow/.local/lib/python3.6/site-packages/airflow/example_dags/example_skip_dag.py for tasks to queue
[2021-10-21 16:05:19,681] {logging_mixin.py:109} INFO - [2021-10-21 16:05:19,680] {dagbag.py:500} INFO - Filling up the DagBag from /home/airflow/.local/lib/python3.6/site-packages/airflow/example_dags/example_skip_dag.py
[2021-10-21 16:05:19,780] {processor.py:632} INFO - DAG(s) dict_keys(['example_skip_dag']) retrieved from /home/airflow/.local/lib/python3.6/site-packages/airflow/example_dags/example_skip_dag.py
[2021-10-21 16:05:19,820] {logging_mixin.py:109} INFO - [2021-10-21 16:05:19,820] {dag.py:2389} INFO - Sync 1 DAGs
[2021-10-21 16:05:19,870] {logging_mixin.py:109} INFO - [2021-10-21 16:05:19,870] {dag.py:2914} INFO - Setting next_dagrun for example_skip_dag to 2021-10-20T16:05:19.870326+00:00
[2021-10-21 16:05:19,910] {processor.py:171} INFO - Processing /home/airflow/.local/lib/python3.6/site-packages/airflow/example_dags/example_skip_dag.py took 0.260 seconds
[2021-10-21 16:05:50,034] {processor.py:163} INFO - Started process (PID=1455) to work on /home/airflow/.local/lib/python3.6/site-packages/airflow/example_dags/example_skip_dag.py
[2021-10-21 16:05:50,037] {processor.py:620} INFO - Processing file /home/airflow/.local/lib/python3.6/site-packages/airflow/example_dags/example_skip_dag.py for tasks to queue
[2021-10-21 16:05:50,039] {logging_mixin.py:109} INFO - [2021-10-21 16:05:50,039] {dagbag.py:500} INFO - Filling up the DagBag from /home/airflow/.local/lib/python3.6/site-packages/airflow/example_dags/example_skip_dag.py
[2021-10-21 16:05:50,087] {processor.py:632} INFO - DAG(s) dict_keys(['example_skip_dag']) retrieved from /home/airflow/.local/lib/python3.6/site-packages/airflow/example_dags/example_skip_dag.py
[2021-10-21 16:05:50,112] {logging_mixin.py:109} INFO - [2021-10-21 16:05:50,112] {dag.py:2389} INFO - Sync 1 DAGs
[2021-10-21 16:05:50,140] {logging_mixin.py:109} INFO - [2021-10-21 16:05:50,140] {dag.py:2914} INFO - Setting next_dagrun for example_skip_dag to 2021-10-20T16:05:50.139950+00:00
[2021-10-21 16:05:50,152] {processor.py:171} INFO - Processing /home/airflow/.local/lib/python3.6/site-packages/airflow/example_dags/example_skip_dag.py took 0.128 seconds
[2021-10-21 16:06:20,615] {processor.py:163} INFO - Started process (PID=1509) to work on /home/airflow/.local/lib/python3.6/site-packages/airflow/example_dags/example_skip_dag.py
[2021-10-21 16:06:20,619] {processor.py:620} INFO - Processing file /home/airflow/.local/lib/python3.6/site-packages/airflow/example_dags/example_skip_dag.py for tasks to queue
[2021-10-21 16:06:20,622] {logging_mixin.py:109} INFO - [2021-10-21 16:06:20,621] {dagbag.py:500} INFO - Filling up the DagBag from /home/airflow/.local/lib/python3.6/site-packages/airflow/example_dags/example_skip_dag.py
[2021-10-21 16:06:20,673] {processor.py:632} INFO - DAG(s) dict_keys(['example_skip_dag']) retrieved from /home/airflow/.local/lib/python3.6/site-packages/airflow/example_dags/example_skip_dag.py
[2021-10-21 16:06:20,692] {logging_mixin.py:109} INFO - [2021-10-21 16:06:20,692] {dag.py:2389} INFO - Sync 1 DAGs
[2021-10-21 16:06:20,730] {logging_mixin.py:109} INFO - [2021-10-21 16:06:20,730] {dag.py:2914} INFO - Setting next_dagrun for example_skip_dag to 2021-10-20T16:06:20.730469+00:00
[2021-10-21 16:06:20,745] {processor.py:171} INFO - Processing /home/airflow/.local/lib/python3.6/site-packages/airflow/example_dags/example_skip_dag.py took 0.134 seconds
[2021-10-21 16:06:51,463] {processor.py:163} INFO - Started process (PID=1577) to work on /home/airflow/.local/lib/python3.6/site-packages/airflow/example_dags/example_skip_dag.py
[2021-10-21 16:06:51,472] {processor.py:620} INFO - Processing file /home/airflow/.local/lib/python3.6/site-packages/airflow/example_dags/example_skip_dag.py for tasks to queue
[2021-10-21 16:06:51,474] {logging_mixin.py:109} INFO - [2021-10-21 16:06:51,474] {dagbag.py:500} INFO - Filling up the DagBag from /home/airflow/.local/lib/python3.6/site-packages/airflow/example_dags/example_skip_dag.py
[2021-10-21 16:06:51,558] {processor.py:632} INFO - DAG(s) dict_keys(['example_skip_dag']) retrieved from /home/airflow/.local/lib/python3.6/site-packages/airflow/example_dags/example_skip_dag.py
[2021-10-21 16:06:51,576] {logging_mixin.py:109} INFO - [2021-10-21 16:06:51,576] {dag.py:2389} INFO - Sync 1 DAGs
[2021-10-21 16:06:51,594] {logging_mixin.py:109} INFO - [2021-10-21 16:06:51,594] {dag.py:2914} INFO - Setting next_dagrun for example_skip_dag to 2021-10-20T16:06:51.593786+00:00
[2021-10-21 16:06:51,614] {processor.py:171} INFO - Processing /home/airflow/.local/lib/python3.6/site-packages/airflow/example_dags/example_skip_dag.py took 0.155 seconds
