[2021-10-21 15:53:14,538] {processor.py:163} INFO - Started process (PID=67) to work on /home/airflow/.local/lib/python3.6/site-packages/airflow/example_dags/example_latest_only_with_trigger.py
[2021-10-21 15:53:14,547] {processor.py:620} INFO - Processing file /home/airflow/.local/lib/python3.6/site-packages/airflow/example_dags/example_latest_only_with_trigger.py for tasks to queue
[2021-10-21 15:53:14,556] {logging_mixin.py:109} INFO - [2021-10-21 15:53:14,555] {dagbag.py:500} INFO - Filling up the DagBag from /home/airflow/.local/lib/python3.6/site-packages/airflow/example_dags/example_latest_only_with_trigger.py
[2021-10-21 15:53:14,837] {processor.py:632} INFO - DAG(s) dict_keys(['latest_only_with_trigger']) retrieved from /home/airflow/.local/lib/python3.6/site-packages/airflow/example_dags/example_latest_only_with_trigger.py
[2021-10-21 15:53:14,958] {logging_mixin.py:109} INFO - [2021-10-21 15:53:14,958] {dag.py:2389} INFO - Sync 1 DAGs
[2021-10-21 15:53:15,066] {logging_mixin.py:109} INFO - [2021-10-21 15:53:15,066] {dag.py:2914} INFO - Setting next_dagrun for latest_only_with_trigger to 2021-10-21T11:53:15.066283+00:00
[2021-10-21 15:53:15,127] {processor.py:171} INFO - Processing /home/airflow/.local/lib/python3.6/site-packages/airflow/example_dags/example_latest_only_with_trigger.py took 0.605 seconds
[2021-10-21 15:53:45,855] {processor.py:163} INFO - Started process (PID=121) to work on /home/airflow/.local/lib/python3.6/site-packages/airflow/example_dags/example_latest_only_with_trigger.py
[2021-10-21 15:53:45,858] {processor.py:620} INFO - Processing file /home/airflow/.local/lib/python3.6/site-packages/airflow/example_dags/example_latest_only_with_trigger.py for tasks to queue
[2021-10-21 15:53:45,860] {logging_mixin.py:109} INFO - [2021-10-21 15:53:45,860] {dagbag.py:500} INFO - Filling up the DagBag from /home/airflow/.local/lib/python3.6/site-packages/airflow/example_dags/example_latest_only_with_trigger.py
[2021-10-21 15:53:45,890] {processor.py:632} INFO - DAG(s) dict_keys(['latest_only_with_trigger']) retrieved from /home/airflow/.local/lib/python3.6/site-packages/airflow/example_dags/example_latest_only_with_trigger.py
[2021-10-21 15:53:45,900] {logging_mixin.py:109} INFO - [2021-10-21 15:53:45,900] {dag.py:2389} INFO - Sync 1 DAGs
[2021-10-21 15:53:45,917] {logging_mixin.py:109} INFO - [2021-10-21 15:53:45,917] {dag.py:2914} INFO - Setting next_dagrun for latest_only_with_trigger to 2021-10-21T11:53:45.917339+00:00
[2021-10-21 15:53:45,930] {processor.py:171} INFO - Processing /home/airflow/.local/lib/python3.6/site-packages/airflow/example_dags/example_latest_only_with_trigger.py took 0.079 seconds
[2021-10-21 15:54:16,048] {processor.py:163} INFO - Started process (PID=174) to work on /home/airflow/.local/lib/python3.6/site-packages/airflow/example_dags/example_latest_only_with_trigger.py
[2021-10-21 15:54:16,063] {processor.py:620} INFO - Processing file /home/airflow/.local/lib/python3.6/site-packages/airflow/example_dags/example_latest_only_with_trigger.py for tasks to queue
[2021-10-21 15:54:16,066] {logging_mixin.py:109} INFO - [2021-10-21 15:54:16,066] {dagbag.py:500} INFO - Filling up the DagBag from /home/airflow/.local/lib/python3.6/site-packages/airflow/example_dags/example_latest_only_with_trigger.py
[2021-10-21 15:54:16,136] {processor.py:632} INFO - DAG(s) dict_keys(['latest_only_with_trigger']) retrieved from /home/airflow/.local/lib/python3.6/site-packages/airflow/example_dags/example_latest_only_with_trigger.py
[2021-10-21 15:54:16,165] {logging_mixin.py:109} INFO - [2021-10-21 15:54:16,165] {dag.py:2389} INFO - Sync 1 DAGs
[2021-10-21 15:54:16,207] {logging_mixin.py:109} INFO - [2021-10-21 15:54:16,207] {dag.py:2914} INFO - Setting next_dagrun for latest_only_with_trigger to 2021-10-21T11:54:16.206886+00:00
[2021-10-21 15:54:16,242] {processor.py:171} INFO - Processing /home/airflow/.local/lib/python3.6/site-packages/airflow/example_dags/example_latest_only_with_trigger.py took 0.223 seconds
[2021-10-21 15:54:46,956] {processor.py:163} INFO - Started process (PID=229) to work on /home/airflow/.local/lib/python3.6/site-packages/airflow/example_dags/example_latest_only_with_trigger.py
[2021-10-21 15:54:46,961] {processor.py:620} INFO - Processing file /home/airflow/.local/lib/python3.6/site-packages/airflow/example_dags/example_latest_only_with_trigger.py for tasks to queue
[2021-10-21 15:54:46,968] {logging_mixin.py:109} INFO - [2021-10-21 15:54:46,968] {dagbag.py:500} INFO - Filling up the DagBag from /home/airflow/.local/lib/python3.6/site-packages/airflow/example_dags/example_latest_only_with_trigger.py
[2021-10-21 15:54:47,024] {processor.py:632} INFO - DAG(s) dict_keys(['latest_only_with_trigger']) retrieved from /home/airflow/.local/lib/python3.6/site-packages/airflow/example_dags/example_latest_only_with_trigger.py
[2021-10-21 15:54:47,037] {logging_mixin.py:109} INFO - [2021-10-21 15:54:47,037] {dag.py:2389} INFO - Sync 1 DAGs
[2021-10-21 15:54:47,060] {logging_mixin.py:109} INFO - [2021-10-21 15:54:47,060] {dag.py:2914} INFO - Setting next_dagrun for latest_only_with_trigger to 2021-10-21T11:54:47.060204+00:00
[2021-10-21 15:54:47,076] {processor.py:171} INFO - Processing /home/airflow/.local/lib/python3.6/site-packages/airflow/example_dags/example_latest_only_with_trigger.py took 0.127 seconds
[2021-10-21 15:55:18,164] {processor.py:163} INFO - Started process (PID=293) to work on /home/airflow/.local/lib/python3.6/site-packages/airflow/example_dags/example_latest_only_with_trigger.py
[2021-10-21 15:55:18,179] {processor.py:620} INFO - Processing file /home/airflow/.local/lib/python3.6/site-packages/airflow/example_dags/example_latest_only_with_trigger.py for tasks to queue
[2021-10-21 15:55:18,181] {logging_mixin.py:109} INFO - [2021-10-21 15:55:18,181] {dagbag.py:500} INFO - Filling up the DagBag from /home/airflow/.local/lib/python3.6/site-packages/airflow/example_dags/example_latest_only_with_trigger.py
[2021-10-21 15:55:18,211] {processor.py:632} INFO - DAG(s) dict_keys(['latest_only_with_trigger']) retrieved from /home/airflow/.local/lib/python3.6/site-packages/airflow/example_dags/example_latest_only_with_trigger.py
[2021-10-21 15:55:18,224] {logging_mixin.py:109} INFO - [2021-10-21 15:55:18,224] {dag.py:2389} INFO - Sync 1 DAGs
[2021-10-21 15:55:18,243] {logging_mixin.py:109} INFO - [2021-10-21 15:55:18,243] {dag.py:2914} INFO - Setting next_dagrun for latest_only_with_trigger to 2021-10-21T11:55:18.243480+00:00
[2021-10-21 15:55:18,256] {processor.py:171} INFO - Processing /home/airflow/.local/lib/python3.6/site-packages/airflow/example_dags/example_latest_only_with_trigger.py took 0.097 seconds
[2021-10-21 15:55:49,382] {processor.py:163} INFO - Started process (PID=348) to work on /home/airflow/.local/lib/python3.6/site-packages/airflow/example_dags/example_latest_only_with_trigger.py
[2021-10-21 15:55:49,391] {processor.py:620} INFO - Processing file /home/airflow/.local/lib/python3.6/site-packages/airflow/example_dags/example_latest_only_with_trigger.py for tasks to queue
[2021-10-21 15:55:49,394] {logging_mixin.py:109} INFO - [2021-10-21 15:55:49,394] {dagbag.py:500} INFO - Filling up the DagBag from /home/airflow/.local/lib/python3.6/site-packages/airflow/example_dags/example_latest_only_with_trigger.py
[2021-10-21 15:55:49,454] {processor.py:632} INFO - DAG(s) dict_keys(['latest_only_with_trigger']) retrieved from /home/airflow/.local/lib/python3.6/site-packages/airflow/example_dags/example_latest_only_with_trigger.py
[2021-10-21 15:55:49,466] {logging_mixin.py:109} INFO - [2021-10-21 15:55:49,466] {dag.py:2389} INFO - Sync 1 DAGs
[2021-10-21 15:55:49,483] {logging_mixin.py:109} INFO - [2021-10-21 15:55:49,483] {dag.py:2914} INFO - Setting next_dagrun for latest_only_with_trigger to 2021-10-21T11:55:49.483178+00:00
[2021-10-21 15:55:49,495] {processor.py:171} INFO - Processing /home/airflow/.local/lib/python3.6/site-packages/airflow/example_dags/example_latest_only_with_trigger.py took 0.124 seconds
[2021-10-21 15:56:21,900] {processor.py:163} INFO - Started process (PID=404) to work on /home/airflow/.local/lib/python3.6/site-packages/airflow/example_dags/example_latest_only_with_trigger.py
[2021-10-21 15:56:21,910] {processor.py:620} INFO - Processing file /home/airflow/.local/lib/python3.6/site-packages/airflow/example_dags/example_latest_only_with_trigger.py for tasks to queue
[2021-10-21 15:56:21,912] {logging_mixin.py:109} INFO - [2021-10-21 15:56:21,911] {dagbag.py:500} INFO - Filling up the DagBag from /home/airflow/.local/lib/python3.6/site-packages/airflow/example_dags/example_latest_only_with_trigger.py
[2021-10-21 15:56:21,961] {processor.py:632} INFO - DAG(s) dict_keys(['latest_only_with_trigger']) retrieved from /home/airflow/.local/lib/python3.6/site-packages/airflow/example_dags/example_latest_only_with_trigger.py
[2021-10-21 15:56:21,980] {logging_mixin.py:109} INFO - [2021-10-21 15:56:21,980] {dag.py:2389} INFO - Sync 1 DAGs
[2021-10-21 15:56:22,017] {logging_mixin.py:109} INFO - [2021-10-21 15:56:22,017] {dag.py:2914} INFO - Setting next_dagrun for latest_only_with_trigger to 2021-10-21T11:56:22.017306+00:00
[2021-10-21 15:56:22,051] {processor.py:171} INFO - Processing /home/airflow/.local/lib/python3.6/site-packages/airflow/example_dags/example_latest_only_with_trigger.py took 0.172 seconds
[2021-10-21 15:56:52,698] {processor.py:163} INFO - Started process (PID=471) to work on /home/airflow/.local/lib/python3.6/site-packages/airflow/example_dags/example_latest_only_with_trigger.py
[2021-10-21 15:56:52,700] {processor.py:620} INFO - Processing file /home/airflow/.local/lib/python3.6/site-packages/airflow/example_dags/example_latest_only_with_trigger.py for tasks to queue
[2021-10-21 15:56:52,701] {logging_mixin.py:109} INFO - [2021-10-21 15:56:52,701] {dagbag.py:500} INFO - Filling up the DagBag from /home/airflow/.local/lib/python3.6/site-packages/airflow/example_dags/example_latest_only_with_trigger.py
[2021-10-21 15:56:52,737] {processor.py:632} INFO - DAG(s) dict_keys(['latest_only_with_trigger']) retrieved from /home/airflow/.local/lib/python3.6/site-packages/airflow/example_dags/example_latest_only_with_trigger.py
[2021-10-21 15:56:52,757] {logging_mixin.py:109} INFO - [2021-10-21 15:56:52,757] {dag.py:2389} INFO - Sync 1 DAGs
[2021-10-21 15:56:52,777] {logging_mixin.py:109} INFO - [2021-10-21 15:56:52,777] {dag.py:2914} INFO - Setting next_dagrun for latest_only_with_trigger to 2021-10-21T11:56:52.777008+00:00
[2021-10-21 15:56:52,788] {processor.py:171} INFO - Processing /home/airflow/.local/lib/python3.6/site-packages/airflow/example_dags/example_latest_only_with_trigger.py took 0.094 seconds
[2021-10-21 15:57:23,857] {processor.py:163} INFO - Started process (PID=526) to work on /home/airflow/.local/lib/python3.6/site-packages/airflow/example_dags/example_latest_only_with_trigger.py
[2021-10-21 15:57:23,872] {processor.py:620} INFO - Processing file /home/airflow/.local/lib/python3.6/site-packages/airflow/example_dags/example_latest_only_with_trigger.py for tasks to queue
[2021-10-21 15:57:23,878] {logging_mixin.py:109} INFO - [2021-10-21 15:57:23,878] {dagbag.py:500} INFO - Filling up the DagBag from /home/airflow/.local/lib/python3.6/site-packages/airflow/example_dags/example_latest_only_with_trigger.py
[2021-10-21 15:57:24,002] {processor.py:632} INFO - DAG(s) dict_keys(['latest_only_with_trigger']) retrieved from /home/airflow/.local/lib/python3.6/site-packages/airflow/example_dags/example_latest_only_with_trigger.py
[2021-10-21 15:57:24,031] {logging_mixin.py:109} INFO - [2021-10-21 15:57:24,031] {dag.py:2389} INFO - Sync 1 DAGs
[2021-10-21 15:57:24,062] {logging_mixin.py:109} INFO - [2021-10-21 15:57:24,062] {dag.py:2914} INFO - Setting next_dagrun for latest_only_with_trigger to 2021-10-21T11:57:24.061871+00:00
[2021-10-21 15:57:24,080] {processor.py:171} INFO - Processing /home/airflow/.local/lib/python3.6/site-packages/airflow/example_dags/example_latest_only_with_trigger.py took 0.231 seconds
[2021-10-21 15:57:54,347] {processor.py:163} INFO - Started process (PID=584) to work on /home/airflow/.local/lib/python3.6/site-packages/airflow/example_dags/example_latest_only_with_trigger.py
[2021-10-21 15:57:54,349] {processor.py:620} INFO - Processing file /home/airflow/.local/lib/python3.6/site-packages/airflow/example_dags/example_latest_only_with_trigger.py for tasks to queue
[2021-10-21 15:57:54,352] {logging_mixin.py:109} INFO - [2021-10-21 15:57:54,351] {dagbag.py:500} INFO - Filling up the DagBag from /home/airflow/.local/lib/python3.6/site-packages/airflow/example_dags/example_latest_only_with_trigger.py
[2021-10-21 15:57:54,394] {processor.py:632} INFO - DAG(s) dict_keys(['latest_only_with_trigger']) retrieved from /home/airflow/.local/lib/python3.6/site-packages/airflow/example_dags/example_latest_only_with_trigger.py
[2021-10-21 15:57:54,411] {logging_mixin.py:109} INFO - [2021-10-21 15:57:54,411] {dag.py:2389} INFO - Sync 1 DAGs
[2021-10-21 15:57:54,431] {logging_mixin.py:109} INFO - [2021-10-21 15:57:54,430] {dag.py:2914} INFO - Setting next_dagrun for latest_only_with_trigger to 2021-10-21T11:57:54.430613+00:00
[2021-10-21 15:57:54,445] {processor.py:171} INFO - Processing /home/airflow/.local/lib/python3.6/site-packages/airflow/example_dags/example_latest_only_with_trigger.py took 0.107 seconds
[2021-10-21 15:58:24,835] {processor.py:163} INFO - Started process (PID=640) to work on /home/airflow/.local/lib/python3.6/site-packages/airflow/example_dags/example_latest_only_with_trigger.py
[2021-10-21 15:58:24,838] {processor.py:620} INFO - Processing file /home/airflow/.local/lib/python3.6/site-packages/airflow/example_dags/example_latest_only_with_trigger.py for tasks to queue
[2021-10-21 15:58:24,839] {logging_mixin.py:109} INFO - [2021-10-21 15:58:24,839] {dagbag.py:500} INFO - Filling up the DagBag from /home/airflow/.local/lib/python3.6/site-packages/airflow/example_dags/example_latest_only_with_trigger.py
[2021-10-21 15:58:24,876] {processor.py:632} INFO - DAG(s) dict_keys(['latest_only_with_trigger']) retrieved from /home/airflow/.local/lib/python3.6/site-packages/airflow/example_dags/example_latest_only_with_trigger.py
[2021-10-21 15:58:24,890] {logging_mixin.py:109} INFO - [2021-10-21 15:58:24,890] {dag.py:2389} INFO - Sync 1 DAGs
[2021-10-21 15:58:24,910] {logging_mixin.py:109} INFO - [2021-10-21 15:58:24,910] {dag.py:2914} INFO - Setting next_dagrun for latest_only_with_trigger to 2021-10-21T11:58:24.909761+00:00
[2021-10-21 15:58:24,920] {processor.py:171} INFO - Processing /home/airflow/.local/lib/python3.6/site-packages/airflow/example_dags/example_latest_only_with_trigger.py took 0.091 seconds
[2021-10-21 15:58:56,134] {processor.py:163} INFO - Started process (PID=704) to work on /home/airflow/.local/lib/python3.6/site-packages/airflow/example_dags/example_latest_only_with_trigger.py
[2021-10-21 15:58:56,141] {processor.py:620} INFO - Processing file /home/airflow/.local/lib/python3.6/site-packages/airflow/example_dags/example_latest_only_with_trigger.py for tasks to queue
[2021-10-21 15:58:56,144] {logging_mixin.py:109} INFO - [2021-10-21 15:58:56,143] {dagbag.py:500} INFO - Filling up the DagBag from /home/airflow/.local/lib/python3.6/site-packages/airflow/example_dags/example_latest_only_with_trigger.py
[2021-10-21 15:58:56,188] {processor.py:632} INFO - DAG(s) dict_keys(['latest_only_with_trigger']) retrieved from /home/airflow/.local/lib/python3.6/site-packages/airflow/example_dags/example_latest_only_with_trigger.py
[2021-10-21 15:58:56,212] {logging_mixin.py:109} INFO - [2021-10-21 15:58:56,212] {dag.py:2389} INFO - Sync 1 DAGs
[2021-10-21 15:58:56,247] {logging_mixin.py:109} INFO - [2021-10-21 15:58:56,247] {dag.py:2914} INFO - Setting next_dagrun for latest_only_with_trigger to 2021-10-21T11:58:56.247119+00:00
[2021-10-21 15:58:56,267] {processor.py:171} INFO - Processing /home/airflow/.local/lib/python3.6/site-packages/airflow/example_dags/example_latest_only_with_trigger.py took 0.154 seconds
[2021-10-21 15:59:26,321] {processor.py:163} INFO - Started process (PID=759) to work on /home/airflow/.local/lib/python3.6/site-packages/airflow/example_dags/example_latest_only_with_trigger.py
[2021-10-21 15:59:26,323] {processor.py:620} INFO - Processing file /home/airflow/.local/lib/python3.6/site-packages/airflow/example_dags/example_latest_only_with_trigger.py for tasks to queue
[2021-10-21 15:59:26,326] {logging_mixin.py:109} INFO - [2021-10-21 15:59:26,326] {dagbag.py:500} INFO - Filling up the DagBag from /home/airflow/.local/lib/python3.6/site-packages/airflow/example_dags/example_latest_only_with_trigger.py
[2021-10-21 15:59:26,358] {processor.py:632} INFO - DAG(s) dict_keys(['latest_only_with_trigger']) retrieved from /home/airflow/.local/lib/python3.6/site-packages/airflow/example_dags/example_latest_only_with_trigger.py
[2021-10-21 15:59:26,371] {logging_mixin.py:109} INFO - [2021-10-21 15:59:26,371] {dag.py:2389} INFO - Sync 1 DAGs
[2021-10-21 15:59:26,389] {logging_mixin.py:109} INFO - [2021-10-21 15:59:26,388] {dag.py:2914} INFO - Setting next_dagrun for latest_only_with_trigger to 2021-10-21T11:59:26.388619+00:00
[2021-10-21 15:59:26,401] {processor.py:171} INFO - Processing /home/airflow/.local/lib/python3.6/site-packages/airflow/example_dags/example_latest_only_with_trigger.py took 0.086 seconds
[2021-10-21 15:59:58,574] {processor.py:163} INFO - Started process (PID=817) to work on /home/airflow/.local/lib/python3.6/site-packages/airflow/example_dags/example_latest_only_with_trigger.py
[2021-10-21 15:59:58,576] {processor.py:620} INFO - Processing file /home/airflow/.local/lib/python3.6/site-packages/airflow/example_dags/example_latest_only_with_trigger.py for tasks to queue
[2021-10-21 15:59:58,578] {logging_mixin.py:109} INFO - [2021-10-21 15:59:58,578] {dagbag.py:500} INFO - Filling up the DagBag from /home/airflow/.local/lib/python3.6/site-packages/airflow/example_dags/example_latest_only_with_trigger.py
[2021-10-21 15:59:58,642] {processor.py:632} INFO - DAG(s) dict_keys(['latest_only_with_trigger']) retrieved from /home/airflow/.local/lib/python3.6/site-packages/airflow/example_dags/example_latest_only_with_trigger.py
[2021-10-21 15:59:58,674] {logging_mixin.py:109} INFO - [2021-10-21 15:59:58,674] {dag.py:2389} INFO - Sync 1 DAGs
[2021-10-21 15:59:58,721] {logging_mixin.py:109} INFO - [2021-10-21 15:59:58,716] {dag.py:2914} INFO - Setting next_dagrun for latest_only_with_trigger to 2021-10-21T11:59:58.714834+00:00
[2021-10-21 15:59:58,748] {processor.py:171} INFO - Processing /home/airflow/.local/lib/python3.6/site-packages/airflow/example_dags/example_latest_only_with_trigger.py took 0.182 seconds
[2021-10-21 16:00:31,520] {processor.py:163} INFO - Started process (PID=885) to work on /home/airflow/.local/lib/python3.6/site-packages/airflow/example_dags/example_latest_only_with_trigger.py
[2021-10-21 16:00:31,528] {processor.py:620} INFO - Processing file /home/airflow/.local/lib/python3.6/site-packages/airflow/example_dags/example_latest_only_with_trigger.py for tasks to queue
[2021-10-21 16:00:31,539] {logging_mixin.py:109} INFO - [2021-10-21 16:00:31,539] {dagbag.py:500} INFO - Filling up the DagBag from /home/airflow/.local/lib/python3.6/site-packages/airflow/example_dags/example_latest_only_with_trigger.py
[2021-10-21 16:00:31,691] {processor.py:632} INFO - DAG(s) dict_keys(['latest_only_with_trigger']) retrieved from /home/airflow/.local/lib/python3.6/site-packages/airflow/example_dags/example_latest_only_with_trigger.py
[2021-10-21 16:00:31,761] {logging_mixin.py:109} INFO - [2021-10-21 16:00:31,761] {dag.py:2389} INFO - Sync 1 DAGs
[2021-10-21 16:00:31,846] {logging_mixin.py:109} INFO - [2021-10-21 16:00:31,846] {dag.py:2914} INFO - Setting next_dagrun for latest_only_with_trigger to 2021-10-21T12:00:31.845714+00:00
[2021-10-21 16:00:31,882] {processor.py:171} INFO - Processing /home/airflow/.local/lib/python3.6/site-packages/airflow/example_dags/example_latest_only_with_trigger.py took 0.377 seconds
[2021-10-21 16:01:04,198] {processor.py:163} INFO - Started process (PID=938) to work on /home/airflow/.local/lib/python3.6/site-packages/airflow/example_dags/example_latest_only_with_trigger.py
[2021-10-21 16:01:04,200] {processor.py:620} INFO - Processing file /home/airflow/.local/lib/python3.6/site-packages/airflow/example_dags/example_latest_only_with_trigger.py for tasks to queue
[2021-10-21 16:01:04,205] {logging_mixin.py:109} INFO - [2021-10-21 16:01:04,205] {dagbag.py:500} INFO - Filling up the DagBag from /home/airflow/.local/lib/python3.6/site-packages/airflow/example_dags/example_latest_only_with_trigger.py
[2021-10-21 16:01:04,290] {processor.py:632} INFO - DAG(s) dict_keys(['latest_only_with_trigger']) retrieved from /home/airflow/.local/lib/python3.6/site-packages/airflow/example_dags/example_latest_only_with_trigger.py
[2021-10-21 16:01:04,329] {logging_mixin.py:109} INFO - [2021-10-21 16:01:04,328] {dag.py:2389} INFO - Sync 1 DAGs
[2021-10-21 16:01:04,376] {logging_mixin.py:109} INFO - [2021-10-21 16:01:04,376] {dag.py:2914} INFO - Setting next_dagrun for latest_only_with_trigger to 2021-10-21T12:01:04.375753+00:00
[2021-10-21 16:01:04,397] {processor.py:171} INFO - Processing /home/airflow/.local/lib/python3.6/site-packages/airflow/example_dags/example_latest_only_with_trigger.py took 0.217 seconds
[2021-10-21 16:01:36,259] {processor.py:163} INFO - Started process (PID=988) to work on /home/airflow/.local/lib/python3.6/site-packages/airflow/example_dags/example_latest_only_with_trigger.py
[2021-10-21 16:01:36,262] {processor.py:620} INFO - Processing file /home/airflow/.local/lib/python3.6/site-packages/airflow/example_dags/example_latest_only_with_trigger.py for tasks to queue
[2021-10-21 16:01:36,268] {logging_mixin.py:109} INFO - [2021-10-21 16:01:36,267] {dagbag.py:500} INFO - Filling up the DagBag from /home/airflow/.local/lib/python3.6/site-packages/airflow/example_dags/example_latest_only_with_trigger.py
[2021-10-21 16:01:36,342] {processor.py:632} INFO - DAG(s) dict_keys(['latest_only_with_trigger']) retrieved from /home/airflow/.local/lib/python3.6/site-packages/airflow/example_dags/example_latest_only_with_trigger.py
[2021-10-21 16:01:36,374] {logging_mixin.py:109} INFO - [2021-10-21 16:01:36,373] {dag.py:2389} INFO - Sync 1 DAGs
[2021-10-21 16:01:36,419] {logging_mixin.py:109} INFO - [2021-10-21 16:01:36,419] {dag.py:2914} INFO - Setting next_dagrun for latest_only_with_trigger to 2021-10-21T12:01:36.418764+00:00
[2021-10-21 16:01:36,470] {processor.py:171} INFO - Processing /home/airflow/.local/lib/python3.6/site-packages/airflow/example_dags/example_latest_only_with_trigger.py took 0.217 seconds
[2021-10-21 16:02:07,506] {processor.py:163} INFO - Started process (PID=1039) to work on /home/airflow/.local/lib/python3.6/site-packages/airflow/example_dags/example_latest_only_with_trigger.py
[2021-10-21 16:02:07,510] {processor.py:620} INFO - Processing file /home/airflow/.local/lib/python3.6/site-packages/airflow/example_dags/example_latest_only_with_trigger.py for tasks to queue
[2021-10-21 16:02:07,529] {logging_mixin.py:109} INFO - [2021-10-21 16:02:07,528] {dagbag.py:500} INFO - Filling up the DagBag from /home/airflow/.local/lib/python3.6/site-packages/airflow/example_dags/example_latest_only_with_trigger.py
[2021-10-21 16:02:07,650] {processor.py:632} INFO - DAG(s) dict_keys(['latest_only_with_trigger']) retrieved from /home/airflow/.local/lib/python3.6/site-packages/airflow/example_dags/example_latest_only_with_trigger.py
[2021-10-21 16:02:07,686] {logging_mixin.py:109} INFO - [2021-10-21 16:02:07,686] {dag.py:2389} INFO - Sync 1 DAGs
[2021-10-21 16:02:07,978] {logging_mixin.py:109} INFO - [2021-10-21 16:02:07,975] {dag.py:2914} INFO - Setting next_dagrun for latest_only_with_trigger to 2021-10-21T12:02:07.975284+00:00
[2021-10-21 16:02:08,158] {processor.py:171} INFO - Processing /home/airflow/.local/lib/python3.6/site-packages/airflow/example_dags/example_latest_only_with_trigger.py took 0.674 seconds
[2021-10-21 16:02:40,975] {processor.py:163} INFO - Started process (PID=1092) to work on /home/airflow/.local/lib/python3.6/site-packages/airflow/example_dags/example_latest_only_with_trigger.py
[2021-10-21 16:02:40,979] {processor.py:620} INFO - Processing file /home/airflow/.local/lib/python3.6/site-packages/airflow/example_dags/example_latest_only_with_trigger.py for tasks to queue
[2021-10-21 16:02:40,986] {logging_mixin.py:109} INFO - [2021-10-21 16:02:40,986] {dagbag.py:500} INFO - Filling up the DagBag from /home/airflow/.local/lib/python3.6/site-packages/airflow/example_dags/example_latest_only_with_trigger.py
[2021-10-21 16:02:41,314] {processor.py:632} INFO - DAG(s) dict_keys(['latest_only_with_trigger']) retrieved from /home/airflow/.local/lib/python3.6/site-packages/airflow/example_dags/example_latest_only_with_trigger.py
[2021-10-21 16:02:41,402] {logging_mixin.py:109} INFO - [2021-10-21 16:02:41,402] {dag.py:2389} INFO - Sync 1 DAGs
[2021-10-21 16:02:41,495] {logging_mixin.py:109} INFO - [2021-10-21 16:02:41,494] {dag.py:2914} INFO - Setting next_dagrun for latest_only_with_trigger to 2021-10-21T12:02:41.488634+00:00
[2021-10-21 16:02:41,534] {processor.py:171} INFO - Processing /home/airflow/.local/lib/python3.6/site-packages/airflow/example_dags/example_latest_only_with_trigger.py took 0.568 seconds
[2021-10-21 16:03:11,780] {processor.py:163} INFO - Started process (PID=1146) to work on /home/airflow/.local/lib/python3.6/site-packages/airflow/example_dags/example_latest_only_with_trigger.py
[2021-10-21 16:03:11,795] {processor.py:620} INFO - Processing file /home/airflow/.local/lib/python3.6/site-packages/airflow/example_dags/example_latest_only_with_trigger.py for tasks to queue
[2021-10-21 16:03:11,797] {logging_mixin.py:109} INFO - [2021-10-21 16:03:11,797] {dagbag.py:500} INFO - Filling up the DagBag from /home/airflow/.local/lib/python3.6/site-packages/airflow/example_dags/example_latest_only_with_trigger.py
[2021-10-21 16:03:11,984] {processor.py:632} INFO - DAG(s) dict_keys(['latest_only_with_trigger']) retrieved from /home/airflow/.local/lib/python3.6/site-packages/airflow/example_dags/example_latest_only_with_trigger.py
[2021-10-21 16:03:12,017] {logging_mixin.py:109} INFO - [2021-10-21 16:03:12,017] {dag.py:2389} INFO - Sync 1 DAGs
[2021-10-21 16:03:12,047] {logging_mixin.py:109} INFO - [2021-10-21 16:03:12,047] {dag.py:2914} INFO - Setting next_dagrun for latest_only_with_trigger to 2021-10-21T12:03:12.047306+00:00
[2021-10-21 16:03:12,060] {processor.py:171} INFO - Processing /home/airflow/.local/lib/python3.6/site-packages/airflow/example_dags/example_latest_only_with_trigger.py took 0.284 seconds
[2021-10-21 16:03:42,172] {processor.py:163} INFO - Started process (PID=1216) to work on /home/airflow/.local/lib/python3.6/site-packages/airflow/example_dags/example_latest_only_with_trigger.py
[2021-10-21 16:03:42,174] {processor.py:620} INFO - Processing file /home/airflow/.local/lib/python3.6/site-packages/airflow/example_dags/example_latest_only_with_trigger.py for tasks to queue
[2021-10-21 16:03:42,176] {logging_mixin.py:109} INFO - [2021-10-21 16:03:42,176] {dagbag.py:500} INFO - Filling up the DagBag from /home/airflow/.local/lib/python3.6/site-packages/airflow/example_dags/example_latest_only_with_trigger.py
[2021-10-21 16:03:42,206] {processor.py:632} INFO - DAG(s) dict_keys(['latest_only_with_trigger']) retrieved from /home/airflow/.local/lib/python3.6/site-packages/airflow/example_dags/example_latest_only_with_trigger.py
[2021-10-21 16:03:42,217] {logging_mixin.py:109} INFO - [2021-10-21 16:03:42,217] {dag.py:2389} INFO - Sync 1 DAGs
[2021-10-21 16:03:42,236] {logging_mixin.py:109} INFO - [2021-10-21 16:03:42,236] {dag.py:2914} INFO - Setting next_dagrun for latest_only_with_trigger to 2021-10-21T12:03:42.236082+00:00
[2021-10-21 16:03:42,247] {processor.py:171} INFO - Processing /home/airflow/.local/lib/python3.6/site-packages/airflow/example_dags/example_latest_only_with_trigger.py took 0.081 seconds
[2021-10-21 16:04:13,860] {processor.py:163} INFO - Started process (PID=1270) to work on /home/airflow/.local/lib/python3.6/site-packages/airflow/example_dags/example_latest_only_with_trigger.py
[2021-10-21 16:04:13,866] {processor.py:620} INFO - Processing file /home/airflow/.local/lib/python3.6/site-packages/airflow/example_dags/example_latest_only_with_trigger.py for tasks to queue
[2021-10-21 16:04:13,879] {logging_mixin.py:109} INFO - [2021-10-21 16:04:13,869] {dagbag.py:500} INFO - Filling up the DagBag from /home/airflow/.local/lib/python3.6/site-packages/airflow/example_dags/example_latest_only_with_trigger.py
[2021-10-21 16:04:13,952] {processor.py:632} INFO - DAG(s) dict_keys(['latest_only_with_trigger']) retrieved from /home/airflow/.local/lib/python3.6/site-packages/airflow/example_dags/example_latest_only_with_trigger.py
[2021-10-21 16:04:13,972] {logging_mixin.py:109} INFO - [2021-10-21 16:04:13,972] {dag.py:2389} INFO - Sync 1 DAGs
[2021-10-21 16:04:13,999] {logging_mixin.py:109} INFO - [2021-10-21 16:04:13,999] {dag.py:2914} INFO - Setting next_dagrun for latest_only_with_trigger to 2021-10-21T12:04:13.999213+00:00
[2021-10-21 16:04:14,012] {processor.py:171} INFO - Processing /home/airflow/.local/lib/python3.6/site-packages/airflow/example_dags/example_latest_only_with_trigger.py took 0.158 seconds
[2021-10-21 16:04:45,031] {processor.py:163} INFO - Started process (PID=1324) to work on /home/airflow/.local/lib/python3.6/site-packages/airflow/example_dags/example_latest_only_with_trigger.py
[2021-10-21 16:04:45,034] {processor.py:620} INFO - Processing file /home/airflow/.local/lib/python3.6/site-packages/airflow/example_dags/example_latest_only_with_trigger.py for tasks to queue
[2021-10-21 16:04:45,036] {logging_mixin.py:109} INFO - [2021-10-21 16:04:45,035] {dagbag.py:500} INFO - Filling up the DagBag from /home/airflow/.local/lib/python3.6/site-packages/airflow/example_dags/example_latest_only_with_trigger.py
[2021-10-21 16:04:45,075] {processor.py:632} INFO - DAG(s) dict_keys(['latest_only_with_trigger']) retrieved from /home/airflow/.local/lib/python3.6/site-packages/airflow/example_dags/example_latest_only_with_trigger.py
[2021-10-21 16:04:45,092] {logging_mixin.py:109} INFO - [2021-10-21 16:04:45,092] {dag.py:2389} INFO - Sync 1 DAGs
[2021-10-21 16:04:45,118] {logging_mixin.py:109} INFO - [2021-10-21 16:04:45,118] {dag.py:2914} INFO - Setting next_dagrun for latest_only_with_trigger to 2021-10-21T12:04:45.117755+00:00
[2021-10-21 16:04:45,128] {processor.py:171} INFO - Processing /home/airflow/.local/lib/python3.6/site-packages/airflow/example_dags/example_latest_only_with_trigger.py took 0.106 seconds
[2021-10-21 16:05:15,662] {processor.py:163} INFO - Started process (PID=1388) to work on /home/airflow/.local/lib/python3.6/site-packages/airflow/example_dags/example_latest_only_with_trigger.py
[2021-10-21 16:05:15,664] {processor.py:620} INFO - Processing file /home/airflow/.local/lib/python3.6/site-packages/airflow/example_dags/example_latest_only_with_trigger.py for tasks to queue
[2021-10-21 16:05:15,672] {logging_mixin.py:109} INFO - [2021-10-21 16:05:15,672] {dagbag.py:500} INFO - Filling up the DagBag from /home/airflow/.local/lib/python3.6/site-packages/airflow/example_dags/example_latest_only_with_trigger.py
[2021-10-21 16:05:15,722] {processor.py:632} INFO - DAG(s) dict_keys(['latest_only_with_trigger']) retrieved from /home/airflow/.local/lib/python3.6/site-packages/airflow/example_dags/example_latest_only_with_trigger.py
[2021-10-21 16:05:15,734] {logging_mixin.py:109} INFO - [2021-10-21 16:05:15,734] {dag.py:2389} INFO - Sync 1 DAGs
[2021-10-21 16:05:15,752] {logging_mixin.py:109} INFO - [2021-10-21 16:05:15,751] {dag.py:2914} INFO - Setting next_dagrun for latest_only_with_trigger to 2021-10-21T12:05:15.751661+00:00
[2021-10-21 16:05:15,761] {processor.py:171} INFO - Processing /home/airflow/.local/lib/python3.6/site-packages/airflow/example_dags/example_latest_only_with_trigger.py took 0.103 seconds
[2021-10-21 16:05:46,473] {processor.py:163} INFO - Started process (PID=1444) to work on /home/airflow/.local/lib/python3.6/site-packages/airflow/example_dags/example_latest_only_with_trigger.py
[2021-10-21 16:05:46,480] {processor.py:620} INFO - Processing file /home/airflow/.local/lib/python3.6/site-packages/airflow/example_dags/example_latest_only_with_trigger.py for tasks to queue
[2021-10-21 16:05:46,483] {logging_mixin.py:109} INFO - [2021-10-21 16:05:46,483] {dagbag.py:500} INFO - Filling up the DagBag from /home/airflow/.local/lib/python3.6/site-packages/airflow/example_dags/example_latest_only_with_trigger.py
[2021-10-21 16:05:46,560] {processor.py:632} INFO - DAG(s) dict_keys(['latest_only_with_trigger']) retrieved from /home/airflow/.local/lib/python3.6/site-packages/airflow/example_dags/example_latest_only_with_trigger.py
[2021-10-21 16:05:46,598] {logging_mixin.py:109} INFO - [2021-10-21 16:05:46,597] {dag.py:2389} INFO - Sync 1 DAGs
[2021-10-21 16:05:46,640] {logging_mixin.py:109} INFO - [2021-10-21 16:05:46,640] {dag.py:2914} INFO - Setting next_dagrun for latest_only_with_trigger to 2021-10-21T12:05:46.640265+00:00
[2021-10-21 16:05:46,668] {processor.py:171} INFO - Processing /home/airflow/.local/lib/python3.6/site-packages/airflow/example_dags/example_latest_only_with_trigger.py took 0.206 seconds
[2021-10-21 16:06:17,302] {processor.py:163} INFO - Started process (PID=1498) to work on /home/airflow/.local/lib/python3.6/site-packages/airflow/example_dags/example_latest_only_with_trigger.py
[2021-10-21 16:06:17,305] {processor.py:620} INFO - Processing file /home/airflow/.local/lib/python3.6/site-packages/airflow/example_dags/example_latest_only_with_trigger.py for tasks to queue
[2021-10-21 16:06:17,307] {logging_mixin.py:109} INFO - [2021-10-21 16:06:17,307] {dagbag.py:500} INFO - Filling up the DagBag from /home/airflow/.local/lib/python3.6/site-packages/airflow/example_dags/example_latest_only_with_trigger.py
[2021-10-21 16:06:17,346] {processor.py:632} INFO - DAG(s) dict_keys(['latest_only_with_trigger']) retrieved from /home/airflow/.local/lib/python3.6/site-packages/airflow/example_dags/example_latest_only_with_trigger.py
[2021-10-21 16:06:17,361] {logging_mixin.py:109} INFO - [2021-10-21 16:06:17,361] {dag.py:2389} INFO - Sync 1 DAGs
[2021-10-21 16:06:17,377] {logging_mixin.py:109} INFO - [2021-10-21 16:06:17,377] {dag.py:2914} INFO - Setting next_dagrun for latest_only_with_trigger to 2021-10-21T12:06:17.377465+00:00
[2021-10-21 16:06:17,390] {processor.py:171} INFO - Processing /home/airflow/.local/lib/python3.6/site-packages/airflow/example_dags/example_latest_only_with_trigger.py took 0.093 seconds
[2021-10-21 16:06:47,860] {processor.py:163} INFO - Started process (PID=1555) to work on /home/airflow/.local/lib/python3.6/site-packages/airflow/example_dags/example_latest_only_with_trigger.py
[2021-10-21 16:06:47,863] {processor.py:620} INFO - Processing file /home/airflow/.local/lib/python3.6/site-packages/airflow/example_dags/example_latest_only_with_trigger.py for tasks to queue
[2021-10-21 16:06:47,864] {logging_mixin.py:109} INFO - [2021-10-21 16:06:47,864] {dagbag.py:500} INFO - Filling up the DagBag from /home/airflow/.local/lib/python3.6/site-packages/airflow/example_dags/example_latest_only_with_trigger.py
[2021-10-21 16:06:47,985] {processor.py:632} INFO - DAG(s) dict_keys(['latest_only_with_trigger']) retrieved from /home/airflow/.local/lib/python3.6/site-packages/airflow/example_dags/example_latest_only_with_trigger.py
[2021-10-21 16:06:48,029] {logging_mixin.py:109} INFO - [2021-10-21 16:06:48,029] {dag.py:2389} INFO - Sync 1 DAGs
[2021-10-21 16:06:48,084] {logging_mixin.py:109} INFO - [2021-10-21 16:06:48,082] {dag.py:2914} INFO - Setting next_dagrun for latest_only_with_trigger to 2021-10-21T12:06:48.082038+00:00
[2021-10-21 16:06:48,111] {processor.py:171} INFO - Processing /home/airflow/.local/lib/python3.6/site-packages/airflow/example_dags/example_latest_only_with_trigger.py took 0.257 seconds
