[2021-10-21 15:53:14,027] {processor.py:163} INFO - Started process (PID=66) to work on /home/airflow/.local/lib/python3.6/site-packages/airflow/example_dags/example_external_task_marker_dag.py
[2021-10-21 15:53:14,042] {processor.py:620} INFO - Processing file /home/airflow/.local/lib/python3.6/site-packages/airflow/example_dags/example_external_task_marker_dag.py for tasks to queue
[2021-10-21 15:53:14,048] {logging_mixin.py:109} INFO - [2021-10-21 15:53:14,048] {dagbag.py:500} INFO - Filling up the DagBag from /home/airflow/.local/lib/python3.6/site-packages/airflow/example_dags/example_external_task_marker_dag.py
[2021-10-21 15:53:14,256] {processor.py:632} INFO - DAG(s) dict_keys(['example_external_task_marker_parent', 'example_external_task_marker_child']) retrieved from /home/airflow/.local/lib/python3.6/site-packages/airflow/example_dags/example_external_task_marker_dag.py
[2021-10-21 15:53:14,347] {logging_mixin.py:109} INFO - [2021-10-21 15:53:14,347] {dag.py:2389} INFO - Sync 2 DAGs
[2021-10-21 15:53:14,469] {logging_mixin.py:109} INFO - [2021-10-21 15:53:14,469] {dag.py:2914} INFO - Setting next_dagrun for example_external_task_marker_child to None
[2021-10-21 15:53:14,472] {logging_mixin.py:109} INFO - [2021-10-21 15:53:14,472] {dag.py:2914} INFO - Setting next_dagrun for example_external_task_marker_parent to None
[2021-10-21 15:53:14,527] {processor.py:171} INFO - Processing /home/airflow/.local/lib/python3.6/site-packages/airflow/example_dags/example_external_task_marker_dag.py took 0.516 seconds
[2021-10-21 15:53:44,768] {processor.py:163} INFO - Started process (PID=120) to work on /home/airflow/.local/lib/python3.6/site-packages/airflow/example_dags/example_external_task_marker_dag.py
[2021-10-21 15:53:44,770] {processor.py:620} INFO - Processing file /home/airflow/.local/lib/python3.6/site-packages/airflow/example_dags/example_external_task_marker_dag.py for tasks to queue
[2021-10-21 15:53:44,772] {logging_mixin.py:109} INFO - [2021-10-21 15:53:44,772] {dagbag.py:500} INFO - Filling up the DagBag from /home/airflow/.local/lib/python3.6/site-packages/airflow/example_dags/example_external_task_marker_dag.py
[2021-10-21 15:53:44,804] {processor.py:632} INFO - DAG(s) dict_keys(['example_external_task_marker_parent', 'example_external_task_marker_child']) retrieved from /home/airflow/.local/lib/python3.6/site-packages/airflow/example_dags/example_external_task_marker_dag.py
[2021-10-21 15:53:44,821] {logging_mixin.py:109} INFO - [2021-10-21 15:53:44,821] {dag.py:2389} INFO - Sync 2 DAGs
[2021-10-21 15:53:44,845] {logging_mixin.py:109} INFO - [2021-10-21 15:53:44,845] {dag.py:2914} INFO - Setting next_dagrun for example_external_task_marker_child to None
[2021-10-21 15:53:44,846] {logging_mixin.py:109} INFO - [2021-10-21 15:53:44,846] {dag.py:2914} INFO - Setting next_dagrun for example_external_task_marker_parent to None
[2021-10-21 15:53:44,859] {processor.py:171} INFO - Processing /home/airflow/.local/lib/python3.6/site-packages/airflow/example_dags/example_external_task_marker_dag.py took 0.095 seconds
[2021-10-21 15:54:15,858] {processor.py:163} INFO - Started process (PID=173) to work on /home/airflow/.local/lib/python3.6/site-packages/airflow/example_dags/example_external_task_marker_dag.py
[2021-10-21 15:54:15,865] {processor.py:620} INFO - Processing file /home/airflow/.local/lib/python3.6/site-packages/airflow/example_dags/example_external_task_marker_dag.py for tasks to queue
[2021-10-21 15:54:15,867] {logging_mixin.py:109} INFO - [2021-10-21 15:54:15,867] {dagbag.py:500} INFO - Filling up the DagBag from /home/airflow/.local/lib/python3.6/site-packages/airflow/example_dags/example_external_task_marker_dag.py
[2021-10-21 15:54:15,922] {processor.py:632} INFO - DAG(s) dict_keys(['example_external_task_marker_parent', 'example_external_task_marker_child']) retrieved from /home/airflow/.local/lib/python3.6/site-packages/airflow/example_dags/example_external_task_marker_dag.py
[2021-10-21 15:54:15,965] {logging_mixin.py:109} INFO - [2021-10-21 15:54:15,965] {dag.py:2389} INFO - Sync 2 DAGs
[2021-10-21 15:54:15,987] {logging_mixin.py:109} INFO - [2021-10-21 15:54:15,987] {dag.py:2914} INFO - Setting next_dagrun for example_external_task_marker_child to None
[2021-10-21 15:54:15,989] {logging_mixin.py:109} INFO - [2021-10-21 15:54:15,989] {dag.py:2914} INFO - Setting next_dagrun for example_external_task_marker_parent to None
[2021-10-21 15:54:16,008] {processor.py:171} INFO - Processing /home/airflow/.local/lib/python3.6/site-packages/airflow/example_dags/example_external_task_marker_dag.py took 0.157 seconds
[2021-10-21 15:54:46,614] {processor.py:163} INFO - Started process (PID=228) to work on /home/airflow/.local/lib/python3.6/site-packages/airflow/example_dags/example_external_task_marker_dag.py
[2021-10-21 15:54:46,623] {processor.py:620} INFO - Processing file /home/airflow/.local/lib/python3.6/site-packages/airflow/example_dags/example_external_task_marker_dag.py for tasks to queue
[2021-10-21 15:54:46,625] {logging_mixin.py:109} INFO - [2021-10-21 15:54:46,625] {dagbag.py:500} INFO - Filling up the DagBag from /home/airflow/.local/lib/python3.6/site-packages/airflow/example_dags/example_external_task_marker_dag.py
[2021-10-21 15:54:46,762] {processor.py:632} INFO - DAG(s) dict_keys(['example_external_task_marker_parent', 'example_external_task_marker_child']) retrieved from /home/airflow/.local/lib/python3.6/site-packages/airflow/example_dags/example_external_task_marker_dag.py
[2021-10-21 15:54:46,796] {logging_mixin.py:109} INFO - [2021-10-21 15:54:46,796] {dag.py:2389} INFO - Sync 2 DAGs
[2021-10-21 15:54:46,863] {logging_mixin.py:109} INFO - [2021-10-21 15:54:46,863] {dag.py:2914} INFO - Setting next_dagrun for example_external_task_marker_child to None
[2021-10-21 15:54:46,871] {logging_mixin.py:109} INFO - [2021-10-21 15:54:46,870] {dag.py:2914} INFO - Setting next_dagrun for example_external_task_marker_parent to None
[2021-10-21 15:54:46,901] {processor.py:171} INFO - Processing /home/airflow/.local/lib/python3.6/site-packages/airflow/example_dags/example_external_task_marker_dag.py took 0.293 seconds
[2021-10-21 15:55:18,005] {processor.py:163} INFO - Started process (PID=292) to work on /home/airflow/.local/lib/python3.6/site-packages/airflow/example_dags/example_external_task_marker_dag.py
[2021-10-21 15:55:18,011] {processor.py:620} INFO - Processing file /home/airflow/.local/lib/python3.6/site-packages/airflow/example_dags/example_external_task_marker_dag.py for tasks to queue
[2021-10-21 15:55:18,013] {logging_mixin.py:109} INFO - [2021-10-21 15:55:18,013] {dagbag.py:500} INFO - Filling up the DagBag from /home/airflow/.local/lib/python3.6/site-packages/airflow/example_dags/example_external_task_marker_dag.py
[2021-10-21 15:55:18,073] {processor.py:632} INFO - DAG(s) dict_keys(['example_external_task_marker_parent', 'example_external_task_marker_child']) retrieved from /home/airflow/.local/lib/python3.6/site-packages/airflow/example_dags/example_external_task_marker_dag.py
[2021-10-21 15:55:18,104] {logging_mixin.py:109} INFO - [2021-10-21 15:55:18,104] {dag.py:2389} INFO - Sync 2 DAGs
[2021-10-21 15:55:18,144] {logging_mixin.py:109} INFO - [2021-10-21 15:55:18,143] {dag.py:2914} INFO - Setting next_dagrun for example_external_task_marker_child to None
[2021-10-21 15:55:18,145] {logging_mixin.py:109} INFO - [2021-10-21 15:55:18,145] {dag.py:2914} INFO - Setting next_dagrun for example_external_task_marker_parent to None
[2021-10-21 15:55:18,169] {processor.py:171} INFO - Processing /home/airflow/.local/lib/python3.6/site-packages/airflow/example_dags/example_external_task_marker_dag.py took 0.167 seconds
[2021-10-21 15:55:49,282] {processor.py:163} INFO - Started process (PID=347) to work on /home/airflow/.local/lib/python3.6/site-packages/airflow/example_dags/example_external_task_marker_dag.py
[2021-10-21 15:55:49,285] {processor.py:620} INFO - Processing file /home/airflow/.local/lib/python3.6/site-packages/airflow/example_dags/example_external_task_marker_dag.py for tasks to queue
[2021-10-21 15:55:49,287] {logging_mixin.py:109} INFO - [2021-10-21 15:55:49,286] {dagbag.py:500} INFO - Filling up the DagBag from /home/airflow/.local/lib/python3.6/site-packages/airflow/example_dags/example_external_task_marker_dag.py
[2021-10-21 15:55:49,328] {processor.py:632} INFO - DAG(s) dict_keys(['example_external_task_marker_parent', 'example_external_task_marker_child']) retrieved from /home/airflow/.local/lib/python3.6/site-packages/airflow/example_dags/example_external_task_marker_dag.py
[2021-10-21 15:55:49,356] {logging_mixin.py:109} INFO - [2021-10-21 15:55:49,356] {dag.py:2389} INFO - Sync 2 DAGs
[2021-10-21 15:55:49,378] {logging_mixin.py:109} INFO - [2021-10-21 15:55:49,378] {dag.py:2914} INFO - Setting next_dagrun for example_external_task_marker_child to None
[2021-10-21 15:55:49,379] {logging_mixin.py:109} INFO - [2021-10-21 15:55:49,379] {dag.py:2914} INFO - Setting next_dagrun for example_external_task_marker_parent to None
[2021-10-21 15:55:49,399] {processor.py:171} INFO - Processing /home/airflow/.local/lib/python3.6/site-packages/airflow/example_dags/example_external_task_marker_dag.py took 0.125 seconds
[2021-10-21 15:56:21,594] {processor.py:163} INFO - Started process (PID=403) to work on /home/airflow/.local/lib/python3.6/site-packages/airflow/example_dags/example_external_task_marker_dag.py
[2021-10-21 15:56:21,599] {processor.py:620} INFO - Processing file /home/airflow/.local/lib/python3.6/site-packages/airflow/example_dags/example_external_task_marker_dag.py for tasks to queue
[2021-10-21 15:56:21,603] {logging_mixin.py:109} INFO - [2021-10-21 15:56:21,603] {dagbag.py:500} INFO - Filling up the DagBag from /home/airflow/.local/lib/python3.6/site-packages/airflow/example_dags/example_external_task_marker_dag.py
[2021-10-21 15:56:21,724] {processor.py:632} INFO - DAG(s) dict_keys(['example_external_task_marker_parent', 'example_external_task_marker_child']) retrieved from /home/airflow/.local/lib/python3.6/site-packages/airflow/example_dags/example_external_task_marker_dag.py
[2021-10-21 15:56:21,771] {logging_mixin.py:109} INFO - [2021-10-21 15:56:21,771] {dag.py:2389} INFO - Sync 2 DAGs
[2021-10-21 15:56:21,834] {logging_mixin.py:109} INFO - [2021-10-21 15:56:21,834] {dag.py:2914} INFO - Setting next_dagrun for example_external_task_marker_child to None
[2021-10-21 15:56:21,836] {logging_mixin.py:109} INFO - [2021-10-21 15:56:21,836] {dag.py:2914} INFO - Setting next_dagrun for example_external_task_marker_parent to None
[2021-10-21 15:56:21,880] {processor.py:171} INFO - Processing /home/airflow/.local/lib/python3.6/site-packages/airflow/example_dags/example_external_task_marker_dag.py took 0.292 seconds
[2021-10-21 15:56:52,554] {processor.py:163} INFO - Started process (PID=470) to work on /home/airflow/.local/lib/python3.6/site-packages/airflow/example_dags/example_external_task_marker_dag.py
[2021-10-21 15:56:52,558] {processor.py:620} INFO - Processing file /home/airflow/.local/lib/python3.6/site-packages/airflow/example_dags/example_external_task_marker_dag.py for tasks to queue
[2021-10-21 15:56:52,560] {logging_mixin.py:109} INFO - [2021-10-21 15:56:52,559] {dagbag.py:500} INFO - Filling up the DagBag from /home/airflow/.local/lib/python3.6/site-packages/airflow/example_dags/example_external_task_marker_dag.py
[2021-10-21 15:56:52,597] {processor.py:632} INFO - DAG(s) dict_keys(['example_external_task_marker_parent', 'example_external_task_marker_child']) retrieved from /home/airflow/.local/lib/python3.6/site-packages/airflow/example_dags/example_external_task_marker_dag.py
[2021-10-21 15:56:52,619] {logging_mixin.py:109} INFO - [2021-10-21 15:56:52,619] {dag.py:2389} INFO - Sync 2 DAGs
[2021-10-21 15:56:52,639] {logging_mixin.py:109} INFO - [2021-10-21 15:56:52,639] {dag.py:2914} INFO - Setting next_dagrun for example_external_task_marker_child to None
[2021-10-21 15:56:52,640] {logging_mixin.py:109} INFO - [2021-10-21 15:56:52,640] {dag.py:2914} INFO - Setting next_dagrun for example_external_task_marker_parent to None
[2021-10-21 15:56:52,657] {processor.py:171} INFO - Processing /home/airflow/.local/lib/python3.6/site-packages/airflow/example_dags/example_external_task_marker_dag.py took 0.107 seconds
[2021-10-21 15:57:23,507] {processor.py:163} INFO - Started process (PID=525) to work on /home/airflow/.local/lib/python3.6/site-packages/airflow/example_dags/example_external_task_marker_dag.py
[2021-10-21 15:57:23,518] {processor.py:620} INFO - Processing file /home/airflow/.local/lib/python3.6/site-packages/airflow/example_dags/example_external_task_marker_dag.py for tasks to queue
[2021-10-21 15:57:23,521] {logging_mixin.py:109} INFO - [2021-10-21 15:57:23,521] {dagbag.py:500} INFO - Filling up the DagBag from /home/airflow/.local/lib/python3.6/site-packages/airflow/example_dags/example_external_task_marker_dag.py
[2021-10-21 15:57:23,616] {processor.py:632} INFO - DAG(s) dict_keys(['example_external_task_marker_parent', 'example_external_task_marker_child']) retrieved from /home/airflow/.local/lib/python3.6/site-packages/airflow/example_dags/example_external_task_marker_dag.py
[2021-10-21 15:57:23,656] {logging_mixin.py:109} INFO - [2021-10-21 15:57:23,656] {dag.py:2389} INFO - Sync 2 DAGs
[2021-10-21 15:57:23,756] {logging_mixin.py:109} INFO - [2021-10-21 15:57:23,756] {dag.py:2914} INFO - Setting next_dagrun for example_external_task_marker_child to None
[2021-10-21 15:57:23,758] {logging_mixin.py:109} INFO - [2021-10-21 15:57:23,758] {dag.py:2914} INFO - Setting next_dagrun for example_external_task_marker_parent to None
[2021-10-21 15:57:23,787] {processor.py:171} INFO - Processing /home/airflow/.local/lib/python3.6/site-packages/airflow/example_dags/example_external_task_marker_dag.py took 0.285 seconds
[2021-10-21 15:57:54,084] {processor.py:163} INFO - Started process (PID=583) to work on /home/airflow/.local/lib/python3.6/site-packages/airflow/example_dags/example_external_task_marker_dag.py
[2021-10-21 15:57:54,091] {processor.py:620} INFO - Processing file /home/airflow/.local/lib/python3.6/site-packages/airflow/example_dags/example_external_task_marker_dag.py for tasks to queue
[2021-10-21 15:57:54,095] {logging_mixin.py:109} INFO - [2021-10-21 15:57:54,094] {dagbag.py:500} INFO - Filling up the DagBag from /home/airflow/.local/lib/python3.6/site-packages/airflow/example_dags/example_external_task_marker_dag.py
[2021-10-21 15:57:54,177] {processor.py:632} INFO - DAG(s) dict_keys(['example_external_task_marker_parent', 'example_external_task_marker_child']) retrieved from /home/airflow/.local/lib/python3.6/site-packages/airflow/example_dags/example_external_task_marker_dag.py
[2021-10-21 15:57:54,203] {logging_mixin.py:109} INFO - [2021-10-21 15:57:54,203] {dag.py:2389} INFO - Sync 2 DAGs
[2021-10-21 15:57:54,239] {logging_mixin.py:109} INFO - [2021-10-21 15:57:54,239] {dag.py:2914} INFO - Setting next_dagrun for example_external_task_marker_child to None
[2021-10-21 15:57:54,258] {logging_mixin.py:109} INFO - [2021-10-21 15:57:54,257] {dag.py:2914} INFO - Setting next_dagrun for example_external_task_marker_parent to None
[2021-10-21 15:57:54,295] {processor.py:171} INFO - Processing /home/airflow/.local/lib/python3.6/site-packages/airflow/example_dags/example_external_task_marker_dag.py took 0.219 seconds
[2021-10-21 15:58:24,737] {processor.py:163} INFO - Started process (PID=639) to work on /home/airflow/.local/lib/python3.6/site-packages/airflow/example_dags/example_external_task_marker_dag.py
[2021-10-21 15:58:24,741] {processor.py:620} INFO - Processing file /home/airflow/.local/lib/python3.6/site-packages/airflow/example_dags/example_external_task_marker_dag.py for tasks to queue
[2021-10-21 15:58:24,743] {logging_mixin.py:109} INFO - [2021-10-21 15:58:24,743] {dagbag.py:500} INFO - Filling up the DagBag from /home/airflow/.local/lib/python3.6/site-packages/airflow/example_dags/example_external_task_marker_dag.py
[2021-10-21 15:58:24,781] {processor.py:632} INFO - DAG(s) dict_keys(['example_external_task_marker_parent', 'example_external_task_marker_child']) retrieved from /home/airflow/.local/lib/python3.6/site-packages/airflow/example_dags/example_external_task_marker_dag.py
[2021-10-21 15:58:24,805] {logging_mixin.py:109} INFO - [2021-10-21 15:58:24,804] {dag.py:2389} INFO - Sync 2 DAGs
[2021-10-21 15:58:24,829] {logging_mixin.py:109} INFO - [2021-10-21 15:58:24,829] {dag.py:2914} INFO - Setting next_dagrun for example_external_task_marker_child to None
[2021-10-21 15:58:24,830] {logging_mixin.py:109} INFO - [2021-10-21 15:58:24,830] {dag.py:2914} INFO - Setting next_dagrun for example_external_task_marker_parent to None
[2021-10-21 15:58:24,840] {processor.py:171} INFO - Processing /home/airflow/.local/lib/python3.6/site-packages/airflow/example_dags/example_external_task_marker_dag.py took 0.113 seconds
[2021-10-21 15:58:56,020] {processor.py:163} INFO - Started process (PID=703) to work on /home/airflow/.local/lib/python3.6/site-packages/airflow/example_dags/example_external_task_marker_dag.py
[2021-10-21 15:58:56,031] {processor.py:620} INFO - Processing file /home/airflow/.local/lib/python3.6/site-packages/airflow/example_dags/example_external_task_marker_dag.py for tasks to queue
[2021-10-21 15:58:56,032] {logging_mixin.py:109} INFO - [2021-10-21 15:58:56,032] {dagbag.py:500} INFO - Filling up the DagBag from /home/airflow/.local/lib/python3.6/site-packages/airflow/example_dags/example_external_task_marker_dag.py
[2021-10-21 15:58:56,124] {processor.py:632} INFO - DAG(s) dict_keys(['example_external_task_marker_parent', 'example_external_task_marker_child']) retrieved from /home/airflow/.local/lib/python3.6/site-packages/airflow/example_dags/example_external_task_marker_dag.py
[2021-10-21 15:58:56,167] {logging_mixin.py:109} INFO - [2021-10-21 15:58:56,167] {dag.py:2389} INFO - Sync 2 DAGs
[2021-10-21 15:58:56,251] {logging_mixin.py:109} INFO - [2021-10-21 15:58:56,250] {dag.py:2914} INFO - Setting next_dagrun for example_external_task_marker_child to None
[2021-10-21 15:58:56,261] {logging_mixin.py:109} INFO - [2021-10-21 15:58:56,261] {dag.py:2914} INFO - Setting next_dagrun for example_external_task_marker_parent to None
[2021-10-21 15:58:56,316] {processor.py:171} INFO - Processing /home/airflow/.local/lib/python3.6/site-packages/airflow/example_dags/example_external_task_marker_dag.py took 0.298 seconds
[2021-10-21 15:59:26,429] {processor.py:163} INFO - Started process (PID=760) to work on /home/airflow/.local/lib/python3.6/site-packages/airflow/example_dags/example_external_task_marker_dag.py
[2021-10-21 15:59:26,431] {processor.py:620} INFO - Processing file /home/airflow/.local/lib/python3.6/site-packages/airflow/example_dags/example_external_task_marker_dag.py for tasks to queue
[2021-10-21 15:59:26,436] {logging_mixin.py:109} INFO - [2021-10-21 15:59:26,436] {dagbag.py:500} INFO - Filling up the DagBag from /home/airflow/.local/lib/python3.6/site-packages/airflow/example_dags/example_external_task_marker_dag.py
[2021-10-21 15:59:26,491] {processor.py:632} INFO - DAG(s) dict_keys(['example_external_task_marker_parent', 'example_external_task_marker_child']) retrieved from /home/airflow/.local/lib/python3.6/site-packages/airflow/example_dags/example_external_task_marker_dag.py
[2021-10-21 15:59:26,505] {logging_mixin.py:109} INFO - [2021-10-21 15:59:26,505] {dag.py:2389} INFO - Sync 2 DAGs
[2021-10-21 15:59:26,526] {logging_mixin.py:109} INFO - [2021-10-21 15:59:26,526] {dag.py:2914} INFO - Setting next_dagrun for example_external_task_marker_child to None
[2021-10-21 15:59:26,527] {logging_mixin.py:109} INFO - [2021-10-21 15:59:26,527] {dag.py:2914} INFO - Setting next_dagrun for example_external_task_marker_parent to None
[2021-10-21 15:59:26,540] {processor.py:171} INFO - Processing /home/airflow/.local/lib/python3.6/site-packages/airflow/example_dags/example_external_task_marker_dag.py took 0.117 seconds
[2021-10-21 15:59:58,445] {processor.py:163} INFO - Started process (PID=816) to work on /home/airflow/.local/lib/python3.6/site-packages/airflow/example_dags/example_external_task_marker_dag.py
[2021-10-21 15:59:58,457] {processor.py:620} INFO - Processing file /home/airflow/.local/lib/python3.6/site-packages/airflow/example_dags/example_external_task_marker_dag.py for tasks to queue
[2021-10-21 15:59:58,460] {logging_mixin.py:109} INFO - [2021-10-21 15:59:58,460] {dagbag.py:500} INFO - Filling up the DagBag from /home/airflow/.local/lib/python3.6/site-packages/airflow/example_dags/example_external_task_marker_dag.py
[2021-10-21 15:59:58,530] {processor.py:632} INFO - DAG(s) dict_keys(['example_external_task_marker_parent', 'example_external_task_marker_child']) retrieved from /home/airflow/.local/lib/python3.6/site-packages/airflow/example_dags/example_external_task_marker_dag.py
[2021-10-21 15:59:58,591] {logging_mixin.py:109} INFO - [2021-10-21 15:59:58,591] {dag.py:2389} INFO - Sync 2 DAGs
[2021-10-21 15:59:58,629] {logging_mixin.py:109} INFO - [2021-10-21 15:59:58,629] {dag.py:2914} INFO - Setting next_dagrun for example_external_task_marker_child to None
[2021-10-21 15:59:58,635] {logging_mixin.py:109} INFO - [2021-10-21 15:59:58,635] {dag.py:2914} INFO - Setting next_dagrun for example_external_task_marker_parent to None
[2021-10-21 15:59:58,655] {processor.py:171} INFO - Processing /home/airflow/.local/lib/python3.6/site-packages/airflow/example_dags/example_external_task_marker_dag.py took 0.216 seconds
[2021-10-21 16:00:31,237] {processor.py:163} INFO - Started process (PID=884) to work on /home/airflow/.local/lib/python3.6/site-packages/airflow/example_dags/example_external_task_marker_dag.py
[2021-10-21 16:00:31,242] {processor.py:620} INFO - Processing file /home/airflow/.local/lib/python3.6/site-packages/airflow/example_dags/example_external_task_marker_dag.py for tasks to queue
[2021-10-21 16:00:31,244] {logging_mixin.py:109} INFO - [2021-10-21 16:00:31,244] {dagbag.py:500} INFO - Filling up the DagBag from /home/airflow/.local/lib/python3.6/site-packages/airflow/example_dags/example_external_task_marker_dag.py
[2021-10-21 16:00:31,343] {processor.py:632} INFO - DAG(s) dict_keys(['example_external_task_marker_parent', 'example_external_task_marker_child']) retrieved from /home/airflow/.local/lib/python3.6/site-packages/airflow/example_dags/example_external_task_marker_dag.py
[2021-10-21 16:00:31,377] {logging_mixin.py:109} INFO - [2021-10-21 16:00:31,376] {dag.py:2389} INFO - Sync 2 DAGs
[2021-10-21 16:00:31,440] {logging_mixin.py:109} INFO - [2021-10-21 16:00:31,440] {dag.py:2914} INFO - Setting next_dagrun for example_external_task_marker_child to None
[2021-10-21 16:00:31,442] {logging_mixin.py:109} INFO - [2021-10-21 16:00:31,442] {dag.py:2914} INFO - Setting next_dagrun for example_external_task_marker_parent to None
[2021-10-21 16:00:31,474] {processor.py:171} INFO - Processing /home/airflow/.local/lib/python3.6/site-packages/airflow/example_dags/example_external_task_marker_dag.py took 0.247 seconds
[2021-10-21 16:01:04,168] {processor.py:163} INFO - Started process (PID=937) to work on /home/airflow/.local/lib/python3.6/site-packages/airflow/example_dags/example_external_task_marker_dag.py
[2021-10-21 16:01:04,190] {processor.py:620} INFO - Processing file /home/airflow/.local/lib/python3.6/site-packages/airflow/example_dags/example_external_task_marker_dag.py for tasks to queue
[2021-10-21 16:01:04,193] {logging_mixin.py:109} INFO - [2021-10-21 16:01:04,193] {dagbag.py:500} INFO - Filling up the DagBag from /home/airflow/.local/lib/python3.6/site-packages/airflow/example_dags/example_external_task_marker_dag.py
[2021-10-21 16:01:04,283] {processor.py:632} INFO - DAG(s) dict_keys(['example_external_task_marker_parent', 'example_external_task_marker_child']) retrieved from /home/airflow/.local/lib/python3.6/site-packages/airflow/example_dags/example_external_task_marker_dag.py
[2021-10-21 16:01:04,343] {logging_mixin.py:109} INFO - [2021-10-21 16:01:04,343] {dag.py:2389} INFO - Sync 2 DAGs
[2021-10-21 16:01:04,433] {logging_mixin.py:109} INFO - [2021-10-21 16:01:04,433] {dag.py:2914} INFO - Setting next_dagrun for example_external_task_marker_child to None
[2021-10-21 16:01:04,435] {logging_mixin.py:109} INFO - [2021-10-21 16:01:04,435] {dag.py:2914} INFO - Setting next_dagrun for example_external_task_marker_parent to None
[2021-10-21 16:01:04,475] {processor.py:171} INFO - Processing /home/airflow/.local/lib/python3.6/site-packages/airflow/example_dags/example_external_task_marker_dag.py took 0.317 seconds
[2021-10-21 16:01:36,058] {processor.py:163} INFO - Started process (PID=984) to work on /home/airflow/.local/lib/python3.6/site-packages/airflow/example_dags/example_external_task_marker_dag.py
[2021-10-21 16:01:36,061] {processor.py:620} INFO - Processing file /home/airflow/.local/lib/python3.6/site-packages/airflow/example_dags/example_external_task_marker_dag.py for tasks to queue
[2021-10-21 16:01:36,070] {logging_mixin.py:109} INFO - [2021-10-21 16:01:36,064] {dagbag.py:500} INFO - Filling up the DagBag from /home/airflow/.local/lib/python3.6/site-packages/airflow/example_dags/example_external_task_marker_dag.py
[2021-10-21 16:01:36,211] {processor.py:632} INFO - DAG(s) dict_keys(['example_external_task_marker_parent', 'example_external_task_marker_child']) retrieved from /home/airflow/.local/lib/python3.6/site-packages/airflow/example_dags/example_external_task_marker_dag.py
[2021-10-21 16:01:36,294] {logging_mixin.py:109} INFO - [2021-10-21 16:01:36,294] {dag.py:2389} INFO - Sync 2 DAGs
[2021-10-21 16:01:36,395] {logging_mixin.py:109} INFO - [2021-10-21 16:01:36,395] {dag.py:2914} INFO - Setting next_dagrun for example_external_task_marker_child to None
[2021-10-21 16:01:36,397] {logging_mixin.py:109} INFO - [2021-10-21 16:01:36,397] {dag.py:2914} INFO - Setting next_dagrun for example_external_task_marker_parent to None
[2021-10-21 16:01:36,430] {processor.py:171} INFO - Processing /home/airflow/.local/lib/python3.6/site-packages/airflow/example_dags/example_external_task_marker_dag.py took 0.384 seconds
[2021-10-21 16:02:06,968] {processor.py:163} INFO - Started process (PID=1038) to work on /home/airflow/.local/lib/python3.6/site-packages/airflow/example_dags/example_external_task_marker_dag.py
[2021-10-21 16:02:06,977] {processor.py:620} INFO - Processing file /home/airflow/.local/lib/python3.6/site-packages/airflow/example_dags/example_external_task_marker_dag.py for tasks to queue
[2021-10-21 16:02:06,980] {logging_mixin.py:109} INFO - [2021-10-21 16:02:06,979] {dagbag.py:500} INFO - Filling up the DagBag from /home/airflow/.local/lib/python3.6/site-packages/airflow/example_dags/example_external_task_marker_dag.py
[2021-10-21 16:02:07,118] {processor.py:632} INFO - DAG(s) dict_keys(['example_external_task_marker_parent', 'example_external_task_marker_child']) retrieved from /home/airflow/.local/lib/python3.6/site-packages/airflow/example_dags/example_external_task_marker_dag.py
[2021-10-21 16:02:07,197] {logging_mixin.py:109} INFO - [2021-10-21 16:02:07,196] {dag.py:2389} INFO - Sync 2 DAGs
[2021-10-21 16:02:07,312] {logging_mixin.py:109} INFO - [2021-10-21 16:02:07,312] {dag.py:2914} INFO - Setting next_dagrun for example_external_task_marker_child to None
[2021-10-21 16:02:07,326] {logging_mixin.py:109} INFO - [2021-10-21 16:02:07,326] {dag.py:2914} INFO - Setting next_dagrun for example_external_task_marker_parent to None
[2021-10-21 16:02:07,396] {processor.py:171} INFO - Processing /home/airflow/.local/lib/python3.6/site-packages/airflow/example_dags/example_external_task_marker_dag.py took 0.449 seconds
[2021-10-21 16:02:40,814] {processor.py:163} INFO - Started process (PID=1091) to work on /home/airflow/.local/lib/python3.6/site-packages/airflow/example_dags/example_external_task_marker_dag.py
[2021-10-21 16:02:40,832] {processor.py:620} INFO - Processing file /home/airflow/.local/lib/python3.6/site-packages/airflow/example_dags/example_external_task_marker_dag.py for tasks to queue
[2021-10-21 16:02:40,835] {logging_mixin.py:109} INFO - [2021-10-21 16:02:40,834] {dagbag.py:500} INFO - Filling up the DagBag from /home/airflow/.local/lib/python3.6/site-packages/airflow/example_dags/example_external_task_marker_dag.py
[2021-10-21 16:02:41,162] {processor.py:632} INFO - DAG(s) dict_keys(['example_external_task_marker_parent', 'example_external_task_marker_child']) retrieved from /home/airflow/.local/lib/python3.6/site-packages/airflow/example_dags/example_external_task_marker_dag.py
[2021-10-21 16:02:41,337] {logging_mixin.py:109} INFO - [2021-10-21 16:02:41,337] {dag.py:2389} INFO - Sync 2 DAGs
[2021-10-21 16:02:41,426] {logging_mixin.py:109} INFO - [2021-10-21 16:02:41,426] {dag.py:2914} INFO - Setting next_dagrun for example_external_task_marker_child to None
[2021-10-21 16:02:41,429] {logging_mixin.py:109} INFO - [2021-10-21 16:02:41,429] {dag.py:2914} INFO - Setting next_dagrun for example_external_task_marker_parent to None
[2021-10-21 16:02:41,451] {processor.py:171} INFO - Processing /home/airflow/.local/lib/python3.6/site-packages/airflow/example_dags/example_external_task_marker_dag.py took 0.663 seconds
[2021-10-21 16:03:11,616] {processor.py:163} INFO - Started process (PID=1145) to work on /home/airflow/.local/lib/python3.6/site-packages/airflow/example_dags/example_external_task_marker_dag.py
[2021-10-21 16:03:11,621] {processor.py:620} INFO - Processing file /home/airflow/.local/lib/python3.6/site-packages/airflow/example_dags/example_external_task_marker_dag.py for tasks to queue
[2021-10-21 16:03:11,624] {logging_mixin.py:109} INFO - [2021-10-21 16:03:11,623] {dagbag.py:500} INFO - Filling up the DagBag from /home/airflow/.local/lib/python3.6/site-packages/airflow/example_dags/example_external_task_marker_dag.py
[2021-10-21 16:03:11,725] {processor.py:632} INFO - DAG(s) dict_keys(['example_external_task_marker_parent', 'example_external_task_marker_child']) retrieved from /home/airflow/.local/lib/python3.6/site-packages/airflow/example_dags/example_external_task_marker_dag.py
[2021-10-21 16:03:11,775] {logging_mixin.py:109} INFO - [2021-10-21 16:03:11,775] {dag.py:2389} INFO - Sync 2 DAGs
[2021-10-21 16:03:11,800] {logging_mixin.py:109} INFO - [2021-10-21 16:03:11,800] {dag.py:2914} INFO - Setting next_dagrun for example_external_task_marker_child to None
[2021-10-21 16:03:11,801] {logging_mixin.py:109} INFO - [2021-10-21 16:03:11,801] {dag.py:2914} INFO - Setting next_dagrun for example_external_task_marker_parent to None
[2021-10-21 16:03:11,828] {processor.py:171} INFO - Processing /home/airflow/.local/lib/python3.6/site-packages/airflow/example_dags/example_external_task_marker_dag.py took 0.216 seconds
[2021-10-21 16:03:42,065] {processor.py:163} INFO - Started process (PID=1215) to work on /home/airflow/.local/lib/python3.6/site-packages/airflow/example_dags/example_external_task_marker_dag.py
[2021-10-21 16:03:42,067] {processor.py:620} INFO - Processing file /home/airflow/.local/lib/python3.6/site-packages/airflow/example_dags/example_external_task_marker_dag.py for tasks to queue
[2021-10-21 16:03:42,070] {logging_mixin.py:109} INFO - [2021-10-21 16:03:42,070] {dagbag.py:500} INFO - Filling up the DagBag from /home/airflow/.local/lib/python3.6/site-packages/airflow/example_dags/example_external_task_marker_dag.py
[2021-10-21 16:03:42,104] {processor.py:632} INFO - DAG(s) dict_keys(['example_external_task_marker_parent', 'example_external_task_marker_child']) retrieved from /home/airflow/.local/lib/python3.6/site-packages/airflow/example_dags/example_external_task_marker_dag.py
[2021-10-21 16:03:42,119] {logging_mixin.py:109} INFO - [2021-10-21 16:03:42,119] {dag.py:2389} INFO - Sync 2 DAGs
[2021-10-21 16:03:42,135] {logging_mixin.py:109} INFO - [2021-10-21 16:03:42,135] {dag.py:2914} INFO - Setting next_dagrun for example_external_task_marker_child to None
[2021-10-21 16:03:42,136] {logging_mixin.py:109} INFO - [2021-10-21 16:03:42,136] {dag.py:2914} INFO - Setting next_dagrun for example_external_task_marker_parent to None
[2021-10-21 16:03:42,147] {processor.py:171} INFO - Processing /home/airflow/.local/lib/python3.6/site-packages/airflow/example_dags/example_external_task_marker_dag.py took 0.090 seconds
[2021-10-21 16:04:13,770] {processor.py:163} INFO - Started process (PID=1269) to work on /home/airflow/.local/lib/python3.6/site-packages/airflow/example_dags/example_external_task_marker_dag.py
[2021-10-21 16:04:13,774] {processor.py:620} INFO - Processing file /home/airflow/.local/lib/python3.6/site-packages/airflow/example_dags/example_external_task_marker_dag.py for tasks to queue
[2021-10-21 16:04:13,777] {logging_mixin.py:109} INFO - [2021-10-21 16:04:13,777] {dagbag.py:500} INFO - Filling up the DagBag from /home/airflow/.local/lib/python3.6/site-packages/airflow/example_dags/example_external_task_marker_dag.py
[2021-10-21 16:04:13,858] {processor.py:632} INFO - DAG(s) dict_keys(['example_external_task_marker_parent', 'example_external_task_marker_child']) retrieved from /home/airflow/.local/lib/python3.6/site-packages/airflow/example_dags/example_external_task_marker_dag.py
[2021-10-21 16:04:13,899] {logging_mixin.py:109} INFO - [2021-10-21 16:04:13,899] {dag.py:2389} INFO - Sync 2 DAGs
[2021-10-21 16:04:13,959] {logging_mixin.py:109} INFO - [2021-10-21 16:04:13,958] {dag.py:2914} INFO - Setting next_dagrun for example_external_task_marker_child to None
[2021-10-21 16:04:13,961] {logging_mixin.py:109} INFO - [2021-10-21 16:04:13,960] {dag.py:2914} INFO - Setting next_dagrun for example_external_task_marker_parent to None
[2021-10-21 16:04:13,971] {processor.py:171} INFO - Processing /home/airflow/.local/lib/python3.6/site-packages/airflow/example_dags/example_external_task_marker_dag.py took 0.246 seconds
[2021-10-21 16:04:44,980] {processor.py:163} INFO - Started process (PID=1323) to work on /home/airflow/.local/lib/python3.6/site-packages/airflow/example_dags/example_external_task_marker_dag.py
[2021-10-21 16:04:44,984] {processor.py:620} INFO - Processing file /home/airflow/.local/lib/python3.6/site-packages/airflow/example_dags/example_external_task_marker_dag.py for tasks to queue
[2021-10-21 16:04:44,987] {logging_mixin.py:109} INFO - [2021-10-21 16:04:44,987] {dagbag.py:500} INFO - Filling up the DagBag from /home/airflow/.local/lib/python3.6/site-packages/airflow/example_dags/example_external_task_marker_dag.py
[2021-10-21 16:04:45,042] {processor.py:632} INFO - DAG(s) dict_keys(['example_external_task_marker_parent', 'example_external_task_marker_child']) retrieved from /home/airflow/.local/lib/python3.6/site-packages/airflow/example_dags/example_external_task_marker_dag.py
[2021-10-21 16:04:45,056] {logging_mixin.py:109} INFO - [2021-10-21 16:04:45,056] {dag.py:2389} INFO - Sync 2 DAGs
[2021-10-21 16:04:45,081] {logging_mixin.py:109} INFO - [2021-10-21 16:04:45,081] {dag.py:2914} INFO - Setting next_dagrun for example_external_task_marker_child to None
[2021-10-21 16:04:45,083] {logging_mixin.py:109} INFO - [2021-10-21 16:04:45,083] {dag.py:2914} INFO - Setting next_dagrun for example_external_task_marker_parent to None
[2021-10-21 16:04:45,094] {processor.py:171} INFO - Processing /home/airflow/.local/lib/python3.6/site-packages/airflow/example_dags/example_external_task_marker_dag.py took 0.123 seconds
[2021-10-21 16:05:15,604] {processor.py:163} INFO - Started process (PID=1387) to work on /home/airflow/.local/lib/python3.6/site-packages/airflow/example_dags/example_external_task_marker_dag.py
[2021-10-21 16:05:15,607] {processor.py:620} INFO - Processing file /home/airflow/.local/lib/python3.6/site-packages/airflow/example_dags/example_external_task_marker_dag.py for tasks to queue
[2021-10-21 16:05:15,609] {logging_mixin.py:109} INFO - [2021-10-21 16:05:15,608] {dagbag.py:500} INFO - Filling up the DagBag from /home/airflow/.local/lib/python3.6/site-packages/airflow/example_dags/example_external_task_marker_dag.py
[2021-10-21 16:05:15,656] {processor.py:632} INFO - DAG(s) dict_keys(['example_external_task_marker_parent', 'example_external_task_marker_child']) retrieved from /home/airflow/.local/lib/python3.6/site-packages/airflow/example_dags/example_external_task_marker_dag.py
[2021-10-21 16:05:15,678] {logging_mixin.py:109} INFO - [2021-10-21 16:05:15,678] {dag.py:2389} INFO - Sync 2 DAGs
[2021-10-21 16:05:15,697] {logging_mixin.py:109} INFO - [2021-10-21 16:05:15,697] {dag.py:2914} INFO - Setting next_dagrun for example_external_task_marker_child to None
[2021-10-21 16:05:15,698] {logging_mixin.py:109} INFO - [2021-10-21 16:05:15,698] {dag.py:2914} INFO - Setting next_dagrun for example_external_task_marker_parent to None
[2021-10-21 16:05:15,710] {processor.py:171} INFO - Processing /home/airflow/.local/lib/python3.6/site-packages/airflow/example_dags/example_external_task_marker_dag.py took 0.114 seconds
[2021-10-21 16:05:46,211] {processor.py:163} INFO - Started process (PID=1443) to work on /home/airflow/.local/lib/python3.6/site-packages/airflow/example_dags/example_external_task_marker_dag.py
[2021-10-21 16:05:46,218] {processor.py:620} INFO - Processing file /home/airflow/.local/lib/python3.6/site-packages/airflow/example_dags/example_external_task_marker_dag.py for tasks to queue
[2021-10-21 16:05:46,221] {logging_mixin.py:109} INFO - [2021-10-21 16:05:46,220] {dagbag.py:500} INFO - Filling up the DagBag from /home/airflow/.local/lib/python3.6/site-packages/airflow/example_dags/example_external_task_marker_dag.py
[2021-10-21 16:05:46,301] {processor.py:632} INFO - DAG(s) dict_keys(['example_external_task_marker_parent', 'example_external_task_marker_child']) retrieved from /home/airflow/.local/lib/python3.6/site-packages/airflow/example_dags/example_external_task_marker_dag.py
[2021-10-21 16:05:46,344] {logging_mixin.py:109} INFO - [2021-10-21 16:05:46,344] {dag.py:2389} INFO - Sync 2 DAGs
[2021-10-21 16:05:46,396] {logging_mixin.py:109} INFO - [2021-10-21 16:05:46,395] {dag.py:2914} INFO - Setting next_dagrun for example_external_task_marker_child to None
[2021-10-21 16:05:46,398] {logging_mixin.py:109} INFO - [2021-10-21 16:05:46,398] {dag.py:2914} INFO - Setting next_dagrun for example_external_task_marker_parent to None
[2021-10-21 16:05:46,428] {processor.py:171} INFO - Processing /home/airflow/.local/lib/python3.6/site-packages/airflow/example_dags/example_external_task_marker_dag.py took 0.226 seconds
[2021-10-21 16:06:17,199] {processor.py:163} INFO - Started process (PID=1497) to work on /home/airflow/.local/lib/python3.6/site-packages/airflow/example_dags/example_external_task_marker_dag.py
[2021-10-21 16:06:17,204] {processor.py:620} INFO - Processing file /home/airflow/.local/lib/python3.6/site-packages/airflow/example_dags/example_external_task_marker_dag.py for tasks to queue
[2021-10-21 16:06:17,206] {logging_mixin.py:109} INFO - [2021-10-21 16:06:17,206] {dagbag.py:500} INFO - Filling up the DagBag from /home/airflow/.local/lib/python3.6/site-packages/airflow/example_dags/example_external_task_marker_dag.py
[2021-10-21 16:06:17,246] {processor.py:632} INFO - DAG(s) dict_keys(['example_external_task_marker_parent', 'example_external_task_marker_child']) retrieved from /home/airflow/.local/lib/python3.6/site-packages/airflow/example_dags/example_external_task_marker_dag.py
[2021-10-21 16:06:17,267] {logging_mixin.py:109} INFO - [2021-10-21 16:06:17,267] {dag.py:2389} INFO - Sync 2 DAGs
[2021-10-21 16:06:17,292] {logging_mixin.py:109} INFO - [2021-10-21 16:06:17,292] {dag.py:2914} INFO - Setting next_dagrun for example_external_task_marker_child to None
[2021-10-21 16:06:17,294] {logging_mixin.py:109} INFO - [2021-10-21 16:06:17,294] {dag.py:2914} INFO - Setting next_dagrun for example_external_task_marker_parent to None
[2021-10-21 16:06:17,310] {processor.py:171} INFO - Processing /home/airflow/.local/lib/python3.6/site-packages/airflow/example_dags/example_external_task_marker_dag.py took 0.115 seconds
[2021-10-21 16:06:47,689] {processor.py:163} INFO - Started process (PID=1554) to work on /home/airflow/.local/lib/python3.6/site-packages/airflow/example_dags/example_external_task_marker_dag.py
[2021-10-21 16:06:47,692] {processor.py:620} INFO - Processing file /home/airflow/.local/lib/python3.6/site-packages/airflow/example_dags/example_external_task_marker_dag.py for tasks to queue
[2021-10-21 16:06:47,695] {logging_mixin.py:109} INFO - [2021-10-21 16:06:47,695] {dagbag.py:500} INFO - Filling up the DagBag from /home/airflow/.local/lib/python3.6/site-packages/airflow/example_dags/example_external_task_marker_dag.py
[2021-10-21 16:06:47,745] {processor.py:632} INFO - DAG(s) dict_keys(['example_external_task_marker_parent', 'example_external_task_marker_child']) retrieved from /home/airflow/.local/lib/python3.6/site-packages/airflow/example_dags/example_external_task_marker_dag.py
[2021-10-21 16:06:47,774] {logging_mixin.py:109} INFO - [2021-10-21 16:06:47,773] {dag.py:2389} INFO - Sync 2 DAGs
[2021-10-21 16:06:47,805] {logging_mixin.py:109} INFO - [2021-10-21 16:06:47,805] {dag.py:2914} INFO - Setting next_dagrun for example_external_task_marker_child to None
[2021-10-21 16:06:47,806] {logging_mixin.py:109} INFO - [2021-10-21 16:06:47,806] {dag.py:2914} INFO - Setting next_dagrun for example_external_task_marker_parent to None
[2021-10-21 16:06:47,822] {processor.py:171} INFO - Processing /home/airflow/.local/lib/python3.6/site-packages/airflow/example_dags/example_external_task_marker_dag.py took 0.137 seconds
