[2021-10-21 15:53:16,415] {processor.py:163} INFO - Started process (PID=71) to work on /home/airflow/.local/lib/python3.6/site-packages/airflow/example_dags/example_trigger_controller_dag.py
[2021-10-21 15:53:16,419] {processor.py:620} INFO - Processing file /home/airflow/.local/lib/python3.6/site-packages/airflow/example_dags/example_trigger_controller_dag.py for tasks to queue
[2021-10-21 15:53:16,421] {logging_mixin.py:109} INFO - [2021-10-21 15:53:16,421] {dagbag.py:500} INFO - Filling up the DagBag from /home/airflow/.local/lib/python3.6/site-packages/airflow/example_dags/example_trigger_controller_dag.py
[2021-10-21 15:53:16,531] {processor.py:632} INFO - DAG(s) dict_keys(['example_trigger_controller_dag']) retrieved from /home/airflow/.local/lib/python3.6/site-packages/airflow/example_dags/example_trigger_controller_dag.py
[2021-10-21 15:53:16,588] {logging_mixin.py:109} INFO - [2021-10-21 15:53:16,588] {dag.py:2389} INFO - Sync 1 DAGs
[2021-10-21 15:53:16,684] {logging_mixin.py:109} INFO - [2021-10-21 15:53:16,684] {dag.py:2914} INFO - Setting next_dagrun for example_trigger_controller_dag to None
[2021-10-21 15:53:16,739] {processor.py:171} INFO - Processing /home/airflow/.local/lib/python3.6/site-packages/airflow/example_dags/example_trigger_controller_dag.py took 0.331 seconds
[2021-10-21 15:53:47,275] {processor.py:163} INFO - Started process (PID=125) to work on /home/airflow/.local/lib/python3.6/site-packages/airflow/example_dags/example_trigger_controller_dag.py
[2021-10-21 15:53:47,278] {processor.py:620} INFO - Processing file /home/airflow/.local/lib/python3.6/site-packages/airflow/example_dags/example_trigger_controller_dag.py for tasks to queue
[2021-10-21 15:53:47,279] {logging_mixin.py:109} INFO - [2021-10-21 15:53:47,279] {dagbag.py:500} INFO - Filling up the DagBag from /home/airflow/.local/lib/python3.6/site-packages/airflow/example_dags/example_trigger_controller_dag.py
[2021-10-21 15:53:47,318] {processor.py:632} INFO - DAG(s) dict_keys(['example_trigger_controller_dag']) retrieved from /home/airflow/.local/lib/python3.6/site-packages/airflow/example_dags/example_trigger_controller_dag.py
[2021-10-21 15:53:47,340] {logging_mixin.py:109} INFO - [2021-10-21 15:53:47,340] {dag.py:2389} INFO - Sync 1 DAGs
[2021-10-21 15:53:47,360] {logging_mixin.py:109} INFO - [2021-10-21 15:53:47,360] {dag.py:2914} INFO - Setting next_dagrun for example_trigger_controller_dag to None
[2021-10-21 15:53:47,370] {processor.py:171} INFO - Processing /home/airflow/.local/lib/python3.6/site-packages/airflow/example_dags/example_trigger_controller_dag.py took 0.100 seconds
[2021-10-21 15:54:18,294] {processor.py:163} INFO - Started process (PID=188) to work on /home/airflow/.local/lib/python3.6/site-packages/airflow/example_dags/example_trigger_controller_dag.py
[2021-10-21 15:54:18,301] {processor.py:620} INFO - Processing file /home/airflow/.local/lib/python3.6/site-packages/airflow/example_dags/example_trigger_controller_dag.py for tasks to queue
[2021-10-21 15:54:18,305] {logging_mixin.py:109} INFO - [2021-10-21 15:54:18,304] {dagbag.py:500} INFO - Filling up the DagBag from /home/airflow/.local/lib/python3.6/site-packages/airflow/example_dags/example_trigger_controller_dag.py
[2021-10-21 15:54:18,404] {processor.py:632} INFO - DAG(s) dict_keys(['example_trigger_controller_dag']) retrieved from /home/airflow/.local/lib/python3.6/site-packages/airflow/example_dags/example_trigger_controller_dag.py
[2021-10-21 15:54:18,439] {logging_mixin.py:109} INFO - [2021-10-21 15:54:18,439] {dag.py:2389} INFO - Sync 1 DAGs
[2021-10-21 15:54:18,476] {logging_mixin.py:109} INFO - [2021-10-21 15:54:18,476] {dag.py:2914} INFO - Setting next_dagrun for example_trigger_controller_dag to None
[2021-10-21 15:54:18,510] {processor.py:171} INFO - Processing /home/airflow/.local/lib/python3.6/site-packages/airflow/example_dags/example_trigger_controller_dag.py took 0.225 seconds
[2021-10-21 15:54:50,480] {processor.py:163} INFO - Started process (PID=243) to work on /home/airflow/.local/lib/python3.6/site-packages/airflow/example_dags/example_trigger_controller_dag.py
[2021-10-21 15:54:50,484] {processor.py:620} INFO - Processing file /home/airflow/.local/lib/python3.6/site-packages/airflow/example_dags/example_trigger_controller_dag.py for tasks to queue
[2021-10-21 15:54:50,489] {logging_mixin.py:109} INFO - [2021-10-21 15:54:50,489] {dagbag.py:500} INFO - Filling up the DagBag from /home/airflow/.local/lib/python3.6/site-packages/airflow/example_dags/example_trigger_controller_dag.py
[2021-10-21 15:54:50,575] {processor.py:632} INFO - DAG(s) dict_keys(['example_trigger_controller_dag']) retrieved from /home/airflow/.local/lib/python3.6/site-packages/airflow/example_dags/example_trigger_controller_dag.py
[2021-10-21 15:54:50,606] {logging_mixin.py:109} INFO - [2021-10-21 15:54:50,605] {dag.py:2389} INFO - Sync 1 DAGs
[2021-10-21 15:54:50,642] {logging_mixin.py:109} INFO - [2021-10-21 15:54:50,642] {dag.py:2914} INFO - Setting next_dagrun for example_trigger_controller_dag to None
[2021-10-21 15:54:50,673] {processor.py:171} INFO - Processing /home/airflow/.local/lib/python3.6/site-packages/airflow/example_dags/example_trigger_controller_dag.py took 0.208 seconds
[2021-10-21 15:55:21,977] {processor.py:163} INFO - Started process (PID=297) to work on /home/airflow/.local/lib/python3.6/site-packages/airflow/example_dags/example_trigger_controller_dag.py
[2021-10-21 15:55:21,981] {processor.py:620} INFO - Processing file /home/airflow/.local/lib/python3.6/site-packages/airflow/example_dags/example_trigger_controller_dag.py for tasks to queue
[2021-10-21 15:55:21,983] {logging_mixin.py:109} INFO - [2021-10-21 15:55:21,983] {dagbag.py:500} INFO - Filling up the DagBag from /home/airflow/.local/lib/python3.6/site-packages/airflow/example_dags/example_trigger_controller_dag.py
[2021-10-21 15:55:22,043] {processor.py:632} INFO - DAG(s) dict_keys(['example_trigger_controller_dag']) retrieved from /home/airflow/.local/lib/python3.6/site-packages/airflow/example_dags/example_trigger_controller_dag.py
[2021-10-21 15:55:22,072] {logging_mixin.py:109} INFO - [2021-10-21 15:55:22,072] {dag.py:2389} INFO - Sync 1 DAGs
[2021-10-21 15:55:22,115] {logging_mixin.py:109} INFO - [2021-10-21 15:55:22,115] {dag.py:2914} INFO - Setting next_dagrun for example_trigger_controller_dag to None
[2021-10-21 15:55:22,134] {processor.py:171} INFO - Processing /home/airflow/.local/lib/python3.6/site-packages/airflow/example_dags/example_trigger_controller_dag.py took 0.163 seconds
[2021-10-21 15:55:53,781] {processor.py:163} INFO - Started process (PID=352) to work on /home/airflow/.local/lib/python3.6/site-packages/airflow/example_dags/example_trigger_controller_dag.py
[2021-10-21 15:55:53,791] {processor.py:620} INFO - Processing file /home/airflow/.local/lib/python3.6/site-packages/airflow/example_dags/example_trigger_controller_dag.py for tasks to queue
[2021-10-21 15:55:53,793] {logging_mixin.py:109} INFO - [2021-10-21 15:55:53,792] {dagbag.py:500} INFO - Filling up the DagBag from /home/airflow/.local/lib/python3.6/site-packages/airflow/example_dags/example_trigger_controller_dag.py
[2021-10-21 15:55:53,924] {processor.py:632} INFO - DAG(s) dict_keys(['example_trigger_controller_dag']) retrieved from /home/airflow/.local/lib/python3.6/site-packages/airflow/example_dags/example_trigger_controller_dag.py
[2021-10-21 15:55:53,969] {logging_mixin.py:109} INFO - [2021-10-21 15:55:53,968] {dag.py:2389} INFO - Sync 1 DAGs
[2021-10-21 15:55:54,027] {logging_mixin.py:109} INFO - [2021-10-21 15:55:54,027] {dag.py:2914} INFO - Setting next_dagrun for example_trigger_controller_dag to None
[2021-10-21 15:55:54,050] {processor.py:171} INFO - Processing /home/airflow/.local/lib/python3.6/site-packages/airflow/example_dags/example_trigger_controller_dag.py took 0.278 seconds
[2021-10-21 15:56:24,547] {processor.py:163} INFO - Started process (PID=416) to work on /home/airflow/.local/lib/python3.6/site-packages/airflow/example_dags/example_trigger_controller_dag.py
[2021-10-21 15:56:24,553] {processor.py:620} INFO - Processing file /home/airflow/.local/lib/python3.6/site-packages/airflow/example_dags/example_trigger_controller_dag.py for tasks to queue
[2021-10-21 15:56:24,556] {logging_mixin.py:109} INFO - [2021-10-21 15:56:24,556] {dagbag.py:500} INFO - Filling up the DagBag from /home/airflow/.local/lib/python3.6/site-packages/airflow/example_dags/example_trigger_controller_dag.py
[2021-10-21 15:56:24,670] {processor.py:632} INFO - DAG(s) dict_keys(['example_trigger_controller_dag']) retrieved from /home/airflow/.local/lib/python3.6/site-packages/airflow/example_dags/example_trigger_controller_dag.py
[2021-10-21 15:56:24,711] {logging_mixin.py:109} INFO - [2021-10-21 15:56:24,711] {dag.py:2389} INFO - Sync 1 DAGs
[2021-10-21 15:56:24,745] {logging_mixin.py:109} INFO - [2021-10-21 15:56:24,745] {dag.py:2914} INFO - Setting next_dagrun for example_trigger_controller_dag to None
[2021-10-21 15:56:24,758] {processor.py:171} INFO - Processing /home/airflow/.local/lib/python3.6/site-packages/airflow/example_dags/example_trigger_controller_dag.py took 0.229 seconds
[2021-10-21 15:56:54,868] {processor.py:163} INFO - Started process (PID=474) to work on /home/airflow/.local/lib/python3.6/site-packages/airflow/example_dags/example_trigger_controller_dag.py
[2021-10-21 15:56:54,871] {processor.py:620} INFO - Processing file /home/airflow/.local/lib/python3.6/site-packages/airflow/example_dags/example_trigger_controller_dag.py for tasks to queue
[2021-10-21 15:56:54,872] {logging_mixin.py:109} INFO - [2021-10-21 15:56:54,872] {dagbag.py:500} INFO - Filling up the DagBag from /home/airflow/.local/lib/python3.6/site-packages/airflow/example_dags/example_trigger_controller_dag.py
[2021-10-21 15:56:54,907] {processor.py:632} INFO - DAG(s) dict_keys(['example_trigger_controller_dag']) retrieved from /home/airflow/.local/lib/python3.6/site-packages/airflow/example_dags/example_trigger_controller_dag.py
[2021-10-21 15:56:54,921] {logging_mixin.py:109} INFO - [2021-10-21 15:56:54,920] {dag.py:2389} INFO - Sync 1 DAGs
[2021-10-21 15:56:54,943] {logging_mixin.py:109} INFO - [2021-10-21 15:56:54,943] {dag.py:2914} INFO - Setting next_dagrun for example_trigger_controller_dag to None
[2021-10-21 15:56:54,956] {processor.py:171} INFO - Processing /home/airflow/.local/lib/python3.6/site-packages/airflow/example_dags/example_trigger_controller_dag.py took 0.092 seconds
[2021-10-21 15:57:25,507] {processor.py:163} INFO - Started process (PID=529) to work on /home/airflow/.local/lib/python3.6/site-packages/airflow/example_dags/example_trigger_controller_dag.py
[2021-10-21 15:57:25,514] {processor.py:620} INFO - Processing file /home/airflow/.local/lib/python3.6/site-packages/airflow/example_dags/example_trigger_controller_dag.py for tasks to queue
[2021-10-21 15:57:25,523] {logging_mixin.py:109} INFO - [2021-10-21 15:57:25,523] {dagbag.py:500} INFO - Filling up the DagBag from /home/airflow/.local/lib/python3.6/site-packages/airflow/example_dags/example_trigger_controller_dag.py
[2021-10-21 15:57:25,565] {processor.py:632} INFO - DAG(s) dict_keys(['example_trigger_controller_dag']) retrieved from /home/airflow/.local/lib/python3.6/site-packages/airflow/example_dags/example_trigger_controller_dag.py
[2021-10-21 15:57:25,589] {logging_mixin.py:109} INFO - [2021-10-21 15:57:25,589] {dag.py:2389} INFO - Sync 1 DAGs
[2021-10-21 15:57:25,679] {logging_mixin.py:109} INFO - [2021-10-21 15:57:25,679] {dag.py:2914} INFO - Setting next_dagrun for example_trigger_controller_dag to None
[2021-10-21 15:57:25,699] {processor.py:171} INFO - Processing /home/airflow/.local/lib/python3.6/site-packages/airflow/example_dags/example_trigger_controller_dag.py took 0.204 seconds
[2021-10-21 15:57:56,962] {processor.py:163} INFO - Started process (PID=588) to work on /home/airflow/.local/lib/python3.6/site-packages/airflow/example_dags/example_trigger_controller_dag.py
[2021-10-21 15:57:56,966] {processor.py:620} INFO - Processing file /home/airflow/.local/lib/python3.6/site-packages/airflow/example_dags/example_trigger_controller_dag.py for tasks to queue
[2021-10-21 15:57:56,972] {logging_mixin.py:109} INFO - [2021-10-21 15:57:56,972] {dagbag.py:500} INFO - Filling up the DagBag from /home/airflow/.local/lib/python3.6/site-packages/airflow/example_dags/example_trigger_controller_dag.py
[2021-10-21 15:57:57,023] {processor.py:632} INFO - DAG(s) dict_keys(['example_trigger_controller_dag']) retrieved from /home/airflow/.local/lib/python3.6/site-packages/airflow/example_dags/example_trigger_controller_dag.py
[2021-10-21 15:57:57,038] {logging_mixin.py:109} INFO - [2021-10-21 15:57:57,038] {dag.py:2389} INFO - Sync 1 DAGs
[2021-10-21 15:57:57,064] {logging_mixin.py:109} INFO - [2021-10-21 15:57:57,064] {dag.py:2914} INFO - Setting next_dagrun for example_trigger_controller_dag to None
[2021-10-21 15:57:57,078] {processor.py:171} INFO - Processing /home/airflow/.local/lib/python3.6/site-packages/airflow/example_dags/example_trigger_controller_dag.py took 0.127 seconds
[2021-10-21 15:58:27,561] {processor.py:163} INFO - Started process (PID=644) to work on /home/airflow/.local/lib/python3.6/site-packages/airflow/example_dags/example_trigger_controller_dag.py
[2021-10-21 15:58:27,566] {processor.py:620} INFO - Processing file /home/airflow/.local/lib/python3.6/site-packages/airflow/example_dags/example_trigger_controller_dag.py for tasks to queue
[2021-10-21 15:58:27,572] {logging_mixin.py:109} INFO - [2021-10-21 15:58:27,570] {dagbag.py:500} INFO - Filling up the DagBag from /home/airflow/.local/lib/python3.6/site-packages/airflow/example_dags/example_trigger_controller_dag.py
[2021-10-21 15:58:27,630] {processor.py:632} INFO - DAG(s) dict_keys(['example_trigger_controller_dag']) retrieved from /home/airflow/.local/lib/python3.6/site-packages/airflow/example_dags/example_trigger_controller_dag.py
[2021-10-21 15:58:27,645] {logging_mixin.py:109} INFO - [2021-10-21 15:58:27,644] {dag.py:2389} INFO - Sync 1 DAGs
[2021-10-21 15:58:27,667] {logging_mixin.py:109} INFO - [2021-10-21 15:58:27,667] {dag.py:2914} INFO - Setting next_dagrun for example_trigger_controller_dag to None
[2021-10-21 15:58:27,692] {processor.py:171} INFO - Processing /home/airflow/.local/lib/python3.6/site-packages/airflow/example_dags/example_trigger_controller_dag.py took 0.146 seconds
[2021-10-21 15:58:58,661] {processor.py:163} INFO - Started process (PID=708) to work on /home/airflow/.local/lib/python3.6/site-packages/airflow/example_dags/example_trigger_controller_dag.py
[2021-10-21 15:58:58,665] {processor.py:620} INFO - Processing file /home/airflow/.local/lib/python3.6/site-packages/airflow/example_dags/example_trigger_controller_dag.py for tasks to queue
[2021-10-21 15:58:58,668] {logging_mixin.py:109} INFO - [2021-10-21 15:58:58,668] {dagbag.py:500} INFO - Filling up the DagBag from /home/airflow/.local/lib/python3.6/site-packages/airflow/example_dags/example_trigger_controller_dag.py
[2021-10-21 15:58:58,719] {processor.py:632} INFO - DAG(s) dict_keys(['example_trigger_controller_dag']) retrieved from /home/airflow/.local/lib/python3.6/site-packages/airflow/example_dags/example_trigger_controller_dag.py
[2021-10-21 15:58:58,742] {logging_mixin.py:109} INFO - [2021-10-21 15:58:58,742] {dag.py:2389} INFO - Sync 1 DAGs
[2021-10-21 15:58:58,774] {logging_mixin.py:109} INFO - [2021-10-21 15:58:58,774] {dag.py:2914} INFO - Setting next_dagrun for example_trigger_controller_dag to None
[2021-10-21 15:58:58,799] {processor.py:171} INFO - Processing /home/airflow/.local/lib/python3.6/site-packages/airflow/example_dags/example_trigger_controller_dag.py took 0.148 seconds
[2021-10-21 15:59:29,040] {processor.py:163} INFO - Started process (PID=763) to work on /home/airflow/.local/lib/python3.6/site-packages/airflow/example_dags/example_trigger_controller_dag.py
[2021-10-21 15:59:29,043] {processor.py:620} INFO - Processing file /home/airflow/.local/lib/python3.6/site-packages/airflow/example_dags/example_trigger_controller_dag.py for tasks to queue
[2021-10-21 15:59:29,045] {logging_mixin.py:109} INFO - [2021-10-21 15:59:29,045] {dagbag.py:500} INFO - Filling up the DagBag from /home/airflow/.local/lib/python3.6/site-packages/airflow/example_dags/example_trigger_controller_dag.py
[2021-10-21 15:59:29,081] {processor.py:632} INFO - DAG(s) dict_keys(['example_trigger_controller_dag']) retrieved from /home/airflow/.local/lib/python3.6/site-packages/airflow/example_dags/example_trigger_controller_dag.py
[2021-10-21 15:59:29,096] {logging_mixin.py:109} INFO - [2021-10-21 15:59:29,096] {dag.py:2389} INFO - Sync 1 DAGs
[2021-10-21 15:59:29,120] {logging_mixin.py:109} INFO - [2021-10-21 15:59:29,120] {dag.py:2914} INFO - Setting next_dagrun for example_trigger_controller_dag to None
[2021-10-21 15:59:29,137] {processor.py:171} INFO - Processing /home/airflow/.local/lib/python3.6/site-packages/airflow/example_dags/example_trigger_controller_dag.py took 0.105 seconds
[2021-10-21 16:00:01,099] {processor.py:163} INFO - Started process (PID=821) to work on /home/airflow/.local/lib/python3.6/site-packages/airflow/example_dags/example_trigger_controller_dag.py
[2021-10-21 16:00:01,104] {processor.py:620} INFO - Processing file /home/airflow/.local/lib/python3.6/site-packages/airflow/example_dags/example_trigger_controller_dag.py for tasks to queue
[2021-10-21 16:00:01,109] {logging_mixin.py:109} INFO - [2021-10-21 16:00:01,109] {dagbag.py:500} INFO - Filling up the DagBag from /home/airflow/.local/lib/python3.6/site-packages/airflow/example_dags/example_trigger_controller_dag.py
[2021-10-21 16:00:01,195] {processor.py:632} INFO - DAG(s) dict_keys(['example_trigger_controller_dag']) retrieved from /home/airflow/.local/lib/python3.6/site-packages/airflow/example_dags/example_trigger_controller_dag.py
[2021-10-21 16:00:01,218] {logging_mixin.py:109} INFO - [2021-10-21 16:00:01,218] {dag.py:2389} INFO - Sync 1 DAGs
[2021-10-21 16:00:01,261] {logging_mixin.py:109} INFO - [2021-10-21 16:00:01,261] {dag.py:2914} INFO - Setting next_dagrun for example_trigger_controller_dag to None
[2021-10-21 16:00:01,279] {processor.py:171} INFO - Processing /home/airflow/.local/lib/python3.6/site-packages/airflow/example_dags/example_trigger_controller_dag.py took 0.200 seconds
[2021-10-21 16:00:33,377] {processor.py:163} INFO - Started process (PID=889) to work on /home/airflow/.local/lib/python3.6/site-packages/airflow/example_dags/example_trigger_controller_dag.py
[2021-10-21 16:00:33,381] {processor.py:620} INFO - Processing file /home/airflow/.local/lib/python3.6/site-packages/airflow/example_dags/example_trigger_controller_dag.py for tasks to queue
[2021-10-21 16:00:33,394] {logging_mixin.py:109} INFO - [2021-10-21 16:00:33,394] {dagbag.py:500} INFO - Filling up the DagBag from /home/airflow/.local/lib/python3.6/site-packages/airflow/example_dags/example_trigger_controller_dag.py
[2021-10-21 16:00:33,458] {processor.py:632} INFO - DAG(s) dict_keys(['example_trigger_controller_dag']) retrieved from /home/airflow/.local/lib/python3.6/site-packages/airflow/example_dags/example_trigger_controller_dag.py
[2021-10-21 16:00:33,479] {logging_mixin.py:109} INFO - [2021-10-21 16:00:33,479] {dag.py:2389} INFO - Sync 1 DAGs
[2021-10-21 16:00:33,512] {logging_mixin.py:109} INFO - [2021-10-21 16:00:33,512] {dag.py:2914} INFO - Setting next_dagrun for example_trigger_controller_dag to None
[2021-10-21 16:00:33,576] {processor.py:171} INFO - Processing /home/airflow/.local/lib/python3.6/site-packages/airflow/example_dags/example_trigger_controller_dag.py took 0.211 seconds
[2021-10-21 16:01:05,810] {processor.py:163} INFO - Started process (PID=943) to work on /home/airflow/.local/lib/python3.6/site-packages/airflow/example_dags/example_trigger_controller_dag.py
[2021-10-21 16:01:05,827] {processor.py:620} INFO - Processing file /home/airflow/.local/lib/python3.6/site-packages/airflow/example_dags/example_trigger_controller_dag.py for tasks to queue
[2021-10-21 16:01:05,869] {logging_mixin.py:109} INFO - [2021-10-21 16:01:05,869] {dagbag.py:500} INFO - Filling up the DagBag from /home/airflow/.local/lib/python3.6/site-packages/airflow/example_dags/example_trigger_controller_dag.py
[2021-10-21 16:01:06,029] {processor.py:632} INFO - DAG(s) dict_keys(['example_trigger_controller_dag']) retrieved from /home/airflow/.local/lib/python3.6/site-packages/airflow/example_dags/example_trigger_controller_dag.py
[2021-10-21 16:01:06,067] {logging_mixin.py:109} INFO - [2021-10-21 16:01:06,067] {dag.py:2389} INFO - Sync 1 DAGs
[2021-10-21 16:01:06,123] {logging_mixin.py:109} INFO - [2021-10-21 16:01:06,123] {dag.py:2914} INFO - Setting next_dagrun for example_trigger_controller_dag to None
[2021-10-21 16:01:06,163] {processor.py:171} INFO - Processing /home/airflow/.local/lib/python3.6/site-packages/airflow/example_dags/example_trigger_controller_dag.py took 0.396 seconds
[2021-10-21 16:01:37,374] {processor.py:163} INFO - Started process (PID=999) to work on /home/airflow/.local/lib/python3.6/site-packages/airflow/example_dags/example_trigger_controller_dag.py
[2021-10-21 16:01:37,377] {processor.py:620} INFO - Processing file /home/airflow/.local/lib/python3.6/site-packages/airflow/example_dags/example_trigger_controller_dag.py for tasks to queue
[2021-10-21 16:01:37,379] {logging_mixin.py:109} INFO - [2021-10-21 16:01:37,379] {dagbag.py:500} INFO - Filling up the DagBag from /home/airflow/.local/lib/python3.6/site-packages/airflow/example_dags/example_trigger_controller_dag.py
[2021-10-21 16:01:37,430] {processor.py:632} INFO - DAG(s) dict_keys(['example_trigger_controller_dag']) retrieved from /home/airflow/.local/lib/python3.6/site-packages/airflow/example_dags/example_trigger_controller_dag.py
[2021-10-21 16:01:37,479] {logging_mixin.py:109} INFO - [2021-10-21 16:01:37,479] {dag.py:2389} INFO - Sync 1 DAGs
[2021-10-21 16:01:37,517] {logging_mixin.py:109} INFO - [2021-10-21 16:01:37,515] {dag.py:2914} INFO - Setting next_dagrun for example_trigger_controller_dag to None
[2021-10-21 16:01:37,538] {processor.py:171} INFO - Processing /home/airflow/.local/lib/python3.6/site-packages/airflow/example_dags/example_trigger_controller_dag.py took 0.173 seconds
[2021-10-21 16:02:11,468] {processor.py:163} INFO - Started process (PID=1052) to work on /home/airflow/.local/lib/python3.6/site-packages/airflow/example_dags/example_trigger_controller_dag.py
[2021-10-21 16:02:11,500] {processor.py:620} INFO - Processing file /home/airflow/.local/lib/python3.6/site-packages/airflow/example_dags/example_trigger_controller_dag.py for tasks to queue
[2021-10-21 16:02:11,504] {logging_mixin.py:109} INFO - [2021-10-21 16:02:11,504] {dagbag.py:500} INFO - Filling up the DagBag from /home/airflow/.local/lib/python3.6/site-packages/airflow/example_dags/example_trigger_controller_dag.py
[2021-10-21 16:02:11,752] {processor.py:632} INFO - DAG(s) dict_keys(['example_trigger_controller_dag']) retrieved from /home/airflow/.local/lib/python3.6/site-packages/airflow/example_dags/example_trigger_controller_dag.py
[2021-10-21 16:02:11,826] {logging_mixin.py:109} INFO - [2021-10-21 16:02:11,825] {dag.py:2389} INFO - Sync 1 DAGs
[2021-10-21 16:02:11,984] {logging_mixin.py:109} INFO - [2021-10-21 16:02:11,984] {dag.py:2914} INFO - Setting next_dagrun for example_trigger_controller_dag to None
[2021-10-21 16:02:12,102] {processor.py:171} INFO - Processing /home/airflow/.local/lib/python3.6/site-packages/airflow/example_dags/example_trigger_controller_dag.py took 0.645 seconds
[2021-10-21 16:02:42,846] {processor.py:163} INFO - Started process (PID=1096) to work on /home/airflow/.local/lib/python3.6/site-packages/airflow/example_dags/example_trigger_controller_dag.py
[2021-10-21 16:02:42,849] {processor.py:620} INFO - Processing file /home/airflow/.local/lib/python3.6/site-packages/airflow/example_dags/example_trigger_controller_dag.py for tasks to queue
[2021-10-21 16:02:42,854] {logging_mixin.py:109} INFO - [2021-10-21 16:02:42,854] {dagbag.py:500} INFO - Filling up the DagBag from /home/airflow/.local/lib/python3.6/site-packages/airflow/example_dags/example_trigger_controller_dag.py
[2021-10-21 16:02:42,935] {processor.py:632} INFO - DAG(s) dict_keys(['example_trigger_controller_dag']) retrieved from /home/airflow/.local/lib/python3.6/site-packages/airflow/example_dags/example_trigger_controller_dag.py
[2021-10-21 16:02:42,971] {logging_mixin.py:109} INFO - [2021-10-21 16:02:42,971] {dag.py:2389} INFO - Sync 1 DAGs
[2021-10-21 16:02:43,026] {logging_mixin.py:109} INFO - [2021-10-21 16:02:43,026] {dag.py:2914} INFO - Setting next_dagrun for example_trigger_controller_dag to None
[2021-10-21 16:02:43,046] {processor.py:171} INFO - Processing /home/airflow/.local/lib/python3.6/site-packages/airflow/example_dags/example_trigger_controller_dag.py took 0.211 seconds
[2021-10-21 16:03:14,000] {processor.py:163} INFO - Started process (PID=1161) to work on /home/airflow/.local/lib/python3.6/site-packages/airflow/example_dags/example_trigger_controller_dag.py
[2021-10-21 16:03:14,009] {processor.py:620} INFO - Processing file /home/airflow/.local/lib/python3.6/site-packages/airflow/example_dags/example_trigger_controller_dag.py for tasks to queue
[2021-10-21 16:03:14,010] {logging_mixin.py:109} INFO - [2021-10-21 16:03:14,010] {dagbag.py:500} INFO - Filling up the DagBag from /home/airflow/.local/lib/python3.6/site-packages/airflow/example_dags/example_trigger_controller_dag.py
[2021-10-21 16:03:14,054] {processor.py:632} INFO - DAG(s) dict_keys(['example_trigger_controller_dag']) retrieved from /home/airflow/.local/lib/python3.6/site-packages/airflow/example_dags/example_trigger_controller_dag.py
[2021-10-21 16:03:14,067] {logging_mixin.py:109} INFO - [2021-10-21 16:03:14,067] {dag.py:2389} INFO - Sync 1 DAGs
[2021-10-21 16:03:14,085] {logging_mixin.py:109} INFO - [2021-10-21 16:03:14,085] {dag.py:2914} INFO - Setting next_dagrun for example_trigger_controller_dag to None
[2021-10-21 16:03:14,112] {processor.py:171} INFO - Processing /home/airflow/.local/lib/python3.6/site-packages/airflow/example_dags/example_trigger_controller_dag.py took 0.116 seconds
[2021-10-21 16:03:44,875] {processor.py:163} INFO - Started process (PID=1220) to work on /home/airflow/.local/lib/python3.6/site-packages/airflow/example_dags/example_trigger_controller_dag.py
[2021-10-21 16:03:44,882] {processor.py:620} INFO - Processing file /home/airflow/.local/lib/python3.6/site-packages/airflow/example_dags/example_trigger_controller_dag.py for tasks to queue
[2021-10-21 16:03:44,884] {logging_mixin.py:109} INFO - [2021-10-21 16:03:44,884] {dagbag.py:500} INFO - Filling up the DagBag from /home/airflow/.local/lib/python3.6/site-packages/airflow/example_dags/example_trigger_controller_dag.py
[2021-10-21 16:03:44,964] {processor.py:632} INFO - DAG(s) dict_keys(['example_trigger_controller_dag']) retrieved from /home/airflow/.local/lib/python3.6/site-packages/airflow/example_dags/example_trigger_controller_dag.py
[2021-10-21 16:03:44,979] {logging_mixin.py:109} INFO - [2021-10-21 16:03:44,979] {dag.py:2389} INFO - Sync 1 DAGs
[2021-10-21 16:03:44,997] {logging_mixin.py:109} INFO - [2021-10-21 16:03:44,996] {dag.py:2914} INFO - Setting next_dagrun for example_trigger_controller_dag to None
[2021-10-21 16:03:45,012] {processor.py:171} INFO - Processing /home/airflow/.local/lib/python3.6/site-packages/airflow/example_dags/example_trigger_controller_dag.py took 0.141 seconds
[2021-10-21 16:04:15,888] {processor.py:163} INFO - Started process (PID=1274) to work on /home/airflow/.local/lib/python3.6/site-packages/airflow/example_dags/example_trigger_controller_dag.py
[2021-10-21 16:04:15,890] {processor.py:620} INFO - Processing file /home/airflow/.local/lib/python3.6/site-packages/airflow/example_dags/example_trigger_controller_dag.py for tasks to queue
[2021-10-21 16:04:15,892] {logging_mixin.py:109} INFO - [2021-10-21 16:04:15,892] {dagbag.py:500} INFO - Filling up the DagBag from /home/airflow/.local/lib/python3.6/site-packages/airflow/example_dags/example_trigger_controller_dag.py
[2021-10-21 16:04:15,933] {processor.py:632} INFO - DAG(s) dict_keys(['example_trigger_controller_dag']) retrieved from /home/airflow/.local/lib/python3.6/site-packages/airflow/example_dags/example_trigger_controller_dag.py
[2021-10-21 16:04:15,946] {logging_mixin.py:109} INFO - [2021-10-21 16:04:15,945] {dag.py:2389} INFO - Sync 1 DAGs
[2021-10-21 16:04:15,973] {logging_mixin.py:109} INFO - [2021-10-21 16:04:15,972] {dag.py:2914} INFO - Setting next_dagrun for example_trigger_controller_dag to None
[2021-10-21 16:04:15,987] {processor.py:171} INFO - Processing /home/airflow/.local/lib/python3.6/site-packages/airflow/example_dags/example_trigger_controller_dag.py took 0.102 seconds
[2021-10-21 16:04:46,485] {processor.py:163} INFO - Started process (PID=1328) to work on /home/airflow/.local/lib/python3.6/site-packages/airflow/example_dags/example_trigger_controller_dag.py
[2021-10-21 16:04:46,488] {processor.py:620} INFO - Processing file /home/airflow/.local/lib/python3.6/site-packages/airflow/example_dags/example_trigger_controller_dag.py for tasks to queue
[2021-10-21 16:04:46,490] {logging_mixin.py:109} INFO - [2021-10-21 16:04:46,490] {dagbag.py:500} INFO - Filling up the DagBag from /home/airflow/.local/lib/python3.6/site-packages/airflow/example_dags/example_trigger_controller_dag.py
[2021-10-21 16:04:46,548] {processor.py:632} INFO - DAG(s) dict_keys(['example_trigger_controller_dag']) retrieved from /home/airflow/.local/lib/python3.6/site-packages/airflow/example_dags/example_trigger_controller_dag.py
[2021-10-21 16:04:46,569] {logging_mixin.py:109} INFO - [2021-10-21 16:04:46,569] {dag.py:2389} INFO - Sync 1 DAGs
[2021-10-21 16:04:46,603] {logging_mixin.py:109} INFO - [2021-10-21 16:04:46,603] {dag.py:2914} INFO - Setting next_dagrun for example_trigger_controller_dag to None
[2021-10-21 16:04:46,619] {processor.py:171} INFO - Processing /home/airflow/.local/lib/python3.6/site-packages/airflow/example_dags/example_trigger_controller_dag.py took 0.139 seconds
[2021-10-21 16:05:18,168] {processor.py:163} INFO - Started process (PID=1393) to work on /home/airflow/.local/lib/python3.6/site-packages/airflow/example_dags/example_trigger_controller_dag.py
[2021-10-21 16:05:18,171] {processor.py:620} INFO - Processing file /home/airflow/.local/lib/python3.6/site-packages/airflow/example_dags/example_trigger_controller_dag.py for tasks to queue
[2021-10-21 16:05:18,178] {logging_mixin.py:109} INFO - [2021-10-21 16:05:18,178] {dagbag.py:500} INFO - Filling up the DagBag from /home/airflow/.local/lib/python3.6/site-packages/airflow/example_dags/example_trigger_controller_dag.py
[2021-10-21 16:05:18,259] {processor.py:632} INFO - DAG(s) dict_keys(['example_trigger_controller_dag']) retrieved from /home/airflow/.local/lib/python3.6/site-packages/airflow/example_dags/example_trigger_controller_dag.py
[2021-10-21 16:05:18,293] {logging_mixin.py:109} INFO - [2021-10-21 16:05:18,292] {dag.py:2389} INFO - Sync 1 DAGs
[2021-10-21 16:05:18,339] {logging_mixin.py:109} INFO - [2021-10-21 16:05:18,339] {dag.py:2914} INFO - Setting next_dagrun for example_trigger_controller_dag to None
[2021-10-21 16:05:18,375] {processor.py:171} INFO - Processing /home/airflow/.local/lib/python3.6/site-packages/airflow/example_dags/example_trigger_controller_dag.py took 0.221 seconds
[2021-10-21 16:05:49,597] {processor.py:163} INFO - Started process (PID=1448) to work on /home/airflow/.local/lib/python3.6/site-packages/airflow/example_dags/example_trigger_controller_dag.py
[2021-10-21 16:05:49,599] {processor.py:620} INFO - Processing file /home/airflow/.local/lib/python3.6/site-packages/airflow/example_dags/example_trigger_controller_dag.py for tasks to queue
[2021-10-21 16:05:49,600] {logging_mixin.py:109} INFO - [2021-10-21 16:05:49,600] {dagbag.py:500} INFO - Filling up the DagBag from /home/airflow/.local/lib/python3.6/site-packages/airflow/example_dags/example_trigger_controller_dag.py
[2021-10-21 16:05:49,632] {processor.py:632} INFO - DAG(s) dict_keys(['example_trigger_controller_dag']) retrieved from /home/airflow/.local/lib/python3.6/site-packages/airflow/example_dags/example_trigger_controller_dag.py
[2021-10-21 16:05:49,645] {logging_mixin.py:109} INFO - [2021-10-21 16:05:49,645] {dag.py:2389} INFO - Sync 1 DAGs
[2021-10-21 16:05:49,672] {logging_mixin.py:109} INFO - [2021-10-21 16:05:49,672] {dag.py:2914} INFO - Setting next_dagrun for example_trigger_controller_dag to None
[2021-10-21 16:05:49,692] {processor.py:171} INFO - Processing /home/airflow/.local/lib/python3.6/site-packages/airflow/example_dags/example_trigger_controller_dag.py took 0.099 seconds
[2021-10-21 16:06:19,988] {processor.py:163} INFO - Started process (PID=1502) to work on /home/airflow/.local/lib/python3.6/site-packages/airflow/example_dags/example_trigger_controller_dag.py
[2021-10-21 16:06:19,991] {processor.py:620} INFO - Processing file /home/airflow/.local/lib/python3.6/site-packages/airflow/example_dags/example_trigger_controller_dag.py for tasks to queue
[2021-10-21 16:06:19,993] {logging_mixin.py:109} INFO - [2021-10-21 16:06:19,993] {dagbag.py:500} INFO - Filling up the DagBag from /home/airflow/.local/lib/python3.6/site-packages/airflow/example_dags/example_trigger_controller_dag.py
[2021-10-21 16:06:20,027] {processor.py:632} INFO - DAG(s) dict_keys(['example_trigger_controller_dag']) retrieved from /home/airflow/.local/lib/python3.6/site-packages/airflow/example_dags/example_trigger_controller_dag.py
[2021-10-21 16:06:20,058] {logging_mixin.py:109} INFO - [2021-10-21 16:06:20,058] {dag.py:2389} INFO - Sync 1 DAGs
[2021-10-21 16:06:20,096] {logging_mixin.py:109} INFO - [2021-10-21 16:06:20,095] {dag.py:2914} INFO - Setting next_dagrun for example_trigger_controller_dag to None
[2021-10-21 16:06:20,118] {processor.py:171} INFO - Processing /home/airflow/.local/lib/python3.6/site-packages/airflow/example_dags/example_trigger_controller_dag.py took 0.136 seconds
[2021-10-21 16:06:50,411] {processor.py:163} INFO - Started process (PID=1569) to work on /home/airflow/.local/lib/python3.6/site-packages/airflow/example_dags/example_trigger_controller_dag.py
[2021-10-21 16:06:50,421] {processor.py:620} INFO - Processing file /home/airflow/.local/lib/python3.6/site-packages/airflow/example_dags/example_trigger_controller_dag.py for tasks to queue
[2021-10-21 16:06:50,422] {logging_mixin.py:109} INFO - [2021-10-21 16:06:50,422] {dagbag.py:500} INFO - Filling up the DagBag from /home/airflow/.local/lib/python3.6/site-packages/airflow/example_dags/example_trigger_controller_dag.py
[2021-10-21 16:06:50,483] {processor.py:632} INFO - DAG(s) dict_keys(['example_trigger_controller_dag']) retrieved from /home/airflow/.local/lib/python3.6/site-packages/airflow/example_dags/example_trigger_controller_dag.py
[2021-10-21 16:06:50,497] {logging_mixin.py:109} INFO - [2021-10-21 16:06:50,497] {dag.py:2389} INFO - Sync 1 DAGs
[2021-10-21 16:06:50,515] {logging_mixin.py:109} INFO - [2021-10-21 16:06:50,515] {dag.py:2914} INFO - Setting next_dagrun for example_trigger_controller_dag to None
[2021-10-21 16:06:50,528] {processor.py:171} INFO - Processing /home/airflow/.local/lib/python3.6/site-packages/airflow/example_dags/example_trigger_controller_dag.py took 0.123 seconds
