[2021-10-21 15:53:13,514] {processor.py:163} INFO - Started process (PID=63) to work on /home/airflow/.local/lib/python3.6/site-packages/airflow/example_dags/tutorial.py
[2021-10-21 15:53:13,517] {processor.py:620} INFO - Processing file /home/airflow/.local/lib/python3.6/site-packages/airflow/example_dags/tutorial.py for tasks to queue
[2021-10-21 15:53:13,529] {logging_mixin.py:109} INFO - [2021-10-21 15:53:13,529] {dagbag.py:500} INFO - Filling up the DagBag from /home/airflow/.local/lib/python3.6/site-packages/airflow/example_dags/tutorial.py
[2021-10-21 15:53:13,688] {processor.py:632} INFO - DAG(s) dict_keys(['tutorial']) retrieved from /home/airflow/.local/lib/python3.6/site-packages/airflow/example_dags/tutorial.py
[2021-10-21 15:53:13,761] {logging_mixin.py:109} INFO - [2021-10-21 15:53:13,761] {dag.py:2389} INFO - Sync 1 DAGs
[2021-10-21 15:53:13,836] {logging_mixin.py:109} INFO - [2021-10-21 15:53:13,836] {dag.py:2914} INFO - Setting next_dagrun for tutorial to 2021-10-20T15:53:13.835801+00:00
[2021-10-21 15:53:13,884] {processor.py:171} INFO - Processing /home/airflow/.local/lib/python3.6/site-packages/airflow/example_dags/tutorial.py took 0.386 seconds
[2021-10-21 15:53:44,487] {processor.py:163} INFO - Started process (PID=117) to work on /home/airflow/.local/lib/python3.6/site-packages/airflow/example_dags/tutorial.py
[2021-10-21 15:53:44,495] {processor.py:620} INFO - Processing file /home/airflow/.local/lib/python3.6/site-packages/airflow/example_dags/tutorial.py for tasks to queue
[2021-10-21 15:53:44,497] {logging_mixin.py:109} INFO - [2021-10-21 15:53:44,497] {dagbag.py:500} INFO - Filling up the DagBag from /home/airflow/.local/lib/python3.6/site-packages/airflow/example_dags/tutorial.py
[2021-10-21 15:53:44,563] {processor.py:632} INFO - DAG(s) dict_keys(['tutorial']) retrieved from /home/airflow/.local/lib/python3.6/site-packages/airflow/example_dags/tutorial.py
[2021-10-21 15:53:44,587] {logging_mixin.py:109} INFO - [2021-10-21 15:53:44,587] {dag.py:2389} INFO - Sync 1 DAGs
[2021-10-21 15:53:44,615] {logging_mixin.py:109} INFO - [2021-10-21 15:53:44,615] {dag.py:2914} INFO - Setting next_dagrun for tutorial to 2021-10-20T15:53:44.614308+00:00
[2021-10-21 15:53:44,654] {processor.py:171} INFO - Processing /home/airflow/.local/lib/python3.6/site-packages/airflow/example_dags/tutorial.py took 0.191 seconds
[2021-10-21 15:54:15,527] {processor.py:163} INFO - Started process (PID=170) to work on /home/airflow/.local/lib/python3.6/site-packages/airflow/example_dags/tutorial.py
[2021-10-21 15:54:15,530] {processor.py:620} INFO - Processing file /home/airflow/.local/lib/python3.6/site-packages/airflow/example_dags/tutorial.py for tasks to queue
[2021-10-21 15:54:15,535] {logging_mixin.py:109} INFO - [2021-10-21 15:54:15,535] {dagbag.py:500} INFO - Filling up the DagBag from /home/airflow/.local/lib/python3.6/site-packages/airflow/example_dags/tutorial.py
[2021-10-21 15:54:15,637] {processor.py:632} INFO - DAG(s) dict_keys(['tutorial']) retrieved from /home/airflow/.local/lib/python3.6/site-packages/airflow/example_dags/tutorial.py
[2021-10-21 15:54:15,675] {logging_mixin.py:109} INFO - [2021-10-21 15:54:15,674] {dag.py:2389} INFO - Sync 1 DAGs
[2021-10-21 15:54:15,743] {logging_mixin.py:109} INFO - [2021-10-21 15:54:15,742] {dag.py:2914} INFO - Setting next_dagrun for tutorial to 2021-10-20T15:54:15.742101+00:00
[2021-10-21 15:54:15,761] {processor.py:171} INFO - Processing /home/airflow/.local/lib/python3.6/site-packages/airflow/example_dags/tutorial.py took 0.242 seconds
[2021-10-21 15:54:46,403] {processor.py:163} INFO - Started process (PID=225) to work on /home/airflow/.local/lib/python3.6/site-packages/airflow/example_dags/tutorial.py
[2021-10-21 15:54:46,406] {processor.py:620} INFO - Processing file /home/airflow/.local/lib/python3.6/site-packages/airflow/example_dags/tutorial.py for tasks to queue
[2021-10-21 15:54:46,409] {logging_mixin.py:109} INFO - [2021-10-21 15:54:46,409] {dagbag.py:500} INFO - Filling up the DagBag from /home/airflow/.local/lib/python3.6/site-packages/airflow/example_dags/tutorial.py
[2021-10-21 15:54:46,465] {processor.py:632} INFO - DAG(s) dict_keys(['tutorial']) retrieved from /home/airflow/.local/lib/python3.6/site-packages/airflow/example_dags/tutorial.py
[2021-10-21 15:54:46,479] {logging_mixin.py:109} INFO - [2021-10-21 15:54:46,478] {dag.py:2389} INFO - Sync 1 DAGs
[2021-10-21 15:54:46,505] {logging_mixin.py:109} INFO - [2021-10-21 15:54:46,505] {dag.py:2914} INFO - Setting next_dagrun for tutorial to 2021-10-20T15:54:46.504968+00:00
[2021-10-21 15:54:46,517] {processor.py:171} INFO - Processing /home/airflow/.local/lib/python3.6/site-packages/airflow/example_dags/tutorial.py took 0.124 seconds
[2021-10-21 15:55:17,536] {processor.py:163} INFO - Started process (PID=289) to work on /home/airflow/.local/lib/python3.6/site-packages/airflow/example_dags/tutorial.py
[2021-10-21 15:55:17,541] {processor.py:620} INFO - Processing file /home/airflow/.local/lib/python3.6/site-packages/airflow/example_dags/tutorial.py for tasks to queue
[2021-10-21 15:55:17,543] {logging_mixin.py:109} INFO - [2021-10-21 15:55:17,543] {dagbag.py:500} INFO - Filling up the DagBag from /home/airflow/.local/lib/python3.6/site-packages/airflow/example_dags/tutorial.py
[2021-10-21 15:55:17,618] {processor.py:632} INFO - DAG(s) dict_keys(['tutorial']) retrieved from /home/airflow/.local/lib/python3.6/site-packages/airflow/example_dags/tutorial.py
[2021-10-21 15:55:17,659] {logging_mixin.py:109} INFO - [2021-10-21 15:55:17,659] {dag.py:2389} INFO - Sync 1 DAGs
[2021-10-21 15:55:17,707] {logging_mixin.py:109} INFO - [2021-10-21 15:55:17,707] {dag.py:2914} INFO - Setting next_dagrun for tutorial to 2021-10-20T15:55:17.707067+00:00
[2021-10-21 15:55:17,724] {processor.py:171} INFO - Processing /home/airflow/.local/lib/python3.6/site-packages/airflow/example_dags/tutorial.py took 0.195 seconds
[2021-10-21 15:55:48,387] {processor.py:163} INFO - Started process (PID=343) to work on /home/airflow/.local/lib/python3.6/site-packages/airflow/example_dags/tutorial.py
[2021-10-21 15:55:48,395] {processor.py:620} INFO - Processing file /home/airflow/.local/lib/python3.6/site-packages/airflow/example_dags/tutorial.py for tasks to queue
[2021-10-21 15:55:48,397] {logging_mixin.py:109} INFO - [2021-10-21 15:55:48,397] {dagbag.py:500} INFO - Filling up the DagBag from /home/airflow/.local/lib/python3.6/site-packages/airflow/example_dags/tutorial.py
[2021-10-21 15:55:48,692] {processor.py:632} INFO - DAG(s) dict_keys(['tutorial']) retrieved from /home/airflow/.local/lib/python3.6/site-packages/airflow/example_dags/tutorial.py
[2021-10-21 15:55:48,783] {logging_mixin.py:109} INFO - [2021-10-21 15:55:48,782] {dag.py:2389} INFO - Sync 1 DAGs
[2021-10-21 15:55:48,829] {logging_mixin.py:109} INFO - [2021-10-21 15:55:48,829] {dag.py:2914} INFO - Setting next_dagrun for tutorial to 2021-10-20T15:55:48.829546+00:00
[2021-10-21 15:55:48,851] {processor.py:171} INFO - Processing /home/airflow/.local/lib/python3.6/site-packages/airflow/example_dags/tutorial.py took 0.516 seconds
[2021-10-21 15:56:21,182] {processor.py:163} INFO - Started process (PID=400) to work on /home/airflow/.local/lib/python3.6/site-packages/airflow/example_dags/tutorial.py
[2021-10-21 15:56:21,192] {processor.py:620} INFO - Processing file /home/airflow/.local/lib/python3.6/site-packages/airflow/example_dags/tutorial.py for tasks to queue
[2021-10-21 15:56:21,193] {logging_mixin.py:109} INFO - [2021-10-21 15:56:21,193] {dagbag.py:500} INFO - Filling up the DagBag from /home/airflow/.local/lib/python3.6/site-packages/airflow/example_dags/tutorial.py
[2021-10-21 15:56:21,255] {processor.py:632} INFO - DAG(s) dict_keys(['tutorial']) retrieved from /home/airflow/.local/lib/python3.6/site-packages/airflow/example_dags/tutorial.py
[2021-10-21 15:56:21,281] {logging_mixin.py:109} INFO - [2021-10-21 15:56:21,280] {dag.py:2389} INFO - Sync 1 DAGs
[2021-10-21 15:56:21,309] {logging_mixin.py:109} INFO - [2021-10-21 15:56:21,309] {dag.py:2914} INFO - Setting next_dagrun for tutorial to 2021-10-20T15:56:21.309251+00:00
[2021-10-21 15:56:21,325] {processor.py:171} INFO - Processing /home/airflow/.local/lib/python3.6/site-packages/airflow/example_dags/tutorial.py took 0.148 seconds
[2021-10-21 15:56:51,424] {processor.py:163} INFO - Started process (PID=467) to work on /home/airflow/.local/lib/python3.6/site-packages/airflow/example_dags/tutorial.py
[2021-10-21 15:56:51,426] {processor.py:620} INFO - Processing file /home/airflow/.local/lib/python3.6/site-packages/airflow/example_dags/tutorial.py for tasks to queue
[2021-10-21 15:56:51,428] {logging_mixin.py:109} INFO - [2021-10-21 15:56:51,428] {dagbag.py:500} INFO - Filling up the DagBag from /home/airflow/.local/lib/python3.6/site-packages/airflow/example_dags/tutorial.py
[2021-10-21 15:56:51,469] {processor.py:632} INFO - DAG(s) dict_keys(['tutorial']) retrieved from /home/airflow/.local/lib/python3.6/site-packages/airflow/example_dags/tutorial.py
[2021-10-21 15:56:51,481] {logging_mixin.py:109} INFO - [2021-10-21 15:56:51,481] {dag.py:2389} INFO - Sync 1 DAGs
[2021-10-21 15:56:51,498] {logging_mixin.py:109} INFO - [2021-10-21 15:56:51,498] {dag.py:2914} INFO - Setting next_dagrun for tutorial to 2021-10-20T15:56:51.497735+00:00
[2021-10-21 15:56:51,513] {processor.py:171} INFO - Processing /home/airflow/.local/lib/python3.6/site-packages/airflow/example_dags/tutorial.py took 0.094 seconds
[2021-10-21 15:57:23,089] {processor.py:163} INFO - Started process (PID=522) to work on /home/airflow/.local/lib/python3.6/site-packages/airflow/example_dags/tutorial.py
[2021-10-21 15:57:23,093] {processor.py:620} INFO - Processing file /home/airflow/.local/lib/python3.6/site-packages/airflow/example_dags/tutorial.py for tasks to queue
[2021-10-21 15:57:23,107] {logging_mixin.py:109} INFO - [2021-10-21 15:57:23,105] {dagbag.py:500} INFO - Filling up the DagBag from /home/airflow/.local/lib/python3.6/site-packages/airflow/example_dags/tutorial.py
[2021-10-21 15:57:23,240] {processor.py:632} INFO - DAG(s) dict_keys(['tutorial']) retrieved from /home/airflow/.local/lib/python3.6/site-packages/airflow/example_dags/tutorial.py
[2021-10-21 15:57:23,284] {logging_mixin.py:109} INFO - [2021-10-21 15:57:23,283] {dag.py:2389} INFO - Sync 1 DAGs
[2021-10-21 15:57:23,356] {logging_mixin.py:109} INFO - [2021-10-21 15:57:23,355] {dag.py:2914} INFO - Setting next_dagrun for tutorial to 2021-10-20T15:57:23.353234+00:00
[2021-10-21 15:57:23,399] {processor.py:171} INFO - Processing /home/airflow/.local/lib/python3.6/site-packages/airflow/example_dags/tutorial.py took 0.321 seconds
[2021-10-21 15:57:53,825] {processor.py:163} INFO - Started process (PID=580) to work on /home/airflow/.local/lib/python3.6/site-packages/airflow/example_dags/tutorial.py
[2021-10-21 15:57:53,827] {processor.py:620} INFO - Processing file /home/airflow/.local/lib/python3.6/site-packages/airflow/example_dags/tutorial.py for tasks to queue
[2021-10-21 15:57:53,832] {logging_mixin.py:109} INFO - [2021-10-21 15:57:53,831] {dagbag.py:500} INFO - Filling up the DagBag from /home/airflow/.local/lib/python3.6/site-packages/airflow/example_dags/tutorial.py
[2021-10-21 15:57:53,885] {processor.py:632} INFO - DAG(s) dict_keys(['tutorial']) retrieved from /home/airflow/.local/lib/python3.6/site-packages/airflow/example_dags/tutorial.py
[2021-10-21 15:57:53,913] {logging_mixin.py:109} INFO - [2021-10-21 15:57:53,912] {dag.py:2389} INFO - Sync 1 DAGs
[2021-10-21 15:57:53,957] {logging_mixin.py:109} INFO - [2021-10-21 15:57:53,956] {dag.py:2914} INFO - Setting next_dagrun for tutorial to 2021-10-20T15:57:53.955404+00:00
[2021-10-21 15:57:53,985] {processor.py:171} INFO - Processing /home/airflow/.local/lib/python3.6/site-packages/airflow/example_dags/tutorial.py took 0.168 seconds
[2021-10-21 15:58:24,576] {processor.py:163} INFO - Started process (PID=636) to work on /home/airflow/.local/lib/python3.6/site-packages/airflow/example_dags/tutorial.py
[2021-10-21 15:58:24,579] {processor.py:620} INFO - Processing file /home/airflow/.local/lib/python3.6/site-packages/airflow/example_dags/tutorial.py for tasks to queue
[2021-10-21 15:58:24,580] {logging_mixin.py:109} INFO - [2021-10-21 15:58:24,580] {dagbag.py:500} INFO - Filling up the DagBag from /home/airflow/.local/lib/python3.6/site-packages/airflow/example_dags/tutorial.py
[2021-10-21 15:58:24,628] {processor.py:632} INFO - DAG(s) dict_keys(['tutorial']) retrieved from /home/airflow/.local/lib/python3.6/site-packages/airflow/example_dags/tutorial.py
[2021-10-21 15:58:24,643] {logging_mixin.py:109} INFO - [2021-10-21 15:58:24,643] {dag.py:2389} INFO - Sync 1 DAGs
[2021-10-21 15:58:24,663] {logging_mixin.py:109} INFO - [2021-10-21 15:58:24,663] {dag.py:2914} INFO - Setting next_dagrun for tutorial to 2021-10-20T15:58:24.663604+00:00
[2021-10-21 15:58:24,674] {processor.py:171} INFO - Processing /home/airflow/.local/lib/python3.6/site-packages/airflow/example_dags/tutorial.py took 0.110 seconds
[2021-10-21 15:58:55,345] {processor.py:163} INFO - Started process (PID=700) to work on /home/airflow/.local/lib/python3.6/site-packages/airflow/example_dags/tutorial.py
[2021-10-21 15:58:55,347] {processor.py:620} INFO - Processing file /home/airflow/.local/lib/python3.6/site-packages/airflow/example_dags/tutorial.py for tasks to queue
[2021-10-21 15:58:55,357] {logging_mixin.py:109} INFO - [2021-10-21 15:58:55,357] {dagbag.py:500} INFO - Filling up the DagBag from /home/airflow/.local/lib/python3.6/site-packages/airflow/example_dags/tutorial.py
[2021-10-21 15:58:55,440] {processor.py:632} INFO - DAG(s) dict_keys(['tutorial']) retrieved from /home/airflow/.local/lib/python3.6/site-packages/airflow/example_dags/tutorial.py
[2021-10-21 15:58:55,471] {logging_mixin.py:109} INFO - [2021-10-21 15:58:55,471] {dag.py:2389} INFO - Sync 1 DAGs
[2021-10-21 15:58:55,519] {logging_mixin.py:109} INFO - [2021-10-21 15:58:55,519] {dag.py:2914} INFO - Setting next_dagrun for tutorial to 2021-10-20T15:58:55.519178+00:00
[2021-10-21 15:58:55,543] {processor.py:171} INFO - Processing /home/airflow/.local/lib/python3.6/site-packages/airflow/example_dags/tutorial.py took 0.210 seconds
[2021-10-21 15:59:25,930] {processor.py:163} INFO - Started process (PID=755) to work on /home/airflow/.local/lib/python3.6/site-packages/airflow/example_dags/tutorial.py
[2021-10-21 15:59:25,937] {processor.py:620} INFO - Processing file /home/airflow/.local/lib/python3.6/site-packages/airflow/example_dags/tutorial.py for tasks to queue
[2021-10-21 15:59:25,941] {logging_mixin.py:109} INFO - [2021-10-21 15:59:25,941] {dagbag.py:500} INFO - Filling up the DagBag from /home/airflow/.local/lib/python3.6/site-packages/airflow/example_dags/tutorial.py
[2021-10-21 15:59:26,012] {processor.py:632} INFO - DAG(s) dict_keys(['tutorial']) retrieved from /home/airflow/.local/lib/python3.6/site-packages/airflow/example_dags/tutorial.py
[2021-10-21 15:59:26,041] {logging_mixin.py:109} INFO - [2021-10-21 15:59:26,041] {dag.py:2389} INFO - Sync 1 DAGs
[2021-10-21 15:59:26,098] {logging_mixin.py:109} INFO - [2021-10-21 15:59:26,098] {dag.py:2914} INFO - Setting next_dagrun for tutorial to 2021-10-20T15:59:26.097755+00:00
[2021-10-21 15:59:26,131] {processor.py:171} INFO - Processing /home/airflow/.local/lib/python3.6/site-packages/airflow/example_dags/tutorial.py took 0.205 seconds
[2021-10-21 15:59:58,042] {processor.py:163} INFO - Started process (PID=813) to work on /home/airflow/.local/lib/python3.6/site-packages/airflow/example_dags/tutorial.py
[2021-10-21 15:59:58,045] {processor.py:620} INFO - Processing file /home/airflow/.local/lib/python3.6/site-packages/airflow/example_dags/tutorial.py for tasks to queue
[2021-10-21 15:59:58,047] {logging_mixin.py:109} INFO - [2021-10-21 15:59:58,047] {dagbag.py:500} INFO - Filling up the DagBag from /home/airflow/.local/lib/python3.6/site-packages/airflow/example_dags/tutorial.py
[2021-10-21 15:59:58,137] {processor.py:632} INFO - DAG(s) dict_keys(['tutorial']) retrieved from /home/airflow/.local/lib/python3.6/site-packages/airflow/example_dags/tutorial.py
[2021-10-21 15:59:58,179] {logging_mixin.py:109} INFO - [2021-10-21 15:59:58,178] {dag.py:2389} INFO - Sync 1 DAGs
[2021-10-21 15:59:58,219] {logging_mixin.py:109} INFO - [2021-10-21 15:59:58,219] {dag.py:2914} INFO - Setting next_dagrun for tutorial to 2021-10-20T15:59:58.219256+00:00
[2021-10-21 15:59:58,260] {processor.py:171} INFO - Processing /home/airflow/.local/lib/python3.6/site-packages/airflow/example_dags/tutorial.py took 0.231 seconds
[2021-10-21 16:00:30,754] {processor.py:163} INFO - Started process (PID=881) to work on /home/airflow/.local/lib/python3.6/site-packages/airflow/example_dags/tutorial.py
[2021-10-21 16:00:30,766] {processor.py:620} INFO - Processing file /home/airflow/.local/lib/python3.6/site-packages/airflow/example_dags/tutorial.py for tasks to queue
[2021-10-21 16:00:30,767] {logging_mixin.py:109} INFO - [2021-10-21 16:00:30,767] {dagbag.py:500} INFO - Filling up the DagBag from /home/airflow/.local/lib/python3.6/site-packages/airflow/example_dags/tutorial.py
[2021-10-21 16:00:30,893] {processor.py:632} INFO - DAG(s) dict_keys(['tutorial']) retrieved from /home/airflow/.local/lib/python3.6/site-packages/airflow/example_dags/tutorial.py
[2021-10-21 16:00:30,914] {logging_mixin.py:109} INFO - [2021-10-21 16:00:30,913] {dag.py:2389} INFO - Sync 1 DAGs
[2021-10-21 16:00:31,002] {logging_mixin.py:109} INFO - [2021-10-21 16:00:30,975] {dag.py:2914} INFO - Setting next_dagrun for tutorial to 2021-10-20T16:00:30.975408+00:00
[2021-10-21 16:00:31,098] {processor.py:171} INFO - Processing /home/airflow/.local/lib/python3.6/site-packages/airflow/example_dags/tutorial.py took 0.371 seconds
[2021-10-21 16:01:03,375] {processor.py:163} INFO - Started process (PID=932) to work on /home/airflow/.local/lib/python3.6/site-packages/airflow/example_dags/tutorial.py
[2021-10-21 16:01:03,379] {processor.py:620} INFO - Processing file /home/airflow/.local/lib/python3.6/site-packages/airflow/example_dags/tutorial.py for tasks to queue
[2021-10-21 16:01:03,381] {logging_mixin.py:109} INFO - [2021-10-21 16:01:03,381] {dagbag.py:500} INFO - Filling up the DagBag from /home/airflow/.local/lib/python3.6/site-packages/airflow/example_dags/tutorial.py
[2021-10-21 16:01:03,564] {processor.py:632} INFO - DAG(s) dict_keys(['tutorial']) retrieved from /home/airflow/.local/lib/python3.6/site-packages/airflow/example_dags/tutorial.py
[2021-10-21 16:01:03,593] {logging_mixin.py:109} INFO - [2021-10-21 16:01:03,593] {dag.py:2389} INFO - Sync 1 DAGs
[2021-10-21 16:01:03,639] {logging_mixin.py:109} INFO - [2021-10-21 16:01:03,639] {dag.py:2914} INFO - Setting next_dagrun for tutorial to 2021-10-20T16:01:03.639094+00:00
[2021-10-21 16:01:03,695] {processor.py:171} INFO - Processing /home/airflow/.local/lib/python3.6/site-packages/airflow/example_dags/tutorial.py took 0.334 seconds
[2021-10-21 16:01:35,508] {processor.py:163} INFO - Started process (PID=981) to work on /home/airflow/.local/lib/python3.6/site-packages/airflow/example_dags/tutorial.py
[2021-10-21 16:01:35,511] {processor.py:620} INFO - Processing file /home/airflow/.local/lib/python3.6/site-packages/airflow/example_dags/tutorial.py for tasks to queue
[2021-10-21 16:01:35,512] {logging_mixin.py:109} INFO - [2021-10-21 16:01:35,512] {dagbag.py:500} INFO - Filling up the DagBag from /home/airflow/.local/lib/python3.6/site-packages/airflow/example_dags/tutorial.py
[2021-10-21 16:01:35,646] {processor.py:632} INFO - DAG(s) dict_keys(['tutorial']) retrieved from /home/airflow/.local/lib/python3.6/site-packages/airflow/example_dags/tutorial.py
[2021-10-21 16:01:35,688] {logging_mixin.py:109} INFO - [2021-10-21 16:01:35,688] {dag.py:2389} INFO - Sync 1 DAGs
[2021-10-21 16:01:35,806] {logging_mixin.py:109} INFO - [2021-10-21 16:01:35,805] {dag.py:2914} INFO - Setting next_dagrun for tutorial to 2021-10-20T16:01:35.805421+00:00
[2021-10-21 16:01:35,830] {processor.py:171} INFO - Processing /home/airflow/.local/lib/python3.6/site-packages/airflow/example_dags/tutorial.py took 0.338 seconds
[2021-10-21 16:02:06,401] {processor.py:163} INFO - Started process (PID=1035) to work on /home/airflow/.local/lib/python3.6/site-packages/airflow/example_dags/tutorial.py
[2021-10-21 16:02:06,411] {processor.py:620} INFO - Processing file /home/airflow/.local/lib/python3.6/site-packages/airflow/example_dags/tutorial.py for tasks to queue
[2021-10-21 16:02:06,415] {logging_mixin.py:109} INFO - [2021-10-21 16:02:06,415] {dagbag.py:500} INFO - Filling up the DagBag from /home/airflow/.local/lib/python3.6/site-packages/airflow/example_dags/tutorial.py
[2021-10-21 16:02:06,548] {processor.py:632} INFO - DAG(s) dict_keys(['tutorial']) retrieved from /home/airflow/.local/lib/python3.6/site-packages/airflow/example_dags/tutorial.py
[2021-10-21 16:02:06,634] {logging_mixin.py:109} INFO - [2021-10-21 16:02:06,634] {dag.py:2389} INFO - Sync 1 DAGs
[2021-10-21 16:02:06,728] {logging_mixin.py:109} INFO - [2021-10-21 16:02:06,728] {dag.py:2914} INFO - Setting next_dagrun for tutorial to 2021-10-20T16:02:06.727304+00:00
[2021-10-21 16:02:06,761] {processor.py:171} INFO - Processing /home/airflow/.local/lib/python3.6/site-packages/airflow/example_dags/tutorial.py took 0.368 seconds
[2021-10-21 16:02:39,533] {processor.py:163} INFO - Started process (PID=1088) to work on /home/airflow/.local/lib/python3.6/site-packages/airflow/example_dags/tutorial.py
[2021-10-21 16:02:39,548] {processor.py:620} INFO - Processing file /home/airflow/.local/lib/python3.6/site-packages/airflow/example_dags/tutorial.py for tasks to queue
[2021-10-21 16:02:39,566] {logging_mixin.py:109} INFO - [2021-10-21 16:02:39,566] {dagbag.py:500} INFO - Filling up the DagBag from /home/airflow/.local/lib/python3.6/site-packages/airflow/example_dags/tutorial.py
[2021-10-21 16:02:39,932] {processor.py:632} INFO - DAG(s) dict_keys(['tutorial']) retrieved from /home/airflow/.local/lib/python3.6/site-packages/airflow/example_dags/tutorial.py
[2021-10-21 16:02:40,051] {logging_mixin.py:109} INFO - [2021-10-21 16:02:40,051] {dag.py:2389} INFO - Sync 1 DAGs
[2021-10-21 16:02:40,129] {logging_mixin.py:109} INFO - [2021-10-21 16:02:40,120] {dag.py:2914} INFO - Setting next_dagrun for tutorial to 2021-10-20T16:02:40.119995+00:00
[2021-10-21 16:02:40,250] {processor.py:171} INFO - Processing /home/airflow/.local/lib/python3.6/site-packages/airflow/example_dags/tutorial.py took 0.763 seconds
[2021-10-21 16:03:11,376] {processor.py:163} INFO - Started process (PID=1142) to work on /home/airflow/.local/lib/python3.6/site-packages/airflow/example_dags/tutorial.py
[2021-10-21 16:03:11,382] {processor.py:620} INFO - Processing file /home/airflow/.local/lib/python3.6/site-packages/airflow/example_dags/tutorial.py for tasks to queue
[2021-10-21 16:03:11,386] {logging_mixin.py:109} INFO - [2021-10-21 16:03:11,386] {dagbag.py:500} INFO - Filling up the DagBag from /home/airflow/.local/lib/python3.6/site-packages/airflow/example_dags/tutorial.py
[2021-10-21 16:03:11,475] {processor.py:632} INFO - DAG(s) dict_keys(['tutorial']) retrieved from /home/airflow/.local/lib/python3.6/site-packages/airflow/example_dags/tutorial.py
[2021-10-21 16:03:11,507] {logging_mixin.py:109} INFO - [2021-10-21 16:03:11,507] {dag.py:2389} INFO - Sync 1 DAGs
[2021-10-21 16:03:11,549] {logging_mixin.py:109} INFO - [2021-10-21 16:03:11,548] {dag.py:2914} INFO - Setting next_dagrun for tutorial to 2021-10-20T16:03:11.547743+00:00
[2021-10-21 16:03:11,571] {processor.py:171} INFO - Processing /home/airflow/.local/lib/python3.6/site-packages/airflow/example_dags/tutorial.py took 0.211 seconds
[2021-10-21 16:03:41,774] {processor.py:163} INFO - Started process (PID=1212) to work on /home/airflow/.local/lib/python3.6/site-packages/airflow/example_dags/tutorial.py
[2021-10-21 16:03:41,775] {processor.py:620} INFO - Processing file /home/airflow/.local/lib/python3.6/site-packages/airflow/example_dags/tutorial.py for tasks to queue
[2021-10-21 16:03:41,776] {logging_mixin.py:109} INFO - [2021-10-21 16:03:41,776] {dagbag.py:500} INFO - Filling up the DagBag from /home/airflow/.local/lib/python3.6/site-packages/airflow/example_dags/tutorial.py
[2021-10-21 16:03:41,843] {processor.py:632} INFO - DAG(s) dict_keys(['tutorial']) retrieved from /home/airflow/.local/lib/python3.6/site-packages/airflow/example_dags/tutorial.py
[2021-10-21 16:03:41,862] {logging_mixin.py:109} INFO - [2021-10-21 16:03:41,862] {dag.py:2389} INFO - Sync 1 DAGs
[2021-10-21 16:03:41,902] {logging_mixin.py:109} INFO - [2021-10-21 16:03:41,901] {dag.py:2914} INFO - Setting next_dagrun for tutorial to 2021-10-20T16:03:41.901753+00:00
[2021-10-21 16:03:41,927] {processor.py:171} INFO - Processing /home/airflow/.local/lib/python3.6/site-packages/airflow/example_dags/tutorial.py took 0.157 seconds
[2021-10-21 16:04:13,308] {processor.py:163} INFO - Started process (PID=1266) to work on /home/airflow/.local/lib/python3.6/site-packages/airflow/example_dags/tutorial.py
[2021-10-21 16:04:13,311] {processor.py:620} INFO - Processing file /home/airflow/.local/lib/python3.6/site-packages/airflow/example_dags/tutorial.py for tasks to queue
[2021-10-21 16:04:13,313] {logging_mixin.py:109} INFO - [2021-10-21 16:04:13,313] {dagbag.py:500} INFO - Filling up the DagBag from /home/airflow/.local/lib/python3.6/site-packages/airflow/example_dags/tutorial.py
[2021-10-21 16:04:13,425] {processor.py:632} INFO - DAG(s) dict_keys(['tutorial']) retrieved from /home/airflow/.local/lib/python3.6/site-packages/airflow/example_dags/tutorial.py
[2021-10-21 16:04:13,446] {logging_mixin.py:109} INFO - [2021-10-21 16:04:13,446] {dag.py:2389} INFO - Sync 1 DAGs
[2021-10-21 16:04:13,472] {logging_mixin.py:109} INFO - [2021-10-21 16:04:13,471] {dag.py:2914} INFO - Setting next_dagrun for tutorial to 2021-10-20T16:04:13.471310+00:00
[2021-10-21 16:04:13,490] {processor.py:171} INFO - Processing /home/airflow/.local/lib/python3.6/site-packages/airflow/example_dags/tutorial.py took 0.189 seconds
[2021-10-21 16:04:44,710] {processor.py:163} INFO - Started process (PID=1320) to work on /home/airflow/.local/lib/python3.6/site-packages/airflow/example_dags/tutorial.py
[2021-10-21 16:04:44,712] {processor.py:620} INFO - Processing file /home/airflow/.local/lib/python3.6/site-packages/airflow/example_dags/tutorial.py for tasks to queue
[2021-10-21 16:04:44,715] {logging_mixin.py:109} INFO - [2021-10-21 16:04:44,714] {dagbag.py:500} INFO - Filling up the DagBag from /home/airflow/.local/lib/python3.6/site-packages/airflow/example_dags/tutorial.py
[2021-10-21 16:04:44,786] {processor.py:632} INFO - DAG(s) dict_keys(['tutorial']) retrieved from /home/airflow/.local/lib/python3.6/site-packages/airflow/example_dags/tutorial.py
[2021-10-21 16:04:44,804] {logging_mixin.py:109} INFO - [2021-10-21 16:04:44,804] {dag.py:2389} INFO - Sync 1 DAGs
[2021-10-21 16:04:44,822] {logging_mixin.py:109} INFO - [2021-10-21 16:04:44,822] {dag.py:2914} INFO - Setting next_dagrun for tutorial to 2021-10-20T16:04:44.822171+00:00
[2021-10-21 16:04:44,838] {processor.py:171} INFO - Processing /home/airflow/.local/lib/python3.6/site-packages/airflow/example_dags/tutorial.py took 0.136 seconds
[2021-10-21 16:05:15,061] {processor.py:163} INFO - Started process (PID=1376) to work on /home/airflow/.local/lib/python3.6/site-packages/airflow/example_dags/tutorial.py
[2021-10-21 16:05:15,064] {processor.py:620} INFO - Processing file /home/airflow/.local/lib/python3.6/site-packages/airflow/example_dags/tutorial.py for tasks to queue
[2021-10-21 16:05:15,065] {logging_mixin.py:109} INFO - [2021-10-21 16:05:15,065] {dagbag.py:500} INFO - Filling up the DagBag from /home/airflow/.local/lib/python3.6/site-packages/airflow/example_dags/tutorial.py
[2021-10-21 16:05:15,151] {processor.py:632} INFO - DAG(s) dict_keys(['tutorial']) retrieved from /home/airflow/.local/lib/python3.6/site-packages/airflow/example_dags/tutorial.py
[2021-10-21 16:05:15,191] {logging_mixin.py:109} INFO - [2021-10-21 16:05:15,191] {dag.py:2389} INFO - Sync 1 DAGs
[2021-10-21 16:05:15,226] {logging_mixin.py:109} INFO - [2021-10-21 16:05:15,226] {dag.py:2914} INFO - Setting next_dagrun for tutorial to 2021-10-20T16:05:15.226305+00:00
[2021-10-21 16:05:15,260] {processor.py:171} INFO - Processing /home/airflow/.local/lib/python3.6/site-packages/airflow/example_dags/tutorial.py took 0.204 seconds
[2021-10-21 16:05:45,385] {processor.py:163} INFO - Started process (PID=1439) to work on /home/airflow/.local/lib/python3.6/site-packages/airflow/example_dags/tutorial.py
[2021-10-21 16:05:45,395] {processor.py:620} INFO - Processing file /home/airflow/.local/lib/python3.6/site-packages/airflow/example_dags/tutorial.py for tasks to queue
[2021-10-21 16:05:45,399] {logging_mixin.py:109} INFO - [2021-10-21 16:05:45,398] {dagbag.py:500} INFO - Filling up the DagBag from /home/airflow/.local/lib/python3.6/site-packages/airflow/example_dags/tutorial.py
[2021-10-21 16:05:45,466] {processor.py:632} INFO - DAG(s) dict_keys(['tutorial']) retrieved from /home/airflow/.local/lib/python3.6/site-packages/airflow/example_dags/tutorial.py
[2021-10-21 16:05:45,486] {logging_mixin.py:109} INFO - [2021-10-21 16:05:45,486] {dag.py:2389} INFO - Sync 1 DAGs
[2021-10-21 16:05:45,501] {logging_mixin.py:109} INFO - [2021-10-21 16:05:45,501] {dag.py:2914} INFO - Setting next_dagrun for tutorial to 2021-10-20T16:05:45.501433+00:00
[2021-10-21 16:05:45,520] {processor.py:171} INFO - Processing /home/airflow/.local/lib/python3.6/site-packages/airflow/example_dags/tutorial.py took 0.143 seconds
[2021-10-21 16:06:15,625] {processor.py:163} INFO - Started process (PID=1492) to work on /home/airflow/.local/lib/python3.6/site-packages/airflow/example_dags/tutorial.py
[2021-10-21 16:06:15,628] {processor.py:620} INFO - Processing file /home/airflow/.local/lib/python3.6/site-packages/airflow/example_dags/tutorial.py for tasks to queue
[2021-10-21 16:06:15,630] {logging_mixin.py:109} INFO - [2021-10-21 16:06:15,629] {dagbag.py:500} INFO - Filling up the DagBag from /home/airflow/.local/lib/python3.6/site-packages/airflow/example_dags/tutorial.py
[2021-10-21 16:06:15,665] {processor.py:632} INFO - DAG(s) dict_keys(['tutorial']) retrieved from /home/airflow/.local/lib/python3.6/site-packages/airflow/example_dags/tutorial.py
[2021-10-21 16:06:15,678] {logging_mixin.py:109} INFO - [2021-10-21 16:06:15,678] {dag.py:2389} INFO - Sync 1 DAGs
[2021-10-21 16:06:15,695] {logging_mixin.py:109} INFO - [2021-10-21 16:06:15,695] {dag.py:2914} INFO - Setting next_dagrun for tutorial to 2021-10-20T16:06:15.695210+00:00
[2021-10-21 16:06:15,710] {processor.py:171} INFO - Processing /home/airflow/.local/lib/python3.6/site-packages/airflow/example_dags/tutorial.py took 0.090 seconds
[2021-10-21 16:06:45,925] {processor.py:163} INFO - Started process (PID=1549) to work on /home/airflow/.local/lib/python3.6/site-packages/airflow/example_dags/tutorial.py
[2021-10-21 16:06:45,929] {processor.py:620} INFO - Processing file /home/airflow/.local/lib/python3.6/site-packages/airflow/example_dags/tutorial.py for tasks to queue
[2021-10-21 16:06:45,931] {logging_mixin.py:109} INFO - [2021-10-21 16:06:45,931] {dagbag.py:500} INFO - Filling up the DagBag from /home/airflow/.local/lib/python3.6/site-packages/airflow/example_dags/tutorial.py
[2021-10-21 16:06:45,987] {processor.py:632} INFO - DAG(s) dict_keys(['tutorial']) retrieved from /home/airflow/.local/lib/python3.6/site-packages/airflow/example_dags/tutorial.py
[2021-10-21 16:06:46,005] {logging_mixin.py:109} INFO - [2021-10-21 16:06:46,005] {dag.py:2389} INFO - Sync 1 DAGs
[2021-10-21 16:06:46,035] {logging_mixin.py:109} INFO - [2021-10-21 16:06:46,035] {dag.py:2914} INFO - Setting next_dagrun for tutorial to 2021-10-20T16:06:46.035588+00:00
[2021-10-21 16:06:46,052] {processor.py:171} INFO - Processing /home/airflow/.local/lib/python3.6/site-packages/airflow/example_dags/tutorial.py took 0.132 seconds
