[2021-10-21 15:53:10,286] {processor.py:163} INFO - Started process (PID=60) to work on /home/airflow/.local/lib/python3.6/site-packages/airflow/example_dags/tutorial_taskflow_api_etl.py
[2021-10-21 15:53:10,306] {processor.py:620} INFO - Processing file /home/airflow/.local/lib/python3.6/site-packages/airflow/example_dags/tutorial_taskflow_api_etl.py for tasks to queue
[2021-10-21 15:53:10,315] {logging_mixin.py:109} INFO - [2021-10-21 15:53:10,313] {dagbag.py:500} INFO - Filling up the DagBag from /home/airflow/.local/lib/python3.6/site-packages/airflow/example_dags/tutorial_taskflow_api_etl.py
[2021-10-21 15:53:10,513] {processor.py:632} INFO - DAG(s) dict_keys(['tutorial_taskflow_api_etl']) retrieved from /home/airflow/.local/lib/python3.6/site-packages/airflow/example_dags/tutorial_taskflow_api_etl.py
[2021-10-21 15:53:13,272] {logging_mixin.py:109} INFO - [2021-10-21 15:53:13,272] {dag.py:2389} INFO - Sync 1 DAGs
[2021-10-21 15:53:13,363] {logging_mixin.py:109} INFO - [2021-10-21 15:53:13,362] {dag.py:2914} INFO - Setting next_dagrun for tutorial_taskflow_api_etl to None
[2021-10-21 15:53:13,405] {processor.py:171} INFO - Processing /home/airflow/.local/lib/python3.6/site-packages/airflow/example_dags/tutorial_taskflow_api_etl.py took 3.125 seconds
[2021-10-21 15:53:43,872] {processor.py:163} INFO - Started process (PID=115) to work on /home/airflow/.local/lib/python3.6/site-packages/airflow/example_dags/tutorial_taskflow_api_etl.py
[2021-10-21 15:53:43,875] {processor.py:620} INFO - Processing file /home/airflow/.local/lib/python3.6/site-packages/airflow/example_dags/tutorial_taskflow_api_etl.py for tasks to queue
[2021-10-21 15:53:43,877] {logging_mixin.py:109} INFO - [2021-10-21 15:53:43,877] {dagbag.py:500} INFO - Filling up the DagBag from /home/airflow/.local/lib/python3.6/site-packages/airflow/example_dags/tutorial_taskflow_api_etl.py
[2021-10-21 15:53:43,949] {processor.py:632} INFO - DAG(s) dict_keys(['tutorial_taskflow_api_etl']) retrieved from /home/airflow/.local/lib/python3.6/site-packages/airflow/example_dags/tutorial_taskflow_api_etl.py
[2021-10-21 15:53:44,350] {logging_mixin.py:109} INFO - [2021-10-21 15:53:44,350] {dag.py:2389} INFO - Sync 1 DAGs
[2021-10-21 15:53:44,375] {logging_mixin.py:109} INFO - [2021-10-21 15:53:44,374] {dag.py:2914} INFO - Setting next_dagrun for tutorial_taskflow_api_etl to None
[2021-10-21 15:53:44,404] {processor.py:171} INFO - Processing /home/airflow/.local/lib/python3.6/site-packages/airflow/example_dags/tutorial_taskflow_api_etl.py took 0.538 seconds
[2021-10-21 15:54:14,534] {processor.py:163} INFO - Started process (PID=168) to work on /home/airflow/.local/lib/python3.6/site-packages/airflow/example_dags/tutorial_taskflow_api_etl.py
[2021-10-21 15:54:14,542] {processor.py:620} INFO - Processing file /home/airflow/.local/lib/python3.6/site-packages/airflow/example_dags/tutorial_taskflow_api_etl.py for tasks to queue
[2021-10-21 15:54:14,545] {logging_mixin.py:109} INFO - [2021-10-21 15:54:14,545] {dagbag.py:500} INFO - Filling up the DagBag from /home/airflow/.local/lib/python3.6/site-packages/airflow/example_dags/tutorial_taskflow_api_etl.py
[2021-10-21 15:54:14,730] {processor.py:632} INFO - DAG(s) dict_keys(['tutorial_taskflow_api_etl']) retrieved from /home/airflow/.local/lib/python3.6/site-packages/airflow/example_dags/tutorial_taskflow_api_etl.py
[2021-10-21 15:54:15,322] {logging_mixin.py:109} INFO - [2021-10-21 15:54:15,321] {dag.py:2389} INFO - Sync 1 DAGs
[2021-10-21 15:54:15,397] {logging_mixin.py:109} INFO - [2021-10-21 15:54:15,397] {dag.py:2914} INFO - Setting next_dagrun for tutorial_taskflow_api_etl to None
[2021-10-21 15:54:15,450] {processor.py:171} INFO - Processing /home/airflow/.local/lib/python3.6/site-packages/airflow/example_dags/tutorial_taskflow_api_etl.py took 0.926 seconds
[2021-10-21 15:54:45,941] {processor.py:163} INFO - Started process (PID=223) to work on /home/airflow/.local/lib/python3.6/site-packages/airflow/example_dags/tutorial_taskflow_api_etl.py
[2021-10-21 15:54:45,949] {processor.py:620} INFO - Processing file /home/airflow/.local/lib/python3.6/site-packages/airflow/example_dags/tutorial_taskflow_api_etl.py for tasks to queue
[2021-10-21 15:54:45,951] {logging_mixin.py:109} INFO - [2021-10-21 15:54:45,951] {dagbag.py:500} INFO - Filling up the DagBag from /home/airflow/.local/lib/python3.6/site-packages/airflow/example_dags/tutorial_taskflow_api_etl.py
[2021-10-21 15:54:45,988] {processor.py:632} INFO - DAG(s) dict_keys(['tutorial_taskflow_api_etl']) retrieved from /home/airflow/.local/lib/python3.6/site-packages/airflow/example_dags/tutorial_taskflow_api_etl.py
[2021-10-21 15:54:46,319] {logging_mixin.py:109} INFO - [2021-10-21 15:54:46,319] {dag.py:2389} INFO - Sync 1 DAGs
[2021-10-21 15:54:46,335] {logging_mixin.py:109} INFO - [2021-10-21 15:54:46,335] {dag.py:2914} INFO - Setting next_dagrun for tutorial_taskflow_api_etl to None
[2021-10-21 15:54:46,348] {processor.py:171} INFO - Processing /home/airflow/.local/lib/python3.6/site-packages/airflow/example_dags/tutorial_taskflow_api_etl.py took 0.411 seconds
[2021-10-21 15:55:17,190] {processor.py:163} INFO - Started process (PID=287) to work on /home/airflow/.local/lib/python3.6/site-packages/airflow/example_dags/tutorial_taskflow_api_etl.py
[2021-10-21 15:55:17,195] {processor.py:620} INFO - Processing file /home/airflow/.local/lib/python3.6/site-packages/airflow/example_dags/tutorial_taskflow_api_etl.py for tasks to queue
[2021-10-21 15:55:17,198] {logging_mixin.py:109} INFO - [2021-10-21 15:55:17,197] {dagbag.py:500} INFO - Filling up the DagBag from /home/airflow/.local/lib/python3.6/site-packages/airflow/example_dags/tutorial_taskflow_api_etl.py
[2021-10-21 15:55:17,250] {processor.py:632} INFO - DAG(s) dict_keys(['tutorial_taskflow_api_etl']) retrieved from /home/airflow/.local/lib/python3.6/site-packages/airflow/example_dags/tutorial_taskflow_api_etl.py
[2021-10-21 15:55:17,830] {logging_mixin.py:109} INFO - [2021-10-21 15:55:17,830] {dag.py:2389} INFO - Sync 1 DAGs
[2021-10-21 15:55:17,860] {logging_mixin.py:109} INFO - [2021-10-21 15:55:17,860] {dag.py:2914} INFO - Setting next_dagrun for tutorial_taskflow_api_etl to None
[2021-10-21 15:55:17,893] {processor.py:171} INFO - Processing /home/airflow/.local/lib/python3.6/site-packages/airflow/example_dags/tutorial_taskflow_api_etl.py took 0.710 seconds
[2021-10-21 15:55:48,899] {processor.py:163} INFO - Started process (PID=344) to work on /home/airflow/.local/lib/python3.6/site-packages/airflow/example_dags/tutorial_taskflow_api_etl.py
[2021-10-21 15:55:48,901] {processor.py:620} INFO - Processing file /home/airflow/.local/lib/python3.6/site-packages/airflow/example_dags/tutorial_taskflow_api_etl.py for tasks to queue
[2021-10-21 15:55:48,903] {logging_mixin.py:109} INFO - [2021-10-21 15:55:48,903] {dagbag.py:500} INFO - Filling up the DagBag from /home/airflow/.local/lib/python3.6/site-packages/airflow/example_dags/tutorial_taskflow_api_etl.py
[2021-10-21 15:55:48,942] {processor.py:632} INFO - DAG(s) dict_keys(['tutorial_taskflow_api_etl']) retrieved from /home/airflow/.local/lib/python3.6/site-packages/airflow/example_dags/tutorial_taskflow_api_etl.py
[2021-10-21 15:55:49,201] {logging_mixin.py:109} INFO - [2021-10-21 15:55:49,201] {dag.py:2389} INFO - Sync 1 DAGs
[2021-10-21 15:55:49,220] {logging_mixin.py:109} INFO - [2021-10-21 15:55:49,220] {dag.py:2914} INFO - Setting next_dagrun for tutorial_taskflow_api_etl to None
[2021-10-21 15:55:49,235] {processor.py:171} INFO - Processing /home/airflow/.local/lib/python3.6/site-packages/airflow/example_dags/tutorial_taskflow_api_etl.py took 0.342 seconds
[2021-10-21 15:56:19,542] {processor.py:163} INFO - Started process (PID=398) to work on /home/airflow/.local/lib/python3.6/site-packages/airflow/example_dags/tutorial_taskflow_api_etl.py
[2021-10-21 15:56:19,559] {processor.py:620} INFO - Processing file /home/airflow/.local/lib/python3.6/site-packages/airflow/example_dags/tutorial_taskflow_api_etl.py for tasks to queue
[2021-10-21 15:56:19,562] {logging_mixin.py:109} INFO - [2021-10-21 15:56:19,562] {dagbag.py:500} INFO - Filling up the DagBag from /home/airflow/.local/lib/python3.6/site-packages/airflow/example_dags/tutorial_taskflow_api_etl.py
[2021-10-21 15:56:19,863] {processor.py:632} INFO - DAG(s) dict_keys(['tutorial_taskflow_api_etl']) retrieved from /home/airflow/.local/lib/python3.6/site-packages/airflow/example_dags/tutorial_taskflow_api_etl.py
[2021-10-21 15:56:21,044] {logging_mixin.py:109} INFO - [2021-10-21 15:56:21,044] {dag.py:2389} INFO - Sync 1 DAGs
[2021-10-21 15:56:21,092] {logging_mixin.py:109} INFO - [2021-10-21 15:56:21,092] {dag.py:2914} INFO - Setting next_dagrun for tutorial_taskflow_api_etl to None
[2021-10-21 15:56:21,116] {processor.py:171} INFO - Processing /home/airflow/.local/lib/python3.6/site-packages/airflow/example_dags/tutorial_taskflow_api_etl.py took 1.653 seconds
[2021-10-21 15:56:51,199] {processor.py:163} INFO - Started process (PID=465) to work on /home/airflow/.local/lib/python3.6/site-packages/airflow/example_dags/tutorial_taskflow_api_etl.py
[2021-10-21 15:56:51,208] {processor.py:620} INFO - Processing file /home/airflow/.local/lib/python3.6/site-packages/airflow/example_dags/tutorial_taskflow_api_etl.py for tasks to queue
[2021-10-21 15:56:51,212] {logging_mixin.py:109} INFO - [2021-10-21 15:56:51,211] {dagbag.py:500} INFO - Filling up the DagBag from /home/airflow/.local/lib/python3.6/site-packages/airflow/example_dags/tutorial_taskflow_api_etl.py
[2021-10-21 15:56:51,280] {processor.py:632} INFO - DAG(s) dict_keys(['tutorial_taskflow_api_etl']) retrieved from /home/airflow/.local/lib/python3.6/site-packages/airflow/example_dags/tutorial_taskflow_api_etl.py
[2021-10-21 15:56:51,310] {logging_mixin.py:109} INFO - [2021-10-21 15:56:51,310] {dag.py:2389} INFO - Sync 1 DAGs
[2021-10-21 15:56:51,347] {logging_mixin.py:109} INFO - [2021-10-21 15:56:51,347] {dag.py:2914} INFO - Setting next_dagrun for tutorial_taskflow_api_etl to None
[2021-10-21 15:56:51,369] {processor.py:171} INFO - Processing /home/airflow/.local/lib/python3.6/site-packages/airflow/example_dags/tutorial_taskflow_api_etl.py took 0.181 seconds
[2021-10-21 15:57:22,315] {processor.py:163} INFO - Started process (PID=520) to work on /home/airflow/.local/lib/python3.6/site-packages/airflow/example_dags/tutorial_taskflow_api_etl.py
[2021-10-21 15:57:22,318] {processor.py:620} INFO - Processing file /home/airflow/.local/lib/python3.6/site-packages/airflow/example_dags/tutorial_taskflow_api_etl.py for tasks to queue
[2021-10-21 15:57:22,323] {logging_mixin.py:109} INFO - [2021-10-21 15:57:22,323] {dagbag.py:500} INFO - Filling up the DagBag from /home/airflow/.local/lib/python3.6/site-packages/airflow/example_dags/tutorial_taskflow_api_etl.py
[2021-10-21 15:57:22,381] {processor.py:632} INFO - DAG(s) dict_keys(['tutorial_taskflow_api_etl']) retrieved from /home/airflow/.local/lib/python3.6/site-packages/airflow/example_dags/tutorial_taskflow_api_etl.py
[2021-10-21 15:57:22,876] {logging_mixin.py:109} INFO - [2021-10-21 15:57:22,876] {dag.py:2389} INFO - Sync 1 DAGs
[2021-10-21 15:57:22,988] {logging_mixin.py:109} INFO - [2021-10-21 15:57:22,988] {dag.py:2914} INFO - Setting next_dagrun for tutorial_taskflow_api_etl to None
[2021-10-21 15:57:23,063] {processor.py:171} INFO - Processing /home/airflow/.local/lib/python3.6/site-packages/airflow/example_dags/tutorial_taskflow_api_etl.py took 0.753 seconds
[2021-10-21 15:57:53,173] {processor.py:163} INFO - Started process (PID=578) to work on /home/airflow/.local/lib/python3.6/site-packages/airflow/example_dags/tutorial_taskflow_api_etl.py
[2021-10-21 15:57:53,177] {processor.py:620} INFO - Processing file /home/airflow/.local/lib/python3.6/site-packages/airflow/example_dags/tutorial_taskflow_api_etl.py for tasks to queue
[2021-10-21 15:57:53,179] {logging_mixin.py:109} INFO - [2021-10-21 15:57:53,179] {dagbag.py:500} INFO - Filling up the DagBag from /home/airflow/.local/lib/python3.6/site-packages/airflow/example_dags/tutorial_taskflow_api_etl.py
[2021-10-21 15:57:53,267] {processor.py:632} INFO - DAG(s) dict_keys(['tutorial_taskflow_api_etl']) retrieved from /home/airflow/.local/lib/python3.6/site-packages/airflow/example_dags/tutorial_taskflow_api_etl.py
[2021-10-21 15:57:53,770] {logging_mixin.py:109} INFO - [2021-10-21 15:57:53,770] {dag.py:2389} INFO - Sync 1 DAGs
[2021-10-21 15:57:53,793] {logging_mixin.py:109} INFO - [2021-10-21 15:57:53,793] {dag.py:2914} INFO - Setting next_dagrun for tutorial_taskflow_api_etl to None
[2021-10-21 15:57:53,816] {processor.py:171} INFO - Processing /home/airflow/.local/lib/python3.6/site-packages/airflow/example_dags/tutorial_taskflow_api_etl.py took 0.655 seconds
[2021-10-21 15:58:24,245] {processor.py:163} INFO - Started process (PID=634) to work on /home/airflow/.local/lib/python3.6/site-packages/airflow/example_dags/tutorial_taskflow_api_etl.py
[2021-10-21 15:58:24,253] {processor.py:620} INFO - Processing file /home/airflow/.local/lib/python3.6/site-packages/airflow/example_dags/tutorial_taskflow_api_etl.py for tasks to queue
[2021-10-21 15:58:24,254] {logging_mixin.py:109} INFO - [2021-10-21 15:58:24,254] {dagbag.py:500} INFO - Filling up the DagBag from /home/airflow/.local/lib/python3.6/site-packages/airflow/example_dags/tutorial_taskflow_api_etl.py
[2021-10-21 15:58:24,290] {processor.py:632} INFO - DAG(s) dict_keys(['tutorial_taskflow_api_etl']) retrieved from /home/airflow/.local/lib/python3.6/site-packages/airflow/example_dags/tutorial_taskflow_api_etl.py
[2021-10-21 15:58:24,497] {logging_mixin.py:109} INFO - [2021-10-21 15:58:24,497] {dag.py:2389} INFO - Sync 1 DAGs
[2021-10-21 15:58:24,512] {logging_mixin.py:109} INFO - [2021-10-21 15:58:24,512] {dag.py:2914} INFO - Setting next_dagrun for tutorial_taskflow_api_etl to None
[2021-10-21 15:58:24,534] {processor.py:171} INFO - Processing /home/airflow/.local/lib/python3.6/site-packages/airflow/example_dags/tutorial_taskflow_api_etl.py took 0.294 seconds
[2021-10-21 15:58:55,028] {processor.py:163} INFO - Started process (PID=698) to work on /home/airflow/.local/lib/python3.6/site-packages/airflow/example_dags/tutorial_taskflow_api_etl.py
[2021-10-21 15:58:55,041] {processor.py:620} INFO - Processing file /home/airflow/.local/lib/python3.6/site-packages/airflow/example_dags/tutorial_taskflow_api_etl.py for tasks to queue
[2021-10-21 15:58:55,042] {logging_mixin.py:109} INFO - [2021-10-21 15:58:55,042] {dagbag.py:500} INFO - Filling up the DagBag from /home/airflow/.local/lib/python3.6/site-packages/airflow/example_dags/tutorial_taskflow_api_etl.py
[2021-10-21 15:58:55,167] {processor.py:632} INFO - DAG(s) dict_keys(['tutorial_taskflow_api_etl']) retrieved from /home/airflow/.local/lib/python3.6/site-packages/airflow/example_dags/tutorial_taskflow_api_etl.py
[2021-10-21 15:58:55,214] {logging_mixin.py:109} INFO - [2021-10-21 15:58:55,214] {dag.py:2389} INFO - Sync 1 DAGs
[2021-10-21 15:58:55,260] {logging_mixin.py:109} INFO - [2021-10-21 15:58:55,260] {dag.py:2914} INFO - Setting next_dagrun for tutorial_taskflow_api_etl to None
[2021-10-21 15:58:55,284] {processor.py:171} INFO - Processing /home/airflow/.local/lib/python3.6/site-packages/airflow/example_dags/tutorial_taskflow_api_etl.py took 0.260 seconds
[2021-10-21 15:59:25,500] {processor.py:163} INFO - Started process (PID=754) to work on /home/airflow/.local/lib/python3.6/site-packages/airflow/example_dags/tutorial_taskflow_api_etl.py
[2021-10-21 15:59:25,507] {processor.py:620} INFO - Processing file /home/airflow/.local/lib/python3.6/site-packages/airflow/example_dags/tutorial_taskflow_api_etl.py for tasks to queue
[2021-10-21 15:59:25,510] {logging_mixin.py:109} INFO - [2021-10-21 15:59:25,509] {dagbag.py:500} INFO - Filling up the DagBag from /home/airflow/.local/lib/python3.6/site-packages/airflow/example_dags/tutorial_taskflow_api_etl.py
[2021-10-21 15:59:25,585] {processor.py:632} INFO - DAG(s) dict_keys(['tutorial_taskflow_api_etl']) retrieved from /home/airflow/.local/lib/python3.6/site-packages/airflow/example_dags/tutorial_taskflow_api_etl.py
[2021-10-21 15:59:25,873] {logging_mixin.py:109} INFO - [2021-10-21 15:59:25,873] {dag.py:2389} INFO - Sync 1 DAGs
[2021-10-21 15:59:25,888] {logging_mixin.py:109} INFO - [2021-10-21 15:59:25,888] {dag.py:2914} INFO - Setting next_dagrun for tutorial_taskflow_api_etl to None
[2021-10-21 15:59:25,904] {processor.py:171} INFO - Processing /home/airflow/.local/lib/python3.6/site-packages/airflow/example_dags/tutorial_taskflow_api_etl.py took 0.409 seconds
[2021-10-21 15:59:56,906] {processor.py:163} INFO - Started process (PID=811) to work on /home/airflow/.local/lib/python3.6/site-packages/airflow/example_dags/tutorial_taskflow_api_etl.py
[2021-10-21 15:59:56,911] {processor.py:620} INFO - Processing file /home/airflow/.local/lib/python3.6/site-packages/airflow/example_dags/tutorial_taskflow_api_etl.py for tasks to queue
[2021-10-21 15:59:56,914] {logging_mixin.py:109} INFO - [2021-10-21 15:59:56,913] {dagbag.py:500} INFO - Filling up the DagBag from /home/airflow/.local/lib/python3.6/site-packages/airflow/example_dags/tutorial_taskflow_api_etl.py
[2021-10-21 15:59:57,007] {processor.py:632} INFO - DAG(s) dict_keys(['tutorial_taskflow_api_etl']) retrieved from /home/airflow/.local/lib/python3.6/site-packages/airflow/example_dags/tutorial_taskflow_api_etl.py
[2021-10-21 15:59:57,808] {logging_mixin.py:109} INFO - [2021-10-21 15:59:57,808] {dag.py:2389} INFO - Sync 1 DAGs
[2021-10-21 15:59:57,895] {logging_mixin.py:109} INFO - [2021-10-21 15:59:57,895] {dag.py:2914} INFO - Setting next_dagrun for tutorial_taskflow_api_etl to None
[2021-10-21 15:59:57,974] {processor.py:171} INFO - Processing /home/airflow/.local/lib/python3.6/site-packages/airflow/example_dags/tutorial_taskflow_api_etl.py took 1.076 seconds
[2021-10-21 16:00:28,334] {processor.py:163} INFO - Started process (PID=878) to work on /home/airflow/.local/lib/python3.6/site-packages/airflow/example_dags/tutorial_taskflow_api_etl.py
[2021-10-21 16:00:28,348] {processor.py:620} INFO - Processing file /home/airflow/.local/lib/python3.6/site-packages/airflow/example_dags/tutorial_taskflow_api_etl.py for tasks to queue
[2021-10-21 16:00:28,357] {logging_mixin.py:109} INFO - [2021-10-21 16:00:28,352] {dagbag.py:500} INFO - Filling up the DagBag from /home/airflow/.local/lib/python3.6/site-packages/airflow/example_dags/tutorial_taskflow_api_etl.py
[2021-10-21 16:00:28,613] {processor.py:632} INFO - DAG(s) dict_keys(['tutorial_taskflow_api_etl']) retrieved from /home/airflow/.local/lib/python3.6/site-packages/airflow/example_dags/tutorial_taskflow_api_etl.py
[2021-10-21 16:00:30,359] {logging_mixin.py:109} INFO - [2021-10-21 16:00:30,359] {dag.py:2389} INFO - Sync 1 DAGs
[2021-10-21 16:00:30,531] {logging_mixin.py:109} INFO - [2021-10-21 16:00:30,530] {dag.py:2914} INFO - Setting next_dagrun for tutorial_taskflow_api_etl to None
[2021-10-21 16:00:30,597] {processor.py:171} INFO - Processing /home/airflow/.local/lib/python3.6/site-packages/airflow/example_dags/tutorial_taskflow_api_etl.py took 2.352 seconds
[2021-10-21 16:01:01,543] {processor.py:163} INFO - Started process (PID=922) to work on /home/airflow/.local/lib/python3.6/site-packages/airflow/example_dags/tutorial_taskflow_api_etl.py
[2021-10-21 16:01:01,557] {processor.py:620} INFO - Processing file /home/airflow/.local/lib/python3.6/site-packages/airflow/example_dags/tutorial_taskflow_api_etl.py for tasks to queue
[2021-10-21 16:01:01,563] {logging_mixin.py:109} INFO - [2021-10-21 16:01:01,563] {dagbag.py:500} INFO - Filling up the DagBag from /home/airflow/.local/lib/python3.6/site-packages/airflow/example_dags/tutorial_taskflow_api_etl.py
[2021-10-21 16:01:01,663] {processor.py:632} INFO - DAG(s) dict_keys(['tutorial_taskflow_api_etl']) retrieved from /home/airflow/.local/lib/python3.6/site-packages/airflow/example_dags/tutorial_taskflow_api_etl.py
[2021-10-21 16:01:03,083] {logging_mixin.py:109} INFO - [2021-10-21 16:01:03,083] {dag.py:2389} INFO - Sync 1 DAGs
[2021-10-21 16:01:03,249] {logging_mixin.py:109} INFO - [2021-10-21 16:01:03,249] {dag.py:2914} INFO - Setting next_dagrun for tutorial_taskflow_api_etl to None
[2021-10-21 16:01:03,310] {processor.py:171} INFO - Processing /home/airflow/.local/lib/python3.6/site-packages/airflow/example_dags/tutorial_taskflow_api_etl.py took 1.796 seconds
[2021-10-21 16:01:34,220] {processor.py:163} INFO - Started process (PID=979) to work on /home/airflow/.local/lib/python3.6/site-packages/airflow/example_dags/tutorial_taskflow_api_etl.py
[2021-10-21 16:01:34,240] {processor.py:620} INFO - Processing file /home/airflow/.local/lib/python3.6/site-packages/airflow/example_dags/tutorial_taskflow_api_etl.py for tasks to queue
[2021-10-21 16:01:34,244] {logging_mixin.py:109} INFO - [2021-10-21 16:01:34,243] {dagbag.py:500} INFO - Filling up the DagBag from /home/airflow/.local/lib/python3.6/site-packages/airflow/example_dags/tutorial_taskflow_api_etl.py
[2021-10-21 16:01:34,373] {processor.py:632} INFO - DAG(s) dict_keys(['tutorial_taskflow_api_etl']) retrieved from /home/airflow/.local/lib/python3.6/site-packages/airflow/example_dags/tutorial_taskflow_api_etl.py
[2021-10-21 16:01:35,306] {logging_mixin.py:109} INFO - [2021-10-21 16:01:35,306] {dag.py:2389} INFO - Sync 1 DAGs
[2021-10-21 16:01:35,358] {logging_mixin.py:109} INFO - [2021-10-21 16:01:35,358] {dag.py:2914} INFO - Setting next_dagrun for tutorial_taskflow_api_etl to None
[2021-10-21 16:01:35,407] {processor.py:171} INFO - Processing /home/airflow/.local/lib/python3.6/site-packages/airflow/example_dags/tutorial_taskflow_api_etl.py took 1.195 seconds
[2021-10-21 16:02:05,824] {processor.py:163} INFO - Started process (PID=1033) to work on /home/airflow/.local/lib/python3.6/site-packages/airflow/example_dags/tutorial_taskflow_api_etl.py
[2021-10-21 16:02:05,827] {processor.py:620} INFO - Processing file /home/airflow/.local/lib/python3.6/site-packages/airflow/example_dags/tutorial_taskflow_api_etl.py for tasks to queue
[2021-10-21 16:02:05,830] {logging_mixin.py:109} INFO - [2021-10-21 16:02:05,830] {dagbag.py:500} INFO - Filling up the DagBag from /home/airflow/.local/lib/python3.6/site-packages/airflow/example_dags/tutorial_taskflow_api_etl.py
[2021-10-21 16:02:05,927] {processor.py:632} INFO - DAG(s) dict_keys(['tutorial_taskflow_api_etl']) retrieved from /home/airflow/.local/lib/python3.6/site-packages/airflow/example_dags/tutorial_taskflow_api_etl.py
[2021-10-21 16:02:06,375] {logging_mixin.py:109} INFO - [2021-10-21 16:02:06,375] {dag.py:2389} INFO - Sync 1 DAGs
[2021-10-21 16:02:06,405] {logging_mixin.py:109} INFO - [2021-10-21 16:02:06,404] {dag.py:2914} INFO - Setting next_dagrun for tutorial_taskflow_api_etl to None
[2021-10-21 16:02:06,430] {processor.py:171} INFO - Processing /home/airflow/.local/lib/python3.6/site-packages/airflow/example_dags/tutorial_taskflow_api_etl.py took 0.632 seconds
[2021-10-21 16:02:36,948] {processor.py:163} INFO - Started process (PID=1086) to work on /home/airflow/.local/lib/python3.6/site-packages/airflow/example_dags/tutorial_taskflow_api_etl.py
[2021-10-21 16:02:36,971] {processor.py:620} INFO - Processing file /home/airflow/.local/lib/python3.6/site-packages/airflow/example_dags/tutorial_taskflow_api_etl.py for tasks to queue
[2021-10-21 16:02:36,995] {logging_mixin.py:109} INFO - [2021-10-21 16:02:36,994] {dagbag.py:500} INFO - Filling up the DagBag from /home/airflow/.local/lib/python3.6/site-packages/airflow/example_dags/tutorial_taskflow_api_etl.py
[2021-10-21 16:02:37,326] {processor.py:632} INFO - DAG(s) dict_keys(['tutorial_taskflow_api_etl']) retrieved from /home/airflow/.local/lib/python3.6/site-packages/airflow/example_dags/tutorial_taskflow_api_etl.py
[2021-10-21 16:02:39,367] {logging_mixin.py:109} INFO - [2021-10-21 16:02:39,367] {dag.py:2389} INFO - Sync 1 DAGs
[2021-10-21 16:02:39,467] {logging_mixin.py:109} INFO - [2021-10-21 16:02:39,467] {dag.py:2914} INFO - Setting next_dagrun for tutorial_taskflow_api_etl to None
[2021-10-21 16:02:39,553] {processor.py:171} INFO - Processing /home/airflow/.local/lib/python3.6/site-packages/airflow/example_dags/tutorial_taskflow_api_etl.py took 2.643 seconds
[2021-10-21 16:03:10,446] {processor.py:163} INFO - Started process (PID=1140) to work on /home/airflow/.local/lib/python3.6/site-packages/airflow/example_dags/tutorial_taskflow_api_etl.py
[2021-10-21 16:03:10,454] {processor.py:620} INFO - Processing file /home/airflow/.local/lib/python3.6/site-packages/airflow/example_dags/tutorial_taskflow_api_etl.py for tasks to queue
[2021-10-21 16:03:10,462] {logging_mixin.py:109} INFO - [2021-10-21 16:03:10,462] {dagbag.py:500} INFO - Filling up the DagBag from /home/airflow/.local/lib/python3.6/site-packages/airflow/example_dags/tutorial_taskflow_api_etl.py
[2021-10-21 16:03:10,555] {processor.py:632} INFO - DAG(s) dict_keys(['tutorial_taskflow_api_etl']) retrieved from /home/airflow/.local/lib/python3.6/site-packages/airflow/example_dags/tutorial_taskflow_api_etl.py
[2021-10-21 16:03:11,248] {logging_mixin.py:109} INFO - [2021-10-21 16:03:11,248] {dag.py:2389} INFO - Sync 1 DAGs
[2021-10-21 16:03:11,288] {logging_mixin.py:109} INFO - [2021-10-21 16:03:11,288] {dag.py:2914} INFO - Setting next_dagrun for tutorial_taskflow_api_etl to None
[2021-10-21 16:03:11,327] {processor.py:171} INFO - Processing /home/airflow/.local/lib/python3.6/site-packages/airflow/example_dags/tutorial_taskflow_api_etl.py took 0.891 seconds
[2021-10-21 16:03:41,425] {processor.py:163} INFO - Started process (PID=1210) to work on /home/airflow/.local/lib/python3.6/site-packages/airflow/example_dags/tutorial_taskflow_api_etl.py
[2021-10-21 16:03:41,428] {processor.py:620} INFO - Processing file /home/airflow/.local/lib/python3.6/site-packages/airflow/example_dags/tutorial_taskflow_api_etl.py for tasks to queue
[2021-10-21 16:03:41,430] {logging_mixin.py:109} INFO - [2021-10-21 16:03:41,430] {dagbag.py:500} INFO - Filling up the DagBag from /home/airflow/.local/lib/python3.6/site-packages/airflow/example_dags/tutorial_taskflow_api_etl.py
[2021-10-21 16:03:41,475] {processor.py:632} INFO - DAG(s) dict_keys(['tutorial_taskflow_api_etl']) retrieved from /home/airflow/.local/lib/python3.6/site-packages/airflow/example_dags/tutorial_taskflow_api_etl.py
[2021-10-21 16:03:41,691] {logging_mixin.py:109} INFO - [2021-10-21 16:03:41,691] {dag.py:2389} INFO - Sync 1 DAGs
[2021-10-21 16:03:41,720] {logging_mixin.py:109} INFO - [2021-10-21 16:03:41,719] {dag.py:2914} INFO - Setting next_dagrun for tutorial_taskflow_api_etl to None
[2021-10-21 16:03:41,734] {processor.py:171} INFO - Processing /home/airflow/.local/lib/python3.6/site-packages/airflow/example_dags/tutorial_taskflow_api_etl.py took 0.317 seconds
[2021-10-21 16:04:12,777] {processor.py:163} INFO - Started process (PID=1264) to work on /home/airflow/.local/lib/python3.6/site-packages/airflow/example_dags/tutorial_taskflow_api_etl.py
[2021-10-21 16:04:12,784] {processor.py:620} INFO - Processing file /home/airflow/.local/lib/python3.6/site-packages/airflow/example_dags/tutorial_taskflow_api_etl.py for tasks to queue
[2021-10-21 16:04:12,789] {logging_mixin.py:109} INFO - [2021-10-21 16:04:12,789] {dagbag.py:500} INFO - Filling up the DagBag from /home/airflow/.local/lib/python3.6/site-packages/airflow/example_dags/tutorial_taskflow_api_etl.py
[2021-10-21 16:04:12,862] {processor.py:632} INFO - DAG(s) dict_keys(['tutorial_taskflow_api_etl']) retrieved from /home/airflow/.local/lib/python3.6/site-packages/airflow/example_dags/tutorial_taskflow_api_etl.py
[2021-10-21 16:04:13,224] {logging_mixin.py:109} INFO - [2021-10-21 16:04:13,224] {dag.py:2389} INFO - Sync 1 DAGs
[2021-10-21 16:04:13,249] {logging_mixin.py:109} INFO - [2021-10-21 16:04:13,249] {dag.py:2914} INFO - Setting next_dagrun for tutorial_taskflow_api_etl to None
[2021-10-21 16:04:13,273] {processor.py:171} INFO - Processing /home/airflow/.local/lib/python3.6/site-packages/airflow/example_dags/tutorial_taskflow_api_etl.py took 0.514 seconds
[2021-10-21 16:04:44,270] {processor.py:163} INFO - Started process (PID=1318) to work on /home/airflow/.local/lib/python3.6/site-packages/airflow/example_dags/tutorial_taskflow_api_etl.py
[2021-10-21 16:04:44,275] {processor.py:620} INFO - Processing file /home/airflow/.local/lib/python3.6/site-packages/airflow/example_dags/tutorial_taskflow_api_etl.py for tasks to queue
[2021-10-21 16:04:44,279] {logging_mixin.py:109} INFO - [2021-10-21 16:04:44,278] {dagbag.py:500} INFO - Filling up the DagBag from /home/airflow/.local/lib/python3.6/site-packages/airflow/example_dags/tutorial_taskflow_api_etl.py
[2021-10-21 16:04:44,337] {processor.py:632} INFO - DAG(s) dict_keys(['tutorial_taskflow_api_etl']) retrieved from /home/airflow/.local/lib/python3.6/site-packages/airflow/example_dags/tutorial_taskflow_api_etl.py
[2021-10-21 16:04:44,635] {logging_mixin.py:109} INFO - [2021-10-21 16:04:44,635] {dag.py:2389} INFO - Sync 1 DAGs
[2021-10-21 16:04:44,651] {logging_mixin.py:109} INFO - [2021-10-21 16:04:44,651] {dag.py:2914} INFO - Setting next_dagrun for tutorial_taskflow_api_etl to None
[2021-10-21 16:04:44,667] {processor.py:171} INFO - Processing /home/airflow/.local/lib/python3.6/site-packages/airflow/example_dags/tutorial_taskflow_api_etl.py took 0.402 seconds
[2021-10-21 16:05:14,710] {processor.py:163} INFO - Started process (PID=1374) to work on /home/airflow/.local/lib/python3.6/site-packages/airflow/example_dags/tutorial_taskflow_api_etl.py
[2021-10-21 16:05:14,713] {processor.py:620} INFO - Processing file /home/airflow/.local/lib/python3.6/site-packages/airflow/example_dags/tutorial_taskflow_api_etl.py for tasks to queue
[2021-10-21 16:05:14,716] {logging_mixin.py:109} INFO - [2021-10-21 16:05:14,715] {dagbag.py:500} INFO - Filling up the DagBag from /home/airflow/.local/lib/python3.6/site-packages/airflow/example_dags/tutorial_taskflow_api_etl.py
[2021-10-21 16:05:14,758] {processor.py:632} INFO - DAG(s) dict_keys(['tutorial_taskflow_api_etl']) retrieved from /home/airflow/.local/lib/python3.6/site-packages/airflow/example_dags/tutorial_taskflow_api_etl.py
[2021-10-21 16:05:14,996] {logging_mixin.py:109} INFO - [2021-10-21 16:05:14,996] {dag.py:2389} INFO - Sync 1 DAGs
[2021-10-21 16:05:15,011] {logging_mixin.py:109} INFO - [2021-10-21 16:05:15,011] {dag.py:2914} INFO - Setting next_dagrun for tutorial_taskflow_api_etl to None
[2021-10-21 16:05:15,023] {processor.py:171} INFO - Processing /home/airflow/.local/lib/python3.6/site-packages/airflow/example_dags/tutorial_taskflow_api_etl.py took 0.319 seconds
[2021-10-21 16:05:45,381] {processor.py:163} INFO - Started process (PID=1438) to work on /home/airflow/.local/lib/python3.6/site-packages/airflow/example_dags/tutorial_taskflow_api_etl.py
[2021-10-21 16:05:45,389] {processor.py:620} INFO - Processing file /home/airflow/.local/lib/python3.6/site-packages/airflow/example_dags/tutorial_taskflow_api_etl.py for tasks to queue
[2021-10-21 16:05:45,391] {logging_mixin.py:109} INFO - [2021-10-21 16:05:45,391] {dagbag.py:500} INFO - Filling up the DagBag from /home/airflow/.local/lib/python3.6/site-packages/airflow/example_dags/tutorial_taskflow_api_etl.py
[2021-10-21 16:05:45,445] {processor.py:632} INFO - DAG(s) dict_keys(['tutorial_taskflow_api_etl']) retrieved from /home/airflow/.local/lib/python3.6/site-packages/airflow/example_dags/tutorial_taskflow_api_etl.py
[2021-10-21 16:05:45,798] {logging_mixin.py:109} INFO - [2021-10-21 16:05:45,798] {dag.py:2389} INFO - Sync 1 DAGs
[2021-10-21 16:05:45,816] {logging_mixin.py:109} INFO - [2021-10-21 16:05:45,816] {dag.py:2914} INFO - Setting next_dagrun for tutorial_taskflow_api_etl to None
[2021-10-21 16:05:45,830] {processor.py:171} INFO - Processing /home/airflow/.local/lib/python3.6/site-packages/airflow/example_dags/tutorial_taskflow_api_etl.py took 0.463 seconds
[2021-10-21 16:06:16,751] {processor.py:163} INFO - Started process (PID=1494) to work on /home/airflow/.local/lib/python3.6/site-packages/airflow/example_dags/tutorial_taskflow_api_etl.py
[2021-10-21 16:06:16,753] {processor.py:620} INFO - Processing file /home/airflow/.local/lib/python3.6/site-packages/airflow/example_dags/tutorial_taskflow_api_etl.py for tasks to queue
[2021-10-21 16:06:16,756] {logging_mixin.py:109} INFO - [2021-10-21 16:06:16,756] {dagbag.py:500} INFO - Filling up the DagBag from /home/airflow/.local/lib/python3.6/site-packages/airflow/example_dags/tutorial_taskflow_api_etl.py
[2021-10-21 16:06:16,796] {processor.py:632} INFO - DAG(s) dict_keys(['tutorial_taskflow_api_etl']) retrieved from /home/airflow/.local/lib/python3.6/site-packages/airflow/example_dags/tutorial_taskflow_api_etl.py
[2021-10-21 16:06:17,008] {logging_mixin.py:109} INFO - [2021-10-21 16:06:17,008] {dag.py:2389} INFO - Sync 1 DAGs
[2021-10-21 16:06:17,047] {logging_mixin.py:109} INFO - [2021-10-21 16:06:17,047] {dag.py:2914} INFO - Setting next_dagrun for tutorial_taskflow_api_etl to None
[2021-10-21 16:06:17,082] {processor.py:171} INFO - Processing /home/airflow/.local/lib/python3.6/site-packages/airflow/example_dags/tutorial_taskflow_api_etl.py took 0.336 seconds
[2021-10-21 16:06:47,122] {processor.py:163} INFO - Started process (PID=1551) to work on /home/airflow/.local/lib/python3.6/site-packages/airflow/example_dags/tutorial_taskflow_api_etl.py
[2021-10-21 16:06:47,125] {processor.py:620} INFO - Processing file /home/airflow/.local/lib/python3.6/site-packages/airflow/example_dags/tutorial_taskflow_api_etl.py for tasks to queue
[2021-10-21 16:06:47,126] {logging_mixin.py:109} INFO - [2021-10-21 16:06:47,126] {dagbag.py:500} INFO - Filling up the DagBag from /home/airflow/.local/lib/python3.6/site-packages/airflow/example_dags/tutorial_taskflow_api_etl.py
[2021-10-21 16:06:47,161] {processor.py:632} INFO - DAG(s) dict_keys(['tutorial_taskflow_api_etl']) retrieved from /home/airflow/.local/lib/python3.6/site-packages/airflow/example_dags/tutorial_taskflow_api_etl.py
[2021-10-21 16:06:47,426] {logging_mixin.py:109} INFO - [2021-10-21 16:06:47,426] {dag.py:2389} INFO - Sync 1 DAGs
[2021-10-21 16:06:47,441] {logging_mixin.py:109} INFO - [2021-10-21 16:06:47,441] {dag.py:2914} INFO - Setting next_dagrun for tutorial_taskflow_api_etl to None
[2021-10-21 16:06:47,453] {processor.py:171} INFO - Processing /home/airflow/.local/lib/python3.6/site-packages/airflow/example_dags/tutorial_taskflow_api_etl.py took 0.335 seconds
