[2021-10-21 15:53:20,248] {processor.py:163} INFO - Started process (PID=82) to work on /home/airflow/.local/lib/python3.6/site-packages/airflow/example_dags/tutorial_etl_dag.py
[2021-10-21 15:53:20,257] {processor.py:620} INFO - Processing file /home/airflow/.local/lib/python3.6/site-packages/airflow/example_dags/tutorial_etl_dag.py for tasks to queue
[2021-10-21 15:53:20,261] {logging_mixin.py:109} INFO - [2021-10-21 15:53:20,261] {dagbag.py:500} INFO - Filling up the DagBag from /home/airflow/.local/lib/python3.6/site-packages/airflow/example_dags/tutorial_etl_dag.py
[2021-10-21 15:53:20,421] {processor.py:632} INFO - DAG(s) dict_keys(['tutorial_etl_dag']) retrieved from /home/airflow/.local/lib/python3.6/site-packages/airflow/example_dags/tutorial_etl_dag.py
[2021-10-21 15:53:20,467] {logging_mixin.py:109} INFO - [2021-10-21 15:53:20,466] {dag.py:2389} INFO - Sync 1 DAGs
[2021-10-21 15:53:20,570] {logging_mixin.py:109} INFO - [2021-10-21 15:53:20,570] {dag.py:2914} INFO - Setting next_dagrun for tutorial_etl_dag to None
[2021-10-21 15:53:20,620] {processor.py:171} INFO - Processing /home/airflow/.local/lib/python3.6/site-packages/airflow/example_dags/tutorial_etl_dag.py took 0.387 seconds
[2021-10-21 15:53:51,142] {processor.py:163} INFO - Started process (PID=135) to work on /home/airflow/.local/lib/python3.6/site-packages/airflow/example_dags/tutorial_etl_dag.py
[2021-10-21 15:53:51,144] {processor.py:620} INFO - Processing file /home/airflow/.local/lib/python3.6/site-packages/airflow/example_dags/tutorial_etl_dag.py for tasks to queue
[2021-10-21 15:53:51,147] {logging_mixin.py:109} INFO - [2021-10-21 15:53:51,146] {dagbag.py:500} INFO - Filling up the DagBag from /home/airflow/.local/lib/python3.6/site-packages/airflow/example_dags/tutorial_etl_dag.py
[2021-10-21 15:53:51,180] {processor.py:632} INFO - DAG(s) dict_keys(['tutorial_etl_dag']) retrieved from /home/airflow/.local/lib/python3.6/site-packages/airflow/example_dags/tutorial_etl_dag.py
[2021-10-21 15:53:51,194] {logging_mixin.py:109} INFO - [2021-10-21 15:53:51,194] {dag.py:2389} INFO - Sync 1 DAGs
[2021-10-21 15:53:51,218] {logging_mixin.py:109} INFO - [2021-10-21 15:53:51,218] {dag.py:2914} INFO - Setting next_dagrun for tutorial_etl_dag to None
[2021-10-21 15:53:51,233] {processor.py:171} INFO - Processing /home/airflow/.local/lib/python3.6/site-packages/airflow/example_dags/tutorial_etl_dag.py took 0.094 seconds
[2021-10-21 15:54:22,091] {processor.py:163} INFO - Started process (PID=200) to work on /home/airflow/.local/lib/python3.6/site-packages/airflow/example_dags/tutorial_etl_dag.py
[2021-10-21 15:54:22,101] {processor.py:620} INFO - Processing file /home/airflow/.local/lib/python3.6/site-packages/airflow/example_dags/tutorial_etl_dag.py for tasks to queue
[2021-10-21 15:54:22,103] {logging_mixin.py:109} INFO - [2021-10-21 15:54:22,103] {dagbag.py:500} INFO - Filling up the DagBag from /home/airflow/.local/lib/python3.6/site-packages/airflow/example_dags/tutorial_etl_dag.py
[2021-10-21 15:54:22,235] {processor.py:632} INFO - DAG(s) dict_keys(['tutorial_etl_dag']) retrieved from /home/airflow/.local/lib/python3.6/site-packages/airflow/example_dags/tutorial_etl_dag.py
[2021-10-21 15:54:22,275] {logging_mixin.py:109} INFO - [2021-10-21 15:54:22,275] {dag.py:2389} INFO - Sync 1 DAGs
[2021-10-21 15:54:22,375] {logging_mixin.py:109} INFO - [2021-10-21 15:54:22,374] {dag.py:2914} INFO - Setting next_dagrun for tutorial_etl_dag to None
[2021-10-21 15:54:22,433] {processor.py:171} INFO - Processing /home/airflow/.local/lib/python3.6/site-packages/airflow/example_dags/tutorial_etl_dag.py took 0.347 seconds
[2021-10-21 15:54:52,885] {processor.py:163} INFO - Started process (PID=253) to work on /home/airflow/.local/lib/python3.6/site-packages/airflow/example_dags/tutorial_etl_dag.py
[2021-10-21 15:54:52,890] {processor.py:620} INFO - Processing file /home/airflow/.local/lib/python3.6/site-packages/airflow/example_dags/tutorial_etl_dag.py for tasks to queue
[2021-10-21 15:54:52,893] {logging_mixin.py:109} INFO - [2021-10-21 15:54:52,892] {dagbag.py:500} INFO - Filling up the DagBag from /home/airflow/.local/lib/python3.6/site-packages/airflow/example_dags/tutorial_etl_dag.py
[2021-10-21 15:54:52,975] {processor.py:632} INFO - DAG(s) dict_keys(['tutorial_etl_dag']) retrieved from /home/airflow/.local/lib/python3.6/site-packages/airflow/example_dags/tutorial_etl_dag.py
[2021-10-21 15:54:53,002] {logging_mixin.py:109} INFO - [2021-10-21 15:54:53,001] {dag.py:2389} INFO - Sync 1 DAGs
[2021-10-21 15:54:53,038] {logging_mixin.py:109} INFO - [2021-10-21 15:54:53,038] {dag.py:2914} INFO - Setting next_dagrun for tutorial_etl_dag to None
[2021-10-21 15:54:53,061] {processor.py:171} INFO - Processing /home/airflow/.local/lib/python3.6/site-packages/airflow/example_dags/tutorial_etl_dag.py took 0.188 seconds
[2021-10-21 15:55:23,205] {processor.py:163} INFO - Started process (PID=307) to work on /home/airflow/.local/lib/python3.6/site-packages/airflow/example_dags/tutorial_etl_dag.py
[2021-10-21 15:55:23,208] {processor.py:620} INFO - Processing file /home/airflow/.local/lib/python3.6/site-packages/airflow/example_dags/tutorial_etl_dag.py for tasks to queue
[2021-10-21 15:55:23,211] {logging_mixin.py:109} INFO - [2021-10-21 15:55:23,210] {dagbag.py:500} INFO - Filling up the DagBag from /home/airflow/.local/lib/python3.6/site-packages/airflow/example_dags/tutorial_etl_dag.py
[2021-10-21 15:55:23,248] {processor.py:632} INFO - DAG(s) dict_keys(['tutorial_etl_dag']) retrieved from /home/airflow/.local/lib/python3.6/site-packages/airflow/example_dags/tutorial_etl_dag.py
[2021-10-21 15:55:23,263] {logging_mixin.py:109} INFO - [2021-10-21 15:55:23,262] {dag.py:2389} INFO - Sync 1 DAGs
[2021-10-21 15:55:23,284] {logging_mixin.py:109} INFO - [2021-10-21 15:55:23,284] {dag.py:2914} INFO - Setting next_dagrun for tutorial_etl_dag to None
[2021-10-21 15:55:23,299] {processor.py:171} INFO - Processing /home/airflow/.local/lib/python3.6/site-packages/airflow/example_dags/tutorial_etl_dag.py took 0.098 seconds
[2021-10-21 15:55:55,985] {processor.py:163} INFO - Started process (PID=362) to work on /home/airflow/.local/lib/python3.6/site-packages/airflow/example_dags/tutorial_etl_dag.py
[2021-10-21 15:55:55,989] {processor.py:620} INFO - Processing file /home/airflow/.local/lib/python3.6/site-packages/airflow/example_dags/tutorial_etl_dag.py for tasks to queue
[2021-10-21 15:55:55,991] {logging_mixin.py:109} INFO - [2021-10-21 15:55:55,991] {dagbag.py:500} INFO - Filling up the DagBag from /home/airflow/.local/lib/python3.6/site-packages/airflow/example_dags/tutorial_etl_dag.py
[2021-10-21 15:55:56,035] {processor.py:632} INFO - DAG(s) dict_keys(['tutorial_etl_dag']) retrieved from /home/airflow/.local/lib/python3.6/site-packages/airflow/example_dags/tutorial_etl_dag.py
[2021-10-21 15:55:56,076] {logging_mixin.py:109} INFO - [2021-10-21 15:55:56,076] {dag.py:2389} INFO - Sync 1 DAGs
[2021-10-21 15:55:56,095] {logging_mixin.py:109} INFO - [2021-10-21 15:55:56,095] {dag.py:2914} INFO - Setting next_dagrun for tutorial_etl_dag to None
[2021-10-21 15:55:56,107] {processor.py:171} INFO - Processing /home/airflow/.local/lib/python3.6/site-packages/airflow/example_dags/tutorial_etl_dag.py took 0.128 seconds
[2021-10-21 15:56:27,006] {processor.py:163} INFO - Started process (PID=428) to work on /home/airflow/.local/lib/python3.6/site-packages/airflow/example_dags/tutorial_etl_dag.py
[2021-10-21 15:56:27,010] {processor.py:620} INFO - Processing file /home/airflow/.local/lib/python3.6/site-packages/airflow/example_dags/tutorial_etl_dag.py for tasks to queue
[2021-10-21 15:56:27,012] {logging_mixin.py:109} INFO - [2021-10-21 15:56:27,012] {dagbag.py:500} INFO - Filling up the DagBag from /home/airflow/.local/lib/python3.6/site-packages/airflow/example_dags/tutorial_etl_dag.py
[2021-10-21 15:56:27,050] {processor.py:632} INFO - DAG(s) dict_keys(['tutorial_etl_dag']) retrieved from /home/airflow/.local/lib/python3.6/site-packages/airflow/example_dags/tutorial_etl_dag.py
[2021-10-21 15:56:27,062] {logging_mixin.py:109} INFO - [2021-10-21 15:56:27,062] {dag.py:2389} INFO - Sync 1 DAGs
[2021-10-21 15:56:27,083] {logging_mixin.py:109} INFO - [2021-10-21 15:56:27,083] {dag.py:2914} INFO - Setting next_dagrun for tutorial_etl_dag to None
[2021-10-21 15:56:27,098] {processor.py:171} INFO - Processing /home/airflow/.local/lib/python3.6/site-packages/airflow/example_dags/tutorial_etl_dag.py took 0.097 seconds
[2021-10-21 15:56:57,927] {processor.py:163} INFO - Started process (PID=485) to work on /home/airflow/.local/lib/python3.6/site-packages/airflow/example_dags/tutorial_etl_dag.py
[2021-10-21 15:56:57,929] {processor.py:620} INFO - Processing file /home/airflow/.local/lib/python3.6/site-packages/airflow/example_dags/tutorial_etl_dag.py for tasks to queue
[2021-10-21 15:56:57,931] {logging_mixin.py:109} INFO - [2021-10-21 15:56:57,931] {dagbag.py:500} INFO - Filling up the DagBag from /home/airflow/.local/lib/python3.6/site-packages/airflow/example_dags/tutorial_etl_dag.py
[2021-10-21 15:56:57,962] {processor.py:632} INFO - DAG(s) dict_keys(['tutorial_etl_dag']) retrieved from /home/airflow/.local/lib/python3.6/site-packages/airflow/example_dags/tutorial_etl_dag.py
[2021-10-21 15:56:57,974] {logging_mixin.py:109} INFO - [2021-10-21 15:56:57,974] {dag.py:2389} INFO - Sync 1 DAGs
[2021-10-21 15:56:58,000] {logging_mixin.py:109} INFO - [2021-10-21 15:56:58,000] {dag.py:2914} INFO - Setting next_dagrun for tutorial_etl_dag to None
[2021-10-21 15:56:58,011] {processor.py:171} INFO - Processing /home/airflow/.local/lib/python3.6/site-packages/airflow/example_dags/tutorial_etl_dag.py took 0.088 seconds
[2021-10-21 15:57:29,203] {processor.py:163} INFO - Started process (PID=551) to work on /home/airflow/.local/lib/python3.6/site-packages/airflow/example_dags/tutorial_etl_dag.py
[2021-10-21 15:57:29,205] {processor.py:620} INFO - Processing file /home/airflow/.local/lib/python3.6/site-packages/airflow/example_dags/tutorial_etl_dag.py for tasks to queue
[2021-10-21 15:57:29,207] {logging_mixin.py:109} INFO - [2021-10-21 15:57:29,207] {dagbag.py:500} INFO - Filling up the DagBag from /home/airflow/.local/lib/python3.6/site-packages/airflow/example_dags/tutorial_etl_dag.py
[2021-10-21 15:57:29,287] {processor.py:632} INFO - DAG(s) dict_keys(['tutorial_etl_dag']) retrieved from /home/airflow/.local/lib/python3.6/site-packages/airflow/example_dags/tutorial_etl_dag.py
[2021-10-21 15:57:29,348] {logging_mixin.py:109} INFO - [2021-10-21 15:57:29,348] {dag.py:2389} INFO - Sync 1 DAGs
[2021-10-21 15:57:29,515] {logging_mixin.py:109} INFO - [2021-10-21 15:57:29,515] {dag.py:2914} INFO - Setting next_dagrun for tutorial_etl_dag to None
[2021-10-21 15:57:29,551] {processor.py:171} INFO - Processing /home/airflow/.local/lib/python3.6/site-packages/airflow/example_dags/tutorial_etl_dag.py took 0.362 seconds
[2021-10-21 15:57:59,875] {processor.py:163} INFO - Started process (PID=597) to work on /home/airflow/.local/lib/python3.6/site-packages/airflow/example_dags/tutorial_etl_dag.py
[2021-10-21 15:57:59,878] {processor.py:620} INFO - Processing file /home/airflow/.local/lib/python3.6/site-packages/airflow/example_dags/tutorial_etl_dag.py for tasks to queue
[2021-10-21 15:57:59,879] {logging_mixin.py:109} INFO - [2021-10-21 15:57:59,879] {dagbag.py:500} INFO - Filling up the DagBag from /home/airflow/.local/lib/python3.6/site-packages/airflow/example_dags/tutorial_etl_dag.py
[2021-10-21 15:57:59,911] {processor.py:632} INFO - DAG(s) dict_keys(['tutorial_etl_dag']) retrieved from /home/airflow/.local/lib/python3.6/site-packages/airflow/example_dags/tutorial_etl_dag.py
[2021-10-21 15:57:59,923] {logging_mixin.py:109} INFO - [2021-10-21 15:57:59,923] {dag.py:2389} INFO - Sync 1 DAGs
[2021-10-21 15:57:59,941] {logging_mixin.py:109} INFO - [2021-10-21 15:57:59,941] {dag.py:2914} INFO - Setting next_dagrun for tutorial_etl_dag to None
[2021-10-21 15:57:59,962] {processor.py:171} INFO - Processing /home/airflow/.local/lib/python3.6/site-packages/airflow/example_dags/tutorial_etl_dag.py took 0.092 seconds
[2021-10-21 15:58:30,821] {processor.py:163} INFO - Started process (PID=663) to work on /home/airflow/.local/lib/python3.6/site-packages/airflow/example_dags/tutorial_etl_dag.py
[2021-10-21 15:58:30,832] {processor.py:620} INFO - Processing file /home/airflow/.local/lib/python3.6/site-packages/airflow/example_dags/tutorial_etl_dag.py for tasks to queue
[2021-10-21 15:58:30,837] {logging_mixin.py:109} INFO - [2021-10-21 15:58:30,836] {dagbag.py:500} INFO - Filling up the DagBag from /home/airflow/.local/lib/python3.6/site-packages/airflow/example_dags/tutorial_etl_dag.py
[2021-10-21 15:58:30,935] {processor.py:632} INFO - DAG(s) dict_keys(['tutorial_etl_dag']) retrieved from /home/airflow/.local/lib/python3.6/site-packages/airflow/example_dags/tutorial_etl_dag.py
[2021-10-21 15:58:30,967] {logging_mixin.py:109} INFO - [2021-10-21 15:58:30,967] {dag.py:2389} INFO - Sync 1 DAGs
[2021-10-21 15:58:30,987] {logging_mixin.py:109} INFO - [2021-10-21 15:58:30,987] {dag.py:2914} INFO - Setting next_dagrun for tutorial_etl_dag to None
[2021-10-21 15:58:30,997] {processor.py:171} INFO - Processing /home/airflow/.local/lib/python3.6/site-packages/airflow/example_dags/tutorial_etl_dag.py took 0.216 seconds
[2021-10-21 15:59:01,769] {processor.py:163} INFO - Started process (PID=717) to work on /home/airflow/.local/lib/python3.6/site-packages/airflow/example_dags/tutorial_etl_dag.py
[2021-10-21 15:59:01,771] {processor.py:620} INFO - Processing file /home/airflow/.local/lib/python3.6/site-packages/airflow/example_dags/tutorial_etl_dag.py for tasks to queue
[2021-10-21 15:59:01,773] {logging_mixin.py:109} INFO - [2021-10-21 15:59:01,773] {dagbag.py:500} INFO - Filling up the DagBag from /home/airflow/.local/lib/python3.6/site-packages/airflow/example_dags/tutorial_etl_dag.py
[2021-10-21 15:59:01,813] {processor.py:632} INFO - DAG(s) dict_keys(['tutorial_etl_dag']) retrieved from /home/airflow/.local/lib/python3.6/site-packages/airflow/example_dags/tutorial_etl_dag.py
[2021-10-21 15:59:01,825] {logging_mixin.py:109} INFO - [2021-10-21 15:59:01,825] {dag.py:2389} INFO - Sync 1 DAGs
[2021-10-21 15:59:01,846] {logging_mixin.py:109} INFO - [2021-10-21 15:59:01,846] {dag.py:2914} INFO - Setting next_dagrun for tutorial_etl_dag to None
[2021-10-21 15:59:01,857] {processor.py:171} INFO - Processing /home/airflow/.local/lib/python3.6/site-packages/airflow/example_dags/tutorial_etl_dag.py took 0.092 seconds
[2021-10-21 15:59:32,897] {processor.py:163} INFO - Started process (PID=773) to work on /home/airflow/.local/lib/python3.6/site-packages/airflow/example_dags/tutorial_etl_dag.py
[2021-10-21 15:59:32,899] {processor.py:620} INFO - Processing file /home/airflow/.local/lib/python3.6/site-packages/airflow/example_dags/tutorial_etl_dag.py for tasks to queue
[2021-10-21 15:59:32,901] {logging_mixin.py:109} INFO - [2021-10-21 15:59:32,901] {dagbag.py:500} INFO - Filling up the DagBag from /home/airflow/.local/lib/python3.6/site-packages/airflow/example_dags/tutorial_etl_dag.py
[2021-10-21 15:59:32,945] {processor.py:632} INFO - DAG(s) dict_keys(['tutorial_etl_dag']) retrieved from /home/airflow/.local/lib/python3.6/site-packages/airflow/example_dags/tutorial_etl_dag.py
[2021-10-21 15:59:32,959] {logging_mixin.py:109} INFO - [2021-10-21 15:59:32,959] {dag.py:2389} INFO - Sync 1 DAGs
[2021-10-21 15:59:32,990] {logging_mixin.py:109} INFO - [2021-10-21 15:59:32,990] {dag.py:2914} INFO - Setting next_dagrun for tutorial_etl_dag to None
[2021-10-21 15:59:33,004] {processor.py:171} INFO - Processing /home/airflow/.local/lib/python3.6/site-packages/airflow/example_dags/tutorial_etl_dag.py took 0.113 seconds
[2021-10-21 16:00:03,223] {processor.py:163} INFO - Started process (PID=843) to work on /home/airflow/.local/lib/python3.6/site-packages/airflow/example_dags/tutorial_etl_dag.py
[2021-10-21 16:00:03,226] {processor.py:620} INFO - Processing file /home/airflow/.local/lib/python3.6/site-packages/airflow/example_dags/tutorial_etl_dag.py for tasks to queue
[2021-10-21 16:00:03,228] {logging_mixin.py:109} INFO - [2021-10-21 16:00:03,227] {dagbag.py:500} INFO - Filling up the DagBag from /home/airflow/.local/lib/python3.6/site-packages/airflow/example_dags/tutorial_etl_dag.py
[2021-10-21 16:00:03,265] {processor.py:632} INFO - DAG(s) dict_keys(['tutorial_etl_dag']) retrieved from /home/airflow/.local/lib/python3.6/site-packages/airflow/example_dags/tutorial_etl_dag.py
[2021-10-21 16:00:03,280] {logging_mixin.py:109} INFO - [2021-10-21 16:00:03,280] {dag.py:2389} INFO - Sync 1 DAGs
[2021-10-21 16:00:03,316] {logging_mixin.py:109} INFO - [2021-10-21 16:00:03,316] {dag.py:2914} INFO - Setting next_dagrun for tutorial_etl_dag to None
[2021-10-21 16:00:03,332] {processor.py:171} INFO - Processing /home/airflow/.local/lib/python3.6/site-packages/airflow/example_dags/tutorial_etl_dag.py took 0.114 seconds
[2021-10-21 16:00:35,880] {processor.py:163} INFO - Started process (PID=898) to work on /home/airflow/.local/lib/python3.6/site-packages/airflow/example_dags/tutorial_etl_dag.py
[2021-10-21 16:00:35,900] {processor.py:620} INFO - Processing file /home/airflow/.local/lib/python3.6/site-packages/airflow/example_dags/tutorial_etl_dag.py for tasks to queue
[2021-10-21 16:00:35,916] {logging_mixin.py:109} INFO - [2021-10-21 16:00:35,907] {dagbag.py:500} INFO - Filling up the DagBag from /home/airflow/.local/lib/python3.6/site-packages/airflow/example_dags/tutorial_etl_dag.py
[2021-10-21 16:00:36,510] {processor.py:632} INFO - DAG(s) dict_keys(['tutorial_etl_dag']) retrieved from /home/airflow/.local/lib/python3.6/site-packages/airflow/example_dags/tutorial_etl_dag.py
[2021-10-21 16:00:36,600] {logging_mixin.py:109} INFO - [2021-10-21 16:00:36,600] {dag.py:2389} INFO - Sync 1 DAGs
[2021-10-21 16:00:36,867] {logging_mixin.py:109} INFO - [2021-10-21 16:00:36,866] {dag.py:2914} INFO - Setting next_dagrun for tutorial_etl_dag to None
[2021-10-21 16:00:37,173] {processor.py:171} INFO - Processing /home/airflow/.local/lib/python3.6/site-packages/airflow/example_dags/tutorial_etl_dag.py took 1.312 seconds
[2021-10-21 16:01:07,842] {processor.py:163} INFO - Started process (PID=952) to work on /home/airflow/.local/lib/python3.6/site-packages/airflow/example_dags/tutorial_etl_dag.py
[2021-10-21 16:01:07,846] {processor.py:620} INFO - Processing file /home/airflow/.local/lib/python3.6/site-packages/airflow/example_dags/tutorial_etl_dag.py for tasks to queue
[2021-10-21 16:01:07,854] {logging_mixin.py:109} INFO - [2021-10-21 16:01:07,853] {dagbag.py:500} INFO - Filling up the DagBag from /home/airflow/.local/lib/python3.6/site-packages/airflow/example_dags/tutorial_etl_dag.py
[2021-10-21 16:01:07,981] {processor.py:632} INFO - DAG(s) dict_keys(['tutorial_etl_dag']) retrieved from /home/airflow/.local/lib/python3.6/site-packages/airflow/example_dags/tutorial_etl_dag.py
[2021-10-21 16:01:08,061] {logging_mixin.py:109} INFO - [2021-10-21 16:01:08,061] {dag.py:2389} INFO - Sync 1 DAGs
[2021-10-21 16:01:08,136] {logging_mixin.py:109} INFO - [2021-10-21 16:01:08,136] {dag.py:2914} INFO - Setting next_dagrun for tutorial_etl_dag to None
[2021-10-21 16:01:08,194] {processor.py:171} INFO - Processing /home/airflow/.local/lib/python3.6/site-packages/airflow/example_dags/tutorial_etl_dag.py took 0.362 seconds
[2021-10-21 16:01:39,056] {processor.py:163} INFO - Started process (PID=1009) to work on /home/airflow/.local/lib/python3.6/site-packages/airflow/example_dags/tutorial_etl_dag.py
[2021-10-21 16:01:39,060] {processor.py:620} INFO - Processing file /home/airflow/.local/lib/python3.6/site-packages/airflow/example_dags/tutorial_etl_dag.py for tasks to queue
[2021-10-21 16:01:39,062] {logging_mixin.py:109} INFO - [2021-10-21 16:01:39,062] {dagbag.py:500} INFO - Filling up the DagBag from /home/airflow/.local/lib/python3.6/site-packages/airflow/example_dags/tutorial_etl_dag.py
[2021-10-21 16:01:39,131] {processor.py:632} INFO - DAG(s) dict_keys(['tutorial_etl_dag']) retrieved from /home/airflow/.local/lib/python3.6/site-packages/airflow/example_dags/tutorial_etl_dag.py
[2021-10-21 16:01:39,195] {logging_mixin.py:109} INFO - [2021-10-21 16:01:39,194] {dag.py:2389} INFO - Sync 1 DAGs
[2021-10-21 16:01:39,273] {logging_mixin.py:109} INFO - [2021-10-21 16:01:39,273] {dag.py:2914} INFO - Setting next_dagrun for tutorial_etl_dag to None
[2021-10-21 16:01:39,348] {processor.py:171} INFO - Processing /home/airflow/.local/lib/python3.6/site-packages/airflow/example_dags/tutorial_etl_dag.py took 0.306 seconds
[2021-10-21 16:02:13,904] {processor.py:163} INFO - Started process (PID=1062) to work on /home/airflow/.local/lib/python3.6/site-packages/airflow/example_dags/tutorial_etl_dag.py
[2021-10-21 16:02:13,917] {processor.py:620} INFO - Processing file /home/airflow/.local/lib/python3.6/site-packages/airflow/example_dags/tutorial_etl_dag.py for tasks to queue
[2021-10-21 16:02:13,929] {logging_mixin.py:109} INFO - [2021-10-21 16:02:13,929] {dagbag.py:500} INFO - Filling up the DagBag from /home/airflow/.local/lib/python3.6/site-packages/airflow/example_dags/tutorial_etl_dag.py
[2021-10-21 16:02:14,031] {processor.py:632} INFO - DAG(s) dict_keys(['tutorial_etl_dag']) retrieved from /home/airflow/.local/lib/python3.6/site-packages/airflow/example_dags/tutorial_etl_dag.py
[2021-10-21 16:02:14,066] {logging_mixin.py:109} INFO - [2021-10-21 16:02:14,066] {dag.py:2389} INFO - Sync 1 DAGs
[2021-10-21 16:02:14,104] {logging_mixin.py:109} INFO - [2021-10-21 16:02:14,104] {dag.py:2914} INFO - Setting next_dagrun for tutorial_etl_dag to None
[2021-10-21 16:02:14,134] {processor.py:171} INFO - Processing /home/airflow/.local/lib/python3.6/site-packages/airflow/example_dags/tutorial_etl_dag.py took 0.243 seconds
[2021-10-21 16:02:44,368] {processor.py:163} INFO - Started process (PID=1114) to work on /home/airflow/.local/lib/python3.6/site-packages/airflow/example_dags/tutorial_etl_dag.py
[2021-10-21 16:02:44,382] {processor.py:620} INFO - Processing file /home/airflow/.local/lib/python3.6/site-packages/airflow/example_dags/tutorial_etl_dag.py for tasks to queue
[2021-10-21 16:02:44,385] {logging_mixin.py:109} INFO - [2021-10-21 16:02:44,385] {dagbag.py:500} INFO - Filling up the DagBag from /home/airflow/.local/lib/python3.6/site-packages/airflow/example_dags/tutorial_etl_dag.py
[2021-10-21 16:02:44,539] {processor.py:632} INFO - DAG(s) dict_keys(['tutorial_etl_dag']) retrieved from /home/airflow/.local/lib/python3.6/site-packages/airflow/example_dags/tutorial_etl_dag.py
[2021-10-21 16:02:44,592] {logging_mixin.py:109} INFO - [2021-10-21 16:02:44,592] {dag.py:2389} INFO - Sync 1 DAGs
[2021-10-21 16:02:44,664] {logging_mixin.py:109} INFO - [2021-10-21 16:02:44,664] {dag.py:2914} INFO - Setting next_dagrun for tutorial_etl_dag to None
[2021-10-21 16:02:44,706] {processor.py:171} INFO - Processing /home/airflow/.local/lib/python3.6/site-packages/airflow/example_dags/tutorial_etl_dag.py took 0.353 seconds
[2021-10-21 16:03:14,831] {processor.py:163} INFO - Started process (PID=1170) to work on /home/airflow/.local/lib/python3.6/site-packages/airflow/example_dags/tutorial_etl_dag.py
[2021-10-21 16:03:14,837] {processor.py:620} INFO - Processing file /home/airflow/.local/lib/python3.6/site-packages/airflow/example_dags/tutorial_etl_dag.py for tasks to queue
[2021-10-21 16:03:14,840] {logging_mixin.py:109} INFO - [2021-10-21 16:03:14,839] {dagbag.py:500} INFO - Filling up the DagBag from /home/airflow/.local/lib/python3.6/site-packages/airflow/example_dags/tutorial_etl_dag.py
[2021-10-21 16:03:14,898] {processor.py:632} INFO - DAG(s) dict_keys(['tutorial_etl_dag']) retrieved from /home/airflow/.local/lib/python3.6/site-packages/airflow/example_dags/tutorial_etl_dag.py
[2021-10-21 16:03:14,921] {logging_mixin.py:109} INFO - [2021-10-21 16:03:14,921] {dag.py:2389} INFO - Sync 1 DAGs
[2021-10-21 16:03:14,962] {logging_mixin.py:109} INFO - [2021-10-21 16:03:14,962] {dag.py:2914} INFO - Setting next_dagrun for tutorial_etl_dag to None
[2021-10-21 16:03:14,982] {processor.py:171} INFO - Processing /home/airflow/.local/lib/python3.6/site-packages/airflow/example_dags/tutorial_etl_dag.py took 0.164 seconds
[2021-10-21 16:03:45,554] {processor.py:163} INFO - Started process (PID=1229) to work on /home/airflow/.local/lib/python3.6/site-packages/airflow/example_dags/tutorial_etl_dag.py
[2021-10-21 16:03:45,556] {processor.py:620} INFO - Processing file /home/airflow/.local/lib/python3.6/site-packages/airflow/example_dags/tutorial_etl_dag.py for tasks to queue
[2021-10-21 16:03:45,559] {logging_mixin.py:109} INFO - [2021-10-21 16:03:45,559] {dagbag.py:500} INFO - Filling up the DagBag from /home/airflow/.local/lib/python3.6/site-packages/airflow/example_dags/tutorial_etl_dag.py
[2021-10-21 16:03:45,605] {processor.py:632} INFO - DAG(s) dict_keys(['tutorial_etl_dag']) retrieved from /home/airflow/.local/lib/python3.6/site-packages/airflow/example_dags/tutorial_etl_dag.py
[2021-10-21 16:03:45,619] {logging_mixin.py:109} INFO - [2021-10-21 16:03:45,619] {dag.py:2389} INFO - Sync 1 DAGs
[2021-10-21 16:03:45,638] {logging_mixin.py:109} INFO - [2021-10-21 16:03:45,638] {dag.py:2914} INFO - Setting next_dagrun for tutorial_etl_dag to None
[2021-10-21 16:03:45,651] {processor.py:171} INFO - Processing /home/airflow/.local/lib/python3.6/site-packages/airflow/example_dags/tutorial_etl_dag.py took 0.106 seconds
[2021-10-21 16:04:16,602] {processor.py:163} INFO - Started process (PID=1283) to work on /home/airflow/.local/lib/python3.6/site-packages/airflow/example_dags/tutorial_etl_dag.py
[2021-10-21 16:04:16,609] {processor.py:620} INFO - Processing file /home/airflow/.local/lib/python3.6/site-packages/airflow/example_dags/tutorial_etl_dag.py for tasks to queue
[2021-10-21 16:04:16,612] {logging_mixin.py:109} INFO - [2021-10-21 16:04:16,612] {dagbag.py:500} INFO - Filling up the DagBag from /home/airflow/.local/lib/python3.6/site-packages/airflow/example_dags/tutorial_etl_dag.py
[2021-10-21 16:04:16,684] {processor.py:632} INFO - DAG(s) dict_keys(['tutorial_etl_dag']) retrieved from /home/airflow/.local/lib/python3.6/site-packages/airflow/example_dags/tutorial_etl_dag.py
[2021-10-21 16:04:16,705] {logging_mixin.py:109} INFO - [2021-10-21 16:04:16,705] {dag.py:2389} INFO - Sync 1 DAGs
[2021-10-21 16:04:16,742] {logging_mixin.py:109} INFO - [2021-10-21 16:04:16,742] {dag.py:2914} INFO - Setting next_dagrun for tutorial_etl_dag to None
[2021-10-21 16:04:16,758] {processor.py:171} INFO - Processing /home/airflow/.local/lib/python3.6/site-packages/airflow/example_dags/tutorial_etl_dag.py took 0.165 seconds
[2021-10-21 16:04:47,305] {processor.py:163} INFO - Started process (PID=1337) to work on /home/airflow/.local/lib/python3.6/site-packages/airflow/example_dags/tutorial_etl_dag.py
[2021-10-21 16:04:47,308] {processor.py:620} INFO - Processing file /home/airflow/.local/lib/python3.6/site-packages/airflow/example_dags/tutorial_etl_dag.py for tasks to queue
[2021-10-21 16:04:47,311] {logging_mixin.py:109} INFO - [2021-10-21 16:04:47,310] {dagbag.py:500} INFO - Filling up the DagBag from /home/airflow/.local/lib/python3.6/site-packages/airflow/example_dags/tutorial_etl_dag.py
[2021-10-21 16:04:47,393] {processor.py:632} INFO - DAG(s) dict_keys(['tutorial_etl_dag']) retrieved from /home/airflow/.local/lib/python3.6/site-packages/airflow/example_dags/tutorial_etl_dag.py
[2021-10-21 16:04:47,419] {logging_mixin.py:109} INFO - [2021-10-21 16:04:47,419] {dag.py:2389} INFO - Sync 1 DAGs
[2021-10-21 16:04:47,440] {logging_mixin.py:109} INFO - [2021-10-21 16:04:47,440] {dag.py:2914} INFO - Setting next_dagrun for tutorial_etl_dag to None
[2021-10-21 16:04:47,459] {processor.py:171} INFO - Processing /home/airflow/.local/lib/python3.6/site-packages/airflow/example_dags/tutorial_etl_dag.py took 0.162 seconds
[2021-10-21 16:05:20,008] {processor.py:163} INFO - Started process (PID=1402) to work on /home/airflow/.local/lib/python3.6/site-packages/airflow/example_dags/tutorial_etl_dag.py
[2021-10-21 16:05:20,015] {processor.py:620} INFO - Processing file /home/airflow/.local/lib/python3.6/site-packages/airflow/example_dags/tutorial_etl_dag.py for tasks to queue
[2021-10-21 16:05:20,020] {logging_mixin.py:109} INFO - [2021-10-21 16:05:20,020] {dagbag.py:500} INFO - Filling up the DagBag from /home/airflow/.local/lib/python3.6/site-packages/airflow/example_dags/tutorial_etl_dag.py
[2021-10-21 16:05:20,200] {processor.py:632} INFO - DAG(s) dict_keys(['tutorial_etl_dag']) retrieved from /home/airflow/.local/lib/python3.6/site-packages/airflow/example_dags/tutorial_etl_dag.py
[2021-10-21 16:05:20,230] {logging_mixin.py:109} INFO - [2021-10-21 16:05:20,229] {dag.py:2389} INFO - Sync 1 DAGs
[2021-10-21 16:05:20,321] {logging_mixin.py:109} INFO - [2021-10-21 16:05:20,321] {dag.py:2914} INFO - Setting next_dagrun for tutorial_etl_dag to None
[2021-10-21 16:05:20,383] {processor.py:171} INFO - Processing /home/airflow/.local/lib/python3.6/site-packages/airflow/example_dags/tutorial_etl_dag.py took 0.407 seconds
[2021-10-21 16:05:51,188] {processor.py:163} INFO - Started process (PID=1457) to work on /home/airflow/.local/lib/python3.6/site-packages/airflow/example_dags/tutorial_etl_dag.py
[2021-10-21 16:05:51,199] {processor.py:620} INFO - Processing file /home/airflow/.local/lib/python3.6/site-packages/airflow/example_dags/tutorial_etl_dag.py for tasks to queue
[2021-10-21 16:05:51,202] {logging_mixin.py:109} INFO - [2021-10-21 16:05:51,202] {dagbag.py:500} INFO - Filling up the DagBag from /home/airflow/.local/lib/python3.6/site-packages/airflow/example_dags/tutorial_etl_dag.py
[2021-10-21 16:05:51,288] {processor.py:632} INFO - DAG(s) dict_keys(['tutorial_etl_dag']) retrieved from /home/airflow/.local/lib/python3.6/site-packages/airflow/example_dags/tutorial_etl_dag.py
[2021-10-21 16:05:51,318] {logging_mixin.py:109} INFO - [2021-10-21 16:05:51,318] {dag.py:2389} INFO - Sync 1 DAGs
[2021-10-21 16:05:51,369] {logging_mixin.py:109} INFO - [2021-10-21 16:05:51,369] {dag.py:2914} INFO - Setting next_dagrun for tutorial_etl_dag to None
[2021-10-21 16:05:51,380] {processor.py:171} INFO - Processing /home/airflow/.local/lib/python3.6/site-packages/airflow/example_dags/tutorial_etl_dag.py took 0.196 seconds
[2021-10-21 16:06:21,786] {processor.py:163} INFO - Started process (PID=1511) to work on /home/airflow/.local/lib/python3.6/site-packages/airflow/example_dags/tutorial_etl_dag.py
[2021-10-21 16:06:21,790] {processor.py:620} INFO - Processing file /home/airflow/.local/lib/python3.6/site-packages/airflow/example_dags/tutorial_etl_dag.py for tasks to queue
[2021-10-21 16:06:21,792] {logging_mixin.py:109} INFO - [2021-10-21 16:06:21,792] {dagbag.py:500} INFO - Filling up the DagBag from /home/airflow/.local/lib/python3.6/site-packages/airflow/example_dags/tutorial_etl_dag.py
[2021-10-21 16:06:21,853] {processor.py:632} INFO - DAG(s) dict_keys(['tutorial_etl_dag']) retrieved from /home/airflow/.local/lib/python3.6/site-packages/airflow/example_dags/tutorial_etl_dag.py
[2021-10-21 16:06:21,884] {logging_mixin.py:109} INFO - [2021-10-21 16:06:21,884] {dag.py:2389} INFO - Sync 1 DAGs
[2021-10-21 16:06:21,911] {logging_mixin.py:109} INFO - [2021-10-21 16:06:21,910] {dag.py:2914} INFO - Setting next_dagrun for tutorial_etl_dag to None
[2021-10-21 16:06:21,930] {processor.py:171} INFO - Processing /home/airflow/.local/lib/python3.6/site-packages/airflow/example_dags/tutorial_etl_dag.py took 0.148 seconds
[2021-10-21 16:06:52,658] {processor.py:163} INFO - Started process (PID=1579) to work on /home/airflow/.local/lib/python3.6/site-packages/airflow/example_dags/tutorial_etl_dag.py
[2021-10-21 16:06:52,671] {processor.py:620} INFO - Processing file /home/airflow/.local/lib/python3.6/site-packages/airflow/example_dags/tutorial_etl_dag.py for tasks to queue
[2021-10-21 16:06:52,672] {logging_mixin.py:109} INFO - [2021-10-21 16:06:52,672] {dagbag.py:500} INFO - Filling up the DagBag from /home/airflow/.local/lib/python3.6/site-packages/airflow/example_dags/tutorial_etl_dag.py
[2021-10-21 16:06:52,746] {processor.py:632} INFO - DAG(s) dict_keys(['tutorial_etl_dag']) retrieved from /home/airflow/.local/lib/python3.6/site-packages/airflow/example_dags/tutorial_etl_dag.py
[2021-10-21 16:06:52,774] {logging_mixin.py:109} INFO - [2021-10-21 16:06:52,774] {dag.py:2389} INFO - Sync 1 DAGs
[2021-10-21 16:06:52,814] {logging_mixin.py:109} INFO - [2021-10-21 16:06:52,814] {dag.py:2914} INFO - Setting next_dagrun for tutorial_etl_dag to None
[2021-10-21 16:06:52,838] {processor.py:171} INFO - Processing /home/airflow/.local/lib/python3.6/site-packages/airflow/example_dags/tutorial_etl_dag.py took 0.186 seconds
